2025-02-17 21:30:37,614 - __main__ - INFO - Loading data...
2025-02-17 21:31:08,174 - __main__ - INFO - Loaded data from output_28_12_2024: X shape=(1034880, 9), y shape=(1034880, 4)
2025-02-17 21:31:08,292 - __main__ - INFO - Preprocessing and splitting data...
2025-02-17 21:31:08,691 - __main__ - INFO - Starting hyperparameter optimization...
2025-02-17 21:31:08,692 - __main__ - INFO - Starting hyperparameter optimization for c_mean_y
[I 2025-02-17 21:31:08,692] A new study created in memory with name: catboost-c_mean_y-seed42
[I 2025-02-17 21:31:13,449] Trial 0 finished with value: 0.9881959213057198 and parameters: {'learning_rate': 0.013264036357126694, 'depth': 4, 'l2_leaf_reg': 2.295734965231732, 'min_child_samples': 4}. Best is trial 0 with value: 0.9881959213057198.
[I 2025-02-17 21:31:21,696] Trial 1 finished with value: 0.8768067651629037 and parameters: {'learning_rate': 0.006799125008186152, 'depth': 13, 'l2_leaf_reg': 2.7572694080899005, 'min_child_samples': 32}. Best is trial 1 with value: 0.8768067651629037.
[I 2025-02-17 21:31:25,415] Trial 2 finished with value: 0.9782222356680775 and parameters: {'learning_rate': 0.011267134675103936, 'depth': 6, 'l2_leaf_reg': 0.9230824854455958, 'min_child_samples': 8}. Best is trial 1 with value: 0.8768067651629037.
[I 2025-02-17 21:31:28,451] Trial 3 finished with value: 0.9979053867381714 and parameters: {'learning_rate': 0.0127247511290937, 'depth': 1, 'l2_leaf_reg': 1.5295870336279787, 'min_child_samples': 32}. Best is trial 1 with value: 0.8768067651629037.
[I 2025-02-17 21:32:04,705] Trial 4 finished with value: 0.6076492277775177 and parameters: {'learning_rate': 0.01422433568783238, 'depth': 16, 'l2_leaf_reg': 1.360042947853956, 'min_child_samples': 1}. Best is trial 4 with value: 0.6076492277775177.
[I 2025-02-17 21:32:08,169] Trial 5 finished with value: 0.9932915920291038 and parameters: {'learning_rate': 0.011020329570452745, 'depth': 3, 'l2_leaf_reg': 0.05228319408364401, 'min_child_samples': 8}. Best is trial 4 with value: 0.6076492277775177.
[I 2025-02-17 21:32:11,527] Trial 6 finished with value: 0.9978530322160611 and parameters: {'learning_rate': 0.01334236238598649, 'depth': 1, 'l2_leaf_reg': 0.21956517250040686, 'min_child_samples': 4}. Best is trial 4 with value: 0.6076492277775177.
[I 2025-02-17 21:32:19,428] Trial 7 finished with value: 0.9256572664636411 and parameters: {'learning_rate': 0.003266648401315235, 'depth': 13, 'l2_leaf_reg': 0.08034206897238283, 'min_child_samples': 32}. Best is trial 4 with value: 0.6076492277775177.
[I 2025-02-17 21:32:31,464] Trial 8 finished with value: 0.7757219837977926 and parameters: {'learning_rate': 0.011069689680927076, 'depth': 14, 'l2_leaf_reg': 2.3107182641544926, 'min_child_samples': 1}. Best is trial 4 with value: 0.6076492277775177.
[I 2025-02-17 21:32:36,447] Trial 9 finished with value: 0.7944650825277848 and parameters: {'learning_rate': 0.01816365766088523, 'depth': 12, 'l2_leaf_reg': 1.5612340912684366, 'min_child_samples': 16}. Best is trial 4 with value: 0.6076492277775177.
[I 2025-02-17 21:33:13,979] Trial 10 finished with value: 0.5369726977435099 and parameters: {'learning_rate': 0.018688321437192935, 'depth': 16, 'l2_leaf_reg': 0.7634769045242956, 'min_child_samples': 1}. Best is trial 10 with value: 0.5369726977435099.
[I 2025-02-17 21:33:50,232] Trial 11 finished with value: 0.5234761625969772 and parameters: {'learning_rate': 0.019696794513697016, 'depth': 16, 'l2_leaf_reg': 0.8465593415501094, 'min_child_samples': 1}. Best is trial 11 with value: 0.5234761625969772.
[I 2025-02-17 21:33:53,281] Trial 12 finished with value: 0.9094197590037373 and parameters: {'learning_rate': 0.01940497315415919, 'depth': 9, 'l2_leaf_reg': 0.9943315940191764, 'min_child_samples': 1}. Best is trial 11 with value: 0.5234761625969772.
[I 2025-02-17 21:34:29,822] Trial 13 finished with value: 0.5662895684848313 and parameters: {'learning_rate': 0.016956097199883096, 'depth': 16, 'l2_leaf_reg': 0.6177150189780588, 'min_child_samples': 1}. Best is trial 11 with value: 0.5234761625969772.
[I 2025-02-17 21:34:33,835] Trial 14 finished with value: 0.8941547851097378 and parameters: {'learning_rate': 0.016422540320033128, 'depth': 10, 'l2_leaf_reg': 0.6906397074629799, 'min_child_samples': 1}. Best is trial 11 with value: 0.5234761625969772.
[I 2025-02-17 21:34:38,855] Trial 15 finished with value: 0.8325674598944297 and parameters: {'learning_rate': 0.01997101920818376, 'depth': 11, 'l2_leaf_reg': 1.0889281102856596, 'min_child_samples': 16}. Best is trial 11 with value: 0.5234761625969772.
[I 2025-02-17 21:34:42,340] Trial 16 finished with value: 0.959720482281796 and parameters: {'learning_rate': 0.01595966917124986, 'depth': 7, 'l2_leaf_reg': 0.4582789205356606, 'min_child_samples': 1}. Best is trial 11 with value: 0.5234761625969772.
[I 2025-02-17 21:35:02,628] Trial 17 finished with value: 0.7791656784550577 and parameters: {'learning_rate': 0.008062553727788089, 'depth': 15, 'l2_leaf_reg': 1.9871555409191284, 'min_child_samples': 1}. Best is trial 11 with value: 0.5234761625969772.
[I 2025-02-17 21:35:14,287] Trial 18 finished with value: 0.7209666839398985 and parameters: {'learning_rate': 0.015197340018614001, 'depth': 14, 'l2_leaf_reg': 1.3026390535174563, 'min_child_samples': 1}. Best is trial 11 with value: 0.5234761625969772.
[I 2025-02-17 21:35:50,313] Trial 19 finished with value: 0.8665253806239157 and parameters: {'learning_rate': 0.002819598903321268, 'depth': 16, 'l2_leaf_reg': 1.8100538746859702, 'min_child_samples': 16}. Best is trial 11 with value: 0.5234761625969772.
[I 2025-02-17 21:35:55,084] Trial 20 finished with value: 0.8469381269267736 and parameters: {'learning_rate': 0.017913209179738522, 'depth': 11, 'l2_leaf_reg': 0.43180860650783287, 'min_child_samples': 8}. Best is trial 11 with value: 0.5234761625969772.
[I 2025-02-17 21:36:30,696] Trial 21 finished with value: 0.5547025179719842 and parameters: {'learning_rate': 0.01743165386212664, 'depth': 16, 'l2_leaf_reg': 0.678554560441652, 'min_child_samples': 1}. Best is trial 11 with value: 0.5234761625969772.
[I 2025-02-17 21:36:42,307] Trial 22 finished with value: 0.6552674726047958 and parameters: {'learning_rate': 0.019991255331834913, 'depth': 14, 'l2_leaf_reg': 0.8171685363790666, 'min_child_samples': 1}. Best is trial 11 with value: 0.5234761625969772.
[I 2025-02-17 21:37:03,084] Trial 23 finished with value: 0.6228109895010047 and parameters: {'learning_rate': 0.017766184327739007, 'depth': 15, 'l2_leaf_reg': 1.1469842908737964, 'min_child_samples': 1}. Best is trial 11 with value: 0.5234761625969772.
[I 2025-02-17 21:37:38,764] Trial 24 finished with value: 0.5414196964812293 and parameters: {'learning_rate': 0.018436569659304108, 'depth': 16, 'l2_leaf_reg': 0.39791670244576005, 'min_child_samples': 1}. Best is trial 11 with value: 0.5234761625969772.
[I 2025-02-17 21:37:44,241] Trial 25 finished with value: 0.9904522587156914 and parameters: {'learning_rate': 0.0004425221553668278, 'depth': 12, 'l2_leaf_reg': 0.41872371499844663, 'min_child_samples': 4}. Best is trial 11 with value: 0.5234761625969772.
[I 2025-02-17 21:38:04,393] Trial 26 finished with value: 0.6060090611908738 and parameters: {'learning_rate': 0.01874254552440083, 'depth': 15, 'l2_leaf_reg': 0.31364447131821616, 'min_child_samples': 1}. Best is trial 11 with value: 0.5234761625969772.
[I 2025-02-17 21:38:11,613] Trial 27 finished with value: 0.7772485662285268 and parameters: {'learning_rate': 0.014718449621174514, 'depth': 13, 'l2_leaf_reg': 0.6402543258048672, 'min_child_samples': 1}. Best is trial 11 with value: 0.5234761625969772.
[I 2025-02-17 21:38:15,191] Trial 28 finished with value: 0.9641051435892971 and parameters: {'learning_rate': 0.009252307910710515, 'depth': 8, 'l2_leaf_reg': 0.8529482484964291, 'min_child_samples': 1}. Best is trial 11 with value: 0.5234761625969772.
[I 2025-02-17 21:38:35,081] Trial 29 finished with value: 0.6453984798435578 and parameters: {'learning_rate': 0.016078607670447956, 'depth': 15, 'l2_leaf_reg': 1.2477601266187763, 'min_child_samples': 4}. Best is trial 11 with value: 0.5234761625969772.
[I 2025-02-17 21:38:37,879] Trial 30 finished with value: 0.9828636529269215 and parameters: {'learning_rate': 0.012980741589647907, 'depth': 5, 'l2_leaf_reg': 0.23888283709730784, 'min_child_samples': 16}. Best is trial 11 with value: 0.5234761625969772.
[I 2025-02-17 21:39:14,628] Trial 31 finished with value: 0.5571460271725586 and parameters: {'learning_rate': 0.017143193548744207, 'depth': 16, 'l2_leaf_reg': 0.6467142928913088, 'min_child_samples': 1}. Best is trial 11 with value: 0.5234761625969772.
[I 2025-02-17 21:39:25,844] Trial 32 finished with value: 0.6767659801880994 and parameters: {'learning_rate': 0.018909982164167394, 'depth': 14, 'l2_leaf_reg': 2.8985982253222327, 'min_child_samples': 1}. Best is trial 11 with value: 0.5234761625969772.
[I 2025-02-17 21:40:02,015] Trial 33 finished with value: 0.542710653344452 and parameters: {'learning_rate': 0.01847359548879866, 'depth': 16, 'l2_leaf_reg': 0.829570919145719, 'min_child_samples': 32}. Best is trial 11 with value: 0.5234761625969772.
[I 2025-02-17 21:40:21,937] Trial 34 finished with value: 0.6062263632203659 and parameters: {'learning_rate': 0.018885107351667936, 'depth': 15, 'l2_leaf_reg': 0.9831916572751761, 'min_child_samples': 32}. Best is trial 11 with value: 0.5234761625969772.
[I 2025-02-17 21:40:29,748] Trial 35 finished with value: 0.7728871018804855 and parameters: {'learning_rate': 0.015338227407279095, 'depth': 13, 'l2_leaf_reg': 0.8452062351236187, 'min_child_samples': 32}. Best is trial 11 with value: 0.5234761625969772.
[I 2025-02-17 21:41:04,589] Trial 36 finished with value: 0.7621657495370213 and parameters: {'learning_rate': 0.006551418411984951, 'depth': 16, 'l2_leaf_reg': 1.5028998226761594, 'min_child_samples': 32}. Best is trial 11 with value: 0.5234761625969772.
[I 2025-02-17 21:41:09,494] Trial 37 finished with value: 0.8333504014547919 and parameters: {'learning_rate': 0.013955469161120945, 'depth': 12, 'l2_leaf_reg': 0.461445555838909, 'min_child_samples': 32}. Best is trial 11 with value: 0.5234761625969772.
[I 2025-02-17 21:41:13,437] Trial 38 finished with value: 0.992763562445355 and parameters: {'learning_rate': 0.01233525059567975, 'depth': 3, 'l2_leaf_reg': 0.0599502177178044, 'min_child_samples': 8}. Best is trial 11 with value: 0.5234761625969772.
[I 2025-02-17 21:41:25,466] Trial 39 finished with value: 0.6767862197420206 and parameters: {'learning_rate': 0.018549070846869284, 'depth': 14, 'l2_leaf_reg': 2.539972031473984, 'min_child_samples': 32}. Best is trial 11 with value: 0.5234761625969772.
[I 2025-02-17 21:41:33,942] Trial 40 finished with value: 0.7599969649582777 and parameters: {'learning_rate': 0.016542013397814966, 'depth': 13, 'l2_leaf_reg': 1.1168071582071764, 'min_child_samples': 4}. Best is trial 11 with value: 0.5234761625969772.
[I 2025-02-17 21:42:09,891] Trial 41 finished with value: 0.5579358385817343 and parameters: {'learning_rate': 0.017379371253404243, 'depth': 16, 'l2_leaf_reg': 0.7521788572459178, 'min_child_samples': 1}. Best is trial 11 with value: 0.5234761625969772.
[I 2025-02-17 21:42:46,316] Trial 42 finished with value: 0.5133998456180925 and parameters: {'learning_rate': 0.01997337632879122, 'depth': 16, 'l2_leaf_reg': 0.5509951581412214, 'min_child_samples': 1}. Best is trial 42 with value: 0.5133998456180925.
[I 2025-02-17 21:43:06,399] Trial 43 finished with value: 0.5865143860082489 and parameters: {'learning_rate': 0.019987434732635197, 'depth': 15, 'l2_leaf_reg': 0.5438175540987225, 'min_child_samples': 8}. Best is trial 42 with value: 0.5133998456180925.
[I 2025-02-17 21:43:25,542] Trial 44 finished with value: 0.6001654061701457 and parameters: {'learning_rate': 0.019066490178398447, 'depth': 15, 'l2_leaf_reg': 0.26765156281299757, 'min_child_samples': 32}. Best is trial 42 with value: 0.5133998456180925.
[I 2025-02-17 21:43:36,934] Trial 45 finished with value: 0.6776649937395738 and parameters: {'learning_rate': 0.018180469667872852, 'depth': 14, 'l2_leaf_reg': 0.17236469088036688, 'min_child_samples': 1}. Best is trial 42 with value: 0.5133998456180925.
[I 2025-02-17 21:44:13,174] Trial 46 finished with value: 0.5291265832822017 and parameters: {'learning_rate': 0.01918069688206402, 'depth': 16, 'l2_leaf_reg': 0.955339620872415, 'min_child_samples': 1}. Best is trial 42 with value: 0.5133998456180925.
[I 2025-02-17 21:44:49,607] Trial 47 finished with value: 0.5279573196885006 and parameters: {'learning_rate': 0.019492293919333832, 'depth': 16, 'l2_leaf_reg': 0.9871968258899334, 'min_child_samples': 1}. Best is trial 42 with value: 0.5133998456180925.
[I 2025-02-17 21:45:09,436] Trial 48 finished with value: 0.6013712156588048 and parameters: {'learning_rate': 0.019415648215170375, 'depth': 15, 'l2_leaf_reg': 1.7098186990653543, 'min_child_samples': 1}. Best is trial 42 with value: 0.5133998456180925.
[I 2025-02-17 21:45:20,891] Trial 49 finished with value: 0.6639660220530617 and parameters: {'learning_rate': 0.019472825077270522, 'depth': 14, 'l2_leaf_reg': 1.4141791453134336, 'min_child_samples': 1}. Best is trial 42 with value: 0.5133998456180925.
[I 2025-02-17 21:45:27,333] Trial 50 finished with value: 0.817209796424774 and parameters: {'learning_rate': 0.01576445589117844, 'depth': 12, 'l2_leaf_reg': 0.9753729933662763, 'min_child_samples': 1}. Best is trial 42 with value: 0.5133998456180925.
[I 2025-02-17 21:46:03,702] Trial 51 finished with value: 0.5650888711807226 and parameters: {'learning_rate': 0.01690685303033118, 'depth': 16, 'l2_leaf_reg': 0.5357779313989173, 'min_child_samples': 1}. Best is trial 42 with value: 0.5133998456180925.
[I 2025-02-17 21:46:39,737] Trial 52 finished with value: 0.5460969099367362 and parameters: {'learning_rate': 0.017974699059027592, 'depth': 16, 'l2_leaf_reg': 0.9545920885182183, 'min_child_samples': 1}. Best is trial 42 with value: 0.5133998456180925.
[I 2025-02-17 21:47:15,563] Trial 53 finished with value: 0.5231825893681702 and parameters: {'learning_rate': 0.019888240591407775, 'depth': 16, 'l2_leaf_reg': 1.2295987229130148, 'min_child_samples': 1}. Best is trial 42 with value: 0.5133998456180925.
[I 2025-02-17 21:47:34,897] Trial 54 finished with value: 0.59083009050712 and parameters: {'learning_rate': 0.01984082818047104, 'depth': 15, 'l2_leaf_reg': 1.2216152884592724, 'min_child_samples': 1}. Best is trial 42 with value: 0.5133998456180925.
[I 2025-02-17 21:47:46,823] Trial 55 finished with value: 0.6641510864399841 and parameters: {'learning_rate': 0.019458424493444156, 'depth': 14, 'l2_leaf_reg': 1.0407428611630616, 'min_child_samples': 1}. Best is trial 42 with value: 0.5133998456180925.
[I 2025-02-17 21:47:53,152] Trial 56 finished with value: 0.7519629184806107 and parameters: {'learning_rate': 0.01732881166488248, 'depth': 13, 'l2_leaf_reg': 1.3494090675930677, 'min_child_samples': 16}. Best is trial 42 with value: 0.5133998456180925.
[I 2025-02-17 21:48:28,822] Trial 57 finished with value: 0.7941241633378214 and parameters: {'learning_rate': 0.0051563113328879995, 'depth': 16, 'l2_leaf_reg': 1.1359730786092999, 'min_child_samples': 1}. Best is trial 42 with value: 0.5133998456180925.
[I 2025-02-17 21:48:31,314] Trial 58 finished with value: 0.9945853648119235 and parameters: {'learning_rate': 0.017863522543716398, 'depth': 2, 'l2_leaf_reg': 0.7679493244571505, 'min_child_samples': 1}. Best is trial 42 with value: 0.5133998456180925.
[I 2025-02-17 21:48:35,095] Trial 59 finished with value: 0.9104724312392294 and parameters: {'learning_rate': 0.01916845633675903, 'depth': 9, 'l2_leaf_reg': 0.8865440299474683, 'min_child_samples': 1}. Best is trial 42 with value: 0.5133998456180925.
[I 2025-02-17 21:48:55,863] Trial 60 finished with value: 0.7426594984236483 and parameters: {'learning_rate': 0.010160949483385744, 'depth': 15, 'l2_leaf_reg': 1.634715175542301, 'min_child_samples': 8}. Best is trial 42 with value: 0.5133998456180925.
[I 2025-02-17 21:49:31,741] Trial 61 finished with value: 0.5405434748954376 and parameters: {'learning_rate': 0.018440981350817127, 'depth': 16, 'l2_leaf_reg': 0.3533529321449806, 'min_child_samples': 1}. Best is trial 42 with value: 0.5133998456180925.
[I 2025-02-17 21:50:06,606] Trial 62 finished with value: 0.5665941972450732 and parameters: {'learning_rate': 0.01658201775657113, 'depth': 16, 'l2_leaf_reg': 0.7431373937507717, 'min_child_samples': 1}. Best is trial 42 with value: 0.5133998456180925.
[I 2025-02-17 21:50:26,885] Trial 63 finished with value: 0.6044366487252006 and parameters: {'learning_rate': 0.01850660315437544, 'depth': 15, 'l2_leaf_reg': 0.6107632131336755, 'min_child_samples': 1}. Best is trial 42 with value: 0.5133998456180925.
[I 2025-02-17 21:51:02,482] Trial 64 finished with value: 0.5139899522354628 and parameters: {'learning_rate': 0.019957364625425168, 'depth': 16, 'l2_leaf_reg': 0.5366529417505982, 'min_child_samples': 1}. Best is trial 42 with value: 0.5133998456180925.
[I 2025-02-17 21:51:05,344] Trial 65 finished with value: 0.9654298854145331 and parameters: {'learning_rate': 0.019828808202454078, 'depth': 6, 'l2_leaf_reg': 0.5107966276720074, 'min_child_samples': 4}. Best is trial 42 with value: 0.5133998456180925.
[I 2025-02-17 21:51:24,523] Trial 66 finished with value: 0.6019263413350039 and parameters: {'learning_rate': 0.01919183983141693, 'depth': 15, 'l2_leaf_reg': 1.1990926335505538, 'min_child_samples': 1}. Best is trial 42 with value: 0.5133998456180925.
[I 2025-02-17 21:51:35,566] Trial 67 finished with value: 0.6541401347959142 and parameters: {'learning_rate': 0.01985632884132539, 'depth': 14, 'l2_leaf_reg': 0.9077977285137417, 'min_child_samples': 1}. Best is trial 42 with value: 0.5133998456180925.
[I 2025-02-17 21:52:11,787] Trial 68 finished with value: 0.5535363664950923 and parameters: {'learning_rate': 0.017678799773354483, 'depth': 16, 'l2_leaf_reg': 1.4029394546019935, 'min_child_samples': 16}. Best is trial 42 with value: 0.5133998456180925.
[I 2025-02-17 21:52:47,286] Trial 69 finished with value: 0.5266080972019282 and parameters: {'learning_rate': 0.019139390760111025, 'depth': 16, 'l2_leaf_reg': 0.7056131660405673, 'min_child_samples': 1}. Best is trial 42 with value: 0.5133998456180925.
[I 2025-02-17 21:53:06,308] Trial 70 finished with value: 0.6041460126994264 and parameters: {'learning_rate': 0.01908161100160128, 'depth': 15, 'l2_leaf_reg': 1.0557649907225397, 'min_child_samples': 1}. Best is trial 42 with value: 0.5133998456180925.
[I 2025-02-17 21:53:41,878] Trial 71 finished with value: 0.5165243501274314 and parameters: {'learning_rate': 0.019998474131365074, 'depth': 16, 'l2_leaf_reg': 0.7174248270780528, 'min_child_samples': 1}. Best is trial 42 with value: 0.5133998456180925.
[I 2025-02-17 21:54:18,782] Trial 72 finished with value: 0.5259180871152273 and parameters: {'learning_rate': 0.019327715334922644, 'depth': 16, 'l2_leaf_reg': 0.5969320834438074, 'min_child_samples': 1}. Best is trial 42 with value: 0.5133998456180925.
[I 2025-02-17 21:54:55,417] Trial 73 finished with value: 0.5168255533768109 and parameters: {'learning_rate': 0.019982334335426198, 'depth': 16, 'l2_leaf_reg': 0.5885439837414966, 'min_child_samples': 1}. Best is trial 42 with value: 0.5133998456180925.
[I 2025-02-17 21:55:06,668] Trial 74 finished with value: 0.6776789090871033 and parameters: {'learning_rate': 0.018178099891973918, 'depth': 14, 'l2_leaf_reg': 0.16579447024846244, 'min_child_samples': 1}. Best is trial 42 with value: 0.5133998456180925.
[I 2025-02-17 21:55:26,287] Trial 75 finished with value: 0.6074288115158765 and parameters: {'learning_rate': 0.01860465049658102, 'depth': 15, 'l2_leaf_reg': 0.5957504811088422, 'min_child_samples': 1}. Best is trial 42 with value: 0.5133998456180925.
[I 2025-02-17 21:56:02,881] Trial 76 finished with value: 0.5638572575027788 and parameters: {'learning_rate': 0.01703276385300207, 'depth': 16, 'l2_leaf_reg': 0.6753044281796231, 'min_child_samples': 1}. Best is trial 42 with value: 0.5133998456180925.
[I 2025-02-17 21:56:23,031] Trial 77 finished with value: 0.5883396259200891 and parameters: {'learning_rate': 0.019970663727979607, 'depth': 15, 'l2_leaf_reg': 0.35710625454524214, 'min_child_samples': 1}. Best is trial 42 with value: 0.5133998456180925.
[I 2025-02-17 21:56:28,070] Trial 78 finished with value: 0.8893344698287341 and parameters: {'learning_rate': 0.011968615470233684, 'depth': 11, 'l2_leaf_reg': 0.44581927161026763, 'min_child_samples': 4}. Best is trial 42 with value: 0.5133998456180925.
[I 2025-02-17 21:57:04,712] Trial 79 finished with value: 0.554893481389649 and parameters: {'learning_rate': 0.017689754212234992, 'depth': 16, 'l2_leaf_reg': 2.121402060863913, 'min_child_samples': 1}. Best is trial 42 with value: 0.5133998456180925.
[I 2025-02-17 21:57:16,456] Trial 80 finished with value: 0.672161504566766 and parameters: {'learning_rate': 0.018590662411023334, 'depth': 14, 'l2_leaf_reg': 0.5413786592449017, 'min_child_samples': 8}. Best is trial 42 with value: 0.5133998456180925.
[I 2025-02-17 21:57:52,803] Trial 81 finished with value: 0.5301899123751448 and parameters: {'learning_rate': 0.019030814111691555, 'depth': 16, 'l2_leaf_reg': 0.7174091240245595, 'min_child_samples': 1}. Best is trial 42 with value: 0.5133998456180925.
[I 2025-02-17 21:58:29,019] Trial 82 finished with value: 0.5260196503111073 and parameters: {'learning_rate': 0.019603235185829432, 'depth': 16, 'l2_leaf_reg': 0.8057856647342838, 'min_child_samples': 1}. Best is trial 42 with value: 0.5133998456180925.
[I 2025-02-17 21:58:49,024] Trial 83 finished with value: 0.5875292147123309 and parameters: {'learning_rate': 0.01999886881306458, 'depth': 15, 'l2_leaf_reg': 0.8005714545326408, 'min_child_samples': 1}. Best is trial 42 with value: 0.5133998456180925.
