[I 2025-02-17 21:59:25,288] Trial 84 finished with value: 0.5235647212550459 and parameters: {'learning_rate': 0.01939978896668079, 'depth': 16, 'l2_leaf_reg': 0.5993093834375381, 'min_child_samples': 1}. Best is trial 42 with value: 0.5133998456180925.
[I 2025-02-17 21:59:44,962] Trial 85 finished with value: 0.5940670036588722 and parameters: {'learning_rate': 0.019454148806353735, 'depth': 15, 'l2_leaf_reg': 0.4911400397332688, 'min_child_samples': 1}. Best is trial 42 with value: 0.5133998456180925.
[I 2025-02-17 22:00:21,300] Trial 86 finished with value: 0.9690484842478951 and parameters: {'learning_rate': 0.0005164756877102522, 'depth': 16, 'l2_leaf_reg': 0.5809401392764757, 'min_child_samples': 1}. Best is trial 42 with value: 0.5133998456180925.
[I 2025-02-17 22:00:57,591] Trial 87 finished with value: 0.5423185011108022 and parameters: {'learning_rate': 0.018215894975867997, 'depth': 16, 'l2_leaf_reg': 0.29889122720368577, 'min_child_samples': 16}. Best is trial 42 with value: 0.5133998456180925.
[I 2025-02-17 22:01:16,820] Trial 88 finished with value: 0.6005466938516629 and parameters: {'learning_rate': 0.018788615723427195, 'depth': 15, 'l2_leaf_reg': 0.3866220728543205, 'min_child_samples': 1}. Best is trial 42 with value: 0.5133998456180925.
[I 2025-02-17 22:01:28,094] Trial 89 finished with value: 0.6600488848447078 and parameters: {'learning_rate': 0.019657298400781887, 'depth': 14, 'l2_leaf_reg': 0.835417596755715, 'min_child_samples': 1}. Best is trial 42 with value: 0.5133998456180925.
[I 2025-02-17 22:01:35,733] Trial 90 finished with value: 0.749230162020466 and parameters: {'learning_rate': 0.017506569606516864, 'depth': 13, 'l2_leaf_reg': 0.6609069996987116, 'min_child_samples': 1}. Best is trial 42 with value: 0.5133998456180925.
[I 2025-02-17 22:02:10,808] Trial 91 finished with value: 0.5309996432725396 and parameters: {'learning_rate': 0.01896096005919247, 'depth': 16, 'l2_leaf_reg': 0.7263921244508786, 'min_child_samples': 1}. Best is trial 42 with value: 0.5133998456180925.
[I 2025-02-17 22:02:45,502] Trial 92 finished with value: 0.5249542178735979 and parameters: {'learning_rate': 0.019454807688086856, 'depth': 16, 'l2_leaf_reg': 0.6290149953744845, 'min_child_samples': 1}. Best is trial 42 with value: 0.5133998456180925.
[I 2025-02-17 22:03:20,555] Trial 93 finished with value: 0.5203698144587076 and parameters: {'learning_rate': 0.0195622541709687, 'depth': 16, 'l2_leaf_reg': 0.4670360386004, 'min_child_samples': 1}. Best is trial 42 with value: 0.5133998456180925.
[I 2025-02-17 22:03:40,642] Trial 94 finished with value: 0.6168870682581272 and parameters: {'learning_rate': 0.018043504677477448, 'depth': 15, 'l2_leaf_reg': 0.46445819648777714, 'min_child_samples': 1}. Best is trial 42 with value: 0.5133998456180925.
[I 2025-02-17 22:04:17,177] Trial 95 finished with value: 0.5256625049225243 and parameters: {'learning_rate': 0.019459870940600237, 'depth': 16, 'l2_leaf_reg': 0.22714039422311838, 'min_child_samples': 1}. Best is trial 42 with value: 0.5133998456180925.
[I 2025-02-17 22:04:36,411] Trial 96 finished with value: 0.6022262556412531 and parameters: {'learning_rate': 0.018699687151229983, 'depth': 15, 'l2_leaf_reg': 0.11677537542602501, 'min_child_samples': 1}. Best is trial 42 with value: 0.5133998456180925.
[I 2025-02-17 22:05:12,255] Trial 97 finished with value: 0.7342347838888154 and parameters: {'learning_rate': 0.007722192734676281, 'depth': 16, 'l2_leaf_reg': 0.014958332651820228, 'min_child_samples': 1}. Best is trial 42 with value: 0.5133998456180925.
[I 2025-02-17 22:05:32,364] Trial 98 finished with value: 0.5866255050985655 and parameters: {'learning_rate': 0.01998766438099247, 'depth': 15, 'l2_leaf_reg': 0.2757474057484087, 'min_child_samples': 4}. Best is trial 42 with value: 0.5133998456180925.
[I 2025-02-17 22:06:08,325] Trial 99 finished with value: 0.5251102617315614 and parameters: {'learning_rate': 0.01952487374062154, 'depth': 16, 'l2_leaf_reg': 0.1676758212390529, 'min_child_samples': 8}. Best is trial 42 with value: 0.5133998456180925.
2025-02-17 22:06:08,326 - __main__ - INFO - Best RMSE: 0.5134
2025-02-17 22:06:08,326 - __main__ - INFO - Best parameters: {'learning_rate': 0.01997337632879122, 'depth': 16, 'l2_leaf_reg': 0.5509951581412214, 'min_child_samples': 1}
2025-02-17 22:06:08,326 - __main__ - INFO - Training final models...
2025-02-17 22:06:08,688 - __main__ - INFO - Training models for all target variables
2025-02-17 22:06:08,768 - __main__ - INFO - Training model for c_mean_y
2025-02-17 22:15:25,796 - __main__ - INFO - Training model for c_mean_z
2025-02-17 22:24:42,014 - __main__ - INFO - Training model for c_std_y
2025-02-17 22:34:00,894 - __main__ - INFO - Training model for c_std_z
2025-02-17 22:43:20,872 - __main__ - INFO - Evaluating models...
2025-02-17 22:43:21,066 - __main__ - INFO - c_mean_y - RMSE: 4.3808, R²: 0.9996
2025-02-17 22:43:21,068 - __main__ - INFO - c_mean_z - RMSE: 3.7128, R²: 0.9993
2025-02-17 22:43:21,069 - __main__ - INFO - c_std_y - RMSE: 4.1924, R²: 0.9950
2025-02-17 22:43:21,071 - __main__ - INFO - c_std_z - RMSE: 1.8351, R²: 0.9986
2025-02-17 22:43:27,219 - __main__ - INFO - Saving models...
2025-02-17 22:43:47,190 - __main__ - INFO - Model for c_mean_y saved to ./outputs/models/catboost_c_mean_y.cbm
2025-02-17 22:44:05,443 - __main__ - INFO - Model for c_mean_z saved to ./outputs/models/catboost_c_mean_z.cbm
2025-02-17 22:44:23,805 - __main__ - INFO - Model for c_std_y saved to ./outputs/models/catboost_c_std_y.cbm
2025-02-17 22:44:43,233 - __main__ - INFO - Model for c_std_z saved to ./outputs/models/catboost_c_std_z.cbm
2025-02-17 22:44:43,670 - __main__ - INFO - Target preprocessor saved to ./outputs/models/target_preprocessor.pkl
2025-02-17 22:44:43,670 - __main__ - INFO - Pipeline completed successfully!
                mse        r2      rmse
c_mean_z  13.785189  0.999329  3.712841
c_mean_y  19.191146  0.999644  4.380770
c_std_z    3.367733  0.998562  1.835138
c_std_y   17.576149  0.994989  4.192392
