[I 2025-03-12 17:04:43,759] Trial 192 finished with value: 0.27306981007570436 and parameters: {'learning_rate': 0.014624070988071416, 'depth': 13, 'l2_leaf_reg': 0.3225275495424121, 'min_child_samples': 16}. Best is trial 111 with value: 0.27189846600563594.
[I 2025-03-12 17:04:53,174] Trial 193 finished with value: 0.2742176102021701 and parameters: {'learning_rate': 0.014379267602117767, 'depth': 13, 'l2_leaf_reg': 2.3219148867841954, 'min_child_samples': 32}. Best is trial 111 with value: 0.27189846600563594.
[I 2025-03-12 17:05:02,572] Trial 194 finished with value: 0.2741180728776158 and parameters: {'learning_rate': 0.014386153763477336, 'depth': 13, 'l2_leaf_reg': 2.515574737751577, 'min_child_samples': 32}. Best is trial 111 with value: 0.27189846600563594.
[I 2025-03-12 17:05:11,783] Trial 195 finished with value: 0.27441746946695994 and parameters: {'learning_rate': 0.014736601763084058, 'depth': 13, 'l2_leaf_reg': 2.432740761400101, 'min_child_samples': 32}. Best is trial 111 with value: 0.27189846600563594.
[I 2025-03-12 17:05:20,492] Trial 196 finished with value: 0.27595567707828556 and parameters: {'learning_rate': 0.014200424286562508, 'depth': 13, 'l2_leaf_reg': 2.332286205247296, 'min_child_samples': 32}. Best is trial 111 with value: 0.27189846600563594.
[I 2025-03-12 17:05:25,106] Trial 197 finished with value: 0.2832882039574981 and parameters: {'learning_rate': 0.015249906288443379, 'depth': 12, 'l2_leaf_reg': 2.4078890071989525, 'min_child_samples': 32}. Best is trial 111 with value: 0.27189846600563594.
[I 2025-03-12 17:05:39,714] Trial 198 finished with value: 0.279349395553088 and parameters: {'learning_rate': 0.01584997852660553, 'depth': 14, 'l2_leaf_reg': 2.678059740964302, 'min_child_samples': 32}. Best is trial 111 with value: 0.27189846600563594.
[I 2025-03-12 17:05:47,452] Trial 199 finished with value: 0.2762131225462032 and parameters: {'learning_rate': 0.014579558805255695, 'depth': 13, 'l2_leaf_reg': 2.5017453580875326, 'min_child_samples': 32}. Best is trial 111 with value: 0.27189846600563594.
[I 2025-03-12 17:05:55,408] Trial 200 finished with value: 0.2769239432811655 and parameters: {'learning_rate': 0.013583111687589296, 'depth': 13, 'l2_leaf_reg': 2.77594170961454, 'min_child_samples': 32}. Best is trial 111 with value: 0.27189846600563594.
[I 2025-03-12 17:06:03,759] Trial 201 finished with value: 0.277435271660759 and parameters: {'learning_rate': 0.014748689935534354, 'depth': 13, 'l2_leaf_reg': 2.4244816517348675, 'min_child_samples': 32}. Best is trial 111 with value: 0.27189846600563594.
[I 2025-03-12 17:06:13,107] Trial 202 finished with value: 0.2760904165424726 and parameters: {'learning_rate': 0.014932667977792921, 'depth': 13, 'l2_leaf_reg': 2.5638372254377684, 'min_child_samples': 32}. Best is trial 111 with value: 0.27189846600563594.
[I 2025-03-12 17:06:21,739] Trial 203 finished with value: 0.27668678499606153 and parameters: {'learning_rate': 0.015326267968579449, 'depth': 13, 'l2_leaf_reg': 2.3820809903483844, 'min_child_samples': 32}. Best is trial 111 with value: 0.27189846600563594.
[I 2025-03-12 17:06:27,628] Trial 204 finished with value: 0.27911913471346456 and parameters: {'learning_rate': 0.01405423457955536, 'depth': 12, 'l2_leaf_reg': 2.3498303583121176, 'min_child_samples': 32}. Best is trial 111 with value: 0.27189846600563594.
[I 2025-03-12 17:06:36,791] Trial 205 finished with value: 0.2742903098062131 and parameters: {'learning_rate': 0.014358900720037617, 'depth': 13, 'l2_leaf_reg': 2.6279499026424347, 'min_child_samples': 32}. Best is trial 111 with value: 0.27189846600563594.
[I 2025-03-12 17:06:44,968] Trial 206 finished with value: 0.27769352913330236 and parameters: {'learning_rate': 0.01425024263173938, 'depth': 13, 'l2_leaf_reg': 2.6454608278867333, 'min_child_samples': 32}. Best is trial 111 with value: 0.27189846600563594.
[I 2025-03-12 17:06:58,642] Trial 207 finished with value: 0.2770950472153928 and parameters: {'learning_rate': 0.015766301689709234, 'depth': 14, 'l2_leaf_reg': 2.7914519455337907, 'min_child_samples': 32}. Best is trial 111 with value: 0.27189846600563594.
[I 2025-03-12 17:07:07,637] Trial 208 finished with value: 0.2748405928604423 and parameters: {'learning_rate': 0.013453002761316302, 'depth': 13, 'l2_leaf_reg': 2.2339840221503326, 'min_child_samples': 32}. Best is trial 111 with value: 0.27189846600563594.
[I 2025-03-12 17:07:23,358] Trial 209 finished with value: 0.2757662577631566 and parameters: {'learning_rate': 0.014413742059765687, 'depth': 14, 'l2_leaf_reg': 2.982775440648565, 'min_child_samples': 32}. Best is trial 111 with value: 0.27189846600563594.
[I 2025-03-12 17:07:31,557] Trial 210 finished with value: 0.2751317923378896 and parameters: {'learning_rate': 0.015178533741592195, 'depth': 13, 'l2_leaf_reg': 2.522871661237986, 'min_child_samples': 1}. Best is trial 111 with value: 0.27189846600563594.
[I 2025-03-12 17:07:40,902] Trial 211 finished with value: 0.2763752145353243 and parameters: {'learning_rate': 0.01474849358493656, 'depth': 13, 'l2_leaf_reg': 2.43071791682206, 'min_child_samples': 32}. Best is trial 111 with value: 0.27189846600563594.
[I 2025-03-12 17:07:49,585] Trial 212 finished with value: 0.27499476595378197 and parameters: {'learning_rate': 0.013799227583961383, 'depth': 13, 'l2_leaf_reg': 2.508074415881369, 'min_child_samples': 32}. Best is trial 111 with value: 0.27189846600563594.
[I 2025-03-12 17:07:55,043] Trial 213 finished with value: 0.2802546292670717 and parameters: {'learning_rate': 0.014796748287364367, 'depth': 12, 'l2_leaf_reg': 2.6103233707299855, 'min_child_samples': 32}. Best is trial 111 with value: 0.27189846600563594.
[I 2025-03-12 17:08:04,369] Trial 214 finished with value: 0.27425764156621685 and parameters: {'learning_rate': 0.015556231449964519, 'depth': 13, 'l2_leaf_reg': 2.4813842142400273, 'min_child_samples': 32}. Best is trial 111 with value: 0.27189846600563594.
[I 2025-03-12 17:08:13,655] Trial 215 finished with value: 0.27072508542975626 and parameters: {'learning_rate': 0.016187738069633483, 'depth': 13, 'l2_leaf_reg': 2.3051894108090454, 'min_child_samples': 32}. Best is trial 215 with value: 0.27072508542975626.
[I 2025-03-12 17:08:21,258] Trial 216 finished with value: 0.27637876883811724 and parameters: {'learning_rate': 0.01624310595023706, 'depth': 13, 'l2_leaf_reg': 2.3002424241296433, 'min_child_samples': 32}. Best is trial 215 with value: 0.27072508542975626.
[I 2025-03-12 17:08:30,589] Trial 217 finished with value: 0.2728150639051994 and parameters: {'learning_rate': 0.015608409300661024, 'depth': 13, 'l2_leaf_reg': 2.228176232185075, 'min_child_samples': 16}. Best is trial 215 with value: 0.27072508542975626.
[I 2025-03-12 17:08:35,754] Trial 218 finished with value: 0.28013035177948403 and parameters: {'learning_rate': 0.01681221574138485, 'depth': 12, 'l2_leaf_reg': 2.2310501237727065, 'min_child_samples': 16}. Best is trial 215 with value: 0.27072508542975626.
[I 2025-03-12 17:08:51,536] Trial 219 finished with value: 0.27645374504930986 and parameters: {'learning_rate': 0.016105207888431363, 'depth': 14, 'l2_leaf_reg': 2.11163989839761, 'min_child_samples': 16}. Best is trial 215 with value: 0.27072508542975626.
[I 2025-03-12 17:09:00,184] Trial 220 finished with value: 0.27501903622497365 and parameters: {'learning_rate': 0.015505832385472512, 'depth': 13, 'l2_leaf_reg': 2.316987989046383, 'min_child_samples': 16}. Best is trial 215 with value: 0.27072508542975626.
[I 2025-03-12 17:09:09,406] Trial 221 finished with value: 0.27676405178614893 and parameters: {'learning_rate': 0.01551486854019386, 'depth': 13, 'l2_leaf_reg': 2.270314336295374, 'min_child_samples': 16}. Best is trial 215 with value: 0.27072508542975626.
[I 2025-03-12 17:09:18,714] Trial 222 finished with value: 0.2755848041017911 and parameters: {'learning_rate': 0.015889952326724306, 'depth': 13, 'l2_leaf_reg': 2.2110394021842525, 'min_child_samples': 16}. Best is trial 215 with value: 0.27072508542975626.
[I 2025-03-12 17:09:20,115] Trial 223 finished with value: 0.379321384182958 and parameters: {'learning_rate': 0.016598121006969658, 'depth': 2, 'l2_leaf_reg': 0.3278099236744803, 'min_child_samples': 8}. Best is trial 215 with value: 0.27072508542975626.
[I 2025-03-12 17:09:28,592] Trial 224 finished with value: 0.27509596187508334 and parameters: {'learning_rate': 0.015391954067365607, 'depth': 13, 'l2_leaf_reg': 2.16823601377108, 'min_child_samples': 16}. Best is trial 215 with value: 0.27072508542975626.
[I 2025-03-12 17:09:37,845] Trial 225 finished with value: 0.2774347233867363 and parameters: {'learning_rate': 0.01507826448504011, 'depth': 13, 'l2_leaf_reg': 2.0948920760500966, 'min_child_samples': 16}. Best is trial 215 with value: 0.27072508542975626.
[I 2025-03-12 17:09:45,137] Trial 226 finished with value: 0.27469994428014016 and parameters: {'learning_rate': 0.016408680642831713, 'depth': 13, 'l2_leaf_reg': 0.407687764526239, 'min_child_samples': 16}. Best is trial 215 with value: 0.27072508542975626.
[I 2025-03-12 17:09:50,446] Trial 227 finished with value: 0.2801723252754225 and parameters: {'learning_rate': 0.01575357867078278, 'depth': 12, 'l2_leaf_reg': 2.3804536388575497, 'min_child_samples': 32}. Best is trial 215 with value: 0.27072508542975626.
[I 2025-03-12 17:10:05,979] Trial 228 finished with value: 0.29773153341201924 and parameters: {'learning_rate': 0.004709165403325664, 'depth': 14, 'l2_leaf_reg': 2.319237357826542, 'min_child_samples': 16}. Best is trial 215 with value: 0.27072508542975626.
[I 2025-03-12 17:10:13,645] Trial 229 finished with value: 0.2752211650933611 and parameters: {'learning_rate': 0.01700467881696208, 'depth': 13, 'l2_leaf_reg': 0.299592303951942, 'min_child_samples': 4}. Best is trial 215 with value: 0.27072508542975626.
[I 2025-03-12 17:10:16,547] Trial 230 finished with value: 0.29405144164603747 and parameters: {'learning_rate': 0.015055060019605599, 'depth': 9, 'l2_leaf_reg': 0.4867191844910762, 'min_child_samples': 16}. Best is trial 215 with value: 0.27072508542975626.
[I 2025-03-12 17:10:25,660] Trial 231 finished with value: 0.2740381554452715 and parameters: {'learning_rate': 0.014438572117967315, 'depth': 13, 'l2_leaf_reg': 0.3819282405845603, 'min_child_samples': 32}. Best is trial 215 with value: 0.27072508542975626.
[I 2025-03-12 17:10:34,243] Trial 232 finished with value: 0.27357914577754117 and parameters: {'learning_rate': 0.014521491727780667, 'depth': 13, 'l2_leaf_reg': 0.37565825281069737, 'min_child_samples': 32}. Best is trial 215 with value: 0.27072508542975626.
[I 2025-03-12 17:10:43,552] Trial 233 finished with value: 0.27554840214054654 and parameters: {'learning_rate': 0.014381147179566064, 'depth': 13, 'l2_leaf_reg': 0.3788722181426098, 'min_child_samples': 32}. Best is trial 215 with value: 0.27072508542975626.
[I 2025-03-12 17:10:52,117] Trial 234 finished with value: 0.2768539878678301 and parameters: {'learning_rate': 0.013970578683876004, 'depth': 13, 'l2_leaf_reg': 0.4214526652147721, 'min_child_samples': 32}. Best is trial 215 with value: 0.27072508542975626.
[I 2025-03-12 17:11:01,635] Trial 235 finished with value: 0.2744651990952132 and parameters: {'learning_rate': 0.014647480946799072, 'depth': 13, 'l2_leaf_reg': 0.25598034296980765, 'min_child_samples': 32}. Best is trial 215 with value: 0.27072508542975626.
[I 2025-03-12 17:11:10,773] Trial 236 finished with value: 0.27429744964356373 and parameters: {'learning_rate': 0.015004357215751355, 'depth': 13, 'l2_leaf_reg': 0.3056956206613653, 'min_child_samples': 16}. Best is trial 215 with value: 0.27072508542975626.
[I 2025-03-12 17:11:26,442] Trial 237 finished with value: 0.27477595933161797 and parameters: {'learning_rate': 0.01447541967605699, 'depth': 14, 'l2_leaf_reg': 0.3583331223105024, 'min_child_samples': 16}. Best is trial 215 with value: 0.27072508542975626.
[I 2025-03-12 17:11:35,249] Trial 238 finished with value: 0.2748161439855608 and parameters: {'learning_rate': 0.013962237024037103, 'depth': 13, 'l2_leaf_reg': 0.5713264903107828, 'min_child_samples': 32}. Best is trial 215 with value: 0.27072508542975626.
[I 2025-03-12 17:11:43,366] Trial 239 finished with value: 0.27509515123272477 and parameters: {'learning_rate': 0.015142563340320409, 'depth': 13, 'l2_leaf_reg': 0.43113421826108156, 'min_child_samples': 16}. Best is trial 215 with value: 0.27072508542975626.
[I 2025-03-12 17:11:48,786] Trial 240 finished with value: 0.281443435476501 and parameters: {'learning_rate': 0.01614785072409382, 'depth': 12, 'l2_leaf_reg': 0.4593776675245694, 'min_child_samples': 16}. Best is trial 215 with value: 0.27072508542975626.
[I 2025-03-12 17:11:56,026] Trial 241 finished with value: 0.2768628954478988 and parameters: {'learning_rate': 0.015514472490002167, 'depth': 13, 'l2_leaf_reg': 0.32666918898887726, 'min_child_samples': 32}. Best is trial 215 with value: 0.27072508542975626.
[I 2025-03-12 17:12:04,661] Trial 242 finished with value: 0.27362092531533383 and parameters: {'learning_rate': 0.014778448886809362, 'depth': 13, 'l2_leaf_reg': 0.5108727903614505, 'min_child_samples': 32}. Best is trial 215 with value: 0.27072508542975626.
[I 2025-03-12 17:12:13,990] Trial 243 finished with value: 0.27643985070976096 and parameters: {'learning_rate': 0.014796151013689366, 'depth': 13, 'l2_leaf_reg': 0.47775801178484195, 'min_child_samples': 32}. Best is trial 215 with value: 0.27072508542975626.
[I 2025-03-12 17:12:22,189] Trial 244 finished with value: 0.2778938578284614 and parameters: {'learning_rate': 0.014256798101540588, 'depth': 13, 'l2_leaf_reg': 0.5915243008236843, 'min_child_samples': 32}. Best is trial 215 with value: 0.27072508542975626.
[I 2025-03-12 17:12:31,100] Trial 245 finished with value: 0.2759099470611609 and parameters: {'learning_rate': 0.01466185583941959, 'depth': 13, 'l2_leaf_reg': 0.5422502198220758, 'min_child_samples': 32}. Best is trial 215 with value: 0.27072508542975626.
[I 2025-03-12 17:12:36,379] Trial 246 finished with value: 0.28012984059662005 and parameters: {'learning_rate': 0.015161331035406941, 'depth': 12, 'l2_leaf_reg': 0.3936666416673942, 'min_child_samples': 8}. Best is trial 215 with value: 0.27072508542975626.
[I 2025-03-12 17:12:44,755] Trial 247 finished with value: 0.2759854123620666 and parameters: {'learning_rate': 0.014489342042621428, 'depth': 13, 'l2_leaf_reg': 0.20848570501718133, 'min_child_samples': 16}. Best is trial 215 with value: 0.27072508542975626.
[I 2025-03-12 17:12:53,942] Trial 248 finished with value: 0.2790751111411703 and parameters: {'learning_rate': 0.007910498596303588, 'depth': 13, 'l2_leaf_reg': 2.1786832778381298, 'min_child_samples': 32}. Best is trial 215 with value: 0.27072508542975626.
[I 2025-03-12 17:13:08,054] Trial 249 finished with value: 0.279505997449169 and parameters: {'learning_rate': 0.01502105164775239, 'depth': 14, 'l2_leaf_reg': 0.520235126795245, 'min_child_samples': 16}. Best is trial 215 with value: 0.27072508542975626.
[I 2025-03-12 17:13:16,627] Trial 250 finished with value: 0.27615319453179976 and parameters: {'learning_rate': 0.013826446277308647, 'depth': 13, 'l2_leaf_reg': 0.43826847778539574, 'min_child_samples': 1}. Best is trial 215 with value: 0.27072508542975626.
[I 2025-03-12 17:13:25,181] Trial 251 finished with value: 0.27626671214153925 and parameters: {'learning_rate': 0.015903986287898603, 'depth': 13, 'l2_leaf_reg': 0.26606393985259386, 'min_child_samples': 16}. Best is trial 215 with value: 0.27072508542975626.
[I 2025-03-12 17:13:30,476] Trial 252 finished with value: 0.27962123996546184 and parameters: {'learning_rate': 0.015457350097098123, 'depth': 12, 'l2_leaf_reg': 0.6597899144802771, 'min_child_samples': 32}. Best is trial 215 with value: 0.27072508542975626.
[I 2025-03-12 17:13:46,147] Trial 253 finished with value: 0.278085514540585 and parameters: {'learning_rate': 0.014149139965465012, 'depth': 14, 'l2_leaf_reg': 0.37400654584171555, 'min_child_samples': 16}. Best is trial 215 with value: 0.27072508542975626.
[I 2025-03-12 17:13:53,882] Trial 254 finished with value: 0.27691419291248365 and parameters: {'learning_rate': 0.01477286050179024, 'depth': 13, 'l2_leaf_reg': 2.2596068337985185, 'min_child_samples': 16}. Best is trial 215 with value: 0.27072508542975626.
[I 2025-03-12 17:14:03,007] Trial 255 finished with value: 0.27401599215068606 and parameters: {'learning_rate': 0.01327181882553395, 'depth': 13, 'l2_leaf_reg': 0.5170371862116535, 'min_child_samples': 16}. Best is trial 215 with value: 0.27072508542975626.
[I 2025-03-12 17:14:12,270] Trial 256 finished with value: 0.273769407108511 and parameters: {'learning_rate': 0.013115675969026781, 'depth': 13, 'l2_leaf_reg': 0.5139058161695775, 'min_child_samples': 16}. Best is trial 215 with value: 0.27072508542975626.
[I 2025-03-12 17:14:18,109] Trial 257 finished with value: 0.2788386527670804 and parameters: {'learning_rate': 0.013227589724497321, 'depth': 12, 'l2_leaf_reg': 0.5388103054989171, 'min_child_samples': 16}. Best is trial 215 with value: 0.27072508542975626.
[I 2025-03-12 17:14:33,824] Trial 258 finished with value: 0.2761113972931074 and parameters: {'learning_rate': 0.013452886714113859, 'depth': 14, 'l2_leaf_reg': 0.4909585786599621, 'min_child_samples': 16}. Best is trial 215 with value: 0.27072508542975626.
[I 2025-03-12 17:14:43,084] Trial 259 finished with value: 0.2758954098316589 and parameters: {'learning_rate': 0.01275970058402158, 'depth': 13, 'l2_leaf_reg': 0.5760329051165022, 'min_child_samples': 16}. Best is trial 215 with value: 0.27072508542975626.
[I 2025-03-12 17:14:50,768] Trial 260 finished with value: 0.2738324602085632 and parameters: {'learning_rate': 0.016201175269906283, 'depth': 13, 'l2_leaf_reg': 0.640575798547024, 'min_child_samples': 16}. Best is trial 215 with value: 0.27072508542975626.
[I 2025-03-12 17:15:00,090] Trial 261 finished with value: 0.2744085637043216 and parameters: {'learning_rate': 0.016139900795900126, 'depth': 13, 'l2_leaf_reg': 0.6229666625603525, 'min_child_samples': 16}. Best is trial 215 with value: 0.27072508542975626.
[I 2025-03-12 17:15:07,534] Trial 262 finished with value: 0.2799256981505335 and parameters: {'learning_rate': 0.015649150249938473, 'depth': 13, 'l2_leaf_reg': 0.7278624216625444, 'min_child_samples': 16}. Best is trial 215 with value: 0.27072508542975626.
[I 2025-03-12 17:15:23,200] Trial 263 finished with value: 0.27778516815183374 and parameters: {'learning_rate': 0.015406444809709628, 'depth': 14, 'l2_leaf_reg': 0.5007849744822137, 'min_child_samples': 16}. Best is trial 215 with value: 0.27072508542975626.
[I 2025-03-12 17:15:32,383] Trial 264 finished with value: 0.2771857607428585 and parameters: {'learning_rate': 0.012394372852381657, 'depth': 13, 'l2_leaf_reg': 0.6572145936063342, 'min_child_samples': 16}. Best is trial 215 with value: 0.27072508542975626.
[I 2025-03-12 17:15:37,169] Trial 265 finished with value: 0.2809875787729781 and parameters: {'learning_rate': 0.015917147538307908, 'depth': 12, 'l2_leaf_reg': 2.0110843652885446, 'min_child_samples': 16}. Best is trial 215 with value: 0.27072508542975626.
[I 2025-03-12 17:15:46,308] Trial 266 finished with value: 0.27616253128893814 and parameters: {'learning_rate': 0.013113239751597823, 'depth': 13, 'l2_leaf_reg': 0.5927351849068925, 'min_child_samples': 16}. Best is trial 215 with value: 0.27072508542975626.
[I 2025-03-12 17:15:51,731] Trial 267 finished with value: 0.27930983972948303 and parameters: {'learning_rate': 0.0150959420829916, 'depth': 12, 'l2_leaf_reg': 0.4519478960204709, 'min_child_samples': 16}. Best is trial 215 with value: 0.27072508542975626.
[I 2025-03-12 17:15:59,852] Trial 268 finished with value: 0.27847749972192765 and parameters: {'learning_rate': 0.01370588406565472, 'depth': 13, 'l2_leaf_reg': 0.40911278140806623, 'min_child_samples': 16}. Best is trial 215 with value: 0.27072508542975626.
[I 2025-03-12 17:16:09,074] Trial 269 finished with value: 0.27510408791680585 and parameters: {'learning_rate': 0.01645663624151447, 'depth': 13, 'l2_leaf_reg': 0.46894657174993537, 'min_child_samples': 8}. Best is trial 215 with value: 0.27072508542975626.
[I 2025-03-12 17:16:11,063] Trial 270 finished with value: 0.3112890240334483 and parameters: {'learning_rate': 0.014781393402116282, 'depth': 6, 'l2_leaf_reg': 0.5320722453898081, 'min_child_samples': 16}. Best is trial 215 with value: 0.27072508542975626.
[I 2025-03-12 17:16:24,088] Trial 271 finished with value: 0.2797139648436883 and parameters: {'learning_rate': 0.015294264836765643, 'depth': 14, 'l2_leaf_reg': 0.5243712139940571, 'min_child_samples': 16}. Best is trial 215 with value: 0.27072508542975626.
[I 2025-03-12 17:16:31,881] Trial 272 finished with value: 0.2758237453999055 and parameters: {'learning_rate': 0.01570775258427002, 'depth': 13, 'l2_leaf_reg': 1.8960921578350827, 'min_child_samples': 4}. Best is trial 215 with value: 0.27072508542975626.
[I 2025-03-12 17:17:27,600] Trial 273 finished with value: 0.2958400956606588 and parameters: {'learning_rate': 0.014025562429779254, 'depth': 16, 'l2_leaf_reg': 0.011012482137720742, 'min_child_samples': 16}. Best is trial 215 with value: 0.27072508542975626.
[I 2025-03-12 17:17:35,847] Trial 274 finished with value: 0.2758960356687277 and parameters: {'learning_rate': 0.014966221129486547, 'depth': 13, 'l2_leaf_reg': 2.911894285300323, 'min_child_samples': 16}. Best is trial 215 with value: 0.27072508542975626.
[I 2025-03-12 17:17:51,708] Trial 275 finished with value: 0.2764076727629341 and parameters: {'learning_rate': 0.016156716675232927, 'depth': 14, 'l2_leaf_reg': 0.3417491430177397, 'min_child_samples': 16}. Best is trial 215 with value: 0.27072508542975626.
