[I 2025-03-12 19:44:15,242] Trial 384 finished with value: 0.4866773639435513 and parameters: {'learning_rate': 0.008321261808947556, 'depth': 10, 'l2_leaf_reg': 2.762431776237305, 'min_child_samples': 32}. Best is trial 145 with value: 0.4654714271085222.
[I 2025-03-12 19:44:19,653] Trial 385 finished with value: 0.4726200308912652 and parameters: {'learning_rate': 0.019620522862709572, 'depth': 11, 'l2_leaf_reg': 2.8759949548754222, 'min_child_samples': 1}. Best is trial 145 with value: 0.4654714271085222.
[I 2025-03-12 19:44:22,812] Trial 386 finished with value: 0.46753793258937903 and parameters: {'learning_rate': 0.019093165692875485, 'depth': 9, 'l2_leaf_reg': 0.8242939250434245, 'min_child_samples': 1}. Best is trial 145 with value: 0.4654714271085222.
[I 2025-03-12 19:44:25,503] Trial 387 finished with value: 0.4682410142322121 and parameters: {'learning_rate': 0.019623547706552613, 'depth': 8, 'l2_leaf_reg': 0.9437694856249513, 'min_child_samples': 1}. Best is trial 145 with value: 0.4654714271085222.
[I 2025-03-12 19:44:28,369] Trial 388 finished with value: 0.4686710230239454 and parameters: {'learning_rate': 0.019278468987592993, 'depth': 9, 'l2_leaf_reg': 0.44286271433819774, 'min_child_samples': 16}. Best is trial 145 with value: 0.4654714271085222.
[I 2025-03-12 19:44:31,489] Trial 389 finished with value: 0.46720038423824584 and parameters: {'learning_rate': 0.019981394733323714, 'depth': 9, 'l2_leaf_reg': 0.757374369096692, 'min_child_samples': 1}. Best is trial 145 with value: 0.4654714271085222.
[I 2025-03-12 19:44:34,986] Trial 390 finished with value: 0.47268916217004137 and parameters: {'learning_rate': 0.013372052479391612, 'depth': 10, 'l2_leaf_reg': 0.37008001895971754, 'min_child_samples': 1}. Best is trial 145 with value: 0.4654714271085222.
[I 2025-03-12 19:44:37,444] Trial 391 finished with value: 0.4702358925861808 and parameters: {'learning_rate': 0.01806480085793954, 'depth': 8, 'l2_leaf_reg': 2.125954260800521, 'min_child_samples': 1}. Best is trial 145 with value: 0.4654714271085222.
[I 2025-03-12 19:44:40,675] Trial 392 finished with value: 0.46861181992946827 and parameters: {'learning_rate': 0.0186356418876423, 'depth': 9, 'l2_leaf_reg': 0.8929026147913842, 'min_child_samples': 1}. Best is trial 145 with value: 0.4654714271085222.
[I 2025-03-12 19:44:43,622] Trial 393 finished with value: 0.4697959249788597 and parameters: {'learning_rate': 0.01965210985682521, 'depth': 9, 'l2_leaf_reg': 2.6161953116929855, 'min_child_samples': 1}. Best is trial 145 with value: 0.4654714271085222.
[I 2025-03-12 19:44:47,087] Trial 394 finished with value: 0.4694677794209665 and parameters: {'learning_rate': 0.01893975983172825, 'depth': 10, 'l2_leaf_reg': 2.2709697234455817, 'min_child_samples': 1}. Best is trial 145 with value: 0.4654714271085222.
[I 2025-03-12 19:44:50,037] Trial 395 finished with value: 0.5117574284852396 and parameters: {'learning_rate': 0.006500767908470438, 'depth': 9, 'l2_leaf_reg': 2.2142387972147626, 'min_child_samples': 16}. Best is trial 145 with value: 0.4654714271085222.
[I 2025-03-12 19:44:53,798] Trial 396 finished with value: 0.4690722139923329 and parameters: {'learning_rate': 0.019350000444682672, 'depth': 10, 'l2_leaf_reg': 1.059349440711823, 'min_child_samples': 1}. Best is trial 145 with value: 0.4654714271085222.
[I 2025-03-12 19:44:56,387] Trial 397 finished with value: 0.4674388268113885 and parameters: {'learning_rate': 0.019977503789348025, 'depth': 8, 'l2_leaf_reg': 1.004773844725076, 'min_child_samples': 1}. Best is trial 145 with value: 0.4654714271085222.
[I 2025-03-12 19:44:59,488] Trial 398 finished with value: 0.4671522961225531 and parameters: {'learning_rate': 0.019044099880735105, 'depth': 9, 'l2_leaf_reg': 2.3114697768393055, 'min_child_samples': 1}. Best is trial 145 with value: 0.4654714271085222.
[I 2025-03-12 19:45:02,505] Trial 399 finished with value: 0.4676196445817861 and parameters: {'learning_rate': 0.01845783250398666, 'depth': 9, 'l2_leaf_reg': 2.316295750212918, 'min_child_samples': 1}. Best is trial 145 with value: 0.4654714271085222.
[I 2025-03-12 19:45:05,707] Trial 400 finished with value: 0.46953941099843194 and parameters: {'learning_rate': 0.01895551166329024, 'depth': 9, 'l2_leaf_reg': 2.3918778547095245, 'min_child_samples': 1}. Best is trial 145 with value: 0.4654714271085222.
[I 2025-03-12 19:45:08,768] Trial 401 finished with value: 0.4681367573064953 and parameters: {'learning_rate': 0.01921734392552022, 'depth': 9, 'l2_leaf_reg': 2.482499843474736, 'min_child_samples': 1}. Best is trial 145 with value: 0.4654714271085222.
[I 2025-03-12 19:45:11,881] Trial 402 finished with value: 0.46856163495220526 and parameters: {'learning_rate': 0.018011443143040425, 'depth': 9, 'l2_leaf_reg': 2.319181819867061, 'min_child_samples': 1}. Best is trial 145 with value: 0.4654714271085222.
[I 2025-03-12 19:45:15,301] Trial 403 finished with value: 0.4701023889847098 and parameters: {'learning_rate': 0.01864203054920396, 'depth': 10, 'l2_leaf_reg': 0.6376811690140913, 'min_child_samples': 1}. Best is trial 145 with value: 0.4654714271085222.
[I 2025-03-12 19:45:18,475] Trial 404 finished with value: 0.4672094954159947 and parameters: {'learning_rate': 0.01969073923242426, 'depth': 9, 'l2_leaf_reg': 2.547089141167589, 'min_child_samples': 1}. Best is trial 145 with value: 0.4654714271085222.
[I 2025-03-12 19:45:22,377] Trial 405 finished with value: 0.4707645021892792 and parameters: {'learning_rate': 0.01898710271955297, 'depth': 10, 'l2_leaf_reg': 0.7330310186396809, 'min_child_samples': 1}. Best is trial 145 with value: 0.4654714271085222.
[I 2025-03-12 19:45:25,125] Trial 406 finished with value: 0.4690456858690841 and parameters: {'learning_rate': 0.019358884466223535, 'depth': 9, 'l2_leaf_reg': 2.4028077141944655, 'min_child_samples': 1}. Best is trial 145 with value: 0.4654714271085222.
[I 2025-03-12 19:45:28,250] Trial 407 finished with value: 0.46814975551928895 and parameters: {'learning_rate': 0.018516545509425327, 'depth': 9, 'l2_leaf_reg': 0.8260214548453196, 'min_child_samples': 1}. Best is trial 145 with value: 0.4654714271085222.
[I 2025-03-12 19:45:31,043] Trial 408 finished with value: 0.4685680264234656 and parameters: {'learning_rate': 0.019990093971096284, 'depth': 9, 'l2_leaf_reg': 0.5338158537041042, 'min_child_samples': 1}. Best is trial 145 with value: 0.4654714271085222.
[I 2025-03-12 19:45:34,132] Trial 409 finished with value: 0.4680694782905538 and parameters: {'learning_rate': 0.01961287337925866, 'depth': 9, 'l2_leaf_reg': 2.3639356307660173, 'min_child_samples': 16}. Best is trial 145 with value: 0.4654714271085222.
[I 2025-03-12 19:45:37,641] Trial 410 finished with value: 0.4696535477116137 and parameters: {'learning_rate': 0.019021528042875227, 'depth': 10, 'l2_leaf_reg': 0.8587505514026231, 'min_child_samples': 1}. Best is trial 145 with value: 0.4654714271085222.
[I 2025-03-12 19:45:40,585] Trial 411 finished with value: 0.4690261143046804 and parameters: {'learning_rate': 0.01823231585604059, 'depth': 9, 'l2_leaf_reg': 2.2389224767637868, 'min_child_samples': 32}. Best is trial 145 with value: 0.4654714271085222.
[I 2025-03-12 19:45:44,090] Trial 412 finished with value: 0.46994458845419973 and parameters: {'learning_rate': 0.01933319891080456, 'depth': 10, 'l2_leaf_reg': 2.2807332932725064, 'min_child_samples': 1}. Best is trial 145 with value: 0.4654714271085222.
[I 2025-03-12 19:45:47,204] Trial 413 finished with value: 0.46875730446763497 and parameters: {'learning_rate': 0.01872558395307828, 'depth': 9, 'l2_leaf_reg': 2.451743469221472, 'min_child_samples': 1}. Best is trial 145 with value: 0.4654714271085222.
[I 2025-03-12 19:45:50,326] Trial 414 finished with value: 0.4685155838111357 and parameters: {'learning_rate': 0.01999459854170603, 'depth': 9, 'l2_leaf_reg': 2.3423313044439675, 'min_child_samples': 1}. Best is trial 145 with value: 0.4654714271085222.
[I 2025-03-12 19:45:53,617] Trial 415 finished with value: 0.47116597976148983 and parameters: {'learning_rate': 0.014716152706960554, 'depth': 9, 'l2_leaf_reg': 0.6622333839007609, 'min_child_samples': 1}. Best is trial 145 with value: 0.4654714271085222.
[I 2025-03-12 19:45:56,864] Trial 416 finished with value: 0.47637901405348754 and parameters: {'learning_rate': 0.010630671559129416, 'depth': 10, 'l2_leaf_reg': 0.9505782120689568, 'min_child_samples': 1}. Best is trial 145 with value: 0.4654714271085222.
[I 2025-03-12 19:45:59,986] Trial 417 finished with value: 0.4674358231188128 and parameters: {'learning_rate': 0.01957243493207128, 'depth': 9, 'l2_leaf_reg': 0.7924562321892397, 'min_child_samples': 16}. Best is trial 145 with value: 0.4654714271085222.
[I 2025-03-12 19:46:03,050] Trial 418 finished with value: 0.4671981239216892 and parameters: {'learning_rate': 0.01915824865584781, 'depth': 9, 'l2_leaf_reg': 2.4264009034896477, 'min_child_samples': 1}. Best is trial 145 with value: 0.4654714271085222.
[I 2025-03-12 19:46:05,656] Trial 419 finished with value: 0.4704387740031012 and parameters: {'learning_rate': 0.017619317147767558, 'depth': 8, 'l2_leaf_reg': 1.139479767050814, 'min_child_samples': 1}. Best is trial 145 with value: 0.4654714271085222.
[I 2025-03-12 19:46:10,246] Trial 420 finished with value: 0.47197650777192307 and parameters: {'learning_rate': 0.01959799190977047, 'depth': 11, 'l2_leaf_reg': 0.69936100961587, 'min_child_samples': 1}. Best is trial 145 with value: 0.4654714271085222.
[I 2025-03-12 19:46:13,765] Trial 421 finished with value: 0.4688706478211841 and parameters: {'learning_rate': 0.018915167835219463, 'depth': 10, 'l2_leaf_reg': 0.9045672918207239, 'min_child_samples': 1}. Best is trial 145 with value: 0.4654714271085222.
[I 2025-03-12 19:46:16,701] Trial 422 finished with value: 0.4686291661996637 and parameters: {'learning_rate': 0.019326365502903713, 'depth': 9, 'l2_leaf_reg': 2.279648190419741, 'min_child_samples': 1}. Best is trial 145 with value: 0.4654714271085222.
[I 2025-03-12 19:46:19,737] Trial 423 finished with value: 0.46834106854709806 and parameters: {'learning_rate': 0.018361938973267638, 'depth': 9, 'l2_leaf_reg': 0.5759402708236351, 'min_child_samples': 8}. Best is trial 145 with value: 0.4654714271085222.
[I 2025-03-12 19:46:22,745] Trial 424 finished with value: 0.46831830892017523 and parameters: {'learning_rate': 0.019723755668868147, 'depth': 9, 'l2_leaf_reg': 2.5184064255223158, 'min_child_samples': 1}. Best is trial 145 with value: 0.4654714271085222.
[I 2025-03-12 19:46:25,532] Trial 425 finished with value: 0.4686970853708612 and parameters: {'learning_rate': 0.01904840495657822, 'depth': 8, 'l2_leaf_reg': 2.183257078435518, 'min_child_samples': 16}. Best is trial 145 with value: 0.4654714271085222.
[I 2025-03-12 19:46:28,412] Trial 426 finished with value: 0.4695415295668097 and parameters: {'learning_rate': 0.018662624122207615, 'depth': 9, 'l2_leaf_reg': 2.3580189010954378, 'min_child_samples': 1}. Best is trial 145 with value: 0.4654714271085222.
[I 2025-03-12 19:46:32,186] Trial 427 finished with value: 0.4682101100647781 and parameters: {'learning_rate': 0.019350843143919157, 'depth': 10, 'l2_leaf_reg': 1.008814244944532, 'min_child_samples': 1}. Best is trial 145 with value: 0.4654714271085222.
[I 2025-03-12 19:46:35,278] Trial 428 finished with value: 0.4689818919599991 and parameters: {'learning_rate': 0.019633364621974635, 'depth': 9, 'l2_leaf_reg': 2.2382900135229193, 'min_child_samples': 1}. Best is trial 145 with value: 0.4654714271085222.
[I 2025-03-12 19:46:44,701] Trial 429 finished with value: 0.4908759914837992 and parameters: {'learning_rate': 0.019981763784993944, 'depth': 13, 'l2_leaf_reg': 0.738917313826975, 'min_child_samples': 1}. Best is trial 145 with value: 0.4654714271085222.
[I 2025-03-12 19:46:47,730] Trial 430 finished with value: 1.553525869417354 and parameters: {'learning_rate': 0.00014022867000243813, 'depth': 9, 'l2_leaf_reg': 2.3196169646489198, 'min_child_samples': 8}. Best is trial 145 with value: 0.4654714271085222.
[I 2025-03-12 19:46:51,413] Trial 431 finished with value: 0.470652466826907 and parameters: {'learning_rate': 0.018940922275295605, 'depth': 10, 'l2_leaf_reg': 0.8606928295934039, 'min_child_samples': 1}. Best is trial 145 with value: 0.4654714271085222.
[I 2025-03-12 19:46:57,749] Trial 432 finished with value: 0.4762240169772692 and parameters: {'learning_rate': 0.01798700752469419, 'depth': 12, 'l2_leaf_reg': 2.46062812777806, 'min_child_samples': 1}. Best is trial 145 with value: 0.4654714271085222.
[I 2025-03-12 19:46:59,513] Trial 433 finished with value: 0.6403886689166065 and parameters: {'learning_rate': 0.019207500077235058, 'depth': 2, 'l2_leaf_reg': 2.3812652509564436, 'min_child_samples': 32}. Best is trial 145 with value: 0.4654714271085222.
[I 2025-03-12 19:47:02,207] Trial 434 finished with value: 0.47056394239561106 and parameters: {'learning_rate': 0.01850379296511969, 'depth': 8, 'l2_leaf_reg': 2.2395780077283876, 'min_child_samples': 1}. Best is trial 145 with value: 0.4654714271085222.
[I 2025-03-12 19:47:05,268] Trial 435 finished with value: 0.46842544252209034 and parameters: {'learning_rate': 0.019628480118175064, 'depth': 9, 'l2_leaf_reg': 0.7951515158788747, 'min_child_samples': 16}. Best is trial 145 with value: 0.4654714271085222.
[I 2025-03-12 19:47:08,174] Trial 436 finished with value: 0.46939918637108824 and parameters: {'learning_rate': 0.01937881047715297, 'depth': 9, 'l2_leaf_reg': 2.303202034757109, 'min_child_samples': 1}. Best is trial 145 with value: 0.4654714271085222.
[I 2025-03-12 19:47:11,033] Trial 437 finished with value: 0.46857356985460163 and parameters: {'learning_rate': 0.018798299491127147, 'depth': 9, 'l2_leaf_reg': 2.550111305192241, 'min_child_samples': 8}. Best is trial 145 with value: 0.4654714271085222.
[I 2025-03-12 19:47:14,746] Trial 438 finished with value: 0.46984909793400476 and parameters: {'learning_rate': 0.019714933871771263, 'depth': 10, 'l2_leaf_reg': 0.669659947444647, 'min_child_samples': 1}. Best is trial 145 with value: 0.4654714271085222.
[I 2025-03-12 19:47:17,406] Trial 439 finished with value: 0.4690583020081331 and parameters: {'learning_rate': 0.019237717565176993, 'depth': 8, 'l2_leaf_reg': 0.20461546801444486, 'min_child_samples': 1}. Best is trial 145 with value: 0.4654714271085222.
[I 2025-03-12 19:47:20,493] Trial 440 finished with value: 0.4679827253824303 and parameters: {'learning_rate': 0.019966846286387833, 'depth': 9, 'l2_leaf_reg': 2.4264016663739305, 'min_child_samples': 1}. Best is trial 145 with value: 0.4654714271085222.
[I 2025-03-12 19:47:23,489] Trial 441 finished with value: 0.466926915166622 and parameters: {'learning_rate': 0.018329479156984695, 'depth': 9, 'l2_leaf_reg': 2.637373703825155, 'min_child_samples': 1}. Best is trial 145 with value: 0.4654714271085222.
[I 2025-03-12 19:47:27,389] Trial 442 finished with value: 0.4683748931939122 and parameters: {'learning_rate': 0.017856368584402756, 'depth': 10, 'l2_leaf_reg': 2.610577317332235, 'min_child_samples': 1}. Best is trial 145 with value: 0.4654714271085222.
[I 2025-03-12 19:47:30,273] Trial 443 finished with value: 0.47102552906601797 and parameters: {'learning_rate': 0.01829491612620349, 'depth': 9, 'l2_leaf_reg': 2.137884370871194, 'min_child_samples': 1}. Best is trial 145 with value: 0.4654714271085222.
[I 2025-03-12 19:47:32,916] Trial 444 finished with value: 0.4700122001320271 and parameters: {'learning_rate': 0.01689186439072232, 'depth': 8, 'l2_leaf_reg': 2.64068400848875, 'min_child_samples': 16}. Best is trial 145 with value: 0.4654714271085222.
[I 2025-03-12 19:47:35,987] Trial 445 finished with value: 0.469735583642378 and parameters: {'learning_rate': 0.018165194829141435, 'depth': 9, 'l2_leaf_reg': 2.579154224325785, 'min_child_samples': 8}. Best is trial 145 with value: 0.4654714271085222.
[I 2025-03-12 19:47:38,754] Trial 446 finished with value: 0.4689701661633591 and parameters: {'learning_rate': 0.017545701107880944, 'depth': 9, 'l2_leaf_reg': 2.8160849784894406, 'min_child_samples': 1}. Best is trial 145 with value: 0.4654714271085222.
[I 2025-03-12 19:47:42,173] Trial 447 finished with value: 0.46957422419198197 and parameters: {'learning_rate': 0.01869475354450471, 'depth': 10, 'l2_leaf_reg': 2.6628932169989263, 'min_child_samples': 1}. Best is trial 145 with value: 0.4654714271085222.
[I 2025-03-12 19:47:45,196] Trial 448 finished with value: 0.4663838473313545 and parameters: {'learning_rate': 0.01848710911483585, 'depth': 9, 'l2_leaf_reg': 2.4982198587556526, 'min_child_samples': 1}. Best is trial 145 with value: 0.4654714271085222.
[I 2025-03-12 19:47:48,285] Trial 449 finished with value: 0.4672226154555802 and parameters: {'learning_rate': 0.018261467405094267, 'depth': 9, 'l2_leaf_reg': 2.7428841492120912, 'min_child_samples': 1}. Best is trial 145 with value: 0.4654714271085222.
[I 2025-03-12 19:47:51,170] Trial 450 finished with value: 0.47034629711712456 and parameters: {'learning_rate': 0.01805041440483469, 'depth': 9, 'l2_leaf_reg': 2.6848278416339064, 'min_child_samples': 1}. Best is trial 145 with value: 0.4654714271085222.
[I 2025-03-12 19:47:54,845] Trial 451 finished with value: 0.47054210865045487 and parameters: {'learning_rate': 0.017469515173889803, 'depth': 10, 'l2_leaf_reg': 2.5368625521747226, 'min_child_samples': 8}. Best is trial 145 with value: 0.4654714271085222.
[I 2025-03-12 19:47:57,397] Trial 452 finished with value: 0.4685543958538102 and parameters: {'learning_rate': 0.018622921339539612, 'depth': 8, 'l2_leaf_reg': 2.4653492184649264, 'min_child_samples': 1}. Best is trial 145 with value: 0.4654714271085222.
[I 2025-03-12 19:48:00,134] Trial 453 finished with value: 0.5881387242471439 and parameters: {'learning_rate': 0.004162497656610174, 'depth': 9, 'l2_leaf_reg': 2.477136063004189, 'min_child_samples': 16}. Best is trial 145 with value: 0.4654714271085222.
[I 2025-03-12 19:48:03,698] Trial 454 finished with value: 0.46801460015999086 and parameters: {'learning_rate': 0.018465805555074, 'depth': 10, 'l2_leaf_reg': 2.517000658341685, 'min_child_samples': 1}. Best is trial 145 with value: 0.4654714271085222.
[I 2025-03-12 19:48:06,604] Trial 455 finished with value: 0.4682061815967113 and parameters: {'learning_rate': 0.018844300363088956, 'depth': 9, 'l2_leaf_reg': 2.5969964480196386, 'min_child_samples': 1}. Best is trial 145 with value: 0.4654714271085222.
[I 2025-03-12 19:48:09,183] Trial 456 finished with value: 0.4696012460535236 and parameters: {'learning_rate': 0.01928424499261623, 'depth': 8, 'l2_leaf_reg': 2.394057221608003, 'min_child_samples': 1}. Best is trial 145 with value: 0.4654714271085222.
[I 2025-03-12 19:48:12,117] Trial 457 finished with value: 0.4690989156529776 and parameters: {'learning_rate': 0.017844747795859074, 'depth': 9, 'l2_leaf_reg': 1.0904544790893032, 'min_child_samples': 32}. Best is trial 145 with value: 0.4654714271085222.
[I 2025-03-12 19:48:15,178] Trial 458 finished with value: 0.46983506538167197 and parameters: {'learning_rate': 0.019030410655563684, 'depth': 9, 'l2_leaf_reg': 0.6112953929793756, 'min_child_samples': 8}. Best is trial 145 with value: 0.4654714271085222.
[I 2025-03-12 19:48:17,682] Trial 459 finished with value: 0.46948140290552554 and parameters: {'learning_rate': 0.018564119258272692, 'depth': 8, 'l2_leaf_reg': 2.500721953833438, 'min_child_samples': 1}. Best is trial 145 with value: 0.4654714271085222.
[I 2025-03-12 19:48:20,865] Trial 460 finished with value: 0.46790261586839116 and parameters: {'learning_rate': 0.01998385457975095, 'depth': 9, 'l2_leaf_reg': 2.586812577839778, 'min_child_samples': 1}. Best is trial 145 with value: 0.4654714271085222.
[I 2025-03-12 19:48:24,389] Trial 461 finished with value: 0.47054991980115773 and parameters: {'learning_rate': 0.01939414832010231, 'depth': 10, 'l2_leaf_reg': 1.2419733978349083, 'min_child_samples': 1}. Best is trial 145 with value: 0.4654714271085222.
[I 2025-03-12 19:48:27,480] Trial 462 finished with value: 0.468297072240872 and parameters: {'learning_rate': 0.018886801259528747, 'depth': 9, 'l2_leaf_reg': 2.7266211039703316, 'min_child_samples': 16}. Best is trial 145 with value: 0.4654714271085222.
[I 2025-03-12 19:48:29,492] Trial 463 finished with value: 0.4833337221011181 and parameters: {'learning_rate': 0.019650027535274457, 'depth': 6, 'l2_leaf_reg': 2.193292240146981, 'min_child_samples': 1}. Best is trial 145 with value: 0.4654714271085222.
[I 2025-03-12 19:48:33,244] Trial 464 finished with value: 0.4708003941057558 and parameters: {'learning_rate': 0.018278945445777843, 'depth': 10, 'l2_leaf_reg': 0.4944266473717508, 'min_child_samples': 1}. Best is trial 145 with value: 0.4654714271085222.
[I 2025-03-12 19:48:36,339] Trial 465 finished with value: 0.4682634391444706 and parameters: {'learning_rate': 0.01944036745953955, 'depth': 9, 'l2_leaf_reg': 2.4141244852534487, 'min_child_samples': 8}. Best is trial 145 with value: 0.4654714271085222.
[I 2025-03-12 19:48:39,468] Trial 466 finished with value: 0.4661337975391665 and parameters: {'learning_rate': 0.018989410596874857, 'depth': 9, 'l2_leaf_reg': 2.3671099988536133, 'min_child_samples': 1}. Best is trial 145 with value: 0.4654714271085222.
[I 2025-03-12 19:48:42,064] Trial 467 finished with value: 0.4691790213454336 and parameters: {'learning_rate': 0.01861584958350739, 'depth': 8, 'l2_leaf_reg': 2.3922256527273844, 'min_child_samples': 1}. Best is trial 145 with value: 0.4654714271085222.
[I 2025-03-12 19:48:45,101] Trial 468 finished with value: 0.46600847567543763 and parameters: {'learning_rate': 0.018963382895229017, 'depth': 9, 'l2_leaf_reg': 2.3474632756111484, 'min_child_samples': 1}. Best is trial 145 with value: 0.4654714271085222.
