[I 2025-03-12 16:36:45,136] Trial 23 finished with value: 0.27773805389947454 and parameters: {'learning_rate': 0.012443255000319934, 'depth': 14, 'l2_leaf_reg': 0.49460488334183283, 'min_child_samples': 4}. Best is trial 16 with value: 0.27525241607991713.
[I 2025-03-12 16:36:52,631] Trial 24 finished with value: 0.27735145876539996 and parameters: {'learning_rate': 0.015455637361072474, 'depth': 13, 'l2_leaf_reg': 0.9255672756280678, 'min_child_samples': 4}. Best is trial 16 with value: 0.27525241607991713.
[I 2025-03-12 16:36:57,833] Trial 25 finished with value: 0.2780910590029726 and parameters: {'learning_rate': 0.01408584442111404, 'depth': 12, 'l2_leaf_reg': 0.9813569994207185, 'min_child_samples': 4}. Best is trial 16 with value: 0.27525241607991713.
[I 2025-03-12 16:37:01,417] Trial 26 finished with value: 0.28735440813731106 and parameters: {'learning_rate': 0.015305701855396685, 'depth': 10, 'l2_leaf_reg': 0.9386841079668249, 'min_child_samples': 4}. Best is trial 16 with value: 0.27525241607991713.
[I 2025-03-12 16:37:57,536] Trial 27 finished with value: 0.2935127179100221 and parameters: {'learning_rate': 0.018401793823901468, 'depth': 16, 'l2_leaf_reg': 1.4756711047886364, 'min_child_samples': 4}. Best is trial 16 with value: 0.27525241607991713.
[I 2025-03-12 16:38:06,491] Trial 28 finished with value: 0.2754787638392621 and parameters: {'learning_rate': 0.012370650635653516, 'depth': 13, 'l2_leaf_reg': 0.45650927424622983, 'min_child_samples': 16}. Best is trial 16 with value: 0.27525241607991713.
[I 2025-03-12 16:38:35,508] Trial 29 finished with value: 0.28496608183654654 and parameters: {'learning_rate': 0.011939029132392642, 'depth': 15, 'l2_leaf_reg': 0.4144063210274982, 'min_child_samples': 16}. Best is trial 16 with value: 0.27525241607991713.
[I 2025-03-12 16:38:44,465] Trial 30 finished with value: 0.2809450092465702 and parameters: {'learning_rate': 0.0075937385304681694, 'depth': 13, 'l2_leaf_reg': 0.6222272451527506, 'min_child_samples': 16}. Best is trial 16 with value: 0.27525241607991713.
[I 2025-03-12 16:38:53,467] Trial 31 finished with value: 0.2749700184350312 and parameters: {'learning_rate': 0.015595699734568046, 'depth': 13, 'l2_leaf_reg': 0.8210488988267854, 'min_child_samples': 16}. Best is trial 31 with value: 0.2749700184350312.
[I 2025-03-12 16:38:57,767] Trial 32 finished with value: 0.28561516154444505 and parameters: {'learning_rate': 0.013433641226867743, 'depth': 11, 'l2_leaf_reg': 1.2477000627662396, 'min_child_samples': 16}. Best is trial 31 with value: 0.2749700184350312.
[I 2025-03-12 16:39:07,248] Trial 33 finished with value: 0.2745402284376702 and parameters: {'learning_rate': 0.011684861056129585, 'depth': 13, 'l2_leaf_reg': 0.36213074301122267, 'min_child_samples': 16}. Best is trial 33 with value: 0.2745402284376702.
[I 2025-03-12 16:39:09,874] Trial 34 finished with value: 0.29077622125746566 and parameters: {'learning_rate': 0.011337935722009663, 'depth': 9, 'l2_leaf_reg': 0.3327689970177008, 'min_child_samples': 16}. Best is trial 33 with value: 0.2745402284376702.
[I 2025-03-12 16:39:16,022] Trial 35 finished with value: 0.28009304387811707 and parameters: {'learning_rate': 0.00915993043651702, 'depth': 12, 'l2_leaf_reg': 0.7518572604167288, 'min_child_samples': 16}. Best is trial 33 with value: 0.2745402284376702.
[I 2025-03-12 16:39:19,281] Trial 36 finished with value: 0.288521375959677 and parameters: {'learning_rate': 0.011330355533101119, 'depth': 10, 'l2_leaf_reg': 1.2460911613988062, 'min_child_samples': 16}. Best is trial 33 with value: 0.2745402284376702.
[I 2025-03-12 16:39:27,780] Trial 37 finished with value: 0.2771063802538483 and parameters: {'learning_rate': 0.014891618401967344, 'depth': 13, 'l2_leaf_reg': 0.5330052817981891, 'min_child_samples': 16}. Best is trial 33 with value: 0.2745402284376702.
[I 2025-03-12 16:39:56,652] Trial 38 finished with value: 0.28795428914532617 and parameters: {'learning_rate': 0.009577249038968746, 'depth': 15, 'l2_leaf_reg': 0.7924076739846557, 'min_child_samples': 8}. Best is trial 33 with value: 0.2745402284376702.
[I 2025-03-12 16:39:58,876] Trial 39 finished with value: 0.30981317846182144 and parameters: {'learning_rate': 0.0059946173290326525, 'depth': 8, 'l2_leaf_reg': 1.7344375307049293, 'min_child_samples': 32}. Best is trial 33 with value: 0.2745402284376702.
[I 2025-03-12 16:40:08,391] Trial 40 finished with value: 0.274072816907847 and parameters: {'learning_rate': 0.013282831892648641, 'depth': 13, 'l2_leaf_reg': 0.3125659415278814, 'min_child_samples': 16}. Best is trial 40 with value: 0.274072816907847.
[I 2025-03-12 16:40:17,772] Trial 41 finished with value: 0.276195082193012 and parameters: {'learning_rate': 0.013123265197909368, 'depth': 13, 'l2_leaf_reg': 0.2907873150939756, 'min_child_samples': 16}. Best is trial 40 with value: 0.274072816907847.
[I 2025-03-12 16:40:27,072] Trial 42 finished with value: 0.2745727494103146 and parameters: {'learning_rate': 0.01057890986973204, 'depth': 13, 'l2_leaf_reg': 0.4116044185951035, 'min_child_samples': 16}. Best is trial 40 with value: 0.274072816907847.
[I 2025-03-12 16:40:31,009] Trial 43 finished with value: 0.2851370898898535 and parameters: {'learning_rate': 0.014271474364466453, 'depth': 11, 'l2_leaf_reg': 0.20943983082489595, 'min_child_samples': 16}. Best is trial 40 with value: 0.274072816907847.
[I 2025-03-12 16:41:00,003] Trial 44 finished with value: 0.28622318434254496 and parameters: {'learning_rate': 0.010859363786490961, 'depth': 15, 'l2_leaf_reg': 1.115450917659397, 'min_child_samples': 16}. Best is trial 40 with value: 0.274072816907847.
[I 2025-03-12 16:41:04,563] Trial 45 finished with value: 0.2786277163655325 and parameters: {'learning_rate': 0.01819368079191339, 'depth': 12, 'l2_leaf_reg': 0.8163603645110759, 'min_child_samples': 8}. Best is trial 40 with value: 0.274072816907847.
[I 2025-03-12 16:41:06,652] Trial 46 finished with value: 0.33100603228648395 and parameters: {'learning_rate': 0.01049781776636011, 'depth': 5, 'l2_leaf_reg': 1.3764417835130403, 'min_child_samples': 16}. Best is trial 40 with value: 0.274072816907847.
[I 2025-03-12 16:41:09,491] Trial 47 finished with value: 0.2957570895616726 and parameters: {'learning_rate': 0.008614179993135471, 'depth': 9, 'l2_leaf_reg': 0.34993158674532887, 'min_child_samples': 16}. Best is trial 40 with value: 0.274072816907847.
[I 2025-03-12 16:41:11,104] Trial 48 finished with value: 0.3859314127778341 and parameters: {'learning_rate': 0.01367112612019716, 'depth': 2, 'l2_leaf_reg': 0.5368997323519921, 'min_child_samples': 32}. Best is trial 40 with value: 0.274072816907847.
[I 2025-03-12 16:41:14,373] Trial 49 finished with value: 0.2892445861216031 and parameters: {'learning_rate': 0.011938770310265369, 'depth': 10, 'l2_leaf_reg': 0.676543327415737, 'min_child_samples': 16}. Best is trial 40 with value: 0.274072816907847.
[I 2025-03-12 16:41:20,421] Trial 50 finished with value: 0.2856785649620772 and parameters: {'learning_rate': 0.006606573221871347, 'depth': 12, 'l2_leaf_reg': 0.8516266762787372, 'min_child_samples': 16}. Best is trial 40 with value: 0.274072816907847.
[I 2025-03-12 16:41:29,090] Trial 51 finished with value: 0.2767822746444382 and parameters: {'learning_rate': 0.01251802122669054, 'depth': 13, 'l2_leaf_reg': 0.4588165711047896, 'min_child_samples': 16}. Best is trial 40 with value: 0.274072816907847.
[I 2025-03-12 16:41:38,399] Trial 52 finished with value: 0.27719268216253085 and parameters: {'learning_rate': 0.01017804888526665, 'depth': 13, 'l2_leaf_reg': 1.0883300721382194, 'min_child_samples': 16}. Best is trial 40 with value: 0.274072816907847.
[I 2025-03-12 16:41:52,116] Trial 53 finished with value: 0.27928563421218033 and parameters: {'learning_rate': 0.016161269759879342, 'depth': 14, 'l2_leaf_reg': 0.600810838515738, 'min_child_samples': 16}. Best is trial 40 with value: 0.274072816907847.
[I 2025-03-12 16:41:55,197] Trial 54 finished with value: 0.28682816873717726 and parameters: {'learning_rate': 0.014586667130417934, 'depth': 11, 'l2_leaf_reg': 0.23946911319029285, 'min_child_samples': 8}. Best is trial 40 with value: 0.274072816907847.
[I 2025-03-12 16:42:10,783] Trial 55 finished with value: 0.30954719882157905 and parameters: {'learning_rate': 0.0036966113178733846, 'depth': 14, 'l2_leaf_reg': 0.09099236142281386, 'min_child_samples': 16}. Best is trial 40 with value: 0.274072816907847.
[I 2025-03-12 16:42:39,531] Trial 56 finished with value: 0.2881443936208453 and parameters: {'learning_rate': 0.0115618041444627, 'depth': 15, 'l2_leaf_reg': 1.6413622595614956, 'min_child_samples': 1}. Best is trial 40 with value: 0.274072816907847.
[I 2025-03-12 16:42:44,281] Trial 57 finished with value: 0.2786032080935888 and parameters: {'learning_rate': 0.01741019956758995, 'depth': 12, 'l2_leaf_reg': 0.4009972126798853, 'min_child_samples': 32}. Best is trial 40 with value: 0.274072816907847.
[I 2025-03-12 16:42:47,851] Trial 58 finished with value: 0.28856593241310396 and parameters: {'learning_rate': 0.012736097219659005, 'depth': 11, 'l2_leaf_reg': 0.6938977000823086, 'min_child_samples': 16}. Best is trial 40 with value: 0.274072816907847.
[I 2025-03-12 16:42:57,612] Trial 59 finished with value: 0.27341809059336253 and parameters: {'learning_rate': 0.015844905521588116, 'depth': 13, 'l2_leaf_reg': 0.5500109420741222, 'min_child_samples': 16}. Best is trial 59 with value: 0.27341809059336253.
[I 2025-03-12 16:43:53,104] Trial 60 finished with value: 0.2942475044852725 and parameters: {'learning_rate': 0.01595417019335397, 'depth': 16, 'l2_leaf_reg': 1.0723047657039957, 'min_child_samples': 16}. Best is trial 59 with value: 0.27341809059336253.
[I 2025-03-12 16:44:00,054] Trial 61 finished with value: 0.2767234189127822 and parameters: {'learning_rate': 0.018428494682286058, 'depth': 13, 'l2_leaf_reg': 0.5559005253733251, 'min_child_samples': 16}. Best is trial 59 with value: 0.27341809059336253.
[I 2025-03-12 16:44:13,843] Trial 62 finished with value: 0.2784124826247005 and parameters: {'learning_rate': 0.01499910521467215, 'depth': 14, 'l2_leaf_reg': 0.21678844101564004, 'min_child_samples': 16}. Best is trial 59 with value: 0.27341809059336253.
[I 2025-03-12 16:44:19,380] Trial 63 finished with value: 0.28005824298179316 and parameters: {'learning_rate': 0.01396024328778145, 'depth': 12, 'l2_leaf_reg': 0.4475951253117466, 'min_child_samples': 16}. Best is trial 59 with value: 0.27341809059336253.
[I 2025-03-12 16:44:27,047] Trial 64 finished with value: 0.27410530673413863 and parameters: {'learning_rate': 0.01667492071561645, 'depth': 13, 'l2_leaf_reg': 0.33212504160683015, 'min_child_samples': 16}. Best is trial 59 with value: 0.27341809059336253.
[I 2025-03-12 16:44:41,277] Trial 65 finished with value: 0.27589610995980185 and parameters: {'learning_rate': 0.016419367566155283, 'depth': 14, 'l2_leaf_reg': 0.12592589343955723, 'min_child_samples': 1}. Best is trial 59 with value: 0.27341809059336253.
[I 2025-03-12 16:44:48,724] Trial 66 finished with value: 0.2780124817839981 and parameters: {'learning_rate': 0.017069612630030935, 'depth': 13, 'l2_leaf_reg': 0.3289076076077708, 'min_child_samples': 16}. Best is trial 59 with value: 0.27341809059336253.
[I 2025-03-12 16:45:03,616] Trial 67 finished with value: 0.27603224697491024 and parameters: {'learning_rate': 0.015583004627549586, 'depth': 14, 'l2_leaf_reg': 0.8581342630135749, 'min_child_samples': 16}. Best is trial 59 with value: 0.27341809059336253.
[I 2025-03-12 16:45:29,908] Trial 68 finished with value: 0.2878355640925562 and parameters: {'learning_rate': 0.017651399728044383, 'depth': 15, 'l2_leaf_reg': 2.4762681893530245, 'min_child_samples': 8}. Best is trial 59 with value: 0.27341809059336253.
[I 2025-03-12 16:45:34,789] Trial 69 finished with value: 0.27995300220924996 and parameters: {'learning_rate': 0.019194781778717293, 'depth': 12, 'l2_leaf_reg': 0.734114612413477, 'min_child_samples': 16}. Best is trial 59 with value: 0.27341809059336253.
[I 2025-03-12 16:45:38,293] Trial 70 finished with value: 0.28815516052407963 and parameters: {'learning_rate': 0.014892338555745573, 'depth': 10, 'l2_leaf_reg': 0.0628094979259039, 'min_child_samples': 4}. Best is trial 59 with value: 0.27341809059336253.
[I 2025-03-12 16:45:46,468] Trial 71 finished with value: 0.2738364366682849 and parameters: {'learning_rate': 0.016732598790966117, 'depth': 13, 'l2_leaf_reg': 0.37483919165516655, 'min_child_samples': 16}. Best is trial 59 with value: 0.27341809059336253.
[I 2025-03-12 16:45:52,477] Trial 72 finished with value: 0.27959100668441084 and parameters: {'learning_rate': 0.016765453181343027, 'depth': 12, 'l2_leaf_reg': 0.39371708900644, 'min_child_samples': 16}. Best is trial 59 with value: 0.27341809059336253.
[I 2025-03-12 16:46:04,307] Trial 73 finished with value: 0.2784174676246865 and parameters: {'learning_rate': 0.01874900447576579, 'depth': 14, 'l2_leaf_reg': 0.24339954350736331, 'min_child_samples': 16}. Best is trial 59 with value: 0.27341809059336253.
[I 2025-03-12 16:46:13,433] Trial 74 finished with value: 0.275549840067665 and parameters: {'learning_rate': 0.015773366259847967, 'depth': 13, 'l2_leaf_reg': 0.499956992588446, 'min_child_samples': 16}. Best is trial 59 with value: 0.27341809059336253.
[I 2025-03-12 16:46:16,499] Trial 75 finished with value: 0.28711288646424454 and parameters: {'learning_rate': 0.018064321624678775, 'depth': 11, 'l2_leaf_reg': 0.6495171754033723, 'min_child_samples': 16}. Best is trial 59 with value: 0.27341809059336253.
[I 2025-03-12 16:46:25,846] Trial 76 finished with value: 0.2760549145267091 and parameters: {'learning_rate': 0.013349889522955417, 'depth': 13, 'l2_leaf_reg': 0.31038016308813354, 'min_child_samples': 32}. Best is trial 59 with value: 0.27341809059336253.
[I 2025-03-12 16:46:41,363] Trial 77 finished with value: 0.27719113510417576 and parameters: {'learning_rate': 0.017304517309627204, 'depth': 14, 'l2_leaf_reg': 0.5857019554102275, 'min_child_samples': 4}. Best is trial 59 with value: 0.27341809059336253.
[I 2025-03-12 16:46:46,374] Trial 78 finished with value: 0.2817284846444369 and parameters: {'learning_rate': 0.016671739954823486, 'depth': 12, 'l2_leaf_reg': 1.969047998311249, 'min_child_samples': 16}. Best is trial 59 with value: 0.27341809059336253.
[I 2025-03-12 16:47:15,524] Trial 79 finished with value: 0.2851000378982345 and parameters: {'learning_rate': 0.010978149630265447, 'depth': 15, 'l2_leaf_reg': 0.16836156111420175, 'min_child_samples': 1}. Best is trial 59 with value: 0.27341809059336253.
[I 2025-03-12 16:47:24,644] Trial 80 finished with value: 0.27234404950128965 and parameters: {'learning_rate': 0.014415678147855528, 'depth': 13, 'l2_leaf_reg': 0.8959156600114864, 'min_child_samples': 16}. Best is trial 80 with value: 0.27234404950128965.
[I 2025-03-12 16:47:33,907] Trial 81 finished with value: 0.2744533369655227 and parameters: {'learning_rate': 0.014396254830697511, 'depth': 13, 'l2_leaf_reg': 0.9226741469873055, 'min_child_samples': 16}. Best is trial 80 with value: 0.27234404950128965.
[I 2025-03-12 16:47:42,218] Trial 82 finished with value: 0.27728533965049307 and parameters: {'learning_rate': 0.01441984902895179, 'depth': 13, 'l2_leaf_reg': 0.927990746064727, 'min_child_samples': 16}. Best is trial 80 with value: 0.27234404950128965.
[I 2025-03-12 16:47:44,529] Trial 83 finished with value: 0.31138963364247246 and parameters: {'learning_rate': 0.015256298839811609, 'depth': 6, 'l2_leaf_reg': 0.34940194052226414, 'min_child_samples': 16}. Best is trial 80 with value: 0.27234404950128965.
[I 2025-03-12 16:47:49,620] Trial 84 finished with value: 0.28082686772798127 and parameters: {'learning_rate': 0.013105016483744358, 'depth': 12, 'l2_leaf_reg': 0.9947466786503255, 'min_child_samples': 16}. Best is trial 80 with value: 0.27234404950128965.
[I 2025-03-12 16:47:58,343] Trial 85 finished with value: 0.2774289822293893 and parameters: {'learning_rate': 0.013818923280480552, 'depth': 13, 'l2_leaf_reg': 0.7295022444335678, 'min_child_samples': 16}. Best is trial 80 with value: 0.27234404950128965.
[I 2025-03-12 16:48:02,793] Trial 86 finished with value: 0.2862237357421659 and parameters: {'learning_rate': 0.00958566417869837, 'depth': 11, 'l2_leaf_reg': 4.270390008853653e-05, 'min_child_samples': 16}. Best is trial 80 with value: 0.27234404950128965.
[I 2025-03-12 16:48:18,577] Trial 87 finished with value: 0.277590360021014 and parameters: {'learning_rate': 0.012000188660864474, 'depth': 14, 'l2_leaf_reg': 0.4810449047549312, 'min_child_samples': 16}. Best is trial 80 with value: 0.27234404950128965.
[I 2025-03-12 16:48:24,203] Trial 88 finished with value: 0.2778732973447209 and parameters: {'learning_rate': 0.014564174589638289, 'depth': 12, 'l2_leaf_reg': 0.787715396307738, 'min_child_samples': 16}. Best is trial 80 with value: 0.27234404950128965.
[I 2025-03-12 16:48:33,197] Trial 89 finished with value: 0.27481163706715617 and parameters: {'learning_rate': 0.01616451023178319, 'depth': 13, 'l2_leaf_reg': 0.593278775695205, 'min_child_samples': 16}. Best is trial 80 with value: 0.27234404950128965.
[I 2025-03-12 16:48:48,854] Trial 90 finished with value: 0.27660033856789706 and parameters: {'learning_rate': 0.016063563275310912, 'depth': 14, 'l2_leaf_reg': 0.39860089603062304, 'min_child_samples': 16}. Best is trial 80 with value: 0.27234404950128965.
[I 2025-03-12 16:48:58,088] Trial 91 finished with value: 0.27511802107106653 and parameters: {'learning_rate': 0.01525239892772895, 'depth': 13, 'l2_leaf_reg': 0.5687023483941145, 'min_child_samples': 16}. Best is trial 80 with value: 0.27234404950128965.
[I 2025-03-12 16:49:06,409] Trial 92 finished with value: 0.27698871646245876 and parameters: {'learning_rate': 0.01413291159945751, 'depth': 13, 'l2_leaf_reg': 0.8820717346433953, 'min_child_samples': 16}. Best is trial 80 with value: 0.27234404950128965.
[I 2025-03-12 16:49:35,409] Trial 93 finished with value: 0.2871875446387707 and parameters: {'learning_rate': 0.015699858083219217, 'depth': 15, 'l2_leaf_reg': 0.27841176170420556, 'min_child_samples': 16}. Best is trial 80 with value: 0.27234404950128965.
[I 2025-03-12 16:49:40,700] Trial 94 finished with value: 0.2780156957801858 and parameters: {'learning_rate': 0.01615207219153535, 'depth': 12, 'l2_leaf_reg': 0.635848953423702, 'min_child_samples': 16}. Best is trial 80 with value: 0.27234404950128965.
[I 2025-03-12 16:49:49,956] Trial 95 finished with value: 0.27587909253541915 and parameters: {'learning_rate': 0.012936663535788533, 'depth': 13, 'l2_leaf_reg': 0.16976924463468096, 'min_child_samples': 16}. Best is trial 80 with value: 0.27234404950128965.
[I 2025-03-12 16:49:54,318] Trial 96 finished with value: 0.2867561130138427 and parameters: {'learning_rate': 0.012145624286868387, 'depth': 11, 'l2_leaf_reg': 1.3439588933362066, 'min_child_samples': 16}. Best is trial 80 with value: 0.27234404950128965.
[I 2025-03-12 16:50:10,003] Trial 97 finished with value: 0.27665177056054546 and parameters: {'learning_rate': 0.013577142763969794, 'depth': 14, 'l2_leaf_reg': 0.4877431024170117, 'min_child_samples': 8}. Best is trial 80 with value: 0.27234404950128965.
[I 2025-03-12 16:50:18,656] Trial 98 finished with value: 0.2769250115212052 and parameters: {'learning_rate': 0.014888599984609951, 'depth': 13, 'l2_leaf_reg': 1.0104658908867163, 'min_child_samples': 16}. Best is trial 80 with value: 0.27234404950128965.
[I 2025-03-12 16:50:24,738] Trial 99 finished with value: 0.2812676297608699 and parameters: {'learning_rate': 0.010033922045837723, 'depth': 12, 'l2_leaf_reg': 0.36779032192380573, 'min_child_samples': 32}. Best is trial 80 with value: 0.27234404950128965.
[I 2025-03-12 16:50:40,073] Trial 100 finished with value: 0.5183911533734972 and parameters: {'learning_rate': 5.1507758792894084e-05, 'depth': 14, 'l2_leaf_reg': 0.7029368154615512, 'min_child_samples': 16}. Best is trial 80 with value: 0.27234404950128965.
[I 2025-03-12 16:50:49,406] Trial 101 finished with value: 0.27291515348463335 and parameters: {'learning_rate': 0.015322952491159841, 'depth': 13, 'l2_leaf_reg': 0.5529418704555817, 'min_child_samples': 16}. Best is trial 80 with value: 0.27234404950128965.
[I 2025-03-12 16:50:58,004] Trial 102 finished with value: 0.2755743483252662 and parameters: {'learning_rate': 0.0163982424550332, 'depth': 13, 'l2_leaf_reg': 0.599036224203401, 'min_child_samples': 16}. Best is trial 80 with value: 0.27234404950128965.
[I 2025-03-12 16:51:06,618] Trial 103 finished with value: 0.27463220877869393 and parameters: {'learning_rate': 0.015170551862744045, 'depth': 13, 'l2_leaf_reg': 0.43589997157799837, 'min_child_samples': 16}. Best is trial 80 with value: 0.27234404950128965.
[I 2025-03-12 16:51:15,413] Trial 104 finished with value: 0.27329690117091765 and parameters: {'learning_rate': 0.01452391966090101, 'depth': 13, 'l2_leaf_reg': 0.4355060401196418, 'min_child_samples': 16}. Best is trial 80 with value: 0.27234404950128965.
[I 2025-03-12 16:51:31,160] Trial 105 finished with value: 0.27680164824355424 and parameters: {'learning_rate': 0.014482812552032726, 'depth': 14, 'l2_leaf_reg': 0.44258136865781306, 'min_child_samples': 16}. Best is trial 80 with value: 0.27234404950128965.
[I 2025-03-12 16:51:36,938] Trial 106 finished with value: 0.28053811589169286 and parameters: {'learning_rate': 0.011667482109499822, 'depth': 12, 'l2_leaf_reg': 0.2484048792846299, 'min_child_samples': 16}. Best is trial 80 with value: 0.27234404950128965.
[I 2025-03-12 16:51:45,800] Trial 107 finished with value: 0.27789903931877064 and parameters: {'learning_rate': 0.015085195753520393, 'depth': 13, 'l2_leaf_reg': 0.08371562897612889, 'min_child_samples': 16}. Best is trial 80 with value: 0.27234404950128965.
