[I 2025-03-12 11:31:47,578] Trial 262 finished with value: 2.0078898860918484 and parameters: {'learning_rate': 0.01775818698160876, 'depth': 11, 'l2_leaf_reg': 0.2872121189792005, 'min_child_samples': 32}. Best is trial 252 with value: 1.9983286475737927.
[I 2025-03-12 11:31:51,260] Trial 263 finished with value: 2.012908190233926 and parameters: {'learning_rate': 0.017091410868828868, 'depth': 12, 'l2_leaf_reg': 0.3729122722746037, 'min_child_samples': 32}. Best is trial 252 with value: 1.9983286475737927.
[I 2025-03-12 11:31:54,018] Trial 264 finished with value: 1.9995195798616832 and parameters: {'learning_rate': 0.018417871467483117, 'depth': 10, 'l2_leaf_reg': 0.44347982300321004, 'min_child_samples': 32}. Best is trial 252 with value: 1.9983286475737927.
[I 2025-03-12 11:31:56,926] Trial 265 finished with value: 2.004708092206875 and parameters: {'learning_rate': 0.018888985183546057, 'depth': 10, 'l2_leaf_reg': 0.46488272620582544, 'min_child_samples': 32}. Best is trial 252 with value: 1.9983286475737927.
[I 2025-03-12 11:31:59,227] Trial 266 finished with value: 2.012675697586794 and parameters: {'learning_rate': 0.019104355304479362, 'depth': 10, 'l2_leaf_reg': 0.3842710078340936, 'min_child_samples': 32}. Best is trial 252 with value: 1.9983286475737927.
[I 2025-03-12 11:32:01,872] Trial 267 finished with value: 2.0037505498199533 and parameters: {'learning_rate': 0.01806223049855556, 'depth': 9, 'l2_leaf_reg': 0.494106644771959, 'min_child_samples': 32}. Best is trial 252 with value: 1.9983286475737927.
[I 2025-03-12 11:32:04,341] Trial 268 finished with value: 2.010947748595725 and parameters: {'learning_rate': 0.01761183131611005, 'depth': 10, 'l2_leaf_reg': 0.43764841169035035, 'min_child_samples': 32}. Best is trial 252 with value: 1.9983286475737927.
[I 2025-03-12 11:32:09,059] Trial 269 finished with value: 2.016288289808934 and parameters: {'learning_rate': 0.016835341474269384, 'depth': 13, 'l2_leaf_reg': 0.32029935148955, 'min_child_samples': 32}. Best is trial 252 with value: 1.9983286475737927.
[I 2025-03-12 11:32:11,530] Trial 270 finished with value: 2.0056707169182815 and parameters: {'learning_rate': 0.018520128065498433, 'depth': 9, 'l2_leaf_reg': 0.5424690779047998, 'min_child_samples': 32}. Best is trial 252 with value: 1.9983286475737927.
[I 2025-03-12 11:32:14,014] Trial 271 finished with value: 2.0038681896561505 and parameters: {'learning_rate': 0.018445294678279725, 'depth': 10, 'l2_leaf_reg': 0.09843693112078578, 'min_child_samples': 8}. Best is trial 252 with value: 1.9983286475737927.
[I 2025-03-12 11:32:16,851] Trial 272 finished with value: 2.0012230939805 and parameters: {'learning_rate': 0.01722049117460499, 'depth': 10, 'l2_leaf_reg': 0.17026052918345322, 'min_child_samples': 32}. Best is trial 252 with value: 1.9983286475737927.
[I 2025-03-12 11:32:19,661] Trial 273 finished with value: 2.003933488184921 and parameters: {'learning_rate': 0.019664210507165106, 'depth': 11, 'l2_leaf_reg': 0.23284799929366412, 'min_child_samples': 16}. Best is trial 252 with value: 1.9983286475737927.
[I 2025-03-12 11:32:22,515] Trial 274 finished with value: 2.0032978392924035 and parameters: {'learning_rate': 0.01653745448331373, 'depth': 10, 'l2_leaf_reg': 0.3550099592517314, 'min_child_samples': 32}. Best is trial 252 with value: 1.9983286475737927.
[I 2025-03-12 11:32:24,667] Trial 275 finished with value: 2.00839363363802 and parameters: {'learning_rate': 0.0179314569574991, 'depth': 9, 'l2_leaf_reg': 0.8115542520807346, 'min_child_samples': 32}. Best is trial 252 with value: 1.9983286475737927.
[I 2025-03-12 11:32:27,739] Trial 276 finished with value: 2.001124073975723 and parameters: {'learning_rate': 0.016260039687818067, 'depth': 10, 'l2_leaf_reg': 0.5292418445421102, 'min_child_samples': 32}. Best is trial 252 with value: 1.9983286475737927.
[I 2025-03-12 11:32:30,795] Trial 277 finished with value: 2.000059648117427 and parameters: {'learning_rate': 0.01624243495851173, 'depth': 11, 'l2_leaf_reg': 0.5504144189088687, 'min_child_samples': 32}. Best is trial 252 with value: 1.9983286475737927.
[I 2025-03-12 11:32:33,757] Trial 278 finished with value: 2.002924406493724 and parameters: {'learning_rate': 0.015549712211439621, 'depth': 10, 'l2_leaf_reg': 0.5706359095865949, 'min_child_samples': 32}. Best is trial 252 with value: 1.9983286475737927.
[I 2025-03-12 11:32:36,803] Trial 279 finished with value: 2.005706835421269 and parameters: {'learning_rate': 0.016136005207863104, 'depth': 11, 'l2_leaf_reg': 0.5257544784312774, 'min_child_samples': 32}. Best is trial 252 with value: 1.9983286475737927.
[I 2025-03-12 11:32:39,572] Trial 280 finished with value: 1.9997872989411765 and parameters: {'learning_rate': 0.016290122150576708, 'depth': 10, 'l2_leaf_reg': 0.6758462801883063, 'min_child_samples': 32}. Best is trial 252 with value: 1.9983286475737927.
[I 2025-03-12 11:32:42,615] Trial 281 finished with value: 2.006578405894736 and parameters: {'learning_rate': 0.016683670815376146, 'depth': 11, 'l2_leaf_reg': 0.7059857277242026, 'min_child_samples': 32}. Best is trial 252 with value: 1.9983286475737927.
[I 2025-03-12 11:32:45,401] Trial 282 finished with value: 2.002230798732571 and parameters: {'learning_rate': 0.015822395181910916, 'depth': 10, 'l2_leaf_reg': 0.6318858046126682, 'min_child_samples': 32}. Best is trial 252 with value: 1.9983286475737927.
[I 2025-03-12 11:32:47,788] Trial 283 finished with value: 2.0108040932562417 and parameters: {'learning_rate': 0.016399940989561608, 'depth': 6, 'l2_leaf_reg': 0.6825001715639747, 'min_child_samples': 32}. Best is trial 252 with value: 1.9983286475737927.
[I 2025-03-12 11:32:50,739] Trial 284 finished with value: 2.003529605313228 and parameters: {'learning_rate': 0.010640073673159167, 'depth': 10, 'l2_leaf_reg': 0.7559047045297899, 'min_child_samples': 32}. Best is trial 252 with value: 1.9983286475737927.
[I 2025-03-12 11:32:54,182] Trial 285 finished with value: 2.017920497567142 and parameters: {'learning_rate': 0.01607015020426104, 'depth': 12, 'l2_leaf_reg': 0.8786293543812294, 'min_child_samples': 1}. Best is trial 252 with value: 1.9983286475737927.
[I 2025-03-12 11:32:57,371] Trial 286 finished with value: 2.0078991651829217 and parameters: {'learning_rate': 0.016876214975621962, 'depth': 11, 'l2_leaf_reg': 0.5803637515589455, 'min_child_samples': 1}. Best is trial 252 with value: 1.9983286475737927.
[I 2025-03-12 11:32:59,962] Trial 287 finished with value: 2.0059988049742086 and parameters: {'learning_rate': 0.015365415342734516, 'depth': 9, 'l2_leaf_reg': 0.2742147203689565, 'min_child_samples': 8}. Best is trial 252 with value: 1.9983286475737927.
[I 2025-03-12 11:33:03,117] Trial 288 finished with value: 1.9998614644665902 and parameters: {'learning_rate': 0.01646138955962637, 'depth': 10, 'l2_leaf_reg': 0.6322806580160496, 'min_child_samples': 32}. Best is trial 252 with value: 1.9983286475737927.
[I 2025-03-12 11:33:06,096] Trial 289 finished with value: 2.0035339666422036 and parameters: {'learning_rate': 0.016794415552369973, 'depth': 11, 'l2_leaf_reg': 0.8087087280462462, 'min_child_samples': 32}. Best is trial 252 with value: 1.9983286475737927.
[I 2025-03-12 11:33:09,218] Trial 290 finished with value: 2.0040066379609867 and parameters: {'learning_rate': 0.015640191686639198, 'depth': 10, 'l2_leaf_reg': 0.6188289104541155, 'min_child_samples': 32}. Best is trial 252 with value: 1.9983286475737927.
[I 2025-03-12 11:33:12,531] Trial 291 finished with value: 2.0036115154758396 and parameters: {'learning_rate': 0.016526215491244674, 'depth': 11, 'l2_leaf_reg': 0.671158056268859, 'min_child_samples': 32}. Best is trial 252 with value: 1.9983286475737927.
[I 2025-03-12 11:33:15,579] Trial 292 finished with value: 2.0013150381269917 and parameters: {'learning_rate': 0.01735917560166634, 'depth': 10, 'l2_leaf_reg': 0.7259069314639957, 'min_child_samples': 32}. Best is trial 252 with value: 1.9983286475737927.
[I 2025-03-12 11:33:20,310] Trial 293 finished with value: 2.0101360198051696 and parameters: {'learning_rate': 0.0031287527367999364, 'depth': 9, 'l2_leaf_reg': 2.28783194985228, 'min_child_samples': 32}. Best is trial 252 with value: 1.9983286475737927.
[I 2025-03-12 11:33:23,803] Trial 294 finished with value: 2.019199903206717 and parameters: {'learning_rate': 0.01606754862540449, 'depth': 12, 'l2_leaf_reg': 0.3813161899450858, 'min_child_samples': 32}. Best is trial 252 with value: 1.9983286475737927.
[I 2025-03-12 11:33:26,550] Trial 295 finished with value: 2.0055262653308916 and parameters: {'learning_rate': 0.017057618984188973, 'depth': 11, 'l2_leaf_reg': 0.20952061054347498, 'min_child_samples': 16}. Best is trial 252 with value: 1.9983286475737927.
[I 2025-03-12 11:33:29,497] Trial 296 finished with value: 2.003344729540058 and parameters: {'learning_rate': 0.01652031580432278, 'depth': 10, 'l2_leaf_reg': 2.3848244771062856, 'min_child_samples': 32}. Best is trial 252 with value: 1.9983286475737927.
[I 2025-03-12 11:33:32,698] Trial 297 finished with value: 2.0070650351734387 and parameters: {'learning_rate': 0.015276710750066744, 'depth': 11, 'l2_leaf_reg': 0.49743742603055124, 'min_child_samples': 32}. Best is trial 252 with value: 1.9983286475737927.
[I 2025-03-12 11:33:36,788] Trial 298 finished with value: 2.0009812358837107 and parameters: {'learning_rate': 0.008844274379258544, 'depth': 10, 'l2_leaf_reg': 0.42975440377842483, 'min_child_samples': 1}. Best is trial 252 with value: 1.9983286475737927.
[I 2025-03-12 11:33:40,730] Trial 299 finished with value: 2.0066320899516428 and parameters: {'learning_rate': 0.00814042827797235, 'depth': 10, 'l2_leaf_reg': 0.6396642733211335, 'min_child_samples': 1}. Best is trial 252 with value: 1.9983286475737927.
[I 2025-03-12 11:33:45,848] Trial 300 finished with value: 2.008873579694123 and parameters: {'learning_rate': 0.006024540411501375, 'depth': 11, 'l2_leaf_reg': 0.44266240308021226, 'min_child_samples': 1}. Best is trial 252 with value: 1.9983286475737927.
[I 2025-03-12 11:33:50,108] Trial 301 finished with value: 2.004988298355961 and parameters: {'learning_rate': 0.007516325414396207, 'depth': 10, 'l2_leaf_reg': 0.49614214013715574, 'min_child_samples': 1}. Best is trial 252 with value: 1.9983286475737927.
[I 2025-03-12 11:33:53,779] Trial 302 finished with value: 2.0019390124557432 and parameters: {'learning_rate': 0.008626900207068276, 'depth': 9, 'l2_leaf_reg': 0.41145080390295685, 'min_child_samples': 1}. Best is trial 252 with value: 1.9983286475737927.
[I 2025-03-12 11:33:56,954] Trial 303 finished with value: 2.0022343953420667 and parameters: {'learning_rate': 0.01581317821053092, 'depth': 11, 'l2_leaf_reg': 0.5722213853196028, 'min_child_samples': 1}. Best is trial 252 with value: 1.9983286475737927.
[I 2025-03-12 11:34:00,021] Trial 304 finished with value: 2.0794189588718397 and parameters: {'learning_rate': 0.009306168420754053, 'depth': 1, 'l2_leaf_reg': 0.6641866068022159, 'min_child_samples': 1}. Best is trial 252 with value: 1.9983286475737927.
[I 2025-03-12 11:34:03,912] Trial 305 finished with value: 2.002278863607774 and parameters: {'learning_rate': 0.00874175691132015, 'depth': 10, 'l2_leaf_reg': 0.7566065620590021, 'min_child_samples': 1}. Best is trial 252 with value: 1.9983286475737927.
[I 2025-03-12 11:34:08,361] Trial 306 finished with value: 2.012576544558741 and parameters: {'learning_rate': 0.009212745832516038, 'depth': 12, 'l2_leaf_reg': 0.5074770180557683, 'min_child_samples': 1}. Best is trial 252 with value: 1.9983286475737927.
[I 2025-03-12 11:34:11,596] Trial 307 finished with value: 2.0009806724844124 and parameters: {'learning_rate': 0.016103332364559714, 'depth': 11, 'l2_leaf_reg': 0.44117068382465185, 'min_child_samples': 4}. Best is trial 252 with value: 1.9983286475737927.
[I 2025-03-12 11:34:14,599] Trial 308 finished with value: 2.00559720432151 and parameters: {'learning_rate': 0.015821819146176284, 'depth': 11, 'l2_leaf_reg': 0.5673092152339798, 'min_child_samples': 4}. Best is trial 252 with value: 1.9983286475737927.
[I 2025-03-12 11:34:17,801] Trial 309 finished with value: 2.005773651584539 and parameters: {'learning_rate': 0.016211831746651854, 'depth': 11, 'l2_leaf_reg': 0.704101757213191, 'min_child_samples': 4}. Best is trial 252 with value: 1.9983286475737927.
[I 2025-03-12 11:34:21,023] Trial 310 finished with value: 2.0072807818639786 and parameters: {'learning_rate': 0.015220114128755338, 'depth': 11, 'l2_leaf_reg': 0.5976353817418716, 'min_child_samples': 4}. Best is trial 252 with value: 1.9983286475737927.
[I 2025-03-12 11:34:23,993] Trial 311 finished with value: 2.003976297045603 and parameters: {'learning_rate': 0.01672370558178306, 'depth': 11, 'l2_leaf_reg': 1.4979297159346754, 'min_child_samples': 4}. Best is trial 252 with value: 1.9983286475737927.
[I 2025-03-12 11:34:27,040] Trial 312 finished with value: 2.0068924538675255 and parameters: {'learning_rate': 0.019174259177752596, 'depth': 11, 'l2_leaf_reg': 0.46491823178367, 'min_child_samples': 4}. Best is trial 252 with value: 1.9983286475737927.
[I 2025-03-12 11:34:31,052] Trial 313 finished with value: 2.0081980407166684 and parameters: {'learning_rate': 0.016375814733788283, 'depth': 12, 'l2_leaf_reg': 0.11995616203781244, 'min_child_samples': 4}. Best is trial 252 with value: 1.9983286475737927.
[I 2025-03-12 11:34:33,193] Trial 314 finished with value: 2.0565086129206716 and parameters: {'learning_rate': 0.015575794477458988, 'depth': 2, 'l2_leaf_reg': 0.2910205016949471, 'min_child_samples': 8}. Best is trial 252 with value: 1.9983286475737927.
[I 2025-03-12 11:34:37,958] Trial 315 finished with value: 2.0098546854916135 and parameters: {'learning_rate': 0.01610437013689632, 'depth': 13, 'l2_leaf_reg': 0.6228666878560714, 'min_child_samples': 1}. Best is trial 252 with value: 1.9983286475737927.
[I 2025-03-12 11:34:41,006] Trial 316 finished with value: 1.9992260860569049 and parameters: {'learning_rate': 0.016868855208302957, 'depth': 11, 'l2_leaf_reg': 0.7918684019247673, 'min_child_samples': 4}. Best is trial 252 with value: 1.9983286475737927.
[I 2025-03-12 11:34:43,194] Trial 317 finished with value: 2.0105007163938176 and parameters: {'learning_rate': 0.01693798044714086, 'depth': 10, 'l2_leaf_reg': 0.8367859296276691, 'min_child_samples': 1}. Best is trial 252 with value: 1.9983286475737927.
[I 2025-03-12 11:34:46,347] Trial 318 finished with value: 2.0051169953186614 and parameters: {'learning_rate': 0.017679950436750053, 'depth': 11, 'l2_leaf_reg': 0.7627854085404384, 'min_child_samples': 16}. Best is trial 252 with value: 1.9983286475737927.
[I 2025-03-12 11:34:48,807] Trial 319 finished with value: 2.0094701271157915 and parameters: {'learning_rate': 0.01657755276619945, 'depth': 9, 'l2_leaf_reg': 0.6928821677453887, 'min_child_samples': 1}. Best is trial 252 with value: 1.9983286475737927.
[I 2025-03-12 11:34:51,507] Trial 320 finished with value: 2.0100595104667467 and parameters: {'learning_rate': 0.018363595434733333, 'depth': 10, 'l2_leaf_reg': 0.7963879220748963, 'min_child_samples': 32}. Best is trial 252 with value: 1.9983286475737927.
[I 2025-03-12 11:34:55,008] Trial 321 finished with value: 2.0162318649164965 and parameters: {'learning_rate': 0.014940259805820493, 'depth': 12, 'l2_leaf_reg': 0.7436174672136519, 'min_child_samples': 1}. Best is trial 252 with value: 1.9983286475737927.
[I 2025-03-12 11:34:57,494] Trial 322 finished with value: 2.0099951842137895 and parameters: {'learning_rate': 0.016799388550497767, 'depth': 10, 'l2_leaf_reg': 0.6645568225063514, 'min_child_samples': 1}. Best is trial 252 with value: 1.9983286475737927.
[I 2025-03-12 11:35:00,072] Trial 323 finished with value: 2.0073284204755177 and parameters: {'learning_rate': 0.017120525669840233, 'depth': 8, 'l2_leaf_reg': 0.5379841313952144, 'min_child_samples': 32}. Best is trial 252 with value: 1.9983286475737927.
[I 2025-03-12 11:35:03,005] Trial 324 finished with value: 2.005390939605968 and parameters: {'learning_rate': 0.015551920698062573, 'depth': 11, 'l2_leaf_reg': 0.8868830868854634, 'min_child_samples': 1}. Best is trial 252 with value: 1.9983286475737927.
[I 2025-03-12 11:35:05,502] Trial 325 finished with value: 2.0063713978499207 and parameters: {'learning_rate': 0.01652478753214083, 'depth': 10, 'l2_leaf_reg': 0.6639207805194147, 'min_child_samples': 1}. Best is trial 252 with value: 1.9983286475737927.
[I 2025-03-12 11:35:07,990] Trial 326 finished with value: 2.0075464106489593 and parameters: {'learning_rate': 0.017911747909360256, 'depth': 10, 'l2_leaf_reg': 0.6044413484924116, 'min_child_samples': 32}. Best is trial 252 with value: 1.9983286475737927.
[I 2025-03-12 11:35:11,487] Trial 327 finished with value: 2.0058986204341034 and parameters: {'learning_rate': 0.014543712206888186, 'depth': 11, 'l2_leaf_reg': 0.1908326652712496, 'min_child_samples': 4}. Best is trial 252 with value: 1.9983286475737927.
[I 2025-03-12 11:35:14,103] Trial 328 finished with value: 2.005526482726532 and parameters: {'learning_rate': 0.015882423271452676, 'depth': 10, 'l2_leaf_reg': 1.4056632206942514, 'min_child_samples': 1}. Best is trial 252 with value: 1.9983286475737927.
[I 2025-03-12 11:35:17,075] Trial 329 finished with value: 2.004782683249155 and parameters: {'learning_rate': 0.017459347667042338, 'depth': 11, 'l2_leaf_reg': 0.5276640658447216, 'min_child_samples': 32}. Best is trial 252 with value: 1.9983286475737927.
[I 2025-03-12 11:35:19,675] Trial 330 finished with value: 2.0065769130522 and parameters: {'learning_rate': 0.017065339769965007, 'depth': 9, 'l2_leaf_reg': 1.113312919828791, 'min_child_samples': 1}. Best is trial 252 with value: 1.9983286475737927.
[I 2025-03-12 11:35:22,475] Trial 331 finished with value: 2.0005251807610747 and parameters: {'learning_rate': 0.016407398947256846, 'depth': 10, 'l2_leaf_reg': 0.7072135833392614, 'min_child_samples': 1}. Best is trial 252 with value: 1.9983286475737927.
[I 2025-03-12 11:35:25,746] Trial 332 finished with value: 2.001845224304022 and parameters: {'learning_rate': 0.0164597768760107, 'depth': 11, 'l2_leaf_reg': 0.7753730131414776, 'min_child_samples': 1}. Best is trial 252 with value: 1.9983286475737927.
[I 2025-03-12 11:35:28,516] Trial 333 finished with value: 2.0064909827978146 and parameters: {'learning_rate': 0.011928709079580033, 'depth': 10, 'l2_leaf_reg': 0.35801975367706873, 'min_child_samples': 32}. Best is trial 252 with value: 1.9983286475737927.
[I 2025-03-12 11:35:31,387] Trial 334 finished with value: 2.002409027171627 and parameters: {'learning_rate': 0.016811451302784147, 'depth': 10, 'l2_leaf_reg': 0.7314089663955801, 'min_child_samples': 1}. Best is trial 252 with value: 1.9983286475737927.
[I 2025-03-12 11:35:34,341] Trial 335 finished with value: 2.006671820558992 and parameters: {'learning_rate': 0.0161985298511231, 'depth': 11, 'l2_leaf_reg': 0.26716758878109825, 'min_child_samples': 32}. Best is trial 252 with value: 1.9983286475737927.
[I 2025-03-12 11:35:38,588] Trial 336 finished with value: 2.0073232235403498 and parameters: {'learning_rate': 0.017121407564685758, 'depth': 12, 'l2_leaf_reg': 0.7083608263554435, 'min_child_samples': 1}. Best is trial 252 with value: 1.9983286475737927.
[I 2025-03-12 11:35:41,381] Trial 337 finished with value: 2.0033451324954172 and parameters: {'learning_rate': 0.016426756809840706, 'depth': 10, 'l2_leaf_reg': 0.9637514065024926, 'min_child_samples': 1}. Best is trial 252 with value: 1.9983286475737927.
[I 2025-03-12 11:35:44,275] Trial 338 finished with value: 2.00844239957453 and parameters: {'learning_rate': 0.017546993521422926, 'depth': 11, 'l2_leaf_reg': 0.8188737645031192, 'min_child_samples': 4}. Best is trial 252 with value: 1.9983286475737927.
[I 2025-03-12 11:35:46,769] Trial 339 finished with value: 2.0111144578664137 and parameters: {'learning_rate': 0.016791278101679633, 'depth': 9, 'l2_leaf_reg': 0.6229057301546979, 'min_child_samples': 32}. Best is trial 252 with value: 1.9983286475737927.
[I 2025-03-12 11:35:49,613] Trial 340 finished with value: 2.0050233013436984 and parameters: {'learning_rate': 0.013596638479568334, 'depth': 10, 'l2_leaf_reg': 0.5576190630247843, 'min_child_samples': 1}. Best is trial 252 with value: 1.9983286475737927.
[I 2025-03-12 11:35:52,464] Trial 341 finished with value: 2.0063101615634777 and parameters: {'learning_rate': 0.015848223620060768, 'depth': 11, 'l2_leaf_reg': 0.5055739779992066, 'min_child_samples': 1}. Best is trial 252 with value: 1.9983286475737927.
[I 2025-03-12 11:35:55,139] Trial 342 finished with value: 1.999604138831218 and parameters: {'learning_rate': 0.016276246159364877, 'depth': 10, 'l2_leaf_reg': 0.07155896139985665, 'min_child_samples': 32}. Best is trial 252 with value: 1.9983286475737927.
[I 2025-03-12 11:35:57,801] Trial 343 finished with value: 2.009974357658889 and parameters: {'learning_rate': 0.016124163106533213, 'depth': 9, 'l2_leaf_reg': 0.13630471413586778, 'min_child_samples': 32}. Best is trial 252 with value: 1.9983286475737927.
[I 2025-03-12 11:36:00,840] Trial 344 finished with value: 2.0041645757927795 and parameters: {'learning_rate': 0.0164336734368671, 'depth': 11, 'l2_leaf_reg': 0.12086669053933985, 'min_child_samples': 32}. Best is trial 252 with value: 1.9983286475737927.
[I 2025-03-12 11:36:03,807] Trial 345 finished with value: 2.0009859160043613 and parameters: {'learning_rate': 0.01679828996486202, 'depth': 10, 'l2_leaf_reg': 0.04981203262925506, 'min_child_samples': 32}. Best is trial 252 with value: 1.9983286475737927.
[I 2025-03-12 11:36:06,644] Trial 346 finished with value: 2.0044621180510322 and parameters: {'learning_rate': 0.01591542402122434, 'depth': 10, 'l2_leaf_reg': 2.5875419466638485, 'min_child_samples': 32}. Best is trial 252 with value: 1.9983286475737927.
