[I 2025-03-12 17:30:22,668] Trial 360 finished with value: 0.27599322313247265 and parameters: {'learning_rate': 0.015062608749635931, 'depth': 13, 'l2_leaf_reg': 2.2131789156991677, 'min_child_samples': 16}. Best is trial 215 with value: 0.27072508542975626.
[I 2025-03-12 17:30:27,882] Trial 361 finished with value: 0.2799450175969394 and parameters: {'learning_rate': 0.014345118849310362, 'depth': 12, 'l2_leaf_reg': 1.7678500432641764, 'min_child_samples': 1}. Best is trial 215 with value: 0.27072508542975626.
[I 2025-03-12 17:30:36,219] Trial 362 finished with value: 0.2753981621484388 and parameters: {'learning_rate': 0.015376198877679567, 'depth': 13, 'l2_leaf_reg': 2.3611144359026977, 'min_child_samples': 16}. Best is trial 215 with value: 0.27072508542975626.
[I 2025-03-12 17:30:37,871] Trial 363 finished with value: 0.35485358481430535 and parameters: {'learning_rate': 0.014839893288291038, 'depth': 3, 'l2_leaf_reg': 0.1964876739861273, 'min_child_samples': 16}. Best is trial 215 with value: 0.27072508542975626.
[I 2025-03-12 17:30:45,533] Trial 364 finished with value: 0.2773207807886798 and parameters: {'learning_rate': 0.015903584638392615, 'depth': 13, 'l2_leaf_reg': 1.9666318358098938, 'min_child_samples': 8}. Best is trial 215 with value: 0.27072508542975626.
[I 2025-03-12 17:30:54,858] Trial 365 finished with value: 0.27711011289164256 and parameters: {'learning_rate': 0.014077968866425341, 'depth': 13, 'l2_leaf_reg': 0.31450240954133113, 'min_child_samples': 32}. Best is trial 215 with value: 0.27072508542975626.
[I 2025-03-12 17:31:10,246] Trial 366 finished with value: 0.2788144528933832 and parameters: {'learning_rate': 0.015200276660791457, 'depth': 14, 'l2_leaf_reg': 2.2883690380053237, 'min_child_samples': 16}. Best is trial 215 with value: 0.27072508542975626.
[I 2025-03-12 17:31:19,300] Trial 367 finished with value: 0.2727330344908686 and parameters: {'learning_rate': 0.014674331079383063, 'depth': 13, 'l2_leaf_reg': 2.125801171548656, 'min_child_samples': 16}. Best is trial 215 with value: 0.27072508542975626.
[I 2025-03-12 17:31:28,650] Trial 368 finished with value: 0.2728703608959465 and parameters: {'learning_rate': 0.015581453435947346, 'depth': 13, 'l2_leaf_reg': 2.213309607535672, 'min_child_samples': 16}. Best is trial 215 with value: 0.27072508542975626.
[I 2025-03-12 17:31:32,792] Trial 369 finished with value: 0.2834162862092281 and parameters: {'learning_rate': 0.01567403219026109, 'depth': 11, 'l2_leaf_reg': 2.1585853544083, 'min_child_samples': 16}. Best is trial 215 with value: 0.27072508542975626.
[I 2025-03-12 17:31:38,473] Trial 370 finished with value: 0.2833315091513245 and parameters: {'learning_rate': 0.015430335478550454, 'depth': 12, 'l2_leaf_reg': 2.076929432487275, 'min_child_samples': 16}. Best is trial 215 with value: 0.27072508542975626.
[I 2025-03-12 17:31:47,591] Trial 371 finished with value: 0.27547755229303855 and parameters: {'learning_rate': 0.015939712452922555, 'depth': 13, 'l2_leaf_reg': 2.2162955010540926, 'min_child_samples': 32}. Best is trial 215 with value: 0.27072508542975626.
[I 2025-03-12 17:31:55,746] Trial 372 finished with value: 0.27605299281143547 and parameters: {'learning_rate': 0.015101897222179663, 'depth': 13, 'l2_leaf_reg': 2.1805644581603727, 'min_child_samples': 16}. Best is trial 215 with value: 0.27072508542975626.
[I 2025-03-12 17:32:11,397] Trial 373 finished with value: 0.29081759976569443 and parameters: {'learning_rate': 0.00554848982900381, 'depth': 14, 'l2_leaf_reg': 2.1199587742115704, 'min_child_samples': 4}. Best is trial 215 with value: 0.27072508542975626.
[I 2025-03-12 17:32:18,936] Trial 374 finished with value: 0.2750337790344978 and parameters: {'learning_rate': 0.016504835120656244, 'depth': 13, 'l2_leaf_reg': 2.1180050650139535, 'min_child_samples': 16}. Best is trial 215 with value: 0.27072508542975626.
[I 2025-03-12 17:32:28,221] Trial 375 finished with value: 0.27433203018009955 and parameters: {'learning_rate': 0.014697681693348126, 'depth': 13, 'l2_leaf_reg': 2.2606896481630723, 'min_child_samples': 16}. Best is trial 215 with value: 0.27072508542975626.
[I 2025-03-12 17:32:43,866] Trial 376 finished with value: 0.27649055753186824 and parameters: {'learning_rate': 0.015644121559539734, 'depth': 14, 'l2_leaf_reg': 1.9326863728457362, 'min_child_samples': 8}. Best is trial 215 with value: 0.27072508542975626.
[I 2025-03-12 17:32:52,982] Trial 377 finished with value: 0.27682449281094074 and parameters: {'learning_rate': 0.015220772821815887, 'depth': 13, 'l2_leaf_reg': 2.3280697843105043, 'min_child_samples': 16}. Best is trial 215 with value: 0.27072508542975626.
[I 2025-03-12 17:32:58,907] Trial 378 finished with value: 0.2821939898194752 and parameters: {'learning_rate': 0.014641054476066949, 'depth': 12, 'l2_leaf_reg': 2.0538228049090588, 'min_child_samples': 32}. Best is trial 215 with value: 0.27072508542975626.
[I 2025-03-12 17:33:05,677] Trial 379 finished with value: 0.2760843911349514 and parameters: {'learning_rate': 0.019646823294870983, 'depth': 13, 'l2_leaf_reg': 2.2377586152186955, 'min_child_samples': 1}. Best is trial 215 with value: 0.27072508542975626.
[I 2025-03-12 17:33:14,939] Trial 380 finished with value: 0.27815228190209285 and parameters: {'learning_rate': 0.008443490863430454, 'depth': 13, 'l2_leaf_reg': 2.0255074945950478, 'min_child_samples': 16}. Best is trial 215 with value: 0.27072508542975626.
[I 2025-03-12 17:34:10,356] Trial 381 finished with value: 0.29228049009604823 and parameters: {'learning_rate': 0.015989108025987523, 'depth': 16, 'l2_leaf_reg': 1.6513500397636653, 'min_child_samples': 16}. Best is trial 215 with value: 0.27072508542975626.
[I 2025-03-12 17:34:18,491] Trial 382 finished with value: 0.2779369109635798 and parameters: {'learning_rate': 0.015483576146897082, 'depth': 13, 'l2_leaf_reg': 2.409016522310637, 'min_child_samples': 16}. Best is trial 215 with value: 0.27072508542975626.
[I 2025-03-12 17:34:21,257] Trial 383 finished with value: 0.2883815479848413 and parameters: {'learning_rate': 0.01644615467397637, 'depth': 9, 'l2_leaf_reg': 1.2962526219912474, 'min_child_samples': 32}. Best is trial 215 with value: 0.27072508542975626.
[I 2025-03-12 17:34:26,302] Trial 384 finished with value: 0.2807987547119517 and parameters: {'learning_rate': 0.015076294719766964, 'depth': 12, 'l2_leaf_reg': 0.07242052936405358, 'min_child_samples': 16}. Best is trial 215 with value: 0.27072508542975626.
[I 2025-03-12 17:34:41,814] Trial 385 finished with value: 0.27605255235809767 and parameters: {'learning_rate': 0.014322398135160917, 'depth': 14, 'l2_leaf_reg': 2.154266095287368, 'min_child_samples': 16}. Best is trial 215 with value: 0.27072508542975626.
[I 2025-03-12 17:34:49,207] Trial 386 finished with value: 0.27638671812200755 and parameters: {'learning_rate': 0.014890159785667567, 'depth': 13, 'l2_leaf_reg': 2.32159902538644, 'min_child_samples': 16}. Best is trial 215 with value: 0.27072508542975626.
[I 2025-03-12 17:34:54,554] Trial 387 finished with value: 0.28076134007112424 and parameters: {'learning_rate': 0.01593610620566891, 'depth': 12, 'l2_leaf_reg': 1.8479184982981671, 'min_child_samples': 8}. Best is trial 215 with value: 0.27072508542975626.
[I 2025-03-12 17:35:10,357] Trial 388 finished with value: 0.2757789712789969 and parameters: {'learning_rate': 0.015537672398593692, 'depth': 14, 'l2_leaf_reg': 0.14037280481581688, 'min_child_samples': 16}. Best is trial 215 with value: 0.27072508542975626.
[I 2025-03-12 17:35:19,026] Trial 389 finished with value: 0.27497407210974983 and parameters: {'learning_rate': 0.01456093061083636, 'depth': 13, 'l2_leaf_reg': 2.2060715288549098, 'min_child_samples': 32}. Best is trial 215 with value: 0.27072508542975626.
[I 2025-03-12 17:35:25,605] Trial 390 finished with value: 0.27348047891066896 and parameters: {'learning_rate': 0.01859601365959722, 'depth': 13, 'l2_leaf_reg': 0.24947825614467767, 'min_child_samples': 16}. Best is trial 215 with value: 0.27072508542975626.
[I 2025-03-12 17:35:34,758] Trial 391 finished with value: 0.276185138047134 and parameters: {'learning_rate': 0.01389082904467363, 'depth': 13, 'l2_leaf_reg': 0.1652938510306698, 'min_child_samples': 16}. Best is trial 215 with value: 0.27072508542975626.
[I 2025-03-12 17:35:42,475] Trial 392 finished with value: 0.273530360090563 and parameters: {'learning_rate': 0.017489671448794986, 'depth': 13, 'l2_leaf_reg': 0.23960188293392548, 'min_child_samples': 16}. Best is trial 215 with value: 0.27072508542975626.
[I 2025-03-12 17:35:49,442] Trial 393 finished with value: 0.2772272500128956 and parameters: {'learning_rate': 0.019502633932020258, 'depth': 13, 'l2_leaf_reg': 1.678786163787699, 'min_child_samples': 16}. Best is trial 215 with value: 0.27072508542975626.
[I 2025-03-12 17:35:54,463] Trial 394 finished with value: 0.2810859508474654 and parameters: {'learning_rate': 0.0187444109102196, 'depth': 12, 'l2_leaf_reg': 0.07214898279683216, 'min_child_samples': 16}. Best is trial 215 with value: 0.27072508542975626.
[I 2025-03-12 17:36:01,322] Trial 395 finished with value: 0.2768531559352542 and parameters: {'learning_rate': 0.019261190271026036, 'depth': 13, 'l2_leaf_reg': 1.6016863553138059, 'min_child_samples': 16}. Best is trial 215 with value: 0.27072508542975626.
[I 2025-03-12 17:36:14,624] Trial 396 finished with value: 0.2777599359415198 and parameters: {'learning_rate': 0.017193041471174956, 'depth': 14, 'l2_leaf_reg': 0.26938729023051305, 'min_child_samples': 16}. Best is trial 215 with value: 0.27072508542975626.
[I 2025-03-12 17:36:22,260] Trial 397 finished with value: 0.2742966078841543 and parameters: {'learning_rate': 0.017959822870878075, 'depth': 13, 'l2_leaf_reg': 0.23032807313231496, 'min_child_samples': 16}. Best is trial 215 with value: 0.27072508542975626.
[I 2025-03-12 17:36:29,114] Trial 398 finished with value: 0.27726111410439136 and parameters: {'learning_rate': 0.01777915146037173, 'depth': 13, 'l2_leaf_reg': 0.12212843262033626, 'min_child_samples': 16}. Best is trial 215 with value: 0.27072508542975626.
[I 2025-03-12 17:36:31,547] Trial 399 finished with value: 0.2923982679533048 and parameters: {'learning_rate': 0.017892045516633127, 'depth': 8, 'l2_leaf_reg': 0.007372948691163089, 'min_child_samples': 16}. Best is trial 215 with value: 0.27072508542975626.
[I 2025-03-12 17:36:45,103] Trial 400 finished with value: 0.2757066753668724 and parameters: {'learning_rate': 0.01903479600782287, 'depth': 14, 'l2_leaf_reg': 0.30348928426559996, 'min_child_samples': 16}. Best is trial 215 with value: 0.27072508542975626.
[I 2025-03-12 17:36:50,191] Trial 401 finished with value: 0.27657740407162257 and parameters: {'learning_rate': 0.017560729910439797, 'depth': 12, 'l2_leaf_reg': 0.15396106933117035, 'min_child_samples': 16}. Best is trial 215 with value: 0.27072508542975626.
[I 2025-03-12 17:36:57,339] Trial 402 finished with value: 0.27357693675111655 and parameters: {'learning_rate': 0.018065104949516644, 'depth': 13, 'l2_leaf_reg': 0.9613160838732122, 'min_child_samples': 32}. Best is trial 215 with value: 0.27072508542975626.
[I 2025-03-12 17:37:05,348] Trial 403 finished with value: 0.2727840109686625 and parameters: {'learning_rate': 0.01887274392285089, 'depth': 13, 'l2_leaf_reg': 2.9227967852812036, 'min_child_samples': 16}. Best is trial 215 with value: 0.27072508542975626.
[I 2025-03-12 17:37:10,353] Trial 404 finished with value: 0.27492489105895274 and parameters: {'learning_rate': 0.018896516862938504, 'depth': 12, 'l2_leaf_reg': 2.1048418333633148, 'min_child_samples': 16}. Best is trial 215 with value: 0.27072508542975626.
[I 2025-03-12 17:37:26,061] Trial 405 finished with value: 0.2746661240224255 and parameters: {'learning_rate': 0.01840549248296338, 'depth': 14, 'l2_leaf_reg': 2.8172829922045035, 'min_child_samples': 16}. Best is trial 215 with value: 0.27072508542975626.
[I 2025-03-12 17:37:33,099] Trial 406 finished with value: 0.2762196450966606 and parameters: {'learning_rate': 0.01830784981340215, 'depth': 13, 'l2_leaf_reg': 1.0706555139907603, 'min_child_samples': 16}. Best is trial 215 with value: 0.27072508542975626.
[I 2025-03-12 17:37:41,246] Trial 407 finished with value: 0.2737686783338147 and parameters: {'learning_rate': 0.018013879185062108, 'depth': 13, 'l2_leaf_reg': 2.9545443656346113, 'min_child_samples': 16}. Best is trial 215 with value: 0.27072508542975626.
[I 2025-03-12 17:37:48,271] Trial 408 finished with value: 0.2774376964867835 and parameters: {'learning_rate': 0.018286176271986178, 'depth': 13, 'l2_leaf_reg': 2.876061588597462, 'min_child_samples': 16}. Best is trial 215 with value: 0.27072508542975626.
[I 2025-03-12 17:38:11,800] Trial 409 finished with value: 0.28734898835802686 and parameters: {'learning_rate': 0.018568747569749716, 'depth': 15, 'l2_leaf_reg': 2.9593959472634705, 'min_child_samples': 16}. Best is trial 215 with value: 0.27072508542975626.
[I 2025-03-12 17:38:25,446] Trial 410 finished with value: 0.2791238369883826 and parameters: {'learning_rate': 0.017411597775920423, 'depth': 14, 'l2_leaf_reg': 1.9687796740886467, 'min_child_samples': 16}. Best is trial 215 with value: 0.27072508542975626.
[I 2025-03-12 17:38:31,889] Trial 411 finished with value: 0.27528242256834407 and parameters: {'learning_rate': 0.019169127165814395, 'depth': 13, 'l2_leaf_reg': 1.0303985210069928, 'min_child_samples': 16}. Best is trial 215 with value: 0.27072508542975626.
[I 2025-03-12 17:38:36,486] Trial 412 finished with value: 0.28002899757912253 and parameters: {'learning_rate': 0.018749869345898437, 'depth': 12, 'l2_leaf_reg': 0.910341880859298, 'min_child_samples': 8}. Best is trial 215 with value: 0.27072508542975626.
[I 2025-03-12 17:38:44,439] Trial 413 finished with value: 0.2771493697504119 and parameters: {'learning_rate': 0.018567574056464822, 'depth': 13, 'l2_leaf_reg': 2.9182657027637173, 'min_child_samples': 16}. Best is trial 215 with value: 0.27072508542975626.
[I 2025-03-12 17:38:52,744] Trial 414 finished with value: 0.27321275334320755 and parameters: {'learning_rate': 0.019810149930262033, 'depth': 13, 'l2_leaf_reg': 2.727108576970335, 'min_child_samples': 4}. Best is trial 215 with value: 0.27072508542975626.
[I 2025-03-12 17:38:59,390] Trial 415 finished with value: 0.2779108552409753 and parameters: {'learning_rate': 0.01915534190288278, 'depth': 13, 'l2_leaf_reg': 2.884815349919903, 'min_child_samples': 4}. Best is trial 215 with value: 0.27072508542975626.
[I 2025-03-12 17:39:11,973] Trial 416 finished with value: 0.2804207630572928 and parameters: {'learning_rate': 0.01816616338426195, 'depth': 14, 'l2_leaf_reg': 2.6451054979433515, 'min_child_samples': 4}. Best is trial 215 with value: 0.27072508542975626.
[I 2025-03-12 17:39:19,454] Trial 417 finished with value: 0.27476970130700445 and parameters: {'learning_rate': 0.01992602415976554, 'depth': 13, 'l2_leaf_reg': 2.723185444622696, 'min_child_samples': 4}. Best is trial 215 with value: 0.27072508542975626.
[I 2025-03-12 17:39:27,173] Trial 418 finished with value: 0.27595419962959683 and parameters: {'learning_rate': 0.019003466473259664, 'depth': 13, 'l2_leaf_reg': 2.742187356788726, 'min_child_samples': 4}. Best is trial 215 with value: 0.27072508542975626.
[I 2025-03-12 17:39:32,257] Trial 419 finished with value: 0.2812296277338629 and parameters: {'learning_rate': 0.019974931166474294, 'depth': 12, 'l2_leaf_reg': 0.8480070674993095, 'min_child_samples': 4}. Best is trial 215 with value: 0.27072508542975626.
[I 2025-03-12 17:39:39,390] Trial 420 finished with value: 0.2759024108846334 and parameters: {'learning_rate': 0.019560971205740813, 'depth': 13, 'l2_leaf_reg': 2.8423213223702266, 'min_child_samples': 16}. Best is trial 215 with value: 0.27072508542975626.
[I 2025-03-12 17:39:43,667] Trial 421 finished with value: 0.2805222628287648 and parameters: {'learning_rate': 0.018654217979901036, 'depth': 12, 'l2_leaf_reg': 2.785570731815505, 'min_child_samples': 16}. Best is trial 215 with value: 0.27072508542975626.
[I 2025-03-12 17:39:59,458] Trial 422 finished with value: 0.27537568089080966 and parameters: {'learning_rate': 0.01767589267488566, 'depth': 14, 'l2_leaf_reg': 1.453352162369514, 'min_child_samples': 4}. Best is trial 215 with value: 0.27072508542975626.
[I 2025-03-12 17:40:05,330] Trial 423 finished with value: 0.2778705248796774 and parameters: {'learning_rate': 0.01928578599129004, 'depth': 13, 'l2_leaf_reg': 1.2311624557209149, 'min_child_samples': 4}. Best is trial 215 with value: 0.27072508542975626.
[I 2025-03-12 17:40:12,391] Trial 424 finished with value: 0.2766473487422805 and parameters: {'learning_rate': 0.018337424594655493, 'depth': 13, 'l2_leaf_reg': 0.995116631688883, 'min_child_samples': 16}. Best is trial 215 with value: 0.27072508542975626.
[I 2025-03-12 17:40:20,346] Trial 425 finished with value: 0.27588516299286897 and parameters: {'learning_rate': 0.01697721934915665, 'depth': 13, 'l2_leaf_reg': 2.686079208849199, 'min_child_samples': 16}. Best is trial 215 with value: 0.27072508542975626.
[I 2025-03-12 17:40:33,892] Trial 426 finished with value: 0.278601928769587 and parameters: {'learning_rate': 0.01806969796925934, 'depth': 14, 'l2_leaf_reg': 2.5755333385677037, 'min_child_samples': 16}. Best is trial 215 with value: 0.27072508542975626.
[I 2025-03-12 17:40:37,656] Trial 427 finished with value: 0.27938086476018026 and parameters: {'learning_rate': 0.019387288196408115, 'depth': 12, 'l2_leaf_reg': 2.800284101515714, 'min_child_samples': 8}. Best is trial 215 with value: 0.27072508542975626.
[I 2025-03-12 17:40:45,471] Trial 428 finished with value: 0.2734170119121108 and parameters: {'learning_rate': 0.018889330093428552, 'depth': 13, 'l2_leaf_reg': 1.3552800058501144, 'min_child_samples': 16}. Best is trial 215 with value: 0.27072508542975626.
[I 2025-03-12 17:40:52,330] Trial 429 finished with value: 0.27694922252669335 and parameters: {'learning_rate': 0.0196071115279012, 'depth': 13, 'l2_leaf_reg': 1.3744149531671996, 'min_child_samples': 16}. Best is trial 215 with value: 0.27072508542975626.
[I 2025-03-12 17:40:59,881] Trial 430 finished with value: 0.2731961920632231 and parameters: {'learning_rate': 0.019880288253976128, 'depth': 13, 'l2_leaf_reg': 1.4494620249695958, 'min_child_samples': 16}. Best is trial 215 with value: 0.27072508542975626.
[I 2025-03-12 17:41:06,992] Trial 431 finished with value: 0.2758828213671359 and parameters: {'learning_rate': 0.019473970004644806, 'depth': 13, 'l2_leaf_reg': 2.9427964087564007, 'min_child_samples': 16}. Best is trial 215 with value: 0.27072508542975626.
[I 2025-03-12 17:41:11,914] Trial 432 finished with value: 0.2802270236224102 and parameters: {'learning_rate': 0.01916119440819195, 'depth': 12, 'l2_leaf_reg': 1.487395187468289, 'min_child_samples': 16}. Best is trial 215 with value: 0.27072508542975626.
[I 2025-03-12 17:41:18,871] Trial 433 finished with value: 0.27523396220723906 and parameters: {'learning_rate': 0.019937010411277642, 'depth': 13, 'l2_leaf_reg': 1.5920810703199464, 'min_child_samples': 16}. Best is trial 215 with value: 0.27072508542975626.
[I 2025-03-12 17:41:30,495] Trial 434 finished with value: 0.27984347090838224 and parameters: {'learning_rate': 0.0189152615856677, 'depth': 14, 'l2_leaf_reg': 2.982122191596095, 'min_child_samples': 16}. Best is trial 215 with value: 0.27072508542975626.
[I 2025-03-12 17:41:39,308] Trial 435 finished with value: 0.2757457783061877 and parameters: {'learning_rate': 0.01973772602867669, 'depth': 13, 'l2_leaf_reg': 1.4377891750045635, 'min_child_samples': 16}. Best is trial 215 with value: 0.27072508542975626.
[I 2025-03-12 17:41:46,712] Trial 436 finished with value: 0.2724944829634621 and parameters: {'learning_rate': 0.019741391111347022, 'depth': 13, 'l2_leaf_reg': 2.881788433093507, 'min_child_samples': 16}. Best is trial 215 with value: 0.27072508542975626.
[I 2025-03-12 17:41:53,849] Trial 437 finished with value: 0.2746685012985145 and parameters: {'learning_rate': 0.019596245629375043, 'depth': 13, 'l2_leaf_reg': 2.8901567116039018, 'min_child_samples': 16}. Best is trial 215 with value: 0.27072508542975626.
[I 2025-03-12 17:41:56,218] Trial 438 finished with value: 0.29560225022846903 and parameters: {'learning_rate': 0.019845272092310108, 'depth': 7, 'l2_leaf_reg': 2.8700578309953277, 'min_child_samples': 16}. Best is trial 215 with value: 0.27072508542975626.
[I 2025-03-12 17:42:00,345] Trial 439 finished with value: 0.2799110060096585 and parameters: {'learning_rate': 0.0198775184983538, 'depth': 12, 'l2_leaf_reg': 2.820002678760408, 'min_child_samples': 16}. Best is trial 215 with value: 0.27072508542975626.
[I 2025-03-12 17:42:12,335] Trial 440 finished with value: 0.27824126065537147 and parameters: {'learning_rate': 0.019250430981998305, 'depth': 14, 'l2_leaf_reg': 2.778082456955282, 'min_child_samples': 16}. Best is trial 215 with value: 0.27072508542975626.
[I 2025-03-12 17:42:19,212] Trial 441 finished with value: 0.2743048128350942 and parameters: {'learning_rate': 0.01887888014368665, 'depth': 13, 'l2_leaf_reg': 2.9378073816246815, 'min_child_samples': 16}. Best is trial 215 with value: 0.27072508542975626.
[I 2025-03-12 17:42:22,677] Trial 442 finished with value: 0.37030851104523244 and parameters: {'learning_rate': 0.0017451473684020821, 'depth': 10, 'l2_leaf_reg': 1.5411854647280696, 'min_child_samples': 16}. Best is trial 215 with value: 0.27072508542975626.
[I 2025-03-12 17:42:29,561] Trial 443 finished with value: 0.2772416126984998 and parameters: {'learning_rate': 0.019475292348398253, 'depth': 13, 'l2_leaf_reg': 2.852270003764229, 'min_child_samples': 16}. Best is trial 215 with value: 0.27072508542975626.
[I 2025-03-12 17:42:34,173] Trial 444 finished with value: 0.27785972642778317 and parameters: {'learning_rate': 0.01986457733345485, 'depth': 12, 'l2_leaf_reg': 2.996435512145693, 'min_child_samples': 16}. Best is trial 215 with value: 0.27072508542975626.
