[I 2025-03-12 10:14:08,421] Trial 253 finished with value: 0.2811833459461084 and parameters: {'learning_rate': 0.016818764617350965, 'depth': 14, 'l2_leaf_reg': 2.425306247170129, 'min_child_samples': 1}. Best is trial 244 with value: 0.2711216274840732.
[I 2025-03-12 10:14:13,778] Trial 254 finished with value: 0.2818057964385495 and parameters: {'learning_rate': 0.016082666814334807, 'depth': 12, 'l2_leaf_reg': 2.581306760339232, 'min_child_samples': 1}. Best is trial 244 with value: 0.2711216274840732.
[I 2025-03-12 10:14:21,813] Trial 255 finished with value: 0.27382566922204227 and parameters: {'learning_rate': 0.016808397713176826, 'depth': 13, 'l2_leaf_reg': 2.5357124555063226, 'min_child_samples': 1}. Best is trial 244 with value: 0.2711216274840732.
[I 2025-03-12 10:14:25,009] Trial 256 finished with value: 0.2926382835772669 and parameters: {'learning_rate': 0.01716846145205464, 'depth': 9, 'l2_leaf_reg': 2.5270358042104077, 'min_child_samples': 1}. Best is trial 244 with value: 0.2711216274840732.
[I 2025-03-12 10:14:40,495] Trial 257 finished with value: 0.2761343047088327 and parameters: {'learning_rate': 0.016587724821179234, 'depth': 14, 'l2_leaf_reg': 2.34393877261881, 'min_child_samples': 1}. Best is trial 244 with value: 0.2711216274840732.
[I 2025-03-12 10:14:48,722] Trial 258 finished with value: 0.2753260580703936 and parameters: {'learning_rate': 0.016973225889583263, 'depth': 13, 'l2_leaf_reg': 2.4804375953359674, 'min_child_samples': 1}. Best is trial 244 with value: 0.2711216274840732.
[I 2025-03-12 10:14:53,718] Trial 259 finished with value: 0.28070607435374867 and parameters: {'learning_rate': 0.016161311679534687, 'depth': 12, 'l2_leaf_reg': 2.7178603262574494, 'min_child_samples': 1}. Best is trial 244 with value: 0.2711216274840732.
[I 2025-03-12 10:15:01,185] Trial 260 finished with value: 0.2769234031976689 and parameters: {'learning_rate': 0.01583491471174338, 'depth': 13, 'l2_leaf_reg': 2.3920175951461395, 'min_child_samples': 1}. Best is trial 244 with value: 0.2711216274840732.
[I 2025-03-12 10:15:08,993] Trial 261 finished with value: 0.27371477173601044 and parameters: {'learning_rate': 0.016535817971077758, 'depth': 13, 'l2_leaf_reg': 2.276261261560984, 'min_child_samples': 1}. Best is trial 244 with value: 0.2711216274840732.
[I 2025-03-12 10:15:17,754] Trial 262 finished with value: 0.27155592054774685 and parameters: {'learning_rate': 0.016690215565804047, 'depth': 13, 'l2_leaf_reg': 2.333380054641287, 'min_child_samples': 1}. Best is trial 244 with value: 0.2711216274840732.
[I 2025-03-12 10:15:25,853] Trial 263 finished with value: 0.2760307127839221 and parameters: {'learning_rate': 0.016527715679768143, 'depth': 13, 'l2_leaf_reg': 2.1824486213368774, 'min_child_samples': 1}. Best is trial 244 with value: 0.2711216274840732.
[I 2025-03-12 10:15:42,266] Trial 264 finished with value: 0.2747394132013214 and parameters: {'learning_rate': 0.01697919443253292, 'depth': 14, 'l2_leaf_reg': 2.2672704797343997, 'min_child_samples': 1}. Best is trial 244 with value: 0.2711216274840732.
[I 2025-03-12 10:15:50,564] Trial 265 finished with value: 0.27490544207940404 and parameters: {'learning_rate': 0.016327873820999112, 'depth': 13, 'l2_leaf_reg': 2.430324104364286, 'min_child_samples': 1}. Best is trial 244 with value: 0.2711216274840732.
[I 2025-03-12 10:16:04,513] Trial 266 finished with value: 0.27635589105842123 and parameters: {'learning_rate': 0.0166058349100176, 'depth': 14, 'l2_leaf_reg': 2.3461410943191745, 'min_child_samples': 1}. Best is trial 244 with value: 0.2711216274840732.
[I 2025-03-12 10:16:12,472] Trial 267 finished with value: 0.27796432323965553 and parameters: {'learning_rate': 0.016034968330081827, 'depth': 13, 'l2_leaf_reg': 2.545452810402691, 'min_child_samples': 1}. Best is trial 244 with value: 0.2711216274840732.
[I 2025-03-12 10:16:18,051] Trial 268 finished with value: 0.2834325138821168 and parameters: {'learning_rate': 0.015746362730256168, 'depth': 12, 'l2_leaf_reg': 2.3413670143684002, 'min_child_samples': 1}. Best is trial 244 with value: 0.2711216274840732.
[I 2025-03-12 10:16:27,054] Trial 269 finished with value: 0.2724619426956084 and parameters: {'learning_rate': 0.01621889905492296, 'depth': 13, 'l2_leaf_reg': 2.4813954473675595, 'min_child_samples': 1}. Best is trial 244 with value: 0.2711216274840732.
[I 2025-03-12 10:16:34,860] Trial 270 finished with value: 0.2745290573641915 and parameters: {'learning_rate': 0.01684063039449208, 'depth': 13, 'l2_leaf_reg': 2.4739130188970337, 'min_child_samples': 1}. Best is trial 244 with value: 0.2711216274840732.
[I 2025-03-12 10:16:39,888] Trial 271 finished with value: 0.28039343874806083 and parameters: {'learning_rate': 0.016292277304294504, 'depth': 12, 'l2_leaf_reg': 2.423242565760522, 'min_child_samples': 1}. Best is trial 244 with value: 0.2711216274840732.
[I 2025-03-12 10:16:47,920] Trial 272 finished with value: 0.275728194787973 and parameters: {'learning_rate': 0.01731156255344632, 'depth': 13, 'l2_leaf_reg': 2.2791721851398354, 'min_child_samples': 1}. Best is trial 244 with value: 0.2711216274840732.
[I 2025-03-12 10:16:57,246] Trial 273 finished with value: 0.2762041547078838 and parameters: {'learning_rate': 0.015592409593608096, 'depth': 13, 'l2_leaf_reg': 2.476271656804378, 'min_child_samples': 1}. Best is trial 244 with value: 0.2711216274840732.
[I 2025-03-12 10:17:11,136] Trial 274 finished with value: 0.2770967811507549 and parameters: {'learning_rate': 0.016563793863931097, 'depth': 14, 'l2_leaf_reg': 2.5243649373558834, 'min_child_samples': 1}. Best is trial 244 with value: 0.2711216274840732.
[I 2025-03-12 10:17:16,514] Trial 275 finished with value: 0.2795828871209879 and parameters: {'learning_rate': 0.016145308822454612, 'depth': 12, 'l2_leaf_reg': 2.3203722896436187, 'min_child_samples': 1}. Best is trial 244 with value: 0.2711216274840732.
[I 2025-03-12 10:17:25,130] Trial 276 finished with value: 0.2763829374864438 and parameters: {'learning_rate': 0.015500978803416525, 'depth': 13, 'l2_leaf_reg': 2.4073736320432575, 'min_child_samples': 1}. Best is trial 244 with value: 0.2711216274840732.
[I 2025-03-12 10:17:32,980] Trial 277 finished with value: 0.2749197982631822 and parameters: {'learning_rate': 0.01695656570935354, 'depth': 13, 'l2_leaf_reg': 2.2329088012311296, 'min_child_samples': 1}. Best is trial 244 with value: 0.2711216274840732.
[I 2025-03-12 10:17:42,624] Trial 278 finished with value: 0.2796171480915837 and parameters: {'learning_rate': 0.016142111099379568, 'depth': 13, 'l2_leaf_reg': 2.6329255478349394, 'min_child_samples': 1}. Best is trial 244 with value: 0.2711216274840732.
[I 2025-03-12 10:17:58,140] Trial 279 finished with value: 0.2780218152488153 and parameters: {'learning_rate': 0.016646285454586227, 'depth': 14, 'l2_leaf_reg': 2.377620609680903, 'min_child_samples': 1}. Best is trial 244 with value: 0.2711216274840732.
[I 2025-03-12 10:18:03,216] Trial 280 finished with value: 0.28037709150203566 and parameters: {'learning_rate': 0.015496531150134088, 'depth': 12, 'l2_leaf_reg': 2.537888704081165, 'min_child_samples': 1}. Best is trial 244 with value: 0.2711216274840732.
[I 2025-03-12 10:18:10,962] Trial 281 finished with value: 0.27660889925029064 and parameters: {'learning_rate': 0.017355518896977416, 'depth': 13, 'l2_leaf_reg': 2.455315808483031, 'min_child_samples': 1}. Best is trial 244 with value: 0.2711216274840732.
[I 2025-03-12 10:18:24,838] Trial 282 finished with value: 0.27925182466485066 and parameters: {'learning_rate': 0.0160596991328486, 'depth': 14, 'l2_leaf_reg': 2.5903475736406945, 'min_child_samples': 1}. Best is trial 244 with value: 0.2711216274840732.
[I 2025-03-12 10:18:34,299] Trial 283 finished with value: 0.2749311606444613 and parameters: {'learning_rate': 0.0105073824965687, 'depth': 13, 'l2_leaf_reg': 2.5061431707918937, 'min_child_samples': 1}. Best is trial 244 with value: 0.2711216274840732.
[I 2025-03-12 10:18:35,757] Trial 284 finished with value: 0.4401790150261465 and parameters: {'learning_rate': 0.015336820579451169, 'depth': 1, 'l2_leaf_reg': 2.302907703384336, 'min_child_samples': 1}. Best is trial 244 with value: 0.2711216274840732.
[I 2025-03-12 10:18:43,212] Trial 285 finished with value: 0.2780698483590278 and parameters: {'learning_rate': 0.01572664950949016, 'depth': 13, 'l2_leaf_reg': 2.3992065194094483, 'min_child_samples': 1}. Best is trial 244 with value: 0.2711216274840732.
[I 2025-03-12 10:18:51,417] Trial 286 finished with value: 0.27565609048735584 and parameters: {'learning_rate': 0.01640336408168501, 'depth': 13, 'l2_leaf_reg': 2.4552721166013955, 'min_child_samples': 1}. Best is trial 244 with value: 0.2711216274840732.
[I 2025-03-12 10:18:56,869] Trial 287 finished with value: 0.28162113286634916 and parameters: {'learning_rate': 0.01705143478560219, 'depth': 12, 'l2_leaf_reg': 2.1742683918748416, 'min_child_samples': 1}. Best is trial 244 with value: 0.2711216274840732.
[I 2025-03-12 10:19:05,727] Trial 288 finished with value: 0.27607762451405427 and parameters: {'learning_rate': 0.015244075107306972, 'depth': 13, 'l2_leaf_reg': 2.367852274779258, 'min_child_samples': 1}. Best is trial 244 with value: 0.2711216274840732.
[I 2025-03-12 10:19:21,902] Trial 289 finished with value: 0.27816091549052385 and parameters: {'learning_rate': 0.015852351191545665, 'depth': 14, 'l2_leaf_reg': 2.6781531028197714, 'min_child_samples': 1}. Best is trial 244 with value: 0.2711216274840732.
[I 2025-03-12 10:19:30,138] Trial 290 finished with value: 0.27447765030616406 and parameters: {'learning_rate': 0.016722342347074648, 'depth': 13, 'l2_leaf_reg': 0.516422111634157, 'min_child_samples': 1}. Best is trial 244 with value: 0.2711216274840732.
[I 2025-03-12 10:19:35,009] Trial 291 finished with value: 0.28063042721564085 and parameters: {'learning_rate': 0.01616824296951211, 'depth': 12, 'l2_leaf_reg': 2.5324503205377, 'min_child_samples': 1}. Best is trial 244 with value: 0.2711216274840732.
[I 2025-03-12 10:19:43,917] Trial 292 finished with value: 0.27588621737045416 and parameters: {'learning_rate': 0.015048646580065644, 'depth': 13, 'l2_leaf_reg': 2.604038001955313, 'min_child_samples': 1}. Best is trial 244 with value: 0.2711216274840732.
[I 2025-03-12 10:19:51,187] Trial 293 finished with value: 0.27757876323829367 and parameters: {'learning_rate': 0.01571646802843862, 'depth': 13, 'l2_leaf_reg': 2.5008631268270416, 'min_child_samples': 1}. Best is trial 244 with value: 0.2711216274840732.
[I 2025-03-12 10:20:05,270] Trial 294 finished with value: 0.27806958595219305 and parameters: {'learning_rate': 0.016379817508898407, 'depth': 14, 'l2_leaf_reg': 2.442599905709576, 'min_child_samples': 1}. Best is trial 244 with value: 0.2711216274840732.
[I 2025-03-12 10:20:13,532] Trial 295 finished with value: 0.2758099142291157 and parameters: {'learning_rate': 0.017162242417657365, 'depth': 13, 'l2_leaf_reg': 2.345409284767696, 'min_child_samples': 1}. Best is trial 244 with value: 0.2711216274840732.
[I 2025-03-12 10:20:18,635] Trial 296 finished with value: 0.2819054804340662 and parameters: {'learning_rate': 0.015253290777044784, 'depth': 12, 'l2_leaf_reg': 2.5658524462847168, 'min_child_samples': 1}. Best is trial 244 with value: 0.2711216274840732.
[I 2025-03-12 10:20:26,392] Trial 297 finished with value: 0.2755903755658206 and parameters: {'learning_rate': 0.01682661275914131, 'depth': 13, 'l2_leaf_reg': 1.9343390454093647, 'min_child_samples': 1}. Best is trial 244 with value: 0.2711216274840732.
[I 2025-03-12 10:20:34,126] Trial 298 finished with value: 0.27434081246512637 and parameters: {'learning_rate': 0.01594728763342583, 'depth': 13, 'l2_leaf_reg': 2.2936599679528404, 'min_child_samples': 1}. Best is trial 244 with value: 0.2711216274840732.
[I 2025-03-12 10:20:40,387] Trial 299 finished with value: 0.28496140185383556 and parameters: {'learning_rate': 0.00669260264480411, 'depth': 12, 'l2_leaf_reg': 1.2616304430201262, 'min_child_samples': 1}. Best is trial 244 with value: 0.2711216274840732.
[I 2025-03-12 10:20:54,711] Trial 300 finished with value: 0.2764883040595932 and parameters: {'learning_rate': 0.01765042687776579, 'depth': 14, 'l2_leaf_reg': 1.8377349294070893, 'min_child_samples': 1}. Best is trial 244 with value: 0.2711216274840732.
[I 2025-03-12 10:21:03,519] Trial 301 finished with value: 0.2770667467947721 and parameters: {'learning_rate': 0.015520012353195839, 'depth': 13, 'l2_leaf_reg': 2.4260516767065226, 'min_child_samples': 1}. Best is trial 244 with value: 0.2711216274840732.
[I 2025-03-12 10:21:12,293] Trial 302 finished with value: 0.2725019966275125 and parameters: {'learning_rate': 0.016490955459847412, 'depth': 13, 'l2_leaf_reg': 2.4901709242263466, 'min_child_samples': 1}. Best is trial 244 with value: 0.2711216274840732.
[I 2025-03-12 10:21:25,629] Trial 303 finished with value: 0.2757795601566701 and parameters: {'learning_rate': 0.016493923109603036, 'depth': 14, 'l2_leaf_reg': 2.2172708610107006, 'min_child_samples': 1}. Best is trial 244 with value: 0.2711216274840732.
[I 2025-03-12 10:21:33,544] Trial 304 finished with value: 0.27182814008049866 and parameters: {'learning_rate': 0.017247262306891976, 'depth': 13, 'l2_leaf_reg': 2.4867937313398603, 'min_child_samples': 1}. Best is trial 244 with value: 0.2711216274840732.
[I 2025-03-12 10:21:43,043] Trial 305 finished with value: 0.2712165996469778 and parameters: {'learning_rate': 0.017245693153897637, 'depth': 13, 'l2_leaf_reg': 2.497469278351314, 'min_child_samples': 1}. Best is trial 244 with value: 0.2711216274840732.
[I 2025-03-12 10:21:48,306] Trial 306 finished with value: 0.28122540036562504 and parameters: {'learning_rate': 0.017524731955227992, 'depth': 12, 'l2_leaf_reg': 2.507703779825747, 'min_child_samples': 1}. Best is trial 244 with value: 0.2711216274840732.
[I 2025-03-12 10:21:51,018] Trial 307 finished with value: 0.292239203085393 and parameters: {'learning_rate': 0.01721009435111732, 'depth': 8, 'l2_leaf_reg': 2.0947359426888275, 'min_child_samples': 1}. Best is trial 244 with value: 0.2711216274840732.
[I 2025-03-12 10:21:58,824] Trial 308 finished with value: 0.2764564587935248 and parameters: {'learning_rate': 0.017472692650683054, 'depth': 13, 'l2_leaf_reg': 2.459722634915339, 'min_child_samples': 1}. Best is trial 244 with value: 0.2711216274840732.
[I 2025-03-12 10:22:01,939] Trial 309 finished with value: 0.28847504495821763 and parameters: {'learning_rate': 0.01786753852720336, 'depth': 10, 'l2_leaf_reg': 2.624041624108104, 'min_child_samples': 1}. Best is trial 244 with value: 0.2711216274840732.
[I 2025-03-12 10:22:15,869] Trial 310 finished with value: 0.27688400994953877 and parameters: {'learning_rate': 0.017147695074685124, 'depth': 14, 'l2_leaf_reg': 2.480537493880058, 'min_child_samples': 1}. Best is trial 244 with value: 0.2711216274840732.
[I 2025-03-12 10:22:24,300] Trial 311 finished with value: 0.2754122946441555 and parameters: {'learning_rate': 0.01686884573461943, 'depth': 13, 'l2_leaf_reg': 2.389059365550758, 'min_child_samples': 1}. Best is trial 244 with value: 0.2711216274840732.
[I 2025-03-12 10:22:32,496] Trial 312 finished with value: 0.27282830864078955 and parameters: {'learning_rate': 0.016718495738274892, 'depth': 13, 'l2_leaf_reg': 0.7334208146659883, 'min_child_samples': 1}. Best is trial 244 with value: 0.2711216274840732.
[I 2025-03-12 10:22:39,222] Trial 313 finished with value: 0.27750445391873324 and parameters: {'learning_rate': 0.016783397646716748, 'depth': 13, 'l2_leaf_reg': 0.6586779526783269, 'min_child_samples': 1}. Best is trial 244 with value: 0.2711216274840732.
[I 2025-03-12 10:22:47,362] Trial 314 finished with value: 0.2756772196276704 and parameters: {'learning_rate': 0.017596280452377322, 'depth': 13, 'l2_leaf_reg': 2.567633996749558, 'min_child_samples': 1}. Best is trial 244 with value: 0.2711216274840732.
[I 2025-03-12 10:22:52,687] Trial 315 finished with value: 0.28066274034598415 and parameters: {'learning_rate': 0.017095280626812915, 'depth': 12, 'l2_leaf_reg': 2.5064385388171613, 'min_child_samples': 1}. Best is trial 244 with value: 0.2711216274840732.
[I 2025-03-12 10:22:56,187] Trial 316 finished with value: 0.2874212685275345 and parameters: {'learning_rate': 0.016592884873241256, 'depth': 11, 'l2_leaf_reg': 1.8954389987485685, 'min_child_samples': 1}. Best is trial 244 with value: 0.2711216274840732.
[I 2025-03-12 10:23:03,739] Trial 317 finished with value: 0.274852340378163 and parameters: {'learning_rate': 0.016897058919327627, 'depth': 13, 'l2_leaf_reg': 0.8475968836134664, 'min_child_samples': 1}. Best is trial 244 with value: 0.2711216274840732.
[I 2025-03-12 10:23:28,248] Trial 318 finished with value: 0.2851046969644701 and parameters: {'learning_rate': 0.017437805262564044, 'depth': 15, 'l2_leaf_reg': 2.727467297714918, 'min_child_samples': 1}. Best is trial 244 with value: 0.2711216274840732.
[I 2025-03-12 10:23:43,180] Trial 319 finished with value: 0.2769319437683065 and parameters: {'learning_rate': 0.01641488086348673, 'depth': 14, 'l2_leaf_reg': 2.464042130478568, 'min_child_samples': 1}. Best is trial 244 with value: 0.2711216274840732.
[I 2025-03-12 10:23:52,404] Trial 320 finished with value: 0.2765408010246026 and parameters: {'learning_rate': 0.01636009730734968, 'depth': 13, 'l2_leaf_reg': 0.7597625471934583, 'min_child_samples': 1}. Best is trial 244 with value: 0.2711216274840732.
[I 2025-03-12 10:23:57,878] Trial 321 finished with value: 0.2805175019122958 and parameters: {'learning_rate': 0.017042188291149382, 'depth': 12, 'l2_leaf_reg': 1.9574006564965227, 'min_child_samples': 1}. Best is trial 244 with value: 0.2711216274840732.
[I 2025-03-12 10:24:06,062] Trial 322 finished with value: 0.27359235846673596 and parameters: {'learning_rate': 0.016699549472211844, 'depth': 13, 'l2_leaf_reg': 2.36392748927658, 'min_child_samples': 16}. Best is trial 244 with value: 0.2711216274840732.
[I 2025-03-12 10:24:13,235] Trial 323 finished with value: 0.27838409958324095 and parameters: {'learning_rate': 0.01773730526999306, 'depth': 13, 'l2_leaf_reg': 0.7002815936981002, 'min_child_samples': 16}. Best is trial 244 with value: 0.2711216274840732.
[I 2025-03-12 10:24:21,020] Trial 324 finished with value: 0.2766695007374198 and parameters: {'learning_rate': 0.017306870936537797, 'depth': 13, 'l2_leaf_reg': 2.5414271519727616, 'min_child_samples': 16}. Best is trial 244 with value: 0.2711216274840732.
[I 2025-03-12 10:24:28,698] Trial 325 finished with value: 0.27517346003882664 and parameters: {'learning_rate': 0.017979581074327018, 'depth': 13, 'l2_leaf_reg': 2.4143614910900375, 'min_child_samples': 16}. Best is trial 244 with value: 0.2711216274840732.
[I 2025-03-12 10:24:30,859] Trial 326 finished with value: 0.32472235920214804 and parameters: {'learning_rate': 0.016266294758351056, 'depth': 5, 'l2_leaf_reg': 2.2673722346524765, 'min_child_samples': 16}. Best is trial 244 with value: 0.2711216274840732.
[I 2025-03-12 10:24:39,041] Trial 327 finished with value: 0.2751388790696032 and parameters: {'learning_rate': 0.0167787384418266, 'depth': 13, 'l2_leaf_reg': 2.6687640655449805, 'min_child_samples': 16}. Best is trial 244 with value: 0.2711216274840732.
[I 2025-03-12 10:24:48,481] Trial 328 finished with value: 0.273785854257571 and parameters: {'learning_rate': 0.01610797831642431, 'depth': 13, 'l2_leaf_reg': 0.5966816339045005, 'min_child_samples': 4}. Best is trial 244 with value: 0.2711216274840732.
[I 2025-03-12 10:25:04,038] Trial 329 finished with value: 0.27757805916614703 and parameters: {'learning_rate': 0.016073463200786068, 'depth': 14, 'l2_leaf_reg': 2.5920702758460608, 'min_child_samples': 4}. Best is trial 244 with value: 0.2711216274840732.
[I 2025-03-12 10:26:00,006] Trial 330 finished with value: 0.2960099823981631 and parameters: {'learning_rate': 0.01661983323575722, 'depth': 16, 'l2_leaf_reg': 2.3396048290100295, 'min_child_samples': 4}. Best is trial 244 with value: 0.2711216274840732.
[I 2025-03-12 10:26:07,879] Trial 331 finished with value: 0.27558051740413336 and parameters: {'learning_rate': 0.01711479106395761, 'depth': 13, 'l2_leaf_reg': 0.5804159137305973, 'min_child_samples': 4}. Best is trial 244 with value: 0.2711216274840732.
[I 2025-03-12 10:26:15,387] Trial 332 finished with value: 0.27636479987735096 and parameters: {'learning_rate': 0.016257735705076163, 'depth': 13, 'l2_leaf_reg': 1.7932921212400323, 'min_child_samples': 4}. Best is trial 244 with value: 0.2711216274840732.
[I 2025-03-12 10:26:30,646] Trial 333 finished with value: 0.2780381610825308 and parameters: {'learning_rate': 0.016140106516868907, 'depth': 14, 'l2_leaf_reg': 2.4590503120488467, 'min_child_samples': 4}. Best is trial 244 with value: 0.2711216274840732.
[I 2025-03-12 10:26:37,765] Trial 334 finished with value: 0.276460403085543 and parameters: {'learning_rate': 0.016756536064597163, 'depth': 13, 'l2_leaf_reg': 1.4412086503543389, 'min_child_samples': 4}. Best is trial 244 with value: 0.2711216274840732.
[I 2025-03-12 10:26:45,686] Trial 335 finished with value: 0.27509031929143124 and parameters: {'learning_rate': 0.01736504425430003, 'depth': 13, 'l2_leaf_reg': 1.8788023897271042, 'min_child_samples': 8}. Best is trial 244 with value: 0.2711216274840732.
[I 2025-03-12 10:26:52,900] Trial 336 finished with value: 0.27609307913578685 and parameters: {'learning_rate': 0.015989324983482992, 'depth': 13, 'l2_leaf_reg': 2.5146508376733663, 'min_child_samples': 1}. Best is trial 244 with value: 0.2711216274840732.
[I 2025-03-12 10:26:57,521] Trial 337 finished with value: 0.27905251166898165 and parameters: {'learning_rate': 0.016886298263348747, 'depth': 12, 'l2_leaf_reg': 2.031701618841508, 'min_child_samples': 1}. Best is trial 244 with value: 0.2711216274840732.
