[I 2025-03-12 19:27:57,792] Trial 129 finished with value: 0.4676935840754037 and parameters: {'learning_rate': 0.0184054781555083, 'depth': 9, 'l2_leaf_reg': 2.372654069581593, 'min_child_samples': 4}. Best is trial 64 with value: 0.46591905004998774.
[I 2025-03-12 19:28:00,378] Trial 130 finished with value: 0.46853579965566117 and parameters: {'learning_rate': 0.01998176931019238, 'depth': 8, 'l2_leaf_reg': 1.9989260131810895, 'min_child_samples': 8}. Best is trial 64 with value: 0.46591905004998774.
[I 2025-03-12 19:28:03,322] Trial 131 finished with value: 0.4708174173688295 and parameters: {'learning_rate': 0.018156300205030507, 'depth': 9, 'l2_leaf_reg': 2.3532554197780966, 'min_child_samples': 4}. Best is trial 64 with value: 0.46591905004998774.
[I 2025-03-12 19:28:06,200] Trial 132 finished with value: 0.46848296819174784 and parameters: {'learning_rate': 0.018906538015829418, 'depth': 9, 'l2_leaf_reg': 2.2352049350425713, 'min_child_samples': 4}. Best is trial 64 with value: 0.46591905004998774.
[I 2025-03-12 19:28:09,380] Trial 133 finished with value: 0.4695322442608569 and parameters: {'learning_rate': 0.019549314662728096, 'depth': 9, 'l2_leaf_reg': 1.4257587546103938, 'min_child_samples': 4}. Best is trial 64 with value: 0.46591905004998774.
[I 2025-03-12 19:28:13,150] Trial 134 finished with value: 0.4692693663676125 and parameters: {'learning_rate': 0.019194973887287456, 'depth': 10, 'l2_leaf_reg': 2.4121467653106787, 'min_child_samples': 4}. Best is trial 64 with value: 0.46591905004998774.
[I 2025-03-12 19:28:16,656] Trial 135 finished with value: 0.4706420568389752 and parameters: {'learning_rate': 0.018310750591701314, 'depth': 8, 'l2_leaf_reg': 2.1934617371724663, 'min_child_samples': 4}. Best is trial 64 with value: 0.46591905004998774.
[I 2025-03-12 19:28:21,324] Trial 136 finished with value: 0.4689676908853152 and parameters: {'learning_rate': 0.018592248186517443, 'depth': 10, 'l2_leaf_reg': 2.293667605705962, 'min_child_samples': 4}. Best is trial 64 with value: 0.46591905004998774.
[I 2025-03-12 19:28:25,577] Trial 137 finished with value: 0.46997210472158346 and parameters: {'learning_rate': 0.01711752132346613, 'depth': 9, 'l2_leaf_reg': 2.533881354033856, 'min_child_samples': 4}. Best is trial 64 with value: 0.46591905004998774.
[I 2025-03-12 19:28:29,679] Trial 138 finished with value: 0.4707282676995916 and parameters: {'learning_rate': 0.01956226788626505, 'depth': 9, 'l2_leaf_reg': 2.137044204682081, 'min_child_samples': 8}. Best is trial 64 with value: 0.46591905004998774.
[I 2025-03-12 19:28:33,424] Trial 139 finished with value: 0.4717498348027791 and parameters: {'learning_rate': 0.017663080181414055, 'depth': 8, 'l2_leaf_reg': 2.369550918723666, 'min_child_samples': 16}. Best is trial 64 with value: 0.46591905004998774.
[I 2025-03-12 19:28:38,378] Trial 140 finished with value: 0.46912178155967466 and parameters: {'learning_rate': 0.019142266745934357, 'depth': 10, 'l2_leaf_reg': 2.0375286666966885, 'min_child_samples': 32}. Best is trial 64 with value: 0.46591905004998774.
[I 2025-03-12 19:28:42,744] Trial 141 finished with value: 0.46710469514702546 and parameters: {'learning_rate': 0.01963763534683636, 'depth': 9, 'l2_leaf_reg': 0.4965749074183017, 'min_child_samples': 1}. Best is trial 64 with value: 0.46591905004998774.
[I 2025-03-12 19:28:47,301] Trial 142 finished with value: 0.46719133327470574 and parameters: {'learning_rate': 0.019684456439507458, 'depth': 9, 'l2_leaf_reg': 0.853612621998822, 'min_child_samples': 1}. Best is trial 64 with value: 0.46591905004998774.
[I 2025-03-12 19:28:51,772] Trial 143 finished with value: 0.4673436035442427 and parameters: {'learning_rate': 0.019998543432151353, 'depth': 9, 'l2_leaf_reg': 0.27462324016683803, 'min_child_samples': 1}. Best is trial 64 with value: 0.46591905004998774.
[I 2025-03-12 19:28:56,111] Trial 144 finished with value: 0.4689195255958388 and parameters: {'learning_rate': 0.019567418141484366, 'depth': 9, 'l2_leaf_reg': 0.35667255938848513, 'min_child_samples': 1}. Best is trial 64 with value: 0.46591905004998774.
[I 2025-03-12 19:29:01,417] Trial 145 finished with value: 0.4654714271085222 and parameters: {'learning_rate': 0.019983213158866954, 'depth': 10, 'l2_leaf_reg': 0.7101907567487709, 'min_child_samples': 1}. Best is trial 145 with value: 0.4654714271085222.
[I 2025-03-12 19:29:06,610] Trial 146 finished with value: 0.4682392910763415 and parameters: {'learning_rate': 0.019845270912785182, 'depth': 10, 'l2_leaf_reg': 0.456674538757656, 'min_child_samples': 1}. Best is trial 145 with value: 0.4654714271085222.
[I 2025-03-12 19:29:12,512] Trial 147 finished with value: 0.4742244513895078 and parameters: {'learning_rate': 0.019361966776909822, 'depth': 11, 'l2_leaf_reg': 0.6850997081077, 'min_child_samples': 1}. Best is trial 145 with value: 0.4654714271085222.
[I 2025-03-12 19:29:17,492] Trial 148 finished with value: 0.47075624560020746 and parameters: {'learning_rate': 0.019707521608040166, 'depth': 10, 'l2_leaf_reg': 0.2943529799742668, 'min_child_samples': 1}. Best is trial 145 with value: 0.4654714271085222.
[I 2025-03-12 19:29:22,028] Trial 149 finished with value: 0.46799625915109855 and parameters: {'learning_rate': 0.019963910701005963, 'depth': 8, 'l2_leaf_reg': 0.16205512153880575, 'min_child_samples': 1}. Best is trial 145 with value: 0.4654714271085222.
[I 2025-03-12 19:29:28,145] Trial 150 finished with value: 0.47018694214041307 and parameters: {'learning_rate': 0.018918725130197163, 'depth': 10, 'l2_leaf_reg': 0.8559841596648227, 'min_child_samples': 1}. Best is trial 145 with value: 0.4654714271085222.
[I 2025-03-12 19:29:33,226] Trial 151 finished with value: 0.46860626984424747 and parameters: {'learning_rate': 0.018929716281481657, 'depth': 9, 'l2_leaf_reg': 0.5432693095042892, 'min_child_samples': 1}. Best is trial 145 with value: 0.4654714271085222.
[I 2025-03-12 19:29:38,204] Trial 152 finished with value: 0.47066642735134084 and parameters: {'learning_rate': 0.019270553954475217, 'depth': 9, 'l2_leaf_reg': 1.0494159673941006, 'min_child_samples': 1}. Best is trial 145 with value: 0.4654714271085222.
[I 2025-03-12 19:29:43,467] Trial 153 finished with value: 0.4682127674629201 and parameters: {'learning_rate': 0.018723875804713516, 'depth': 8, 'l2_leaf_reg': 0.49497085920835193, 'min_child_samples': 1}. Best is trial 145 with value: 0.4654714271085222.
[I 2025-03-12 19:29:49,147] Trial 154 finished with value: 0.4677728515527271 and parameters: {'learning_rate': 0.019988911662694682, 'depth': 9, 'l2_leaf_reg': 0.6296174104138302, 'min_child_samples': 1}. Best is trial 145 with value: 0.4654714271085222.
[I 2025-03-12 19:29:54,380] Trial 155 finished with value: 0.4682825836312333 and parameters: {'learning_rate': 0.019470917453533947, 'depth': 9, 'l2_leaf_reg': 0.7292767693704542, 'min_child_samples': 1}. Best is trial 145 with value: 0.4654714271085222.
[I 2025-03-12 19:30:00,347] Trial 156 finished with value: 0.4688930469042256 and parameters: {'learning_rate': 0.019028298662758427, 'depth': 10, 'l2_leaf_reg': 0.1673664903938507, 'min_child_samples': 1}. Best is trial 145 with value: 0.4654714271085222.
[I 2025-03-12 19:30:04,123] Trial 157 finished with value: 0.8410764886352888 and parameters: {'learning_rate': 0.018530814230529494, 'depth': 1, 'l2_leaf_reg': 0.8904857367328245, 'min_child_samples': 1}. Best is trial 145 with value: 0.4654714271085222.
[I 2025-03-12 19:30:09,283] Trial 158 finished with value: 0.47012563798674234 and parameters: {'learning_rate': 0.018041689742434426, 'depth': 9, 'l2_leaf_reg': 0.4259495984793847, 'min_child_samples': 1}. Best is trial 145 with value: 0.4654714271085222.
[I 2025-03-12 19:30:15,285] Trial 159 finished with value: 0.46813770254046383 and parameters: {'learning_rate': 0.019487789683374352, 'depth': 10, 'l2_leaf_reg': 0.3700281215223711, 'min_child_samples': 1}. Best is trial 145 with value: 0.4654714271085222.
[I 2025-03-12 19:30:19,991] Trial 160 finished with value: 0.4684213586073384 and parameters: {'learning_rate': 0.019138741708290163, 'depth': 8, 'l2_leaf_reg': 0.6287317722817086, 'min_child_samples': 8}. Best is trial 145 with value: 0.4654714271085222.
[I 2025-03-12 19:30:25,320] Trial 161 finished with value: 0.46899352339319994 and parameters: {'learning_rate': 0.01998120181551808, 'depth': 9, 'l2_leaf_reg': 0.25372673510377786, 'min_child_samples': 16}. Best is trial 145 with value: 0.4654714271085222.
[I 2025-03-12 19:30:30,843] Trial 162 finished with value: 0.47038215736399036 and parameters: {'learning_rate': 0.019550244094166083, 'depth': 9, 'l2_leaf_reg': 2.2646412527596116, 'min_child_samples': 8}. Best is trial 145 with value: 0.4654714271085222.
[I 2025-03-12 19:30:36,049] Trial 163 finished with value: 0.46872225734669726 and parameters: {'learning_rate': 0.018812257383884402, 'depth': 9, 'l2_leaf_reg': 1.2706151798497296, 'min_child_samples': 1}. Best is trial 145 with value: 0.4654714271085222.
[I 2025-03-12 19:30:40,488] Trial 164 finished with value: 0.4689597365715694 and parameters: {'learning_rate': 0.019628613849569525, 'depth': 8, 'l2_leaf_reg': 2.086158099855256, 'min_child_samples': 8}. Best is trial 145 with value: 0.4654714271085222.
[I 2025-03-12 19:30:45,523] Trial 165 finished with value: 0.46786152619624216 and parameters: {'learning_rate': 0.019996498582267125, 'depth': 9, 'l2_leaf_reg': 2.206943081995959, 'min_child_samples': 16}. Best is trial 145 with value: 0.4654714271085222.
[I 2025-03-12 19:30:51,217] Trial 166 finished with value: 0.46741810453629323 and parameters: {'learning_rate': 0.019178401040900305, 'depth': 10, 'l2_leaf_reg': 2.485772111786963, 'min_child_samples': 8}. Best is trial 145 with value: 0.4654714271085222.
[I 2025-03-12 19:30:57,647] Trial 167 finished with value: 0.47485034409356114 and parameters: {'learning_rate': 0.018404933667008582, 'depth': 11, 'l2_leaf_reg': 2.453475109870861, 'min_child_samples': 8}. Best is trial 145 with value: 0.4654714271085222.
[I 2025-03-12 19:31:03,087] Trial 168 finished with value: 0.4668711983176634 and parameters: {'learning_rate': 0.01919446511185852, 'depth': 10, 'l2_leaf_reg': 2.4960538159491237, 'min_child_samples': 8}. Best is trial 145 with value: 0.4654714271085222.
[I 2025-03-12 19:31:08,365] Trial 169 finished with value: 0.47125342038420465 and parameters: {'learning_rate': 0.013328046763205361, 'depth': 10, 'l2_leaf_reg': 2.5798917759290707, 'min_child_samples': 8}. Best is trial 145 with value: 0.4654714271085222.
[I 2025-03-12 19:31:16,525] Trial 170 finished with value: 0.4758130791175259 and parameters: {'learning_rate': 0.019245656484048617, 'depth': 12, 'l2_leaf_reg': 2.5359100093691924, 'min_child_samples': 8}. Best is trial 145 with value: 0.4654714271085222.
[I 2025-03-12 19:31:22,001] Trial 171 finished with value: 0.4702039403793202 and parameters: {'learning_rate': 0.0188961651534672, 'depth': 10, 'l2_leaf_reg': 2.4826849444691064, 'min_child_samples': 8}. Best is trial 145 with value: 0.4654714271085222.
[I 2025-03-12 19:31:27,181] Trial 172 finished with value: 0.47077837806775896 and parameters: {'learning_rate': 0.019281354155712215, 'depth': 10, 'l2_leaf_reg': 2.4128307846120993, 'min_child_samples': 8}. Best is trial 145 with value: 0.4654714271085222.
[I 2025-03-12 19:31:31,024] Trial 173 finished with value: 0.47025462265176765 and parameters: {'learning_rate': 0.01854909605108235, 'depth': 10, 'l2_leaf_reg': 2.701040574301958, 'min_child_samples': 8}. Best is trial 145 with value: 0.4654714271085222.
[I 2025-03-12 19:31:36,870] Trial 174 finished with value: 0.4729432007628555 and parameters: {'learning_rate': 0.019574086994675454, 'depth': 11, 'l2_leaf_reg': 2.63664936901455, 'min_child_samples': 8}. Best is trial 145 with value: 0.4654714271085222.
[I 2025-03-12 19:31:42,928] Trial 175 finished with value: 0.46891354865283136 and parameters: {'learning_rate': 0.017985469019622786, 'depth': 9, 'l2_leaf_reg': 2.3448334248822738, 'min_child_samples': 8}. Best is trial 145 with value: 0.4654714271085222.
[I 2025-03-12 19:31:49,755] Trial 176 finished with value: 1.213936743427663 and parameters: {'learning_rate': 0.0008219471997949097, 'depth': 9, 'l2_leaf_reg': 0.752104085849276, 'min_child_samples': 8}. Best is trial 145 with value: 0.4654714271085222.
[I 2025-03-12 19:31:56,315] Trial 177 finished with value: 0.46667454724287827 and parameters: {'learning_rate': 0.018970190330726874, 'depth': 9, 'l2_leaf_reg': 2.294069257164508, 'min_child_samples': 1}. Best is trial 145 with value: 0.4654714271085222.
[I 2025-03-12 19:32:03,147] Trial 178 finished with value: 0.4697214673228075 and parameters: {'learning_rate': 0.01925797891481145, 'depth': 10, 'l2_leaf_reg': 2.3081076956723368, 'min_child_samples': 1}. Best is trial 145 with value: 0.4654714271085222.
[I 2025-03-12 19:32:08,552] Trial 179 finished with value: 0.46765421225643095 and parameters: {'learning_rate': 0.019713227631271556, 'depth': 8, 'l2_leaf_reg': 2.431662291067461, 'min_child_samples': 1}. Best is trial 145 with value: 0.4654714271085222.
[I 2025-03-12 19:32:15,249] Trial 180 finished with value: 0.46949510332955924 and parameters: {'learning_rate': 0.018780898682544303, 'depth': 9, 'l2_leaf_reg': 2.302571218654146, 'min_child_samples': 1}. Best is trial 145 with value: 0.4654714271085222.
[I 2025-03-12 19:32:21,662] Trial 181 finished with value: 0.46708138098077995 and parameters: {'learning_rate': 0.01962609291742018, 'depth': 9, 'l2_leaf_reg': 2.4316851839381606, 'min_child_samples': 1}. Best is trial 145 with value: 0.4654714271085222.
[I 2025-03-12 19:32:28,164] Trial 182 finished with value: 0.46784922717363353 and parameters: {'learning_rate': 0.01933201491539939, 'depth': 9, 'l2_leaf_reg': 2.5038365319742475, 'min_child_samples': 1}. Best is trial 145 with value: 0.4654714271085222.
[I 2025-03-12 19:32:34,325] Trial 183 finished with value: 0.46735809470505024 and parameters: {'learning_rate': 0.019672826142625836, 'depth': 9, 'l2_leaf_reg': 2.3858572850987607, 'min_child_samples': 1}. Best is trial 145 with value: 0.4654714271085222.
[I 2025-03-12 19:32:40,274] Trial 184 finished with value: 0.46661520101187515 and parameters: {'learning_rate': 0.019680148086591173, 'depth': 9, 'l2_leaf_reg': 2.389036341879734, 'min_child_samples': 1}. Best is trial 145 with value: 0.4654714271085222.
[I 2025-03-12 19:32:47,266] Trial 185 finished with value: 0.46853260215599496 and parameters: {'learning_rate': 0.0196675806354647, 'depth': 9, 'l2_leaf_reg': 2.251313595864926, 'min_child_samples': 1}. Best is trial 145 with value: 0.4654714271085222.
[I 2025-03-12 19:32:53,323] Trial 186 finished with value: 0.4700595822340126 and parameters: {'learning_rate': 0.019083018671212936, 'depth': 8, 'l2_leaf_reg': 2.4816570097665145, 'min_child_samples': 1}. Best is trial 145 with value: 0.4654714271085222.
[I 2025-03-12 19:32:59,926] Trial 187 finished with value: 0.5177070774578633 and parameters: {'learning_rate': 0.006147700795631149, 'depth': 9, 'l2_leaf_reg': 2.1633219748495818, 'min_child_samples': 1}. Best is trial 145 with value: 0.4654714271085222.
[I 2025-03-12 19:33:06,423] Trial 188 finished with value: 0.46825024831008055 and parameters: {'learning_rate': 0.019626757655594025, 'depth': 9, 'l2_leaf_reg': 2.348188119093516, 'min_child_samples': 1}. Best is trial 145 with value: 0.4654714271085222.
[I 2025-03-12 19:33:11,843] Trial 189 finished with value: 0.4698486517267938 and parameters: {'learning_rate': 0.018684368361596718, 'depth': 8, 'l2_leaf_reg': 2.4033143457029977, 'min_child_samples': 1}. Best is trial 145 with value: 0.4654714271085222.
[I 2025-03-12 19:33:18,390] Trial 190 finished with value: 0.46873687043247364 and parameters: {'learning_rate': 0.01998544779359611, 'depth': 9, 'l2_leaf_reg': 0.8299726905951734, 'min_child_samples': 1}. Best is trial 145 with value: 0.4654714271085222.
[I 2025-03-12 19:33:25,086] Trial 191 finished with value: 0.46966144192620307 and parameters: {'learning_rate': 0.019345991315955147, 'depth': 9, 'l2_leaf_reg': 2.4278993594310814, 'min_child_samples': 1}. Best is trial 145 with value: 0.4654714271085222.
[I 2025-03-12 19:33:30,925] Trial 192 finished with value: 0.46763905209774836 and parameters: {'learning_rate': 0.01994108445738401, 'depth': 9, 'l2_leaf_reg': 2.575592830546522, 'min_child_samples': 1}. Best is trial 145 with value: 0.4654714271085222.
[I 2025-03-12 19:33:35,247] Trial 193 finished with value: 0.4699795220296363 and parameters: {'learning_rate': 0.019078054854158984, 'depth': 10, 'l2_leaf_reg': 2.341761823662832, 'min_child_samples': 1}. Best is trial 145 with value: 0.4654714271085222.
[I 2025-03-12 19:33:38,149] Trial 194 finished with value: 0.47031437950552646 and parameters: {'learning_rate': 0.019664858902446996, 'depth': 9, 'l2_leaf_reg': 2.2653218104462085, 'min_child_samples': 1}. Best is trial 145 with value: 0.4654714271085222.
[I 2025-03-12 19:33:40,784] Trial 195 finished with value: 0.46922163028317 and parameters: {'learning_rate': 0.019352637202154792, 'depth': 8, 'l2_leaf_reg': 1.1165295278025578, 'min_child_samples': 1}. Best is trial 145 with value: 0.4654714271085222.
[I 2025-03-12 19:33:44,588] Trial 196 finished with value: 0.47100416469193934 and parameters: {'learning_rate': 0.01888822034757807, 'depth': 10, 'l2_leaf_reg': 0.04916853849779926, 'min_child_samples': 32}. Best is trial 145 with value: 0.4654714271085222.
[I 2025-03-12 19:33:47,358] Trial 197 finished with value: 0.47023478757566156 and parameters: {'learning_rate': 0.018369284044745172, 'depth': 9, 'l2_leaf_reg': 2.52376692355964, 'min_child_samples': 8}. Best is trial 145 with value: 0.4654714271085222.
[I 2025-03-12 19:33:50,000] Trial 198 finished with value: 0.4680887513061095 and parameters: {'learning_rate': 0.01997165448198854, 'depth': 8, 'l2_leaf_reg': 2.385297575580215, 'min_child_samples': 1}. Best is trial 145 with value: 0.4654714271085222.
[I 2025-03-12 19:33:51,998] Trial 199 finished with value: 0.521378982557299 and parameters: {'learning_rate': 0.019400482572567903, 'depth': 4, 'l2_leaf_reg': 2.208979488877675, 'min_child_samples': 8}. Best is trial 145 with value: 0.4654714271085222.
[I 2025-03-12 19:33:54,949] Trial 200 finished with value: 0.4673471914747077 and parameters: {'learning_rate': 0.019053253441022565, 'depth': 9, 'l2_leaf_reg': 2.308690343988415, 'min_child_samples': 1}. Best is trial 145 with value: 0.4654714271085222.
[I 2025-03-12 19:33:58,019] Trial 201 finished with value: 0.4673575963873074 and parameters: {'learning_rate': 0.019116753481230236, 'depth': 9, 'l2_leaf_reg': 2.310999242903568, 'min_child_samples': 1}. Best is trial 145 with value: 0.4654714271085222.
[I 2025-03-12 19:34:01,029] Trial 202 finished with value: 0.46570347205459195 and parameters: {'learning_rate': 0.018969494489182913, 'depth': 9, 'l2_leaf_reg': 2.3101600603613903, 'min_child_samples': 1}. Best is trial 145 with value: 0.4654714271085222.
[I 2025-03-12 19:34:04,177] Trial 203 finished with value: 0.4685865326840116 and parameters: {'learning_rate': 0.018650102855186607, 'depth': 9, 'l2_leaf_reg': 2.3055840066776465, 'min_child_samples': 1}. Best is trial 145 with value: 0.4654714271085222.
[I 2025-03-12 19:34:07,062] Trial 204 finished with value: 0.468128978823194 and parameters: {'learning_rate': 0.018260793240805075, 'depth': 9, 'l2_leaf_reg': 2.1656884496110367, 'min_child_samples': 1}. Best is trial 145 with value: 0.4654714271085222.
[I 2025-03-12 19:34:10,102] Trial 205 finished with value: 0.4666531075871144 and parameters: {'learning_rate': 0.018972129891226364, 'depth': 9, 'l2_leaf_reg': 2.2473028888971927, 'min_child_samples': 1}. Best is trial 145 with value: 0.4654714271085222.
[I 2025-03-12 19:34:13,201] Trial 206 finished with value: 0.46868365558925795 and parameters: {'learning_rate': 0.018923494466772446, 'depth': 9, 'l2_leaf_reg': 2.263023868937013, 'min_child_samples': 1}. Best is trial 145 with value: 0.4654714271085222.
[I 2025-03-12 19:34:16,293] Trial 207 finished with value: 0.46855505082998333 and parameters: {'learning_rate': 0.018567828233594263, 'depth': 9, 'l2_leaf_reg': 2.3285848672486833, 'min_child_samples': 1}. Best is trial 145 with value: 0.4654714271085222.
[I 2025-03-12 19:34:18,828] Trial 208 finished with value: 0.4693358397326928 and parameters: {'learning_rate': 0.01905227368001138, 'depth': 8, 'l2_leaf_reg': 2.2195446633897853, 'min_child_samples': 1}. Best is trial 145 with value: 0.4654714271085222.
[I 2025-03-12 19:34:21,649] Trial 209 finished with value: 0.466904641917317 and parameters: {'learning_rate': 0.01967493153665983, 'depth': 9, 'l2_leaf_reg': 2.3862454069459456, 'min_child_samples': 1}. Best is trial 145 with value: 0.4654714271085222.
[I 2025-03-12 19:34:24,793] Trial 210 finished with value: 0.47062146748776446 and parameters: {'learning_rate': 0.018066115323039613, 'depth': 9, 'l2_leaf_reg': 2.2834696789230184, 'min_child_samples': 1}. Best is trial 145 with value: 0.4654714271085222.
[I 2025-03-12 19:34:27,729] Trial 211 finished with value: 0.47207278003815123 and parameters: {'learning_rate': 0.019536916566985616, 'depth': 9, 'l2_leaf_reg': 2.381977496779989, 'min_child_samples': 1}. Best is trial 145 with value: 0.4654714271085222.
[I 2025-03-12 19:34:30,847] Trial 212 finished with value: 0.4687223748743854 and parameters: {'learning_rate': 0.019421068375450466, 'depth': 9, 'l2_leaf_reg': 2.451877357943618, 'min_child_samples': 1}. Best is trial 145 with value: 0.4654714271085222.
[I 2025-03-12 19:34:33,861] Trial 213 finished with value: 0.4676894703455623 and parameters: {'learning_rate': 0.01969146468575028, 'depth': 9, 'l2_leaf_reg': 2.35059274717464, 'min_child_samples': 1}. Best is trial 145 with value: 0.4654714271085222.
