[I 2025-03-12 17:52:58,287] Trial 27 finished with value: 2.020653677935747 and parameters: {'learning_rate': 0.01278085131466782, 'depth': 14, 'l2_leaf_reg': 0.321472875282341, 'min_child_samples': 4}. Best is trial 22 with value: 2.0028644184441218.
[I 2025-03-12 17:53:01,292] Trial 28 finished with value: 2.0086122431385873 and parameters: {'learning_rate': 0.009295748231267414, 'depth': 11, 'l2_leaf_reg': 0.027481394399957004, 'min_child_samples': 32}. Best is trial 22 with value: 2.0028644184441218.
[I 2025-03-12 17:53:09,103] Trial 29 finished with value: 2.010963895569493 and parameters: {'learning_rate': 0.006373932420795508, 'depth': 13, 'l2_leaf_reg': 1.2640105885439692, 'min_child_samples': 16}. Best is trial 22 with value: 2.0028644184441218.
[I 2025-03-12 17:53:13,474] Trial 30 finished with value: 2.003824380834591 and parameters: {'learning_rate': 0.0038524663043173453, 'depth': 11, 'l2_leaf_reg': 0.8919933041776391, 'min_child_samples': 4}. Best is trial 22 with value: 2.0028644184441218.
[I 2025-03-12 17:53:17,847] Trial 31 finished with value: 2.003968299340081 and parameters: {'learning_rate': 0.0036678196065146936, 'depth': 11, 'l2_leaf_reg': 0.8854198711855514, 'min_child_samples': 4}. Best is trial 22 with value: 2.0028644184441218.
[I 2025-03-12 17:53:23,938] Trial 32 finished with value: 2.007323633514919 and parameters: {'learning_rate': 0.0035397265785373604, 'depth': 12, 'l2_leaf_reg': 0.9266249261291172, 'min_child_samples': 4}. Best is trial 22 with value: 2.0028644184441218.
[I 2025-03-12 17:53:27,483] Trial 33 finished with value: 2.0093609730082296 and parameters: {'learning_rate': 0.002892548653660831, 'depth': 10, 'l2_leaf_reg': 1.1296608795303513, 'min_child_samples': 4}. Best is trial 22 with value: 2.0028644184441218.
[I 2025-03-12 17:53:43,235] Trial 34 finished with value: 2.018692934269355 and parameters: {'learning_rate': 0.0035662945521508834, 'depth': 14, 'l2_leaf_reg': 1.8738427353274612, 'min_child_samples': 32}. Best is trial 22 with value: 2.0028644184441218.
[I 2025-03-12 17:53:45,245] Trial 35 finished with value: 2.0071531250155963 and parameters: {'learning_rate': 0.006350920550111324, 'depth': 9, 'l2_leaf_reg': 0.8837258273770054, 'min_child_samples': 16}. Best is trial 22 with value: 2.0028644184441218.
[I 2025-03-12 17:53:47,657] Trial 36 finished with value: 2.0360677082136704 and parameters: {'learning_rate': 0.001788295800289331, 'depth': 7, 'l2_leaf_reg': 0.3911736227066445, 'min_child_samples': 4}. Best is trial 22 with value: 2.0028644184441218.
[I 2025-03-12 17:53:49,977] Trial 37 finished with value: 2.0073227530896043 and parameters: {'learning_rate': 0.010209159961076887, 'depth': 10, 'l2_leaf_reg': 1.408503756923287, 'min_child_samples': 4}. Best is trial 22 with value: 2.0028644184441218.
[I 2025-03-12 17:54:19,152] Trial 38 finished with value: 2.0597163869454627 and parameters: {'learning_rate': 0.0015311420910473035, 'depth': 15, 'l2_leaf_reg': 0.6848074159695767, 'min_child_samples': 16}. Best is trial 22 with value: 2.0028644184441218.
[I 2025-03-12 17:54:23,414] Trial 39 finished with value: 2.005693353453852 and parameters: {'learning_rate': 0.004381052994043959, 'depth': 11, 'l2_leaf_reg': 1.0381660693196637, 'min_child_samples': 4}. Best is trial 22 with value: 2.0028644184441218.
[I 2025-03-12 17:54:28,116] Trial 40 finished with value: 2.0088485668509066 and parameters: {'learning_rate': 0.006440385208762693, 'depth': 12, 'l2_leaf_reg': 2.096819364741871, 'min_child_samples': 4}. Best is trial 22 with value: 2.0028644184441218.
[I 2025-03-12 17:54:30,603] Trial 41 finished with value: 2.008842122683102 and parameters: {'learning_rate': 0.011915271911743927, 'depth': 11, 'l2_leaf_reg': 0.6166951383503094, 'min_child_samples': 4}. Best is trial 22 with value: 2.0028644184441218.
[I 2025-03-12 17:54:33,270] Trial 42 finished with value: 2.0050355510323743 and parameters: {'learning_rate': 0.009032179289266463, 'depth': 10, 'l2_leaf_reg': 0.8006398722737684, 'min_child_samples': 4}. Best is trial 22 with value: 2.0028644184441218.
[I 2025-03-12 17:54:35,337] Trial 43 finished with value: 2.003118998155387 and parameters: {'learning_rate': 0.009126664682231491, 'depth': 9, 'l2_leaf_reg': 1.246927218087961, 'min_child_samples': 4}. Best is trial 22 with value: 2.0028644184441218.
[I 2025-03-12 17:54:37,653] Trial 44 finished with value: 2.0092509360599182 and parameters: {'learning_rate': 0.007436606258221892, 'depth': 9, 'l2_leaf_reg': 1.2224604761615716, 'min_child_samples': 1}. Best is trial 22 with value: 2.0028644184441218.
[I 2025-03-12 17:54:39,858] Trial 45 finished with value: 2.008349334121973 and parameters: {'learning_rate': 0.004309404095071271, 'depth': 7, 'l2_leaf_reg': 1.4219648286006419, 'min_child_samples': 4}. Best is trial 22 with value: 2.0028644184441218.
[I 2025-03-12 17:54:42,736] Trial 46 finished with value: 2.0876550420094304 and parameters: {'learning_rate': 0.0007605722298027907, 'depth': 9, 'l2_leaf_reg': 1.2276226288305305, 'min_child_samples': 4}. Best is trial 22 with value: 2.0028644184441218.
[I 2025-03-12 17:54:50,274] Trial 47 finished with value: 2.0113387064244446 and parameters: {'learning_rate': 0.005986436494820601, 'depth': 13, 'l2_leaf_reg': 1.000986309659529, 'min_child_samples': 4}. Best is trial 22 with value: 2.0028644184441218.
[I 2025-03-12 17:54:51,854] Trial 48 finished with value: 2.0118564628904174 and parameters: {'learning_rate': 0.009899111719908316, 'depth': 6, 'l2_leaf_reg': 0.21144241321116342, 'min_child_samples': 1}. Best is trial 22 with value: 2.0028644184441218.
[I 2025-03-12 17:54:54,320] Trial 49 finished with value: 2.0206967933629 and parameters: {'learning_rate': 0.002520825993845312, 'depth': 8, 'l2_leaf_reg': 1.6781849690678468, 'min_child_samples': 32}. Best is trial 22 with value: 2.0028644184441218.
[I 2025-03-12 17:54:57,735] Trial 50 finished with value: 2.0118057357882657 and parameters: {'learning_rate': 0.011870100987216603, 'depth': 12, 'l2_leaf_reg': 1.5228837951362857, 'min_child_samples': 4}. Best is trial 22 with value: 2.0028644184441218.
[I 2025-03-12 17:55:00,347] Trial 51 finished with value: 2.005704224823371 and parameters: {'learning_rate': 0.008222578112698746, 'depth': 10, 'l2_leaf_reg': 0.8239411491036412, 'min_child_samples': 4}. Best is trial 22 with value: 2.0028644184441218.
[I 2025-03-12 17:55:03,513] Trial 52 finished with value: 2.00792826227779 and parameters: {'learning_rate': 0.009074975530993179, 'depth': 11, 'l2_leaf_reg': 0.7609956288938969, 'min_child_samples': 4}. Best is trial 22 with value: 2.0028644184441218.
[I 2025-03-12 17:55:06,518] Trial 53 finished with value: 2.002951400198341 and parameters: {'learning_rate': 0.007155965894616083, 'depth': 10, 'l2_leaf_reg': 0.9686017164922011, 'min_child_samples': 4}. Best is trial 22 with value: 2.0028644184441218.
[I 2025-03-12 17:55:08,935] Trial 54 finished with value: 2.0067957830530596 and parameters: {'learning_rate': 0.006749025349709001, 'depth': 9, 'l2_leaf_reg': 1.0690321849560027, 'min_child_samples': 4}. Best is trial 22 with value: 2.0028644184441218.
[I 2025-03-12 17:55:14,517] Trial 55 finished with value: 2.009991657097308 and parameters: {'learning_rate': 0.005638767545576837, 'depth': 12, 'l2_leaf_reg': 0.97202718018498, 'min_child_samples': 4}. Best is trial 22 with value: 2.0028644184441218.
[I 2025-03-12 17:55:16,167] Trial 56 finished with value: 2.008406873590282 and parameters: {'learning_rate': 0.007492575352976181, 'depth': 8, 'l2_leaf_reg': 1.2952573264584997, 'min_child_samples': 4}. Best is trial 22 with value: 2.0028644184441218.
[I 2025-03-12 17:55:20,659] Trial 57 finished with value: 2.0049086981807167 and parameters: {'learning_rate': 0.004651723567766033, 'depth': 11, 'l2_leaf_reg': 1.1632744842411862, 'min_child_samples': 8}. Best is trial 22 with value: 2.0028644184441218.
[I 2025-03-12 17:55:23,122] Trial 58 finished with value: 2.0037678437401403 and parameters: {'learning_rate': 0.01050785129701926, 'depth': 10, 'l2_leaf_reg': 2.9511653074336417, 'min_child_samples': 16}. Best is trial 22 with value: 2.0028644184441218.
[I 2025-03-12 17:55:25,048] Trial 59 finished with value: 2.00591198009974 and parameters: {'learning_rate': 0.010833142767723156, 'depth': 9, 'l2_leaf_reg': 1.4250512833316091, 'min_child_samples': 16}. Best is trial 22 with value: 2.0028644184441218.
[I 2025-03-12 17:55:26,556] Trial 60 finished with value: 2.0057822581540257 and parameters: {'learning_rate': 0.01443859572404307, 'depth': 7, 'l2_leaf_reg': 2.9012804347791197, 'min_child_samples': 16}. Best is trial 22 with value: 2.0028644184441218.
[I 2025-03-12 17:55:28,770] Trial 61 finished with value: 2.007366284779971 and parameters: {'learning_rate': 0.010212858910005595, 'depth': 10, 'l2_leaf_reg': 2.5280196379054756, 'min_child_samples': 16}. Best is trial 22 with value: 2.0028644184441218.
[I 2025-03-12 17:55:32,656] Trial 62 finished with value: 2.0015815695918335 and parameters: {'learning_rate': 0.008340600307429549, 'depth': 11, 'l2_leaf_reg': 0.8990234813823877, 'min_child_samples': 16}. Best is trial 62 with value: 2.0015815695918335.
[I 2025-03-12 17:55:35,841] Trial 63 finished with value: 2.003725440706941 and parameters: {'learning_rate': 0.00977867323349243, 'depth': 11, 'l2_leaf_reg': 0.9113918823192971, 'min_child_samples': 16}. Best is trial 62 with value: 2.0015815695918335.
[I 2025-03-12 17:55:37,257] Trial 64 finished with value: 2.07672069475291 and parameters: {'learning_rate': 0.011776327138749666, 'depth': 1, 'l2_leaf_reg': 1.0380324466487258, 'min_child_samples': 16}. Best is trial 62 with value: 2.0015815695918335.
[I 2025-03-12 17:55:41,232] Trial 65 finished with value: 2.0122938101052514 and parameters: {'learning_rate': 0.009623009218726029, 'depth': 12, 'l2_leaf_reg': 2.175413907752515, 'min_child_samples': 16}. Best is trial 62 with value: 2.0015815695918335.
[I 2025-03-12 17:55:46,174] Trial 66 finished with value: 2.0124342269224167 and parameters: {'learning_rate': 0.012948667766741653, 'depth': 13, 'l2_leaf_reg': 2.687582755986006, 'min_child_samples': 16}. Best is trial 62 with value: 2.0015815695918335.
[I 2025-03-12 17:55:49,445] Trial 67 finished with value: 2.005872235830435 and parameters: {'learning_rate': 0.007989786854673896, 'depth': 11, 'l2_leaf_reg': 1.3363929771946192, 'min_child_samples': 16}. Best is trial 62 with value: 2.0015815695918335.
[I 2025-03-12 17:55:51,399] Trial 68 finished with value: 2.0063996614457484 and parameters: {'learning_rate': 0.011418395410950457, 'depth': 10, 'l2_leaf_reg': 1.1809141069659543, 'min_child_samples': 16}. Best is trial 62 with value: 2.0015815695918335.
[I 2025-03-12 17:55:53,799] Trial 69 finished with value: 2.0086573807340886 and parameters: {'learning_rate': 0.007011121579685855, 'depth': 9, 'l2_leaf_reg': 0.6976085463654307, 'min_child_samples': 16}. Best is trial 62 with value: 2.0015815695918335.
[I 2025-03-12 17:55:55,645] Trial 70 finished with value: 2.0060386948043436 and parameters: {'learning_rate': 0.01070888801827037, 'depth': 8, 'l2_leaf_reg': 1.7578966735921087, 'min_child_samples': 16}. Best is trial 62 with value: 2.0015815695918335.
[I 2025-03-12 17:55:58,904] Trial 71 finished with value: 2.0046668678045263 and parameters: {'learning_rate': 0.00848545942581908, 'depth': 11, 'l2_leaf_reg': 0.9129369873798512, 'min_child_samples': 1}. Best is trial 62 with value: 2.0015815695918335.
[I 2025-03-12 17:56:01,600] Trial 72 finished with value: 2.0056165641559507 and parameters: {'learning_rate': 0.009840599173117774, 'depth': 10, 'l2_leaf_reg': 0.8937337779867307, 'min_child_samples': 16}. Best is trial 62 with value: 2.0015815695918335.
[I 2025-03-12 17:56:05,922] Trial 73 finished with value: 2.003794738639262 and parameters: {'learning_rate': 0.0038816972315584394, 'depth': 11, 'l2_leaf_reg': 0.5834791141824062, 'min_child_samples': 32}. Best is trial 62 with value: 2.0015815695918335.
[I 2025-03-12 17:56:08,635] Trial 74 finished with value: 2.005499135966276 and parameters: {'learning_rate': 0.010403647759853384, 'depth': 11, 'l2_leaf_reg': 0.6385908443639623, 'min_child_samples': 32}. Best is trial 62 with value: 2.0015815695918335.
[I 2025-03-12 17:56:14,990] Trial 75 finished with value: 2.017370791165039 and parameters: {'learning_rate': 0.00786477724497393, 'depth': 13, 'l2_leaf_reg': 0.3452681122280161, 'min_child_samples': 32}. Best is trial 62 with value: 2.0015815695918335.
[I 2025-03-12 17:56:19,100] Trial 76 finished with value: 2.0098979725287984 and parameters: {'learning_rate': 0.00862494011512536, 'depth': 12, 'l2_leaf_reg': 0.5794908666804299, 'min_child_samples': 32}. Best is trial 62 with value: 2.0015815695918335.
[I 2025-03-12 17:56:21,170] Trial 77 finished with value: 2.002421437847134 and parameters: {'learning_rate': 0.013533685324836283, 'depth': 10, 'l2_leaf_reg': 1.121107223839035, 'min_child_samples': 32}. Best is trial 62 with value: 2.0015815695918335.
[I 2025-03-12 17:56:23,034] Trial 78 finished with value: 2.005744220915493 and parameters: {'learning_rate': 0.015573388758990989, 'depth': 10, 'l2_leaf_reg': 1.0964533346547953, 'min_child_samples': 32}. Best is trial 62 with value: 2.0015815695918335.
[I 2025-03-12 17:56:24,892] Trial 79 finished with value: 2.0078271962669327 and parameters: {'learning_rate': 0.013619583053037381, 'depth': 9, 'l2_leaf_reg': 0.47351308772571044, 'min_child_samples': 32}. Best is trial 62 with value: 2.0015815695918335.
[I 2025-03-12 17:56:26,480] Trial 80 finished with value: 2.0127034255604257 and parameters: {'learning_rate': 0.012408207293324987, 'depth': 8, 'l2_leaf_reg': 0.7513009429552503, 'min_child_samples': 32}. Best is trial 62 with value: 2.0015815695918335.
[I 2025-03-12 17:56:28,506] Trial 81 finished with value: 2.007588379456057 and parameters: {'learning_rate': 0.01802257216288391, 'depth': 10, 'l2_leaf_reg': 0.9455345816741889, 'min_child_samples': 32}. Best is trial 62 with value: 2.0015815695918335.
[I 2025-03-12 17:56:31,353] Trial 82 finished with value: 2.0067270391295073 and parameters: {'learning_rate': 0.009385294881930429, 'depth': 11, 'l2_leaf_reg': 1.1141041743784545, 'min_child_samples': 8}. Best is trial 62 with value: 2.0015815695918335.
[I 2025-03-12 17:56:34,401] Trial 83 finished with value: 2.01481157282759 and parameters: {'learning_rate': 0.015362770177008073, 'depth': 12, 'l2_leaf_reg': 0.8204680218684863, 'min_child_samples': 32}. Best is trial 62 with value: 2.0015815695918335.
[I 2025-03-12 17:56:37,850] Trial 84 finished with value: 2.004715863586897 and parameters: {'learning_rate': 0.0038980791525420884, 'depth': 10, 'l2_leaf_reg': 0.9791142615768302, 'min_child_samples': 16}. Best is trial 62 with value: 2.0015815695918335.
[I 2025-03-12 17:56:40,513] Trial 85 finished with value: 2.012586997354307 and parameters: {'learning_rate': 0.0050764088434190795, 'depth': 9, 'l2_leaf_reg': 1.2365348361425572, 'min_child_samples': 1}. Best is trial 62 with value: 2.0015815695918335.
[I 2025-03-12 17:56:44,398] Trial 86 finished with value: 2.0064382767562474 and parameters: {'learning_rate': 0.007419047722584699, 'depth': 11, 'l2_leaf_reg': 1.3874001894209662, 'min_child_samples': 32}. Best is trial 62 with value: 2.0015815695918335.
[I 2025-03-12 17:56:50,247] Trial 87 finished with value: 2.012664927601374 and parameters: {'learning_rate': 0.0030455311895585986, 'depth': 12, 'l2_leaf_reg': 1.041502351360822, 'min_child_samples': 16}. Best is trial 62 with value: 2.0015815695918335.
[I 2025-03-12 17:56:53,419] Trial 88 finished with value: 2.0053088745677385 and parameters: {'learning_rate': 0.005480319497152153, 'depth': 10, 'l2_leaf_reg': 1.184062110759961, 'min_child_samples': 4}. Best is trial 62 with value: 2.0015815695918335.
[I 2025-03-12 17:56:54,610] Trial 89 finished with value: 2.0560728626257383 and parameters: {'learning_rate': 0.013860081515413448, 'depth': 2, 'l2_leaf_reg': 1.5702428063205436, 'min_child_samples': 8}. Best is trial 62 with value: 2.0015815695918335.
[I 2025-03-12 17:56:56,961] Trial 90 finished with value: 2.0046756832338195 and parameters: {'learning_rate': 0.008884443236793823, 'depth': 9, 'l2_leaf_reg': 1.2895452963442262, 'min_child_samples': 4}. Best is trial 62 with value: 2.0015815695918335.
[I 2025-03-12 17:57:01,363] Trial 91 finished with value: 2.0360993744285563 and parameters: {'learning_rate': 0.0017229702908355153, 'depth': 11, 'l2_leaf_reg': 0.8663396223880928, 'min_child_samples': 4}. Best is trial 62 with value: 2.0015815695918335.
[I 2025-03-12 17:57:05,857] Trial 92 finished with value: 2.0107073624383656 and parameters: {'learning_rate': 0.0030262822296279086, 'depth': 11, 'l2_leaf_reg': 0.7143670028330927, 'min_child_samples': 4}. Best is trial 62 with value: 2.0015815695918335.
[I 2025-03-12 17:57:09,096] Trial 93 finished with value: 2.067532689307598 and parameters: {'learning_rate': 0.0009972331056927906, 'depth': 10, 'l2_leaf_reg': 0.8348036842730084, 'min_child_samples': 4}. Best is trial 62 with value: 2.0015815695918335.
[I 2025-03-12 17:57:15,351] Trial 94 finished with value: 2.0235022769435487 and parameters: {'learning_rate': 0.0022754250894069707, 'depth': 12, 'l2_leaf_reg': 0.9839276717287866, 'min_child_samples': 4}. Best is trial 62 with value: 2.0015815695918335.
[I 2025-03-12 17:57:19,646] Trial 95 finished with value: 2.002857886131329 and parameters: {'learning_rate': 0.0037336874551085345, 'depth': 11, 'l2_leaf_reg': 1.073691227160629, 'min_child_samples': 4}. Best is trial 62 with value: 2.0015815695918335.
[I 2025-03-12 17:57:23,659] Trial 96 finished with value: 2.0054396051405283 and parameters: {'learning_rate': 0.005809680995039902, 'depth': 11, 'l2_leaf_reg': 1.1103827959118397, 'min_child_samples': 16}. Best is trial 62 with value: 2.0015815695918335.
[I 2025-03-12 17:57:26,823] Trial 97 finished with value: 2.004303402769339 and parameters: {'learning_rate': 0.006112011346921197, 'depth': 10, 'l2_leaf_reg': 0.43891659756462875, 'min_child_samples': 4}. Best is trial 62 with value: 2.0015815695918335.
[I 2025-03-12 17:57:31,119] Trial 98 finished with value: 2.0013505723458707 and parameters: {'learning_rate': 0.004125101123699722, 'depth': 11, 'l2_leaf_reg': 1.4724228656725802, 'min_child_samples': 32}. Best is trial 98 with value: 2.0013505723458707.
[I 2025-03-12 17:57:34,611] Trial 99 finished with value: 2.005538614171585 and parameters: {'learning_rate': 0.004711866168466435, 'depth': 10, 'l2_leaf_reg': 1.6308758213957626, 'min_child_samples': 32}. Best is trial 98 with value: 2.0013505723458707.
[I 2025-03-12 17:57:36,928] Trial 100 finished with value: 2.008324295190118 and parameters: {'learning_rate': 0.0069170650916643775, 'depth': 9, 'l2_leaf_reg': 1.506048182656472, 'min_child_samples': 32}. Best is trial 98 with value: 2.0013505723458707.
[I 2025-03-12 17:57:41,302] Trial 101 finished with value: 2.0006058017489465 and parameters: {'learning_rate': 0.0041291944620914746, 'depth': 11, 'l2_leaf_reg': 1.3241239975719754, 'min_child_samples': 32}. Best is trial 101 with value: 2.0006058017489465.
[I 2025-03-12 17:57:47,241] Trial 102 finished with value: 2.009749748578032 and parameters: {'learning_rate': 0.00410530654640765, 'depth': 12, 'l2_leaf_reg': 1.4788931285954892, 'min_child_samples': 32}. Best is trial 101 with value: 2.0006058017489465.
[I 2025-03-12 17:57:49,692] Trial 103 finished with value: 2.008578740825802 and parameters: {'learning_rate': 0.011318314653392393, 'depth': 11, 'l2_leaf_reg': 1.3708925286667046, 'min_child_samples': 32}. Best is trial 101 with value: 2.0006058017489465.
[I 2025-03-12 17:57:53,989] Trial 104 finished with value: 2.0149265217674457 and parameters: {'learning_rate': 0.0025784998313691213, 'depth': 11, 'l2_leaf_reg': 1.301209134062873, 'min_child_samples': 32}. Best is trial 101 with value: 2.0006058017489465.
[I 2025-03-12 17:57:57,401] Trial 105 finished with value: 2.0077136218644767 and parameters: {'learning_rate': 0.0032286329338892953, 'depth': 10, 'l2_leaf_reg': 1.4692041652604633, 'min_child_samples': 32}. Best is trial 101 with value: 2.0006058017489465.
[I 2025-03-12 17:58:03,269] Trial 106 finished with value: 2.0074173138424816 and parameters: {'learning_rate': 0.00466061613534189, 'depth': 12, 'l2_leaf_reg': 1.1818846002262389, 'min_child_samples': 32}. Best is trial 101 with value: 2.0006058017489465.
[I 2025-03-12 17:58:05,174] Trial 107 finished with value: 2.0054775380601617 and parameters: {'learning_rate': 0.00946197986215013, 'depth': 9, 'l2_leaf_reg': 1.239359584099817, 'min_child_samples': 16}. Best is trial 101 with value: 2.0006058017489465.
[I 2025-03-12 17:58:08,626] Trial 108 finished with value: 2.007901965302923 and parameters: {'learning_rate': 0.0034357064879447863, 'depth': 10, 'l2_leaf_reg': 1.951517543036117, 'min_child_samples': 32}. Best is trial 101 with value: 2.0006058017489465.
[I 2025-03-12 17:58:11,998] Trial 109 finished with value: 2.0054036041960686 and parameters: {'learning_rate': 0.0083456501717704, 'depth': 11, 'l2_leaf_reg': 1.0527773721439728, 'min_child_samples': 16}. Best is trial 101 with value: 2.0006058017489465.
[I 2025-03-12 17:58:17,857] Trial 110 finished with value: 2.015291116666419 and parameters: {'learning_rate': 0.008859523444220843, 'depth': 13, 'l2_leaf_reg': 1.3402637080007087, 'min_child_samples': 1}. Best is trial 101 with value: 2.0006058017489465.
[I 2025-03-12 17:58:22,192] Trial 111 finished with value: 2.001411616117373 and parameters: {'learning_rate': 0.003972754268512456, 'depth': 11, 'l2_leaf_reg': 1.1496099832267486, 'min_child_samples': 4}. Best is trial 101 with value: 2.0006058017489465.
[I 2025-03-12 17:58:25,032] Trial 112 finished with value: 2.0073412129806067 and parameters: {'learning_rate': 0.010443634836709632, 'depth': 11, 'l2_leaf_reg': 1.125313713420345, 'min_child_samples': 4}. Best is trial 101 with value: 2.0006058017489465.
