[I 2025-03-12 19:34:36,576] Trial 214 finished with value: 0.4680639481114996 and parameters: {'learning_rate': 0.018993534144868977, 'depth': 8, 'l2_leaf_reg': 2.3088950742471046, 'min_child_samples': 1}. Best is trial 145 with value: 0.4654714271085222.
[I 2025-03-12 19:34:39,473] Trial 215 finished with value: 0.46878859853447996 and parameters: {'learning_rate': 0.01930093935697009, 'depth': 9, 'l2_leaf_reg': 0.5921966718167608, 'min_child_samples': 1}. Best is trial 145 with value: 0.4654714271085222.
[I 2025-03-12 19:34:42,550] Trial 216 finished with value: 0.4693014443129372 and parameters: {'learning_rate': 0.019990170427364406, 'depth': 9, 'l2_leaf_reg': 2.422945268127418, 'min_child_samples': 1}. Best is trial 145 with value: 0.4654714271085222.
[I 2025-03-12 19:34:45,443] Trial 217 finished with value: 0.4760799222701692 and parameters: {'learning_rate': 0.011711383703366399, 'depth': 9, 'l2_leaf_reg': 0.30195639169531646, 'min_child_samples': 1}. Best is trial 145 with value: 0.4654714271085222.
[I 2025-03-12 19:34:49,319] Trial 218 finished with value: 0.47093461512795937 and parameters: {'learning_rate': 0.01873211815441278, 'depth': 10, 'l2_leaf_reg': 0.6893058158749615, 'min_child_samples': 1}. Best is trial 145 with value: 0.4654714271085222.
[I 2025-03-12 19:34:51,770] Trial 219 finished with value: 0.46904216334686144 and parameters: {'learning_rate': 0.019637750313617815, 'depth': 8, 'l2_leaf_reg': 2.2219969835088844, 'min_child_samples': 1}. Best is trial 145 with value: 0.4654714271085222.
[I 2025-03-12 19:34:54,840] Trial 220 finished with value: 0.46963664667511706 and parameters: {'learning_rate': 0.019145467223502917, 'depth': 9, 'l2_leaf_reg': 2.1440171515213162, 'min_child_samples': 1}. Best is trial 145 with value: 0.4654714271085222.
[I 2025-03-12 19:34:58,090] Trial 221 finished with value: 0.4669946380926474 and parameters: {'learning_rate': 0.019425195502766106, 'depth': 9, 'l2_leaf_reg': 2.096091059212038, 'min_child_samples': 1}. Best is trial 145 with value: 0.4654714271085222.
[I 2025-03-12 19:35:01,125] Trial 222 finished with value: 0.47049298436003995 and parameters: {'learning_rate': 0.019539330356654706, 'depth': 9, 'l2_leaf_reg': 2.2648508492904282, 'min_child_samples': 1}. Best is trial 145 with value: 0.4654714271085222.
[I 2025-03-12 19:35:04,244] Trial 223 finished with value: 0.46659477019983164 and parameters: {'learning_rate': 0.018981569614665465, 'depth': 9, 'l2_leaf_reg': 0.921390481117957, 'min_child_samples': 1}. Best is trial 145 with value: 0.4654714271085222.
[I 2025-03-12 19:35:07,269] Trial 224 finished with value: 0.4667256761154034 and parameters: {'learning_rate': 0.018479352394931148, 'depth': 9, 'l2_leaf_reg': 1.043803903024167, 'min_child_samples': 1}. Best is trial 145 with value: 0.4654714271085222.
[I 2025-03-12 19:35:11,074] Trial 225 finished with value: 0.46902891204963015 and parameters: {'learning_rate': 0.018713686473212462, 'depth': 10, 'l2_leaf_reg': 0.9502649544073013, 'min_child_samples': 1}. Best is trial 145 with value: 0.4654714271085222.
[I 2025-03-12 19:35:14,140] Trial 226 finished with value: 0.4686003439011519 and parameters: {'learning_rate': 0.018349945586360855, 'depth': 9, 'l2_leaf_reg': 0.9774713499272243, 'min_child_samples': 1}. Best is trial 145 with value: 0.4654714271085222.
[I 2025-03-12 19:35:16,730] Trial 227 finished with value: 0.46916532707977254 and parameters: {'learning_rate': 0.01880608906649851, 'depth': 8, 'l2_leaf_reg': 0.8690875823062579, 'min_child_samples': 1}. Best is trial 145 with value: 0.4654714271085222.
[I 2025-03-12 19:35:20,062] Trial 228 finished with value: 0.46814225617208105 and parameters: {'learning_rate': 0.01784958414670463, 'depth': 9, 'l2_leaf_reg': 1.0225069302032057, 'min_child_samples': 1}. Best is trial 145 with value: 0.4654714271085222.
[I 2025-03-12 19:35:23,785] Trial 229 finished with value: 0.47165292460342073 and parameters: {'learning_rate': 0.01843558356342805, 'depth': 10, 'l2_leaf_reg': 0.9188735485188769, 'min_child_samples': 1}. Best is trial 145 with value: 0.4654714271085222.
[I 2025-03-12 19:35:26,867] Trial 230 finished with value: 0.46732611406154834 and parameters: {'learning_rate': 0.019259453601355128, 'depth': 9, 'l2_leaf_reg': 0.8456059393868657, 'min_child_samples': 1}. Best is trial 145 with value: 0.4654714271085222.
[I 2025-03-12 19:35:30,045] Trial 231 finished with value: 0.46829605448410017 and parameters: {'learning_rate': 0.019319521429589735, 'depth': 9, 'l2_leaf_reg': 0.8412115421193933, 'min_child_samples': 1}. Best is trial 145 with value: 0.4654714271085222.
[I 2025-03-12 19:35:32,940] Trial 232 finished with value: 0.46887311411714544 and parameters: {'learning_rate': 0.01902699624839482, 'depth': 9, 'l2_leaf_reg': 1.3653953366321847, 'min_child_samples': 1}. Best is trial 145 with value: 0.4654714271085222.
[I 2025-03-12 19:35:36,044] Trial 233 finished with value: 0.466587010464376 and parameters: {'learning_rate': 0.019990863416353727, 'depth': 9, 'l2_leaf_reg': 0.8017991226210682, 'min_child_samples': 1}. Best is trial 145 with value: 0.4654714271085222.
[I 2025-03-12 19:35:38,703] Trial 234 finished with value: 0.4677032456887542 and parameters: {'learning_rate': 0.019963178807100423, 'depth': 8, 'l2_leaf_reg': 0.8291346575651711, 'min_child_samples': 1}. Best is trial 145 with value: 0.4654714271085222.
[I 2025-03-12 19:35:41,955] Trial 235 finished with value: 0.4655519199423485 and parameters: {'learning_rate': 0.01966672128205497, 'depth': 9, 'l2_leaf_reg': 0.7176126487507137, 'min_child_samples': 1}. Best is trial 145 with value: 0.4654714271085222.
[I 2025-03-12 19:35:44,906] Trial 236 finished with value: 0.47105832353687255 and parameters: {'learning_rate': 0.01953188109837416, 'depth': 9, 'l2_leaf_reg': 0.7802913119454883, 'min_child_samples': 1}. Best is trial 145 with value: 0.4654714271085222.
[I 2025-03-12 19:35:48,502] Trial 237 finished with value: 0.4685771666234963 and parameters: {'learning_rate': 0.019630005561058327, 'depth': 10, 'l2_leaf_reg': 0.7520409768365183, 'min_child_samples': 1}. Best is trial 145 with value: 0.4654714271085222.
[I 2025-03-12 19:35:51,529] Trial 238 finished with value: 0.47018701911555166 and parameters: {'learning_rate': 0.01932118486748012, 'depth': 9, 'l2_leaf_reg': 0.7930174392165225, 'min_child_samples': 1}. Best is trial 145 with value: 0.4654714271085222.
[I 2025-03-12 19:35:54,509] Trial 239 finished with value: 0.46656072426394796 and parameters: {'learning_rate': 0.019666658008942923, 'depth': 9, 'l2_leaf_reg': 0.9254823286059554, 'min_child_samples': 1}. Best is trial 145 with value: 0.4654714271085222.
[I 2025-03-12 19:35:57,092] Trial 240 finished with value: 0.46831830947528774 and parameters: {'learning_rate': 0.01968965258477536, 'depth': 8, 'l2_leaf_reg': 0.7122435900784105, 'min_child_samples': 1}. Best is trial 145 with value: 0.4654714271085222.
[I 2025-03-12 19:36:00,256] Trial 241 finished with value: 0.46730035392992686 and parameters: {'learning_rate': 0.019987542097766906, 'depth': 9, 'l2_leaf_reg': 0.891325503979485, 'min_child_samples': 1}. Best is trial 145 with value: 0.4654714271085222.
[I 2025-03-12 19:36:03,348] Trial 242 finished with value: 0.469054333102686 and parameters: {'learning_rate': 0.01968615499443412, 'depth': 9, 'l2_leaf_reg': 0.9518180242036451, 'min_child_samples': 1}. Best is trial 145 with value: 0.4654714271085222.
[I 2025-03-12 19:36:06,485] Trial 243 finished with value: 0.4680612638649905 and parameters: {'learning_rate': 0.019917818315723007, 'depth': 9, 'l2_leaf_reg': 1.0998178372678484, 'min_child_samples': 1}. Best is trial 145 with value: 0.4654714271085222.
[I 2025-03-12 19:36:09,626] Trial 244 finished with value: 0.46965910590972276 and parameters: {'learning_rate': 0.019392700332007882, 'depth': 9, 'l2_leaf_reg': 0.8878912808644422, 'min_child_samples': 32}. Best is trial 145 with value: 0.4654714271085222.
[I 2025-03-12 19:36:12,917] Trial 245 finished with value: 0.4677582326101973 and parameters: {'learning_rate': 0.0199702070308868, 'depth': 9, 'l2_leaf_reg': 1.0426831629420783, 'min_child_samples': 1}. Best is trial 145 with value: 0.4654714271085222.
[I 2025-03-12 19:36:16,314] Trial 246 finished with value: 0.47055432008764186 and parameters: {'learning_rate': 0.01883455279369526, 'depth': 10, 'l2_leaf_reg': 1.1760063605134345, 'min_child_samples': 1}. Best is trial 145 with value: 0.4654714271085222.
[I 2025-03-12 19:36:19,405] Trial 247 finished with value: 0.4698093922768349 and parameters: {'learning_rate': 0.019334949552238932, 'depth': 9, 'l2_leaf_reg': 0.6780061822326974, 'min_child_samples': 1}. Best is trial 145 with value: 0.4654714271085222.
[I 2025-03-12 19:36:22,031] Trial 248 finished with value: 0.46856287457380097 and parameters: {'learning_rate': 0.0196104148262562, 'depth': 8, 'l2_leaf_reg': 1.004650145793161, 'min_child_samples': 1}. Best is trial 145 with value: 0.4654714271085222.
[I 2025-03-12 19:36:24,941] Trial 249 finished with value: 0.46949522128166093 and parameters: {'learning_rate': 0.019078893526431655, 'depth': 9, 'l2_leaf_reg': 0.637824119827356, 'min_child_samples': 1}. Best is trial 145 with value: 0.4654714271085222.
[I 2025-03-12 19:36:28,922] Trial 250 finished with value: 0.4688430786729526 and parameters: {'learning_rate': 0.018610059777647882, 'depth': 10, 'l2_leaf_reg': 0.9544981667260364, 'min_child_samples': 1}. Best is trial 145 with value: 0.4654714271085222.
[I 2025-03-12 19:36:31,784] Trial 251 finished with value: 0.4677469724207597 and parameters: {'learning_rate': 0.019987848797602726, 'depth': 9, 'l2_leaf_reg': 0.724731009357575, 'min_child_samples': 1}. Best is trial 145 with value: 0.4654714271085222.
[I 2025-03-12 19:36:34,439] Trial 252 finished with value: 0.46921672492149497 and parameters: {'learning_rate': 0.019576647060842885, 'depth': 8, 'l2_leaf_reg': 0.7964750559374751, 'min_child_samples': 1}. Best is trial 145 with value: 0.4654714271085222.
[I 2025-03-12 19:36:37,550] Trial 253 finished with value: 0.4675627287286914 and parameters: {'learning_rate': 0.01887868295454753, 'depth': 9, 'l2_leaf_reg': 0.9077026490288211, 'min_child_samples': 1}. Best is trial 145 with value: 0.4654714271085222.
[I 2025-03-12 19:36:41,223] Trial 254 finished with value: 0.46915699276273054 and parameters: {'learning_rate': 0.01920837741768294, 'depth': 10, 'l2_leaf_reg': 0.8887091597163754, 'min_child_samples': 1}. Best is trial 145 with value: 0.4654714271085222.
[I 2025-03-12 19:36:44,184] Trial 255 finished with value: 0.4769594814956937 and parameters: {'learning_rate': 0.01115184357181078, 'depth': 9, 'l2_leaf_reg': 0.7854297043944765, 'min_child_samples': 8}. Best is trial 145 with value: 0.4654714271085222.
[I 2025-03-12 19:36:47,010] Trial 256 finished with value: 0.46751553853747146 and parameters: {'learning_rate': 0.018314776487114926, 'depth': 9, 'l2_leaf_reg': 2.090524748911273, 'min_child_samples': 1}. Best is trial 145 with value: 0.4654714271085222.
[I 2025-03-12 19:36:49,492] Trial 257 finished with value: 0.46969921682837196 and parameters: {'learning_rate': 0.01959209779009719, 'depth': 8, 'l2_leaf_reg': 2.193554562263078, 'min_child_samples': 16}. Best is trial 145 with value: 0.4654714271085222.
[I 2025-03-12 19:36:52,534] Trial 258 finished with value: 0.46790341740606706 and parameters: {'learning_rate': 0.019010739848817567, 'depth': 9, 'l2_leaf_reg': 0.8980153011870519, 'min_child_samples': 1}. Best is trial 145 with value: 0.4654714271085222.
[I 2025-03-12 19:36:55,772] Trial 259 finished with value: 0.4687099180988875 and parameters: {'learning_rate': 0.019353570596783724, 'depth': 9, 'l2_leaf_reg': 2.1400119834108002, 'min_child_samples': 8}. Best is trial 145 with value: 0.4654714271085222.
[I 2025-03-12 19:36:58,636] Trial 260 finished with value: 0.4697401814011925 and parameters: {'learning_rate': 0.019992310599014546, 'depth': 9, 'l2_leaf_reg': 0.5247186167297428, 'min_child_samples': 1}. Best is trial 145 with value: 0.4654714271085222.
[I 2025-03-12 19:37:02,223] Trial 261 finished with value: 0.4705936740298541 and parameters: {'learning_rate': 0.018758892040356894, 'depth': 10, 'l2_leaf_reg': 2.450593456804813, 'min_child_samples': 1}. Best is trial 145 with value: 0.4654714271085222.
[I 2025-03-12 19:37:04,852] Trial 262 finished with value: 0.4685044677116968 and parameters: {'learning_rate': 0.019603181698775472, 'depth': 8, 'l2_leaf_reg': 0.8397196896660324, 'min_child_samples': 1}. Best is trial 145 with value: 0.4654714271085222.
[I 2025-03-12 19:37:07,804] Trial 263 finished with value: 0.46883886974696853 and parameters: {'learning_rate': 0.01852263439666051, 'depth': 9, 'l2_leaf_reg': 0.9744408863096113, 'min_child_samples': 32}. Best is trial 145 with value: 0.4654714271085222.
[I 2025-03-12 19:37:10,665] Trial 264 finished with value: 0.4689657660377867 and parameters: {'learning_rate': 0.019161549051527692, 'depth': 9, 'l2_leaf_reg': 2.3978140781579276, 'min_child_samples': 8}. Best is trial 145 with value: 0.4654714271085222.
[I 2025-03-12 19:37:14,218] Trial 265 finished with value: 0.4676635823058598 and parameters: {'learning_rate': 0.019998525084624717, 'depth': 10, 'l2_leaf_reg': 1.294598534372288, 'min_child_samples': 4}. Best is trial 145 with value: 0.4654714271085222.
[I 2025-03-12 19:37:16,783] Trial 266 finished with value: 0.46875978328974605 and parameters: {'learning_rate': 0.019399178909849327, 'depth': 8, 'l2_leaf_reg': 0.6667914990568549, 'min_child_samples': 1}. Best is trial 145 with value: 0.4654714271085222.
[I 2025-03-12 19:37:19,889] Trial 267 finished with value: 0.4963114497095877 and parameters: {'learning_rate': 0.007763624826119942, 'depth': 9, 'l2_leaf_reg': 1.0815793901608053, 'min_child_samples': 1}. Best is trial 145 with value: 0.4654714271085222.
[I 2025-03-12 19:37:23,122] Trial 268 finished with value: 0.5491417848677099 and parameters: {'learning_rate': 0.0047467499911381114, 'depth': 10, 'l2_leaf_reg': 2.219172610182387, 'min_child_samples': 8}. Best is trial 145 with value: 0.4654714271085222.
[I 2025-03-12 19:37:26,176] Trial 269 finished with value: 0.4673238164279609 and parameters: {'learning_rate': 0.018888475106626716, 'depth': 9, 'l2_leaf_reg': 0.7622759566028631, 'min_child_samples': 1}. Best is trial 145 with value: 0.4654714271085222.
[I 2025-03-12 19:37:29,184] Trial 270 finished with value: 0.46949804580244525 and parameters: {'learning_rate': 0.018175033288568468, 'depth': 9, 'l2_leaf_reg': 1.6173392373687476, 'min_child_samples': 16}. Best is trial 145 with value: 0.4654714271085222.
[I 2025-03-12 19:37:31,914] Trial 271 finished with value: 0.46969629051086637 and parameters: {'learning_rate': 0.019544243675943367, 'depth': 8, 'l2_leaf_reg': 1.4762712190145746, 'min_child_samples': 1}. Best is trial 145 with value: 0.4654714271085222.
[I 2025-03-12 19:37:34,785] Trial 272 finished with value: 0.46806000923477814 and parameters: {'learning_rate': 0.019229638452107022, 'depth': 9, 'l2_leaf_reg': 2.3634569291084944, 'min_child_samples': 4}. Best is trial 145 with value: 0.4654714271085222.
[I 2025-03-12 19:37:38,465] Trial 273 finished with value: 0.4701108953643768 and parameters: {'learning_rate': 0.01865278227905932, 'depth': 10, 'l2_leaf_reg': 1.2238808719716174, 'min_child_samples': 1}. Best is trial 145 with value: 0.4654714271085222.
[I 2025-03-12 19:37:41,526] Trial 274 finished with value: 0.4674919470425367 and parameters: {'learning_rate': 0.019758521437576886, 'depth': 9, 'l2_leaf_reg': 2.5185207541121426, 'min_child_samples': 8}. Best is trial 145 with value: 0.4654714271085222.
[I 2025-03-12 19:37:44,533] Trial 275 finished with value: 0.46771175336928766 and parameters: {'learning_rate': 0.018995205118428865, 'depth': 9, 'l2_leaf_reg': 2.9638742159006872, 'min_child_samples': 1}. Best is trial 145 with value: 0.4654714271085222.
[I 2025-03-12 19:37:47,101] Trial 276 finished with value: 0.46728349482206877 and parameters: {'learning_rate': 0.019992341017911912, 'depth': 8, 'l2_leaf_reg': 2.2569415657985203, 'min_child_samples': 1}. Best is trial 145 with value: 0.4654714271085222.
[I 2025-03-12 19:37:49,615] Trial 277 finished with value: 0.4676027614196712 and parameters: {'learning_rate': 0.019985177841582737, 'depth': 8, 'l2_leaf_reg': 2.252707931784845, 'min_child_samples': 1}. Best is trial 145 with value: 0.4654714271085222.
[I 2025-03-12 19:37:51,851] Trial 278 finished with value: 0.4755042025437111 and parameters: {'learning_rate': 0.019663223193690935, 'depth': 7, 'l2_leaf_reg': 2.11957776384236, 'min_child_samples': 1}. Best is trial 145 with value: 0.4654714271085222.
[I 2025-03-12 19:37:54,496] Trial 279 finished with value: 0.4746283253358871 and parameters: {'learning_rate': 0.015072271804221566, 'depth': 8, 'l2_leaf_reg': 0.5783507936537584, 'min_child_samples': 1}. Best is trial 145 with value: 0.4654714271085222.
[I 2025-03-12 19:37:57,023] Trial 280 finished with value: 0.4685361338369376 and parameters: {'learning_rate': 0.01998108606624279, 'depth': 8, 'l2_leaf_reg': 2.1631079685015546, 'min_child_samples': 1}. Best is trial 145 with value: 0.4654714271085222.
[I 2025-03-12 19:37:59,416] Trial 281 finished with value: 0.47562621398568317 and parameters: {'learning_rate': 0.01927585602803365, 'depth': 7, 'l2_leaf_reg': 0.9023873723863673, 'min_child_samples': 1}. Best is trial 145 with value: 0.4654714271085222.
[I 2025-03-12 19:38:01,920] Trial 282 finished with value: 0.4679670501756658 and parameters: {'learning_rate': 0.019631075869883323, 'depth': 8, 'l2_leaf_reg': 2.2634616590905603, 'min_child_samples': 1}. Best is trial 145 with value: 0.4654714271085222.
[I 2025-03-12 19:38:04,892] Trial 283 finished with value: 0.4705655974043257 and parameters: {'learning_rate': 0.019389409640320685, 'depth': 9, 'l2_leaf_reg': 2.0643846353154025, 'min_child_samples': 4}. Best is trial 145 with value: 0.4654714271085222.
[I 2025-03-12 19:38:07,919] Trial 284 finished with value: 0.4680914415559535 and parameters: {'learning_rate': 0.019997654502179146, 'depth': 9, 'l2_leaf_reg': 0.8253733640758821, 'min_child_samples': 1}. Best is trial 145 with value: 0.4654714271085222.
[I 2025-03-12 19:38:11,647] Trial 285 finished with value: 0.4735101035075771 and parameters: {'learning_rate': 0.014078354921049765, 'depth': 10, 'l2_leaf_reg': 0.41205245486579006, 'min_child_samples': 1}. Best is trial 145 with value: 0.4654714271085222.
[I 2025-03-12 19:38:15,207] Trial 286 finished with value: 0.4725158031008359 and parameters: {'learning_rate': 0.012695906128278475, 'depth': 10, 'l2_leaf_reg': 2.220557590629402, 'min_child_samples': 1}. Best is trial 145 with value: 0.4654714271085222.
[I 2025-03-12 19:38:18,219] Trial 287 finished with value: 0.4706402685798916 and parameters: {'learning_rate': 0.019556319641212464, 'depth': 9, 'l2_leaf_reg': 2.312023819867969, 'min_child_samples': 1}. Best is trial 145 with value: 0.4654714271085222.
[I 2025-03-12 19:38:20,786] Trial 288 finished with value: 0.46893970436617555 and parameters: {'learning_rate': 0.01910347123296395, 'depth': 8, 'l2_leaf_reg': 2.447252861833604, 'min_child_samples': 16}. Best is trial 145 with value: 0.4654714271085222.
[I 2025-03-12 19:38:24,095] Trial 289 finished with value: 0.47073727435758794 and parameters: {'learning_rate': 0.018521076310155964, 'depth': 9, 'l2_leaf_reg': 1.0031395855780083, 'min_child_samples': 4}. Best is trial 145 with value: 0.4654714271085222.
[I 2025-03-12 19:38:27,167] Trial 290 finished with value: 0.4690457825144912 and parameters: {'learning_rate': 0.01956814642992343, 'depth': 9, 'l2_leaf_reg': 0.7500916299328635, 'min_child_samples': 1}. Best is trial 145 with value: 0.4654714271085222.
[I 2025-03-12 19:38:30,785] Trial 291 finished with value: 0.46896485977102775 and parameters: {'learning_rate': 0.019185582244759834, 'depth': 10, 'l2_leaf_reg': 0.9434346402335114, 'min_child_samples': 1}. Best is trial 145 with value: 0.4654714271085222.
[I 2025-03-12 19:38:33,938] Trial 292 finished with value: 0.46769509837298845 and parameters: {'learning_rate': 0.01964547011267852, 'depth': 9, 'l2_leaf_reg': 2.175265537239078, 'min_child_samples': 32}. Best is trial 145 with value: 0.4654714271085222.
[I 2025-03-12 19:38:36,420] Trial 293 finished with value: 0.7200227746000387 and parameters: {'learning_rate': 0.0028605788127293117, 'depth': 8, 'l2_leaf_reg': 2.360850909085012, 'min_child_samples': 1}. Best is trial 145 with value: 0.4654714271085222.
[I 2025-03-12 19:38:39,422] Trial 294 finished with value: 0.46884525939216976 and parameters: {'learning_rate': 0.019058191150773555, 'depth': 9, 'l2_leaf_reg': 2.6135060146037254, 'min_child_samples': 1}. Best is trial 145 with value: 0.4654714271085222.
[I 2025-03-12 19:38:42,479] Trial 295 finished with value: 0.47026445248988374 and parameters: {'learning_rate': 0.017980943137132267, 'depth': 9, 'l2_leaf_reg': 2.5365890053019404, 'min_child_samples': 4}. Best is trial 145 with value: 0.4654714271085222.
[I 2025-03-12 19:38:45,167] Trial 296 finished with value: 0.4685817618617748 and parameters: {'learning_rate': 0.01999674766330609, 'depth': 8, 'l2_leaf_reg': 2.287654010605097, 'min_child_samples': 1}. Best is trial 145 with value: 0.4654714271085222.
[I 2025-03-12 19:38:59,074] Trial 297 finished with value: 0.5141481222732671 and parameters: {'learning_rate': 0.018803186830716138, 'depth': 14, 'l2_leaf_reg': 2.4727641886013543, 'min_child_samples': 1}. Best is trial 145 with value: 0.4654714271085222.
[I 2025-03-12 19:39:02,678] Trial 298 finished with value: 0.4686790388459391 and parameters: {'learning_rate': 0.019366017834909842, 'depth': 10, 'l2_leaf_reg': 1.542064460068141, 'min_child_samples': 1}. Best is trial 145 with value: 0.4654714271085222.
