[I 2025-03-12 13:19:50,316] Trial 449 finished with value: 0.4681655344380835 and parameters: {'learning_rate': 0.019100177403040236, 'depth': 9, 'l2_leaf_reg': 2.7456240357389916, 'min_child_samples': 4}. Best is trial 119 with value: 0.464659168888221.
[I 2025-03-12 13:20:10,446] Trial 450 finished with value: 0.47235188535027084 and parameters: {'learning_rate': 0.019973298607828677, 'depth': 11, 'l2_leaf_reg': 2.253332126576362, 'min_child_samples': 1}. Best is trial 119 with value: 0.464659168888221.
[I 2025-03-12 13:20:17,048] Trial 451 finished with value: 0.46942371940677446 and parameters: {'learning_rate': 0.019359695374262485, 'depth': 10, 'l2_leaf_reg': 2.0702973598059264, 'min_child_samples': 32}. Best is trial 119 with value: 0.464659168888221.
[I 2025-03-12 13:20:22,346] Trial 452 finished with value: 0.4681931045043663 and parameters: {'learning_rate': 0.019621566414908885, 'depth': 9, 'l2_leaf_reg': 1.7399834785294797, 'min_child_samples': 4}. Best is trial 119 with value: 0.464659168888221.
[I 2025-03-12 13:20:27,312] Trial 453 finished with value: 0.4706820686132069 and parameters: {'learning_rate': 0.01794092802767742, 'depth': 8, 'l2_leaf_reg': 1.9221301168764429, 'min_child_samples': 4}. Best is trial 119 with value: 0.464659168888221.
[I 2025-03-12 13:20:32,467] Trial 454 finished with value: 0.4759391478838664 and parameters: {'learning_rate': 0.018989070757576866, 'depth': 7, 'l2_leaf_reg': 2.191312876590452, 'min_child_samples': 16}. Best is trial 119 with value: 0.464659168888221.
[I 2025-03-12 13:20:38,579] Trial 455 finished with value: 0.46956589767689955 and parameters: {'learning_rate': 0.019985931855578083, 'depth': 10, 'l2_leaf_reg': 1.5465947754134457, 'min_child_samples': 1}. Best is trial 119 with value: 0.464659168888221.
[I 2025-03-12 13:20:45,073] Trial 456 finished with value: 0.4685266993737136 and parameters: {'learning_rate': 0.019277366558457482, 'depth': 9, 'l2_leaf_reg': 2.6407793472122623, 'min_child_samples': 4}. Best is trial 119 with value: 0.464659168888221.
[I 2025-03-12 13:21:08,837] Trial 457 finished with value: 0.4695047690150413 and parameters: {'learning_rate': 0.019998158464024904, 'depth': 10, 'l2_leaf_reg': 1.8079942959507558, 'min_child_samples': 8}. Best is trial 119 with value: 0.464659168888221.
[I 2025-03-12 13:21:40,205] Trial 458 finished with value: 0.47027416861458593 and parameters: {'learning_rate': 0.018534505967523127, 'depth': 9, 'l2_leaf_reg': 2.0421071291174053, 'min_child_samples': 4}. Best is trial 119 with value: 0.464659168888221.
[I 2025-03-12 13:22:18,360] Trial 459 finished with value: 0.4690122993279498 and parameters: {'learning_rate': 0.019576888030243562, 'depth': 9, 'l2_leaf_reg': 1.653547976731749, 'min_child_samples': 1}. Best is trial 119 with value: 0.464659168888221.
[I 2025-03-12 13:23:07,220] Trial 460 finished with value: 0.4679613046141632 and parameters: {'learning_rate': 0.01894886928712797, 'depth': 9, 'l2_leaf_reg': 2.1310645379980895, 'min_child_samples': 4}. Best is trial 119 with value: 0.464659168888221.
[I 2025-03-12 13:23:23,310] Trial 461 finished with value: 0.46886366047952893 and parameters: {'learning_rate': 0.019317918548717724, 'depth': 10, 'l2_leaf_reg': 1.9595706436577263, 'min_child_samples': 4}. Best is trial 119 with value: 0.464659168888221.
[I 2025-03-12 13:23:52,906] Trial 462 finished with value: 0.4672508222826613 and parameters: {'learning_rate': 0.019577408548781334, 'depth': 10, 'l2_leaf_reg': 1.888006432417175, 'min_child_samples': 16}. Best is trial 119 with value: 0.464659168888221.
[I 2025-03-12 13:24:22,500] Trial 463 finished with value: 0.468843538433407 and parameters: {'learning_rate': 0.018732526046724228, 'depth': 8, 'l2_leaf_reg': 1.7805559281176315, 'min_child_samples': 1}. Best is trial 119 with value: 0.464659168888221.
[I 2025-03-12 13:24:32,765] Trial 464 finished with value: 0.4672655398264078 and parameters: {'learning_rate': 0.019657616844235715, 'depth': 9, 'l2_leaf_reg': 2.2298424893093944, 'min_child_samples': 4}. Best is trial 119 with value: 0.464659168888221.
[I 2025-03-12 13:25:21,300] Trial 465 finished with value: 0.47178303450529013 and parameters: {'learning_rate': 0.014771019647954391, 'depth': 9, 'l2_leaf_reg': 2.2860115498082574, 'min_child_samples': 4}. Best is trial 119 with value: 0.464659168888221.
[I 2025-03-12 13:25:39,081] Trial 466 finished with value: 0.4691882159706769 and parameters: {'learning_rate': 0.018191096888925156, 'depth': 10, 'l2_leaf_reg': 1.8352702925819409, 'min_child_samples': 8}. Best is trial 119 with value: 0.464659168888221.
[I 2025-03-12 13:25:47,247] Trial 467 finished with value: 0.4740617448827333 and parameters: {'learning_rate': 0.01922662069772734, 'depth': 11, 'l2_leaf_reg': 0.6058212688179551, 'min_child_samples': 4}. Best is trial 119 with value: 0.464659168888221.
[I 2025-03-12 13:25:52,513] Trial 468 finished with value: 0.4681515150889786 and parameters: {'learning_rate': 0.019652134352917416, 'depth': 9, 'l2_leaf_reg': 2.0032584164790226, 'min_child_samples': 1}. Best is trial 119 with value: 0.464659168888221.
[I 2025-03-12 13:25:58,817] Trial 469 finished with value: 0.4680187254863114 and parameters: {'learning_rate': 0.01997872588140114, 'depth': 10, 'l2_leaf_reg': 2.0914501865316955, 'min_child_samples': 16}. Best is trial 119 with value: 0.464659168888221.
[I 2025-03-12 13:26:03,987] Trial 470 finished with value: 0.4695529268468769 and parameters: {'learning_rate': 0.01908573829832004, 'depth': 8, 'l2_leaf_reg': 1.9196554603088152, 'min_child_samples': 4}. Best is trial 119 with value: 0.464659168888221.
[I 2025-03-12 13:26:09,785] Trial 471 finished with value: 0.4694010676577371 and parameters: {'learning_rate': 0.019361229144346393, 'depth': 9, 'l2_leaf_reg': 2.15916450708493, 'min_child_samples': 4}. Best is trial 119 with value: 0.464659168888221.
[I 2025-03-12 13:26:15,921] Trial 472 finished with value: 0.4690327933956823 and parameters: {'learning_rate': 0.01748113352983069, 'depth': 10, 'l2_leaf_reg': 0.3941011163834012, 'min_child_samples': 1}. Best is trial 119 with value: 0.464659168888221.
[I 2025-03-12 13:26:20,461] Trial 473 finished with value: 0.47629203431010797 and parameters: {'learning_rate': 0.018736822876634203, 'depth': 7, 'l2_leaf_reg': 1.9884591048520945, 'min_child_samples': 4}. Best is trial 119 with value: 0.464659168888221.
[I 2025-03-12 13:26:26,529] Trial 474 finished with value: 0.46815727917076316 and parameters: {'learning_rate': 0.019640661491989737, 'depth': 9, 'l2_leaf_reg': 2.692275426365853, 'min_child_samples': 32}. Best is trial 119 with value: 0.464659168888221.
[I 2025-03-12 13:26:30,923] Trial 475 finished with value: 0.5012552427923128 and parameters: {'learning_rate': 0.019314289643354878, 'depth': 5, 'l2_leaf_reg': 1.7395206468532283, 'min_child_samples': 4}. Best is trial 119 with value: 0.464659168888221.
[I 2025-03-12 13:26:36,992] Trial 476 finished with value: 0.46666800585594637 and parameters: {'learning_rate': 0.01961355067161424, 'depth': 10, 'l2_leaf_reg': 2.308666212000577, 'min_child_samples': 16}. Best is trial 119 with value: 0.464659168888221.
[I 2025-03-12 13:26:42,465] Trial 477 finished with value: 0.46806582524796575 and parameters: {'learning_rate': 0.01842010282588399, 'depth': 9, 'l2_leaf_reg': 2.331064684785076, 'min_child_samples': 16}. Best is trial 119 with value: 0.464659168888221.
[I 2025-03-12 13:26:47,613] Trial 478 finished with value: 0.4678240857463038 and parameters: {'learning_rate': 0.01892663502317704, 'depth': 8, 'l2_leaf_reg': 2.2963544663029944, 'min_child_samples': 16}. Best is trial 119 with value: 0.464659168888221.
[I 2025-03-12 13:26:53,810] Trial 479 finished with value: 0.4729613779588406 and parameters: {'learning_rate': 0.019075264174437584, 'depth': 10, 'l2_leaf_reg': 2.454824115501574, 'min_child_samples': 16}. Best is trial 119 with value: 0.464659168888221.
[I 2025-03-12 13:27:00,854] Trial 480 finished with value: 0.4735523064139442 and parameters: {'learning_rate': 0.019608163931494327, 'depth': 11, 'l2_leaf_reg': 1.8396927614504839, 'min_child_samples': 16}. Best is trial 119 with value: 0.464659168888221.
[I 2025-03-12 13:27:06,973] Trial 481 finished with value: 0.4679928404494533 and parameters: {'learning_rate': 0.019417331724139945, 'depth': 9, 'l2_leaf_reg': 1.8970967551885236, 'min_child_samples': 16}. Best is trial 119 with value: 0.464659168888221.
[I 2025-03-12 13:27:13,013] Trial 482 finished with value: 0.4688652238321775 and parameters: {'learning_rate': 0.018784517974885957, 'depth': 9, 'l2_leaf_reg': 2.3935020191861986, 'min_child_samples': 16}. Best is trial 119 with value: 0.464659168888221.
[I 2025-03-12 13:27:18,964] Trial 483 finished with value: 0.4706758928147943 and parameters: {'learning_rate': 0.01967796879787225, 'depth': 10, 'l2_leaf_reg': 1.6563891545059748, 'min_child_samples': 16}. Best is trial 119 with value: 0.464659168888221.
[I 2025-03-12 13:27:24,716] Trial 484 finished with value: 0.46875717421850277 and parameters: {'learning_rate': 0.01919747154698731, 'depth': 9, 'l2_leaf_reg': 1.7888726382032805, 'min_child_samples': 16}. Best is trial 119 with value: 0.464659168888221.
[I 2025-03-12 13:27:30,898] Trial 485 finished with value: 0.46914600917360355 and parameters: {'learning_rate': 0.018103321052450896, 'depth': 10, 'l2_leaf_reg': 1.9683521702749722, 'min_child_samples': 1}. Best is trial 119 with value: 0.464659168888221.
[I 2025-03-12 13:27:36,537] Trial 486 finished with value: 0.46803348469601613 and parameters: {'learning_rate': 0.019646690644314322, 'depth': 8, 'l2_leaf_reg': 1.8583487559812373, 'min_child_samples': 8}. Best is trial 119 with value: 0.464659168888221.
[I 2025-03-12 13:27:39,635] Trial 487 finished with value: 0.8270676238575512 and parameters: {'learning_rate': 0.019982439645893395, 'depth': 1, 'l2_leaf_reg': 2.0339236637526907, 'min_child_samples': 16}. Best is trial 119 with value: 0.464659168888221.
[I 2025-03-12 13:27:45,478] Trial 488 finished with value: 0.47202493599801276 and parameters: {'learning_rate': 0.013297838442457674, 'depth': 9, 'l2_leaf_reg': 2.6021544740830143, 'min_child_samples': 1}. Best is trial 119 with value: 0.464659168888221.
[I 2025-03-12 13:27:51,608] Trial 489 finished with value: 0.4687657707870339 and parameters: {'learning_rate': 0.01900289739502676, 'depth': 10, 'l2_leaf_reg': 2.31848691016638, 'min_child_samples': 16}. Best is trial 119 with value: 0.464659168888221.
[I 2025-03-12 13:27:56,704] Trial 490 finished with value: 0.4694904943749272 and parameters: {'learning_rate': 0.01844301006754834, 'depth': 8, 'l2_leaf_reg': 1.8965707735131974, 'min_child_samples': 1}. Best is trial 119 with value: 0.464659168888221.
[I 2025-03-12 13:28:02,321] Trial 491 finished with value: 0.46925863000123363 and parameters: {'learning_rate': 0.019380489326498933, 'depth': 9, 'l2_leaf_reg': 1.7255078747761339, 'min_child_samples': 8}. Best is trial 119 with value: 0.464659168888221.
[I 2025-03-12 13:28:08,653] Trial 492 finished with value: 0.468530553910282 and parameters: {'learning_rate': 0.019698651450305107, 'depth': 10, 'l2_leaf_reg': 2.0945159274376888, 'min_child_samples': 1}. Best is trial 119 with value: 0.464659168888221.
[I 2025-03-12 13:28:14,060] Trial 493 finished with value: 0.4672732157269184 and parameters: {'learning_rate': 0.019984680882287383, 'depth': 9, 'l2_leaf_reg': 2.527504808412965, 'min_child_samples': 16}. Best is trial 119 with value: 0.464659168888221.
[I 2025-03-12 13:28:21,297] Trial 494 finished with value: 0.47536017217197013 and parameters: {'learning_rate': 0.018650909713146317, 'depth': 11, 'l2_leaf_reg': 0.07567809253622326, 'min_child_samples': 1}. Best is trial 119 with value: 0.464659168888221.
[I 2025-03-12 13:28:26,935] Trial 495 finished with value: 0.46775576038588007 and parameters: {'learning_rate': 0.019247925225936362, 'depth': 9, 'l2_leaf_reg': 1.9367275170657543, 'min_child_samples': 4}. Best is trial 119 with value: 0.464659168888221.
[I 2025-03-12 13:28:32,690] Trial 496 finished with value: 0.4672619596025066 and parameters: {'learning_rate': 0.019370658307207647, 'depth': 10, 'l2_leaf_reg': 1.4100565142256856, 'min_child_samples': 8}. Best is trial 119 with value: 0.464659168888221.
[I 2025-03-12 13:28:38,574] Trial 497 finished with value: 0.4674467869850518 and parameters: {'learning_rate': 0.01892595913759781, 'depth': 9, 'l2_leaf_reg': 2.273506178774992, 'min_child_samples': 16}. Best is trial 119 with value: 0.464659168888221.
[I 2025-03-12 13:28:45,032] Trial 498 finished with value: 0.46773295733544507 and parameters: {'learning_rate': 0.01961381464930922, 'depth': 10, 'l2_leaf_reg': 0.9005568581928367, 'min_child_samples': 1}. Best is trial 119 with value: 0.464659168888221.
[I 2025-03-12 13:28:49,742] Trial 499 finished with value: 0.4698609667823644 and parameters: {'learning_rate': 0.019652395739510293, 'depth': 8, 'l2_leaf_reg': 1.8200645953642025, 'min_child_samples': 4}. Best is trial 119 with value: 0.464659168888221.
2025-03-12 13:28:49,743 - __main__ - INFO - Best RMSE: 0.4647
2025-03-12 13:28:49,745 - __main__ - INFO - Best parameters: {'learning_rate': 0.019260360778706423, 'depth': 9, 'l2_leaf_reg': 2.4058096547605285, 'min_child_samples': 4}
2025-03-12 13:28:49,745 - __main__ - INFO - {'learning_rate': 0.019260360778706423, 'depth': 9, 'l2_leaf_reg': 2.4058096547605285, 'min_child_samples': 4, 'grow_policy': 'SymmetricTree', 'iterations': 1000, 'use_best_model': True, 'eval_metric': 'RMSE', 'loss_function': 'RMSE', 'od_type': 'iter', 'od_wait': 20, 'task_type': 'GPU', 'random_state': 42, 'logging_level': 'Silent'}
2025-03-12 13:28:49,745 - __main__ - INFO - Training final models...
2025-03-12 13:28:49,789 - __main__ - INFO - Training models for all target variables
2025-03-12 13:28:50,069 - __main__ - INFO - Training model for c_delta_y
2025-03-12 13:28:53,450 - __main__ - INFO - Training model for c_delta_z
2025-03-12 13:29:06,181 - __main__ - INFO - Training model for c_std_y
2025-03-12 13:29:13,996 - __main__ - INFO - Training model for c_std_z
2025-03-12 13:29:27,307 - __main__ - INFO - Model for c_delta_y saved to ./outputs_11_03_2025/models/catboost_c_delta_y.cbm
2025-03-12 13:29:28,165 - __main__ - INFO - Model for c_delta_z saved to ./outputs_11_03_2025/models/catboost_c_delta_z.cbm
2025-03-12 13:29:28,232 - __main__ - INFO - Model for c_std_y saved to ./outputs_11_03_2025/models/catboost_c_std_y.cbm
2025-03-12 13:29:28,632 - __main__ - INFO - Model for c_std_z saved to ./outputs_11_03_2025/models/catboost_c_std_z.cbm
2025-03-12 13:29:28,633 - __main__ - INFO - Target preprocessor saved to ./outputs_11_03_2025/models/target_preprocessor.pkl
(2312849, 11) (2312849, 4)
Split shapes: train: X(1340101, 11), y(1340101, 4), test: X(459344, 11), y(459344, 4), valid: X(366729, 11), y(366729, 4), eval: X(146675, 11), y(146675, 4)
Traceback (most recent call last):
  File "/app/nse/catboost/catboost_ml.py", line 631, in <module>
    main()
  File "/app/nse/catboost/catboost_ml.py", line 618, in main
    feature_importances_catboost(models_final, np.asarray(data["y_test"].columns), np.asarray(data["X_test"].columns),
  File "/app/nse/catboost/perform_visualization.py", line 196, in feature_importances_catboost
    for idx, col in enumerate(y.columns):
AttributeError: 'numpy.ndarray' object has no attribute 'columns'
2025-03-12 16:32:06,510 - __main__ - INFO - Loading data...
2025-03-12 16:32:14,377 - __main__ - INFO - Loaded data from /app/nse/ml/output_19_01_2025_2: X shape=(2322432, 10), y shape=(2322432, 4)
2025-03-12 16:32:14,377 - __main__ - INFO - Preprocessing and splitting data...
2025-03-12 16:32:18,102 - __main__ - INFO - Starting hyperparameter optimization...
2025-03-12 16:32:18,102 - __main__ - INFO - Starting c_delta_z optimization...
2025-03-12 16:32:18,102 - __main__ - INFO - Starting hyperparameter optimization for c_delta_z
[I 2025-03-12 16:32:18,103] A new study created in memory with name: catboost-c_delta_z-seed42
[I 2025-03-12 16:32:28,025] Trial 0 finished with value: 0.3790617286985408 and parameters: {'learning_rate': 0.001493068944564363, 'depth': 13, 'l2_leaf_reg': 2.0310174531711644, 'min_child_samples': 16}. Best is trial 0 with value: 0.3790617286985408.
[I 2025-03-12 16:32:30,885] Trial 1 finished with value: 0.5160091331437593 and parameters: {'learning_rate': 7.524127750456331e-05, 'depth': 9, 'l2_leaf_reg': 1.4180327317248862, 'min_child_samples': 8}. Best is trial 0 with value: 0.3790617286985408.
[I 2025-03-12 16:32:32,949] Trial 2 finished with value: 0.33169429419502744 and parameters: {'learning_rate': 0.010454946335686567, 'depth': 5, 'l2_leaf_reg': 0.27577317850306116, 'min_child_samples': 8}. Best is trial 2 with value: 0.33169429419502744.
[I 2025-03-12 16:32:34,751] Trial 3 finished with value: 0.36743341591218 and parameters: {'learning_rate': 0.009752677911049239, 'depth': 3, 'l2_leaf_reg': 2.0823033749306403, 'min_child_samples': 1}. Best is trial 2 with value: 0.33169429419502744.
[I 2025-03-12 16:32:36,578] Trial 4 finished with value: 0.3434519173638337 and parameters: {'learning_rate': 0.010572200253574507, 'depth': 4, 'l2_leaf_reg': 2.349095161009389, 'min_child_samples': 32}. Best is trial 2 with value: 0.33169429419502744.
[I 2025-03-12 16:32:39,033] Trial 5 finished with value: 0.30165132747350565 and parameters: {'learning_rate': 0.01457368455937701, 'depth': 7, 'l2_leaf_reg': 2.392914156359937, 'min_child_samples': 1}. Best is trial 5 with value: 0.30165132747350565.
[I 2025-03-12 16:32:41,201] Trial 6 finished with value: 0.36860131578733013 and parameters: {'learning_rate': 0.0028214868449361152, 'depth': 6, 'l2_leaf_reg': 1.757726511474655, 'min_child_samples': 4}. Best is trial 5 with value: 0.30165132747350565.
[I 2025-03-12 16:32:56,757] Trial 7 finished with value: 0.4489309292542406 and parameters: {'learning_rate': 0.0006306897487804714, 'depth': 14, 'l2_leaf_reg': 2.193895276275879, 'min_child_samples': 1}. Best is trial 5 with value: 0.30165132747350565.
[I 2025-03-12 16:32:58,002] Trial 8 finished with value: 0.442839135713071 and parameters: {'learning_rate': 0.013747496967694195, 'depth': 1, 'l2_leaf_reg': 1.878959057596291, 'min_child_samples': 8}. Best is trial 5 with value: 0.30165132747350565.
[I 2025-03-12 16:32:59,634] Trial 9 finished with value: 0.4446812467867941 and parameters: {'learning_rate': 0.012830998886784866, 'depth': 1, 'l2_leaf_reg': 0.6482494552011472, 'min_child_samples': 16}. Best is trial 5 with value: 0.30165132747350565.
[I 2025-03-12 16:33:04,507] Trial 10 finished with value: 0.2797535206676666 and parameters: {'learning_rate': 0.01942809450646813, 'depth': 12, 'l2_leaf_reg': 2.9838982958946785, 'min_child_samples': 1}. Best is trial 10 with value: 0.2797535206676666.
[I 2025-03-12 16:33:07,916] Trial 11 finished with value: 0.2850113334745607 and parameters: {'learning_rate': 0.019628878791930496, 'depth': 10, 'l2_leaf_reg': 2.9101040242839984, 'min_child_samples': 1}. Best is trial 10 with value: 0.2797535206676666.
[I 2025-03-12 16:33:10,940] Trial 12 finished with value: 0.28385078215976006 and parameters: {'learning_rate': 0.019676515767231326, 'depth': 11, 'l2_leaf_reg': 2.9498094183696786, 'min_child_samples': 1}. Best is trial 10 with value: 0.2797535206676666.
[I 2025-03-12 16:34:06,760] Trial 13 finished with value: 0.2943269291099618 and parameters: {'learning_rate': 0.019657502347199658, 'depth': 16, 'l2_leaf_reg': 2.9890718832186587, 'min_child_samples': 1}. Best is trial 10 with value: 0.2797535206676666.
[I 2025-03-12 16:34:09,677] Trial 14 finished with value: 0.2859655474430506 and parameters: {'learning_rate': 0.0168620271685766, 'depth': 11, 'l2_leaf_reg': 2.738527016841013, 'min_child_samples': 32}. Best is trial 10 with value: 0.2797535206676666.
[I 2025-03-12 16:34:14,182] Trial 15 finished with value: 0.28226397638658374 and parameters: {'learning_rate': 0.01711262435230587, 'depth': 12, 'l2_leaf_reg': 0.9895621538820722, 'min_child_samples': 4}. Best is trial 10 with value: 0.2797535206676666.
[I 2025-03-12 16:34:22,163] Trial 16 finished with value: 0.27525241607991713 and parameters: {'learning_rate': 0.01663968411156248, 'depth': 13, 'l2_leaf_reg': 1.1048620132503082, 'min_child_samples': 4}. Best is trial 16 with value: 0.27525241607991713.
[I 2025-03-12 16:35:18,197] Trial 17 finished with value: 0.3089444222749221 and parameters: {'learning_rate': 0.005699027913896857, 'depth': 16, 'l2_leaf_reg': 1.1922417242627092, 'min_child_samples': 4}. Best is trial 16 with value: 0.27525241607991713.
[I 2025-03-12 16:35:31,344] Trial 18 finished with value: 0.27742816989723484 and parameters: {'learning_rate': 0.016624783653644698, 'depth': 14, 'l2_leaf_reg': 0.03517012802169228, 'min_child_samples': 4}. Best is trial 16 with value: 0.27525241607991713.
[I 2025-03-12 16:35:45,049] Trial 19 finished with value: 0.277023793919791 and parameters: {'learning_rate': 0.01645258388744911, 'depth': 14, 'l2_leaf_reg': 0.12787273065609356, 'min_child_samples': 4}. Best is trial 16 with value: 0.27525241607991713.
[I 2025-03-12 16:35:47,573] Trial 20 finished with value: 0.3038091602288579 and parameters: {'learning_rate': 0.008065751947954362, 'depth': 8, 'l2_leaf_reg': 0.6731963539439658, 'min_child_samples': 4}. Best is trial 16 with value: 0.27525241607991713.
[I 2025-03-12 16:36:15,997] Trial 21 finished with value: 0.2862383538480675 and parameters: {'learning_rate': 0.01566017588066756, 'depth': 15, 'l2_leaf_reg': 0.1605970336123308, 'min_child_samples': 4}. Best is trial 16 with value: 0.27525241607991713.
[I 2025-03-12 16:36:29,338] Trial 22 finished with value: 0.2801548319017807 and parameters: {'learning_rate': 0.017712680259598355, 'depth': 14, 'l2_leaf_reg': 0.008159109637476104, 'min_child_samples': 4}. Best is trial 16 with value: 0.27525241607991713.
