[I 2025-03-12 10:27:07,100] Trial 338 finished with value: 0.2759390512977209 and parameters: {'learning_rate': 0.009852209714070553, 'depth': 13, 'l2_leaf_reg': 0.42150997090822906, 'min_child_samples': 1}. Best is trial 244 with value: 0.2711216274840732.
[I 2025-03-12 10:27:20,465] Trial 339 finished with value: 0.2792500809227542 and parameters: {'learning_rate': 0.01645933036287862, 'depth': 14, 'l2_leaf_reg': 1.8128442154676596, 'min_child_samples': 4}. Best is trial 244 with value: 0.2711216274840732.
[I 2025-03-12 10:27:28,254] Trial 340 finished with value: 0.2761642842413225 and parameters: {'learning_rate': 0.015956222021499603, 'depth': 13, 'l2_leaf_reg': 2.4369717465333096, 'min_child_samples': 1}. Best is trial 244 with value: 0.2711216274840732.
[I 2025-03-12 10:27:35,858] Trial 341 finished with value: 0.27553858374938317 and parameters: {'learning_rate': 0.016548162553181214, 'depth': 13, 'l2_leaf_reg': 0.46240289792973277, 'min_child_samples': 1}. Best is trial 244 with value: 0.2711216274840732.
[I 2025-03-12 10:27:45,277] Trial 342 finished with value: 0.2741376710206369 and parameters: {'learning_rate': 0.01339030408225308, 'depth': 13, 'l2_leaf_reg': 2.298681857589793, 'min_child_samples': 1}. Best is trial 244 with value: 0.2711216274840732.
[I 2025-03-12 10:27:50,497] Trial 343 finished with value: 0.27959689977390034 and parameters: {'learning_rate': 0.01777077415869762, 'depth': 12, 'l2_leaf_reg': 2.5525537118028234, 'min_child_samples': 4}. Best is trial 244 with value: 0.2711216274840732.
[I 2025-03-12 10:28:05,040] Trial 344 finished with value: 0.2758289927654568 and parameters: {'learning_rate': 0.01710893892950388, 'depth': 14, 'l2_leaf_reg': 2.3983492848108137, 'min_child_samples': 1}. Best is trial 244 with value: 0.2711216274840732.
[I 2025-03-12 10:28:15,798] Trial 345 finished with value: 0.2717636527511955 and parameters: {'learning_rate': 0.015559982904904712, 'depth': 13, 'l2_leaf_reg': 2.4996603936210464, 'min_child_samples': 1}. Best is trial 244 with value: 0.2711216274840732.
[I 2025-03-12 10:28:18,367] Trial 346 finished with value: 0.3813546835962836 and parameters: {'learning_rate': 0.015553092671493933, 'depth': 2, 'l2_leaf_reg': 2.48798406778203, 'min_child_samples': 1}. Best is trial 244 with value: 0.2711216274840732.
[I 2025-03-12 10:28:28,314] Trial 347 finished with value: 0.27444557601277353 and parameters: {'learning_rate': 0.01613112968880255, 'depth': 13, 'l2_leaf_reg': 2.6161935773957454, 'min_child_samples': 1}. Best is trial 244 with value: 0.2711216274840732.
[I 2025-03-12 10:28:34,512] Trial 348 finished with value: 0.2793045571301288 and parameters: {'learning_rate': 0.015721425832947583, 'depth': 12, 'l2_leaf_reg': 2.3545791415793382, 'min_child_samples': 1}. Best is trial 244 with value: 0.2711216274840732.
[I 2025-03-12 10:28:44,372] Trial 349 finished with value: 0.2733196714346859 and parameters: {'learning_rate': 0.016430313916489456, 'depth': 13, 'l2_leaf_reg': 2.5243247819712913, 'min_child_samples': 1}. Best is trial 244 with value: 0.2711216274840732.
[I 2025-03-12 10:28:52,870] Trial 350 finished with value: 0.2751019531125697 and parameters: {'learning_rate': 0.01653536886313983, 'depth': 13, 'l2_leaf_reg': 2.5414773726222357, 'min_child_samples': 1}. Best is trial 244 with value: 0.2711216274840732.
[I 2025-03-12 10:29:02,560] Trial 351 finished with value: 0.27672084909262035 and parameters: {'learning_rate': 0.011255248527357235, 'depth': 13, 'l2_leaf_reg': 2.6205617594798074, 'min_child_samples': 1}. Best is trial 244 with value: 0.2711216274840732.
[I 2025-03-12 10:29:18,263] Trial 352 finished with value: 0.30915368568131263 and parameters: {'learning_rate': 0.003669423424191489, 'depth': 14, 'l2_leaf_reg': 2.4899551598729484, 'min_child_samples': 1}. Best is trial 244 with value: 0.2711216274840732.
[I 2025-03-12 10:29:23,614] Trial 353 finished with value: 0.2820898299055123 and parameters: {'learning_rate': 0.016205037394973056, 'depth': 12, 'l2_leaf_reg': 2.4342353585164145, 'min_child_samples': 1}. Best is trial 244 with value: 0.2711216274840732.
[I 2025-03-12 10:29:33,813] Trial 354 finished with value: 0.2715582352910037 and parameters: {'learning_rate': 0.015439316702971705, 'depth': 13, 'l2_leaf_reg': 2.7816980826029085, 'min_child_samples': 1}. Best is trial 244 with value: 0.2711216274840732.
[I 2025-03-12 10:29:42,319] Trial 355 finished with value: 0.2782148510502827 and parameters: {'learning_rate': 0.015880136935968913, 'depth': 13, 'l2_leaf_reg': 2.699003877051848, 'min_child_samples': 1}. Best is trial 244 with value: 0.2711216274840732.
[I 2025-03-12 10:29:50,868] Trial 356 finished with value: 0.27486897493099494 and parameters: {'learning_rate': 0.01679847634067961, 'depth': 13, 'l2_leaf_reg': 2.8209343469046835, 'min_child_samples': 8}. Best is trial 244 with value: 0.2711216274840732.
[I 2025-03-12 10:29:59,684] Trial 357 finished with value: 0.2759727857891397 and parameters: {'learning_rate': 0.015398502379457108, 'depth': 13, 'l2_leaf_reg': 2.7533955566131203, 'min_child_samples': 1}. Best is trial 244 with value: 0.2711216274840732.
[I 2025-03-12 10:30:14,415] Trial 358 finished with value: 0.27932289296394425 and parameters: {'learning_rate': 0.01627453601597946, 'depth': 14, 'l2_leaf_reg': 2.6547522640718317, 'min_child_samples': 1}. Best is trial 244 with value: 0.2711216274840732.
[I 2025-03-12 10:30:21,757] Trial 359 finished with value: 0.2812501513794875 and parameters: {'learning_rate': 0.015775623271070186, 'depth': 12, 'l2_leaf_reg': 2.564065808495523, 'min_child_samples': 1}. Best is trial 244 with value: 0.2711216274840732.
[I 2025-03-12 10:30:30,223] Trial 360 finished with value: 0.27574962913650625 and parameters: {'learning_rate': 0.016574498118089965, 'depth': 13, 'l2_leaf_reg': 2.41641627524142, 'min_child_samples': 4}. Best is trial 244 with value: 0.2711216274840732.
[I 2025-03-12 10:30:46,574] Trial 361 finished with value: 0.27816771974362164 and parameters: {'learning_rate': 0.014712314469393058, 'depth': 14, 'l2_leaf_reg': 2.516539399825662, 'min_child_samples': 1}. Best is trial 244 with value: 0.2711216274840732.
[I 2025-03-12 10:30:55,882] Trial 362 finished with value: 0.27517843749096726 and parameters: {'learning_rate': 0.015169504981873657, 'depth': 13, 'l2_leaf_reg': 2.8102289842730066, 'min_child_samples': 1}. Best is trial 244 with value: 0.2711216274840732.
[I 2025-03-12 10:31:02,979] Trial 363 finished with value: 0.28128163770299064 and parameters: {'learning_rate': 0.017031835631624758, 'depth': 12, 'l2_leaf_reg': 2.3749039478167835, 'min_child_samples': 1}. Best is trial 244 with value: 0.2711216274840732.
[I 2025-03-12 10:31:12,318] Trial 364 finished with value: 0.27420745972329597 and parameters: {'learning_rate': 0.01599343724411424, 'depth': 13, 'l2_leaf_reg': 2.989686698868073, 'min_child_samples': 1}. Best is trial 244 with value: 0.2711216274840732.
[I 2025-03-12 10:31:21,217] Trial 365 finished with value: 0.27413850229366343 and parameters: {'learning_rate': 0.01644622494818256, 'depth': 13, 'l2_leaf_reg': 2.9341113071984393, 'min_child_samples': 4}. Best is trial 244 with value: 0.2711216274840732.
[I 2025-03-12 10:31:37,464] Trial 366 finished with value: 0.2772049598577071 and parameters: {'learning_rate': 0.015580699767081737, 'depth': 14, 'l2_leaf_reg': 2.4591736011744807, 'min_child_samples': 1}. Best is trial 244 with value: 0.2711216274840732.
[I 2025-03-12 10:31:45,654] Trial 367 finished with value: 0.27543969995295503 and parameters: {'learning_rate': 0.017410928745529727, 'depth': 13, 'l2_leaf_reg': 2.5977405523011394, 'min_child_samples': 1}. Best is trial 244 with value: 0.2711216274840732.
[I 2025-03-12 10:31:54,695] Trial 368 finished with value: 0.27555159288248965 and parameters: {'learning_rate': 0.01627490298053778, 'depth': 13, 'l2_leaf_reg': 2.3318942196304535, 'min_child_samples': 1}. Best is trial 244 with value: 0.2711216274840732.
[I 2025-03-12 10:32:04,450] Trial 369 finished with value: 0.27506491908884073 and parameters: {'learning_rate': 0.014024190657111925, 'depth': 13, 'l2_leaf_reg': 2.202245095690311, 'min_child_samples': 1}. Best is trial 244 with value: 0.2711216274840732.
[I 2025-03-12 10:32:10,882] Trial 370 finished with value: 0.282298704747557 and parameters: {'learning_rate': 0.01691592590057419, 'depth': 12, 'l2_leaf_reg': 0.5715137703546888, 'min_child_samples': 1}. Best is trial 244 with value: 0.2711216274840732.
[I 2025-03-12 10:32:21,319] Trial 371 finished with value: 0.2758983501832384 and parameters: {'learning_rate': 0.015410842112420924, 'depth': 13, 'l2_leaf_reg': 1.489299170291409, 'min_child_samples': 4}. Best is trial 244 with value: 0.2711216274840732.
[I 2025-03-12 10:32:35,364] Trial 372 finished with value: 0.27910722214975664 and parameters: {'learning_rate': 0.014806481485518677, 'depth': 14, 'l2_leaf_reg': 2.872755978325059, 'min_child_samples': 1}. Best is trial 244 with value: 0.2711216274840732.
[I 2025-03-12 10:32:44,575] Trial 373 finished with value: 0.2771705196064937 and parameters: {'learning_rate': 0.01606224192335433, 'depth': 13, 'l2_leaf_reg': 2.2591129408957134, 'min_child_samples': 1}. Best is trial 244 with value: 0.2711216274840732.
[I 2025-03-12 10:32:50,883] Trial 374 finished with value: 0.27631899556247114 and parameters: {'learning_rate': 0.018202793996813054, 'depth': 12, 'l2_leaf_reg': 2.4881236210585347, 'min_child_samples': 8}. Best is trial 244 with value: 0.2711216274840732.
[I 2025-03-12 10:32:59,358] Trial 375 finished with value: 0.2746844060773477 and parameters: {'learning_rate': 0.01668466081329355, 'depth': 13, 'l2_leaf_reg': 1.3094192515809848, 'min_child_samples': 1}. Best is trial 244 with value: 0.2711216274840732.
[I 2025-03-12 10:33:07,575] Trial 376 finished with value: 0.27820070983999506 and parameters: {'learning_rate': 0.01737763417916804, 'depth': 13, 'l2_leaf_reg': 2.5537214697493735, 'min_child_samples': 1}. Best is trial 244 with value: 0.2711216274840732.
[I 2025-03-12 10:33:23,766] Trial 377 finished with value: 0.2787195872851933 and parameters: {'learning_rate': 0.015823983693837026, 'depth': 14, 'l2_leaf_reg': 2.3978579599316148, 'min_child_samples': 1}. Best is trial 244 with value: 0.2711216274840732.
[I 2025-03-12 10:33:33,516] Trial 378 finished with value: 0.4893251034551852 and parameters: {'learning_rate': 0.0002651788692772071, 'depth': 13, 'l2_leaf_reg': 2.6651177735659446, 'min_child_samples': 4}. Best is trial 244 with value: 0.2711216274840732.
[I 2025-03-12 10:33:40,524] Trial 379 finished with value: 0.2797041705328887 and parameters: {'learning_rate': 0.01507083381443066, 'depth': 12, 'l2_leaf_reg': 2.4930680774369156, 'min_child_samples': 1}. Best is trial 244 with value: 0.2711216274840732.
[I 2025-03-12 10:33:49,238] Trial 380 finished with value: 0.27679615216429865 and parameters: {'learning_rate': 0.016495500415233892, 'depth': 13, 'l2_leaf_reg': 2.308752327054009, 'min_child_samples': 16}. Best is trial 244 with value: 0.2711216274840732.
[I 2025-03-12 10:34:05,269] Trial 381 finished with value: 0.27654413485746243 and parameters: {'learning_rate': 0.015442486160913958, 'depth': 14, 'l2_leaf_reg': 2.43967453778476, 'min_child_samples': 32}. Best is trial 244 with value: 0.2711216274840732.
[I 2025-03-12 10:34:09,905] Trial 382 finished with value: 0.30176699138586766 and parameters: {'learning_rate': 0.016984267868476764, 'depth': 7, 'l2_leaf_reg': 2.9179082016668207, 'min_child_samples': 1}. Best is trial 244 with value: 0.2711216274840732.
[I 2025-03-12 10:34:18,899] Trial 383 finished with value: 0.2772315870056312 and parameters: {'learning_rate': 0.016246362816089446, 'depth': 13, 'l2_leaf_reg': 2.7657132155149435, 'min_child_samples': 1}. Best is trial 244 with value: 0.2711216274840732.
[I 2025-03-12 10:34:28,693] Trial 384 finished with value: 0.27599120996038834 and parameters: {'learning_rate': 0.014581972579334487, 'depth': 13, 'l2_leaf_reg': 2.3916093341961746, 'min_child_samples': 32}. Best is trial 244 with value: 0.2711216274840732.
[I 2025-03-12 10:34:34,992] Trial 385 finished with value: 0.28016110158595414 and parameters: {'learning_rate': 0.01766596024195581, 'depth': 12, 'l2_leaf_reg': 2.5692640810148313, 'min_child_samples': 1}. Best is trial 244 with value: 0.2711216274840732.
[I 2025-03-12 10:34:44,114] Trial 386 finished with value: 0.2777137654272721 and parameters: {'learning_rate': 0.015840599819151625, 'depth': 13, 'l2_leaf_reg': 1.3784020094892577, 'min_child_samples': 1}. Best is trial 244 with value: 0.2711216274840732.
[I 2025-03-12 10:34:58,618] Trial 387 finished with value: 0.27787703596877805 and parameters: {'learning_rate': 0.01675967019853299, 'depth': 14, 'l2_leaf_reg': 2.5344394825914773, 'min_child_samples': 32}. Best is trial 244 with value: 0.2711216274840732.
[I 2025-03-12 10:35:06,387] Trial 388 finished with value: 0.27526289145652444 and parameters: {'learning_rate': 0.016331384504320007, 'depth': 13, 'l2_leaf_reg': 1.562581415311064, 'min_child_samples': 4}. Best is trial 244 with value: 0.2711216274840732.
[I 2025-03-12 10:35:13,101] Trial 389 finished with value: 0.2799754919820478 and parameters: {'learning_rate': 0.01729365998497106, 'depth': 12, 'l2_leaf_reg': 1.0868120826241974, 'min_child_samples': 1}. Best is trial 244 with value: 0.2711216274840732.
[I 2025-03-12 10:35:22,841] Trial 390 finished with value: 0.2753655315633274 and parameters: {'learning_rate': 0.015457858447210239, 'depth': 13, 'l2_leaf_reg': 2.627031185249934, 'min_child_samples': 1}. Best is trial 244 with value: 0.2711216274840732.
[I 2025-03-12 10:35:32,476] Trial 391 finished with value: 0.27425216953519016 and parameters: {'learning_rate': 0.014360477604640574, 'depth': 13, 'l2_leaf_reg': 2.4460925808952845, 'min_child_samples': 32}. Best is trial 244 with value: 0.2711216274840732.
[I 2025-03-12 10:35:43,308] Trial 392 finished with value: 0.2754778984537348 and parameters: {'learning_rate': 0.012940571870246189, 'depth': 13, 'l2_leaf_reg': 1.443535050882277, 'min_child_samples': 1}. Best is trial 244 with value: 0.2711216274840732.
[I 2025-03-12 10:35:52,580] Trial 393 finished with value: 0.27552317981968977 and parameters: {'learning_rate': 0.015958135246739308, 'depth': 13, 'l2_leaf_reg': 2.3375657191696075, 'min_child_samples': 16}. Best is trial 244 with value: 0.2711216274840732.
[I 2025-03-12 10:36:08,558] Trial 394 finished with value: 0.27982520071388234 and parameters: {'learning_rate': 0.015012214668471748, 'depth': 14, 'l2_leaf_reg': 2.4873987632324432, 'min_child_samples': 1}. Best is trial 244 with value: 0.2711216274840732.
[I 2025-03-12 10:36:16,011] Trial 395 finished with value: 0.2824991360199712 and parameters: {'learning_rate': 0.008257269197357283, 'depth': 12, 'l2_leaf_reg': 1.5255491662118952, 'min_child_samples': 32}. Best is trial 244 with value: 0.2711216274840732.
[I 2025-03-12 10:36:41,804] Trial 396 finished with value: 0.2857841200297374 and parameters: {'learning_rate': 0.016706604308320792, 'depth': 15, 'l2_leaf_reg': 1.608424744438777, 'min_child_samples': 1}. Best is trial 244 with value: 0.2711216274840732.
[I 2025-03-12 10:36:50,007] Trial 397 finished with value: 0.27668089405986984 and parameters: {'learning_rate': 0.017077846304292033, 'depth': 13, 'l2_leaf_reg': 2.600395377226115, 'min_child_samples': 8}. Best is trial 244 with value: 0.2711216274840732.
[I 2025-03-12 10:36:58,823] Trial 398 finished with value: 0.27490038686431395 and parameters: {'learning_rate': 0.017988692450521513, 'depth': 13, 'l2_leaf_reg': 2.1121437648724757, 'min_child_samples': 4}. Best is trial 244 with value: 0.2711216274840732.
[I 2025-03-12 10:37:07,925] Trial 399 finished with value: 0.27508724839981025 and parameters: {'learning_rate': 0.01629209016803973, 'depth': 13, 'l2_leaf_reg': 2.714993908864183, 'min_child_samples': 1}. Best is trial 244 with value: 0.2711216274840732.
[I 2025-03-12 10:37:14,675] Trial 400 finished with value: 0.27877117831232096 and parameters: {'learning_rate': 0.015608333103712485, 'depth': 12, 'l2_leaf_reg': 2.5259369181468645, 'min_child_samples': 32}. Best is trial 244 with value: 0.2711216274840732.
[I 2025-03-12 10:37:29,014] Trial 401 finished with value: 0.2795474663023973 and parameters: {'learning_rate': 0.015973030358539177, 'depth': 14, 'l2_leaf_reg': 2.259495741309501, 'min_child_samples': 1}. Best is trial 244 with value: 0.2711216274840732.
[I 2025-03-12 10:37:37,363] Trial 402 finished with value: 0.2782041610730213 and parameters: {'learning_rate': 0.015207534791797126, 'depth': 13, 'l2_leaf_reg': 2.3968774970662268, 'min_child_samples': 1}. Best is trial 244 with value: 0.2711216274840732.
[I 2025-03-12 10:37:47,061] Trial 403 finished with value: 0.27759902349511606 and parameters: {'learning_rate': 0.01373708722056061, 'depth': 13, 'l2_leaf_reg': 2.449668180665866, 'min_child_samples': 32}. Best is trial 244 with value: 0.2711216274840732.
[I 2025-03-12 10:37:55,847] Trial 404 finished with value: 0.27671903660784464 and parameters: {'learning_rate': 0.016631611528920117, 'depth': 13, 'l2_leaf_reg': 1.6579443239681468, 'min_child_samples': 1}. Best is trial 244 with value: 0.2711216274840732.
[I 2025-03-12 10:38:12,741] Trial 405 finished with value: 0.27749931970056907 and parameters: {'learning_rate': 0.01744845450897692, 'depth': 14, 'l2_leaf_reg': 2.3409976131306878, 'min_child_samples': 1}. Best is trial 244 with value: 0.2711216274840732.
[I 2025-03-12 10:38:21,581] Trial 406 finished with value: 0.2762862511588934 and parameters: {'learning_rate': 0.01696417196841959, 'depth': 13, 'l2_leaf_reg': 2.5009457560598047, 'min_child_samples': 32}. Best is trial 244 with value: 0.2711216274840732.
[I 2025-03-12 10:38:30,003] Trial 407 finished with value: 0.2769835684306241 and parameters: {'learning_rate': 0.016235931027309698, 'depth': 13, 'l2_leaf_reg': 2.4096239872247627, 'min_child_samples': 4}. Best is trial 244 with value: 0.2711216274840732.
[I 2025-03-12 10:38:37,317] Trial 408 finished with value: 0.28017562628614334 and parameters: {'learning_rate': 0.014648888148507823, 'depth': 12, 'l2_leaf_reg': 2.572373058818232, 'min_child_samples': 1}. Best is trial 244 with value: 0.2711216274840732.
[I 2025-03-12 10:38:53,837] Trial 409 finished with value: 0.27756208914989977 and parameters: {'learning_rate': 0.01562555838322072, 'depth': 14, 'l2_leaf_reg': 2.6666392054660792, 'min_child_samples': 32}. Best is trial 244 with value: 0.2711216274840732.
[I 2025-03-12 10:39:01,793] Trial 410 finished with value: 0.27729294702671187 and parameters: {'learning_rate': 0.018532486779136964, 'depth': 13, 'l2_leaf_reg': 0.33480514799552213, 'min_child_samples': 16}. Best is trial 244 with value: 0.2711216274840732.
[I 2025-03-12 10:39:08,191] Trial 411 finished with value: 0.2834883353570973 and parameters: {'learning_rate': 0.016415959864533515, 'depth': 12, 'l2_leaf_reg': 2.4646972155844824, 'min_child_samples': 1}. Best is trial 244 with value: 0.2711216274840732.
[I 2025-03-12 10:39:18,158] Trial 412 finished with value: 0.2741769699589031 and parameters: {'learning_rate': 0.015193872471900155, 'depth': 13, 'l2_leaf_reg': 0.6397189975899933, 'min_child_samples': 1}. Best is trial 244 with value: 0.2711216274840732.
[I 2025-03-12 10:39:27,464] Trial 413 finished with value: 0.2785766269913492 and parameters: {'learning_rate': 0.015908846864883194, 'depth': 13, 'l2_leaf_reg': 1.612337311813179, 'min_child_samples': 32}. Best is trial 244 with value: 0.2711216274840732.
[I 2025-03-12 10:39:43,898] Trial 414 finished with value: 0.294721788347012 and parameters: {'learning_rate': 0.005135485565952174, 'depth': 14, 'l2_leaf_reg': 1.520455272123868, 'min_child_samples': 1}. Best is trial 244 with value: 0.2711216274840732.
[I 2025-03-12 10:39:50,391] Trial 415 finished with value: 0.2860089875219416 and parameters: {'learning_rate': 0.016878194989515337, 'depth': 11, 'l2_leaf_reg': 2.369637847417847, 'min_child_samples': 1}. Best is trial 244 with value: 0.2711216274840732.
[I 2025-03-12 10:39:55,985] Trial 416 finished with value: 0.28972770008365156 and parameters: {'learning_rate': 0.014236754940554684, 'depth': 9, 'l2_leaf_reg': 2.5092855198351183, 'min_child_samples': 4}. Best is trial 244 with value: 0.2711216274840732.
[I 2025-03-12 10:40:05,047] Trial 417 finished with value: 0.27357521389708733 and parameters: {'learning_rate': 0.016559746005307338, 'depth': 13, 'l2_leaf_reg': 2.5864626971821374, 'min_child_samples': 32}. Best is trial 244 with value: 0.2711216274840732.
[I 2025-03-12 10:40:15,439] Trial 418 finished with value: 0.2763547774731709 and parameters: {'learning_rate': 0.016002385649330823, 'depth': 13, 'l2_leaf_reg': 2.8908790213800226, 'min_child_samples': 32}. Best is trial 244 with value: 0.2711216274840732.
[I 2025-03-12 10:40:23,105] Trial 419 finished with value: 0.2802962053974268 and parameters: {'learning_rate': 0.009056248825552667, 'depth': 12, 'l2_leaf_reg': 1.1664683518874892, 'min_child_samples': 32}. Best is trial 244 with value: 0.2711216274840732.
[I 2025-03-12 10:40:31,871] Trial 420 finished with value: 0.2749522180427523 and parameters: {'learning_rate': 0.014974578998049442, 'depth': 13, 'l2_leaf_reg': 0.4805501536825346, 'min_child_samples': 32}. Best is trial 244 with value: 0.2711216274840732.
[I 2025-03-12 10:40:39,068] Trial 421 finished with value: 0.2839314868105914 and parameters: {'learning_rate': 0.0154578608946999, 'depth': 12, 'l2_leaf_reg': 2.554555499941862, 'min_child_samples': 32}. Best is trial 244 with value: 0.2711216274840732.
[I 2025-03-12 10:40:48,256] Trial 422 finished with value: 0.2742258531494547 and parameters: {'learning_rate': 0.016487701215003186, 'depth': 13, 'l2_leaf_reg': 2.600248872339022, 'min_child_samples': 32}. Best is trial 244 with value: 0.2711216274840732.
