[I 2025-03-12 18:59:15,944] Trial 291 finished with value: 0.18404023714653212 and parameters: {'learning_rate': 0.01869232012243464, 'depth': 11, 'l2_leaf_reg': 2.4862683157195704, 'min_child_samples': 4}. Best is trial 233 with value: 0.18081110637386957.
[I 2025-03-12 18:59:20,483] Trial 292 finished with value: 0.1828044150268597 and parameters: {'learning_rate': 0.019591373951431762, 'depth': 11, 'l2_leaf_reg': 2.4289226772626322, 'min_child_samples': 8}. Best is trial 233 with value: 0.18081110637386957.
[I 2025-03-12 18:59:26,269] Trial 293 finished with value: 0.6216654043973098 and parameters: {'learning_rate': 0.0010734955532829254, 'depth': 12, 'l2_leaf_reg': 2.5300633833426267, 'min_child_samples': 8}. Best is trial 233 with value: 0.18081110637386957.
[I 2025-03-12 18:59:30,806] Trial 294 finished with value: 0.18309834245198545 and parameters: {'learning_rate': 0.01898731801621532, 'depth': 11, 'l2_leaf_reg': 2.377886738717591, 'min_child_samples': 8}. Best is trial 233 with value: 0.18081110637386957.
[I 2025-03-12 18:59:35,375] Trial 295 finished with value: 0.18179253110811563 and parameters: {'learning_rate': 0.01999443268689332, 'depth': 11, 'l2_leaf_reg': 2.2155325761439792, 'min_child_samples': 8}. Best is trial 233 with value: 0.18081110637386957.
[I 2025-03-12 18:59:38,869] Trial 296 finished with value: 0.18537164244961568 and parameters: {'learning_rate': 0.019292737272308517, 'depth': 10, 'l2_leaf_reg': 2.2708724980691772, 'min_child_samples': 8}. Best is trial 233 with value: 0.18081110637386957.
[I 2025-03-12 18:59:43,226] Trial 297 finished with value: 0.1829342690046812 and parameters: {'learning_rate': 0.019618201756114194, 'depth': 11, 'l2_leaf_reg': 2.3403762104790395, 'min_child_samples': 8}. Best is trial 233 with value: 0.18081110637386957.
[I 2025-03-12 18:59:47,760] Trial 298 finished with value: 0.18357834110053636 and parameters: {'learning_rate': 0.018352679536713736, 'depth': 11, 'l2_leaf_reg': 2.1771720314704353, 'min_child_samples': 8}. Best is trial 233 with value: 0.18081110637386957.
[I 2025-03-12 18:59:52,154] Trial 299 finished with value: 0.18147453378417935 and parameters: {'learning_rate': 0.019992434655084403, 'depth': 11, 'l2_leaf_reg': 2.248165130065704, 'min_child_samples': 8}. Best is trial 233 with value: 0.18081110637386957.
[I 2025-03-12 18:59:58,436] Trial 300 finished with value: 0.18551707394779213 and parameters: {'learning_rate': 0.019624215484240565, 'depth': 12, 'l2_leaf_reg': 2.1744618686668487, 'min_child_samples': 8}. Best is trial 233 with value: 0.18081110637386957.
[I 2025-03-12 19:00:02,023] Trial 301 finished with value: 0.18537487259943788 and parameters: {'learning_rate': 0.0190740350056647, 'depth': 10, 'l2_leaf_reg': 2.2696049913580003, 'min_child_samples': 32}. Best is trial 233 with value: 0.18081110637386957.
[I 2025-03-12 19:00:06,358] Trial 302 finished with value: 0.18132281685431514 and parameters: {'learning_rate': 0.019994289881926055, 'depth': 11, 'l2_leaf_reg': 2.2360903801530814, 'min_child_samples': 8}. Best is trial 233 with value: 0.18081110637386957.
[I 2025-03-12 19:00:10,931] Trial 303 finished with value: 0.18343059845202783 and parameters: {'learning_rate': 0.01971707886889231, 'depth': 11, 'l2_leaf_reg': 2.1261422902132674, 'min_child_samples': 8}. Best is trial 233 with value: 0.18081110637386957.
[I 2025-03-12 19:00:12,497] Trial 304 finished with value: 0.35057341041642964 and parameters: {'learning_rate': 0.019963666100740563, 'depth': 2, 'l2_leaf_reg': 2.0213924604895595, 'min_child_samples': 8}. Best is trial 233 with value: 0.18081110637386957.
[I 2025-03-12 19:00:18,775] Trial 305 finished with value: 0.18439022106552103 and parameters: {'learning_rate': 0.01966523730061518, 'depth': 12, 'l2_leaf_reg': 2.1995736485528874, 'min_child_samples': 8}. Best is trial 233 with value: 0.18081110637386957.
[I 2025-03-12 19:00:23,075] Trial 306 finished with value: 0.18200837971796485 and parameters: {'learning_rate': 0.01999677951013127, 'depth': 11, 'l2_leaf_reg': 2.195071300478634, 'min_child_samples': 8}. Best is trial 233 with value: 0.18081110637386957.
[I 2025-03-12 19:00:27,743] Trial 307 finished with value: 0.18367787649000106 and parameters: {'learning_rate': 0.019912024420374118, 'depth': 11, 'l2_leaf_reg': 2.243729083849518, 'min_child_samples': 8}. Best is trial 233 with value: 0.18081110637386957.
[I 2025-03-12 19:00:31,319] Trial 308 finished with value: 0.1857972117704262 and parameters: {'learning_rate': 0.01931678090265818, 'depth': 10, 'l2_leaf_reg': 2.082336047171192, 'min_child_samples': 4}. Best is trial 233 with value: 0.18081110637386957.
[I 2025-03-12 19:00:35,617] Trial 309 finished with value: 0.1831779005676921 and parameters: {'learning_rate': 0.019998859101594917, 'depth': 11, 'l2_leaf_reg': 2.24440528633749, 'min_child_samples': 8}. Best is trial 233 with value: 0.18081110637386957.
[I 2025-03-12 19:00:40,201] Trial 310 finished with value: 0.18156312425419652 and parameters: {'learning_rate': 0.01999153610119484, 'depth': 11, 'l2_leaf_reg': 2.2034514877984686, 'min_child_samples': 8}. Best is trial 233 with value: 0.18081110637386957.
[I 2025-03-12 19:00:43,615] Trial 311 finished with value: 0.1835812697867822 and parameters: {'learning_rate': 0.01997676177380617, 'depth': 10, 'l2_leaf_reg': 2.1139099246453337, 'min_child_samples': 8}. Best is trial 233 with value: 0.18081110637386957.
[I 2025-03-12 19:00:49,892] Trial 312 finished with value: 0.1874430075100547 and parameters: {'learning_rate': 0.019639539920951733, 'depth': 12, 'l2_leaf_reg': 2.2219474091174845, 'min_child_samples': 8}. Best is trial 233 with value: 0.18081110637386957.
[I 2025-03-12 19:00:51,725] Trial 313 finished with value: 0.21686298983100252 and parameters: {'learning_rate': 0.019638884792539883, 'depth': 6, 'l2_leaf_reg': 2.1527848228224986, 'min_child_samples': 8}. Best is trial 233 with value: 0.18081110637386957.
[I 2025-03-12 19:00:56,319] Trial 314 finished with value: 0.18219642224877952 and parameters: {'learning_rate': 0.019966162519601323, 'depth': 11, 'l2_leaf_reg': 2.21287236891865, 'min_child_samples': 16}. Best is trial 233 with value: 0.18081110637386957.
[I 2025-03-12 19:01:00,722] Trial 315 finished with value: 0.18433713935155405 and parameters: {'learning_rate': 0.019996638639334208, 'depth': 11, 'l2_leaf_reg': 2.227177430529953, 'min_child_samples': 32}. Best is trial 233 with value: 0.18081110637386957.
[I 2025-03-12 19:01:05,165] Trial 316 finished with value: 0.20173095400390534 and parameters: {'learning_rate': 0.007482599548773666, 'depth': 11, 'l2_leaf_reg': 2.190497618643593, 'min_child_samples': 16}. Best is trial 233 with value: 0.18081110637386957.
[I 2025-03-12 19:01:08,627] Trial 317 finished with value: 0.1851524410793749 and parameters: {'learning_rate': 0.019313415252876342, 'depth': 10, 'l2_leaf_reg': 2.149951091324068, 'min_child_samples': 8}. Best is trial 233 with value: 0.18081110637386957.
[I 2025-03-12 19:01:13,213] Trial 318 finished with value: 0.18384716536481152 and parameters: {'learning_rate': 0.01960306501191526, 'depth': 11, 'l2_leaf_reg': 1.9660602748263916, 'min_child_samples': 16}. Best is trial 233 with value: 0.18081110637386957.
[I 2025-03-12 19:01:17,594] Trial 319 finished with value: 0.183910267308852 and parameters: {'learning_rate': 0.01931770406064331, 'depth': 11, 'l2_leaf_reg': 2.2906740889243102, 'min_child_samples': 4}. Best is trial 233 with value: 0.18081110637386957.
[I 2025-03-12 19:01:23,698] Trial 320 finished with value: 0.1918765651172578 and parameters: {'learning_rate': 0.010906639747076336, 'depth': 12, 'l2_leaf_reg': 2.0688692455119337, 'min_child_samples': 16}. Best is trial 233 with value: 0.18081110637386957.
[I 2025-03-12 19:01:26,287] Trial 321 finished with value: 0.1959055688239357 and parameters: {'learning_rate': 0.019974995298413553, 'depth': 8, 'l2_leaf_reg': 2.3028181203684706, 'min_child_samples': 16}. Best is trial 233 with value: 0.18081110637386957.
[I 2025-03-12 19:01:30,912] Trial 322 finished with value: 0.18373992281997775 and parameters: {'learning_rate': 0.018754792879885854, 'depth': 11, 'l2_leaf_reg': 2.2155176692747407, 'min_child_samples': 16}. Best is trial 233 with value: 0.18081110637386957.
[I 2025-03-12 19:01:34,555] Trial 323 finished with value: 0.185084688196853 and parameters: {'learning_rate': 0.01999046384494359, 'depth': 10, 'l2_leaf_reg': 2.318849684251847, 'min_child_samples': 8}. Best is trial 233 with value: 0.18081110637386957.
[I 2025-03-12 19:01:40,936] Trial 324 finished with value: 0.18665222452713942 and parameters: {'learning_rate': 0.019376365005687554, 'depth': 12, 'l2_leaf_reg': 2.20942500969636, 'min_child_samples': 16}. Best is trial 233 with value: 0.18081110637386957.
[I 2025-03-12 19:01:44,899] Trial 325 finished with value: 0.32425619371714404 and parameters: {'learning_rate': 0.0031563370435327785, 'depth': 11, 'l2_leaf_reg': 2.284001183854559, 'min_child_samples': 8}. Best is trial 233 with value: 0.18081110637386957.
[I 2025-03-12 19:01:49,488] Trial 326 finished with value: 0.18283247040370063 and parameters: {'learning_rate': 0.01900441189858339, 'depth': 11, 'l2_leaf_reg': 2.10510454183403, 'min_child_samples': 8}. Best is trial 233 with value: 0.18081110637386957.
[I 2025-03-12 19:01:53,955] Trial 327 finished with value: 0.18290371491045818 and parameters: {'learning_rate': 0.019666693809345926, 'depth': 11, 'l2_leaf_reg': 2.3452083601740106, 'min_child_samples': 8}. Best is trial 233 with value: 0.18081110637386957.
[I 2025-03-12 19:02:00,304] Trial 328 finished with value: 0.18698465367637349 and parameters: {'learning_rate': 0.019996098528819693, 'depth': 12, 'l2_leaf_reg': 2.1590265308251144, 'min_child_samples': 8}. Best is trial 233 with value: 0.18081110637386957.
[I 2025-03-12 19:02:04,859] Trial 329 finished with value: 0.18549715584931895 and parameters: {'learning_rate': 0.019322846016344264, 'depth': 11, 'l2_leaf_reg': 2.368685644771625, 'min_child_samples': 32}. Best is trial 233 with value: 0.18081110637386957.
[I 2025-03-12 19:02:09,221] Trial 330 finished with value: 0.18938382133969126 and parameters: {'learning_rate': 0.012008592278645432, 'depth': 11, 'l2_leaf_reg': 2.242418721951082, 'min_child_samples': 8}. Best is trial 233 with value: 0.18081110637386957.
[I 2025-03-12 19:02:13,742] Trial 331 finished with value: 0.18236050327360043 and parameters: {'learning_rate': 0.018914040258429063, 'depth': 11, 'l2_leaf_reg': 1.6250747561601084, 'min_child_samples': 8}. Best is trial 233 with value: 0.18081110637386957.
[I 2025-03-12 19:02:17,155] Trial 332 finished with value: 0.18370840829814952 and parameters: {'learning_rate': 0.019628886425395654, 'depth': 10, 'l2_leaf_reg': 2.3105066705082806, 'min_child_samples': 16}. Best is trial 233 with value: 0.18081110637386957.
[I 2025-03-12 19:02:21,726] Trial 333 finished with value: 0.18306590692978494 and parameters: {'learning_rate': 0.019347969515615047, 'depth': 11, 'l2_leaf_reg': 2.3723094794538806, 'min_child_samples': 8}. Best is trial 233 with value: 0.18081110637386957.
[I 2025-03-12 19:02:27,832] Trial 334 finished with value: 0.1863267770691013 and parameters: {'learning_rate': 0.01998525027164753, 'depth': 12, 'l2_leaf_reg': 2.276411415078061, 'min_child_samples': 8}. Best is trial 233 with value: 0.18081110637386957.
[I 2025-03-12 19:02:31,187] Trial 335 finished with value: 0.18572428312691527 and parameters: {'learning_rate': 0.018749836645816146, 'depth': 10, 'l2_leaf_reg': 1.7882679999640874, 'min_child_samples': 8}. Best is trial 233 with value: 0.18081110637386957.
[I 2025-03-12 19:02:35,735] Trial 336 finished with value: 0.18469917778882894 and parameters: {'learning_rate': 0.01957387996957741, 'depth': 11, 'l2_leaf_reg': 2.4007654845669695, 'min_child_samples': 4}. Best is trial 233 with value: 0.18081110637386957.
[I 2025-03-12 19:02:40,082] Trial 337 finished with value: 0.18334286213091536 and parameters: {'learning_rate': 0.018331907591305426, 'depth': 11, 'l2_leaf_reg': 1.4558813511040207, 'min_child_samples': 8}. Best is trial 233 with value: 0.18081110637386957.
[I 2025-03-12 19:02:46,305] Trial 338 finished with value: 0.18734845132067837 and parameters: {'learning_rate': 0.019181313648329736, 'depth': 12, 'l2_leaf_reg': 2.208267529074556, 'min_child_samples': 8}. Best is trial 233 with value: 0.18081110637386957.
[I 2025-03-12 19:02:49,929] Trial 339 finished with value: 0.1846228706211584 and parameters: {'learning_rate': 0.01999518175365178, 'depth': 10, 'l2_leaf_reg': 2.341128475225852, 'min_child_samples': 8}. Best is trial 233 with value: 0.18081110637386957.
[I 2025-03-12 19:02:54,210] Trial 340 finished with value: 0.18279883970267724 and parameters: {'learning_rate': 0.019579301333368788, 'depth': 11, 'l2_leaf_reg': 2.5027842161805056, 'min_child_samples': 8}. Best is trial 233 with value: 0.18081110637386957.
[I 2025-03-12 19:03:10,236] Trial 341 finished with value: 0.20593475471018688 and parameters: {'learning_rate': 0.019079601618949765, 'depth': 14, 'l2_leaf_reg': 2.4144026864092494, 'min_child_samples': 8}. Best is trial 233 with value: 0.18081110637386957.
[I 2025-03-12 19:03:14,569] Trial 342 finished with value: 0.18332672601826427 and parameters: {'learning_rate': 0.019606082458285996, 'depth': 11, 'l2_leaf_reg': 2.688604955527864, 'min_child_samples': 8}. Best is trial 233 with value: 0.18081110637386957.
[I 2025-03-12 19:03:19,155] Trial 343 finished with value: 0.18161522422843507 and parameters: {'learning_rate': 0.019996357319602885, 'depth': 11, 'l2_leaf_reg': 2.1402338957108027, 'min_child_samples': 8}. Best is trial 233 with value: 0.18081110637386957.
[I 2025-03-12 19:03:23,623] Trial 344 finished with value: 0.18321494718440348 and parameters: {'learning_rate': 0.01968035795923761, 'depth': 11, 'l2_leaf_reg': 2.12902730150022, 'min_child_samples': 32}. Best is trial 233 with value: 0.18081110637386957.
[I 2025-03-12 19:03:29,564] Trial 345 finished with value: 0.2418646295448122 and parameters: {'learning_rate': 0.004775632989754885, 'depth': 12, 'l2_leaf_reg': 2.2421471868718843, 'min_child_samples': 8}. Best is trial 233 with value: 0.18081110637386957.
[I 2025-03-12 19:03:34,075] Trial 346 finished with value: 0.18277933604821586 and parameters: {'learning_rate': 0.019966206633832754, 'depth': 11, 'l2_leaf_reg': 2.1718185056066774, 'min_child_samples': 8}. Best is trial 233 with value: 0.18081110637386957.
[I 2025-03-12 19:03:37,488] Trial 347 finished with value: 0.18621110802719712 and parameters: {'learning_rate': 0.01910149019555584, 'depth': 10, 'l2_leaf_reg': 2.289010914355316, 'min_child_samples': 16}. Best is trial 233 with value: 0.18081110637386957.
[I 2025-03-12 19:03:42,041] Trial 348 finished with value: 0.1816985789254139 and parameters: {'learning_rate': 0.019981558400288927, 'depth': 11, 'l2_leaf_reg': 2.109023010915882, 'min_child_samples': 1}. Best is trial 233 with value: 0.18081110637386957.
[I 2025-03-12 19:03:45,249] Trial 349 finished with value: 0.18832188073011655 and parameters: {'learning_rate': 0.01869300837835322, 'depth': 9, 'l2_leaf_reg': 1.2016340637981329, 'min_child_samples': 1}. Best is trial 233 with value: 0.18081110637386957.
[I 2025-03-12 19:03:48,926] Trial 350 finished with value: 0.1841454108768459 and parameters: {'learning_rate': 0.019994100961099635, 'depth': 10, 'l2_leaf_reg': 2.0557783334127215, 'min_child_samples': 4}. Best is trial 233 with value: 0.18081110637386957.
[I 2025-03-12 19:03:53,542] Trial 351 finished with value: 0.18485802013010347 and parameters: {'learning_rate': 0.019475783804719628, 'depth': 11, 'l2_leaf_reg': 2.027157486894423, 'min_child_samples': 8}. Best is trial 233 with value: 0.18081110637386957.
[I 2025-03-12 19:03:57,831] Trial 352 finished with value: 0.1837467100226419 and parameters: {'learning_rate': 0.01957399481792956, 'depth': 11, 'l2_leaf_reg': 1.9193293019660218, 'min_child_samples': 1}. Best is trial 233 with value: 0.18081110637386957.
[I 2025-03-12 19:04:04,315] Trial 353 finished with value: 0.18698474251705147 and parameters: {'learning_rate': 0.019996195278148835, 'depth': 12, 'l2_leaf_reg': 2.1618556815980177, 'min_child_samples': 32}. Best is trial 233 with value: 0.18081110637386957.
[I 2025-03-12 19:04:08,804] Trial 354 finished with value: 0.18535869771976599 and parameters: {'learning_rate': 0.015265433730906254, 'depth': 11, 'l2_leaf_reg': 2.2174195068310785, 'min_child_samples': 1}. Best is trial 233 with value: 0.18081110637386957.
[I 2025-03-12 19:04:13,409] Trial 355 finished with value: 0.18273769268280332 and parameters: {'learning_rate': 0.0191983043363821, 'depth': 11, 'l2_leaf_reg': 2.0794363215190095, 'min_child_samples': 1}. Best is trial 233 with value: 0.18081110637386957.
[I 2025-03-12 19:04:18,038] Trial 356 finished with value: 0.18216381563489517 and parameters: {'learning_rate': 0.01959904662627697, 'depth': 11, 'l2_leaf_reg': 2.1215302595979146, 'min_child_samples': 1}. Best is trial 233 with value: 0.18081110637386957.
[I 2025-03-12 19:04:24,268] Trial 357 finished with value: 0.18617165739266087 and parameters: {'learning_rate': 0.019544847481903792, 'depth': 12, 'l2_leaf_reg': 2.1092706162315467, 'min_child_samples': 1}. Best is trial 233 with value: 0.18081110637386957.
[I 2025-03-12 19:04:27,753] Trial 358 finished with value: 0.1836221207363014 and parameters: {'learning_rate': 0.019681636515113517, 'depth': 10, 'l2_leaf_reg': 2.15230870695862, 'min_child_samples': 1}. Best is trial 233 with value: 0.18081110637386957.
[I 2025-03-12 19:04:32,248] Trial 359 finished with value: 0.18265908718838508 and parameters: {'learning_rate': 0.01962449190791595, 'depth': 11, 'l2_leaf_reg': 1.9845492602028925, 'min_child_samples': 1}. Best is trial 233 with value: 0.18081110637386957.
[I 2025-03-12 19:04:36,877] Trial 360 finished with value: 0.18228349461934068 and parameters: {'learning_rate': 0.01999643129021592, 'depth': 11, 'l2_leaf_reg': 2.0351283712199475, 'min_child_samples': 1}. Best is trial 233 with value: 0.18081110637386957.
[I 2025-03-12 19:04:41,270] Trial 361 finished with value: 0.1829805771548886 and parameters: {'learning_rate': 0.019216125214955363, 'depth': 11, 'l2_leaf_reg': 2.0890890559670545, 'min_child_samples': 1}. Best is trial 233 with value: 0.18081110637386957.
[I 2025-03-12 19:04:47,639] Trial 362 finished with value: 0.1870932338307234 and parameters: {'learning_rate': 0.018649145595075356, 'depth': 12, 'l2_leaf_reg': 2.1884442159402955, 'min_child_samples': 1}. Best is trial 233 with value: 0.18081110637386957.
[I 2025-03-12 19:04:57,067] Trial 363 finished with value: 0.19163937522425936 and parameters: {'learning_rate': 0.019585019800422994, 'depth': 13, 'l2_leaf_reg': 2.2467720327197926, 'min_child_samples': 1}. Best is trial 233 with value: 0.18081110637386957.
[I 2025-03-12 19:05:00,696] Trial 364 finished with value: 0.18728847412476862 and parameters: {'learning_rate': 0.018955337888677686, 'depth': 10, 'l2_leaf_reg': 2.141372515266676, 'min_child_samples': 1}. Best is trial 233 with value: 0.18081110637386957.
[I 2025-03-12 19:05:05,091] Trial 365 finished with value: 0.2089591315389001 and parameters: {'learning_rate': 0.006639482493596773, 'depth': 11, 'l2_leaf_reg': 2.280482826487706, 'min_child_samples': 1}. Best is trial 233 with value: 0.18081110637386957.
[I 2025-03-12 19:05:09,566] Trial 366 finished with value: 0.1821633027694414 and parameters: {'learning_rate': 0.019987140454923117, 'depth': 11, 'l2_leaf_reg': 2.2012510043606635, 'min_child_samples': 16}. Best is trial 233 with value: 0.18081110637386957.
[I 2025-03-12 19:05:13,125] Trial 367 finished with value: 0.18559438931452413 and parameters: {'learning_rate': 0.019371722566519967, 'depth': 10, 'l2_leaf_reg': 2.3426682764236144, 'min_child_samples': 1}. Best is trial 233 with value: 0.18081110637386957.
[I 2025-03-12 19:05:17,563] Trial 368 finished with value: 0.1838470887966388 and parameters: {'learning_rate': 0.018097425136638128, 'depth': 11, 'l2_leaf_reg': 2.0987271322837477, 'min_child_samples': 4}. Best is trial 233 with value: 0.18081110637386957.
[I 2025-03-12 19:05:21,992] Trial 369 finished with value: 0.18341667281353616 and parameters: {'learning_rate': 0.019622019790926135, 'depth': 11, 'l2_leaf_reg': 2.1576295809430746, 'min_child_samples': 8}. Best is trial 233 with value: 0.18081110637386957.
[I 2025-03-12 19:05:26,423] Trial 370 finished with value: 0.18096929157675526 and parameters: {'learning_rate': 0.0199945190145132, 'depth': 11, 'l2_leaf_reg': 2.306716748268285, 'min_child_samples': 8}. Best is trial 233 with value: 0.18081110637386957.
[I 2025-03-12 19:05:32,583] Trial 371 finished with value: 0.18582323943390675 and parameters: {'learning_rate': 0.01999122438766317, 'depth': 12, 'l2_leaf_reg': 2.302990419948269, 'min_child_samples': 8}. Best is trial 233 with value: 0.18081110637386957.
[I 2025-03-12 19:05:38,708] Trial 372 finished with value: 0.18702269325192386 and parameters: {'learning_rate': 0.01924125115923099, 'depth': 12, 'l2_leaf_reg': 2.3540927613586695, 'min_child_samples': 8}. Best is trial 233 with value: 0.18081110637386957.
[I 2025-03-12 19:05:43,134] Trial 373 finished with value: 0.18253519372725638 and parameters: {'learning_rate': 0.018967058823176692, 'depth': 11, 'l2_leaf_reg': 2.262924976979395, 'min_child_samples': 8}. Best is trial 233 with value: 0.18081110637386957.
[I 2025-03-12 19:05:46,696] Trial 374 finished with value: 0.18414180597969929 and parameters: {'learning_rate': 0.019984246897815253, 'depth': 10, 'l2_leaf_reg': 2.3672113704991755, 'min_child_samples': 8}. Best is trial 233 with value: 0.18081110637386957.
[I 2025-03-12 19:06:16,416] Trial 375 finished with value: 0.23216908350758791 and parameters: {'learning_rate': 0.01999343002968683, 'depth': 15, 'l2_leaf_reg': 2.3083698051829087, 'min_child_samples': 8}. Best is trial 233 with value: 0.18081110637386957.
