[I 2025-03-12 18:16:10,356] Trial 454 finished with value: 2.1352898571312835 and parameters: {'learning_rate': 0.000302644451934864, 'depth': 11, 'l2_leaf_reg': 2.761782584752358, 'min_child_samples': 8}. Best is trial 381 with value: 1.998204942121151.
[I 2025-03-12 18:16:13,506] Trial 455 finished with value: 2.012750548710321 and parameters: {'learning_rate': 0.016145218983255355, 'depth': 12, 'l2_leaf_reg': 0.8102228021285738, 'min_child_samples': 1}. Best is trial 381 with value: 1.998204942121151.
[I 2025-03-12 18:16:15,450] Trial 456 finished with value: 2.00317057190258 and parameters: {'learning_rate': 0.017246362702805468, 'depth': 10, 'l2_leaf_reg': 0.3161201638976318, 'min_child_samples': 8}. Best is trial 381 with value: 1.998204942121151.
[I 2025-03-12 18:16:16,749] Trial 457 finished with value: 2.075603459470088 and parameters: {'learning_rate': 0.017925745048324556, 'depth': 1, 'l2_leaf_reg': 0.446159929524371, 'min_child_samples': 8}. Best is trial 381 with value: 1.998204942121151.
[I 2025-03-12 18:16:19,174] Trial 458 finished with value: 2.008597535461442 and parameters: {'learning_rate': 0.01690340307714931, 'depth': 11, 'l2_leaf_reg': 2.270344767898102, 'min_child_samples': 1}. Best is trial 381 with value: 1.998204942121151.
[I 2025-03-12 18:16:21,279] Trial 459 finished with value: 1.9993625215252195 and parameters: {'learning_rate': 0.01643585314302792, 'depth': 10, 'l2_leaf_reg': 0.1537962176023047, 'min_child_samples': 4}. Best is trial 381 with value: 1.998204942121151.
[I 2025-03-12 18:16:23,316] Trial 460 finished with value: 2.006162311224559 and parameters: {'learning_rate': 0.015933745721685884, 'depth': 10, 'l2_leaf_reg': 0.16411056913791983, 'min_child_samples': 8}. Best is trial 381 with value: 1.998204942121151.
[I 2025-03-12 18:16:25,402] Trial 461 finished with value: 1.9993614584239738 and parameters: {'learning_rate': 0.01643643467717314, 'depth': 10, 'l2_leaf_reg': 0.2545151810357496, 'min_child_samples': 4}. Best is trial 381 with value: 1.998204942121151.
[I 2025-03-12 18:16:27,222] Trial 462 finished with value: 2.010237580941005 and parameters: {'learning_rate': 0.0158639230872641, 'depth': 9, 'l2_leaf_reg': 2.6426740873256365, 'min_child_samples': 4}. Best is trial 381 with value: 1.998204942121151.
[I 2025-03-12 18:16:29,074] Trial 463 finished with value: 2.009998816959742 and parameters: {'learning_rate': 0.016356748780647187, 'depth': 9, 'l2_leaf_reg': 0.3672917093684678, 'min_child_samples': 4}. Best is trial 381 with value: 1.998204942121151.
[I 2025-03-12 18:16:30,926] Trial 464 finished with value: 2.001826024465974 and parameters: {'learning_rate': 0.016380009132511433, 'depth': 10, 'l2_leaf_reg': 0.28864806000680804, 'min_child_samples': 8}. Best is trial 381 with value: 1.998204942121151.
[I 2025-03-12 18:16:33,159] Trial 465 finished with value: 2.0025249581774536 and parameters: {'learning_rate': 0.015680537955892127, 'depth': 10, 'l2_leaf_reg': 0.24492690054141922, 'min_child_samples': 4}. Best is trial 381 with value: 1.998204942121151.
[I 2025-03-12 18:16:34,975] Trial 466 finished with value: 2.006736275252312 and parameters: {'learning_rate': 0.016184864932594818, 'depth': 10, 'l2_leaf_reg': 1.8638012950867342, 'min_child_samples': 4}. Best is trial 381 with value: 1.998204942121151.
[I 2025-03-12 18:16:37,114] Trial 467 finished with value: 2.0009802242020447 and parameters: {'learning_rate': 0.016799886632286317, 'depth': 10, 'l2_leaf_reg': 0.4102904504284499, 'min_child_samples': 8}. Best is trial 381 with value: 1.998204942121151.
[I 2025-03-12 18:16:39,002] Trial 468 finished with value: 2.0123255270558422 and parameters: {'learning_rate': 0.015056677328967483, 'depth': 10, 'l2_leaf_reg': 0.4770594703467316, 'min_child_samples': 4}. Best is trial 381 with value: 1.998204942121151.
[I 2025-03-12 18:16:40,428] Trial 469 finished with value: 2.007487429122319 and parameters: {'learning_rate': 0.016649444380340446, 'depth': 7, 'l2_leaf_reg': 0.6249442168103536, 'min_child_samples': 32}. Best is trial 381 with value: 1.998204942121151.
[I 2025-03-12 18:16:42,320] Trial 470 finished with value: 2.008705433645634 and parameters: {'learning_rate': 0.015863964133978056, 'depth': 9, 'l2_leaf_reg': 0.3793938654017227, 'min_child_samples': 8}. Best is trial 381 with value: 1.998204942121151.
[I 2025-03-12 18:16:44,194] Trial 471 finished with value: 2.0042418984699544 and parameters: {'learning_rate': 0.016420650736001345, 'depth': 10, 'l2_leaf_reg': 0.37982116341294686, 'min_child_samples': 4}. Best is trial 381 with value: 1.998204942121151.
[I 2025-03-12 18:16:46,050] Trial 472 finished with value: 2.0069197005886217 and parameters: {'learning_rate': 0.016706941648723293, 'depth': 10, 'l2_leaf_reg': 0.2866658484110581, 'min_child_samples': 4}. Best is trial 381 with value: 1.998204942121151.
[I 2025-03-12 18:16:47,860] Trial 473 finished with value: 2.004967111847522 and parameters: {'learning_rate': 0.01623770135122078, 'depth': 9, 'l2_leaf_reg': 0.31097601740807107, 'min_child_samples': 1}. Best is trial 381 with value: 1.998204942121151.
[I 2025-03-12 18:16:49,948] Trial 474 finished with value: 1.999159951760446 and parameters: {'learning_rate': 0.015887763195549496, 'depth': 10, 'l2_leaf_reg': 0.21317199181417684, 'min_child_samples': 4}. Best is trial 381 with value: 1.998204942121151.
[I 2025-03-12 18:16:51,724] Trial 475 finished with value: 2.0045086650753885 and parameters: {'learning_rate': 0.015247224398183153, 'depth': 9, 'l2_leaf_reg': 0.3404341933504352, 'min_child_samples': 8}. Best is trial 381 with value: 1.998204942121151.
[I 2025-03-12 18:16:53,885] Trial 476 finished with value: 1.99578123357377 and parameters: {'learning_rate': 0.016091678048530064, 'depth': 10, 'l2_leaf_reg': 0.3087791341093245, 'min_child_samples': 4}. Best is trial 476 with value: 1.99578123357377.
[I 2025-03-12 18:16:55,994] Trial 477 finished with value: 2.007348185369221 and parameters: {'learning_rate': 0.014767609405656912, 'depth': 10, 'l2_leaf_reg': 0.22980658742291968, 'min_child_samples': 4}. Best is trial 476 with value: 1.99578123357377.
[I 2025-03-12 18:16:58,039] Trial 478 finished with value: 2.0061904092097125 and parameters: {'learning_rate': 0.015593375869845655, 'depth': 10, 'l2_leaf_reg': 0.283403195221253, 'min_child_samples': 4}. Best is trial 476 with value: 1.99578123357377.
[I 2025-03-12 18:17:00,322] Trial 479 finished with value: 2.005052673705477 and parameters: {'learning_rate': 0.015437963727453818, 'depth': 10, 'l2_leaf_reg': 0.23443652738626342, 'min_child_samples': 4}. Best is trial 476 with value: 1.99578123357377.
[I 2025-03-12 18:17:02,490] Trial 480 finished with value: 2.001841008609554 and parameters: {'learning_rate': 0.01570918076462169, 'depth': 10, 'l2_leaf_reg': 0.17538734404285605, 'min_child_samples': 4}. Best is trial 476 with value: 1.99578123357377.
[I 2025-03-12 18:17:04,182] Trial 481 finished with value: 2.009146789733391 and parameters: {'learning_rate': 0.016080623590204193, 'depth': 9, 'l2_leaf_reg': 0.3394789736273037, 'min_child_samples': 4}. Best is trial 476 with value: 1.99578123357377.
[I 2025-03-12 18:17:06,263] Trial 482 finished with value: 2.002644196677666 and parameters: {'learning_rate': 0.015875753823733938, 'depth': 10, 'l2_leaf_reg': 0.2028979213711713, 'min_child_samples': 4}. Best is trial 476 with value: 1.99578123357377.
[I 2025-03-12 18:17:08,438] Trial 483 finished with value: 2.0024917552694546 and parameters: {'learning_rate': 0.01614371192697548, 'depth': 10, 'l2_leaf_reg': 0.2843467748510943, 'min_child_samples': 4}. Best is trial 476 with value: 1.99578123357377.
[I 2025-03-12 18:17:10,347] Trial 484 finished with value: 2.0115932215802683 and parameters: {'learning_rate': 0.015131335357802506, 'depth': 9, 'l2_leaf_reg': 0.44481163804023816, 'min_child_samples': 4}. Best is trial 476 with value: 1.99578123357377.
[I 2025-03-12 18:17:12,500] Trial 485 finished with value: 2.001387651516453 and parameters: {'learning_rate': 0.016455911792947676, 'depth': 10, 'l2_leaf_reg': 0.1799792205217904, 'min_child_samples': 32}. Best is trial 476 with value: 1.99578123357377.
[I 2025-03-12 18:17:14,443] Trial 486 finished with value: 2.0027048101195275 and parameters: {'learning_rate': 0.01570252508417395, 'depth': 10, 'l2_leaf_reg': 0.23808067678950773, 'min_child_samples': 4}. Best is trial 476 with value: 1.99578123357377.
[I 2025-03-12 18:17:16,697] Trial 487 finished with value: 1.9993600513419607 and parameters: {'learning_rate': 0.01606281539771181, 'depth': 10, 'l2_leaf_reg': 0.3392237099560951, 'min_child_samples': 4}. Best is trial 476 with value: 1.99578123357377.
[I 2025-03-12 18:17:18,697] Trial 488 finished with value: 2.007638248482364 and parameters: {'learning_rate': 0.015395828947740609, 'depth': 10, 'l2_leaf_reg': 0.40011475310688155, 'min_child_samples': 4}. Best is trial 476 with value: 1.99578123357377.
[I 2025-03-12 18:17:20,770] Trial 489 finished with value: 2.0016405799813173 and parameters: {'learning_rate': 0.014941545251522139, 'depth': 10, 'l2_leaf_reg': 0.3260874176717613, 'min_child_samples': 1}. Best is trial 476 with value: 1.99578123357377.
[I 2025-03-12 18:17:22,544] Trial 490 finished with value: 2.0072902309287355 and parameters: {'learning_rate': 0.015955326845773922, 'depth': 9, 'l2_leaf_reg': 2.07633168902819, 'min_child_samples': 4}. Best is trial 476 with value: 1.99578123357377.
[I 2025-03-12 18:17:24,876] Trial 491 finished with value: 2.0014513894052413 and parameters: {'learning_rate': 0.01091098642738559, 'depth': 10, 'l2_leaf_reg': 0.5650127582903541, 'min_child_samples': 32}. Best is trial 476 with value: 1.99578123357377.
[I 2025-03-12 18:17:26,758] Trial 492 finished with value: 2.0024945118868986 and parameters: {'learning_rate': 0.01614223511121247, 'depth': 10, 'l2_leaf_reg': 0.15693666369979334, 'min_child_samples': 4}. Best is trial 476 with value: 1.99578123357377.
[I 2025-03-12 18:17:28,690] Trial 493 finished with value: 2.002935878244442 and parameters: {'learning_rate': 0.015552114721377283, 'depth': 10, 'l2_leaf_reg': 0.068541890099397, 'min_child_samples': 4}. Best is trial 476 with value: 1.99578123357377.
[I 2025-03-12 18:17:30,774] Trial 494 finished with value: 2.0074059485484947 and parameters: {'learning_rate': 0.016270038436347768, 'depth': 9, 'l2_leaf_reg': 1.6624938192863588, 'min_child_samples': 4}. Best is trial 476 with value: 1.99578123357377.
[I 2025-03-12 18:17:32,813] Trial 495 finished with value: 2.002827501477397 and parameters: {'learning_rate': 0.015897037450884877, 'depth': 10, 'l2_leaf_reg': 1.3055401171175807, 'min_child_samples': 4}. Best is trial 476 with value: 1.99578123357377.
[I 2025-03-12 18:17:34,941] Trial 496 finished with value: 2.0030426954051745 and parameters: {'learning_rate': 0.016750426806438675, 'depth': 10, 'l2_leaf_reg': 0.21007686389040447, 'min_child_samples': 32}. Best is trial 476 with value: 1.99578123357377.
[I 2025-03-12 18:17:36,987] Trial 497 finished with value: 1.9988147063511932 and parameters: {'learning_rate': 0.019621022425990974, 'depth': 10, 'l2_leaf_reg': 0.14959490402632739, 'min_child_samples': 1}. Best is trial 476 with value: 1.99578123357377.
[I 2025-03-12 18:17:38,962] Trial 498 finished with value: 2.005033739874826 and parameters: {'learning_rate': 0.01951925021240894, 'depth': 10, 'l2_leaf_reg': 0.11719878290473658, 'min_child_samples': 1}. Best is trial 476 with value: 1.99578123357377.
[I 2025-03-12 18:17:40,929] Trial 499 finished with value: 2.006861168516824 and parameters: {'learning_rate': 0.018886505477276206, 'depth': 10, 'l2_leaf_reg': 0.05741193167844004, 'min_child_samples': 1}. Best is trial 476 with value: 1.99578123357377.
2025-03-12 18:17:40,929 - __main__ - INFO - Best RMSE: 1.9958
2025-03-12 18:17:40,929 - __main__ - INFO - Best parameters: {'learning_rate': 0.016091678048530064, 'depth': 10, 'l2_leaf_reg': 0.3087791341093245, 'min_child_samples': 4}
2025-03-12 18:17:40,929 - __main__ - INFO - {'learning_rate': 0.016091678048530064, 'depth': 10, 'l2_leaf_reg': 0.3087791341093245, 'min_child_samples': 4, 'grow_policy': 'SymmetricTree', 'iterations': 1000, 'use_best_model': True, 'eval_metric': 'RMSE', 'loss_function': 'RMSE', 'od_type': 'iter', 'od_wait': 20, 'task_type': 'GPU', 'random_state': 42, 'logging_level': 'Silent'}
2025-03-12 18:17:40,929 - __main__ - INFO - Starting c_std_z optimization...
2025-03-12 18:17:40,930 - __main__ - INFO - Starting hyperparameter optimization for c_std_z
[I 2025-03-12 18:17:40,930] A new study created in memory with name: catboost-c_std_z-seed42
[I 2025-03-12 18:17:56,496] Trial 0 finished with value: 0.23526010493089541 and parameters: {'learning_rate': 0.006086268861321235, 'depth': 14, 'l2_leaf_reg': 2.9598267974041073, 'min_child_samples': 32}. Best is trial 0 with value: 0.23526010493089541.
[I 2025-03-12 18:18:05,769] Trial 1 finished with value: 0.1921551593112423 and parameters: {'learning_rate': 0.018236864328986444, 'depth': 13, 'l2_leaf_reg': 1.2186689483176603, 'min_child_samples': 16}. Best is trial 1 with value: 0.1921551593112423.
[I 2025-03-12 18:18:34,316] Trial 2 finished with value: 0.23599392419545057 and parameters: {'learning_rate': 0.00934321199035337, 'depth': 15, 'l2_leaf_reg': 1.9422316633331687, 'min_child_samples': 32}. Best is trial 1 with value: 0.1921551593112423.
[I 2025-03-12 18:18:36,292] Trial 3 finished with value: 0.20473281360923754 and parameters: {'learning_rate': 0.019333803078564686, 'depth': 7, 'l2_leaf_reg': 1.698339131330182, 'min_child_samples': 4}. Best is trial 1 with value: 0.1921551593112423.
[I 2025-03-12 18:18:39,533] Trial 4 finished with value: 0.3107683679793335 and parameters: {'learning_rate': 0.0034563866132065212, 'depth': 10, 'l2_leaf_reg': 0.4562647610455576, 'min_child_samples': 8}. Best is trial 1 with value: 0.1921551593112423.
[I 2025-03-12 18:18:41,517] Trial 5 finished with value: 0.4710198511872613 and parameters: {'learning_rate': 0.00743379156257712, 'depth': 2, 'l2_leaf_reg': 1.9811859558035194, 'min_child_samples': 4}. Best is trial 1 with value: 0.1921551593112423.
[I 2025-03-12 18:18:43,471] Trial 6 finished with value: 0.833266938616266 and parameters: {'learning_rate': 0.0004279254630445846, 'depth': 5, 'l2_leaf_reg': 1.2891049090448619, 'min_child_samples': 4}. Best is trial 1 with value: 0.1921551593112423.
[I 2025-03-12 18:18:46,985] Trial 7 finished with value: 0.19175778218443204 and parameters: {'learning_rate': 0.011374696687490544, 'depth': 10, 'l2_leaf_reg': 0.46742090886880416, 'min_child_samples': 16}. Best is trial 7 with value: 0.19175778218443204.
[I 2025-03-12 18:18:48,766] Trial 8 finished with value: 0.8394764389522054 and parameters: {'learning_rate': 0.00043507002779570846, 'depth': 4, 'l2_leaf_reg': 2.1320101850567554, 'min_child_samples': 4}. Best is trial 7 with value: 0.19175778218443204.
[I 2025-03-12 18:19:04,505] Trial 9 finished with value: 0.20980355109035775 and parameters: {'learning_rate': 0.011407485675025695, 'depth': 14, 'l2_leaf_reg': 0.5126506182020394, 'min_child_samples': 32}. Best is trial 7 with value: 0.19175778218443204.
[I 2025-03-12 18:19:07,682] Trial 10 finished with value: 0.1890486417914785 and parameters: {'learning_rate': 0.014595732912801652, 'depth': 10, 'l2_leaf_reg': 0.10454617161547253, 'min_child_samples': 16}. Best is trial 10 with value: 0.1890486417914785.
[I 2025-03-12 18:19:10,861] Trial 11 finished with value: 0.1937529463571864 and parameters: {'learning_rate': 0.013823859737314044, 'depth': 9, 'l2_leaf_reg': 0.10281004822879948, 'min_child_samples': 16}. Best is trial 10 with value: 0.1890486417914785.
[I 2025-03-12 18:19:15,406] Trial 12 finished with value: 0.18558097921727662 and parameters: {'learning_rate': 0.014663794159176702, 'depth': 11, 'l2_leaf_reg': 0.8094001784236221, 'min_child_samples': 1}. Best is trial 12 with value: 0.18558097921727662.
[I 2025-03-12 18:19:21,780] Trial 13 finished with value: 0.18865918848778415 and parameters: {'learning_rate': 0.015543983870658085, 'depth': 12, 'l2_leaf_reg': 0.9676140531460286, 'min_child_samples': 1}. Best is trial 12 with value: 0.18558097921727662.
[I 2025-03-12 18:19:28,112] Trial 14 finished with value: 0.18765292005150846 and parameters: {'learning_rate': 0.01661054327707942, 'depth': 12, 'l2_leaf_reg': 0.9301075436231829, 'min_child_samples': 1}. Best is trial 12 with value: 0.18558097921727662.
[I 2025-03-12 18:20:23,793] Trial 15 finished with value: 0.25379577306510703 and parameters: {'learning_rate': 0.016991193868208812, 'depth': 16, 'l2_leaf_reg': 0.8823939517625745, 'min_child_samples': 1}. Best is trial 12 with value: 0.18558097921727662.
[I 2025-03-12 18:20:29,511] Trial 16 finished with value: 0.19039079449722277 and parameters: {'learning_rate': 0.012908817491905995, 'depth': 12, 'l2_leaf_reg': 0.801900735948467, 'min_child_samples': 1}. Best is trial 12 with value: 0.18558097921727662.
[I 2025-03-12 18:20:31,748] Trial 17 finished with value: 0.20744590811254435 and parameters: {'learning_rate': 0.016387879420266215, 'depth': 7, 'l2_leaf_reg': 1.5522408323433792, 'min_child_samples': 1}. Best is trial 12 with value: 0.18558097921727662.
[I 2025-03-12 18:20:37,991] Trial 18 finished with value: 0.18743394424922336 and parameters: {'learning_rate': 0.01839856831877163, 'depth': 12, 'l2_leaf_reg': 2.5625580561480343, 'min_child_samples': 1}. Best is trial 12 with value: 0.18558097921727662.
[I 2025-03-12 18:20:40,425] Trial 19 finished with value: 0.20390424674990815 and parameters: {'learning_rate': 0.01999881195741724, 'depth': 7, 'l2_leaf_reg': 2.6625906239939328, 'min_child_samples': 8}. Best is trial 12 with value: 0.18558097921727662.
[I 2025-03-12 18:21:36,085] Trial 20 finished with value: 0.26092557770722025 and parameters: {'learning_rate': 0.012672392863772232, 'depth': 16, 'l2_leaf_reg': 2.4741203733187946, 'min_child_samples': 1}. Best is trial 12 with value: 0.18558097921727662.
[I 2025-03-12 18:21:41,828] Trial 21 finished with value: 0.1875333218365825 and parameters: {'learning_rate': 0.017797689573259532, 'depth': 12, 'l2_leaf_reg': 1.1734103655056805, 'min_child_samples': 1}. Best is trial 12 with value: 0.18558097921727662.
[I 2025-03-12 18:21:46,173] Trial 22 finished with value: 0.184250316318671 and parameters: {'learning_rate': 0.018583001397496676, 'depth': 11, 'l2_leaf_reg': 1.3170984256874483, 'min_child_samples': 1}. Best is trial 22 with value: 0.184250316318671.
[I 2025-03-12 18:21:50,782] Trial 23 finished with value: 0.1837731104319159 and parameters: {'learning_rate': 0.018407306245469386, 'depth': 11, 'l2_leaf_reg': 2.315536210602067, 'min_child_samples': 1}. Best is trial 23 with value: 0.1837731104319159.
[I 2025-03-12 18:21:53,598] Trial 24 finished with value: 0.19144559263896588 and parameters: {'learning_rate': 0.015095669626163516, 'depth': 9, 'l2_leaf_reg': 1.7161587258777664, 'min_child_samples': 1}. Best is trial 23 with value: 0.1837731104319159.
[I 2025-03-12 18:21:58,457] Trial 25 finished with value: 0.18393879753420242 and parameters: {'learning_rate': 0.01910724666618263, 'depth': 11, 'l2_leaf_reg': 2.2713811810754034, 'min_child_samples': 1}. Best is trial 23 with value: 0.1837731104319159.
[I 2025-03-12 18:22:01,016] Trial 26 finished with value: 0.19557592000019897 and parameters: {'learning_rate': 0.019731842127352833, 'depth': 8, 'l2_leaf_reg': 2.2950749202215315, 'min_child_samples': 1}. Best is trial 23 with value: 0.1837731104319159.
[I 2025-03-12 18:22:17,006] Trial 27 finished with value: 0.20894141595022722 and parameters: {'learning_rate': 0.018230654513011417, 'depth': 14, 'l2_leaf_reg': 2.882859704576944, 'min_child_samples': 8}. Best is trial 23 with value: 0.1837731104319159.
[I 2025-03-12 18:22:21,563] Trial 28 finished with value: 0.1849581961558686 and parameters: {'learning_rate': 0.016657067384976878, 'depth': 11, 'l2_leaf_reg': 2.340437917117525, 'min_child_samples': 1}. Best is trial 23 with value: 0.1837731104319159.
[I 2025-03-12 18:22:24,039] Trial 29 finished with value: 0.2376561005967827 and parameters: {'learning_rate': 0.006648713323923772, 'depth': 8, 'l2_leaf_reg': 2.853196179091314, 'min_child_samples': 32}. Best is trial 23 with value: 0.1837731104319159.
[I 2025-03-12 18:22:33,295] Trial 30 finished with value: 0.20073649958488668 and parameters: {'learning_rate': 0.009193878082500401, 'depth': 13, 'l2_leaf_reg': 1.8175945531015762, 'min_child_samples': 1}. Best is trial 23 with value: 0.1837731104319159.
[I 2025-03-12 18:22:37,654] Trial 31 finished with value: 0.18490365624035826 and parameters: {'learning_rate': 0.01698190258195618, 'depth': 11, 'l2_leaf_reg': 2.299392038682274, 'min_child_samples': 1}. Best is trial 23 with value: 0.1837731104319159.
[I 2025-03-12 18:22:42,224] Trial 32 finished with value: 0.18551517883795987 and parameters: {'learning_rate': 0.01871749621492051, 'depth': 11, 'l2_leaf_reg': 2.1575003484974964, 'min_child_samples': 1}. Best is trial 23 with value: 0.1837731104319159.
[I 2025-03-12 18:22:51,444] Trial 33 finished with value: 0.191791321735784 and parameters: {'learning_rate': 0.017483677489679786, 'depth': 13, 'l2_leaf_reg': 1.4317023466230976, 'min_child_samples': 1}. Best is trial 23 with value: 0.1837731104319159.
[I 2025-03-12 18:22:54,997] Trial 34 finished with value: 0.18511233040433597 and parameters: {'learning_rate': 0.018819794145122703, 'depth': 10, 'l2_leaf_reg': 2.6962290327580125, 'min_child_samples': 32}. Best is trial 23 with value: 0.1837731104319159.
[I 2025-03-12 18:22:57,916] Trial 35 finished with value: 0.191451607354447 and parameters: {'learning_rate': 0.015847924163082717, 'depth': 9, 'l2_leaf_reg': 1.9810176448283106, 'min_child_samples': 1}. Best is trial 23 with value: 0.1837731104319159.
