[I 2025-03-12 19:06:20,782] Trial 376 finished with value: 0.18504111132197631 and parameters: {'learning_rate': 0.019331225565858663, 'depth': 11, 'l2_leaf_reg': 2.204615392201273, 'min_child_samples': 8}. Best is trial 233 with value: 0.18081110637386957.
[I 2025-03-12 19:06:25,077] Trial 377 finished with value: 0.18354187089371637 and parameters: {'learning_rate': 0.01961736781892976, 'depth': 11, 'l2_leaf_reg': 2.2655105953191366, 'min_child_samples': 8}. Best is trial 233 with value: 0.18081110637386957.
[I 2025-03-12 19:06:27,422] Trial 378 finished with value: 0.20639787370638554 and parameters: {'learning_rate': 0.018649085592177036, 'depth': 7, 'l2_leaf_reg': 2.403639068455008, 'min_child_samples': 8}. Best is trial 233 with value: 0.18081110637386957.
[I 2025-03-12 19:06:30,928] Trial 379 finished with value: 0.18432986443281626 and parameters: {'learning_rate': 0.019632020722578192, 'depth': 10, 'l2_leaf_reg': 1.694636730727739, 'min_child_samples': 32}. Best is trial 233 with value: 0.18081110637386957.
[I 2025-03-12 19:06:35,358] Trial 380 finished with value: 0.18323852555803183 and parameters: {'learning_rate': 0.01923037649982113, 'depth': 11, 'l2_leaf_reg': 2.409345572383938, 'min_child_samples': 8}. Best is trial 233 with value: 0.18081110637386957.
[I 2025-03-12 19:06:41,652] Trial 381 finished with value: 0.18635915721715296 and parameters: {'learning_rate': 0.01999562984875099, 'depth': 12, 'l2_leaf_reg': 2.627113445964367, 'min_child_samples': 8}. Best is trial 233 with value: 0.18081110637386957.
[I 2025-03-12 19:06:46,159] Trial 382 finished with value: 0.1831196594644811 and parameters: {'learning_rate': 0.018900072639319566, 'depth': 11, 'l2_leaf_reg': 2.356464531510728, 'min_child_samples': 16}. Best is trial 233 with value: 0.18081110637386957.
[I 2025-03-12 19:06:50,480] Trial 383 finished with value: 0.18206480015199217 and parameters: {'learning_rate': 0.019530794521985296, 'depth': 11, 'l2_leaf_reg': 2.2452042495330344, 'min_child_samples': 8}. Best is trial 233 with value: 0.18081110637386957.
[I 2025-03-12 19:06:56,795] Trial 384 finished with value: 0.1871903797949671 and parameters: {'learning_rate': 0.01845759249878513, 'depth': 12, 'l2_leaf_reg': 2.295838490078517, 'min_child_samples': 8}. Best is trial 233 with value: 0.18081110637386957.
[I 2025-03-12 19:07:01,099] Trial 385 finished with value: 0.19878922312281225 and parameters: {'learning_rate': 0.007965780895149852, 'depth': 11, 'l2_leaf_reg': 2.4430054254234017, 'min_child_samples': 8}. Best is trial 233 with value: 0.18081110637386957.
[I 2025-03-12 19:07:05,674] Trial 386 finished with value: 0.18343569706133497 and parameters: {'learning_rate': 0.019326194492139133, 'depth': 11, 'l2_leaf_reg': 2.5980200996329534, 'min_child_samples': 8}. Best is trial 233 with value: 0.18081110637386957.
[I 2025-03-12 19:07:09,289] Trial 387 finished with value: 0.18545863062999288 and parameters: {'learning_rate': 0.019033594728986223, 'depth': 10, 'l2_leaf_reg': 2.538806115309779, 'min_child_samples': 8}. Best is trial 233 with value: 0.18081110637386957.
[I 2025-03-12 19:07:13,686] Trial 388 finished with value: 0.1826999161334089 and parameters: {'learning_rate': 0.01959154127678253, 'depth': 11, 'l2_leaf_reg': 2.3373101031819616, 'min_child_samples': 8}. Best is trial 233 with value: 0.18081110637386957.
[I 2025-03-12 19:07:18,230] Trial 389 finished with value: 0.1826589832380978 and parameters: {'learning_rate': 0.01937068305735781, 'depth': 11, 'l2_leaf_reg': 2.406082837725624, 'min_child_samples': 8}. Best is trial 233 with value: 0.18081110637386957.
[I 2025-03-12 19:07:21,741] Trial 390 finished with value: 0.18875852749202895 and parameters: {'learning_rate': 0.013912645376136566, 'depth': 10, 'l2_leaf_reg': 2.469213285138832, 'min_child_samples': 8}. Best is trial 233 with value: 0.18081110637386957.
[I 2025-03-12 19:07:27,974] Trial 391 finished with value: 0.1868557319399297 and parameters: {'learning_rate': 0.019619707170116553, 'depth': 12, 'l2_leaf_reg': 2.2418513365423314, 'min_child_samples': 8}. Best is trial 233 with value: 0.18081110637386957.
[I 2025-03-12 19:07:32,570] Trial 392 finished with value: 0.18283111779681416 and parameters: {'learning_rate': 0.018990778513892945, 'depth': 11, 'l2_leaf_reg': 2.686188206484793, 'min_child_samples': 8}. Best is trial 233 with value: 0.18081110637386957.
[I 2025-03-12 19:07:37,263] Trial 393 finished with value: 0.18373610505290516 and parameters: {'learning_rate': 0.01963245479733798, 'depth': 11, 'l2_leaf_reg': 2.3091251492484024, 'min_child_samples': 8}. Best is trial 233 with value: 0.18081110637386957.
[I 2025-03-12 19:07:41,790] Trial 394 finished with value: 0.1835993818975027 and parameters: {'learning_rate': 0.018664052230772363, 'depth': 11, 'l2_leaf_reg': 2.3792400933868114, 'min_child_samples': 4}. Best is trial 233 with value: 0.18081110637386957.
[I 2025-03-12 19:07:46,337] Trial 395 finished with value: 0.18320255128994703 and parameters: {'learning_rate': 0.019328153880819657, 'depth': 11, 'l2_leaf_reg': 2.5382876578250806, 'min_child_samples': 8}. Best is trial 233 with value: 0.18081110637386957.
[I 2025-03-12 19:07:49,814] Trial 396 finished with value: 0.1840050031808399 and parameters: {'learning_rate': 0.019993966508137166, 'depth': 10, 'l2_leaf_reg': 2.227775816434887, 'min_child_samples': 8}. Best is trial 233 with value: 0.18081110637386957.
[I 2025-03-12 19:07:51,907] Trial 397 finished with value: 0.23701927923510624 and parameters: {'learning_rate': 0.019577642875958638, 'depth': 5, 'l2_leaf_reg': 0.24036663781078094, 'min_child_samples': 8}. Best is trial 233 with value: 0.18081110637386957.
[I 2025-03-12 19:07:58,149] Trial 398 finished with value: 0.18720257940958032 and parameters: {'learning_rate': 0.018306083664076288, 'depth': 12, 'l2_leaf_reg': 1.8633718141163995, 'min_child_samples': 8}. Best is trial 233 with value: 0.18081110637386957.
[I 2025-03-12 19:08:02,812] Trial 399 finished with value: 0.1820882130932889 and parameters: {'learning_rate': 0.019031698112627723, 'depth': 11, 'l2_leaf_reg': 0.7143296573316971, 'min_child_samples': 32}. Best is trial 233 with value: 0.18081110637386957.
[I 2025-03-12 19:08:07,280] Trial 400 finished with value: 0.18391368629633492 and parameters: {'learning_rate': 0.019654458765287305, 'depth': 11, 'l2_leaf_reg': 0.7588880571163071, 'min_child_samples': 4}. Best is trial 233 with value: 0.18081110637386957.
[I 2025-03-12 19:08:13,695] Trial 401 finished with value: 0.18771640259128797 and parameters: {'learning_rate': 0.019271462249091063, 'depth': 12, 'l2_leaf_reg': 1.328239455816712, 'min_child_samples': 32}. Best is trial 233 with value: 0.18081110637386957.
[I 2025-03-12 19:08:17,301] Trial 402 finished with value: 0.1843505112578659 and parameters: {'learning_rate': 0.01998614213304329, 'depth': 10, 'l2_leaf_reg': 0.9741223289912724, 'min_child_samples': 32}. Best is trial 233 with value: 0.18081110637386957.
[I 2025-03-12 19:08:21,909] Trial 403 finished with value: 0.18297575459049945 and parameters: {'learning_rate': 0.018835021252013338, 'depth': 11, 'l2_leaf_reg': 1.5599155471247244, 'min_child_samples': 32}. Best is trial 233 with value: 0.18081110637386957.
[I 2025-03-12 19:08:26,543] Trial 404 finished with value: 0.18500729714524944 and parameters: {'learning_rate': 0.017782896300942777, 'depth': 11, 'l2_leaf_reg': 2.321041332346667, 'min_child_samples': 32}. Best is trial 233 with value: 0.18081110637386957.
[I 2025-03-12 19:08:30,980] Trial 405 finished with value: 0.18386818961033377 and parameters: {'learning_rate': 0.01966294121064048, 'depth': 11, 'l2_leaf_reg': 0.3816960982620774, 'min_child_samples': 32}. Best is trial 233 with value: 0.18081110637386957.
[I 2025-03-12 19:08:46,902] Trial 406 finished with value: 0.20761715275855222 and parameters: {'learning_rate': 0.0192258852119536, 'depth': 14, 'l2_leaf_reg': 0.8877391461312258, 'min_child_samples': 32}. Best is trial 233 with value: 0.18081110637386957.
[I 2025-03-12 19:08:51,179] Trial 407 finished with value: 0.18288339726367606 and parameters: {'learning_rate': 0.019643784914351044, 'depth': 11, 'l2_leaf_reg': 2.435066714225206, 'min_child_samples': 32}. Best is trial 233 with value: 0.18081110637386957.
[I 2025-03-12 19:08:55,847] Trial 408 finished with value: 0.1819446608597284 and parameters: {'learning_rate': 0.019985222207590168, 'depth': 11, 'l2_leaf_reg': 2.260960342911266, 'min_child_samples': 32}. Best is trial 233 with value: 0.18081110637386957.
[I 2025-03-12 19:09:02,026] Trial 409 finished with value: 0.18631945620207285 and parameters: {'learning_rate': 0.019983258616058146, 'depth': 12, 'l2_leaf_reg': 2.256336300368861, 'min_child_samples': 8}. Best is trial 233 with value: 0.18081110637386957.
[I 2025-03-12 19:09:06,494] Trial 410 finished with value: 0.1842721223478929 and parameters: {'learning_rate': 0.01965450153453615, 'depth': 11, 'l2_leaf_reg': 2.174375225713852, 'min_child_samples': 8}. Best is trial 233 with value: 0.18081110637386957.
[I 2025-03-12 19:09:10,163] Trial 411 finished with value: 0.18584246248001682 and parameters: {'learning_rate': 0.01965085756641919, 'depth': 10, 'l2_leaf_reg': 2.273264550345271, 'min_child_samples': 8}. Best is trial 233 with value: 0.18081110637386957.
[I 2025-03-12 19:09:16,278] Trial 412 finished with value: 0.19566461374733857 and parameters: {'learning_rate': 0.009282326798083012, 'depth': 12, 'l2_leaf_reg': 2.3692864484100724, 'min_child_samples': 8}. Best is trial 233 with value: 0.18081110637386957.
[I 2025-03-12 19:09:20,663] Trial 413 finished with value: 0.18504121035543736 and parameters: {'learning_rate': 0.01933168562789197, 'depth': 11, 'l2_leaf_reg': 2.2139568621574557, 'min_child_samples': 8}. Best is trial 233 with value: 0.18081110637386957.
[I 2025-03-12 19:09:25,191] Trial 414 finished with value: 0.18234890202521756 and parameters: {'learning_rate': 0.019974499190889252, 'depth': 11, 'l2_leaf_reg': 2.3126149250696644, 'min_child_samples': 8}. Best is trial 233 with value: 0.18081110637386957.
[I 2025-03-12 19:09:28,906] Trial 415 finished with value: 0.18470107111971742 and parameters: {'learning_rate': 0.019999672299649607, 'depth': 10, 'l2_leaf_reg': 2.493370417018384, 'min_child_samples': 8}. Best is trial 233 with value: 0.18081110637386957.
[I 2025-03-12 19:09:33,220] Trial 416 finished with value: 0.18278365655571488 and parameters: {'learning_rate': 0.019365688816574973, 'depth': 11, 'l2_leaf_reg': 2.3882216370408575, 'min_child_samples': 32}. Best is trial 233 with value: 0.18081110637386957.
[I 2025-03-12 19:09:37,839] Trial 417 finished with value: 0.1835592301793088 and parameters: {'learning_rate': 0.019619926696074434, 'depth': 11, 'l2_leaf_reg': 2.2542494369668824, 'min_child_samples': 8}. Best is trial 233 with value: 0.18081110637386957.
[I 2025-03-12 19:09:44,186] Trial 418 finished with value: 0.18692814013747697 and parameters: {'learning_rate': 0.019258444189398427, 'depth': 12, 'l2_leaf_reg': 2.153289315354309, 'min_child_samples': 4}. Best is trial 233 with value: 0.18081110637386957.
[I 2025-03-12 19:09:47,749] Trial 419 finished with value: 0.18651654465351514 and parameters: {'learning_rate': 0.01961585600114747, 'depth': 10, 'l2_leaf_reg': 2.4379356664338365, 'min_child_samples': 8}. Best is trial 233 with value: 0.18081110637386957.
[I 2025-03-12 19:09:52,211] Trial 420 finished with value: 0.18324451478326192 and parameters: {'learning_rate': 0.018984950798622002, 'depth': 11, 'l2_leaf_reg': 2.3374151167335926, 'min_child_samples': 8}. Best is trial 233 with value: 0.18081110637386957.
[I 2025-03-12 19:10:48,712] Trial 421 finished with value: 0.25862282557100447 and parameters: {'learning_rate': 0.019958930702649313, 'depth': 16, 'l2_leaf_reg': 2.502885704872398, 'min_child_samples': 8}. Best is trial 233 with value: 0.18081110637386957.
[I 2025-03-12 19:10:53,007] Trial 422 finished with value: 0.18255836825726 and parameters: {'learning_rate': 0.019995306271585415, 'depth': 11, 'l2_leaf_reg': 2.215030482651834, 'min_child_samples': 8}. Best is trial 233 with value: 0.18081110637386957.
[I 2025-03-12 19:10:59,183] Trial 423 finished with value: 0.18727988606130827 and parameters: {'learning_rate': 0.019282842157106916, 'depth': 12, 'l2_leaf_reg': 2.3907619731621583, 'min_child_samples': 8}. Best is trial 233 with value: 0.18081110637386957.
[I 2025-03-12 19:11:02,558] Trial 424 finished with value: 0.18640826156139773 and parameters: {'learning_rate': 0.01867857068723866, 'depth': 10, 'l2_leaf_reg': 2.293932636892973, 'min_child_samples': 8}. Best is trial 233 with value: 0.18081110637386957.
[I 2025-03-12 19:11:07,025] Trial 425 finished with value: 0.18125891533692645 and parameters: {'learning_rate': 0.019993056506453503, 'depth': 11, 'l2_leaf_reg': 2.0572423844788053, 'min_child_samples': 8}. Best is trial 233 with value: 0.18081110637386957.
[I 2025-03-12 19:11:09,883] Trial 426 finished with value: 0.18824305334736335 and parameters: {'learning_rate': 0.019994278117332377, 'depth': 9, 'l2_leaf_reg': 1.9894031523417175, 'min_child_samples': 8}. Best is trial 233 with value: 0.18081110637386957.
[I 2025-03-12 19:11:14,720] Trial 427 finished with value: 0.18300732172742626 and parameters: {'learning_rate': 0.019667446117495813, 'depth': 11, 'l2_leaf_reg': 2.1347375028752755, 'min_child_samples': 32}. Best is trial 233 with value: 0.18081110637386957.
[I 2025-03-12 19:11:20,144] Trial 428 finished with value: 0.18365413021001467 and parameters: {'learning_rate': 0.01964809057839476, 'depth': 11, 'l2_leaf_reg': 2.564335380216766, 'min_child_samples': 8}. Best is trial 233 with value: 0.18081110637386957.
[I 2025-03-12 19:11:25,779] Trial 429 finished with value: 0.18415050715784295 and parameters: {'learning_rate': 0.019311445040462144, 'depth': 11, 'l2_leaf_reg': 2.042647204506417, 'min_child_samples': 8}. Best is trial 233 with value: 0.18081110637386957.
[I 2025-03-12 19:11:30,727] Trial 430 finished with value: 0.18271313194472666 and parameters: {'learning_rate': 0.019645926143802953, 'depth': 11, 'l2_leaf_reg': 2.0863183819659548, 'min_child_samples': 4}. Best is trial 233 with value: 0.18081110637386957.
[I 2025-03-12 19:11:36,839] Trial 431 finished with value: 0.18778216347171037 and parameters: {'learning_rate': 0.01998275828816238, 'depth': 12, 'l2_leaf_reg': 2.4591443945141207, 'min_child_samples': 8}. Best is trial 233 with value: 0.18081110637386957.
[I 2025-03-12 19:11:41,411] Trial 432 finished with value: 0.18130164819295178 and parameters: {'learning_rate': 0.018973789370393217, 'depth': 11, 'l2_leaf_reg': 2.17103123810683, 'min_child_samples': 8}. Best is trial 233 with value: 0.18081110637386957.
[I 2025-03-12 19:11:44,809] Trial 433 finished with value: 0.18631313424995025 and parameters: {'learning_rate': 0.01898288239345799, 'depth': 10, 'l2_leaf_reg': 1.1283611347493954, 'min_child_samples': 8}. Best is trial 233 with value: 0.18081110637386957.
[I 2025-03-12 19:11:49,381] Trial 434 finished with value: 0.1840757512820906 and parameters: {'learning_rate': 0.01938798984347655, 'depth': 11, 'l2_leaf_reg': 2.076166729430872, 'min_child_samples': 8}. Best is trial 233 with value: 0.18081110637386957.
[I 2025-03-12 19:11:52,931] Trial 435 finished with value: 0.1852281877745378 and parameters: {'learning_rate': 0.019996154084228605, 'depth': 10, 'l2_leaf_reg': 2.1569301760653565, 'min_child_samples': 8}. Best is trial 233 with value: 0.18081110637386957.
[I 2025-03-12 19:11:59,083] Trial 436 finished with value: 0.186453677661774 and parameters: {'learning_rate': 0.01856825947861558, 'depth': 12, 'l2_leaf_reg': 2.185608322954074, 'min_child_samples': 32}. Best is trial 233 with value: 0.18081110637386957.
[I 2025-03-12 19:12:03,578] Trial 437 finished with value: 0.18189232956079432 and parameters: {'learning_rate': 0.01999235321547604, 'depth': 11, 'l2_leaf_reg': 2.052929563852333, 'min_child_samples': 8}. Best is trial 233 with value: 0.18081110637386957.
[I 2025-03-12 19:12:07,910] Trial 438 finished with value: 0.1831539954131384 and parameters: {'learning_rate': 0.019574734553069937, 'depth': 11, 'l2_leaf_reg': 2.0034463099925803, 'min_child_samples': 8}. Best is trial 233 with value: 0.18081110637386957.
[I 2025-03-12 19:12:14,136] Trial 439 finished with value: 0.1875466274165317 and parameters: {'learning_rate': 0.01897713818441943, 'depth': 12, 'l2_leaf_reg': 2.035503144184681, 'min_child_samples': 8}. Best is trial 233 with value: 0.18081110637386957.
[I 2025-03-12 19:12:18,766] Trial 440 finished with value: 0.18363008772207137 and parameters: {'learning_rate': 0.019357755499004866, 'depth': 11, 'l2_leaf_reg': 2.064832710954959, 'min_child_samples': 8}. Best is trial 233 with value: 0.18081110637386957.
[I 2025-03-12 19:12:22,278] Trial 441 finished with value: 0.18462673149436726 and parameters: {'learning_rate': 0.019635859692917475, 'depth': 10, 'l2_leaf_reg': 1.9728227044217848, 'min_child_samples': 8}. Best is trial 233 with value: 0.18081110637386957.
[I 2025-03-12 19:12:26,694] Trial 442 finished with value: 0.18253804473342453 and parameters: {'learning_rate': 0.01964455447539304, 'depth': 11, 'l2_leaf_reg': 1.8967814951169155, 'min_child_samples': 1}. Best is trial 233 with value: 0.18081110637386957.
[I 2025-03-12 19:12:31,113] Trial 443 finished with value: 0.18436582699812373 and parameters: {'learning_rate': 0.014756877217261231, 'depth': 11, 'l2_leaf_reg': 2.3381563671777097, 'min_child_samples': 4}. Best is trial 233 with value: 0.18081110637386957.
[I 2025-03-12 19:12:35,694] Trial 444 finished with value: 0.18303597822581516 and parameters: {'learning_rate': 0.019161884068802655, 'depth': 11, 'l2_leaf_reg': 2.0861753600375383, 'min_child_samples': 8}. Best is trial 233 with value: 0.18081110637386957.
[I 2025-03-12 19:12:41,726] Trial 445 finished with value: 0.18763857037524911 and parameters: {'learning_rate': 0.01805919564568937, 'depth': 12, 'l2_leaf_reg': 2.114896509980812, 'min_child_samples': 8}. Best is trial 233 with value: 0.18081110637386957.
[I 2025-03-12 19:12:46,162] Trial 446 finished with value: 0.18183020567270453 and parameters: {'learning_rate': 0.01881493951807933, 'depth': 11, 'l2_leaf_reg': 2.423993051682195, 'min_child_samples': 32}. Best is trial 233 with value: 0.18081110637386957.
[I 2025-03-12 19:12:55,428] Trial 447 finished with value: 0.18977446747398496 and parameters: {'learning_rate': 0.018573415812920442, 'depth': 13, 'l2_leaf_reg': 2.137031796887062, 'min_child_samples': 4}. Best is trial 233 with value: 0.18081110637386957.
[I 2025-03-12 19:12:58,938] Trial 448 finished with value: 0.18533333782608488 and parameters: {'learning_rate': 0.018136232190592814, 'depth': 10, 'l2_leaf_reg': 2.398599490664641, 'min_child_samples': 32}. Best is trial 233 with value: 0.18081110637386957.
[I 2025-03-12 19:13:03,254] Trial 449 finished with value: 0.18236129898466122 and parameters: {'learning_rate': 0.018740205635796436, 'depth': 11, 'l2_leaf_reg': 2.2802229268193863, 'min_child_samples': 32}. Best is trial 233 with value: 0.18081110637386957.
[I 2025-03-12 19:13:08,712] Trial 450 finished with value: 0.1834118884057822 and parameters: {'learning_rate': 0.018865735143063025, 'depth': 11, 'l2_leaf_reg': 2.369112264801242, 'min_child_samples': 32}. Best is trial 233 with value: 0.18081110637386957.
[I 2025-03-12 19:13:17,225] Trial 451 finished with value: 0.18604334178310078 and parameters: {'learning_rate': 0.019993574615727996, 'depth': 12, 'l2_leaf_reg': 2.1980947076992563, 'min_child_samples': 32}. Best is trial 233 with value: 0.18081110637386957.
[I 2025-03-12 19:13:23,754] Trial 452 finished with value: 0.1863515874929594 and parameters: {'learning_rate': 0.018325830432120695, 'depth': 10, 'l2_leaf_reg': 2.3189214985695403, 'min_child_samples': 32}. Best is trial 233 with value: 0.18081110637386957.
[I 2025-03-12 19:13:29,960] Trial 453 finished with value: 0.18423135175049166 and parameters: {'learning_rate': 0.019284501569598954, 'depth': 11, 'l2_leaf_reg': 2.43074289576602, 'min_child_samples': 32}. Best is trial 233 with value: 0.18081110637386957.
[I 2025-03-12 19:13:36,667] Trial 454 finished with value: 0.1822518745860569 and parameters: {'learning_rate': 0.019151666536004034, 'depth': 11, 'l2_leaf_reg': 2.50691665746453, 'min_child_samples': 32}. Best is trial 233 with value: 0.18081110637386957.
[I 2025-03-12 19:13:43,661] Trial 455 finished with value: 0.1834996476437634 and parameters: {'learning_rate': 0.019597482669652836, 'depth': 11, 'l2_leaf_reg': 2.256883029012772, 'min_child_samples': 32}. Best is trial 233 with value: 0.18081110637386957.
[I 2025-03-12 19:13:50,678] Trial 456 finished with value: 0.18392487206847877 and parameters: {'learning_rate': 0.018891975264407754, 'depth': 11, 'l2_leaf_reg': 2.1490959095175377, 'min_child_samples': 1}. Best is trial 233 with value: 0.18081110637386957.
[I 2025-03-12 19:13:57,330] Trial 457 finished with value: 0.1831673772426152 and parameters: {'learning_rate': 0.019348997506580503, 'depth': 11, 'l2_leaf_reg': 2.3619620678592512, 'min_child_samples': 32}. Best is trial 233 with value: 0.18081110637386957.
[I 2025-03-12 19:14:05,846] Trial 458 finished with value: 0.18710296851729016 and parameters: {'learning_rate': 0.01970180001644225, 'depth': 12, 'l2_leaf_reg': 2.448957540927047, 'min_child_samples': 8}. Best is trial 233 with value: 0.18081110637386957.
[I 2025-03-12 19:14:11,727] Trial 459 finished with value: 0.18612688915413306 and parameters: {'learning_rate': 0.018537922894129505, 'depth': 10, 'l2_leaf_reg': 2.0404677053915705, 'min_child_samples': 8}. Best is trial 233 with value: 0.18081110637386957.
[I 2025-03-12 19:14:18,756] Trial 460 finished with value: 0.18676241023892268 and parameters: {'learning_rate': 0.01284050941801022, 'depth': 11, 'l2_leaf_reg': 1.9523755371540925, 'min_child_samples': 8}. Best is trial 233 with value: 0.18081110637386957.
