[I 2025-03-12 12:15:22,655] Trial 268 finished with value: 0.18258551898924305 and parameters: {'learning_rate': 0.019994576151574916, 'depth': 10, 'l2_leaf_reg': 0.8547202797592743, 'min_child_samples': 4}. Best is trial 221 with value: 0.18127560681960625.
[I 2025-03-12 12:15:28,835] Trial 269 finished with value: 0.183306295958856 and parameters: {'learning_rate': 0.019034705524002854, 'depth': 11, 'l2_leaf_reg': 0.24204566568457758, 'min_child_samples': 1}. Best is trial 221 with value: 0.18127560681960625.
[I 2025-03-12 12:15:34,582] Trial 270 finished with value: 0.18673459825174138 and parameters: {'learning_rate': 0.01351811065760651, 'depth': 11, 'l2_leaf_reg': 1.4362576440409152, 'min_child_samples': 16}. Best is trial 221 with value: 0.18127560681960625.
[I 2025-03-12 12:15:40,708] Trial 271 finished with value: 0.18364071715515687 and parameters: {'learning_rate': 0.018512343535080297, 'depth': 11, 'l2_leaf_reg': 0.654852162743825, 'min_child_samples': 16}. Best is trial 221 with value: 0.18127560681960625.
[I 2025-03-12 12:15:48,026] Trial 272 finished with value: 0.18750889480858923 and parameters: {'learning_rate': 0.01937078666206838, 'depth': 12, 'l2_leaf_reg': 1.5952722293778114, 'min_child_samples': 4}. Best is trial 221 with value: 0.18127560681960625.
[I 2025-03-12 12:15:52,846] Trial 273 finished with value: 0.18578681075223227 and parameters: {'learning_rate': 0.019632119497451785, 'depth': 10, 'l2_leaf_reg': 1.7825597178204462, 'min_child_samples': 16}. Best is trial 221 with value: 0.18127560681960625.
[I 2025-03-12 12:15:58,698] Trial 274 finished with value: 0.1816635353593593 and parameters: {'learning_rate': 0.018910430063129466, 'depth': 11, 'l2_leaf_reg': 1.6607388271243857, 'min_child_samples': 16}. Best is trial 221 with value: 0.18127560681960625.
[I 2025-03-12 12:16:04,533] Trial 275 finished with value: 0.18453078870638184 and parameters: {'learning_rate': 0.0179220970984423, 'depth': 11, 'l2_leaf_reg': 1.6939352956173712, 'min_child_samples': 16}. Best is trial 221 with value: 0.18127560681960625.
[I 2025-03-12 12:16:10,764] Trial 276 finished with value: 0.18257653038850735 and parameters: {'learning_rate': 0.01875042269613865, 'depth': 11, 'l2_leaf_reg': 1.5032759055838762, 'min_child_samples': 4}. Best is trial 221 with value: 0.18127560681960625.
[I 2025-03-12 12:16:16,401] Trial 277 finished with value: 0.184500883133911 and parameters: {'learning_rate': 0.0185401414779454, 'depth': 11, 'l2_leaf_reg': 1.6104345284107704, 'min_child_samples': 16}. Best is trial 221 with value: 0.18127560681960625.
[I 2025-03-12 12:16:23,606] Trial 278 finished with value: 0.18904156822955454 and parameters: {'learning_rate': 0.01903619288873848, 'depth': 12, 'l2_leaf_reg': 1.6604803618527466, 'min_child_samples': 16}. Best is trial 221 with value: 0.18127560681960625.
[I 2025-03-12 12:16:28,563] Trial 279 finished with value: 0.18481706015740879 and parameters: {'learning_rate': 0.018183283198071883, 'depth': 10, 'l2_leaf_reg': 1.7362845080422138, 'min_child_samples': 16}. Best is trial 221 with value: 0.18127560681960625.
[I 2025-03-12 12:16:34,661] Trial 280 finished with value: 0.18282091148707663 and parameters: {'learning_rate': 0.019147184461480882, 'depth': 11, 'l2_leaf_reg': 1.3460818588879988, 'min_child_samples': 4}. Best is trial 221 with value: 0.18127560681960625.
[I 2025-03-12 12:16:42,042] Trial 281 finished with value: 0.1856654055360799 and parameters: {'learning_rate': 0.018894224591148836, 'depth': 12, 'l2_leaf_reg': 1.4101347358368155, 'min_child_samples': 16}. Best is trial 221 with value: 0.18127560681960625.
[I 2025-03-12 12:16:47,894] Trial 282 finished with value: 0.18305411200542124 and parameters: {'learning_rate': 0.019421415184338382, 'depth': 11, 'l2_leaf_reg': 1.5707698885743016, 'min_child_samples': 32}. Best is trial 221 with value: 0.18127560681960625.
[I 2025-03-12 12:16:53,899] Trial 283 finished with value: 0.18257025301988455 and parameters: {'learning_rate': 0.018529671816749322, 'depth': 11, 'l2_leaf_reg': 1.4648846819954306, 'min_child_samples': 1}. Best is trial 221 with value: 0.18127560681960625.
[I 2025-03-12 12:16:59,443] Trial 284 finished with value: 0.1861675193998937 and parameters: {'learning_rate': 0.019594895006132183, 'depth': 10, 'l2_leaf_reg': 1.8253201945671744, 'min_child_samples': 16}. Best is trial 221 with value: 0.18127560681960625.
[I 2025-03-12 12:17:05,442] Trial 285 finished with value: 0.18368327408814686 and parameters: {'learning_rate': 0.01894888687643248, 'depth': 11, 'l2_leaf_reg': 1.5310190080186432, 'min_child_samples': 16}. Best is trial 221 with value: 0.18127560681960625.
[I 2025-03-12 12:17:13,030] Trial 286 finished with value: 0.18743583065107555 and parameters: {'learning_rate': 0.019324144727001103, 'depth': 12, 'l2_leaf_reg': 1.3846604245888576, 'min_child_samples': 4}. Best is trial 221 with value: 0.18127560681960625.
[I 2025-03-12 12:17:19,258] Trial 287 finished with value: 0.18441199197993752 and parameters: {'learning_rate': 0.01963743405837381, 'depth': 11, 'l2_leaf_reg': 1.6420368114804846, 'min_child_samples': 16}. Best is trial 221 with value: 0.18127560681960625.
[I 2025-03-12 12:17:25,475] Trial 288 finished with value: 0.1849097481233746 and parameters: {'learning_rate': 0.018787233080971175, 'depth': 11, 'l2_leaf_reg': 1.3105927725719162, 'min_child_samples': 16}. Best is trial 221 with value: 0.18127560681960625.
[I 2025-03-12 12:17:30,849] Trial 289 finished with value: 0.18428290854914559 and parameters: {'learning_rate': 0.01784923103441063, 'depth': 10, 'l2_leaf_reg': 0.566131262959815, 'min_child_samples': 16}. Best is trial 221 with value: 0.18127560681960625.
[I 2025-03-12 12:17:37,248] Trial 290 finished with value: 0.1830185340261807 and parameters: {'learning_rate': 0.018366145527145345, 'depth': 11, 'l2_leaf_reg': 0.9475481134638692, 'min_child_samples': 4}. Best is trial 221 with value: 0.18127560681960625.
[I 2025-03-12 12:17:44,228] Trial 291 finished with value: 0.18846625739474493 and parameters: {'learning_rate': 0.019229692600376, 'depth': 12, 'l2_leaf_reg': 1.692626121161401, 'min_child_samples': 16}. Best is trial 221 with value: 0.18127560681960625.
[I 2025-03-12 12:17:48,984] Trial 292 finished with value: 0.1843581914244755 and parameters: {'learning_rate': 0.019985755228438137, 'depth': 10, 'l2_leaf_reg': 1.4767844098657021, 'min_child_samples': 16}. Best is trial 221 with value: 0.18127560681960625.
[I 2025-03-12 12:17:54,645] Trial 293 finished with value: 0.1838351026595286 and parameters: {'learning_rate': 0.019631253953263393, 'depth': 11, 'l2_leaf_reg': 1.3768894701223595, 'min_child_samples': 16}. Best is trial 221 with value: 0.18127560681960625.
[I 2025-03-12 12:18:00,443] Trial 294 finished with value: 0.18307393377747783 and parameters: {'learning_rate': 0.019166730347816994, 'depth': 11, 'l2_leaf_reg': 1.8771030545180025, 'min_child_samples': 4}. Best is trial 221 with value: 0.18127560681960625.
[I 2025-03-12 12:18:06,028] Trial 295 finished with value: 0.18449655342908675 and parameters: {'learning_rate': 0.01878209550466616, 'depth': 11, 'l2_leaf_reg': 1.593242355836686, 'min_child_samples': 16}. Best is trial 221 with value: 0.18127560681960625.
[I 2025-03-12 12:18:13,387] Trial 296 finished with value: 0.18650521579206672 and parameters: {'learning_rate': 0.01955986148466073, 'depth': 12, 'l2_leaf_reg': 1.5453653208909457, 'min_child_samples': 32}. Best is trial 221 with value: 0.18127560681960625.
[I 2025-03-12 12:18:18,299] Trial 297 finished with value: 0.18653463371307266 and parameters: {'learning_rate': 0.019217760728462045, 'depth': 10, 'l2_leaf_reg': 1.4436963076198677, 'min_child_samples': 1}. Best is trial 221 with value: 0.18127560681960625.
[I 2025-03-12 12:18:22,697] Trial 298 finished with value: 0.38551837469654526 and parameters: {'learning_rate': 0.004207764128522189, 'depth': 5, 'l2_leaf_reg': 1.303116957850615, 'min_child_samples': 16}. Best is trial 221 with value: 0.18127560681960625.
[I 2025-03-12 12:18:28,685] Trial 299 finished with value: 0.7238120372829832 and parameters: {'learning_rate': 0.0006876824061298314, 'depth': 11, 'l2_leaf_reg': 1.5202675985777903, 'min_child_samples': 16}. Best is trial 221 with value: 0.18127560681960625.
[I 2025-03-12 12:18:34,356] Trial 300 finished with value: 0.18260394952715095 and parameters: {'learning_rate': 0.019685927897307873, 'depth': 11, 'l2_leaf_reg': 1.755803607106828, 'min_child_samples': 4}. Best is trial 221 with value: 0.18127560681960625.
[I 2025-03-12 12:18:40,014] Trial 301 finished with value: 0.1833950482538783 and parameters: {'learning_rate': 0.01831737534673021, 'depth': 11, 'l2_leaf_reg': 1.650755275209155, 'min_child_samples': 16}. Best is trial 221 with value: 0.18127560681960625.
[I 2025-03-12 12:18:46,700] Trial 302 finished with value: 0.18714653680521534 and parameters: {'learning_rate': 0.018835257985160673, 'depth': 12, 'l2_leaf_reg': 1.3548015960169457, 'min_child_samples': 16}. Best is trial 221 with value: 0.18127560681960625.
[I 2025-03-12 12:18:52,082] Trial 303 finished with value: 0.20661717536448881 and parameters: {'learning_rate': 0.006888485894002696, 'depth': 11, 'l2_leaf_reg': 1.424135766485683, 'min_child_samples': 16}. Best is trial 221 with value: 0.18127560681960625.
[I 2025-03-12 12:18:57,452] Trial 304 finished with value: 0.18219170230664244 and parameters: {'learning_rate': 0.019689344935046437, 'depth': 11, 'l2_leaf_reg': 0.6878415363128138, 'min_child_samples': 16}. Best is trial 221 with value: 0.18127560681960625.
[I 2025-03-12 12:19:02,635] Trial 305 finished with value: 0.18461954114116821 and parameters: {'learning_rate': 0.019975351001837678, 'depth': 10, 'l2_leaf_reg': 0.6636519044292747, 'min_child_samples': 4}. Best is trial 221 with value: 0.18127560681960625.
[I 2025-03-12 12:19:08,301] Trial 306 finished with value: 0.18268550878926368 and parameters: {'learning_rate': 0.019697892299055515, 'depth': 11, 'l2_leaf_reg': 0.6081073625142679, 'min_child_samples': 16}. Best is trial 221 with value: 0.18127560681960625.
[I 2025-03-12 12:19:13,882] Trial 307 finished with value: 0.18177656650538473 and parameters: {'learning_rate': 0.019226372567394907, 'depth': 11, 'l2_leaf_reg': 0.7297056392037546, 'min_child_samples': 16}. Best is trial 221 with value: 0.18127560681960625.
[I 2025-03-12 12:19:19,954] Trial 308 finished with value: 0.1833583780188739 and parameters: {'learning_rate': 0.018586195760376775, 'depth': 11, 'l2_leaf_reg': 0.7261080705521032, 'min_child_samples': 16}. Best is trial 221 with value: 0.18127560681960625.
[I 2025-03-12 12:19:27,641] Trial 309 finished with value: 0.18691647625248353 and parameters: {'learning_rate': 0.018975938497833175, 'depth': 12, 'l2_leaf_reg': 0.8102455835559659, 'min_child_samples': 32}. Best is trial 221 with value: 0.18127560681960625.
[I 2025-03-12 12:19:33,176] Trial 310 finished with value: 0.18268654519820754 and parameters: {'learning_rate': 0.01923730108391181, 'depth': 11, 'l2_leaf_reg': 0.579238902760841, 'min_child_samples': 4}. Best is trial 221 with value: 0.18127560681960625.
[I 2025-03-12 12:19:38,486] Trial 311 finished with value: 0.18617933053059596 and parameters: {'learning_rate': 0.0176050265375864, 'depth': 10, 'l2_leaf_reg': 0.6858409303903155, 'min_child_samples': 1}. Best is trial 221 with value: 0.18127560681960625.
[I 2025-03-12 12:19:44,453] Trial 312 finished with value: 0.18504907307192497 and parameters: {'learning_rate': 0.018114230522776983, 'depth': 11, 'l2_leaf_reg': 0.5142386524708339, 'min_child_samples': 16}. Best is trial 221 with value: 0.18127560681960625.
[I 2025-03-12 12:20:40,347] Trial 313 finished with value: 0.2598017816590519 and parameters: {'learning_rate': 0.019337452569676273, 'depth': 16, 'l2_leaf_reg': 0.45679209400511156, 'min_child_samples': 16}. Best is trial 221 with value: 0.18127560681960625.
[I 2025-03-12 12:20:46,918] Trial 314 finished with value: 0.490513293684699 and parameters: {'learning_rate': 0.0017228510445507755, 'depth': 12, 'l2_leaf_reg': 0.0031843204786099616, 'min_child_samples': 16}. Best is trial 221 with value: 0.18127560681960625.
[I 2025-03-12 12:20:52,154] Trial 315 finished with value: 0.18547380287930987 and parameters: {'learning_rate': 0.01850553191068424, 'depth': 10, 'l2_leaf_reg': 0.6239814721015009, 'min_child_samples': 4}. Best is trial 221 with value: 0.18127560681960625.
[I 2025-03-12 12:20:58,386] Trial 316 finished with value: 0.18312650123875873 and parameters: {'learning_rate': 0.018956287933670688, 'depth': 11, 'l2_leaf_reg': 0.8087782195610383, 'min_child_samples': 16}. Best is trial 221 with value: 0.18127560681960625.
[I 2025-03-12 12:21:04,615] Trial 317 finished with value: 0.18366639922142008 and parameters: {'learning_rate': 0.019604430412849618, 'depth': 11, 'l2_leaf_reg': 0.697543957500754, 'min_child_samples': 16}. Best is trial 221 with value: 0.18127560681960625.
[I 2025-03-12 12:21:10,499] Trial 318 finished with value: 0.1832311659395978 and parameters: {'learning_rate': 0.019195010166831988, 'depth': 11, 'l2_leaf_reg': 0.8836390357072151, 'min_child_samples': 16}. Best is trial 221 with value: 0.18127560681960625.
[I 2025-03-12 12:21:16,606] Trial 319 finished with value: 0.18245522043428736 and parameters: {'learning_rate': 0.018730391547677364, 'depth': 11, 'l2_leaf_reg': 0.7866600444787508, 'min_child_samples': 4}. Best is trial 221 with value: 0.18127560681960625.
[I 2025-03-12 12:21:24,344] Trial 320 finished with value: 0.1866038453465446 and parameters: {'learning_rate': 0.01999843127499871, 'depth': 12, 'l2_leaf_reg': 0.5698947707223304, 'min_child_samples': 16}. Best is trial 221 with value: 0.18127560681960625.
[I 2025-03-12 12:21:30,648] Trial 321 finished with value: 0.1846300878779065 and parameters: {'learning_rate': 0.015231467809519212, 'depth': 11, 'l2_leaf_reg': 1.7326790699858508, 'min_child_samples': 16}. Best is trial 221 with value: 0.18127560681960625.
[I 2025-03-12 12:21:36,410] Trial 322 finished with value: 0.18487973767126825 and parameters: {'learning_rate': 0.019476967422010025, 'depth': 11, 'l2_leaf_reg': 0.7520255080521235, 'min_child_samples': 16}. Best is trial 221 with value: 0.18127560681960625.
[I 2025-03-12 12:21:41,806] Trial 323 finished with value: 0.18443210208701485 and parameters: {'learning_rate': 0.01912134652245812, 'depth': 10, 'l2_leaf_reg': 0.5253473202445884, 'min_child_samples': 32}. Best is trial 221 with value: 0.18127560681960625.
[I 2025-03-12 12:21:48,771] Trial 324 finished with value: 0.2426492989974757 and parameters: {'learning_rate': 0.004749411684988145, 'depth': 12, 'l2_leaf_reg': 1.6026983767853, 'min_child_samples': 4}. Best is trial 221 with value: 0.18127560681960625.
[I 2025-03-12 12:21:54,004] Trial 325 finished with value: 0.18627055986298202 and parameters: {'learning_rate': 0.018287009246368325, 'depth': 10, 'l2_leaf_reg': 0.6507341321475248, 'min_child_samples': 1}. Best is trial 221 with value: 0.18127560681960625.
[I 2025-03-12 12:22:00,054] Trial 326 finished with value: 0.18398749175945675 and parameters: {'learning_rate': 0.019652038808146553, 'depth': 11, 'l2_leaf_reg': 0.9853561837481823, 'min_child_samples': 16}. Best is trial 221 with value: 0.18127560681960625.
[I 2025-03-12 12:22:06,418] Trial 327 finished with value: 0.18444424479404561 and parameters: {'learning_rate': 0.018856695855986535, 'depth': 11, 'l2_leaf_reg': 1.6808811065292448, 'min_child_samples': 16}. Best is trial 221 with value: 0.18127560681960625.
[I 2025-03-12 12:22:13,663] Trial 328 finished with value: 0.1860871328417948 and parameters: {'learning_rate': 0.019459810535863854, 'depth': 12, 'l2_leaf_reg': 0.09967375874419837, 'min_child_samples': 16}. Best is trial 221 with value: 0.18127560681960625.
[I 2025-03-12 12:22:19,314] Trial 329 finished with value: 0.18390630112035938 and parameters: {'learning_rate': 0.01966128865490393, 'depth': 11, 'l2_leaf_reg': 1.8025366817675357, 'min_child_samples': 4}. Best is trial 221 with value: 0.18127560681960625.
[I 2025-03-12 12:22:25,459] Trial 330 finished with value: 0.18110817448084968 and parameters: {'learning_rate': 0.01860879868185535, 'depth': 11, 'l2_leaf_reg': 1.5594500407548886, 'min_child_samples': 16}. Best is trial 330 with value: 0.18110817448084968.
[I 2025-03-12 12:22:31,526] Trial 331 finished with value: 0.18427292181888438 and parameters: {'learning_rate': 0.018056161308266136, 'depth': 11, 'l2_leaf_reg': 1.628144830956551, 'min_child_samples': 16}. Best is trial 330 with value: 0.18110817448084968.
[I 2025-03-12 12:22:41,956] Trial 332 finished with value: 0.19255097954740022 and parameters: {'learning_rate': 0.018451863439023417, 'depth': 13, 'l2_leaf_reg': 0.29565791485890347, 'min_child_samples': 16}. Best is trial 330 with value: 0.18110817448084968.
[I 2025-03-12 12:22:47,084] Trial 333 finished with value: 0.1863087301924579 and parameters: {'learning_rate': 0.018626361340067475, 'depth': 10, 'l2_leaf_reg': 1.5620044245062685, 'min_child_samples': 16}. Best is trial 330 with value: 0.18110817448084968.
[I 2025-03-12 12:22:51,430] Trial 334 finished with value: 0.1863027044645432 and parameters: {'learning_rate': 0.017643722268647532, 'depth': 11, 'l2_leaf_reg': 1.690228298730937, 'min_child_samples': 4}. Best is trial 330 with value: 0.18110817448084968.
[I 2025-03-12 12:22:55,011] Trial 335 finished with value: 0.18604859590684494 and parameters: {'learning_rate': 0.01893792196987515, 'depth': 10, 'l2_leaf_reg': 1.5204567376752907, 'min_child_samples': 16}. Best is trial 330 with value: 0.18110817448084968.
[I 2025-03-12 12:23:00,958] Trial 336 finished with value: 0.1990720271210302 and parameters: {'learning_rate': 0.008299603766102524, 'depth': 12, 'l2_leaf_reg': 1.6150550195226268, 'min_child_samples': 16}. Best is trial 330 with value: 0.18110817448084968.
[I 2025-03-12 12:23:05,541] Trial 337 finished with value: 0.1828182723771074 and parameters: {'learning_rate': 0.01911385446108463, 'depth': 11, 'l2_leaf_reg': 0.48849116427790074, 'min_child_samples': 32}. Best is trial 330 with value: 0.18110817448084968.
[I 2025-03-12 12:23:07,930] Trial 338 finished with value: 0.2053098368758561 and parameters: {'learning_rate': 0.018026646289727662, 'depth': 7, 'l2_leaf_reg': 1.5743202897358495, 'min_child_samples': 16}. Best is trial 330 with value: 0.18110817448084968.
[I 2025-03-12 12:23:12,358] Trial 339 finished with value: 0.18335238035343962 and parameters: {'learning_rate': 0.01853203117721048, 'depth': 11, 'l2_leaf_reg': 0.7266734014923216, 'min_child_samples': 1}. Best is trial 330 with value: 0.18110817448084968.
[I 2025-03-12 12:23:28,229] Trial 340 finished with value: 0.2058386950404469 and parameters: {'learning_rate': 0.019326258105948457, 'depth': 14, 'l2_leaf_reg': 1.0668960768270515, 'min_child_samples': 4}. Best is trial 330 with value: 0.18110817448084968.
[I 2025-03-12 12:23:32,559] Trial 341 finished with value: 0.18324707430643913 and parameters: {'learning_rate': 0.01892772102198669, 'depth': 11, 'l2_leaf_reg': 1.4837247337453385, 'min_child_samples': 16}. Best is trial 330 with value: 0.18110817448084968.
[I 2025-03-12 12:23:38,771] Trial 342 finished with value: 0.18765483439136074 and parameters: {'learning_rate': 0.019283363612960673, 'depth': 12, 'l2_leaf_reg': 0.6014781848487228, 'min_child_samples': 16}. Best is trial 330 with value: 0.18110817448084968.
[I 2025-03-12 12:23:43,306] Trial 343 finished with value: 0.18361938584739956 and parameters: {'learning_rate': 0.018404339028082552, 'depth': 11, 'l2_leaf_reg': 1.1709585605978374, 'min_child_samples': 16}. Best is trial 330 with value: 0.18110817448084968.
[I 2025-03-12 12:23:47,611] Trial 344 finished with value: 0.1828073731530055 and parameters: {'learning_rate': 0.019656009690803434, 'depth': 11, 'l2_leaf_reg': 1.718738912750166, 'min_child_samples': 4}. Best is trial 330 with value: 0.18110817448084968.
[I 2025-03-12 12:23:52,305] Trial 345 finished with value: 0.183822229733897 and parameters: {'learning_rate': 0.01884715582146509, 'depth': 11, 'l2_leaf_reg': 0.20824538730455672, 'min_child_samples': 16}. Best is trial 330 with value: 0.18110817448084968.
[I 2025-03-12 12:23:55,886] Trial 346 finished with value: 0.18497502116324332 and parameters: {'learning_rate': 0.019295814100493674, 'depth': 10, 'l2_leaf_reg': 1.6412833329349295, 'min_child_samples': 16}. Best is trial 330 with value: 0.18110817448084968.
[I 2025-03-12 12:24:00,464] Trial 347 finished with value: 0.18305050209141885 and parameters: {'learning_rate': 0.01996369785993308, 'depth': 11, 'l2_leaf_reg': 1.529494833399162, 'min_child_samples': 16}. Best is trial 330 with value: 0.18110817448084968.
[I 2025-03-12 12:24:06,731] Trial 348 finished with value: 0.18606759245171478 and parameters: {'learning_rate': 0.01876665440900087, 'depth': 12, 'l2_leaf_reg': 0.3596866846538789, 'min_child_samples': 4}. Best is trial 330 with value: 0.18110817448084968.
[I 2025-03-12 12:24:10,177] Trial 349 finished with value: 0.18440274097251644 and parameters: {'learning_rate': 0.01804628803725361, 'depth': 10, 'l2_leaf_reg': 0.6665523120874379, 'min_child_samples': 16}. Best is trial 330 with value: 0.18110817448084968.
[I 2025-03-12 12:24:14,744] Trial 350 finished with value: 0.1822334369704288 and parameters: {'learning_rate': 0.019349113013005688, 'depth': 11, 'l2_leaf_reg': 1.2713933502635308, 'min_child_samples': 16}. Best is trial 330 with value: 0.18110817448084968.
[I 2025-03-12 12:24:19,108] Trial 351 finished with value: 0.18311301958510803 and parameters: {'learning_rate': 0.019090577292071115, 'depth': 11, 'l2_leaf_reg': 1.2729213333246223, 'min_child_samples': 16}. Best is trial 330 with value: 0.18110817448084968.
