[I 2025-03-12 10:01:34,337] Trial 168 finished with value: 0.27558395385803913 and parameters: {'learning_rate': 0.014194498247925574, 'depth': 13, 'l2_leaf_reg': 1.4565595917634857, 'min_child_samples': 32}. Best is trial 112 with value: 0.27304020440955434.
[I 2025-03-12 10:01:40,561] Trial 169 finished with value: 0.2816890286541545 and parameters: {'learning_rate': 0.013391156219376973, 'depth': 12, 'l2_leaf_reg': 1.648865791128082, 'min_child_samples': 32}. Best is trial 112 with value: 0.27304020440955434.
[I 2025-03-12 10:01:48,942] Trial 170 finished with value: 0.275585761947648 and parameters: {'learning_rate': 0.014910714925104172, 'depth': 13, 'l2_leaf_reg': 1.9670415663374885, 'min_child_samples': 32}. Best is trial 112 with value: 0.27304020440955434.
[I 2025-03-12 10:01:56,293] Trial 171 finished with value: 0.2792655159298286 and parameters: {'learning_rate': 0.01588115244542948, 'depth': 13, 'l2_leaf_reg': 1.8585807067498188, 'min_child_samples': 32}. Best is trial 112 with value: 0.27304020440955434.
[I 2025-03-12 10:02:04,565] Trial 172 finished with value: 0.2767479882407778 and parameters: {'learning_rate': 0.01541739175552967, 'depth': 13, 'l2_leaf_reg': 1.6926435917470266, 'min_child_samples': 32}. Best is trial 112 with value: 0.27304020440955434.
[I 2025-03-12 10:02:13,980] Trial 173 finished with value: 0.27517233530261576 and parameters: {'learning_rate': 0.01429951666953594, 'depth': 13, 'l2_leaf_reg': 0.7134407248360074, 'min_child_samples': 32}. Best is trial 112 with value: 0.27304020440955434.
[I 2025-03-12 10:02:29,927] Trial 174 finished with value: 0.27741586654218 and parameters: {'learning_rate': 0.013765765293448808, 'depth': 14, 'l2_leaf_reg': 1.6106406891709688, 'min_child_samples': 32}. Best is trial 112 with value: 0.27304020440955434.
[I 2025-03-12 10:02:38,073] Trial 175 finished with value: 0.27634222351422966 and parameters: {'learning_rate': 0.014988298350326845, 'depth': 13, 'l2_leaf_reg': 2.428064074101294, 'min_child_samples': 32}. Best is trial 112 with value: 0.27304020440955434.
[I 2025-03-12 10:02:43,495] Trial 176 finished with value: 0.28164664582203675 and parameters: {'learning_rate': 0.016252351512435415, 'depth': 12, 'l2_leaf_reg': 1.7885364880242964, 'min_child_samples': 16}. Best is trial 112 with value: 0.27304020440955434.
[I 2025-03-12 10:02:53,042] Trial 177 finished with value: 0.2751185242947848 and parameters: {'learning_rate': 0.014524174725257332, 'depth': 13, 'l2_leaf_reg': 1.9233542288488021, 'min_child_samples': 32}. Best is trial 112 with value: 0.27304020440955434.
[I 2025-03-12 10:03:08,664] Trial 178 finished with value: 0.27787534814084275 and parameters: {'learning_rate': 0.015597296756340077, 'depth': 14, 'l2_leaf_reg': 1.735912694391604, 'min_child_samples': 4}. Best is trial 112 with value: 0.27304020440955434.
[I 2025-03-12 10:03:13,373] Trial 179 finished with value: 0.2817438966079485 and parameters: {'learning_rate': 0.01524296782227399, 'depth': 12, 'l2_leaf_reg': 1.8289282197692096, 'min_child_samples': 32}. Best is trial 112 with value: 0.27304020440955434.
[I 2025-03-12 10:03:21,643] Trial 180 finished with value: 0.27438382830675906 and parameters: {'learning_rate': 0.015977890735936865, 'depth': 13, 'l2_leaf_reg': 1.5814365304393185, 'min_child_samples': 32}. Best is trial 112 with value: 0.27304020440955434.
[I 2025-03-12 10:03:31,086] Trial 181 finished with value: 0.27394545509855045 and parameters: {'learning_rate': 0.01586093088915137, 'depth': 13, 'l2_leaf_reg': 1.5528179883689333, 'min_child_samples': 32}. Best is trial 112 with value: 0.27304020440955434.
[I 2025-03-12 10:03:40,583] Trial 182 finished with value: 0.27182335679137315 and parameters: {'learning_rate': 0.015889294208240954, 'depth': 13, 'l2_leaf_reg': 1.5170085519397893, 'min_child_samples': 32}. Best is trial 182 with value: 0.27182335679137315.
[I 2025-03-12 10:03:49,844] Trial 183 finished with value: 0.27617099439762594 and parameters: {'learning_rate': 0.015813335707896878, 'depth': 13, 'l2_leaf_reg': 1.5194200125764246, 'min_child_samples': 32}. Best is trial 182 with value: 0.27182335679137315.
[I 2025-03-12 10:03:57,501] Trial 184 finished with value: 0.27619679028232386 and parameters: {'learning_rate': 0.01657847179363906, 'depth': 13, 'l2_leaf_reg': 1.3784648884538733, 'min_child_samples': 32}. Best is trial 182 with value: 0.27182335679137315.
[I 2025-03-12 10:04:05,485] Trial 185 finished with value: 0.27587011447537274 and parameters: {'learning_rate': 0.01615649579117326, 'depth': 13, 'l2_leaf_reg': 1.5697704839678903, 'min_child_samples': 32}. Best is trial 182 with value: 0.27182335679137315.
[I 2025-03-12 10:04:19,499] Trial 186 finished with value: 0.27539618429525864 and parameters: {'learning_rate': 0.015991471206726393, 'depth': 14, 'l2_leaf_reg': 1.4954122403069663, 'min_child_samples': 32}. Best is trial 182 with value: 0.27182335679137315.
[I 2025-03-12 10:04:24,431] Trial 187 finished with value: 0.2824962297773416 and parameters: {'learning_rate': 0.015402883085313098, 'depth': 12, 'l2_leaf_reg': 1.5956466395097466, 'min_child_samples': 32}. Best is trial 182 with value: 0.27182335679137315.
[I 2025-03-12 10:04:33,949] Trial 188 finished with value: 0.27563782638352574 and parameters: {'learning_rate': 0.015073593547541642, 'depth': 13, 'l2_leaf_reg': 1.4674788312602491, 'min_child_samples': 32}. Best is trial 182 with value: 0.27182335679137315.
[I 2025-03-12 10:04:49,567] Trial 189 finished with value: 0.2804928241140845 and parameters: {'learning_rate': 0.01682112788575291, 'depth': 14, 'l2_leaf_reg': 1.6532285471968182, 'min_child_samples': 32}. Best is trial 182 with value: 0.27182335679137315.
[I 2025-03-12 10:04:58,955] Trial 190 finished with value: 0.27496842151569567 and parameters: {'learning_rate': 0.015675038778627255, 'depth': 13, 'l2_leaf_reg': 1.0049489513742345, 'min_child_samples': 32}. Best is trial 182 with value: 0.27182335679137315.
[I 2025-03-12 10:05:07,575] Trial 191 finished with value: 0.27784379485172095 and parameters: {'learning_rate': 0.01480487692916226, 'depth': 13, 'l2_leaf_reg': 1.6743497012025008, 'min_child_samples': 32}. Best is trial 182 with value: 0.27182335679137315.
[I 2025-03-12 10:05:17,050] Trial 192 finished with value: 0.27460065831370506 and parameters: {'learning_rate': 0.014839385502583008, 'depth': 13, 'l2_leaf_reg': 1.7383663273818841, 'min_child_samples': 32}. Best is trial 182 with value: 0.27182335679137315.
[I 2025-03-12 10:05:25,477] Trial 193 finished with value: 0.2750560791281943 and parameters: {'learning_rate': 0.015314243040095637, 'depth': 13, 'l2_leaf_reg': 1.5599614482426971, 'min_child_samples': 32}. Best is trial 182 with value: 0.27182335679137315.
[I 2025-03-12 10:05:31,653] Trial 194 finished with value: 0.27820955514693546 and parameters: {'learning_rate': 0.014296866792787482, 'depth': 12, 'l2_leaf_reg': 1.7551228932600458, 'min_child_samples': 32}. Best is trial 182 with value: 0.27182335679137315.
[I 2025-03-12 10:05:47,700] Trial 195 finished with value: 0.27832437999808735 and parameters: {'learning_rate': 0.01632360060489436, 'depth': 14, 'l2_leaf_reg': 2.0407786974835025, 'min_child_samples': 32}. Best is trial 182 with value: 0.27182335679137315.
[I 2025-03-12 10:05:55,711] Trial 196 finished with value: 0.2760652063598816 and parameters: {'learning_rate': 0.01500146875917638, 'depth': 13, 'l2_leaf_reg': 1.6277927174681774, 'min_child_samples': 32}. Best is trial 182 with value: 0.27182335679137315.
[I 2025-03-12 10:06:05,202] Trial 197 finished with value: 0.2752441942036892 and parameters: {'learning_rate': 0.01573671855484491, 'depth': 13, 'l2_leaf_reg': 1.417336164463349, 'min_child_samples': 32}. Best is trial 182 with value: 0.27182335679137315.
[I 2025-03-12 10:06:13,934] Trial 198 finished with value: 0.27827124937924425 and parameters: {'learning_rate': 0.01398979689417622, 'depth': 13, 'l2_leaf_reg': 1.875824381035638, 'min_child_samples': 4}. Best is trial 182 with value: 0.27182335679137315.
[I 2025-03-12 10:06:19,123] Trial 199 finished with value: 0.280274795522695 and parameters: {'learning_rate': 0.014662212789732851, 'depth': 12, 'l2_leaf_reg': 1.7986845975331547, 'min_child_samples': 32}. Best is trial 182 with value: 0.27182335679137315.
[I 2025-03-12 10:06:34,874] Trial 200 finished with value: 0.38767259498030004 and parameters: {'learning_rate': 0.0014043326581830492, 'depth': 14, 'l2_leaf_reg': 0.8770915548726594, 'min_child_samples': 32}. Best is trial 182 with value: 0.27182335679137315.
[I 2025-03-12 10:06:42,426] Trial 201 finished with value: 0.2757041565109924 and parameters: {'learning_rate': 0.014624353973858402, 'depth': 13, 'l2_leaf_reg': 1.7106133416777205, 'min_child_samples': 32}. Best is trial 182 with value: 0.27182335679137315.
[I 2025-03-12 10:06:51,900] Trial 202 finished with value: 0.2767390109314673 and parameters: {'learning_rate': 0.015068391964853097, 'depth': 13, 'l2_leaf_reg': 1.6693271528172409, 'min_child_samples': 32}. Best is trial 182 with value: 0.27182335679137315.
[I 2025-03-12 10:07:01,051] Trial 203 finished with value: 0.2758325958742702 and parameters: {'learning_rate': 0.01545377365541227, 'depth': 13, 'l2_leaf_reg': 1.736998814733162, 'min_child_samples': 32}. Best is trial 182 with value: 0.27182335679137315.
[I 2025-03-12 10:07:09,519] Trial 204 finished with value: 0.27480515414432916 and parameters: {'learning_rate': 0.01601327267766995, 'depth': 13, 'l2_leaf_reg': 1.5610983807332244, 'min_child_samples': 32}. Best is trial 182 with value: 0.27182335679137315.
[I 2025-03-12 10:07:18,884] Trial 205 finished with value: 0.2757783432634321 and parameters: {'learning_rate': 0.01441080178004245, 'depth': 13, 'l2_leaf_reg': 1.6047442274608164, 'min_child_samples': 32}. Best is trial 182 with value: 0.27182335679137315.
[I 2025-03-12 10:07:27,159] Trial 206 finished with value: 0.2750792681636259 and parameters: {'learning_rate': 0.014761129634403444, 'depth': 13, 'l2_leaf_reg': 1.7054780646781953, 'min_child_samples': 32}. Best is trial 182 with value: 0.27182335679137315.
[I 2025-03-12 10:07:35,889] Trial 207 finished with value: 0.2754168726729585 and parameters: {'learning_rate': 0.013812629911970253, 'depth': 13, 'l2_leaf_reg': 1.7965215530465024, 'min_child_samples': 32}. Best is trial 182 with value: 0.27182335679137315.
[I 2025-03-12 10:07:41,013] Trial 208 finished with value: 0.2825478745112925 and parameters: {'learning_rate': 0.015334251360975486, 'depth': 12, 'l2_leaf_reg': 1.5134246972279886, 'min_child_samples': 32}. Best is trial 182 with value: 0.27182335679137315.
[I 2025-03-12 10:07:55,424] Trial 209 finished with value: 0.2772236967785159 and parameters: {'learning_rate': 0.016349365879373884, 'depth': 14, 'l2_leaf_reg': 1.8926194974330794, 'min_child_samples': 32}. Best is trial 182 with value: 0.27182335679137315.
[I 2025-03-12 10:08:01,681] Trial 210 finished with value: 0.279549413887873 and parameters: {'learning_rate': 0.008999533528385702, 'depth': 12, 'l2_leaf_reg': 1.650563398703351, 'min_child_samples': 32}. Best is trial 182 with value: 0.27182335679137315.
[I 2025-03-12 10:08:09,971] Trial 211 finished with value: 0.2741098573418517 and parameters: {'learning_rate': 0.018192719780768276, 'depth': 13, 'l2_leaf_reg': 2.596471213905809, 'min_child_samples': 16}. Best is trial 182 with value: 0.27182335679137315.
[I 2025-03-12 10:08:17,337] Trial 212 finished with value: 0.27497676193095716 and parameters: {'learning_rate': 0.018984827942073172, 'depth': 13, 'l2_leaf_reg': 2.5674989366547454, 'min_child_samples': 16}. Best is trial 182 with value: 0.27182335679137315.
[I 2025-03-12 10:08:25,744] Trial 213 finished with value: 0.2750575288967017 and parameters: {'learning_rate': 0.01818119367762235, 'depth': 13, 'l2_leaf_reg': 1.748072271388769, 'min_child_samples': 16}. Best is trial 182 with value: 0.27182335679137315.
[I 2025-03-12 10:08:33,842] Trial 214 finished with value: 0.2737715921084689 and parameters: {'learning_rate': 0.0170996708466094, 'depth': 13, 'l2_leaf_reg': 1.8416752261573848, 'min_child_samples': 4}. Best is trial 182 with value: 0.27182335679137315.
[I 2025-03-12 10:08:41,487] Trial 215 finished with value: 0.27546013967514227 and parameters: {'learning_rate': 0.017143986869408486, 'depth': 13, 'l2_leaf_reg': 1.91567490688057, 'min_child_samples': 4}. Best is trial 182 with value: 0.27182335679137315.
[I 2025-03-12 10:08:49,502] Trial 216 finished with value: 0.27510607030897316 and parameters: {'learning_rate': 0.016778186292330296, 'depth': 13, 'l2_leaf_reg': 1.8466850477753085, 'min_child_samples': 4}. Best is trial 182 with value: 0.27182335679137315.
[I 2025-03-12 10:09:02,771] Trial 217 finished with value: 0.27696385883775526 and parameters: {'learning_rate': 0.01754588391192146, 'depth': 14, 'l2_leaf_reg': 1.984347803300225, 'min_child_samples': 4}. Best is trial 182 with value: 0.27182335679137315.
[I 2025-03-12 10:09:04,469] Trial 218 finished with value: 0.33357152124773143 and parameters: {'learning_rate': 0.01588125406139224, 'depth': 4, 'l2_leaf_reg': 2.7939670828068994, 'min_child_samples': 4}. Best is trial 182 with value: 0.27182335679137315.
[I 2025-03-12 10:09:12,796] Trial 219 finished with value: 0.277131814266454 and parameters: {'learning_rate': 0.018386215222612058, 'depth': 13, 'l2_leaf_reg': 1.8259880048626054, 'min_child_samples': 16}. Best is trial 182 with value: 0.27182335679137315.
[I 2025-03-12 10:09:20,991] Trial 220 finished with value: 0.27542405043766477 and parameters: {'learning_rate': 0.01712070799048873, 'depth': 13, 'l2_leaf_reg': 2.308239577402146, 'min_child_samples': 4}. Best is trial 182 with value: 0.27182335679137315.
[I 2025-03-12 10:09:30,576] Trial 221 finished with value: 0.2739078988679291 and parameters: {'learning_rate': 0.015072333890797412, 'depth': 13, 'l2_leaf_reg': 1.6988801988921585, 'min_child_samples': 32}. Best is trial 182 with value: 0.27182335679137315.
[I 2025-03-12 10:09:38,185] Trial 222 finished with value: 0.2773707143653542 and parameters: {'learning_rate': 0.015025286407167417, 'depth': 13, 'l2_leaf_reg': 1.601148891681073, 'min_child_samples': 32}. Best is trial 182 with value: 0.27182335679137315.
[I 2025-03-12 10:09:46,777] Trial 223 finished with value: 0.2766545193834114 and parameters: {'learning_rate': 0.015618634869175967, 'depth': 13, 'l2_leaf_reg': 1.750061040160295, 'min_child_samples': 32}. Best is trial 182 with value: 0.27182335679137315.
[I 2025-03-12 10:09:55,519] Trial 224 finished with value: 0.27645257385595357 and parameters: {'learning_rate': 0.015218711053248664, 'depth': 13, 'l2_leaf_reg': 0.6297883063195362, 'min_child_samples': 32}. Best is trial 182 with value: 0.27182335679137315.
[I 2025-03-12 10:09:57,729] Trial 225 finished with value: 0.30820364216821106 and parameters: {'learning_rate': 0.017756448079039186, 'depth': 6, 'l2_leaf_reg': 2.652133832107357, 'min_child_samples': 32}. Best is trial 182 with value: 0.27182335679137315.
[I 2025-03-12 10:10:03,082] Trial 226 finished with value: 0.2799871669030456 and parameters: {'learning_rate': 0.014246555186946782, 'depth': 12, 'l2_leaf_reg': 1.6416731774591298, 'min_child_samples': 32}. Best is trial 182 with value: 0.27182335679137315.
[I 2025-03-12 10:10:10,992] Trial 227 finished with value: 0.2775290519287695 and parameters: {'learning_rate': 0.016114864980506863, 'depth': 13, 'l2_leaf_reg': 1.5322549137471086, 'min_child_samples': 16}. Best is trial 182 with value: 0.27182335679137315.
[I 2025-03-12 10:10:24,239] Trial 228 finished with value: 0.2787073525906049 and parameters: {'learning_rate': 0.01946568799792761, 'depth': 14, 'l2_leaf_reg': 1.7917041407680596, 'min_child_samples': 32}. Best is trial 182 with value: 0.27182335679137315.
[I 2025-03-12 10:10:29,526] Trial 229 finished with value: 0.2808466059887576 and parameters: {'learning_rate': 0.016674588674591533, 'depth': 12, 'l2_leaf_reg': 1.696867328946273, 'min_child_samples': 4}. Best is trial 182 with value: 0.27182335679137315.
[I 2025-03-12 10:10:37,259] Trial 230 finished with value: 0.27554524843375616 and parameters: {'learning_rate': 0.01545019615841145, 'depth': 13, 'l2_leaf_reg': 1.8594017503792803, 'min_child_samples': 32}. Best is trial 182 with value: 0.27182335679137315.
[I 2025-03-12 10:10:45,990] Trial 231 finished with value: 0.2766046098936607 and parameters: {'learning_rate': 0.0146874454121049, 'depth': 13, 'l2_leaf_reg': 1.7063829763755465, 'min_child_samples': 32}. Best is trial 182 with value: 0.27182335679137315.
[I 2025-03-12 10:10:54,565] Trial 232 finished with value: 0.278097999366796 and parameters: {'learning_rate': 0.014863316150398792, 'depth': 13, 'l2_leaf_reg': 1.5970847951499902, 'min_child_samples': 32}. Best is trial 182 with value: 0.27182335679137315.
[I 2025-03-12 10:11:04,000] Trial 233 finished with value: 0.27406014695917386 and parameters: {'learning_rate': 0.014357700251400186, 'depth': 13, 'l2_leaf_reg': 1.661829138592558, 'min_child_samples': 32}. Best is trial 182 with value: 0.27182335679137315.
[I 2025-03-12 10:11:13,627] Trial 234 finished with value: 0.2714244573360922 and parameters: {'learning_rate': 0.014361338949228359, 'depth': 13, 'l2_leaf_reg': 1.6516366876922324, 'min_child_samples': 32}. Best is trial 234 with value: 0.2714244573360922.
[I 2025-03-12 10:11:22,497] Trial 235 finished with value: 0.27667748933133807 and parameters: {'learning_rate': 0.014193211388205626, 'depth': 13, 'l2_leaf_reg': 1.6411745838015073, 'min_child_samples': 1}. Best is trial 234 with value: 0.2714244573360922.
[I 2025-03-12 10:11:31,249] Trial 236 finished with value: 0.2755374446547241 and parameters: {'learning_rate': 0.014300023790426008, 'depth': 13, 'l2_leaf_reg': 1.497080347071863, 'min_child_samples': 32}. Best is trial 234 with value: 0.2714244573360922.
[I 2025-03-12 10:11:46,985] Trial 237 finished with value: 0.2746523590573998 and parameters: {'learning_rate': 0.013727207540921908, 'depth': 14, 'l2_leaf_reg': 1.5643453270060548, 'min_child_samples': 32}. Best is trial 234 with value: 0.2714244573360922.
[I 2025-03-12 10:11:52,240] Trial 238 finished with value: 0.2796218675650347 and parameters: {'learning_rate': 0.015193127994573055, 'depth': 12, 'l2_leaf_reg': 0.7995718965595274, 'min_child_samples': 32}. Best is trial 234 with value: 0.2714244573360922.
[I 2025-03-12 10:12:01,130] Trial 239 finished with value: 0.27345851009004013 and parameters: {'learning_rate': 0.015749037317817096, 'depth': 13, 'l2_leaf_reg': 1.6670974443092785, 'min_child_samples': 32}. Best is trial 234 with value: 0.2714244573360922.
[I 2025-03-12 10:12:10,563] Trial 240 finished with value: 0.2739385927763958 and parameters: {'learning_rate': 0.015755711870110087, 'depth': 13, 'l2_leaf_reg': 2.5596934074011166, 'min_child_samples': 1}. Best is trial 234 with value: 0.2714244573360922.
[I 2025-03-12 10:12:20,273] Trial 241 finished with value: 0.27216225945560074 and parameters: {'learning_rate': 0.01572283830535778, 'depth': 13, 'l2_leaf_reg': 2.539657156013099, 'min_child_samples': 1}. Best is trial 234 with value: 0.2714244573360922.
[I 2025-03-12 10:12:27,652] Trial 242 finished with value: 0.2775944649334998 and parameters: {'learning_rate': 0.01590445615025075, 'depth': 13, 'l2_leaf_reg': 2.582898101350988, 'min_child_samples': 1}. Best is trial 234 with value: 0.2714244573360922.
[I 2025-03-12 10:12:35,880] Trial 243 finished with value: 0.27679292123924537 and parameters: {'learning_rate': 0.015681808358710275, 'depth': 13, 'l2_leaf_reg': 2.5349750035271015, 'min_child_samples': 1}. Best is trial 234 with value: 0.2714244573360922.
[I 2025-03-12 10:12:45,580] Trial 244 finished with value: 0.2711216274840732 and parameters: {'learning_rate': 0.016206566843031206, 'depth': 13, 'l2_leaf_reg': 2.4241629937371227, 'min_child_samples': 1}. Best is trial 244 with value: 0.2711216274840732.
[I 2025-03-12 10:12:53,923] Trial 245 finished with value: 0.2745142542231858 and parameters: {'learning_rate': 0.016389214823718846, 'depth': 13, 'l2_leaf_reg': 2.4089257496841245, 'min_child_samples': 1}. Best is trial 244 with value: 0.2711216274840732.
[I 2025-03-12 10:13:01,948] Trial 246 finished with value: 0.27828205862967653 and parameters: {'learning_rate': 0.015660815089862872, 'depth': 13, 'l2_leaf_reg': 2.640695378483413, 'min_child_samples': 1}. Best is trial 244 with value: 0.2711216274840732.
[I 2025-03-12 10:13:11,033] Trial 247 finished with value: 0.27308084030603563 and parameters: {'learning_rate': 0.016217538067715653, 'depth': 13, 'l2_leaf_reg': 2.4600321615920127, 'min_child_samples': 1}. Best is trial 244 with value: 0.2711216274840732.
[I 2025-03-12 10:13:19,851] Trial 248 finished with value: 0.2732287134040022 and parameters: {'learning_rate': 0.01633803234919167, 'depth': 13, 'l2_leaf_reg': 2.483412839552271, 'min_child_samples': 1}. Best is trial 244 with value: 0.2711216274840732.
[I 2025-03-12 10:13:28,215] Trial 249 finished with value: 0.2743576660008583 and parameters: {'learning_rate': 0.0164286280565128, 'depth': 13, 'l2_leaf_reg': 2.495319724790156, 'min_child_samples': 1}. Best is trial 244 with value: 0.2711216274840732.
[I 2025-03-12 10:13:44,117] Trial 250 finished with value: 0.2762680837191925 and parameters: {'learning_rate': 0.016286709371310028, 'depth': 14, 'l2_leaf_reg': 2.45550631551971, 'min_child_samples': 1}. Best is trial 244 with value: 0.2711216274840732.
[I 2025-03-12 10:13:49,716] Trial 251 finished with value: 0.2738997642419704 and parameters: {'learning_rate': 0.01662795706247271, 'depth': 12, 'l2_leaf_reg': 2.37829896484941, 'min_child_samples': 1}. Best is trial 244 with value: 0.2711216274840732.
[I 2025-03-12 10:13:54,504] Trial 252 finished with value: 0.28198008082271125 and parameters: {'learning_rate': 0.016644950112692833, 'depth': 12, 'l2_leaf_reg': 2.3713135430121404, 'min_child_samples': 1}. Best is trial 244 with value: 0.2711216274840732.
