[I 2025-03-12 19:39:05,592] Trial 299 finished with value: 0.46890800193481413 and parameters: {'learning_rate': 0.01999977916381678, 'depth': 9, 'l2_leaf_reg': 0.8493499217837273, 'min_child_samples': 1}. Best is trial 145 with value: 0.4654714271085222.
[I 2025-03-12 19:39:08,729] Trial 300 finished with value: 0.4686840701715748 and parameters: {'learning_rate': 0.01866291250726204, 'depth': 9, 'l2_leaf_reg': 0.7195774425193739, 'min_child_samples': 16}. Best is trial 145 with value: 0.4654714271085222.
[I 2025-03-12 19:39:12,166] Trial 301 finished with value: 0.4685325133952148 and parameters: {'learning_rate': 0.01952863785594199, 'depth': 10, 'l2_leaf_reg': 0.47790651707610077, 'min_child_samples': 1}. Best is trial 145 with value: 0.4654714271085222.
[I 2025-03-12 19:39:15,259] Trial 302 finished with value: 0.46892590651660193 and parameters: {'learning_rate': 0.018284710057591077, 'depth': 9, 'l2_leaf_reg': 2.4184346006439426, 'min_child_samples': 4}. Best is trial 145 with value: 0.4654714271085222.
[I 2025-03-12 19:39:17,919] Trial 303 finished with value: 0.46893109171350883 and parameters: {'learning_rate': 0.019121934285312947, 'depth': 8, 'l2_leaf_reg': 2.1967991382577323, 'min_child_samples': 1}. Best is trial 145 with value: 0.4654714271085222.
[I 2025-03-12 19:39:20,757] Trial 304 finished with value: 0.4675452993732975 and parameters: {'learning_rate': 0.019513557386930946, 'depth': 9, 'l2_leaf_reg': 0.5925377392305338, 'min_child_samples': 1}. Best is trial 145 with value: 0.4654714271085222.
[I 2025-03-12 19:39:23,900] Trial 305 finished with value: 0.4690556588123488 and parameters: {'learning_rate': 0.018871915783641374, 'depth': 9, 'l2_leaf_reg': 2.3427202299400562, 'min_child_samples': 1}. Best is trial 145 with value: 0.4654714271085222.
[I 2025-03-12 19:39:26,400] Trial 306 finished with value: 0.4718267939050617 and parameters: {'learning_rate': 0.017569767839204206, 'depth': 8, 'l2_leaf_reg': 2.255229395355223, 'min_child_samples': 8}. Best is trial 145 with value: 0.4654714271085222.
[I 2025-03-12 19:39:29,928] Trial 307 finished with value: 0.46908084549919415 and parameters: {'learning_rate': 0.019633224715489696, 'depth': 10, 'l2_leaf_reg': 1.7264805669602066, 'min_child_samples': 1}. Best is trial 145 with value: 0.4654714271085222.
[I 2025-03-12 19:39:32,898] Trial 308 finished with value: 0.46928323050597964 and parameters: {'learning_rate': 0.019233002318599944, 'depth': 9, 'l2_leaf_reg': 2.0081898973291126, 'min_child_samples': 4}. Best is trial 145 with value: 0.4654714271085222.
[I 2025-03-12 19:39:36,037] Trial 309 finished with value: 0.4682327468031217 and parameters: {'learning_rate': 0.01848651184813893, 'depth': 9, 'l2_leaf_reg': 0.798368030415926, 'min_child_samples': 1}. Best is trial 145 with value: 0.4654714271085222.
[I 2025-03-12 19:39:39,187] Trial 310 finished with value: 0.4696596013393266 and parameters: {'learning_rate': 0.019627966510400944, 'depth': 9, 'l2_leaf_reg': 2.0874672222240265, 'min_child_samples': 1}. Best is trial 145 with value: 0.4654714271085222.
[I 2025-03-12 19:39:41,864] Trial 311 finished with value: 0.46977890490978313 and parameters: {'learning_rate': 0.01899783874824767, 'depth': 8, 'l2_leaf_reg': 1.0435662454302665, 'min_child_samples': 8}. Best is trial 145 with value: 0.4654714271085222.
[I 2025-03-12 19:39:45,368] Trial 312 finished with value: 0.4704649559125123 and parameters: {'learning_rate': 0.019290982158984844, 'depth': 10, 'l2_leaf_reg': 2.391207494916407, 'min_child_samples': 1}. Best is trial 145 with value: 0.4654714271085222.
[I 2025-03-12 19:39:48,299] Trial 313 finished with value: 0.46627494055466173 and parameters: {'learning_rate': 0.01996695669879107, 'depth': 9, 'l2_leaf_reg': 2.283257622960038, 'min_child_samples': 16}. Best is trial 145 with value: 0.4654714271085222.
[I 2025-03-12 19:39:50,550] Trial 314 finished with value: 0.4772384418945085 and parameters: {'learning_rate': 0.018830976231092533, 'depth': 7, 'l2_leaf_reg': 2.3069861737773216, 'min_child_samples': 4}. Best is trial 145 with value: 0.4654714271085222.
[I 2025-03-12 19:39:53,716] Trial 315 finished with value: 0.4683866348739764 and parameters: {'learning_rate': 0.019653145091243853, 'depth': 9, 'l2_leaf_reg': 2.212890447229106, 'min_child_samples': 16}. Best is trial 145 with value: 0.4654714271085222.
[I 2025-03-12 19:39:56,789] Trial 316 finished with value: 0.4694356269016689 and parameters: {'learning_rate': 0.018264496215550267, 'depth': 9, 'l2_leaf_reg': 2.274089654595866, 'min_child_samples': 16}. Best is trial 145 with value: 0.4654714271085222.
[I 2025-03-12 19:40:00,277] Trial 317 finished with value: 0.46756371863900964 and parameters: {'learning_rate': 0.019223730570543253, 'depth': 10, 'l2_leaf_reg': 2.162920452017541, 'min_child_samples': 16}. Best is trial 145 with value: 0.4654714271085222.
[I 2025-03-12 19:40:02,900] Trial 318 finished with value: 0.4691831850421419 and parameters: {'learning_rate': 0.019733736662512463, 'depth': 8, 'l2_leaf_reg': 2.488141609312991, 'min_child_samples': 16}. Best is trial 145 with value: 0.4654714271085222.
[I 2025-03-12 19:40:06,082] Trial 319 finished with value: 0.47030288840008055 and parameters: {'learning_rate': 0.018816208783412253, 'depth': 9, 'l2_leaf_reg': 2.3622566865175076, 'min_child_samples': 16}. Best is trial 145 with value: 0.4654714271085222.
[I 2025-03-12 19:40:10,616] Trial 320 finished with value: 0.47397043396967503 and parameters: {'learning_rate': 0.019304214806069985, 'depth': 11, 'l2_leaf_reg': 2.116496107738068, 'min_child_samples': 16}. Best is trial 145 with value: 0.4654714271085222.
[I 2025-03-12 19:40:12,421] Trial 321 finished with value: 0.6331149400791322 and parameters: {'learning_rate': 0.01997819476021968, 'depth': 2, 'l2_leaf_reg': 2.250126647363522, 'min_child_samples': 32}. Best is trial 145 with value: 0.4654714271085222.
[I 2025-03-12 19:40:14,970] Trial 322 finished with value: 0.46990870866677925 and parameters: {'learning_rate': 0.018502325829213392, 'depth': 8, 'l2_leaf_reg': 2.3340503799831103, 'min_child_samples': 8}. Best is trial 145 with value: 0.4654714271085222.
[I 2025-03-12 19:40:17,912] Trial 323 finished with value: 0.4678325593961942 and parameters: {'learning_rate': 0.019400912037741608, 'depth': 9, 'l2_leaf_reg': 2.408658446234174, 'min_child_samples': 8}. Best is trial 145 with value: 0.4654714271085222.
[I 2025-03-12 19:40:21,505] Trial 324 finished with value: 0.48284441244635684 and parameters: {'learning_rate': 0.009306862240507741, 'depth': 10, 'l2_leaf_reg': 0.6569939641005561, 'min_child_samples': 4}. Best is trial 145 with value: 0.4654714271085222.
[I 2025-03-12 19:41:11,558] Trial 325 finished with value: 0.570502892514059 and parameters: {'learning_rate': 0.019994705381323138, 'depth': 16, 'l2_leaf_reg': 2.218099899340827, 'min_child_samples': 16}. Best is trial 145 with value: 0.4654714271085222.
[I 2025-03-12 19:41:14,072] Trial 326 finished with value: 0.47039462067580273 and parameters: {'learning_rate': 0.017981496457051164, 'depth': 9, 'l2_leaf_reg': 2.552611035639186, 'min_child_samples': 1}. Best is trial 145 with value: 0.4654714271085222.
[I 2025-03-12 19:41:16,822] Trial 327 finished with value: 0.46793599222644067 and parameters: {'learning_rate': 0.01906090417811061, 'depth': 9, 'l2_leaf_reg': 1.809590329506039, 'min_child_samples': 1}. Best is trial 145 with value: 0.4654714271085222.
[I 2025-03-12 19:41:19,912] Trial 328 finished with value: 0.4685521707018028 and parameters: {'learning_rate': 0.019604558479614804, 'depth': 9, 'l2_leaf_reg': 2.4522126058614284, 'min_child_samples': 1}. Best is trial 145 with value: 0.4654714271085222.
[I 2025-03-12 19:41:22,534] Trial 329 finished with value: 0.468026098745918 and parameters: {'learning_rate': 0.018702122970944042, 'depth': 8, 'l2_leaf_reg': 2.292909502797603, 'min_child_samples': 8}. Best is trial 145 with value: 0.4654714271085222.
[I 2025-03-12 19:41:26,262] Trial 330 finished with value: 0.4683996659645589 and parameters: {'learning_rate': 0.019324835374245182, 'depth': 10, 'l2_leaf_reg': 2.1512186958938226, 'min_child_samples': 1}. Best is trial 145 with value: 0.4654714271085222.
[I 2025-03-12 19:41:29,362] Trial 331 finished with value: 0.4689002441058733 and parameters: {'learning_rate': 0.019614959155435378, 'depth': 9, 'l2_leaf_reg': 2.3408862303950255, 'min_child_samples': 4}. Best is trial 145 with value: 0.4654714271085222.
[I 2025-03-12 19:41:32,005] Trial 332 finished with value: 0.46812562384249806 and parameters: {'learning_rate': 0.018973484417037657, 'depth': 8, 'l2_leaf_reg': 2.4014308265822915, 'min_child_samples': 1}. Best is trial 145 with value: 0.4654714271085222.
[I 2025-03-12 19:41:34,934] Trial 333 finished with value: 0.47042443319093863 and parameters: {'learning_rate': 0.015684446851705988, 'depth': 9, 'l2_leaf_reg': 2.251204951474112, 'min_child_samples': 1}. Best is trial 145 with value: 0.4654714271085222.
[I 2025-03-12 19:41:38,558] Trial 334 finished with value: 0.4702130549158323 and parameters: {'learning_rate': 0.019648968299079472, 'depth': 10, 'l2_leaf_reg': 2.1811795909999927, 'min_child_samples': 16}. Best is trial 145 with value: 0.4654714271085222.
[I 2025-03-12 19:41:41,533] Trial 335 finished with value: 0.4686272325042294 and parameters: {'learning_rate': 0.018405165830115672, 'depth': 9, 'l2_leaf_reg': 2.038953208221607, 'min_child_samples': 8}. Best is trial 145 with value: 0.4654714271085222.
[I 2025-03-12 19:41:44,464] Trial 336 finished with value: 0.46898782249387533 and parameters: {'learning_rate': 0.019254731264974352, 'depth': 9, 'l2_leaf_reg': 1.8937130177171722, 'min_child_samples': 1}. Best is trial 145 with value: 0.4654714271085222.
[I 2025-03-12 19:41:47,047] Trial 337 finished with value: 0.46813711855827284 and parameters: {'learning_rate': 0.019655505760744627, 'depth': 8, 'l2_leaf_reg': 2.3038672435031895, 'min_child_samples': 1}. Best is trial 145 with value: 0.4654714271085222.
[I 2025-03-12 19:41:50,871] Trial 338 finished with value: 0.46929783180253215 and parameters: {'learning_rate': 0.01997515965417635, 'depth': 10, 'l2_leaf_reg': 2.48867895166568, 'min_child_samples': 4}. Best is trial 145 with value: 0.4654714271085222.
[I 2025-03-12 19:41:54,175] Trial 339 finished with value: 0.46669136403706823 and parameters: {'learning_rate': 0.018670042412242027, 'depth': 9, 'l2_leaf_reg': 1.1484127019019699, 'min_child_samples': 1}. Best is trial 145 with value: 0.4654714271085222.
[I 2025-03-12 19:41:57,095] Trial 340 finished with value: 0.4757383611292258 and parameters: {'learning_rate': 0.012185070132159193, 'depth': 9, 'l2_leaf_reg': 1.1269519997046287, 'min_child_samples': 1}. Best is trial 145 with value: 0.4654714271085222.
[I 2025-03-12 19:42:00,114] Trial 341 finished with value: 0.46990596084235936 and parameters: {'learning_rate': 0.01834659317591049, 'depth': 9, 'l2_leaf_reg': 1.0589525116822516, 'min_child_samples': 8}. Best is trial 145 with value: 0.4654714271085222.
[I 2025-03-12 19:42:03,801] Trial 342 finished with value: 0.4681183173131107 and parameters: {'learning_rate': 0.01872007653782224, 'depth': 10, 'l2_leaf_reg': 1.3897212937240195, 'min_child_samples': 1}. Best is trial 145 with value: 0.4654714271085222.
[I 2025-03-12 19:42:06,994] Trial 343 finished with value: 0.46794094233963124 and parameters: {'learning_rate': 0.018890671681144475, 'depth': 9, 'l2_leaf_reg': 1.1666571392064666, 'min_child_samples': 32}. Best is trial 145 with value: 0.4654714271085222.
[I 2025-03-12 19:42:09,998] Trial 344 finished with value: 0.4684966974758089 and parameters: {'learning_rate': 0.018209532783528937, 'depth': 9, 'l2_leaf_reg': 0.9836582489673631, 'min_child_samples': 1}. Best is trial 145 with value: 0.4654714271085222.
[I 2025-03-12 19:42:13,124] Trial 345 finished with value: 0.4701009178322569 and parameters: {'learning_rate': 0.017779087873994768, 'depth': 9, 'l2_leaf_reg': 0.8945334696237175, 'min_child_samples': 4}. Best is trial 145 with value: 0.4654714271085222.
[I 2025-03-12 19:42:16,956] Trial 346 finished with value: 0.4719148217200086 and parameters: {'learning_rate': 0.019091877037387798, 'depth': 10, 'l2_leaf_reg': 1.2163804483089873, 'min_child_samples': 1}. Best is trial 145 with value: 0.4654714271085222.
[I 2025-03-12 19:42:19,825] Trial 347 finished with value: 0.47051565951049273 and parameters: {'learning_rate': 0.01860820267459192, 'depth': 9, 'l2_leaf_reg': 0.9391008827564244, 'min_child_samples': 16}. Best is trial 145 with value: 0.4654714271085222.
[I 2025-03-12 19:42:23,139] Trial 348 finished with value: 0.4703028735222651 and parameters: {'learning_rate': 0.019314619818156957, 'depth': 9, 'l2_leaf_reg': 0.7971166641555248, 'min_child_samples': 8}. Best is trial 145 with value: 0.4654714271085222.
[I 2025-03-12 19:42:26,261] Trial 349 finished with value: 0.46740357967776697 and parameters: {'learning_rate': 0.018971001875810183, 'depth': 9, 'l2_leaf_reg': 1.004405265347065, 'min_child_samples': 1}. Best is trial 145 with value: 0.4654714271085222.
[I 2025-03-12 19:42:29,822] Trial 350 finished with value: 0.4703735707882313 and parameters: {'learning_rate': 0.019336635216002273, 'depth': 10, 'l2_leaf_reg': 0.7230658948606542, 'min_child_samples': 1}. Best is trial 145 with value: 0.4654714271085222.
[I 2025-03-12 19:42:32,793] Trial 351 finished with value: 0.4680876116274891 and parameters: {'learning_rate': 0.017309340523786607, 'depth': 9, 'l2_leaf_reg': 2.576400530441666, 'min_child_samples': 1}. Best is trial 145 with value: 0.4654714271085222.
[I 2025-03-12 19:42:36,424] Trial 352 finished with value: 0.46912417502752013 and parameters: {'learning_rate': 0.018153108825799798, 'depth': 10, 'l2_leaf_reg': 2.427016467477246, 'min_child_samples': 4}. Best is trial 145 with value: 0.4654714271085222.
[I 2025-03-12 19:42:39,646] Trial 353 finished with value: 0.46911192771702953 and parameters: {'learning_rate': 0.018703374345068552, 'depth': 9, 'l2_leaf_reg': 0.8602033194236219, 'min_child_samples': 1}. Best is trial 145 with value: 0.4654714271085222.
[I 2025-03-12 19:42:42,557] Trial 354 finished with value: 0.4698853996930621 and parameters: {'learning_rate': 0.019553585076083436, 'depth': 9, 'l2_leaf_reg': 0.5486825828653134, 'min_child_samples': 8}. Best is trial 145 with value: 0.4654714271085222.
[I 2025-03-12 19:42:45,611] Trial 355 finished with value: 0.4677015152414356 and parameters: {'learning_rate': 0.018947991192529108, 'depth': 9, 'l2_leaf_reg': 1.0926854512639737, 'min_child_samples': 1}. Best is trial 145 with value: 0.4654714271085222.
[I 2025-03-12 19:42:50,223] Trial 356 finished with value: 0.47385667675005727 and parameters: {'learning_rate': 0.019281508776667223, 'depth': 11, 'l2_leaf_reg': 1.6217775813712818, 'min_child_samples': 16}. Best is trial 145 with value: 0.4654714271085222.
[I 2025-03-12 19:42:53,044] Trial 357 finished with value: 0.46823373658277484 and parameters: {'learning_rate': 0.019609790002776316, 'depth': 9, 'l2_leaf_reg': 2.376092499239746, 'min_child_samples': 1}. Best is trial 145 with value: 0.4654714271085222.
[I 2025-03-12 19:42:56,563] Trial 358 finished with value: 0.4792006069365526 and parameters: {'learning_rate': 0.009988340433010081, 'depth': 10, 'l2_leaf_reg': 2.5095988865123076, 'min_child_samples': 1}. Best is trial 145 with value: 0.4654714271085222.
[I 2025-03-12 19:42:59,463] Trial 359 finished with value: 0.4684413904466441 and parameters: {'learning_rate': 0.018529896812371438, 'depth': 9, 'l2_leaf_reg': 0.9383761957808133, 'min_child_samples': 8}. Best is trial 145 with value: 0.4654714271085222.
[I 2025-03-12 19:43:02,099] Trial 360 finished with value: 0.46793229251875085 and parameters: {'learning_rate': 0.01998506261253301, 'depth': 8, 'l2_leaf_reg': 2.68612512227399, 'min_child_samples': 1}. Best is trial 145 with value: 0.4654714271085222.
[I 2025-03-12 19:43:05,201] Trial 361 finished with value: 0.4692113738077357 and parameters: {'learning_rate': 0.01778144723410233, 'depth': 9, 'l2_leaf_reg': 0.6344168158646429, 'min_child_samples': 4}. Best is trial 145 with value: 0.4654714271085222.
[I 2025-03-12 19:43:08,950] Trial 362 finished with value: 0.4685983447475931 and parameters: {'learning_rate': 0.019137063827054542, 'depth': 10, 'l2_leaf_reg': 2.338978228590805, 'min_child_samples': 1}. Best is trial 145 with value: 0.4654714271085222.
[I 2025-03-12 19:43:11,829] Trial 363 finished with value: 0.46774740452137115 and parameters: {'learning_rate': 0.01964992505049742, 'depth': 9, 'l2_leaf_reg': 1.9490861522918077, 'min_child_samples': 1}. Best is trial 145 with value: 0.4654714271085222.
[I 2025-03-12 19:43:14,960] Trial 364 finished with value: 0.4696441068704713 and parameters: {'learning_rate': 0.018876330972744715, 'depth': 9, 'l2_leaf_reg': 0.7704812876337956, 'min_child_samples': 8}. Best is trial 145 with value: 0.4654714271085222.
[I 2025-03-12 19:43:17,520] Trial 365 finished with value: 0.46796159069023135 and parameters: {'learning_rate': 0.019366853228809742, 'depth': 8, 'l2_leaf_reg': 2.4430880759438667, 'min_child_samples': 1}. Best is trial 145 with value: 0.4654714271085222.
[I 2025-03-12 19:43:20,220] Trial 366 finished with value: 0.46964350851156333 and parameters: {'learning_rate': 0.018336432017274956, 'depth': 8, 'l2_leaf_reg': 2.0934730231915473, 'min_child_samples': 16}. Best is trial 145 with value: 0.4654714271085222.
[I 2025-03-12 19:43:22,275] Trial 367 finished with value: 0.500008907104358 and parameters: {'learning_rate': 0.019997385114167793, 'depth': 5, 'l2_leaf_reg': 2.190647165596512, 'min_child_samples': 1}. Best is trial 145 with value: 0.4654714271085222.
[I 2025-03-12 19:43:25,050] Trial 368 finished with value: 0.9355845735336837 and parameters: {'learning_rate': 0.0016404076332617572, 'depth': 9, 'l2_leaf_reg': 1.3225341751446351, 'min_child_samples': 4}. Best is trial 145 with value: 0.4654714271085222.
[I 2025-03-12 19:43:27,923] Trial 369 finished with value: 0.4666652751193253 and parameters: {'learning_rate': 0.019142568108300874, 'depth': 9, 'l2_leaf_reg': 0.6919626730169368, 'min_child_samples': 1}. Best is trial 145 with value: 0.4654714271085222.
[I 2025-03-12 19:43:31,429] Trial 370 finished with value: 0.4679360720369797 and parameters: {'learning_rate': 0.019369090904885967, 'depth': 10, 'l2_leaf_reg': 0.6546133195565659, 'min_child_samples': 1}. Best is trial 145 with value: 0.4654714271085222.
[I 2025-03-12 19:43:34,577] Trial 371 finished with value: 0.46792009564357284 and parameters: {'learning_rate': 0.019643360684461608, 'depth': 9, 'l2_leaf_reg': 0.7512872019409347, 'min_child_samples': 1}. Best is trial 145 with value: 0.4654714271085222.
[I 2025-03-12 19:43:37,497] Trial 372 finished with value: 0.4670687753125994 and parameters: {'learning_rate': 0.018989124011845538, 'depth': 9, 'l2_leaf_reg': 0.6874788584090928, 'min_child_samples': 1}. Best is trial 145 with value: 0.4654714271085222.
[I 2025-03-12 19:43:40,649] Trial 373 finished with value: 0.4672378938501722 and parameters: {'learning_rate': 0.019054749634351293, 'depth': 9, 'l2_leaf_reg': 0.6888912484911904, 'min_child_samples': 1}. Best is trial 145 with value: 0.4654714271085222.
[I 2025-03-12 19:43:43,820] Trial 374 finished with value: 0.46856126393977754 and parameters: {'learning_rate': 0.019615165066409167, 'depth': 9, 'l2_leaf_reg': 0.5729928899394948, 'min_child_samples': 1}. Best is trial 145 with value: 0.4654714271085222.
[I 2025-03-12 19:43:47,642] Trial 375 finished with value: 0.4699929947088364 and parameters: {'learning_rate': 0.01609535465993254, 'depth': 10, 'l2_leaf_reg': 0.8017124160720209, 'min_child_samples': 1}. Best is trial 145 with value: 0.4654714271085222.
[I 2025-03-12 19:43:50,279] Trial 376 finished with value: 0.469488827637293 and parameters: {'learning_rate': 0.018717816808407083, 'depth': 8, 'l2_leaf_reg': 0.6862023812147235, 'min_child_samples': 1}. Best is trial 145 with value: 0.4654714271085222.
[I 2025-03-12 19:43:53,442] Trial 377 finished with value: 0.4688592265155278 and parameters: {'learning_rate': 0.019294042314289012, 'depth': 9, 'l2_leaf_reg': 0.847017649213709, 'min_child_samples': 1}. Best is trial 145 with value: 0.4654714271085222.
[I 2025-03-12 19:43:56,613] Trial 378 finished with value: 0.4703595976510455 and parameters: {'learning_rate': 0.019029454537241225, 'depth': 9, 'l2_leaf_reg': 0.6192486491888755, 'min_child_samples': 1}. Best is trial 145 with value: 0.4654714271085222.
[I 2025-03-12 19:43:59,185] Trial 379 finished with value: 0.4683530327693879 and parameters: {'learning_rate': 0.01998871542474806, 'depth': 8, 'l2_leaf_reg': 0.5061444496953129, 'min_child_samples': 1}. Best is trial 145 with value: 0.4654714271085222.
[I 2025-03-12 19:44:02,791] Trial 380 finished with value: 0.467265587233984 and parameters: {'learning_rate': 0.019577797239602915, 'depth': 10, 'l2_leaf_reg': 0.7136638390044068, 'min_child_samples': 1}. Best is trial 145 with value: 0.4654714271085222.
[I 2025-03-12 19:44:05,695] Trial 381 finished with value: 0.4680361521140598 and parameters: {'learning_rate': 0.018818183998789276, 'depth': 9, 'l2_leaf_reg': 0.7764465096229141, 'min_child_samples': 1}. Best is trial 145 with value: 0.4654714271085222.
[I 2025-03-12 19:44:08,637] Trial 382 finished with value: 0.46876647393152365 and parameters: {'learning_rate': 0.01929520971856594, 'depth': 9, 'l2_leaf_reg': 0.7020965397925854, 'min_child_samples': 1}. Best is trial 145 with value: 0.4654714271085222.
[I 2025-03-12 19:44:11,692] Trial 383 finished with value: 0.4692596997563099 and parameters: {'learning_rate': 0.018567146638798514, 'depth': 9, 'l2_leaf_reg': 0.6142117035152141, 'min_child_samples': 1}. Best is trial 145 with value: 0.4654714271085222.
