[I 2025-03-12 13:09:41,799] Trial 363 finished with value: 0.4754802244613915 and parameters: {'learning_rate': 0.01908467359388804, 'depth': 11, 'l2_leaf_reg': 2.2604786462830657, 'min_child_samples': 8}. Best is trial 119 with value: 0.464659168888221.
[I 2025-03-12 13:09:47,550] Trial 364 finished with value: 0.4731139617889889 and parameters: {'learning_rate': 0.01844863019025711, 'depth': 11, 'l2_leaf_reg': 2.139313720211813, 'min_child_samples': 4}. Best is trial 119 with value: 0.464659168888221.
[I 2025-03-12 13:09:52,371] Trial 365 finished with value: 0.470143718847518 and parameters: {'learning_rate': 0.018831930926414806, 'depth': 10, 'l2_leaf_reg': 1.7758283122114384, 'min_child_samples': 8}. Best is trial 119 with value: 0.464659168888221.
[I 2025-03-12 13:09:57,124] Trial 366 finished with value: 0.4702810941513012 and parameters: {'learning_rate': 0.019329606156692578, 'depth': 10, 'l2_leaf_reg': 2.402892491935721, 'min_child_samples': 4}. Best is trial 119 with value: 0.464659168888221.
[I 2025-03-12 13:10:01,722] Trial 367 finished with value: 0.47128379249694896 and parameters: {'learning_rate': 0.019344421157865783, 'depth': 10, 'l2_leaf_reg': 1.874065171176626, 'min_child_samples': 8}. Best is trial 119 with value: 0.464659168888221.
[I 2025-03-12 13:10:06,935] Trial 368 finished with value: 0.47160746766430134 and parameters: {'learning_rate': 0.018245098595092688, 'depth': 10, 'l2_leaf_reg': 2.6200866060002452, 'min_child_samples': 8}. Best is trial 119 with value: 0.464659168888221.
[I 2025-03-12 13:10:10,909] Trial 369 finished with value: 0.46859493959386506 and parameters: {'learning_rate': 0.019639403844188726, 'depth': 9, 'l2_leaf_reg': 2.226181448094481, 'min_child_samples': 8}. Best is trial 119 with value: 0.464659168888221.
[I 2025-03-12 13:10:15,730] Trial 370 finished with value: 0.4712145831613898 and parameters: {'learning_rate': 0.018859706458631182, 'depth': 10, 'l2_leaf_reg': 2.3297417274218564, 'min_child_samples': 4}. Best is trial 119 with value: 0.464659168888221.
[I 2025-03-12 13:10:20,449] Trial 371 finished with value: 0.4682813476973824 and parameters: {'learning_rate': 0.019224625911298452, 'depth': 10, 'l2_leaf_reg': 2.1083575931286935, 'min_child_samples': 4}. Best is trial 119 with value: 0.464659168888221.
[I 2025-03-12 13:10:24,564] Trial 372 finished with value: 0.47037086045421656 and parameters: {'learning_rate': 0.019558177841911967, 'depth': 9, 'l2_leaf_reg': 1.8019112151101075, 'min_child_samples': 32}. Best is trial 119 with value: 0.464659168888221.
[I 2025-03-12 13:10:29,246] Trial 373 finished with value: 0.47450811578540086 and parameters: {'learning_rate': 0.01967732007975039, 'depth': 11, 'l2_leaf_reg': 2.1937517017830253, 'min_child_samples': 4}. Best is trial 119 with value: 0.464659168888221.
[I 2025-03-12 13:10:32,731] Trial 374 finished with value: 0.4688839978372086 and parameters: {'learning_rate': 0.019026841019769238, 'depth': 8, 'l2_leaf_reg': 2.512356703120107, 'min_child_samples': 4}. Best is trial 119 with value: 0.464659168888221.
[I 2025-03-12 13:10:36,326] Trial 375 finished with value: 0.4661239932087583 and parameters: {'learning_rate': 0.019999482201524265, 'depth': 9, 'l2_leaf_reg': 1.954513167319413, 'min_child_samples': 4}. Best is trial 119 with value: 0.464659168888221.
[I 2025-03-12 13:10:41,167] Trial 376 finished with value: 0.4677901044169166 and parameters: {'learning_rate': 0.01998515921968917, 'depth': 9, 'l2_leaf_reg': 1.9347647855278152, 'min_child_samples': 4}. Best is trial 119 with value: 0.464659168888221.
[I 2025-03-12 13:10:47,190] Trial 377 finished with value: 0.46960846874019563 and parameters: {'learning_rate': 0.019599180666011896, 'depth': 10, 'l2_leaf_reg': 1.9092707953867607, 'min_child_samples': 4}. Best is trial 119 with value: 0.464659168888221.
[I 2025-03-12 13:10:52,502] Trial 378 finished with value: 0.4689815473518284 and parameters: {'learning_rate': 0.019664304223431628, 'depth': 9, 'l2_leaf_reg': 1.846219296491995, 'min_child_samples': 4}. Best is trial 119 with value: 0.464659168888221.
[I 2025-03-12 13:10:58,310] Trial 379 finished with value: 0.4677405818895901 and parameters: {'learning_rate': 0.019979837359694136, 'depth': 9, 'l2_leaf_reg': 1.9568202266306858, 'min_child_samples': 8}. Best is trial 119 with value: 0.464659168888221.
[I 2025-03-12 13:11:04,126] Trial 380 finished with value: 0.46865083428717524 and parameters: {'learning_rate': 0.01928630340735222, 'depth': 10, 'l2_leaf_reg': 1.8612287012786994, 'min_child_samples': 4}. Best is trial 119 with value: 0.464659168888221.
[I 2025-03-12 13:11:10,077] Trial 381 finished with value: 0.47004918260197753 and parameters: {'learning_rate': 0.018586155701542477, 'depth': 10, 'l2_leaf_reg': 1.9885739421920554, 'min_child_samples': 4}. Best is trial 119 with value: 0.464659168888221.
[I 2025-03-12 13:11:15,435] Trial 382 finished with value: 0.46815370224093555 and parameters: {'learning_rate': 0.019988394992180008, 'depth': 9, 'l2_leaf_reg': 1.8024264949962394, 'min_child_samples': 4}. Best is trial 119 with value: 0.464659168888221.
[I 2025-03-12 13:11:20,632] Trial 383 finished with value: 0.4687703445679411 and parameters: {'learning_rate': 0.01956000944655906, 'depth': 8, 'l2_leaf_reg': 2.062362470736221, 'min_child_samples': 4}. Best is trial 119 with value: 0.464659168888221.
[I 2025-03-12 13:11:26,546] Trial 384 finished with value: 0.47075986707489187 and parameters: {'learning_rate': 0.01907124939486521, 'depth': 10, 'l2_leaf_reg': 1.9094418220969467, 'min_child_samples': 4}. Best is trial 119 with value: 0.464659168888221.
[I 2025-03-12 13:11:31,685] Trial 385 finished with value: 0.4700673502584953 and parameters: {'learning_rate': 0.019981789574644797, 'depth': 9, 'l2_leaf_reg': 2.0643492018165417, 'min_child_samples': 4}. Best is trial 119 with value: 0.464659168888221.
[I 2025-03-12 13:11:37,343] Trial 386 finished with value: 0.4817745628755159 and parameters: {'learning_rate': 0.010180260377325716, 'depth': 9, 'l2_leaf_reg': 2.0023738048165183, 'min_child_samples': 4}. Best is trial 119 with value: 0.464659168888221.
[I 2025-03-12 13:12:33,818] Trial 387 finished with value: 0.5739460378932341 and parameters: {'learning_rate': 0.019403302880560924, 'depth': 16, 'l2_leaf_reg': 2.6699333363804403, 'min_child_samples': 4}. Best is trial 119 with value: 0.464659168888221.
[I 2025-03-12 13:12:38,160] Trial 388 finished with value: 0.4698405878327196 and parameters: {'learning_rate': 0.018881925784539396, 'depth': 8, 'l2_leaf_reg': 2.4388634249759487, 'min_child_samples': 32}. Best is trial 119 with value: 0.464659168888221.
[I 2025-03-12 13:12:44,092] Trial 389 finished with value: 0.4664758564733343 and parameters: {'learning_rate': 0.019636646336249966, 'depth': 10, 'l2_leaf_reg': 1.7358800931206402, 'min_child_samples': 8}. Best is trial 119 with value: 0.464659168888221.
[I 2025-03-12 13:12:49,703] Trial 390 finished with value: 0.46923842188792597 and parameters: {'learning_rate': 0.0193352975413127, 'depth': 10, 'l2_leaf_reg': 2.989598159804074, 'min_child_samples': 8}. Best is trial 119 with value: 0.464659168888221.
[I 2025-03-12 13:12:56,710] Trial 391 finished with value: 0.4735978010722847 and parameters: {'learning_rate': 0.013982762076517309, 'depth': 11, 'l2_leaf_reg': 1.6169335824974695, 'min_child_samples': 8}. Best is trial 119 with value: 0.464659168888221.
[I 2025-03-12 13:13:02,462] Trial 392 finished with value: 0.4688702855483305 and parameters: {'learning_rate': 0.01805987403021142, 'depth': 10, 'l2_leaf_reg': 1.6909677162336103, 'min_child_samples': 8}. Best is trial 119 with value: 0.464659168888221.
[I 2025-03-12 13:13:08,391] Trial 393 finished with value: 0.4683256343373419 and parameters: {'learning_rate': 0.01871812808095081, 'depth': 10, 'l2_leaf_reg': 1.734522140758357, 'min_child_samples': 8}. Best is trial 119 with value: 0.464659168888221.
[I 2025-03-12 13:13:15,191] Trial 394 finished with value: 0.4736464222826426 and parameters: {'learning_rate': 0.01955547897379501, 'depth': 11, 'l2_leaf_reg': 1.750003467880527, 'min_child_samples': 8}. Best is trial 119 with value: 0.464659168888221.
[I 2025-03-12 13:13:21,293] Trial 395 finished with value: 0.46962022213116866 and parameters: {'learning_rate': 0.01913956060095868, 'depth': 10, 'l2_leaf_reg': 1.83402473824938, 'min_child_samples': 8}. Best is trial 119 with value: 0.464659168888221.
[I 2025-03-12 13:13:27,733] Trial 396 finished with value: 0.46855578457992064 and parameters: {'learning_rate': 0.019688386027285808, 'depth': 10, 'l2_leaf_reg': 2.792840699749967, 'min_child_samples': 8}. Best is trial 119 with value: 0.464659168888221.
[I 2025-03-12 13:13:34,166] Trial 397 finished with value: 0.4767781643375541 and parameters: {'learning_rate': 0.019099286087798296, 'depth': 11, 'l2_leaf_reg': 1.7909929781735119, 'min_child_samples': 4}. Best is trial 119 with value: 0.464659168888221.
[I 2025-03-12 13:13:40,037] Trial 398 finished with value: 0.46810974071359474 and parameters: {'learning_rate': 0.0185332241236369, 'depth': 10, 'l2_leaf_reg': 1.8739431046741077, 'min_child_samples': 8}. Best is trial 119 with value: 0.464659168888221.
[I 2025-03-12 13:13:45,229] Trial 399 finished with value: 0.46848866686408186 and parameters: {'learning_rate': 0.019615828551008806, 'depth': 9, 'l2_leaf_reg': 1.93625832045729, 'min_child_samples': 4}. Best is trial 119 with value: 0.464659168888221.
[I 2025-03-12 13:13:50,902] Trial 400 finished with value: 0.4736180239162387 and parameters: {'learning_rate': 0.011554657869873381, 'depth': 10, 'l2_leaf_reg': 1.8397353646950985, 'min_child_samples': 4}. Best is trial 119 with value: 0.464659168888221.
[I 2025-03-12 13:13:56,373] Trial 401 finished with value: 0.4693454130283903 and parameters: {'learning_rate': 0.019995781105014782, 'depth': 9, 'l2_leaf_reg': 1.6520767181981026, 'min_child_samples': 4}. Best is trial 119 with value: 0.464659168888221.
[I 2025-03-12 13:14:02,164] Trial 402 finished with value: 0.47179633030534146 and parameters: {'learning_rate': 0.01932319680768752, 'depth': 10, 'l2_leaf_reg': 2.722521031551146, 'min_child_samples': 4}. Best is trial 119 with value: 0.464659168888221.
[I 2025-03-12 13:14:07,657] Trial 403 finished with value: 0.46941879472895964 and parameters: {'learning_rate': 0.01880027781648315, 'depth': 9, 'l2_leaf_reg': 1.7406549501389883, 'min_child_samples': 4}. Best is trial 119 with value: 0.464659168888221.
[I 2025-03-12 13:14:12,612] Trial 404 finished with value: 0.46752355043354693 and parameters: {'learning_rate': 0.019650035602483514, 'depth': 8, 'l2_leaf_reg': 1.9584379181170493, 'min_child_samples': 8}. Best is trial 119 with value: 0.464659168888221.
[I 2025-03-12 13:14:29,994] Trial 405 finished with value: 0.514526274757001 and parameters: {'learning_rate': 0.017285450166155215, 'depth': 14, 'l2_leaf_reg': 1.9086843238520568, 'min_child_samples': 32}. Best is trial 119 with value: 0.464659168888221.
[I 2025-03-12 13:14:35,386] Trial 406 finished with value: 0.46950918912183126 and parameters: {'learning_rate': 0.019233274370153576, 'depth': 9, 'l2_leaf_reg': 1.8045140686490315, 'min_child_samples': 4}. Best is trial 119 with value: 0.464659168888221.
[I 2025-03-12 13:14:40,969] Trial 407 finished with value: 0.46846079767757964 and parameters: {'learning_rate': 0.019635462253727597, 'depth': 10, 'l2_leaf_reg': 1.9997483453851141, 'min_child_samples': 4}. Best is trial 119 with value: 0.464659168888221.
[I 2025-03-12 13:14:46,317] Trial 408 finished with value: 0.469513798910005 and parameters: {'learning_rate': 0.018915606949888218, 'depth': 9, 'l2_leaf_reg': 2.5762328805762715, 'min_child_samples': 4}. Best is trial 119 with value: 0.464659168888221.
[I 2025-03-12 13:14:52,843] Trial 409 finished with value: 0.47257561611401516 and parameters: {'learning_rate': 0.012454193967057867, 'depth': 10, 'l2_leaf_reg': 2.142078607510124, 'min_child_samples': 4}. Best is trial 119 with value: 0.464659168888221.
[I 2025-03-12 13:14:57,844] Trial 410 finished with value: 0.4673912170172786 and parameters: {'learning_rate': 0.019989730244878014, 'depth': 9, 'l2_leaf_reg': 1.8772503707394879, 'min_child_samples': 4}. Best is trial 119 with value: 0.464659168888221.
[I 2025-03-12 13:15:02,925] Trial 411 finished with value: 0.46957739715760877 and parameters: {'learning_rate': 0.018258397954681843, 'depth': 8, 'l2_leaf_reg': 2.0638509656797552, 'min_child_samples': 4}. Best is trial 119 with value: 0.464659168888221.
[I 2025-03-12 13:15:15,372] Trial 412 finished with value: 0.48405529822625765 and parameters: {'learning_rate': 0.01936069728613359, 'depth': 6, 'l2_leaf_reg': 1.7485083631576637, 'min_child_samples': 8}. Best is trial 119 with value: 0.464659168888221.
[I 2025-03-12 13:15:29,281] Trial 413 finished with value: 0.4739144744831188 and parameters: {'learning_rate': 0.0195796082295175, 'depth': 11, 'l2_leaf_reg': 2.0125811250658643, 'min_child_samples': 4}. Best is trial 119 with value: 0.464659168888221.
[I 2025-03-12 13:15:34,700] Trial 414 finished with value: 0.46800907538002784 and parameters: {'learning_rate': 0.01899039043160394, 'depth': 9, 'l2_leaf_reg': 1.6061067886416154, 'min_child_samples': 4}. Best is trial 119 with value: 0.464659168888221.
[I 2025-03-12 13:15:40,324] Trial 415 finished with value: 0.6064874709977067 and parameters: {'learning_rate': 0.00368071789118111, 'depth': 10, 'l2_leaf_reg': 1.920603503278562, 'min_child_samples': 4}. Best is trial 119 with value: 0.464659168888221.
[I 2025-03-12 13:15:45,882] Trial 416 finished with value: 0.4688959671820131 and parameters: {'learning_rate': 0.0178241993440629, 'depth': 9, 'l2_leaf_reg': 1.8444301389362352, 'min_child_samples': 4}. Best is trial 119 with value: 0.464659168888221.
[I 2025-03-12 13:15:51,830] Trial 417 finished with value: 0.4707736255655752 and parameters: {'learning_rate': 0.019647180558267318, 'depth': 10, 'l2_leaf_reg': 2.1061870957922575, 'min_child_samples': 4}. Best is trial 119 with value: 0.464659168888221.
[I 2025-03-12 13:15:56,842] Trial 418 finished with value: 0.4700719177014557 and parameters: {'learning_rate': 0.01854137941874786, 'depth': 9, 'l2_leaf_reg': 1.7101257741308524, 'min_child_samples': 8}. Best is trial 119 with value: 0.464659168888221.
[I 2025-03-12 13:16:01,663] Trial 419 finished with value: 0.4684739012076153 and parameters: {'learning_rate': 0.019233493023076215, 'depth': 8, 'l2_leaf_reg': 1.9420087237392618, 'min_child_samples': 16}. Best is trial 119 with value: 0.464659168888221.
[I 2025-03-12 13:16:07,923] Trial 420 finished with value: 0.4839371455885601 and parameters: {'learning_rate': 0.008959334185062085, 'depth': 10, 'l2_leaf_reg': 1.8217750570932438, 'min_child_samples': 4}. Best is trial 119 with value: 0.464659168888221.
[I 2025-03-12 13:16:13,588] Trial 421 finished with value: 0.4673384329480907 and parameters: {'learning_rate': 0.019969753750905924, 'depth': 9, 'l2_leaf_reg': 1.4838113724650808, 'min_child_samples': 4}. Best is trial 119 with value: 0.464659168888221.
[I 2025-03-12 13:16:19,758] Trial 422 finished with value: 0.4707811844841195 and parameters: {'learning_rate': 0.019309995670213662, 'depth': 10, 'l2_leaf_reg': 2.8648013120049196, 'min_child_samples': 4}. Best is trial 119 with value: 0.464659168888221.
[I 2025-03-12 13:16:25,169] Trial 423 finished with value: 0.4690689804586614 and parameters: {'learning_rate': 0.019623730536271266, 'depth': 9, 'l2_leaf_reg': 1.9896895142717061, 'min_child_samples': 32}. Best is trial 119 with value: 0.464659168888221.
[I 2025-03-12 13:16:31,641] Trial 424 finished with value: 0.4746412108710957 and parameters: {'learning_rate': 0.01883495493890289, 'depth': 11, 'l2_leaf_reg': 1.7772091567618544, 'min_child_samples': 4}. Best is trial 119 with value: 0.464659168888221.
[I 2025-03-12 13:16:35,937] Trial 425 finished with value: 0.5202616653819725 and parameters: {'learning_rate': 0.019979125111778188, 'depth': 4, 'l2_leaf_reg': 2.1585446351171127, 'min_child_samples': 16}. Best is trial 119 with value: 0.464659168888221.
[I 2025-03-12 13:16:40,690] Trial 426 finished with value: 0.4719888385658162 and parameters: {'learning_rate': 0.01650670986259834, 'depth': 8, 'l2_leaf_reg': 2.067566805833663, 'min_child_samples': 1}. Best is trial 119 with value: 0.464659168888221.
[I 2025-03-12 13:16:45,997] Trial 427 finished with value: 0.46904368749065817 and parameters: {'learning_rate': 0.019302458987869395, 'depth': 9, 'l2_leaf_reg': 2.403669775605226, 'min_child_samples': 4}. Best is trial 119 with value: 0.464659168888221.
[I 2025-03-12 13:16:51,558] Trial 428 finished with value: 0.4673183942454102 and parameters: {'learning_rate': 0.0196414407522617, 'depth': 10, 'l2_leaf_reg': 2.4848886983260474, 'min_child_samples': 4}. Best is trial 119 with value: 0.464659168888221.
[I 2025-03-12 13:16:57,213] Trial 429 finished with value: 0.46728686071377185 and parameters: {'learning_rate': 0.018997679286341888, 'depth': 9, 'l2_leaf_reg': 1.8922067710199149, 'min_child_samples': 8}. Best is trial 119 with value: 0.464659168888221.
[I 2025-03-12 13:17:02,986] Trial 430 finished with value: 0.4698677597259405 and parameters: {'learning_rate': 0.01959454009776738, 'depth': 10, 'l2_leaf_reg': 2.2697457229364164, 'min_child_samples': 1}. Best is trial 119 with value: 0.464659168888221.
[I 2025-03-12 13:17:08,068] Trial 431 finished with value: 0.4688768317596318 and parameters: {'learning_rate': 0.018505826616683683, 'depth': 9, 'l2_leaf_reg': 2.019865147167832, 'min_child_samples': 4}. Best is trial 119 with value: 0.464659168888221.
[I 2025-03-12 13:17:12,552] Trial 432 finished with value: 0.46792314658107265 and parameters: {'learning_rate': 0.01922972110999669, 'depth': 8, 'l2_leaf_reg': 1.8583653566041614, 'min_child_samples': 16}. Best is trial 119 with value: 0.464659168888221.
[I 2025-03-12 13:17:18,589] Trial 433 finished with value: 0.46718949016330324 and parameters: {'learning_rate': 0.01963886296356134, 'depth': 10, 'l2_leaf_reg': 2.3524655216033983, 'min_child_samples': 4}. Best is trial 119 with value: 0.464659168888221.
[I 2025-03-12 13:17:23,726] Trial 434 finished with value: 0.516044055387542 and parameters: {'learning_rate': 0.0062728574157361276, 'depth': 9, 'l2_leaf_reg': 1.959079449679289, 'min_child_samples': 1}. Best is trial 119 with value: 0.464659168888221.
[I 2025-03-12 13:17:30,603] Trial 435 finished with value: 0.4736219051253693 and parameters: {'learning_rate': 0.019996027484878554, 'depth': 11, 'l2_leaf_reg': 2.117951493108499, 'min_child_samples': 4}. Best is trial 119 with value: 0.464659168888221.
[I 2025-03-12 13:17:36,369] Trial 436 finished with value: 0.4676361809891437 and parameters: {'learning_rate': 0.01889463424743274, 'depth': 9, 'l2_leaf_reg': 1.7815634453979872, 'min_child_samples': 4}. Best is trial 119 with value: 0.464659168888221.
[I 2025-03-12 13:17:42,254] Trial 437 finished with value: 0.47108340277107247 and parameters: {'learning_rate': 0.019330581312246024, 'depth': 10, 'l2_leaf_reg': 1.8977055004381187, 'min_child_samples': 8}. Best is trial 119 with value: 0.464659168888221.
[I 2025-03-12 13:17:48,030] Trial 438 finished with value: 0.4682033837604097 and parameters: {'learning_rate': 0.019671376099151563, 'depth': 9, 'l2_leaf_reg': 1.6925274223767723, 'min_child_samples': 1}. Best is trial 119 with value: 0.464659168888221.
[I 2025-03-12 13:18:00,143] Trial 439 finished with value: 0.48967263856426935 and parameters: {'learning_rate': 0.018767211856642225, 'depth': 13, 'l2_leaf_reg': 2.5535410761878463, 'min_child_samples': 16}. Best is trial 119 with value: 0.464659168888221.
[I 2025-03-12 13:18:20,752] Trial 440 finished with value: 0.4659988693026992 and parameters: {'learning_rate': 0.01999883559125148, 'depth': 10, 'l2_leaf_reg': 2.206841329574827, 'min_child_samples': 4}. Best is trial 119 with value: 0.464659168888221.
[I 2025-03-12 13:18:25,702] Trial 441 finished with value: 0.4692462553322775 and parameters: {'learning_rate': 0.019237585882717168, 'depth': 8, 'l2_leaf_reg': 2.1879812983401012, 'min_child_samples': 4}. Best is trial 119 with value: 0.464659168888221.
[I 2025-03-12 13:18:30,819] Trial 442 finished with value: 0.46871923210986677 and parameters: {'learning_rate': 0.01834103967597001, 'depth': 9, 'l2_leaf_reg': 2.2387951417379095, 'min_child_samples': 1}. Best is trial 119 with value: 0.464659168888221.
[I 2025-03-12 13:18:43,916] Trial 443 finished with value: 0.46818992571250484 and parameters: {'learning_rate': 0.019995668557379827, 'depth': 10, 'l2_leaf_reg': 2.1337656027267395, 'min_child_samples': 4}. Best is trial 119 with value: 0.464659168888221.
[I 2025-03-12 13:18:59,109] Trial 444 finished with value: 0.4680892313037681 and parameters: {'learning_rate': 0.019429250103560246, 'depth': 9, 'l2_leaf_reg': 2.081508941282702, 'min_child_samples': 4}. Best is trial 119 with value: 0.464659168888221.
[I 2025-03-12 13:19:13,271] Trial 445 finished with value: 0.4685399951470082 and parameters: {'learning_rate': 0.019051399222791948, 'depth': 8, 'l2_leaf_reg': 2.1702929372728796, 'min_child_samples': 1}. Best is trial 119 with value: 0.464659168888221.
[I 2025-03-12 13:19:27,090] Trial 446 finished with value: 0.4688786393630121 and parameters: {'learning_rate': 0.019620089088831453, 'depth': 9, 'l2_leaf_reg': 2.018634216037616, 'min_child_samples': 16}. Best is trial 119 with value: 0.464659168888221.
[I 2025-03-12 13:19:33,738] Trial 447 finished with value: 0.4704575163007266 and parameters: {'learning_rate': 0.01867187246054195, 'depth': 10, 'l2_leaf_reg': 1.9531277846375834, 'min_child_samples': 4}. Best is trial 119 with value: 0.464659168888221.
[I 2025-03-12 13:19:41,908] Trial 448 finished with value: 0.47904728585781237 and parameters: {'learning_rate': 0.019617567858356146, 'depth': 12, 'l2_leaf_reg': 1.8374556933977328, 'min_child_samples': 8}. Best is trial 119 with value: 0.464659168888221.
