[I 2025-03-12 12:38:59,644] Trial 19 finished with value: 0.5057322881649234 and parameters: {'learning_rate': 0.006878230155985907, 'depth': 9, 'l2_leaf_reg': 1.2422437061108191, 'min_child_samples': 4}. Best is trial 12 with value: 0.4687177561542697.
[I 2025-03-12 12:39:04,052] Trial 20 finished with value: 0.47561513308598313 and parameters: {'learning_rate': 0.014693144190042194, 'depth': 11, 'l2_leaf_reg': 2.6727103955094096, 'min_child_samples': 16}. Best is trial 12 with value: 0.4687177561542697.
[I 2025-03-12 12:39:06,938] Trial 21 finished with value: 0.46656822100437334 and parameters: {'learning_rate': 0.019918779672853305, 'depth': 9, 'l2_leaf_reg': 1.9685831392880224, 'min_child_samples': 1}. Best is trial 21 with value: 0.46656822100437334.
[I 2025-03-12 12:39:09,620] Trial 22 finished with value: 0.4686070411035363 and parameters: {'learning_rate': 0.019403131807803783, 'depth': 8, 'l2_leaf_reg': 1.8299981391343283, 'min_child_samples': 1}. Best is trial 21 with value: 0.46656822100437334.
[I 2025-03-12 12:39:12,275] Trial 23 finished with value: 0.470760569145552 and parameters: {'learning_rate': 0.016973866349463865, 'depth': 8, 'l2_leaf_reg': 1.7907541372385936, 'min_child_samples': 1}. Best is trial 21 with value: 0.46656822100437334.
[I 2025-03-12 12:39:14,704] Trial 24 finished with value: 0.48612819173724764 and parameters: {'learning_rate': 0.018095123165288184, 'depth': 6, 'l2_leaf_reg': 1.235360772687353, 'min_child_samples': 32}. Best is trial 21 with value: 0.46656822100437334.
[I 2025-03-12 12:39:17,374] Trial 25 finished with value: 0.47412286400547043 and parameters: {'learning_rate': 0.015407396357314977, 'depth': 8, 'l2_leaf_reg': 1.6985718299889736, 'min_child_samples': 1}. Best is trial 21 with value: 0.46656822100437334.
[I 2025-03-12 12:39:20,570] Trial 26 finished with value: 0.46780028506086374 and parameters: {'learning_rate': 0.019918410867064966, 'depth': 9, 'l2_leaf_reg': 0.01158377280749523, 'min_child_samples': 1}. Best is trial 21 with value: 0.46656822100437334.
[I 2025-03-12 12:39:30,197] Trial 27 finished with value: 0.4883103638440562 and parameters: {'learning_rate': 0.017953107799532197, 'depth': 13, 'l2_leaf_reg': 0.20977769512342204, 'min_child_samples': 1}. Best is trial 21 with value: 0.46656822100437334.
[I 2025-03-12 12:39:32,284] Trial 28 finished with value: 0.5057023148961203 and parameters: {'learning_rate': 0.01141312761542034, 'depth': 6, 'l2_leaf_reg': 2.3720407441864677, 'min_child_samples': 1}. Best is trial 21 with value: 0.46656822100437334.
[I 2025-03-12 12:39:34,245] Trial 29 finished with value: 0.7050055671369203 and parameters: {'learning_rate': 0.006978188669479941, 'depth': 3, 'l2_leaf_reg': 0.8447523711658672, 'min_child_samples': 8}. Best is trial 21 with value: 0.46656822100437334.
[I 2025-03-12 12:39:36,218] Trial 30 finished with value: 0.5501855402743512 and parameters: {'learning_rate': 0.00935980374931837, 'depth': 5, 'l2_leaf_reg': 0.03539219044031168, 'min_child_samples': 16}. Best is trial 21 with value: 0.46656822100437334.
[I 2025-03-12 12:39:39,290] Trial 31 finished with value: 0.467265786357135 and parameters: {'learning_rate': 0.019961288003068796, 'depth': 9, 'l2_leaf_reg': 2.0237777588082553, 'min_child_samples': 1}. Best is trial 21 with value: 0.46656822100437334.
[I 2025-03-12 12:39:41,741] Trial 32 finished with value: 0.4778401996582194 and parameters: {'learning_rate': 0.01603401965439289, 'depth': 7, 'l2_leaf_reg': 2.1356188259360556, 'min_child_samples': 1}. Best is trial 21 with value: 0.46656822100437334.
[I 2025-03-12 12:39:44,493] Trial 33 finished with value: 0.4673975755922459 and parameters: {'learning_rate': 0.01839108992236932, 'depth': 9, 'l2_leaf_reg': 1.9000163409916426, 'min_child_samples': 1}. Best is trial 21 with value: 0.46656822100437334.
[I 2025-03-12 12:39:49,118] Trial 34 finished with value: 0.47434160080075627 and parameters: {'learning_rate': 0.014363708792554813, 'depth': 11, 'l2_leaf_reg': 2.537475408665971, 'min_child_samples': 4}. Best is trial 21 with value: 0.46656822100437334.
[I 2025-03-12 12:39:52,106] Trial 35 finished with value: 0.468189689249456 and parameters: {'learning_rate': 0.0177585550967111, 'depth': 9, 'l2_leaf_reg': 1.0019790358170853, 'min_child_samples': 1}. Best is trial 21 with value: 0.46656822100437334.
[I 2025-03-12 12:39:56,653] Trial 36 finished with value: 0.4754386491027206 and parameters: {'learning_rate': 0.018626298912478134, 'depth': 11, 'l2_leaf_reg': 0.6577872716957607, 'min_child_samples': 8}. Best is trial 21 with value: 0.46656822100437334.
[I 2025-03-12 12:39:58,998] Trial 37 finished with value: 0.4773467806225921 and parameters: {'learning_rate': 0.01867743529974807, 'depth': 7, 'l2_leaf_reg': 2.011368624718502, 'min_child_samples': 32}. Best is trial 21 with value: 0.46656822100437334.
[I 2025-03-12 12:40:07,833] Trial 38 finished with value: 0.4928104421363509 and parameters: {'learning_rate': 0.017203762526910277, 'depth': 13, 'l2_leaf_reg': 1.3648413918726217, 'min_child_samples': 1}. Best is trial 21 with value: 0.46656822100437334.
[I 2025-03-12 12:40:10,705] Trial 39 finished with value: 0.48850757467691563 and parameters: {'learning_rate': 0.008817837048612748, 'depth': 9, 'l2_leaf_reg': 2.2302946203796603, 'min_child_samples': 4}. Best is trial 21 with value: 0.46656822100437334.
[I 2025-03-12 12:40:26,685] Trial 40 finished with value: 0.5135735956564769 and parameters: {'learning_rate': 0.0118436778066605, 'depth': 14, 'l2_leaf_reg': 0.584611033480983, 'min_child_samples': 8}. Best is trial 21 with value: 0.46656822100437334.
[I 2025-03-12 12:40:29,461] Trial 41 finished with value: 0.46762823781055396 and parameters: {'learning_rate': 0.017671245778880868, 'depth': 9, 'l2_leaf_reg': 1.1195466349151704, 'min_child_samples': 1}. Best is trial 21 with value: 0.46656822100437334.
[I 2025-03-12 12:40:34,085] Trial 42 finished with value: 0.4736180911997035 and parameters: {'learning_rate': 0.015611793471084427, 'depth': 11, 'l2_leaf_reg': 1.668434283686714, 'min_child_samples': 1}. Best is trial 21 with value: 0.46656822100437334.
[I 2025-03-12 12:40:36,316] Trial 43 finished with value: 0.4756713487543193 and parameters: {'learning_rate': 0.01900406109600015, 'depth': 7, 'l2_leaf_reg': 1.9094931706011906, 'min_child_samples': 1}. Best is trial 21 with value: 0.46656822100437334.
[I 2025-03-12 12:40:39,425] Trial 44 finished with value: 0.47153054334965694 and parameters: {'learning_rate': 0.013819347973421645, 'depth': 9, 'l2_leaf_reg': 0.22512671546548424, 'min_child_samples': 1}. Best is trial 21 with value: 0.46656822100437334.
[I 2025-03-12 12:40:45,615] Trial 45 finished with value: 0.47782741123662986 and parameters: {'learning_rate': 0.01769539542104006, 'depth': 12, 'l2_leaf_reg': 1.045768645158501, 'min_child_samples': 1}. Best is trial 21 with value: 0.46656822100437334.
[I 2025-03-12 12:40:49,268] Trial 46 finished with value: 0.46599541739077566 and parameters: {'learning_rate': 0.019931416760303508, 'depth': 10, 'l2_leaf_reg': 2.2433330671150764, 'min_child_samples': 16}. Best is trial 46 with value: 0.46599541739077566.
[I 2025-03-12 12:40:52,495] Trial 47 finished with value: 0.8577305145907018 and parameters: {'learning_rate': 0.0018987103965128066, 'depth': 10, 'l2_leaf_reg': 2.879650938319145, 'min_child_samples': 16}. Best is trial 46 with value: 0.46599541739077566.
[I 2025-03-12 12:40:55,115] Trial 48 finished with value: 0.4701848467182922 and parameters: {'learning_rate': 0.01877594184171374, 'depth': 8, 'l2_leaf_reg': 2.2188177303499366, 'min_child_samples': 16}. Best is trial 46 with value: 0.46599541739077566.
[I 2025-03-12 12:40:58,920] Trial 49 finished with value: 0.47003062150613917 and parameters: {'learning_rate': 0.01618500435888585, 'depth': 10, 'l2_leaf_reg': 2.4837009298944417, 'min_child_samples': 16}. Best is trial 46 with value: 0.46599541739077566.
[I 2025-03-12 12:41:02,400] Trial 50 finished with value: 0.4705573271135966 and parameters: {'learning_rate': 0.018929925246284666, 'depth': 10, 'l2_leaf_reg': 1.6853826280772617, 'min_child_samples': 16}. Best is trial 46 with value: 0.46599541739077566.
[I 2025-03-12 12:41:05,444] Trial 51 finished with value: 0.46746106146151084 and parameters: {'learning_rate': 0.019935497522565092, 'depth': 9, 'l2_leaf_reg': 1.9904361099696894, 'min_child_samples': 1}. Best is trial 46 with value: 0.46599541739077566.
[I 2025-03-12 12:41:08,227] Trial 52 finished with value: 0.4681697716358995 and parameters: {'learning_rate': 0.019940537367344847, 'depth': 8, 'l2_leaf_reg': 1.4251290362813305, 'min_child_samples': 1}. Best is trial 46 with value: 0.46599541739077566.
[I 2025-03-12 12:41:12,876] Trial 53 finished with value: 0.4719472519063331 and parameters: {'learning_rate': 0.017976441915481416, 'depth': 11, 'l2_leaf_reg': 1.959412930442466, 'min_child_samples': 32}. Best is trial 46 with value: 0.46599541739077566.
[I 2025-03-12 12:41:19,121] Trial 54 finished with value: 0.4774923299845304 and parameters: {'learning_rate': 0.01917144194280351, 'depth': 12, 'l2_leaf_reg': 2.3149055321620606, 'min_child_samples': 1}. Best is trial 46 with value: 0.46599541739077566.
[I 2025-03-12 12:41:22,117] Trial 55 finished with value: 0.4709959739199358 and parameters: {'learning_rate': 0.016776779960935486, 'depth': 9, 'l2_leaf_reg': 2.1554924372502526, 'min_child_samples': 16}. Best is trial 46 with value: 0.46599541739077566.
[I 2025-03-12 12:41:24,795] Trial 56 finished with value: 0.46770238517992646 and parameters: {'learning_rate': 0.01995519357273063, 'depth': 8, 'l2_leaf_reg': 2.0539077163417936, 'min_child_samples': 1}. Best is trial 46 with value: 0.46599541739077566.
[I 2025-03-12 12:41:27,236] Trial 57 finished with value: 0.477846059608315 and parameters: {'learning_rate': 0.018427100901921463, 'depth': 7, 'l2_leaf_reg': 1.8572370596677852, 'min_child_samples': 4}. Best is trial 46 with value: 0.46599541739077566.
[I 2025-03-12 12:41:30,862] Trial 58 finished with value: 0.4688388350133889 and parameters: {'learning_rate': 0.01746283379410041, 'depth': 10, 'l2_leaf_reg': 1.5936971312899817, 'min_child_samples': 1}. Best is trial 46 with value: 0.46599541739077566.
[I 2025-03-12 12:41:34,619] Trial 59 finished with value: 0.46865241294119714 and parameters: {'learning_rate': 0.019275918348113125, 'depth': 10, 'l2_leaf_reg': 2.4568405973723952, 'min_child_samples': 1}. Best is trial 46 with value: 0.46599541739077566.
[I 2025-03-12 12:41:37,725] Trial 60 finished with value: 0.4693502671491071 and parameters: {'learning_rate': 0.0167874063008138, 'depth': 9, 'l2_leaf_reg': 1.7669001711922958, 'min_child_samples': 8}. Best is trial 46 with value: 0.46599541739077566.
[I 2025-03-12 12:41:40,441] Trial 61 finished with value: 0.4673151471801754 and parameters: {'learning_rate': 0.019899919294434073, 'depth': 8, 'l2_leaf_reg': 2.0374538277484713, 'min_child_samples': 1}. Best is trial 46 with value: 0.46599541739077566.
[I 2025-03-12 12:41:43,013] Trial 62 finished with value: 0.46872868404646256 and parameters: {'learning_rate': 0.019287599865352095, 'depth': 8, 'l2_leaf_reg': 1.9898877389097556, 'min_child_samples': 1}. Best is trial 46 with value: 0.46599541739077566.
[I 2025-03-12 12:41:45,280] Trial 63 finished with value: 0.48660320289642206 and parameters: {'learning_rate': 0.01805710700444536, 'depth': 6, 'l2_leaf_reg': 2.2688481460386023, 'min_child_samples': 1}. Best is trial 46 with value: 0.46599541739077566.
[I 2025-03-12 12:41:47,824] Trial 64 finished with value: 0.4727960706322348 and parameters: {'learning_rate': 0.019471357935154227, 'depth': 7, 'l2_leaf_reg': 2.139822307102549, 'min_child_samples': 1}. Best is trial 46 with value: 0.46599541739077566.
[I 2025-03-12 12:41:50,517] Trial 65 finished with value: 0.552685087995699 and parameters: {'learning_rate': 0.0048700018850341, 'depth': 9, 'l2_leaf_reg': 1.8835590669440792, 'min_child_samples': 1}. Best is trial 46 with value: 0.46599541739077566.
[I 2025-03-12 12:41:54,170] Trial 66 finished with value: 0.4704459770443627 and parameters: {'learning_rate': 0.01838026911677008, 'depth': 10, 'l2_leaf_reg': 2.3843293081685673, 'min_child_samples': 1}. Best is trial 46 with value: 0.46599541739077566.
[I 2025-03-12 12:41:56,464] Trial 67 finished with value: 0.49930611929541363 and parameters: {'learning_rate': 0.019997509720150897, 'depth': 5, 'l2_leaf_reg': 1.1106183274863537, 'min_child_samples': 32}. Best is trial 46 with value: 0.46599541739077566.
[I 2025-03-12 12:42:01,092] Trial 68 finished with value: 0.4739735403734508 and parameters: {'learning_rate': 0.017323716667925045, 'depth': 11, 'l2_leaf_reg': 1.7505143009416049, 'min_child_samples': 16}. Best is trial 46 with value: 0.46599541739077566.
[I 2025-03-12 12:42:03,550] Trial 69 finished with value: 0.4688205741875402 and parameters: {'learning_rate': 0.018630997783495327, 'depth': 8, 'l2_leaf_reg': 2.6249664737347684, 'min_child_samples': 1}. Best is trial 46 with value: 0.46599541739077566.
[I 2025-03-12 12:42:06,572] Trial 70 finished with value: 0.46819133533555723 and parameters: {'learning_rate': 0.019160164274619775, 'depth': 9, 'l2_leaf_reg': 1.3629715542397831, 'min_child_samples': 1}. Best is trial 46 with value: 0.46599541739077566.
[I 2025-03-12 12:42:09,453] Trial 71 finished with value: 0.4693948724173202 and parameters: {'learning_rate': 0.019721071957653276, 'depth': 8, 'l2_leaf_reg': 2.056334669631263, 'min_child_samples': 1}. Best is trial 46 with value: 0.46599541739077566.
[I 2025-03-12 12:42:12,257] Trial 72 finished with value: 0.4684577997821705 and parameters: {'learning_rate': 0.019952622813873656, 'depth': 8, 'l2_leaf_reg': 2.049525417314265, 'min_child_samples': 1}. Best is trial 46 with value: 0.46599541739077566.
[I 2025-03-12 12:42:15,357] Trial 73 finished with value: 0.46852652602243466 and parameters: {'learning_rate': 0.018319660751836667, 'depth': 9, 'l2_leaf_reg': 2.1741005774218936, 'min_child_samples': 1}. Best is trial 46 with value: 0.46599541739077566.
[I 2025-03-12 12:42:17,534] Trial 74 finished with value: 0.47620722014024 and parameters: {'learning_rate': 0.01943194787119947, 'depth': 7, 'l2_leaf_reg': 1.6086677371610114, 'min_child_samples': 1}. Best is trial 46 with value: 0.46599541739077566.
[I 2025-03-12 12:42:21,207] Trial 75 finished with value: 0.47043474922835327 and parameters: {'learning_rate': 0.017714909576989436, 'depth': 10, 'l2_leaf_reg': 2.321380376443158, 'min_child_samples': 1}. Best is trial 46 with value: 0.46599541739077566.
[I 2025-03-12 12:42:23,988] Trial 76 finished with value: 0.4696267276755283 and parameters: {'learning_rate': 0.018637442551655805, 'depth': 8, 'l2_leaf_reg': 1.9240888632869313, 'min_child_samples': 4}. Best is trial 46 with value: 0.46599541739077566.
[I 2025-03-12 12:42:25,798] Trial 77 finished with value: 0.865696489689663 and parameters: {'learning_rate': 0.016340252854846537, 'depth': 1, 'l2_leaf_reg': 2.073983964668978, 'min_child_samples': 1}. Best is trial 46 with value: 0.46599541739077566.
[I 2025-03-12 12:42:27,937] Trial 78 finished with value: 0.4838084736428169 and parameters: {'learning_rate': 0.019518995716659732, 'depth': 6, 'l2_leaf_reg': 1.4753872182756615, 'min_child_samples': 1}. Best is trial 46 with value: 0.46599541739077566.
[I 2025-03-12 12:42:30,937] Trial 79 finished with value: 0.4734593853056856 and parameters: {'learning_rate': 0.015020127082156868, 'depth': 9, 'l2_leaf_reg': 1.9883084751227165, 'min_child_samples': 16}. Best is trial 46 with value: 0.46599541739077566.
[I 2025-03-12 12:42:35,731] Trial 80 finished with value: 0.4730072640265077 and parameters: {'learning_rate': 0.018939615109114735, 'depth': 11, 'l2_leaf_reg': 0.9066318956927135, 'min_child_samples': 8}. Best is trial 46 with value: 0.46599541739077566.
[I 2025-03-12 12:42:38,865] Trial 81 finished with value: 0.4661563480067151 and parameters: {'learning_rate': 0.019940990486569967, 'depth': 9, 'l2_leaf_reg': 1.8330951490397576, 'min_child_samples': 1}. Best is trial 46 with value: 0.46599541739077566.
[I 2025-03-12 12:42:41,797] Trial 82 finished with value: 0.4661558513070019 and parameters: {'learning_rate': 0.019940337486737562, 'depth': 9, 'l2_leaf_reg': 1.7834730549292508, 'min_child_samples': 1}. Best is trial 46 with value: 0.46599541739077566.
[I 2025-03-12 12:42:45,540] Trial 83 finished with value: 0.47038601310909095 and parameters: {'learning_rate': 0.01820726669679513, 'depth': 10, 'l2_leaf_reg': 1.8223622405130502, 'min_child_samples': 1}. Best is trial 46 with value: 0.46599541739077566.
[I 2025-03-12 12:42:48,422] Trial 84 finished with value: 0.46878274827185934 and parameters: {'learning_rate': 0.018985499412407247, 'depth': 9, 'l2_leaf_reg': 1.7365823552490451, 'min_child_samples': 1}. Best is trial 46 with value: 0.46599541739077566.
[I 2025-03-12 12:43:40,734] Trial 85 finished with value: 0.5767700366474073 and parameters: {'learning_rate': 0.01949668500535611, 'depth': 16, 'l2_leaf_reg': 1.6487042528365565, 'min_child_samples': 1}. Best is trial 46 with value: 0.46599541739077566.
[I 2025-03-12 12:43:43,394] Trial 86 finished with value: 0.46654552905958785 and parameters: {'learning_rate': 0.01764119993129718, 'depth': 9, 'l2_leaf_reg': 1.9262952722289552, 'min_child_samples': 1}. Best is trial 46 with value: 0.46599541739077566.
[I 2025-03-12 12:43:47,067] Trial 87 finished with value: 0.4725634370311172 and parameters: {'learning_rate': 0.012564012208595179, 'depth': 10, 'l2_leaf_reg': 1.8894073643485079, 'min_child_samples': 32}. Best is trial 46 with value: 0.46599541739077566.
[I 2025-03-12 12:43:51,582] Trial 88 finished with value: 0.4734026241964898 and parameters: {'learning_rate': 0.01714409104519769, 'depth': 11, 'l2_leaf_reg': 2.20397988034286, 'min_child_samples': 1}. Best is trial 46 with value: 0.46599541739077566.
[I 2025-03-12 12:43:54,805] Trial 89 finished with value: 0.46962789361215157 and parameters: {'learning_rate': 0.018757358070906283, 'depth': 9, 'l2_leaf_reg': 1.8167354973979182, 'min_child_samples': 1}. Best is trial 46 with value: 0.46599541739077566.
[I 2025-03-12 12:43:57,291] Trial 90 finished with value: 0.470193191756537 and parameters: {'learning_rate': 0.01942669470496035, 'depth': 8, 'l2_leaf_reg': 1.9359329373333347, 'min_child_samples': 16}. Best is trial 46 with value: 0.46599541739077566.
[I 2025-03-12 12:44:00,371] Trial 91 finished with value: 0.4700018691790172 and parameters: {'learning_rate': 0.017696946730277177, 'depth': 9, 'l2_leaf_reg': 2.108621179313946, 'min_child_samples': 1}. Best is trial 46 with value: 0.46599541739077566.
[I 2025-03-12 12:44:04,146] Trial 92 finished with value: 0.4709380607150531 and parameters: {'learning_rate': 0.01835162989235246, 'depth': 10, 'l2_leaf_reg': 0.6952331026358347, 'min_child_samples': 1}. Best is trial 46 with value: 0.46599541739077566.
[I 2025-03-12 12:44:06,966] Trial 93 finished with value: 0.4680457770113468 and parameters: {'learning_rate': 0.01965527154867484, 'depth': 9, 'l2_leaf_reg': 1.9875917461437231, 'min_child_samples': 1}. Best is trial 46 with value: 0.46599541739077566.
[I 2025-03-12 12:44:10,444] Trial 94 finished with value: 0.4692167196208305 and parameters: {'learning_rate': 0.019996212283812622, 'depth': 10, 'l2_leaf_reg': 1.7439828426315889, 'min_child_samples': 1}. Best is trial 46 with value: 0.46599541739077566.
[I 2025-03-12 12:44:12,866] Trial 95 finished with value: 0.4747422207748087 and parameters: {'learning_rate': 0.01896317000296671, 'depth': 7, 'l2_leaf_reg': 1.5497850475357593, 'min_child_samples': 1}. Best is trial 46 with value: 0.46599541739077566.
[I 2025-03-12 12:44:15,693] Trial 96 finished with value: 0.47138094796984686 and parameters: {'learning_rate': 0.01793540445402646, 'depth': 8, 'l2_leaf_reg': 1.8385484405701245, 'min_child_samples': 4}. Best is trial 46 with value: 0.46599541739077566.
[I 2025-03-12 12:44:44,851] Trial 97 finished with value: 0.46995007571160496 and parameters: {'learning_rate': 0.01737114709165495, 'depth': 9, 'l2_leaf_reg': 2.238522142994283, 'min_child_samples': 1}. Best is trial 46 with value: 0.46599541739077566.
[I 2025-03-12 12:45:39,844] Trial 98 finished with value: 0.4688962508140518 and parameters: {'learning_rate': 0.01566750304324512, 'depth': 10, 'l2_leaf_reg': 2.119537423244588, 'min_child_samples': 1}. Best is trial 46 with value: 0.46599541739077566.
[I 2025-03-12 12:45:52,568] Trial 99 finished with value: 0.47788143443581726 and parameters: {'learning_rate': 0.016753608324038168, 'depth': 12, 'l2_leaf_reg': 1.3199963235091854, 'min_child_samples': 8}. Best is trial 46 with value: 0.46599541739077566.
[I 2025-03-12 12:46:21,737] Trial 100 finished with value: 0.46643881169466667 and parameters: {'learning_rate': 0.01915200961462771, 'depth': 9, 'l2_leaf_reg': 2.0086758802771465, 'min_child_samples': 16}. Best is trial 46 with value: 0.46599541739077566.
[I 2025-03-12 12:46:26,215] Trial 101 finished with value: 0.468824956586781 and parameters: {'learning_rate': 0.019166345543184745, 'depth': 9, 'l2_leaf_reg': 2.0303845569881314, 'min_child_samples': 16}. Best is trial 46 with value: 0.46599541739077566.
[I 2025-03-12 12:46:33,561] Trial 102 finished with value: 0.49630670060195864 and parameters: {'learning_rate': 0.008486487833232586, 'depth': 8, 'l2_leaf_reg': 1.9452544151764837, 'min_child_samples': 16}. Best is trial 46 with value: 0.46599541739077566.
[I 2025-03-12 12:46:36,974] Trial 103 finished with value: 0.4710209666799064 and parameters: {'learning_rate': 0.018551082458126866, 'depth': 9, 'l2_leaf_reg': 1.8827973786653358, 'min_child_samples': 16}. Best is trial 46 with value: 0.46599541739077566.
[I 2025-03-12 12:46:40,871] Trial 104 finished with value: 0.47763517290220553 and parameters: {'learning_rate': 0.010337990301649351, 'depth': 10, 'l2_leaf_reg': 1.67207391609087, 'min_child_samples': 16}. Best is trial 46 with value: 0.46599541739077566.
