[I 2025-03-12 09:49:27,524] Trial 83 finished with value: 0.27694786473512667 and parameters: {'learning_rate': 0.013292909980007692, 'depth': 14, 'l2_leaf_reg': 1.1929814439823425, 'min_child_samples': 4}. Best is trial 31 with value: 0.2738659998400793.
[I 2025-03-12 09:49:55,854] Trial 84 finished with value: 0.2854042134470472 and parameters: {'learning_rate': 0.01651916077623444, 'depth': 15, 'l2_leaf_reg': 1.2592668700170206, 'min_child_samples': 1}. Best is trial 31 with value: 0.2738659998400793.
[I 2025-03-12 09:50:01,599] Trial 85 finished with value: 0.27771078861279813 and parameters: {'learning_rate': 0.015711268332570926, 'depth': 12, 'l2_leaf_reg': 0.9725998510673961, 'min_child_samples': 8}. Best is trial 31 with value: 0.2738659998400793.
[I 2025-03-12 09:50:09,566] Trial 86 finished with value: 0.2750887479267381 and parameters: {'learning_rate': 0.014482305929602281, 'depth': 13, 'l2_leaf_reg': 1.7359018446482564, 'min_child_samples': 1}. Best is trial 31 with value: 0.2738659998400793.
[I 2025-03-12 09:50:18,143] Trial 87 finished with value: 0.27467417707113834 and parameters: {'learning_rate': 0.017265722452205985, 'depth': 13, 'l2_leaf_reg': 1.8497182318417786, 'min_child_samples': 1}. Best is trial 31 with value: 0.2738659998400793.
[I 2025-03-12 09:50:21,464] Trial 88 finished with value: 0.2822320738200406 and parameters: {'learning_rate': 0.019347724977445115, 'depth': 11, 'l2_leaf_reg': 1.7435586113341213, 'min_child_samples': 1}. Best is trial 31 with value: 0.2738659998400793.
[I 2025-03-12 09:50:29,618] Trial 89 finished with value: 0.27385233761730304 and parameters: {'learning_rate': 0.017144347597330415, 'depth': 13, 'l2_leaf_reg': 1.8940673514062274, 'min_child_samples': 1}. Best is trial 89 with value: 0.27385233761730304.
[I 2025-03-12 09:50:34,485] Trial 90 finished with value: 0.2798852844253285 and parameters: {'learning_rate': 0.017213141810469876, 'depth': 12, 'l2_leaf_reg': 1.8450309899183863, 'min_child_samples': 1}. Best is trial 89 with value: 0.27385233761730304.
[I 2025-03-12 09:50:41,619] Trial 91 finished with value: 0.27646429098708386 and parameters: {'learning_rate': 0.01784120310449676, 'depth': 13, 'l2_leaf_reg': 1.9183571923003002, 'min_child_samples': 1}. Best is trial 89 with value: 0.27385233761730304.
[I 2025-03-12 09:50:50,077] Trial 92 finished with value: 0.27474217537147566 and parameters: {'learning_rate': 0.017919725045190845, 'depth': 13, 'l2_leaf_reg': 1.607879362770508, 'min_child_samples': 1}. Best is trial 89 with value: 0.27385233761730304.
[I 2025-03-12 09:50:55,724] Trial 93 finished with value: 0.2773382426741762 and parameters: {'learning_rate': 0.019092182393864877, 'depth': 12, 'l2_leaf_reg': 1.6148188297595245, 'min_child_samples': 1}. Best is trial 89 with value: 0.27385233761730304.
[I 2025-03-12 09:51:02,801] Trial 94 finished with value: 0.27725177385497257 and parameters: {'learning_rate': 0.018514893596385723, 'depth': 13, 'l2_leaf_reg': 2.0973033606244935, 'min_child_samples': 1}. Best is trial 89 with value: 0.27385233761730304.
[I 2025-03-12 09:51:09,947] Trial 95 finished with value: 0.27825550033587915 and parameters: {'learning_rate': 0.017923785801879054, 'depth': 13, 'l2_leaf_reg': 1.6930225963021461, 'min_child_samples': 1}. Best is trial 89 with value: 0.27385233761730304.
[I 2025-03-12 09:51:14,782] Trial 96 finished with value: 0.2783867017478099 and parameters: {'learning_rate': 0.019951573294326716, 'depth': 12, 'l2_leaf_reg': 1.8517686763302, 'min_child_samples': 1}. Best is trial 89 with value: 0.27385233761730304.
[I 2025-03-12 09:51:17,065] Trial 97 finished with value: 0.299056095560387 and parameters: {'learning_rate': 0.017090508403711298, 'depth': 7, 'l2_leaf_reg': 1.4306483587067111, 'min_child_samples': 1}. Best is trial 89 with value: 0.27385233761730304.
[I 2025-03-12 09:51:20,865] Trial 98 finished with value: 0.28779274895083046 and parameters: {'learning_rate': 0.016352607341502234, 'depth': 10, 'l2_leaf_reg': 1.5443629058652073, 'min_child_samples': 1}. Best is trial 89 with value: 0.27385233761730304.
[I 2025-03-12 09:51:29,827] Trial 99 finished with value: 0.27383805845585224 and parameters: {'learning_rate': 0.015598577228879373, 'depth': 13, 'l2_leaf_reg': 1.9565472785904077, 'min_child_samples': 1}. Best is trial 99 with value: 0.27383805845585224.
[I 2025-03-12 09:51:38,075] Trial 100 finished with value: 0.2739302585699634 and parameters: {'learning_rate': 0.015675760944950014, 'depth': 13, 'l2_leaf_reg': 2.3821578417613343, 'min_child_samples': 1}. Best is trial 99 with value: 0.27383805845585224.
[I 2025-03-12 09:51:47,625] Trial 101 finished with value: 0.27714064235258007 and parameters: {'learning_rate': 0.015550955327457922, 'depth': 13, 'l2_leaf_reg': 2.3297962914480346, 'min_child_samples': 1}. Best is trial 99 with value: 0.27383805845585224.
[I 2025-03-12 09:51:55,512] Trial 102 finished with value: 0.27792506769909864 and parameters: {'learning_rate': 0.01652210626305751, 'depth': 13, 'l2_leaf_reg': 2.683958553715751, 'min_child_samples': 1}. Best is trial 99 with value: 0.27383805845585224.
[I 2025-03-12 09:52:09,567] Trial 103 finished with value: 0.2776889609546043 and parameters: {'learning_rate': 0.016092931734514572, 'depth': 14, 'l2_leaf_reg': 2.0571265791698856, 'min_child_samples': 1}. Best is trial 99 with value: 0.27383805845585224.
[I 2025-03-12 09:52:14,194] Trial 104 finished with value: 0.2800969811602663 and parameters: {'learning_rate': 0.017550050314523842, 'depth': 12, 'l2_leaf_reg': 2.177719677886021, 'min_child_samples': 1}. Best is trial 99 with value: 0.27383805845585224.
[I 2025-03-12 09:52:18,708] Trial 105 finished with value: 0.28623161241556216 and parameters: {'learning_rate': 0.015061022220475093, 'depth': 11, 'l2_leaf_reg': 1.943439854558463, 'min_child_samples': 1}. Best is trial 99 with value: 0.27383805845585224.
[I 2025-03-12 09:52:21,398] Trial 106 finished with value: 0.2917363181539885 and parameters: {'learning_rate': 0.016720224786977215, 'depth': 8, 'l2_leaf_reg': 2.4428565511976132, 'min_child_samples': 1}. Best is trial 99 with value: 0.27383805845585224.
[I 2025-03-12 09:52:37,251] Trial 107 finished with value: 0.2794379854353481 and parameters: {'learning_rate': 0.014492611950432915, 'depth': 14, 'l2_leaf_reg': 2.005193811048781, 'min_child_samples': 1}. Best is trial 99 with value: 0.27383805845585224.
[I 2025-03-12 09:52:38,645] Trial 108 finished with value: 0.3815187749349436 and parameters: {'learning_rate': 0.015502459441687747, 'depth': 2, 'l2_leaf_reg': 2.7333284253710874, 'min_child_samples': 1}. Best is trial 99 with value: 0.27383805845585224.
[I 2025-03-12 09:52:40,842] Trial 109 finished with value: 0.30705484180264153 and parameters: {'learning_rate': 0.018265569110679305, 'depth': 6, 'l2_leaf_reg': 1.8013780606795948, 'min_child_samples': 1}. Best is trial 99 with value: 0.27383805845585224.
[I 2025-03-12 09:52:45,840] Trial 110 finished with value: 0.28228958314246205 and parameters: {'learning_rate': 0.01736648081309574, 'depth': 12, 'l2_leaf_reg': 1.8799300974097917, 'min_child_samples': 1}. Best is trial 99 with value: 0.27383805845585224.
[I 2025-03-12 09:52:54,638] Trial 111 finished with value: 0.27429289688297526 and parameters: {'learning_rate': 0.01473861324445616, 'depth': 13, 'l2_leaf_reg': 1.6836632815562278, 'min_child_samples': 32}. Best is trial 99 with value: 0.27383805845585224.
[I 2025-03-12 09:53:03,139] Trial 112 finished with value: 0.27304020440955434 and parameters: {'learning_rate': 0.014558822888858491, 'depth': 13, 'l2_leaf_reg': 1.6326303553593302, 'min_child_samples': 32}. Best is trial 112 with value: 0.27304020440955434.
[I 2025-03-12 09:53:11,307] Trial 113 finished with value: 0.27721577411191084 and parameters: {'learning_rate': 0.01613038841487463, 'depth': 13, 'l2_leaf_reg': 1.659595046079687, 'min_child_samples': 32}. Best is trial 112 with value: 0.27304020440955434.
[I 2025-03-12 09:53:26,087] Trial 114 finished with value: 0.2766416284380497 and parameters: {'learning_rate': 0.015325377302748728, 'depth': 14, 'l2_leaf_reg': 1.3189411108592397, 'min_child_samples': 32}. Best is trial 112 with value: 0.27304020440955434.
[I 2025-03-12 09:53:34,640] Trial 115 finished with value: 0.273182346953631 and parameters: {'learning_rate': 0.014898537726960096, 'depth': 13, 'l2_leaf_reg': 1.5917809264292853, 'min_child_samples': 32}. Best is trial 112 with value: 0.27304020440955434.
[I 2025-03-12 09:53:40,687] Trial 116 finished with value: 0.27967093477320526 and parameters: {'learning_rate': 0.01482987102336269, 'depth': 12, 'l2_leaf_reg': 1.4932516630739294, 'min_child_samples': 32}. Best is trial 112 with value: 0.27304020440955434.
[I 2025-03-12 09:53:49,269] Trial 117 finished with value: 0.27756636710757104 and parameters: {'learning_rate': 0.01603761594763471, 'depth': 13, 'l2_leaf_reg': 1.5857155839467565, 'min_child_samples': 32}. Best is trial 112 with value: 0.27304020440955434.
[I 2025-03-12 09:53:54,840] Trial 118 finished with value: 0.2795183469882295 and parameters: {'learning_rate': 0.016911050260387715, 'depth': 12, 'l2_leaf_reg': 1.6574988142326856, 'min_child_samples': 32}. Best is trial 112 with value: 0.27304020440955434.
[I 2025-03-12 09:54:04,484] Trial 119 finished with value: 0.27331417703193917 and parameters: {'learning_rate': 0.014027480948761507, 'depth': 13, 'l2_leaf_reg': 1.8051112035999615, 'min_child_samples': 32}. Best is trial 112 with value: 0.27304020440955434.
[I 2025-03-12 09:54:13,848] Trial 120 finished with value: 0.2754707878989029 and parameters: {'learning_rate': 0.014038932919446186, 'depth': 13, 'l2_leaf_reg': 1.8050884437963972, 'min_child_samples': 32}. Best is trial 112 with value: 0.27304020440955434.
[I 2025-03-12 09:54:23,323] Trial 121 finished with value: 0.2752760853655463 and parameters: {'learning_rate': 0.015115774345338609, 'depth': 13, 'l2_leaf_reg': 1.7077002649459077, 'min_child_samples': 32}. Best is trial 112 with value: 0.27304020440955434.
[I 2025-03-12 09:54:39,295] Trial 122 finished with value: 0.2754312904893692 and parameters: {'learning_rate': 0.015728006025869913, 'depth': 14, 'l2_leaf_reg': 1.5514125523462143, 'min_child_samples': 32}. Best is trial 112 with value: 0.27304020440955434.
[I 2025-03-12 09:54:48,061] Trial 123 finished with value: 0.2760683192347987 and parameters: {'learning_rate': 0.014182884362266966, 'depth': 13, 'l2_leaf_reg': 0.8538786221374466, 'min_child_samples': 16}. Best is trial 112 with value: 0.27304020440955434.
[I 2025-03-12 09:54:53,737] Trial 124 finished with value: 0.281407369957783 and parameters: {'learning_rate': 0.014625815203040998, 'depth': 12, 'l2_leaf_reg': 1.4811715794627553, 'min_child_samples': 32}. Best is trial 112 with value: 0.27304020440955434.
[I 2025-03-12 09:55:02,992] Trial 125 finished with value: 0.2752640611081564 and parameters: {'learning_rate': 0.016388784651936016, 'depth': 13, 'l2_leaf_reg': 1.9078206133547078, 'min_child_samples': 32}. Best is trial 112 with value: 0.27304020440955434.
[I 2025-03-12 09:55:15,437] Trial 126 finished with value: 0.2810975000690462 and parameters: {'learning_rate': 0.018030386952636278, 'depth': 14, 'l2_leaf_reg': 1.741083804648249, 'min_child_samples': 32}. Best is trial 112 with value: 0.27304020440955434.
[I 2025-03-12 09:55:23,150] Trial 127 finished with value: 0.2746632271477743 and parameters: {'learning_rate': 0.017533490678611048, 'depth': 13, 'l2_leaf_reg': 2.478437846456833, 'min_child_samples': 16}. Best is trial 112 with value: 0.27304020440955434.
[I 2025-03-12 09:55:28,975] Trial 128 finished with value: 0.28060068031941604 and parameters: {'learning_rate': 0.01527578843975599, 'depth': 12, 'l2_leaf_reg': 2.5051383829163734, 'min_child_samples': 16}. Best is trial 112 with value: 0.27304020440955434.
[I 2025-03-12 09:55:37,250] Trial 129 finished with value: 0.27575366777486343 and parameters: {'learning_rate': 0.015875301768011954, 'depth': 13, 'l2_leaf_reg': 2.625581332170418, 'min_child_samples': 16}. Best is trial 112 with value: 0.27304020440955434.
[I 2025-03-12 09:55:50,178] Trial 130 finished with value: 0.27794172668496686 and parameters: {'learning_rate': 0.01700997853797947, 'depth': 14, 'l2_leaf_reg': 2.274660228757916, 'min_child_samples': 16}. Best is trial 112 with value: 0.27304020440955434.
[I 2025-03-12 09:55:58,611] Trial 131 finished with value: 0.2762443189811038 and parameters: {'learning_rate': 0.014802429694302894, 'depth': 13, 'l2_leaf_reg': 2.3763506399207492, 'min_child_samples': 16}. Best is trial 112 with value: 0.27304020440955434.
[I 2025-03-12 09:56:06,530] Trial 132 finished with value: 0.27409058294878647 and parameters: {'learning_rate': 0.017709632318891964, 'depth': 13, 'l2_leaf_reg': 2.0051495280145617, 'min_child_samples': 4}. Best is trial 112 with value: 0.27304020440955434.
[I 2025-03-12 09:56:14,201] Trial 133 finished with value: 0.27688571268564877 and parameters: {'learning_rate': 0.018848079108217404, 'depth': 13, 'l2_leaf_reg': 2.1516305260702406, 'min_child_samples': 4}. Best is trial 112 with value: 0.27304020440955434.
[I 2025-03-12 09:56:19,596] Trial 134 finished with value: 0.27881926906613264 and parameters: {'learning_rate': 0.01761340233213956, 'depth': 12, 'l2_leaf_reg': 2.0232723986613648, 'min_child_samples': 4}. Best is trial 112 with value: 0.27304020440955434.
[I 2025-03-12 09:56:24,434] Trial 135 finished with value: 0.28081025090360556 and parameters: {'learning_rate': 0.01684128067489923, 'depth': 12, 'l2_leaf_reg': 2.231019045994879, 'min_child_samples': 4}. Best is trial 112 with value: 0.27304020440955434.
[I 2025-03-12 09:56:40,165] Trial 136 finished with value: 0.27609591514494514 and parameters: {'learning_rate': 0.013700009248530707, 'depth': 14, 'l2_leaf_reg': 1.8921403854382897, 'min_child_samples': 4}. Best is trial 112 with value: 0.27304020440955434.
[I 2025-03-12 09:56:48,404] Trial 137 finished with value: 0.2749632953258312 and parameters: {'learning_rate': 0.016381856353744735, 'depth': 13, 'l2_leaf_reg': 1.9743796176648787, 'min_child_samples': 32}. Best is trial 112 with value: 0.27304020440955434.
[I 2025-03-12 09:56:51,869] Trial 138 finished with value: 0.28501955950563557 and parameters: {'learning_rate': 0.015586383560949518, 'depth': 11, 'l2_leaf_reg': 1.7767794257546718, 'min_child_samples': 16}. Best is trial 112 with value: 0.27304020440955434.
[I 2025-03-12 09:57:01,447] Trial 139 finished with value: 0.28095567218574335 and parameters: {'learning_rate': 0.007563678647541994, 'depth': 13, 'l2_leaf_reg': 2.069306443314689, 'min_child_samples': 32}. Best is trial 112 with value: 0.27304020440955434.
[I 2025-03-12 09:57:17,418] Trial 140 finished with value: 0.27741357533462363 and parameters: {'learning_rate': 0.01722435913850213, 'depth': 14, 'l2_leaf_reg': 2.5032705216320736, 'min_child_samples': 32}. Best is trial 112 with value: 0.27304020440955434.
[I 2025-03-12 09:57:24,506] Trial 141 finished with value: 0.2761440155506008 and parameters: {'learning_rate': 0.017872827425978628, 'depth': 13, 'l2_leaf_reg': 1.643880226875511, 'min_child_samples': 16}. Best is trial 112 with value: 0.27304020440955434.
[I 2025-03-12 09:57:32,647] Trial 142 finished with value: 0.2754232449876192 and parameters: {'learning_rate': 0.01846813927667573, 'depth': 13, 'l2_leaf_reg': 2.8340029898916366, 'min_child_samples': 4}. Best is trial 112 with value: 0.27304020440955434.
[I 2025-03-12 09:57:40,374] Trial 143 finished with value: 0.27446375612936547 and parameters: {'learning_rate': 0.01730651530156404, 'depth': 13, 'l2_leaf_reg': 1.5960045450808702, 'min_child_samples': 32}. Best is trial 112 with value: 0.27304020440955434.
[I 2025-03-12 09:57:45,396] Trial 144 finished with value: 0.28005664077752057 and parameters: {'learning_rate': 0.016635304863430903, 'depth': 12, 'l2_leaf_reg': 1.8468926461994066, 'min_child_samples': 32}. Best is trial 112 with value: 0.27304020440955434.
[I 2025-03-12 09:57:53,663] Trial 145 finished with value: 0.27555653788321466 and parameters: {'learning_rate': 0.017416059458484668, 'depth': 13, 'l2_leaf_reg': 1.7655195798744194, 'min_child_samples': 32}. Best is trial 112 with value: 0.27304020440955434.
[I 2025-03-12 09:58:09,125] Trial 146 finished with value: 0.2757052897306291 and parameters: {'learning_rate': 0.01612566672839018, 'depth': 14, 'l2_leaf_reg': 1.9507217143775795, 'min_child_samples': 32}. Best is trial 112 with value: 0.27304020440955434.
[I 2025-03-12 09:58:15,132] Trial 147 finished with value: 0.2798098603554684 and parameters: {'learning_rate': 0.014311818135957197, 'depth': 12, 'l2_leaf_reg': 1.1335197662709424, 'min_child_samples': 32}. Best is trial 112 with value: 0.27304020440955434.
[I 2025-03-12 09:58:23,806] Trial 148 finished with value: 0.27426287568240504 and parameters: {'learning_rate': 0.015173844905452072, 'depth': 13, 'l2_leaf_reg': 1.7127757985534393, 'min_child_samples': 32}. Best is trial 112 with value: 0.27304020440955434.
[I 2025-03-12 09:58:33,227] Trial 149 finished with value: 0.2744226993307123 and parameters: {'learning_rate': 0.015173576623140976, 'depth': 13, 'l2_leaf_reg': 1.6992364500240682, 'min_child_samples': 32}. Best is trial 112 with value: 0.27304020440955434.
[I 2025-03-12 09:58:47,531] Trial 150 finished with value: 0.275998158537249 and parameters: {'learning_rate': 0.015205264968508807, 'depth': 14, 'l2_leaf_reg': 1.6905355280014533, 'min_child_samples': 32}. Best is trial 112 with value: 0.27304020440955434.
[I 2025-03-12 09:58:54,893] Trial 151 finished with value: 0.27774336153233503 and parameters: {'learning_rate': 0.01581645021344972, 'depth': 13, 'l2_leaf_reg': 1.5755404339551382, 'min_child_samples': 32}. Best is trial 112 with value: 0.27304020440955434.
[I 2025-03-12 09:59:04,460] Trial 152 finished with value: 0.2738558153371069 and parameters: {'learning_rate': 0.01490668133029052, 'depth': 13, 'l2_leaf_reg': 1.8226972862962232, 'min_child_samples': 32}. Best is trial 112 with value: 0.27304020440955434.
[I 2025-03-12 09:59:13,471] Trial 153 finished with value: 0.27374126074725463 and parameters: {'learning_rate': 0.014845152016552185, 'depth': 13, 'l2_leaf_reg': 1.7983688962855375, 'min_child_samples': 32}. Best is trial 112 with value: 0.27304020440955434.
[I 2025-03-12 09:59:21,958] Trial 154 finished with value: 0.2757973814887871 and parameters: {'learning_rate': 0.01480282987798667, 'depth': 13, 'l2_leaf_reg': 1.8201579094296718, 'min_child_samples': 32}. Best is trial 112 with value: 0.27304020440955434.
[I 2025-03-12 09:59:28,185] Trial 155 finished with value: 0.27862395152625596 and parameters: {'learning_rate': 0.013962944952525288, 'depth': 12, 'l2_leaf_reg': 1.7520523354537685, 'min_child_samples': 32}. Best is trial 112 with value: 0.27304020440955434.
[I 2025-03-12 09:59:37,315] Trial 156 finished with value: 0.276614098442666 and parameters: {'learning_rate': 0.015070837265434027, 'depth': 13, 'l2_leaf_reg': 1.5137029989668147, 'min_child_samples': 32}. Best is trial 112 with value: 0.27304020440955434.
[I 2025-03-12 09:59:53,037] Trial 157 finished with value: 0.2749825349325001 and parameters: {'learning_rate': 0.014452163810169848, 'depth': 14, 'l2_leaf_reg': 1.6441373043656473, 'min_child_samples': 32}. Best is trial 112 with value: 0.27304020440955434.
[I 2025-03-12 09:59:58,344] Trial 158 finished with value: 0.28012158436780665 and parameters: {'learning_rate': 0.015343691346989886, 'depth': 12, 'l2_leaf_reg': 1.9008324893212238, 'min_child_samples': 32}. Best is trial 112 with value: 0.27304020440955434.
[I 2025-03-12 10:00:07,124] Trial 159 finished with value: 0.2746403514614195 and parameters: {'learning_rate': 0.014697898379216362, 'depth': 13, 'l2_leaf_reg': 1.711361861487426, 'min_child_samples': 32}. Best is trial 112 with value: 0.27304020440955434.
[I 2025-03-12 10:00:22,663] Trial 160 finished with value: 0.2785653291454358 and parameters: {'learning_rate': 0.014689076407434136, 'depth': 14, 'l2_leaf_reg': 1.3681419617510369, 'min_child_samples': 32}. Best is trial 112 with value: 0.27304020440955434.
[I 2025-03-12 10:00:31,101] Trial 161 finished with value: 0.27668815342237507 and parameters: {'learning_rate': 0.01568436648234318, 'depth': 13, 'l2_leaf_reg': 1.708353744651373, 'min_child_samples': 32}. Best is trial 112 with value: 0.27304020440955434.
[I 2025-03-12 10:00:39,834] Trial 162 finished with value: 0.27791251278080936 and parameters: {'learning_rate': 0.014015529239790638, 'depth': 13, 'l2_leaf_reg': 1.8148457108220337, 'min_child_samples': 32}. Best is trial 112 with value: 0.27304020440955434.
[I 2025-03-12 10:00:47,556] Trial 163 finished with value: 0.27758219546065843 and parameters: {'learning_rate': 0.014976125263352756, 'depth': 13, 'l2_leaf_reg': 1.6172265098359886, 'min_child_samples': 32}. Best is trial 112 with value: 0.27304020440955434.
[I 2025-03-12 10:00:56,010] Trial 164 finished with value: 0.27428292864485576 and parameters: {'learning_rate': 0.014573758934692893, 'depth': 13, 'l2_leaf_reg': 1.7076064645285771, 'min_child_samples': 32}. Best is trial 112 with value: 0.27304020440955434.
[I 2025-03-12 10:01:05,543] Trial 165 finished with value: 0.2749775727666612 and parameters: {'learning_rate': 0.014561909301347003, 'depth': 13, 'l2_leaf_reg': 1.7053071329858953, 'min_child_samples': 32}. Best is trial 112 with value: 0.27304020440955434.
[I 2025-03-12 10:01:11,509] Trial 166 finished with value: 0.2940995558888996 and parameters: {'learning_rate': 0.004944011948874472, 'depth': 12, 'l2_leaf_reg': 1.5493573973131642, 'min_child_samples': 32}. Best is trial 112 with value: 0.27304020440955434.
[I 2025-03-12 10:01:25,408] Trial 167 finished with value: 0.278965874060376 and parameters: {'learning_rate': 0.015406794686070525, 'depth': 14, 'l2_leaf_reg': 1.7708360482517975, 'min_child_samples': 32}. Best is trial 112 with value: 0.27304020440955434.
