[I 2025-03-12 11:27:12,627] Trial 177 finished with value: 2.002529384242561 and parameters: {'learning_rate': 0.016659533186796593, 'depth': 9, 'l2_leaf_reg': 0.5990831278107369, 'min_child_samples': 1}. Best is trial 25 with value: 1.998760951776887.
[I 2025-03-12 11:27:15,831] Trial 178 finished with value: 2.004458922808618 and parameters: {'learning_rate': 0.012870415270001533, 'depth': 10, 'l2_leaf_reg': 1.7759148285180457, 'min_child_samples': 8}. Best is trial 25 with value: 1.998760951776887.
[I 2025-03-12 11:27:19,962] Trial 179 finished with value: 2.007904882480748 and parameters: {'learning_rate': 0.013937173455977354, 'depth': 12, 'l2_leaf_reg': 1.6032328800825728, 'min_child_samples': 1}. Best is trial 25 with value: 1.998760951776887.
[I 2025-03-12 11:27:23,509] Trial 180 finished with value: 2.0092671869703347 and parameters: {'learning_rate': 0.013189837995983026, 'depth': 11, 'l2_leaf_reg': 0.3974823264300377, 'min_child_samples': 1}. Best is trial 25 with value: 1.998760951776887.
[I 2025-03-12 11:27:26,756] Trial 181 finished with value: 2.00641385949026 and parameters: {'learning_rate': 0.013580603884450329, 'depth': 10, 'l2_leaf_reg': 1.7228539075815281, 'min_child_samples': 1}. Best is trial 25 with value: 1.998760951776887.
[I 2025-03-12 11:27:29,807] Trial 182 finished with value: 2.0037587377252537 and parameters: {'learning_rate': 0.01215642163063942, 'depth': 10, 'l2_leaf_reg': 1.6611262009973828, 'min_child_samples': 1}. Best is trial 25 with value: 1.998760951776887.
[I 2025-03-12 11:27:32,458] Trial 183 finished with value: 2.0060523508013417 and parameters: {'learning_rate': 0.014460029240865818, 'depth': 10, 'l2_leaf_reg': 1.5140669731676044, 'min_child_samples': 1}. Best is trial 25 with value: 1.998760951776887.
[I 2025-03-12 11:27:34,864] Trial 184 finished with value: 2.0054851177221917 and parameters: {'learning_rate': 0.013588659076623419, 'depth': 9, 'l2_leaf_reg': 1.852636733888148, 'min_child_samples': 1}. Best is trial 25 with value: 1.998760951776887.
[I 2025-03-12 11:27:37,404] Trial 185 finished with value: 2.0039599901468845 and parameters: {'learning_rate': 0.014879976833117524, 'depth': 10, 'l2_leaf_reg': 1.359485739237135, 'min_child_samples': 4}. Best is trial 25 with value: 1.998760951776887.
[I 2025-03-12 11:27:41,057] Trial 186 finished with value: 2.001209734467342 and parameters: {'learning_rate': 0.01266628606770699, 'depth': 11, 'l2_leaf_reg': 1.7277446850607312, 'min_child_samples': 1}. Best is trial 25 with value: 1.998760951776887.
[I 2025-03-12 11:27:44,819] Trial 187 finished with value: 2.0074958765609945 and parameters: {'learning_rate': 0.011224141749702248, 'depth': 11, 'l2_leaf_reg': 1.8937308189220765, 'min_child_samples': 1}. Best is trial 25 with value: 1.998760951776887.
[I 2025-03-12 11:27:48,530] Trial 188 finished with value: 1.999156496407285 and parameters: {'learning_rate': 0.0124798984302656, 'depth': 11, 'l2_leaf_reg': 0.2361091095121787, 'min_child_samples': 1}. Best is trial 25 with value: 1.998760951776887.
[I 2025-03-12 11:27:51,965] Trial 189 finished with value: 2.003563124918063 and parameters: {'learning_rate': 0.012599545682538222, 'depth': 11, 'l2_leaf_reg': 0.24927171285082822, 'min_child_samples': 1}. Best is trial 25 with value: 1.998760951776887.
[I 2025-03-12 11:27:55,915] Trial 190 finished with value: 2.005679632289392 and parameters: {'learning_rate': 0.011925094132575352, 'depth': 11, 'l2_leaf_reg': 0.3293843320205796, 'min_child_samples': 32}. Best is trial 25 with value: 1.998760951776887.
[I 2025-03-12 11:27:59,136] Trial 191 finished with value: 2.0099486495722902 and parameters: {'learning_rate': 0.01289142072595308, 'depth': 11, 'l2_leaf_reg': 0.20009409121773, 'min_child_samples': 1}. Best is trial 25 with value: 1.998760951776887.
[I 2025-03-12 11:28:03,395] Trial 192 finished with value: 2.0089750142917033 and parameters: {'learning_rate': 0.012365703234941362, 'depth': 12, 'l2_leaf_reg': 0.15079812552768163, 'min_child_samples': 1}. Best is trial 25 with value: 1.998760951776887.
[I 2025-03-12 11:28:06,254] Trial 193 finished with value: 1.9984327351752271 and parameters: {'learning_rate': 0.017031837397007973, 'depth': 10, 'l2_leaf_reg': 1.7717448450992186, 'min_child_samples': 1}. Best is trial 193 with value: 1.9984327351752271.
[I 2025-03-12 11:28:09,059] Trial 194 finished with value: 2.0072942364489035 and parameters: {'learning_rate': 0.01695697228752577, 'depth': 11, 'l2_leaf_reg': 0.05259219441622502, 'min_child_samples': 1}. Best is trial 193 with value: 1.9984327351752271.
[I 2025-03-12 11:28:11,981] Trial 195 finished with value: 2.003835448782607 and parameters: {'learning_rate': 0.017526587315069266, 'depth': 10, 'l2_leaf_reg': 1.7553525923039053, 'min_child_samples': 1}. Best is trial 193 with value: 1.9984327351752271.
[I 2025-03-12 11:28:25,062] Trial 196 finished with value: 2.0316951546149546 and parameters: {'learning_rate': 0.01616180598731808, 'depth': 15, 'l2_leaf_reg': 1.9850557004140812, 'min_child_samples': 1}. Best is trial 193 with value: 1.9984327351752271.
[I 2025-03-12 11:28:28,025] Trial 197 finished with value: 2.0025318933135545 and parameters: {'learning_rate': 0.018147504413954078, 'depth': 11, 'l2_leaf_reg': 1.8112368405295878, 'min_child_samples': 1}. Best is trial 193 with value: 1.9984327351752271.
[I 2025-03-12 11:28:31,739] Trial 198 finished with value: 2.010840595564393 and parameters: {'learning_rate': 0.016509244541949363, 'depth': 12, 'l2_leaf_reg': 1.667498686305855, 'min_child_samples': 4}. Best is trial 193 with value: 1.9984327351752271.
[I 2025-03-12 11:28:34,179] Trial 199 finished with value: 2.0115905553026217 and parameters: {'learning_rate': 0.01704734002345603, 'depth': 10, 'l2_leaf_reg': 1.5549795519331844, 'min_child_samples': 1}. Best is trial 193 with value: 1.9984327351752271.
[I 2025-03-12 11:28:37,262] Trial 200 finished with value: 2.0054746851115413 and parameters: {'learning_rate': 0.01582632901917712, 'depth': 10, 'l2_leaf_reg': 1.7511277676832249, 'min_child_samples': 1}. Best is trial 193 with value: 1.9984327351752271.
[I 2025-03-12 11:28:39,758] Trial 201 finished with value: 2.008331497483195 and parameters: {'learning_rate': 0.013064728738850803, 'depth': 10, 'l2_leaf_reg': 1.6192967034663983, 'min_child_samples': 1}. Best is trial 193 with value: 1.9984327351752271.
[I 2025-03-12 11:28:42,498] Trial 202 finished with value: 2.005341950850909 and parameters: {'learning_rate': 0.013900558676649057, 'depth': 10, 'l2_leaf_reg': 0.7441343828075087, 'min_child_samples': 1}. Best is trial 193 with value: 1.9984327351752271.
[I 2025-03-12 11:28:45,842] Trial 203 finished with value: 2.000634638488107 and parameters: {'learning_rate': 0.014179985642526087, 'depth': 11, 'l2_leaf_reg': 0.48698975018393875, 'min_child_samples': 1}. Best is trial 193 with value: 1.9984327351752271.
[I 2025-03-12 11:28:50,036] Trial 204 finished with value: 1.998986049933547 and parameters: {'learning_rate': 0.013291668275957418, 'depth': 11, 'l2_leaf_reg': 0.4453733992927851, 'min_child_samples': 1}. Best is trial 193 with value: 1.9984327351752271.
[I 2025-03-12 11:28:53,978] Trial 205 finished with value: 2.0034754939696806 and parameters: {'learning_rate': 0.012599002617244578, 'depth': 11, 'l2_leaf_reg': 0.43072325098140396, 'min_child_samples': 1}. Best is trial 193 with value: 1.9984327351752271.
[I 2025-03-12 11:28:57,424] Trial 206 finished with value: 2.0073961680863643 and parameters: {'learning_rate': 0.011575522198643252, 'depth': 11, 'l2_leaf_reg': 0.3552577010757746, 'min_child_samples': 1}. Best is trial 193 with value: 1.9984327351752271.
[I 2025-03-12 11:29:00,643] Trial 207 finished with value: 2.011067436671985 and parameters: {'learning_rate': 0.015419077542860562, 'depth': 11, 'l2_leaf_reg': 0.48528167892276886, 'min_child_samples': 1}. Best is trial 193 with value: 1.9984327351752271.
[I 2025-03-12 11:29:04,740] Trial 208 finished with value: 2.004620110176799 and parameters: {'learning_rate': 0.013281579369042116, 'depth': 12, 'l2_leaf_reg': 0.5327627745771364, 'min_child_samples': 1}. Best is trial 193 with value: 1.9984327351752271.
[I 2025-03-12 11:29:07,691] Trial 209 finished with value: 2.002713718698064 and parameters: {'learning_rate': 0.014852730318817741, 'depth': 10, 'l2_leaf_reg': 0.30695607292080207, 'min_child_samples': 4}. Best is trial 193 with value: 1.9984327351752271.
[I 2025-03-12 11:29:10,915] Trial 210 finished with value: 2.0013855253098023 and parameters: {'learning_rate': 0.016097531212011032, 'depth': 11, 'l2_leaf_reg': 0.6134539769683177, 'min_child_samples': 1}. Best is trial 193 with value: 1.9984327351752271.
[I 2025-03-12 11:29:14,461] Trial 211 finished with value: 2.005239223765619 and parameters: {'learning_rate': 0.016158176577710272, 'depth': 11, 'l2_leaf_reg': 0.5796818048243048, 'min_child_samples': 1}. Best is trial 193 with value: 1.9984327351752271.
[I 2025-03-12 11:29:17,517] Trial 212 finished with value: 2.0059106377575806 and parameters: {'learning_rate': 0.016537424852451247, 'depth': 11, 'l2_leaf_reg': 0.6435764041128916, 'min_child_samples': 1}. Best is trial 193 with value: 1.9984327351752271.
[I 2025-03-12 11:29:20,244] Trial 213 finished with value: 2.0031674581058545 and parameters: {'learning_rate': 0.01577981208138895, 'depth': 10, 'l2_leaf_reg': 0.5206145203105996, 'min_child_samples': 1}. Best is trial 193 with value: 1.9984327351752271.
[I 2025-03-12 11:29:23,530] Trial 214 finished with value: 2.0021781168109727 and parameters: {'learning_rate': 0.01720130151183034, 'depth': 11, 'l2_leaf_reg': 0.4574763388641596, 'min_child_samples': 1}. Best is trial 193 with value: 1.9984327351752271.
[I 2025-03-12 11:29:26,226] Trial 215 finished with value: 2.0082857904225913 and parameters: {'learning_rate': 0.015238669501643803, 'depth': 10, 'l2_leaf_reg': 0.6008948802969397, 'min_child_samples': 1}. Best is trial 193 with value: 1.9984327351752271.
[I 2025-03-12 11:29:28,741] Trial 216 finished with value: 2.0018469390159166 and parameters: {'learning_rate': 0.01636823077974329, 'depth': 10, 'l2_leaf_reg': 0.23940279079499205, 'min_child_samples': 1}. Best is trial 193 with value: 1.9984327351752271.
[I 2025-03-12 11:29:31,946] Trial 217 finished with value: 2.0030075865217944 and parameters: {'learning_rate': 0.01668783973581698, 'depth': 11, 'l2_leaf_reg': 0.20999989272344854, 'min_child_samples': 32}. Best is trial 193 with value: 1.9984327351752271.
[I 2025-03-12 11:29:34,729] Trial 218 finished with value: 2.0064485519758377 and parameters: {'learning_rate': 0.016127676672251037, 'depth': 10, 'l2_leaf_reg': 0.28335366821537195, 'min_child_samples': 1}. Best is trial 193 with value: 1.9984327351752271.
[I 2025-03-12 11:29:38,276] Trial 219 finished with value: 2.005876733602138 and parameters: {'learning_rate': 0.01766874132429372, 'depth': 11, 'l2_leaf_reg': 0.4107325000441786, 'min_child_samples': 8}. Best is trial 193 with value: 1.9984327351752271.
[I 2025-03-12 11:29:40,555] Trial 220 finished with value: 2.0033513812308095 and parameters: {'learning_rate': 0.01638916080128651, 'depth': 9, 'l2_leaf_reg': 0.6843785914698742, 'min_child_samples': 1}. Best is trial 193 with value: 1.9984327351752271.
[I 2025-03-12 11:29:43,593] Trial 221 finished with value: 2.0059434997382013 and parameters: {'learning_rate': 0.014221357940740387, 'depth': 10, 'l2_leaf_reg': 0.5036214233268634, 'min_child_samples': 1}. Best is trial 193 with value: 1.9984327351752271.
[I 2025-03-12 11:29:46,130] Trial 222 finished with value: 2.0031020734105964 and parameters: {'learning_rate': 0.015682145081059508, 'depth': 10, 'l2_leaf_reg': 1.4368337018663815, 'min_child_samples': 1}. Best is trial 193 with value: 1.9984327351752271.
[I 2025-03-12 11:29:49,575] Trial 223 finished with value: 2.0038466882554196 and parameters: {'learning_rate': 0.01331393466905116, 'depth': 10, 'l2_leaf_reg': 0.1511066330989806, 'min_child_samples': 1}. Best is trial 193 with value: 1.9984327351752271.
[I 2025-03-12 11:29:52,708] Trial 224 finished with value: 2.005778355256001 and parameters: {'learning_rate': 0.014569364787469372, 'depth': 10, 'l2_leaf_reg': 0.34816421381252655, 'min_child_samples': 1}. Best is trial 193 with value: 1.9984327351752271.
[I 2025-03-12 11:29:55,604] Trial 225 finished with value: 2.0011221257524734 and parameters: {'learning_rate': 0.016262374175236124, 'depth': 10, 'l2_leaf_reg': 0.5758483691247737, 'min_child_samples': 1}. Best is trial 193 with value: 1.9984327351752271.
[I 2025-03-12 11:29:59,051] Trial 226 finished with value: 1.998567862601151 and parameters: {'learning_rate': 0.01693175011920351, 'depth': 11, 'l2_leaf_reg': 0.5683795974131732, 'min_child_samples': 1}. Best is trial 193 with value: 1.9984327351752271.
[I 2025-03-12 11:30:02,799] Trial 227 finished with value: 2.00536554674526 and parameters: {'learning_rate': 0.017025182699147264, 'depth': 12, 'l2_leaf_reg': 0.5410902924331102, 'min_child_samples': 1}. Best is trial 193 with value: 1.9984327351752271.
[I 2025-03-12 11:30:05,733] Trial 228 finished with value: 2.003540556517861 and parameters: {'learning_rate': 0.016789011199957894, 'depth': 11, 'l2_leaf_reg': 0.5814781511039284, 'min_child_samples': 4}. Best is trial 193 with value: 1.9984327351752271.
[I 2025-03-12 11:30:09,141] Trial 229 finished with value: 2.004366755135714 and parameters: {'learning_rate': 0.015931216582053917, 'depth': 11, 'l2_leaf_reg': 0.6199444645413623, 'min_child_samples': 1}. Best is trial 193 with value: 1.9984327351752271.
[I 2025-03-12 11:30:12,157] Trial 230 finished with value: 2.008370608105404 and parameters: {'learning_rate': 0.015259796159693273, 'depth': 11, 'l2_leaf_reg': 0.6689511200055491, 'min_child_samples': 1}. Best is trial 193 with value: 1.9984327351752271.
[I 2025-03-12 11:30:15,143] Trial 231 finished with value: 2.003436954109096 and parameters: {'learning_rate': 0.01620734139982688, 'depth': 10, 'l2_leaf_reg': 0.4806795927041289, 'min_child_samples': 1}. Best is trial 193 with value: 1.9984327351752271.
[I 2025-03-12 11:30:17,390] Trial 232 finished with value: 2.0103128110903015 and parameters: {'learning_rate': 0.016399039698894276, 'depth': 10, 'l2_leaf_reg': 0.2457043325798417, 'min_child_samples': 1}. Best is trial 193 with value: 1.9984327351752271.
[I 2025-03-12 11:30:20,372] Trial 233 finished with value: 2.004300980778198 and parameters: {'learning_rate': 0.01728670622047287, 'depth': 11, 'l2_leaf_reg': 0.4156634747593747, 'min_child_samples': 1}. Best is trial 193 with value: 1.9984327351752271.
[I 2025-03-12 11:30:23,123] Trial 234 finished with value: 2.0051125885191876 and parameters: {'learning_rate': 0.016869341239232748, 'depth': 9, 'l2_leaf_reg': 0.5557894561652601, 'min_child_samples': 1}. Best is trial 193 with value: 1.9984327351752271.
[I 2025-03-12 11:30:25,972] Trial 235 finished with value: 2.00356421884597 and parameters: {'learning_rate': 0.01561603943417608, 'depth': 10, 'l2_leaf_reg': 0.00405549910275349, 'min_child_samples': 1}. Best is trial 193 with value: 1.9984327351752271.
[I 2025-03-12 11:30:29,171] Trial 236 finished with value: 2.001712633917291 and parameters: {'learning_rate': 0.01630686104605442, 'depth': 11, 'l2_leaf_reg': 0.6336942091002105, 'min_child_samples': 1}. Best is trial 193 with value: 1.9984327351752271.
[I 2025-03-12 11:30:32,812] Trial 237 finished with value: 2.010783076319655 and parameters: {'learning_rate': 0.015863649861223367, 'depth': 12, 'l2_leaf_reg': 0.6511458294197242, 'min_child_samples': 1}. Best is trial 193 with value: 1.9984327351752271.
[I 2025-03-12 11:30:36,211] Trial 238 finished with value: 2.004647357811576 and parameters: {'learning_rate': 0.012766702017874032, 'depth': 11, 'l2_leaf_reg': 0.7189779683225355, 'min_child_samples': 1}. Best is trial 193 with value: 1.9984327351752271.
[I 2025-03-12 11:30:39,796] Trial 239 finished with value: 2.0005984736874 and parameters: {'learning_rate': 0.016716511252108986, 'depth': 11, 'l2_leaf_reg': 0.6038336981570294, 'min_child_samples': 32}. Best is trial 193 with value: 1.9984327351752271.
[I 2025-03-12 11:30:42,744] Trial 240 finished with value: 2.011020941655512 and parameters: {'learning_rate': 0.017672691537896905, 'depth': 11, 'l2_leaf_reg': 0.5639980358288568, 'min_child_samples': 32}. Best is trial 193 with value: 1.9984327351752271.
[I 2025-03-12 11:30:46,090] Trial 241 finished with value: 2.0003885714288696 and parameters: {'learning_rate': 0.01669160723345907, 'depth': 11, 'l2_leaf_reg': 0.6626016955397616, 'min_child_samples': 32}. Best is trial 193 with value: 1.9984327351752271.
[I 2025-03-12 11:30:49,198] Trial 242 finished with value: 2.005210153593831 and parameters: {'learning_rate': 0.016715209191776645, 'depth': 11, 'l2_leaf_reg': 0.7614304012646279, 'min_child_samples': 32}. Best is trial 193 with value: 1.9984327351752271.
[I 2025-03-12 11:30:53,067] Trial 243 finished with value: 2.0042743491559625 and parameters: {'learning_rate': 0.017056382960265556, 'depth': 12, 'l2_leaf_reg': 0.689052715555967, 'min_child_samples': 32}. Best is trial 193 with value: 1.9984327351752271.
[I 2025-03-12 11:30:56,267] Trial 244 finished with value: 2.00616515354042 and parameters: {'learning_rate': 0.016501019160999927, 'depth': 11, 'l2_leaf_reg': 0.6077483904735865, 'min_child_samples': 32}. Best is trial 193 with value: 1.9984327351752271.
[I 2025-03-12 11:31:00,142] Trial 245 finished with value: 2.003887036886579 and parameters: {'learning_rate': 0.012221959983838626, 'depth': 11, 'l2_leaf_reg': 0.5248919598959515, 'min_child_samples': 32}. Best is trial 193 with value: 1.9984327351752271.
[I 2025-03-12 11:31:03,187] Trial 246 finished with value: 2.0029345167200105 and parameters: {'learning_rate': 0.015928778693856647, 'depth': 11, 'l2_leaf_reg': 0.6437434623307425, 'min_child_samples': 32}. Best is trial 193 with value: 1.9984327351752271.
[I 2025-03-12 11:31:06,027] Trial 247 finished with value: 2.0012228077462924 and parameters: {'learning_rate': 0.017216524699022278, 'depth': 10, 'l2_leaf_reg': 0.4567125180910048, 'min_child_samples': 32}. Best is trial 193 with value: 1.9984327351752271.
[I 2025-03-12 11:31:08,730] Trial 248 finished with value: 2.008828722364602 and parameters: {'learning_rate': 0.017488577996103618, 'depth': 10, 'l2_leaf_reg': 0.4532327402214057, 'min_child_samples': 32}. Best is trial 193 with value: 1.9984327351752271.
[I 2025-03-12 11:31:11,456] Trial 249 finished with value: 2.0065787289098354 and parameters: {'learning_rate': 0.016985225829940245, 'depth': 10, 'l2_leaf_reg': 0.5029158130291331, 'min_child_samples': 32}. Best is trial 193 with value: 1.9984327351752271.
[I 2025-03-12 11:31:14,310] Trial 250 finished with value: 2.004701409681219 and parameters: {'learning_rate': 0.01806353643697579, 'depth': 10, 'l2_leaf_reg': 0.5757824369292294, 'min_child_samples': 32}. Best is trial 193 with value: 1.9984327351752271.
[I 2025-03-12 11:31:17,245] Trial 251 finished with value: 2.0055060796441557 and parameters: {'learning_rate': 0.01726061240139643, 'depth': 10, 'l2_leaf_reg': 0.7217117054599456, 'min_child_samples': 32}. Best is trial 193 with value: 1.9984327351752271.
[I 2025-03-12 11:31:20,365] Trial 252 finished with value: 1.9983286475737927 and parameters: {'learning_rate': 0.01669709782399752, 'depth': 10, 'l2_leaf_reg': 0.373107790722748, 'min_child_samples': 32}. Best is trial 252 with value: 1.9983286475737927.
[I 2025-03-12 11:31:22,809] Trial 253 finished with value: 2.007439808527229 and parameters: {'learning_rate': 0.016755368922023228, 'depth': 9, 'l2_leaf_reg': 0.4102644925065112, 'min_child_samples': 32}. Best is trial 252 with value: 1.9983286475737927.
[I 2025-03-12 11:31:25,630] Trial 254 finished with value: 2.003592578489287 and parameters: {'learning_rate': 0.016593869933875346, 'depth': 10, 'l2_leaf_reg': 0.4725876079775922, 'min_child_samples': 32}. Best is trial 252 with value: 1.9983286475737927.
[I 2025-03-12 11:31:28,316] Trial 255 finished with value: 2.0010919929216238 and parameters: {'learning_rate': 0.017352617683335646, 'depth': 10, 'l2_leaf_reg': 0.3341670531139723, 'min_child_samples': 32}. Best is trial 252 with value: 1.9983286475737927.
[I 2025-03-12 11:31:31,523] Trial 256 finished with value: 2.0005434342185198 and parameters: {'learning_rate': 0.017913843707723552, 'depth': 11, 'l2_leaf_reg': 0.3572394548086676, 'min_child_samples': 32}. Best is trial 252 with value: 1.9983286475737927.
[I 2025-03-12 11:31:33,891] Trial 257 finished with value: 2.0043785751223377 and parameters: {'learning_rate': 0.017791589685814825, 'depth': 10, 'l2_leaf_reg': 0.35790373795415314, 'min_child_samples': 32}. Best is trial 252 with value: 1.9983286475737927.
[I 2025-03-12 11:31:36,397] Trial 258 finished with value: 2.0143159333652685 and parameters: {'learning_rate': 0.018707494631227256, 'depth': 9, 'l2_leaf_reg': 0.3005938445870223, 'min_child_samples': 32}. Best is trial 252 with value: 1.9983286475737927.
[I 2025-03-12 11:31:39,115] Trial 259 finished with value: 2.0028544782489766 and parameters: {'learning_rate': 0.017416141097818555, 'depth': 10, 'l2_leaf_reg': 0.3890813741649064, 'min_child_samples': 32}. Best is trial 252 with value: 1.9983286475737927.
[I 2025-03-12 11:31:42,005] Trial 260 finished with value: 2.0055596993649236 and parameters: {'learning_rate': 0.01818372901101968, 'depth': 11, 'l2_leaf_reg': 0.33106967165493256, 'min_child_samples': 32}. Best is trial 252 with value: 1.9983286475737927.
[I 2025-03-12 11:31:44,651] Trial 261 finished with value: 2.005590989999101 and parameters: {'learning_rate': 0.017366751373454652, 'depth': 10, 'l2_leaf_reg': 0.43146899461217975, 'min_child_samples': 32}. Best is trial 252 with value: 1.9983286475737927.
