[I 2025-03-12 12:59:35,619] Trial 277 finished with value: 0.5542966178961649 and parameters: {'learning_rate': 0.018735405322140658, 'depth': 3, 'l2_leaf_reg': 1.7042341244854233, 'min_child_samples': 16}. Best is trial 119 with value: 0.464659168888221.
[I 2025-03-12 12:59:40,232] Trial 278 finished with value: 0.4703351662123226 and parameters: {'learning_rate': 0.019453146530121198, 'depth': 9, 'l2_leaf_reg': 1.8516916395407141, 'min_child_samples': 16}. Best is trial 119 with value: 0.464659168888221.
[I 2025-03-12 12:59:44,910] Trial 279 finished with value: 0.4687318237941716 and parameters: {'learning_rate': 0.018028989991242642, 'depth': 9, 'l2_leaf_reg': 1.9382647376258284, 'min_child_samples': 16}. Best is trial 119 with value: 0.464659168888221.
[I 2025-03-12 12:59:49,508] Trial 280 finished with value: 0.4674860019661806 and parameters: {'learning_rate': 0.0192027357775751, 'depth': 8, 'l2_leaf_reg': 1.795011883953402, 'min_child_samples': 16}. Best is trial 119 with value: 0.464659168888221.
[I 2025-03-12 12:59:54,116] Trial 281 finished with value: 0.46901409490539403 and parameters: {'learning_rate': 0.019312076841206612, 'depth': 8, 'l2_leaf_reg': 1.8116545670242206, 'min_child_samples': 16}. Best is trial 119 with value: 0.464659168888221.
[I 2025-03-12 12:59:58,770] Trial 282 finished with value: 0.4770834218778294 and parameters: {'learning_rate': 0.012968899733392412, 'depth': 8, 'l2_leaf_reg': 1.734350202988828, 'min_child_samples': 16}. Best is trial 119 with value: 0.464659168888221.
[I 2025-03-12 13:00:02,269] Trial 283 finished with value: 0.5198221401778587 and parameters: {'learning_rate': 0.019618287441219445, 'depth': 4, 'l2_leaf_reg': 1.88039939972904, 'min_child_samples': 16}. Best is trial 119 with value: 0.464659168888221.
[I 2025-03-12 13:00:07,001] Trial 284 finished with value: 0.46866424026309694 and parameters: {'learning_rate': 0.01911987321741008, 'depth': 8, 'l2_leaf_reg': 1.6333703061075493, 'min_child_samples': 16}. Best is trial 119 with value: 0.464659168888221.
[I 2025-03-12 13:00:11,353] Trial 285 finished with value: 0.4683397521221491 and parameters: {'learning_rate': 0.019623801952728923, 'depth': 8, 'l2_leaf_reg': 1.8086145716192028, 'min_child_samples': 4}. Best is trial 119 with value: 0.464659168888221.
[I 2025-03-12 13:00:16,449] Trial 286 finished with value: 0.4676147717994147 and parameters: {'learning_rate': 0.01896591357699521, 'depth': 9, 'l2_leaf_reg': 1.8944935473156885, 'min_child_samples': 16}. Best is trial 119 with value: 0.464659168888221.
[I 2025-03-12 13:00:20,839] Trial 287 finished with value: 0.46874259806757224 and parameters: {'learning_rate': 0.01999717355308848, 'depth': 8, 'l2_leaf_reg': 1.7720046900635047, 'min_child_samples': 32}. Best is trial 119 with value: 0.464659168888221.
[I 2025-03-12 13:00:26,253] Trial 288 finished with value: 0.4692909159876254 and parameters: {'learning_rate': 0.019300947776117593, 'depth': 10, 'l2_leaf_reg': 1.930102699802328, 'min_child_samples': 4}. Best is trial 119 with value: 0.464659168888221.
[I 2025-03-12 13:00:30,891] Trial 289 finished with value: 0.468177743690095 and parameters: {'learning_rate': 0.019588449529191164, 'depth': 9, 'l2_leaf_reg': 1.8381117356950951, 'min_child_samples': 16}. Best is trial 119 with value: 0.464659168888221.
[I 2025-03-12 13:00:35,430] Trial 290 finished with value: 0.4671704197740706 and parameters: {'learning_rate': 0.0188769264313348, 'depth': 9, 'l2_leaf_reg': 1.6903591110912404, 'min_child_samples': 4}. Best is trial 119 with value: 0.464659168888221.
[I 2025-03-12 13:00:39,996] Trial 291 finished with value: 0.4688811351532939 and parameters: {'learning_rate': 0.01855527753486062, 'depth': 8, 'l2_leaf_reg': 1.582026479024906, 'min_child_samples': 4}. Best is trial 119 with value: 0.464659168888221.
[I 2025-03-12 13:00:45,243] Trial 292 finished with value: 0.47070717129014966 and parameters: {'learning_rate': 0.01882187949764122, 'depth': 10, 'l2_leaf_reg': 1.7071025385400447, 'min_child_samples': 4}. Best is trial 119 with value: 0.464659168888221.
[I 2025-03-12 13:00:49,877] Trial 293 finished with value: 0.46763227844572774 and parameters: {'learning_rate': 0.018257393755760836, 'depth': 9, 'l2_leaf_reg': 2.8223215732936726, 'min_child_samples': 4}. Best is trial 119 with value: 0.464659168888221.
[I 2025-03-12 13:00:54,996] Trial 294 finished with value: 0.46611305539704484 and parameters: {'learning_rate': 0.019694853185753133, 'depth': 9, 'l2_leaf_reg': 1.9626056747363116, 'min_child_samples': 4}. Best is trial 119 with value: 0.464659168888221.
[I 2025-03-12 13:00:59,333] Trial 295 finished with value: 0.47043827516742853 and parameters: {'learning_rate': 0.019705516282088043, 'depth': 8, 'l2_leaf_reg': 1.6838128698536377, 'min_child_samples': 4}. Best is trial 119 with value: 0.464659168888221.
[I 2025-03-12 13:01:05,587] Trial 296 finished with value: 0.4663888029803979 and parameters: {'learning_rate': 0.01999846949519535, 'depth': 9, 'l2_leaf_reg': 1.9552353070731372, 'min_child_samples': 4}. Best is trial 119 with value: 0.464659168888221.
[I 2025-03-12 13:01:10,419] Trial 297 finished with value: 0.4685923600782313 and parameters: {'learning_rate': 0.019986386690591964, 'depth': 9, 'l2_leaf_reg': 1.9326369619980734, 'min_child_samples': 4}. Best is trial 119 with value: 0.464659168888221.
[I 2025-03-12 13:01:15,782] Trial 298 finished with value: 0.46704626019055545 and parameters: {'learning_rate': 0.019717336498947347, 'depth': 10, 'l2_leaf_reg': 1.7925037006319537, 'min_child_samples': 4}. Best is trial 119 with value: 0.464659168888221.
[I 2025-03-12 13:01:21,292] Trial 299 finished with value: 0.469801571344073 and parameters: {'learning_rate': 0.01968437645578615, 'depth': 10, 'l2_leaf_reg': 1.8748004639012752, 'min_child_samples': 4}. Best is trial 119 with value: 0.464659168888221.
[I 2025-03-12 13:01:27,786] Trial 300 finished with value: 0.47321171384604865 and parameters: {'learning_rate': 0.019964967229828552, 'depth': 11, 'l2_leaf_reg': 2.006587880906031, 'min_child_samples': 4}. Best is trial 119 with value: 0.464659168888221.
[I 2025-03-12 13:01:33,380] Trial 301 finished with value: 0.46659048725442276 and parameters: {'learning_rate': 0.019648874975948787, 'depth': 10, 'l2_leaf_reg': 2.7064049321800825, 'min_child_samples': 4}. Best is trial 119 with value: 0.464659168888221.
[I 2025-03-12 13:01:38,684] Trial 302 finished with value: 0.4692243724178111 and parameters: {'learning_rate': 0.019629646939361995, 'depth': 10, 'l2_leaf_reg': 2.6610711197851367, 'min_child_samples': 4}. Best is trial 119 with value: 0.464659168888221.
[I 2025-03-12 13:01:44,818] Trial 303 finished with value: 0.47547574095089545 and parameters: {'learning_rate': 0.01958638164449569, 'depth': 11, 'l2_leaf_reg': 2.7853825340961755, 'min_child_samples': 4}. Best is trial 119 with value: 0.464659168888221.
[I 2025-03-12 13:01:50,393] Trial 304 finished with value: 0.46808502860151957 and parameters: {'learning_rate': 0.019959796722845317, 'depth': 10, 'l2_leaf_reg': 2.5545852904809188, 'min_child_samples': 4}. Best is trial 119 with value: 0.464659168888221.
[I 2025-03-12 13:01:55,801] Trial 305 finished with value: 0.47074469236111594 and parameters: {'learning_rate': 0.019325401811598142, 'depth': 10, 'l2_leaf_reg': 2.6797431488639596, 'min_child_samples': 4}. Best is trial 119 with value: 0.464659168888221.
[I 2025-03-12 13:02:00,760] Trial 306 finished with value: 0.46695334104582065 and parameters: {'learning_rate': 0.019620578860650335, 'depth': 10, 'l2_leaf_reg': 1.7705000877917558, 'min_child_samples': 4}. Best is trial 119 with value: 0.464659168888221.
[I 2025-03-12 13:02:06,141] Trial 307 finished with value: 0.4680812623911724 and parameters: {'learning_rate': 0.019598095472809073, 'depth': 10, 'l2_leaf_reg': 1.7681751319610806, 'min_child_samples': 4}. Best is trial 119 with value: 0.464659168888221.
[I 2025-03-12 13:02:12,371] Trial 308 finished with value: 0.4726643047897944 and parameters: {'learning_rate': 0.019991680910828688, 'depth': 11, 'l2_leaf_reg': 2.706644835949129, 'min_child_samples': 4}. Best is trial 119 with value: 0.464659168888221.
[I 2025-03-12 13:02:17,907] Trial 309 finished with value: 0.46818186983875737 and parameters: {'learning_rate': 0.01941498975395276, 'depth': 10, 'l2_leaf_reg': 1.6875017564488297, 'min_child_samples': 4}. Best is trial 119 with value: 0.464659168888221.
[I 2025-03-12 13:02:23,419] Trial 310 finished with value: 0.468183900748283 and parameters: {'learning_rate': 0.019653911524473256, 'depth': 10, 'l2_leaf_reg': 1.422677701239234, 'min_child_samples': 4}. Best is trial 119 with value: 0.464659168888221.
[I 2025-03-12 13:02:28,926] Trial 311 finished with value: 0.4674642458185427 and parameters: {'learning_rate': 0.01998855307793505, 'depth': 10, 'l2_leaf_reg': 1.6525643444096103, 'min_child_samples': 4}. Best is trial 119 with value: 0.464659168888221.
[I 2025-03-12 13:02:34,165] Trial 312 finished with value: 0.4704284362694896 and parameters: {'learning_rate': 0.01932267489912906, 'depth': 10, 'l2_leaf_reg': 2.9141671909302946, 'min_child_samples': 4}. Best is trial 119 with value: 0.464659168888221.
[I 2025-03-12 13:02:39,748] Trial 313 finished with value: 0.46901731265709595 and parameters: {'learning_rate': 0.019621232402800188, 'depth': 10, 'l2_leaf_reg': 2.2442343374367555, 'min_child_samples': 4}. Best is trial 119 with value: 0.464659168888221.
[I 2025-03-12 13:02:45,979] Trial 314 finished with value: 0.4727056145484485 and parameters: {'learning_rate': 0.019999362849078765, 'depth': 11, 'l2_leaf_reg': 2.6322288665881404, 'min_child_samples': 4}. Best is trial 119 with value: 0.464659168888221.
[I 2025-03-12 13:02:51,294] Trial 315 finished with value: 0.46901160006259157 and parameters: {'learning_rate': 0.019060117029821494, 'depth': 10, 'l2_leaf_reg': 1.7301163993130901, 'min_child_samples': 4}. Best is trial 119 with value: 0.464659168888221.
[I 2025-03-12 13:02:56,306] Trial 316 finished with value: 0.469219269351825 and parameters: {'learning_rate': 0.0193630355305051, 'depth': 9, 'l2_leaf_reg': 1.5448164270749298, 'min_child_samples': 4}. Best is trial 119 with value: 0.464659168888221.
[I 2025-03-12 13:03:01,566] Trial 317 finished with value: 0.4698572158262317 and parameters: {'learning_rate': 0.018748266471248456, 'depth': 10, 'l2_leaf_reg': 1.7700305895998207, 'min_child_samples': 4}. Best is trial 119 with value: 0.464659168888221.
[I 2025-03-12 13:03:19,172] Trial 318 finished with value: 0.4682149557342761 and parameters: {'learning_rate': 0.019606449400728587, 'depth': 9, 'l2_leaf_reg': 1.8814789104198475, 'min_child_samples': 4}. Best is trial 119 with value: 0.464659168888221.
[I 2025-03-12 13:03:27,122] Trial 319 finished with value: 0.4753681226030435 and parameters: {'learning_rate': 0.019060061464561514, 'depth': 12, 'l2_leaf_reg': 2.8414975064926478, 'min_child_samples': 4}. Best is trial 119 with value: 0.464659168888221.
[I 2025-03-12 13:03:31,384] Trial 320 finished with value: 0.46740838809432894 and parameters: {'learning_rate': 0.01964869511211983, 'depth': 9, 'l2_leaf_reg': 1.8348629197189716, 'min_child_samples': 4}. Best is trial 119 with value: 0.464659168888221.
[I 2025-03-12 13:03:35,816] Trial 321 finished with value: 0.46718798460079536 and parameters: {'learning_rate': 0.01999215752376016, 'depth': 9, 'l2_leaf_reg': 2.196014382114979, 'min_child_samples': 4}. Best is trial 119 with value: 0.464659168888221.
[I 2025-03-12 13:03:40,959] Trial 322 finished with value: 0.46704707474804014 and parameters: {'learning_rate': 0.019998664507333706, 'depth': 10, 'l2_leaf_reg': 2.203877383753491, 'min_child_samples': 4}. Best is trial 119 with value: 0.464659168888221.
[I 2025-03-12 13:03:45,785] Trial 323 finished with value: 0.46959924714013374 and parameters: {'learning_rate': 0.01966090641555537, 'depth': 9, 'l2_leaf_reg': 2.2188658298466635, 'min_child_samples': 4}. Best is trial 119 with value: 0.464659168888221.
[I 2025-03-12 13:03:50,449] Trial 324 finished with value: 0.4686073549644393 and parameters: {'learning_rate': 0.019322734678024714, 'depth': 9, 'l2_leaf_reg': 2.307694616344596, 'min_child_samples': 4}. Best is trial 119 with value: 0.464659168888221.
[I 2025-03-12 13:03:55,228] Trial 325 finished with value: 0.46878412510281714 and parameters: {'learning_rate': 0.019961764096954274, 'depth': 9, 'l2_leaf_reg': 2.3620234569431484, 'min_child_samples': 4}. Best is trial 119 with value: 0.464659168888221.
[I 2025-03-12 13:04:00,808] Trial 326 finished with value: 0.4696379115610331 and parameters: {'learning_rate': 0.019302693253072382, 'depth': 10, 'l2_leaf_reg': 2.177513428463489, 'min_child_samples': 4}. Best is trial 119 with value: 0.464659168888221.
[I 2025-03-12 13:04:05,466] Trial 327 finished with value: 0.46821821350838094 and parameters: {'learning_rate': 0.019638570807988094, 'depth': 9, 'l2_leaf_reg': 2.250217395322065, 'min_child_samples': 4}. Best is trial 119 with value: 0.464659168888221.
[I 2025-03-12 13:04:10,616] Trial 328 finished with value: 0.4710998626521963 and parameters: {'learning_rate': 0.019647677973131154, 'depth': 10, 'l2_leaf_reg': 2.1597817182206414, 'min_child_samples': 4}. Best is trial 119 with value: 0.464659168888221.
[I 2025-03-12 13:04:15,192] Trial 329 finished with value: 0.46676211463507256 and parameters: {'learning_rate': 0.018972008877580167, 'depth': 9, 'l2_leaf_reg': 2.4201677522358174, 'min_child_samples': 4}. Best is trial 119 with value: 0.464659168888221.
[I 2025-03-12 13:04:20,005] Trial 330 finished with value: 0.46813946774014426 and parameters: {'learning_rate': 0.01874793267953956, 'depth': 9, 'l2_leaf_reg': 2.449488556300627, 'min_child_samples': 4}. Best is trial 119 with value: 0.464659168888221.
[I 2025-03-12 13:04:24,854] Trial 331 finished with value: 0.46905975398578303 and parameters: {'learning_rate': 0.019029949914505306, 'depth': 9, 'l2_leaf_reg': 2.3896782131673198, 'min_child_samples': 4}. Best is trial 119 with value: 0.464659168888221.
[I 2025-03-12 13:04:29,662] Trial 332 finished with value: 0.4683402729892318 and parameters: {'learning_rate': 0.01926833660196149, 'depth': 9, 'l2_leaf_reg': 2.5556001350816664, 'min_child_samples': 4}. Best is trial 119 with value: 0.464659168888221.
[I 2025-03-12 13:04:35,081] Trial 333 finished with value: 0.4710175697951061 and parameters: {'learning_rate': 0.018823494360887587, 'depth': 10, 'l2_leaf_reg': 2.297509013789932, 'min_child_samples': 4}. Best is trial 119 with value: 0.464659168888221.
[I 2025-03-12 13:04:39,724] Trial 334 finished with value: 0.4723046934156546 and parameters: {'learning_rate': 0.015160760073479993, 'depth': 9, 'l2_leaf_reg': 2.6039608418072513, 'min_child_samples': 4}. Best is trial 119 with value: 0.464659168888221.
[I 2025-03-12 13:04:45,853] Trial 335 finished with value: 0.47565913038775426 and parameters: {'learning_rate': 0.019258703199806063, 'depth': 11, 'l2_leaf_reg': 2.255579535203185, 'min_child_samples': 4}. Best is trial 119 with value: 0.464659168888221.
[I 2025-03-12 13:04:50,970] Trial 336 finished with value: 0.4671298458549015 and parameters: {'learning_rate': 0.019990851130432058, 'depth': 9, 'l2_leaf_reg': 2.305918434438967, 'min_child_samples': 4}. Best is trial 119 with value: 0.464659168888221.
[I 2025-03-12 13:04:56,397] Trial 337 finished with value: 0.46657127232078716 and parameters: {'learning_rate': 0.01966315278588973, 'depth': 10, 'l2_leaf_reg': 2.335315386490774, 'min_child_samples': 4}. Best is trial 119 with value: 0.464659168888221.
[I 2025-03-12 13:05:03,797] Trial 338 finished with value: 0.4698896625140916 and parameters: {'learning_rate': 0.018430157851363916, 'depth': 10, 'l2_leaf_reg': 2.309912059266474, 'min_child_samples': 4}. Best is trial 119 with value: 0.464659168888221.
[I 2025-03-12 13:05:25,231] Trial 339 finished with value: 0.469680016936481 and parameters: {'learning_rate': 0.019436959531377498, 'depth': 10, 'l2_leaf_reg': 2.4265763051190903, 'min_child_samples': 4}. Best is trial 119 with value: 0.464659168888221.
[I 2025-03-12 13:05:49,799] Trial 340 finished with value: 0.6409756662344102 and parameters: {'learning_rate': 0.018908128742429083, 'depth': 2, 'l2_leaf_reg': 2.3829272360618172, 'min_child_samples': 4}. Best is trial 119 with value: 0.464659168888221.
[I 2025-03-12 13:06:20,165] Trial 341 finished with value: 0.4679992981913492 and parameters: {'learning_rate': 0.019517527604326245, 'depth': 10, 'l2_leaf_reg': 2.4776164077780543, 'min_child_samples': 4}. Best is trial 119 with value: 0.464659168888221.
[I 2025-03-12 13:07:04,003] Trial 342 finished with value: 0.47220939056937034 and parameters: {'learning_rate': 0.019158632780350737, 'depth': 11, 'l2_leaf_reg': 2.2986823809656207, 'min_child_samples': 4}. Best is trial 119 with value: 0.464659168888221.
[I 2025-03-12 13:07:46,127] Trial 343 finished with value: 0.46708237687024184 and parameters: {'learning_rate': 0.019994132537311044, 'depth': 10, 'l2_leaf_reg': 2.373186126787466, 'min_child_samples': 4}. Best is trial 119 with value: 0.464659168888221.
[I 2025-03-12 13:08:11,827] Trial 344 finished with value: 0.4700059739303687 and parameters: {'learning_rate': 0.01966882352507944, 'depth': 10, 'l2_leaf_reg': 2.3474473985994844, 'min_child_samples': 4}. Best is trial 119 with value: 0.464659168888221.
[I 2025-03-12 13:08:16,452] Trial 345 finished with value: 0.4681036341009557 and parameters: {'learning_rate': 0.01962618294941943, 'depth': 10, 'l2_leaf_reg': 2.437131952642208, 'min_child_samples': 4}. Best is trial 119 with value: 0.464659168888221.
[I 2025-03-12 13:08:21,066] Trial 346 finished with value: 0.46770601788667 and parameters: {'learning_rate': 0.019707316336331007, 'depth': 10, 'l2_leaf_reg': 2.3869715193727736, 'min_child_samples': 4}. Best is trial 119 with value: 0.464659168888221.
[I 2025-03-12 13:08:25,211] Trial 347 finished with value: 0.4682479093333393 and parameters: {'learning_rate': 0.01995249604759883, 'depth': 10, 'l2_leaf_reg': 2.347443306947616, 'min_child_samples': 4}. Best is trial 119 with value: 0.464659168888221.
[I 2025-03-12 13:08:31,165] Trial 348 finished with value: 0.47410645007107594 and parameters: {'learning_rate': 0.01998547105133926, 'depth': 11, 'l2_leaf_reg': 2.5188011188944643, 'min_child_samples': 8}. Best is trial 119 with value: 0.464659168888221.
[I 2025-03-12 13:08:36,216] Trial 349 finished with value: 0.4675684508469192 and parameters: {'learning_rate': 0.015838729508514893, 'depth': 10, 'l2_leaf_reg': 2.2636427279251845, 'min_child_samples': 4}. Best is trial 119 with value: 0.464659168888221.
[I 2025-03-12 13:08:42,507] Trial 350 finished with value: 0.47506061922296516 and parameters: {'learning_rate': 0.01943852652653109, 'depth': 11, 'l2_leaf_reg': 2.4102517092219378, 'min_child_samples': 4}. Best is trial 119 with value: 0.464659168888221.
[I 2025-03-12 13:08:47,357] Trial 351 finished with value: 0.4700837296195299 and parameters: {'learning_rate': 0.019257558312307407, 'depth': 10, 'l2_leaf_reg': 2.3484681568769292, 'min_child_samples': 32}. Best is trial 119 with value: 0.464659168888221.
[I 2025-03-12 13:08:52,064] Trial 352 finished with value: 0.468515315242861 and parameters: {'learning_rate': 0.019994682890771966, 'depth': 9, 'l2_leaf_reg': 2.257870639851752, 'min_child_samples': 4}. Best is trial 119 with value: 0.464659168888221.
[I 2025-03-12 13:08:56,838] Trial 353 finished with value: 0.4685594198310661 and parameters: {'learning_rate': 0.019475544505803993, 'depth': 10, 'l2_leaf_reg': 2.324050742731025, 'min_child_samples': 4}. Best is trial 119 with value: 0.464659168888221.
[I 2025-03-12 13:09:02,167] Trial 354 finished with value: 0.4684340535847233 and parameters: {'learning_rate': 0.019084680320604185, 'depth': 10, 'l2_leaf_reg': 2.221587114734166, 'min_child_samples': 4}. Best is trial 119 with value: 0.464659168888221.
[I 2025-03-12 13:09:06,188] Trial 355 finished with value: 0.46912460089806557 and parameters: {'learning_rate': 0.019980487599118107, 'depth': 9, 'l2_leaf_reg': 2.492396257141256, 'min_child_samples': 4}. Best is trial 119 with value: 0.464659168888221.
[I 2025-03-12 13:09:09,861] Trial 356 finished with value: 0.4689275598555687 and parameters: {'learning_rate': 0.01857676969411214, 'depth': 9, 'l2_leaf_reg': 2.2925150002687333, 'min_child_samples': 4}. Best is trial 119 with value: 0.464659168888221.
[I 2025-03-12 13:09:14,047] Trial 357 finished with value: 0.4803283568534327 and parameters: {'learning_rate': 0.010781783824829878, 'depth': 9, 'l2_leaf_reg': 2.204508193896539, 'min_child_samples': 4}. Best is trial 119 with value: 0.464659168888221.
[I 2025-03-12 13:09:18,710] Trial 358 finished with value: 0.4686710998414203 and parameters: {'learning_rate': 0.01962151014873969, 'depth': 10, 'l2_leaf_reg': 2.7289550416650488, 'min_child_samples': 4}. Best is trial 119 with value: 0.464659168888221.
[I 2025-03-12 13:09:22,486] Trial 359 finished with value: 0.7267099723246345 and parameters: {'learning_rate': 0.0026918939583852235, 'depth': 9, 'l2_leaf_reg': 2.3603120523125654, 'min_child_samples': 4}. Best is trial 119 with value: 0.464659168888221.
[I 2025-03-12 13:09:26,690] Trial 360 finished with value: 0.46920230542869784 and parameters: {'learning_rate': 0.019998051377727033, 'depth': 9, 'l2_leaf_reg': 2.442519648425546, 'min_child_samples': 4}. Best is trial 119 with value: 0.464659168888221.
[I 2025-03-12 13:09:31,333] Trial 361 finished with value: 0.46657506176772756 and parameters: {'learning_rate': 0.019235261433059755, 'depth': 10, 'l2_leaf_reg': 2.1391175849429915, 'min_child_samples': 8}. Best is trial 119 with value: 0.464659168888221.
[I 2025-03-12 13:09:36,312] Trial 362 finished with value: 0.4906833911880588 and parameters: {'learning_rate': 0.007649201358748768, 'depth': 10, 'l2_leaf_reg': 2.1195989157482744, 'min_child_samples': 8}. Best is trial 119 with value: 0.464659168888221.
