[I 2025-03-12 12:24:20,652] Trial 352 finished with value: 0.4876147529131477 and parameters: {'learning_rate': 0.018509025228713998, 'depth': 1, 'l2_leaf_reg': 1.2156299687738246, 'min_child_samples': 16}. Best is trial 330 with value: 0.18110817448084968.
[I 2025-03-12 12:24:25,142] Trial 353 finished with value: 0.18463678694938493 and parameters: {'learning_rate': 0.019342481745624626, 'depth': 11, 'l2_leaf_reg': 1.1366496351499333, 'min_child_samples': 16}. Best is trial 330 with value: 0.18110817448084968.
[I 2025-03-12 12:24:31,386] Trial 354 finished with value: 0.1882543216598022 and parameters: {'learning_rate': 0.019599315279530734, 'depth': 12, 'l2_leaf_reg': 1.2869167695239259, 'min_child_samples': 16}. Best is trial 330 with value: 0.18110817448084968.
[I 2025-03-12 12:24:35,982] Trial 355 finished with value: 0.18280604271361756 and parameters: {'learning_rate': 0.018875958433832836, 'depth': 11, 'l2_leaf_reg': 1.3666429844333574, 'min_child_samples': 16}. Best is trial 330 with value: 0.18110817448084968.
[I 2025-03-12 12:24:38,519] Trial 356 finished with value: 0.19922986315279842 and parameters: {'learning_rate': 0.017250040965544035, 'depth': 8, 'l2_leaf_reg': 1.252749969464609, 'min_child_samples': 16}. Best is trial 330 with value: 0.18110817448084968.
[I 2025-03-12 12:24:42,279] Trial 357 finished with value: 0.1844903369367032 and parameters: {'learning_rate': 0.0196664017524664, 'depth': 10, 'l2_leaf_reg': 0.8534020309817357, 'min_child_samples': 16}. Best is trial 330 with value: 0.18110817448084968.
[I 2025-03-12 12:24:44,413] Trial 358 finished with value: 0.22361498069133234 and parameters: {'learning_rate': 0.016088036026044403, 'depth': 6, 'l2_leaf_reg': 1.335065338916412, 'min_child_samples': 32}. Best is trial 330 with value: 0.18110817448084968.
[I 2025-03-12 12:24:48,783] Trial 359 finished with value: 0.18336159502995295 and parameters: {'learning_rate': 0.019986627535255617, 'depth': 11, 'l2_leaf_reg': 1.4376395824296826, 'min_child_samples': 16}. Best is trial 330 with value: 0.18110817448084968.
[I 2025-03-12 12:24:53,250] Trial 360 finished with value: 0.18933036624612895 and parameters: {'learning_rate': 0.011188757207935943, 'depth': 11, 'l2_leaf_reg': 0.5672202313838726, 'min_child_samples': 4}. Best is trial 330 with value: 0.18110817448084968.
[I 2025-03-12 12:24:59,722] Trial 361 finished with value: 0.18836296410152228 and parameters: {'learning_rate': 0.01826987795684508, 'depth': 12, 'l2_leaf_reg': 1.1830526210081378, 'min_child_samples': 16}. Best is trial 330 with value: 0.18110817448084968.
[I 2025-03-12 12:25:03,054] Trial 362 finished with value: 0.18568264251873104 and parameters: {'learning_rate': 0.019080317724944555, 'depth': 10, 'l2_leaf_reg': 1.7603039111895613, 'min_child_samples': 16}. Best is trial 330 with value: 0.18110817448084968.
[I 2025-03-12 12:25:07,641] Trial 363 finished with value: 0.18312013388645032 and parameters: {'learning_rate': 0.01861439625110005, 'depth': 11, 'l2_leaf_reg': 0.1338013727631067, 'min_child_samples': 16}. Best is trial 330 with value: 0.18110817448084968.
[I 2025-03-12 12:25:12,337] Trial 364 finished with value: 0.18241227885741654 and parameters: {'learning_rate': 0.019338237234904052, 'depth': 11, 'l2_leaf_reg': 1.4040516117209905, 'min_child_samples': 4}. Best is trial 330 with value: 0.18110817448084968.
[I 2025-03-12 12:25:18,343] Trial 365 finished with value: 0.1850837837699952 and parameters: {'learning_rate': 0.019996673087176627, 'depth': 12, 'l2_leaf_reg': 0.47080586816649195, 'min_child_samples': 16}. Best is trial 330 with value: 0.18110817448084968.
[I 2025-03-12 12:25:21,345] Trial 366 finished with value: 0.1911669850893844 and parameters: {'learning_rate': 0.01772934571339542, 'depth': 9, 'l2_leaf_reg': 1.3124115761977135, 'min_child_samples': 16}. Best is trial 330 with value: 0.18110817448084968.
[I 2025-03-12 12:25:25,875] Trial 367 finished with value: 0.1817159230819551 and parameters: {'learning_rate': 0.01917309667885215, 'depth': 11, 'l2_leaf_reg': 0.26789371581593535, 'min_child_samples': 16}. Best is trial 330 with value: 0.18110817448084968.
[I 2025-03-12 12:25:30,188] Trial 368 finished with value: 0.1899309733810738 and parameters: {'learning_rate': 0.010472592432138116, 'depth': 11, 'l2_leaf_reg': 0.23828086227804787, 'min_child_samples': 4}. Best is trial 330 with value: 0.18110817448084968.
[I 2025-03-12 12:25:34,639] Trial 369 finished with value: 0.18358691008475733 and parameters: {'learning_rate': 0.019585826954416886, 'depth': 11, 'l2_leaf_reg': 0.3150292579452255, 'min_child_samples': 16}. Best is trial 330 with value: 0.18110817448084968.
[I 2025-03-12 12:25:39,038] Trial 370 finished with value: 0.18261812070604153 and parameters: {'learning_rate': 0.01906297442852497, 'depth': 11, 'l2_leaf_reg': 0.25227032963230667, 'min_child_samples': 16}. Best is trial 330 with value: 0.18110817448084968.
[I 2025-03-12 12:25:42,789] Trial 371 finished with value: 0.1849197888724159 and parameters: {'learning_rate': 0.018732057567724704, 'depth': 10, 'l2_leaf_reg': 0.11259436258494171, 'min_child_samples': 16}. Best is trial 330 with value: 0.18110817448084968.
[I 2025-03-12 12:25:48,898] Trial 372 finished with value: 0.18887143724439814 and parameters: {'learning_rate': 0.01940130675920973, 'depth': 12, 'l2_leaf_reg': 0.29484949527427806, 'min_child_samples': 32}. Best is trial 330 with value: 0.18110817448084968.
[I 2025-03-12 12:25:53,585] Trial 373 finished with value: 0.18189011012788317 and parameters: {'learning_rate': 0.019991625183853567, 'depth': 11, 'l2_leaf_reg': 0.3689620618923481, 'min_child_samples': 16}. Best is trial 330 with value: 0.18110817448084968.
[I 2025-03-12 12:25:58,184] Trial 374 finished with value: 0.18383666434958093 and parameters: {'learning_rate': 0.018330763253054185, 'depth': 11, 'l2_leaf_reg': 0.3947600955418879, 'min_child_samples': 4}. Best is trial 330 with value: 0.18110817448084968.
[I 2025-03-12 12:26:02,522] Trial 375 finished with value: 0.18183306850859965 and parameters: {'learning_rate': 0.019546104124791956, 'depth': 11, 'l2_leaf_reg': 0.3319151192561861, 'min_child_samples': 16}. Best is trial 330 with value: 0.18110817448084968.
[I 2025-03-12 12:26:06,127] Trial 376 finished with value: 0.18391008663000125 and parameters: {'learning_rate': 0.01965744216701384, 'depth': 10, 'l2_leaf_reg': 0.44384627786885533, 'min_child_samples': 16}. Best is trial 330 with value: 0.18110817448084968.
[I 2025-03-12 12:26:10,659] Trial 377 finished with value: 0.18245126872946793 and parameters: {'learning_rate': 0.01999908798754841, 'depth': 11, 'l2_leaf_reg': 0.1861166421899821, 'min_child_samples': 16}. Best is trial 330 with value: 0.18110817448084968.
[I 2025-03-12 12:26:16,648] Trial 378 finished with value: 0.1876072770759041 and parameters: {'learning_rate': 0.019037240659912268, 'depth': 12, 'l2_leaf_reg': 0.3545270208148345, 'min_child_samples': 4}. Best is trial 330 with value: 0.18110817448084968.
[I 2025-03-12 12:26:20,245] Trial 379 finished with value: 0.1856487614493341 and parameters: {'learning_rate': 0.01959840055947409, 'depth': 10, 'l2_leaf_reg': 0.3242244214623487, 'min_child_samples': 16}. Best is trial 330 with value: 0.18110817448084968.
[I 2025-03-12 12:26:24,732] Trial 380 finished with value: 0.18223009694280806 and parameters: {'learning_rate': 0.01871468886541195, 'depth': 11, 'l2_leaf_reg': 0.38614047647540195, 'min_child_samples': 16}. Best is trial 330 with value: 0.18110817448084968.
[I 2025-03-12 12:26:29,087] Trial 381 finished with value: 0.18412205780636728 and parameters: {'learning_rate': 0.019363203610165337, 'depth': 11, 'l2_leaf_reg': 0.43319388312545604, 'min_child_samples': 16}. Best is trial 330 with value: 0.18110817448084968.
[I 2025-03-12 12:26:33,419] Trial 382 finished with value: 0.18338958492167035 and parameters: {'learning_rate': 0.01906741008905633, 'depth': 11, 'l2_leaf_reg': 0.26110444189056015, 'min_child_samples': 4}. Best is trial 330 with value: 0.18110817448084968.
[I 2025-03-12 12:26:35,301] Trial 383 finished with value: 0.3008159013409312 and parameters: {'learning_rate': 0.017990445672771905, 'depth': 3, 'l2_leaf_reg': 1.7025468540242226, 'min_child_samples': 16}. Best is trial 330 with value: 0.18110817448084968.
[I 2025-03-12 12:26:39,975] Trial 384 finished with value: 0.18294130206440742 and parameters: {'learning_rate': 0.01956060203361914, 'depth': 11, 'l2_leaf_reg': 1.5156751484365758, 'min_child_samples': 32}. Best is trial 330 with value: 0.18110817448084968.
[I 2025-03-12 12:26:43,510] Trial 385 finished with value: 0.1849463640866504 and parameters: {'learning_rate': 0.01866913338648681, 'depth': 10, 'l2_leaf_reg': 0.20341570075862553, 'min_child_samples': 16}. Best is trial 330 with value: 0.18110817448084968.
[I 2025-03-12 12:26:49,582] Trial 386 finished with value: 0.19525486291896588 and parameters: {'learning_rate': 0.009233802921349454, 'depth': 12, 'l2_leaf_reg': 1.4836991596440603, 'min_child_samples': 16}. Best is trial 330 with value: 0.18110817448084968.
[I 2025-03-12 12:26:54,101] Trial 387 finished with value: 0.18324316404314667 and parameters: {'learning_rate': 0.019677913324194485, 'depth': 11, 'l2_leaf_reg': 1.6337505914054877, 'min_child_samples': 16}. Best is trial 330 with value: 0.18110817448084968.
[I 2025-03-12 12:26:58,642] Trial 388 finished with value: 0.18245715401814294 and parameters: {'learning_rate': 0.019068285270598395, 'depth': 11, 'l2_leaf_reg': 1.8459796218630298, 'min_child_samples': 4}. Best is trial 330 with value: 0.18110817448084968.
[I 2025-03-12 12:27:02,395] Trial 389 finished with value: 0.1853578812594646 and parameters: {'learning_rate': 0.01826722140112269, 'depth': 10, 'l2_leaf_reg': 0.3806677975002981, 'min_child_samples': 16}. Best is trial 330 with value: 0.18110817448084968.
[I 2025-03-12 12:27:06,735] Trial 390 finished with value: 0.33199995442801095 and parameters: {'learning_rate': 0.003057320283016824, 'depth': 11, 'l2_leaf_reg': 1.6011201037755356, 'min_child_samples': 16}. Best is trial 330 with value: 0.18110817448084968.
[I 2025-03-12 12:27:12,935] Trial 391 finished with value: 0.18896126651889647 and parameters: {'learning_rate': 0.01915774969650417, 'depth': 12, 'l2_leaf_reg': 0.5010795660376026, 'min_child_samples': 16}. Best is trial 330 with value: 0.18110817448084968.
[I 2025-03-12 12:27:17,266] Trial 392 finished with value: 0.18187944389643504 and parameters: {'learning_rate': 0.019981502890799016, 'depth': 11, 'l2_leaf_reg': 1.4584582080620445, 'min_child_samples': 4}. Best is trial 330 with value: 0.18110817448084968.
[I 2025-03-12 12:27:21,890] Trial 393 finished with value: 0.18242294343806245 and parameters: {'learning_rate': 0.019361261827649762, 'depth': 11, 'l2_leaf_reg': 1.4603869011507633, 'min_child_samples': 4}. Best is trial 330 with value: 0.18110817448084968.
[I 2025-03-12 12:27:28,237] Trial 394 finished with value: 0.1855531675193409 and parameters: {'learning_rate': 0.019946874389368673, 'depth': 12, 'l2_leaf_reg': 1.527250532312255, 'min_child_samples': 4}. Best is trial 330 with value: 0.18110817448084968.
[I 2025-03-12 12:27:31,600] Trial 395 finished with value: 0.18552792325512082 and parameters: {'learning_rate': 0.018693991018320637, 'depth': 10, 'l2_leaf_reg': 1.410169855554817, 'min_child_samples': 4}. Best is trial 330 with value: 0.18110817448084968.
[I 2025-03-12 12:27:36,119] Trial 396 finished with value: 0.1809831248750253 and parameters: {'learning_rate': 0.01997884157737252, 'depth': 11, 'l2_leaf_reg': 1.5712673528988452, 'min_child_samples': 4}. Best is trial 396 with value: 0.1809831248750253.
[I 2025-03-12 12:27:40,510] Trial 397 finished with value: 0.18341164470508087 and parameters: {'learning_rate': 0.019678979292572858, 'depth': 11, 'l2_leaf_reg': 1.5559783780706908, 'min_child_samples': 4}. Best is trial 396 with value: 0.1809831248750253.
[I 2025-03-12 12:27:45,052] Trial 398 finished with value: 0.18287984683195807 and parameters: {'learning_rate': 0.01925396139251997, 'depth': 11, 'l2_leaf_reg': 1.6508790565496427, 'min_child_samples': 4}. Best is trial 396 with value: 0.1809831248750253.
[I 2025-03-12 12:27:51,193] Trial 399 finished with value: 0.18542467660106474 and parameters: {'learning_rate': 0.01997332278091353, 'depth': 12, 'l2_leaf_reg': 1.4804182025412116, 'min_child_samples': 4}. Best is trial 396 with value: 0.1809831248750253.
[I 2025-03-12 12:27:55,569] Trial 400 finished with value: 0.1831623452416706 and parameters: {'learning_rate': 0.01885436783817291, 'depth': 11, 'l2_leaf_reg': 1.5645848928548007, 'min_child_samples': 4}. Best is trial 396 with value: 0.1809831248750253.
[I 2025-03-12 12:27:59,342] Trial 401 finished with value: 0.18855988022599723 and parameters: {'learning_rate': 0.014000351876885806, 'depth': 10, 'l2_leaf_reg': 1.7549361573554003, 'min_child_samples': 4}. Best is trial 396 with value: 0.1809831248750253.
[I 2025-03-12 12:28:03,632] Trial 402 finished with value: 0.18318817829197254 and parameters: {'learning_rate': 0.01846098235863611, 'depth': 11, 'l2_leaf_reg': 1.4346559482232857, 'min_child_samples': 32}. Best is trial 396 with value: 0.1809831248750253.
[I 2025-03-12 12:28:08,338] Trial 403 finished with value: 0.18502782878605456 and parameters: {'learning_rate': 0.019318157317793513, 'depth': 11, 'l2_leaf_reg': 1.6861679865769772, 'min_child_samples': 4}. Best is trial 396 with value: 0.1809831248750253.
[I 2025-03-12 12:28:14,543] Trial 404 finished with value: 0.1855558180192642 and parameters: {'learning_rate': 0.019991575378644644, 'depth': 12, 'l2_leaf_reg': 1.6020937577739627, 'min_child_samples': 16}. Best is trial 396 with value: 0.1809831248750253.
[I 2025-03-12 12:28:18,780] Trial 405 finished with value: 0.18454198130398705 and parameters: {'learning_rate': 0.0179030975575692, 'depth': 11, 'l2_leaf_reg': 0.059151194436518686, 'min_child_samples': 16}. Best is trial 396 with value: 0.1809831248750253.
[I 2025-03-12 12:28:23,364] Trial 406 finished with value: 0.1824215686087497 and parameters: {'learning_rate': 0.018917360100171546, 'depth': 11, 'l2_leaf_reg': 1.3956937285209243, 'min_child_samples': 4}. Best is trial 396 with value: 0.1809831248750253.
[I 2025-03-12 12:28:27,001] Trial 407 finished with value: 0.18656610060547082 and parameters: {'learning_rate': 0.01954280182462393, 'depth': 10, 'l2_leaf_reg': 1.5151243986166025, 'min_child_samples': 16}. Best is trial 396 with value: 0.1809831248750253.
[I 2025-03-12 12:28:31,350] Trial 408 finished with value: 0.1844183675152728 and parameters: {'learning_rate': 0.01839031890457958, 'depth': 11, 'l2_leaf_reg': 0.30061436636510575, 'min_child_samples': 16}. Best is trial 396 with value: 0.1809831248750253.
[I 2025-03-12 12:28:37,572] Trial 409 finished with value: 0.1870785784735629 and parameters: {'learning_rate': 0.01933881955968402, 'depth': 12, 'l2_leaf_reg': 1.5822395803869185, 'min_child_samples': 16}. Best is trial 396 with value: 0.1809831248750253.
[I 2025-03-12 12:28:42,197] Trial 410 finished with value: 0.1846407801481877 and parameters: {'learning_rate': 0.019665875752483866, 'depth': 11, 'l2_leaf_reg': 1.3581726348550793, 'min_child_samples': 4}. Best is trial 396 with value: 0.1809831248750253.
[I 2025-03-12 12:28:46,591] Trial 411 finished with value: 0.18344963791787045 and parameters: {'learning_rate': 0.018997921914589475, 'depth': 11, 'l2_leaf_reg': 1.45197476836752, 'min_child_samples': 32}. Best is trial 396 with value: 0.1809831248750253.
[I 2025-03-12 12:28:50,281] Trial 412 finished with value: 0.1841692421035089 and parameters: {'learning_rate': 0.01999623555873763, 'depth': 10, 'l2_leaf_reg': 1.6511860433464276, 'min_child_samples': 16}. Best is trial 396 with value: 0.1809831248750253.
[I 2025-03-12 12:28:54,911] Trial 413 finished with value: 0.18204508817895745 and parameters: {'learning_rate': 0.01865385349338773, 'depth': 11, 'l2_leaf_reg': 1.505236426488707, 'min_child_samples': 16}. Best is trial 396 with value: 0.1809831248750253.
[I 2025-03-12 12:28:59,280] Trial 414 finished with value: 0.1849455677651994 and parameters: {'learning_rate': 0.017726710904787352, 'depth': 11, 'l2_leaf_reg': 1.5223363555401432, 'min_child_samples': 8}. Best is trial 396 with value: 0.1809831248750253.
[I 2025-03-12 12:29:05,524] Trial 415 finished with value: 0.18662768403774965 and parameters: {'learning_rate': 0.01856842614306239, 'depth': 12, 'l2_leaf_reg': 1.4622927801750563, 'min_child_samples': 16}. Best is trial 396 with value: 0.1809831248750253.
[I 2025-03-12 12:29:10,003] Trial 416 finished with value: 0.18307457858730503 and parameters: {'learning_rate': 0.018076516424013492, 'depth': 11, 'l2_leaf_reg': 1.5701635201331214, 'min_child_samples': 4}. Best is trial 396 with value: 0.1809831248750253.
[I 2025-03-12 12:29:14,364] Trial 417 finished with value: 0.18444366388252592 and parameters: {'learning_rate': 0.01938860114880597, 'depth': 11, 'l2_leaf_reg': 0.17448411999302166, 'min_child_samples': 16}. Best is trial 396 with value: 0.1809831248750253.
[I 2025-03-12 12:29:17,961] Trial 418 finished with value: 0.1853608351446475 and parameters: {'learning_rate': 0.018890767857340826, 'depth': 10, 'l2_leaf_reg': 1.7907619341424441, 'min_child_samples': 16}. Best is trial 396 with value: 0.1809831248750253.
[I 2025-03-12 12:29:22,507] Trial 419 finished with value: 0.18234783303726343 and parameters: {'learning_rate': 0.019607957790437777, 'depth': 11, 'l2_leaf_reg': 1.5000097383714686, 'min_child_samples': 16}. Best is trial 396 with value: 0.1809831248750253.
[I 2025-03-12 12:29:26,862] Trial 420 finished with value: 0.1856106967723918 and parameters: {'learning_rate': 0.017329718543656066, 'depth': 11, 'l2_leaf_reg': 1.685509690237868, 'min_child_samples': 4}. Best is trial 396 with value: 0.1809831248750253.
[I 2025-03-12 12:29:36,436] Trial 421 finished with value: 0.19118182196256803 and parameters: {'learning_rate': 0.018533236087075085, 'depth': 13, 'l2_leaf_reg': 1.6155224920753044, 'min_child_samples': 16}. Best is trial 396 with value: 0.1809831248750253.
[I 2025-03-12 12:29:39,763] Trial 422 finished with value: 0.18580024808890397 and parameters: {'learning_rate': 0.019243671592091647, 'depth': 10, 'l2_leaf_reg': 0.34171176117841406, 'min_child_samples': 16}. Best is trial 396 with value: 0.1809831248750253.
[I 2025-03-12 12:29:44,306] Trial 423 finished with value: 0.18129090005846613 and parameters: {'learning_rate': 0.01969165036371343, 'depth': 11, 'l2_leaf_reg': 1.4084886325812607, 'min_child_samples': 16}. Best is trial 396 with value: 0.1809831248750253.
[I 2025-03-12 12:29:50,427] Trial 424 finished with value: 0.18725277621006195 and parameters: {'learning_rate': 0.019718492483689697, 'depth': 12, 'l2_leaf_reg': 1.3889247754896146, 'min_child_samples': 4}. Best is trial 396 with value: 0.1809831248750253.
[I 2025-03-12 12:29:54,754] Trial 425 finished with value: 0.18417265881403674 and parameters: {'learning_rate': 0.019661903661589538, 'depth': 11, 'l2_leaf_reg': 1.4563687238630627, 'min_child_samples': 16}. Best is trial 396 with value: 0.1809831248750253.
[I 2025-03-12 12:29:59,357] Trial 426 finished with value: 0.18205302545153346 and parameters: {'learning_rate': 0.01997376382711514, 'depth': 11, 'l2_leaf_reg': 1.3479321058428284, 'min_child_samples': 32}. Best is trial 396 with value: 0.1809831248750253.
[I 2025-03-12 12:30:03,688] Trial 427 finished with value: 0.18233475239209496 and parameters: {'learning_rate': 0.019925136610940957, 'depth': 11, 'l2_leaf_reg': 1.353467787141211, 'min_child_samples': 4}. Best is trial 396 with value: 0.1809831248750253.
[I 2025-03-12 12:30:08,314] Trial 428 finished with value: 0.18201435245650024 and parameters: {'learning_rate': 0.019956803603689257, 'depth': 11, 'l2_leaf_reg': 1.4230804349142128, 'min_child_samples': 32}. Best is trial 396 with value: 0.1809831248750253.
[I 2025-03-12 12:30:11,869] Trial 429 finished with value: 0.18472063880283504 and parameters: {'learning_rate': 0.01963682232657024, 'depth': 10, 'l2_leaf_reg': 1.4118569559684635, 'min_child_samples': 32}. Best is trial 396 with value: 0.1809831248750253.
[I 2025-03-12 12:30:18,107] Trial 430 finished with value: 0.1877738586279203 and parameters: {'learning_rate': 0.019337200234715166, 'depth': 12, 'l2_leaf_reg': 1.470764485011016, 'min_child_samples': 32}. Best is trial 396 with value: 0.1809831248750253.
[I 2025-03-12 12:30:22,411] Trial 431 finished with value: 0.18201425728453807 and parameters: {'learning_rate': 0.019725075895709543, 'depth': 11, 'l2_leaf_reg': 1.3920935025015773, 'min_child_samples': 32}. Best is trial 396 with value: 0.1809831248750253.
[I 2025-03-12 12:30:28,614] Trial 432 finished with value: 0.1876342792006158 and parameters: {'learning_rate': 0.019411989123030483, 'depth': 12, 'l2_leaf_reg': 1.5205309954839266, 'min_child_samples': 32}. Best is trial 396 with value: 0.1809831248750253.
[I 2025-03-12 12:30:33,085] Trial 433 finished with value: 0.18414735770038837 and parameters: {'learning_rate': 0.01961950139749084, 'depth': 11, 'l2_leaf_reg': 1.3892028710846154, 'min_child_samples': 32}. Best is trial 396 with value: 0.1809831248750253.
[I 2025-03-12 12:30:37,501] Trial 434 finished with value: 0.18267980733552236 and parameters: {'learning_rate': 0.019187104324808378, 'depth': 11, 'l2_leaf_reg': 1.4309325853207178, 'min_child_samples': 32}. Best is trial 396 with value: 0.1809831248750253.
[I 2025-03-12 12:30:40,813] Trial 435 finished with value: 0.2249677983335491 and parameters: {'learning_rate': 0.005836506745069545, 'depth': 10, 'l2_leaf_reg': 1.4951978107585822, 'min_child_samples': 32}. Best is trial 396 with value: 0.1809831248750253.
[I 2025-03-12 12:30:45,242] Trial 436 finished with value: 0.18252799822275945 and parameters: {'learning_rate': 0.01997596512424453, 'depth': 11, 'l2_leaf_reg': 1.4177771050679293, 'min_child_samples': 32}. Best is trial 396 with value: 0.1809831248750253.
