[I 2025-03-12 19:22:48,496] Trial 43 finished with value: 0.46829086934230946 and parameters: {'learning_rate': 0.0193167942109795, 'depth': 8, 'l2_leaf_reg': 0.9627148755004981, 'min_child_samples': 4}. Best is trial 42 with value: 0.4672208424087402.
[I 2025-03-12 19:22:50,725] Trial 44 finished with value: 0.48253177149756526 and parameters: {'learning_rate': 0.01990030286093576, 'depth': 6, 'l2_leaf_reg': 0.5371565919643136, 'min_child_samples': 4}. Best is trial 42 with value: 0.4672208424087402.
[I 2025-03-12 19:22:53,341] Trial 45 finished with value: 0.4722447703396327 and parameters: {'learning_rate': 0.01644818931847136, 'depth': 8, 'l2_leaf_reg': 1.0073855144484316, 'min_child_samples': 4}. Best is trial 42 with value: 0.4672208424087402.
[I 2025-03-12 19:22:55,714] Trial 46 finished with value: 0.4765762176705346 and parameters: {'learning_rate': 0.017676124961532688, 'depth': 7, 'l2_leaf_reg': 0.5808107219901528, 'min_child_samples': 8}. Best is trial 42 with value: 0.4672208424087402.
[I 2025-03-12 19:22:58,785] Trial 47 finished with value: 0.46738151117337573 and parameters: {'learning_rate': 0.01946070760620421, 'depth': 9, 'l2_leaf_reg': 2.0309840274810376, 'min_child_samples': 4}. Best is trial 42 with value: 0.4672208424087402.
[I 2025-03-12 19:23:01,897] Trial 48 finished with value: 0.46956297218632415 and parameters: {'learning_rate': 0.019221176921796392, 'depth': 9, 'l2_leaf_reg': 2.207213346097965, 'min_child_samples': 8}. Best is trial 42 with value: 0.4672208424087402.
[I 2025-03-12 19:23:04,318] Trial 49 finished with value: 0.48452645964499685 and parameters: {'learning_rate': 0.019329404248249835, 'depth': 6, 'l2_leaf_reg': 0.7871150680266705, 'min_child_samples': 4}. Best is trial 42 with value: 0.4672208424087402.
[I 2025-03-12 19:23:06,248] Trial 50 finished with value: 0.5055382518708966 and parameters: {'learning_rate': 0.017813050951622864, 'depth': 5, 'l2_leaf_reg': 2.0350262440049307, 'min_child_samples': 32}. Best is trial 42 with value: 0.4672208424087402.
[I 2025-03-12 19:23:09,686] Trial 51 finished with value: 0.4684451453999956 and parameters: {'learning_rate': 0.019124066647228925, 'depth': 9, 'l2_leaf_reg': 1.9250759287599564, 'min_child_samples': 4}. Best is trial 42 with value: 0.4672208424087402.
[I 2025-03-12 19:23:13,435] Trial 52 finished with value: 0.4676897829783654 and parameters: {'learning_rate': 0.019876012449752054, 'depth': 9, 'l2_leaf_reg': 2.227235412585176, 'min_child_samples': 4}. Best is trial 42 with value: 0.4672208424087402.
[I 2025-03-12 19:23:16,891] Trial 53 finished with value: 0.4687460814841842 and parameters: {'learning_rate': 0.019886385125861786, 'depth': 8, 'l2_leaf_reg': 2.5365507513283614, 'min_child_samples': 4}. Best is trial 42 with value: 0.4672208424087402.
[I 2025-03-12 19:23:20,942] Trial 54 finished with value: 0.4693129525770472 and parameters: {'learning_rate': 0.017867646178894473, 'depth': 9, 'l2_leaf_reg': 2.7577063699550526, 'min_child_samples': 4}. Best is trial 42 with value: 0.4672208424087402.
[I 2025-03-12 19:23:24,665] Trial 55 finished with value: 0.468250684292384 and parameters: {'learning_rate': 0.019924925292955063, 'depth': 8, 'l2_leaf_reg': 2.1910406004832943, 'min_child_samples': 4}. Best is trial 42 with value: 0.4672208424087402.
[I 2025-03-12 19:23:31,450] Trial 56 finished with value: 0.47435582882221883 and parameters: {'learning_rate': 0.018944455621822363, 'depth': 12, 'l2_leaf_reg': 2.2164785422092224, 'min_child_samples': 8}. Best is trial 42 with value: 0.4672208424087402.
[I 2025-03-12 19:23:33,828] Trial 57 finished with value: 0.4790234660324323 and parameters: {'learning_rate': 0.016499328356088323, 'depth': 7, 'l2_leaf_reg': 2.4437281689307895, 'min_child_samples': 16}. Best is trial 42 with value: 0.4672208424087402.
[I 2025-03-12 19:23:38,278] Trial 58 finished with value: 0.47204888378684334 and parameters: {'learning_rate': 0.019903884801311784, 'depth': 11, 'l2_leaf_reg': 1.8124826215001926, 'min_child_samples': 4}. Best is trial 42 with value: 0.4672208424087402.
[I 2025-03-12 19:23:41,313] Trial 59 finished with value: 0.47022398658050213 and parameters: {'learning_rate': 0.017666861360534195, 'depth': 9, 'l2_leaf_reg': 2.1178141426905794, 'min_child_samples': 1}. Best is trial 42 with value: 0.4672208424087402.
[I 2025-03-12 19:23:45,931] Trial 60 finished with value: 0.47598442800389684 and parameters: {'learning_rate': 0.013745608763576354, 'depth': 11, 'l2_leaf_reg': 2.315563072505636, 'min_child_samples': 4}. Best is trial 42 with value: 0.4672208424087402.
[I 2025-03-12 19:23:48,507] Trial 61 finished with value: 0.47044528477118974 and parameters: {'learning_rate': 0.019427670628926804, 'depth': 8, 'l2_leaf_reg': 2.484924555232667, 'min_child_samples': 4}. Best is trial 42 with value: 0.4672208424087402.
[I 2025-03-12 19:23:51,287] Trial 62 finished with value: 0.4701276477336522 and parameters: {'learning_rate': 0.018300256567554265, 'depth': 8, 'l2_leaf_reg': 2.6399541877951425, 'min_child_samples': 4}. Best is trial 42 with value: 0.4672208424087402.
[I 2025-03-12 19:23:53,604] Trial 63 finished with value: 0.4760019067859318 and parameters: {'learning_rate': 0.01920174594960303, 'depth': 7, 'l2_leaf_reg': 2.0814519244282907, 'min_child_samples': 4}. Best is trial 42 with value: 0.4672208424087402.
[I 2025-03-12 19:23:56,822] Trial 64 finished with value: 0.46591905004998774 and parameters: {'learning_rate': 0.019941654288441968, 'depth': 9, 'l2_leaf_reg': 2.225059827947226, 'min_child_samples': 4}. Best is trial 64 with value: 0.46591905004998774.
[I 2025-03-12 19:23:59,833] Trial 65 finished with value: 0.467601271055358 and parameters: {'learning_rate': 0.019970661975384028, 'depth': 9, 'l2_leaf_reg': 2.3885790436762626, 'min_child_samples': 8}. Best is trial 64 with value: 0.46591905004998774.
[I 2025-03-12 19:24:09,212] Trial 66 finished with value: 0.48898624349750625 and parameters: {'learning_rate': 0.015141802559477512, 'depth': 13, 'l2_leaf_reg': 2.831470330950392, 'min_child_samples': 8}. Best is trial 64 with value: 0.46591905004998774.
[I 2025-03-12 19:24:12,266] Trial 67 finished with value: 0.46726240714086414 and parameters: {'learning_rate': 0.018260949849808774, 'depth': 9, 'l2_leaf_reg': 2.373328271742633, 'min_child_samples': 8}. Best is trial 64 with value: 0.46591905004998774.
[I 2025-03-12 19:24:16,053] Trial 68 finished with value: 0.46952887612778643 and parameters: {'learning_rate': 0.01720290050563275, 'depth': 10, 'l2_leaf_reg': 2.408911812631937, 'min_child_samples': 8}. Best is trial 64 with value: 0.46591905004998774.
[I 2025-03-12 19:24:18,860] Trial 69 finished with value: 0.6180500395789834 and parameters: {'learning_rate': 0.0037000389545569987, 'depth': 9, 'l2_leaf_reg': 2.668775942411407, 'min_child_samples': 8}. Best is trial 64 with value: 0.46591905004998774.
[I 2025-03-12 19:24:22,315] Trial 70 finished with value: 0.4689503839971732 and parameters: {'learning_rate': 0.018240907254412454, 'depth': 10, 'l2_leaf_reg': 2.272261510534526, 'min_child_samples': 8}. Best is trial 64 with value: 0.46591905004998774.
[I 2025-03-12 19:24:25,219] Trial 71 finished with value: 0.4688348259705035 and parameters: {'learning_rate': 0.018827741088711953, 'depth': 9, 'l2_leaf_reg': 2.343000348867021, 'min_child_samples': 8}. Best is trial 64 with value: 0.46591905004998774.
[I 2025-03-12 19:24:29,887] Trial 72 finished with value: 0.47356913635399117 and parameters: {'learning_rate': 0.01998883332052529, 'depth': 11, 'l2_leaf_reg': 1.9150601513617034, 'min_child_samples': 8}. Best is trial 64 with value: 0.46591905004998774.
[I 2025-03-12 19:24:33,430] Trial 73 finished with value: 0.46883333836237395 and parameters: {'learning_rate': 0.016396858919030116, 'depth': 10, 'l2_leaf_reg': 2.591454595779737, 'min_child_samples': 8}. Best is trial 64 with value: 0.46591905004998774.
[I 2025-03-12 19:24:36,448] Trial 74 finished with value: 0.5636762090948632 and parameters: {'learning_rate': 0.0046118230010034796, 'depth': 9, 'l2_leaf_reg': 2.0280892736024976, 'min_child_samples': 8}. Best is trial 64 with value: 0.46591905004998774.
[I 2025-03-12 19:24:38,785] Trial 75 finished with value: 0.47632151378357396 and parameters: {'learning_rate': 0.018190009668885117, 'depth': 7, 'l2_leaf_reg': 2.1423294219234723, 'min_child_samples': 32}. Best is trial 64 with value: 0.46591905004998774.
[I 2025-03-12 19:24:42,415] Trial 76 finished with value: 0.46901966488009045 and parameters: {'learning_rate': 0.017423381749243384, 'depth': 10, 'l2_leaf_reg': 1.5862625995974147, 'min_child_samples': 16}. Best is trial 64 with value: 0.46591905004998774.
[I 2025-03-12 19:24:45,423] Trial 77 finished with value: 0.4684046275470853 and parameters: {'learning_rate': 0.018906004472567392, 'depth': 9, 'l2_leaf_reg': 1.7403727594293918, 'min_child_samples': 8}. Best is trial 64 with value: 0.46591905004998774.
[I 2025-03-12 19:24:51,516] Trial 78 finished with value: 0.48209221463636165 and parameters: {'learning_rate': 0.009645607047453226, 'depth': 12, 'l2_leaf_reg': 2.3985463609911277, 'min_child_samples': 1}. Best is trial 64 with value: 0.46591905004998774.
[I 2025-03-12 19:24:54,042] Trial 79 finished with value: 0.47882282632588763 and parameters: {'learning_rate': 0.011933859511485642, 'depth': 8, 'l2_leaf_reg': 2.2370780162909725, 'min_child_samples': 4}. Best is trial 64 with value: 0.46591905004998774.
[I 2025-03-12 19:24:57,832] Trial 80 finished with value: 0.46894838679702144 and parameters: {'learning_rate': 0.018694665361657002, 'depth': 10, 'l2_leaf_reg': 2.479170072284844, 'min_child_samples': 8}. Best is trial 64 with value: 0.46591905004998774.
[I 2025-03-12 19:25:00,433] Trial 81 finished with value: 0.4671997995404639 and parameters: {'learning_rate': 0.019471524043943554, 'depth': 8, 'l2_leaf_reg': 2.1586486228457322, 'min_child_samples': 4}. Best is trial 64 with value: 0.46591905004998774.
[I 2025-03-12 19:25:03,568] Trial 82 finished with value: 0.4696219464066723 and parameters: {'learning_rate': 0.019529610671194998, 'depth': 9, 'l2_leaf_reg': 2.3532080556140524, 'min_child_samples': 4}. Best is trial 64 with value: 0.46591905004998774.
[I 2025-03-12 19:25:06,248] Trial 83 finished with value: 0.4685864077951464 and parameters: {'learning_rate': 0.01806526061021478, 'depth': 8, 'l2_leaf_reg': 2.073984354570464, 'min_child_samples': 4}. Best is trial 64 with value: 0.46591905004998774.
[I 2025-03-12 19:25:09,511] Trial 84 finished with value: 0.46844722328130844 and parameters: {'learning_rate': 0.01942005739277715, 'depth': 9, 'l2_leaf_reg': 1.8226525207981052, 'min_child_samples': 4}. Best is trial 64 with value: 0.46591905004998774.
[I 2025-03-12 19:25:13,794] Trial 85 finished with value: 0.4743234209906206 and parameters: {'learning_rate': 0.01864146902327047, 'depth': 11, 'l2_leaf_reg': 1.9700290820972148, 'min_child_samples': 4}. Best is trial 64 with value: 0.46591905004998774.
[I 2025-03-12 19:25:16,580] Trial 86 finished with value: 0.4702514641780107 and parameters: {'learning_rate': 0.01725781711866916, 'depth': 8, 'l2_leaf_reg': 1.6576132794487826, 'min_child_samples': 4}. Best is trial 64 with value: 0.46591905004998774.
[I 2025-03-12 19:25:19,790] Trial 87 finished with value: 0.7625831719093719 and parameters: {'learning_rate': 0.0023620008954312764, 'depth': 10, 'l2_leaf_reg': 1.3460936680935967, 'min_child_samples': 32}. Best is trial 64 with value: 0.46591905004998774.
[I 2025-03-12 19:25:22,096] Trial 88 finished with value: 0.4748536659700104 and parameters: {'learning_rate': 0.01907850553512942, 'depth': 7, 'l2_leaf_reg': 2.2780797514891433, 'min_child_samples': 4}. Best is trial 64 with value: 0.46591905004998774.
[I 2025-03-12 19:25:25,066] Trial 89 finished with value: 0.5037690348796643 and parameters: {'learning_rate': 0.007067309599023975, 'depth': 9, 'l2_leaf_reg': 2.187149016053028, 'min_child_samples': 8}. Best is trial 64 with value: 0.46591905004998774.
[I 2025-03-12 19:25:28,091] Trial 90 finished with value: 0.46864841046496264 and parameters: {'learning_rate': 0.017815654351146334, 'depth': 9, 'l2_leaf_reg': 1.1479315460210693, 'min_child_samples': 4}. Best is trial 64 with value: 0.46591905004998774.
[I 2025-03-12 19:25:30,781] Trial 91 finished with value: 0.4687144865836869 and parameters: {'learning_rate': 0.019989892554077363, 'depth': 8, 'l2_leaf_reg': 2.1678712405264493, 'min_child_samples': 4}. Best is trial 64 with value: 0.46591905004998774.
[I 2025-03-12 19:25:33,374] Trial 92 finished with value: 0.4696582852545029 and parameters: {'learning_rate': 0.01954771125802514, 'depth': 8, 'l2_leaf_reg': 2.5290727478542494, 'min_child_samples': 4}. Best is trial 64 with value: 0.46591905004998774.
[I 2025-03-12 19:25:36,890] Trial 93 finished with value: 0.47062710336449237 and parameters: {'learning_rate': 0.019536664765585396, 'depth': 10, 'l2_leaf_reg': 2.3101099934823877, 'min_child_samples': 4}. Best is trial 64 with value: 0.46591905004998774.
[I 2025-03-12 19:25:39,217] Trial 94 finished with value: 0.47608235650307756 and parameters: {'learning_rate': 0.018387767403256747, 'depth': 7, 'l2_leaf_reg': 1.9091536009012753, 'min_child_samples': 4}. Best is trial 64 with value: 0.46591905004998774.
[I 2025-03-12 19:25:42,432] Trial 95 finished with value: 0.4666877399738459 and parameters: {'learning_rate': 0.019097641236881926, 'depth': 9, 'l2_leaf_reg': 2.149396290966106, 'min_child_samples': 16}. Best is trial 64 with value: 0.46591905004998774.
[I 2025-03-12 19:25:46,205] Trial 96 finished with value: 0.46876812223082653 and parameters: {'learning_rate': 0.01667563142339313, 'depth': 10, 'l2_leaf_reg': 2.0571117555946206, 'min_child_samples': 16}. Best is trial 64 with value: 0.46591905004998774.
[I 2025-03-12 19:25:49,306] Trial 97 finished with value: 0.4676848942564995 and parameters: {'learning_rate': 0.018954691739838225, 'depth': 9, 'l2_leaf_reg': 1.9664368769476468, 'min_child_samples': 16}. Best is trial 64 with value: 0.46591905004998774.
[I 2025-03-12 19:25:52,373] Trial 98 finished with value: 0.4681125515382435 and parameters: {'learning_rate': 0.018843925775778717, 'depth': 9, 'l2_leaf_reg': 2.444292074389357, 'min_child_samples': 16}. Best is trial 64 with value: 0.46591905004998774.
[I 2025-03-12 19:25:56,945] Trial 99 finished with value: 0.47945362622095744 and parameters: {'learning_rate': 0.010501239270680222, 'depth': 11, 'l2_leaf_reg': 1.9900170305110516, 'min_child_samples': 16}. Best is trial 64 with value: 0.46591905004998774.
[I 2025-03-12 19:25:59,750] Trial 100 finished with value: 0.46919652026020287 and parameters: {'learning_rate': 0.017902021138253992, 'depth': 9, 'l2_leaf_reg': 2.121656660469778, 'min_child_samples': 16}. Best is trial 64 with value: 0.46591905004998774.
[I 2025-03-12 19:26:02,765] Trial 101 finished with value: 0.46888445001537243 and parameters: {'learning_rate': 0.019032413515639203, 'depth': 9, 'l2_leaf_reg': 2.2352394660433497, 'min_child_samples': 16}. Best is trial 64 with value: 0.46591905004998774.
[I 2025-03-12 19:26:05,463] Trial 102 finished with value: 0.47034290068910767 and parameters: {'learning_rate': 0.018438638189911045, 'depth': 8, 'l2_leaf_reg': 1.8558001236369883, 'min_child_samples': 16}. Best is trial 64 with value: 0.46591905004998774.
[I 2025-03-12 19:26:09,181] Trial 103 finished with value: 0.4692758524086623 and parameters: {'learning_rate': 0.019604369896910362, 'depth': 10, 'l2_leaf_reg': 2.377837758146718, 'min_child_samples': 16}. Best is trial 64 with value: 0.46591905004998774.
[I 2025-03-12 19:26:12,226] Trial 104 finished with value: 0.4681953785614541 and parameters: {'learning_rate': 0.019178146952719934, 'depth': 9, 'l2_leaf_reg': 1.7555344149999015, 'min_child_samples': 16}. Best is trial 64 with value: 0.46591905004998774.
[I 2025-03-12 19:26:14,772] Trial 105 finished with value: 0.472221554791136 and parameters: {'learning_rate': 0.017546278474954734, 'depth': 8, 'l2_leaf_reg': 2.1592001786280486, 'min_child_samples': 8}. Best is trial 64 with value: 0.46591905004998774.
[I 2025-03-12 19:26:19,050] Trial 106 finished with value: 0.47088401695753523 and parameters: {'learning_rate': 0.018560549621649415, 'depth': 10, 'l2_leaf_reg': 1.5134169843804024, 'min_child_samples': 1}. Best is trial 64 with value: 0.46591905004998774.
[I 2025-03-12 19:26:22,679] Trial 107 finished with value: 0.4669048558421223 and parameters: {'learning_rate': 0.019993522696227856, 'depth': 9, 'l2_leaf_reg': 2.2638804019389647, 'min_child_samples': 8}. Best is trial 64 with value: 0.46591905004998774.
[I 2025-03-12 19:26:26,566] Trial 108 finished with value: 0.4697926910446215 and parameters: {'learning_rate': 0.019561075095747307, 'depth': 9, 'l2_leaf_reg': 2.595306932176953, 'min_child_samples': 16}. Best is trial 64 with value: 0.46591905004998774.
[I 2025-03-12 19:26:30,361] Trial 109 finished with value: 0.46842347204319573 and parameters: {'learning_rate': 0.01997140562562273, 'depth': 8, 'l2_leaf_reg': 2.2997071845324584, 'min_child_samples': 8}. Best is trial 64 with value: 0.46591905004998774.
[I 2025-03-12 19:26:35,372] Trial 110 finished with value: 0.47347487041345787 and parameters: {'learning_rate': 0.01813255845483449, 'depth': 11, 'l2_leaf_reg': 2.701402347779847, 'min_child_samples': 4}. Best is trial 64 with value: 0.46591905004998774.
[I 2025-03-12 19:26:39,274] Trial 111 finished with value: 0.4665138701491259 and parameters: {'learning_rate': 0.019149779119356697, 'depth': 9, 'l2_leaf_reg': 2.48683834517012, 'min_child_samples': 8}. Best is trial 64 with value: 0.46591905004998774.
[I 2025-03-12 19:26:43,506] Trial 112 finished with value: 0.47110047766026464 and parameters: {'learning_rate': 0.01908142167097861, 'depth': 10, 'l2_leaf_reg': 2.267465255704562, 'min_child_samples': 8}. Best is trial 64 with value: 0.46591905004998774.
[I 2025-03-12 19:26:46,654] Trial 113 finished with value: 0.4686223453827383 and parameters: {'learning_rate': 0.01923793410642756, 'depth': 9, 'l2_leaf_reg': 2.4569123803399355, 'min_child_samples': 8}. Best is trial 64 with value: 0.46591905004998774.
[I 2025-03-12 19:26:49,662] Trial 114 finished with value: 0.4673155362983563 and parameters: {'learning_rate': 0.0188005132325186, 'depth': 9, 'l2_leaf_reg': 2.3455723999727516, 'min_child_samples': 8}. Best is trial 64 with value: 0.46591905004998774.
[I 2025-03-12 19:26:52,810] Trial 115 finished with value: 0.4688510034715052 and parameters: {'learning_rate': 0.01878899729680004, 'depth': 9, 'l2_leaf_reg': 2.5050161470556325, 'min_child_samples': 8}. Best is trial 64 with value: 0.46591905004998774.
[I 2025-03-12 19:26:54,555] Trial 116 finished with value: 0.562342626476569 and parameters: {'learning_rate': 0.016890175107258355, 'depth': 3, 'l2_leaf_reg': 2.7936312365856333, 'min_child_samples': 8}. Best is trial 64 with value: 0.46591905004998774.
[I 2025-03-12 19:26:57,016] Trial 117 finished with value: 0.47785938604194245 and parameters: {'learning_rate': 0.017433856199198332, 'depth': 7, 'l2_leaf_reg': 2.3857641620143673, 'min_child_samples': 8}. Best is trial 64 with value: 0.46591905004998774.
[I 2025-03-12 19:27:00,610] Trial 118 finished with value: 0.47138315527554775 and parameters: {'learning_rate': 0.018160940369038744, 'depth': 10, 'l2_leaf_reg': 2.5663701789646556, 'min_child_samples': 8}. Best is trial 64 with value: 0.46591905004998774.
[I 2025-03-12 19:27:03,117] Trial 119 finished with value: 0.46984659785119093 and parameters: {'learning_rate': 0.01849661569753647, 'depth': 8, 'l2_leaf_reg': 2.352281033993529, 'min_child_samples': 8}. Best is trial 64 with value: 0.46591905004998774.
[I 2025-03-12 19:27:05,763] Trial 120 finished with value: 0.4940417172763346 and parameters: {'learning_rate': 0.008943907611713731, 'depth': 8, 'l2_leaf_reg': 2.192768155019947, 'min_child_samples': 32}. Best is trial 64 with value: 0.46591905004998774.
[I 2025-03-12 19:27:08,726] Trial 121 finished with value: 0.4694370910376377 and parameters: {'learning_rate': 0.019576584123298685, 'depth': 9, 'l2_leaf_reg': 2.0790587609121434, 'min_child_samples': 8}. Best is trial 64 with value: 0.46591905004998774.
[I 2025-03-12 19:27:11,832] Trial 122 finished with value: 0.46780822104867714 and parameters: {'learning_rate': 0.019961525957043973, 'depth': 9, 'l2_leaf_reg': 2.2437230089406333, 'min_child_samples': 4}. Best is trial 64 with value: 0.46591905004998774.
[I 2025-03-12 19:27:37,324] Trial 123 finished with value: 0.540475834248928 and parameters: {'learning_rate': 0.01921423026935051, 'depth': 15, 'l2_leaf_reg': 2.4286365805652133, 'min_child_samples': 8}. Best is trial 64 with value: 0.46591905004998774.
[I 2025-03-12 19:27:41,693] Trial 124 finished with value: 0.4699884701890769 and parameters: {'learning_rate': 0.018864045815393336, 'depth': 10, 'l2_leaf_reg': 2.3153856412226914, 'min_child_samples': 4}. Best is trial 64 with value: 0.46591905004998774.
[I 2025-03-12 19:27:45,488] Trial 125 finished with value: 0.467757934876156 and parameters: {'learning_rate': 0.019631453271868944, 'depth': 9, 'l2_leaf_reg': 0.015487758520647432, 'min_child_samples': 1}. Best is trial 64 with value: 0.46591905004998774.
[I 2025-03-12 19:27:49,066] Trial 126 finished with value: 0.46849567948835824 and parameters: {'learning_rate': 0.017814660554894786, 'depth': 10, 'l2_leaf_reg': 2.1233334007657927, 'min_child_samples': 8}. Best is trial 64 with value: 0.46591905004998774.
[I 2025-03-12 19:27:51,753] Trial 127 finished with value: 0.46936431550633706 and parameters: {'learning_rate': 0.018668646464371694, 'depth': 8, 'l2_leaf_reg': 2.6292578863955876, 'min_child_samples': 4}. Best is trial 64 with value: 0.46591905004998774.
[I 2025-03-12 19:27:54,681] Trial 128 finished with value: 0.4686061330479488 and parameters: {'learning_rate': 0.019283961788305243, 'depth': 9, 'l2_leaf_reg': 2.4788901621421306, 'min_child_samples': 16}. Best is trial 64 with value: 0.46591905004998774.
