[I 2025-03-12 16:52:14,809] Trial 108 finished with value: 0.28748402068155965 and parameters: {'learning_rate': 0.014114278084171388, 'depth': 15, 'l2_leaf_reg': 0.29875898518546096, 'min_child_samples': 1}. Best is trial 80 with value: 0.27234404950128965.
[I 2025-03-12 16:52:18,037] Trial 109 finished with value: 0.28803115325217543 and parameters: {'learning_rate': 0.012624538206750684, 'depth': 11, 'l2_leaf_reg': 0.5395362146724192, 'min_child_samples': 16}. Best is trial 80 with value: 0.27234404950128965.
[I 2025-03-12 16:52:20,087] Trial 110 finished with value: 0.33219451230052155 and parameters: {'learning_rate': 0.01695327587218199, 'depth': 4, 'l2_leaf_reg': 0.3964193965179422, 'min_child_samples': 16}. Best is trial 80 with value: 0.27234404950128965.
[I 2025-03-12 16:52:29,371] Trial 111 finished with value: 0.27189846600563594 and parameters: {'learning_rate': 0.014714025867627089, 'depth': 13, 'l2_leaf_reg': 0.5111647147404674, 'min_child_samples': 16}. Best is trial 111 with value: 0.27189846600563594.
[I 2025-03-12 16:52:35,477] Trial 112 finished with value: 0.282162095409839 and parameters: {'learning_rate': 0.013359140731233914, 'depth': 12, 'l2_leaf_reg': 0.496239788831095, 'min_child_samples': 16}. Best is trial 111 with value: 0.27189846600563594.
[I 2025-03-12 16:52:44,865] Trial 113 finished with value: 0.27525747088682073 and parameters: {'learning_rate': 0.015452791927151833, 'depth': 13, 'l2_leaf_reg': 0.19390854210170444, 'min_child_samples': 16}. Best is trial 111 with value: 0.27189846600563594.
[I 2025-03-12 16:53:00,332] Trial 114 finished with value: 0.27902469805961 and parameters: {'learning_rate': 0.014880021137197242, 'depth': 14, 'l2_leaf_reg': 0.427857720173384, 'min_child_samples': 16}. Best is trial 111 with value: 0.27189846600563594.
[I 2025-03-12 16:53:09,601] Trial 115 finished with value: 0.2764575976307568 and parameters: {'learning_rate': 0.01069799906927817, 'depth': 13, 'l2_leaf_reg': 0.3381068698287122, 'min_child_samples': 16}. Best is trial 111 with value: 0.27189846600563594.
[I 2025-03-12 16:53:14,888] Trial 116 finished with value: 0.2786959130391867 and parameters: {'learning_rate': 0.01467332698428675, 'depth': 12, 'l2_leaf_reg': 0.5240389350102364, 'min_child_samples': 16}. Best is trial 111 with value: 0.27189846600563594.
[I 2025-03-12 16:53:30,775] Trial 117 finished with value: 0.27576171344443584 and parameters: {'learning_rate': 0.017625678747812727, 'depth': 14, 'l2_leaf_reg': 0.2786487404145346, 'min_child_samples': 8}. Best is trial 111 with value: 0.27189846600563594.
[I 2025-03-12 16:53:39,716] Trial 118 finished with value: 0.40774550585027114 and parameters: {'learning_rate': 0.0010721687327730958, 'depth': 13, 'l2_leaf_reg': 0.6658019761922346, 'min_child_samples': 16}. Best is trial 111 with value: 0.27189846600563594.
[I 2025-03-12 16:53:45,008] Trial 119 finished with value: 0.2834192627614944 and parameters: {'learning_rate': 0.013787578088872175, 'depth': 12, 'l2_leaf_reg': 0.4165173848485142, 'min_child_samples': 16}. Best is trial 111 with value: 0.27189846600563594.
[I 2025-03-12 16:53:54,504] Trial 120 finished with value: 0.27236621269118366 and parameters: {'learning_rate': 0.015695053687028553, 'depth': 13, 'l2_leaf_reg': 0.10302516629443781, 'min_child_samples': 16}. Best is trial 111 with value: 0.27189846600563594.
[I 2025-03-12 16:54:03,752] Trial 121 finished with value: 0.2769407316120967 and parameters: {'learning_rate': 0.009090911397576415, 'depth': 13, 'l2_leaf_reg': 0.1262759258247304, 'min_child_samples': 16}. Best is trial 111 with value: 0.27189846600563594.
[I 2025-03-12 16:54:19,080] Trial 122 finished with value: 0.27625386319775996 and parameters: {'learning_rate': 0.015588676933789123, 'depth': 14, 'l2_leaf_reg': 0.23284149078226068, 'min_child_samples': 16}. Best is trial 111 with value: 0.27189846600563594.
[I 2025-03-12 16:54:27,222] Trial 123 finished with value: 0.2760746405905359 and parameters: {'learning_rate': 0.014254121970061701, 'depth': 13, 'l2_leaf_reg': 0.3517874150757728, 'min_child_samples': 16}. Best is trial 111 with value: 0.27189846600563594.
[I 2025-03-12 16:54:32,485] Trial 124 finished with value: 0.2816857290508441 and parameters: {'learning_rate': 0.015899802231250232, 'depth': 12, 'l2_leaf_reg': 0.15949583079445434, 'min_child_samples': 16}. Best is trial 111 with value: 0.27189846600563594.
[I 2025-03-12 16:54:41,590] Trial 125 finished with value: 0.27528205036987047 and parameters: {'learning_rate': 0.011196815448471682, 'depth': 13, 'l2_leaf_reg': 1.1945540133965311, 'min_child_samples': 16}. Best is trial 111 with value: 0.27189846600563594.
[I 2025-03-12 16:54:55,712] Trial 126 finished with value: 0.2778915843792418 and parameters: {'learning_rate': 0.015337835077169668, 'depth': 14, 'l2_leaf_reg': 0.48280917843529714, 'min_child_samples': 32}. Best is trial 111 with value: 0.27189846600563594.
[I 2025-03-12 16:55:00,243] Trial 127 finished with value: 0.2807283602567283 and parameters: {'learning_rate': 0.01695990320105556, 'depth': 12, 'l2_leaf_reg': 1.5854122708876965, 'min_child_samples': 16}. Best is trial 111 with value: 0.27189846600563594.
[I 2025-03-12 16:55:14,875] Trial 128 finished with value: 0.27632287547954726 and parameters: {'learning_rate': 0.016393523948576832, 'depth': 14, 'l2_leaf_reg': 0.2939750963529139, 'min_child_samples': 16}. Best is trial 111 with value: 0.27189846600563594.
[I 2025-03-12 16:55:24,010] Trial 129 finished with value: 0.2752126127849843 and parameters: {'learning_rate': 0.01390322073187523, 'depth': 13, 'l2_leaf_reg': 0.7638065679289823, 'min_child_samples': 16}. Best is trial 111 with value: 0.27189846600563594.
[I 2025-03-12 16:55:33,093] Trial 130 finished with value: 0.2775903142611669 and parameters: {'learning_rate': 0.013096291931580814, 'depth': 13, 'l2_leaf_reg': 0.05306830861684192, 'min_child_samples': 1}. Best is trial 111 with value: 0.27189846600563594.
[I 2025-03-12 16:55:41,396] Trial 131 finished with value: 0.27586525036648263 and parameters: {'learning_rate': 0.016258369425560464, 'depth': 13, 'l2_leaf_reg': 0.5591130364299336, 'min_child_samples': 16}. Best is trial 111 with value: 0.27189846600563594.
[I 2025-03-12 16:55:48,957] Trial 132 finished with value: 0.27571812647817767 and parameters: {'learning_rate': 0.015918624904924197, 'depth': 13, 'l2_leaf_reg': 0.6459982833084279, 'min_child_samples': 16}. Best is trial 111 with value: 0.27189846600563594.
[I 2025-03-12 16:55:53,897] Trial 133 finished with value: 0.2852382741848851 and parameters: {'learning_rate': 0.016670453377021652, 'depth': 12, 'l2_leaf_reg': 0.6083245336952053, 'min_child_samples': 16}. Best is trial 111 with value: 0.27189846600563594.
[I 2025-03-12 16:56:09,583] Trial 134 finished with value: 0.2762868193347058 and parameters: {'learning_rate': 0.014978631948456238, 'depth': 14, 'l2_leaf_reg': 0.45043534774683014, 'min_child_samples': 16}. Best is trial 111 with value: 0.27189846600563594.
[I 2025-03-12 16:56:18,005] Trial 135 finished with value: 0.273774780033614 and parameters: {'learning_rate': 0.014532490067704669, 'depth': 13, 'l2_leaf_reg': 0.36295237905124966, 'min_child_samples': 16}. Best is trial 111 with value: 0.27189846600563594.
[I 2025-03-12 16:56:26,026] Trial 136 finished with value: 0.27479892807047035 and parameters: {'learning_rate': 0.014567268177408067, 'depth': 13, 'l2_leaf_reg': 0.36487602243407447, 'min_child_samples': 16}. Best is trial 111 with value: 0.27189846600563594.
[I 2025-03-12 16:56:28,650] Trial 137 finished with value: 0.29417049618556956 and parameters: {'learning_rate': 0.013556208454876897, 'depth': 8, 'l2_leaf_reg': 0.2182358726752899, 'min_child_samples': 16}. Best is trial 111 with value: 0.27189846600563594.
[I 2025-03-12 16:56:34,633] Trial 138 finished with value: 0.27918871071482815 and parameters: {'learning_rate': 0.014231863024734994, 'depth': 12, 'l2_leaf_reg': 0.30915129974228206, 'min_child_samples': 16}. Best is trial 111 with value: 0.27189846600563594.
[I 2025-03-12 16:56:49,943] Trial 139 finished with value: 0.27825941275898275 and parameters: {'learning_rate': 0.015249946736443212, 'depth': 14, 'l2_leaf_reg': 0.39521159882212553, 'min_child_samples': 16}. Best is trial 111 with value: 0.27189846600563594.
[I 2025-03-12 16:56:58,830] Trial 140 finished with value: 0.32097705657337366 and parameters: {'learning_rate': 0.0029196010530373245, 'depth': 13, 'l2_leaf_reg': 0.5175950905897819, 'min_child_samples': 16}. Best is trial 111 with value: 0.27189846600563594.
[I 2025-03-12 16:57:07,289] Trial 141 finished with value: 0.2746780215951857 and parameters: {'learning_rate': 0.01462555027882832, 'depth': 13, 'l2_leaf_reg': 0.3559537780209963, 'min_child_samples': 16}. Best is trial 111 with value: 0.27189846600563594.
[I 2025-03-12 16:57:14,496] Trial 142 finished with value: 0.2759534731726799 and parameters: {'learning_rate': 0.015638805882494198, 'depth': 13, 'l2_leaf_reg': 0.43653424390821166, 'min_child_samples': 16}. Best is trial 111 with value: 0.27189846600563594.
[I 2025-03-12 16:57:22,288] Trial 143 finished with value: 0.2748262653908763 and parameters: {'learning_rate': 0.014665826375275673, 'depth': 13, 'l2_leaf_reg': 0.12388900811322362, 'min_child_samples': 16}. Best is trial 111 with value: 0.27189846600563594.
[I 2025-03-12 16:57:37,498] Trial 144 finished with value: 0.2757710538838597 and parameters: {'learning_rate': 0.015143440610571556, 'depth': 14, 'l2_leaf_reg': 0.2507583476238886, 'min_child_samples': 16}. Best is trial 111 with value: 0.27189846600563594.
[I 2025-03-12 16:57:43,359] Trial 145 finished with value: 0.27724549678000654 and parameters: {'learning_rate': 0.014075426218839724, 'depth': 12, 'l2_leaf_reg': 0.34543380429701226, 'min_child_samples': 16}. Best is trial 111 with value: 0.27189846600563594.
[I 2025-03-12 16:57:51,685] Trial 146 finished with value: 0.2751652805589387 and parameters: {'learning_rate': 0.014496249113355295, 'depth': 13, 'l2_leaf_reg': 0.4727495305811751, 'min_child_samples': 16}. Best is trial 111 with value: 0.27189846600563594.
[I 2025-03-12 16:58:07,364] Trial 147 finished with value: 0.2789821069532741 and parameters: {'learning_rate': 0.012551499829121968, 'depth': 14, 'l2_leaf_reg': 0.19303408963891255, 'min_child_samples': 8}. Best is trial 111 with value: 0.27189846600563594.
[I 2025-03-12 16:58:12,652] Trial 148 finished with value: 0.27833673790818597 and parameters: {'learning_rate': 0.013466770770955996, 'depth': 12, 'l2_leaf_reg': 0.5567562671305281, 'min_child_samples': 16}. Best is trial 111 with value: 0.27189846600563594.
[I 2025-03-12 16:58:14,731] Trial 149 finished with value: 0.29858827414736694 and parameters: {'learning_rate': 0.017173596273608687, 'depth': 7, 'l2_leaf_reg': 0.3880313110629695, 'min_child_samples': 16}. Best is trial 111 with value: 0.27189846600563594.
[I 2025-03-12 16:58:23,103] Trial 150 finished with value: 0.2759196408682727 and parameters: {'learning_rate': 0.01558669218273748, 'depth': 13, 'l2_leaf_reg': 0.27644640011892996, 'min_child_samples': 4}. Best is trial 111 with value: 0.27189846600563594.
[I 2025-03-12 16:58:32,377] Trial 151 finished with value: 0.2732949606725637 and parameters: {'learning_rate': 0.01450289303508092, 'depth': 13, 'l2_leaf_reg': 2.791606829629383, 'min_child_samples': 16}. Best is trial 111 with value: 0.27189846600563594.
[I 2025-03-12 16:58:41,764] Trial 152 finished with value: 0.27321126630422854 and parameters: {'learning_rate': 0.014835071281506147, 'depth': 13, 'l2_leaf_reg': 2.0109838393724075, 'min_child_samples': 16}. Best is trial 111 with value: 0.27189846600563594.
[I 2025-03-12 16:58:50,124] Trial 153 finished with value: 0.273738960628259 and parameters: {'learning_rate': 0.014924456164106679, 'depth': 13, 'l2_leaf_reg': 2.2756235057078866, 'min_child_samples': 16}. Best is trial 111 with value: 0.27189846600563594.
[I 2025-03-12 16:58:56,324] Trial 154 finished with value: 0.2782467979014781 and parameters: {'learning_rate': 0.01389407655678822, 'depth': 12, 'l2_leaf_reg': 2.1974600040973176, 'min_child_samples': 16}. Best is trial 111 with value: 0.27189846600563594.
[I 2025-03-12 16:59:11,920] Trial 155 finished with value: 0.2779719462117633 and parameters: {'learning_rate': 0.014835497385619944, 'depth': 14, 'l2_leaf_reg': 2.7605941377924865, 'min_child_samples': 16}. Best is trial 111 with value: 0.27189846600563594.
[I 2025-03-12 16:59:20,642] Trial 156 finished with value: 0.27551477360708776 and parameters: {'learning_rate': 0.014316297379151615, 'depth': 13, 'l2_leaf_reg': 2.3599233672002002, 'min_child_samples': 32}. Best is trial 111 with value: 0.27189846600563594.
[I 2025-03-12 16:59:29,334] Trial 157 finished with value: 0.2768157760542422 and parameters: {'learning_rate': 0.015974000425522057, 'depth': 13, 'l2_leaf_reg': 2.7034566446321797, 'min_child_samples': 16}. Best is trial 111 with value: 0.27189846600563594.
[I 2025-03-12 16:59:35,340] Trial 158 finished with value: 0.2790827690944628 and parameters: {'learning_rate': 0.010346384447505283, 'depth': 12, 'l2_leaf_reg': 1.819291535801181, 'min_child_samples': 16}. Best is trial 111 with value: 0.27189846600563594.
[I 2025-03-12 16:59:44,788] Trial 159 finished with value: 0.2726167637005546 and parameters: {'learning_rate': 0.015345200164892936, 'depth': 13, 'l2_leaf_reg': 2.4597731285029236, 'min_child_samples': 16}. Best is trial 111 with value: 0.27189846600563594.
[I 2025-03-12 16:59:58,408] Trial 160 finished with value: 0.2767279260759381 and parameters: {'learning_rate': 0.01528239902278037, 'depth': 14, 'l2_leaf_reg': 2.4622581740451643, 'min_child_samples': 16}. Best is trial 111 with value: 0.27189846600563594.
[I 2025-03-12 17:00:07,448] Trial 161 finished with value: 0.27304356451947287 and parameters: {'learning_rate': 0.014865819850853095, 'depth': 13, 'l2_leaf_reg': 2.1256695089178734, 'min_child_samples': 16}. Best is trial 111 with value: 0.27189846600563594.
[I 2025-03-12 17:00:16,238] Trial 162 finished with value: 0.2764059833115854 and parameters: {'learning_rate': 0.014919842715609057, 'depth': 13, 'l2_leaf_reg': 2.2590930616800575, 'min_child_samples': 16}. Best is trial 111 with value: 0.27189846600563594.
[I 2025-03-12 17:00:24,557] Trial 163 finished with value: 0.27597941265207626 and parameters: {'learning_rate': 0.015684206157786075, 'depth': 13, 'l2_leaf_reg': 2.0566917257077564, 'min_child_samples': 16}. Best is trial 111 with value: 0.27189846600563594.
[I 2025-03-12 17:00:33,689] Trial 164 finished with value: 0.2758760558131584 and parameters: {'learning_rate': 0.014161013957780634, 'depth': 13, 'l2_leaf_reg': 2.1437170651789237, 'min_child_samples': 16}. Best is trial 111 with value: 0.27189846600563594.
[I 2025-03-12 17:00:38,818] Trial 165 finished with value: 0.2801165085998699 and parameters: {'learning_rate': 0.01653774149929934, 'depth': 12, 'l2_leaf_reg': 1.9763250532071852, 'min_child_samples': 16}. Best is trial 111 with value: 0.27189846600563594.
[I 2025-03-12 17:00:48,123] Trial 166 finished with value: 0.2754327212727303 and parameters: {'learning_rate': 0.01372046321842806, 'depth': 13, 'l2_leaf_reg': 2.5541416532574157, 'min_child_samples': 1}. Best is trial 111 with value: 0.27189846600563594.
[I 2025-03-12 17:00:49,447] Trial 167 finished with value: 0.4400838940344003 and parameters: {'learning_rate': 0.015381143928650729, 'depth': 1, 'l2_leaf_reg': 2.881592876354753, 'min_child_samples': 16}. Best is trial 111 with value: 0.27189846600563594.
[I 2025-03-12 17:01:03,052] Trial 168 finished with value: 0.279278335424757 and parameters: {'learning_rate': 0.01612149772884288, 'depth': 14, 'l2_leaf_reg': 2.6166554164234905, 'min_child_samples': 16}. Best is trial 111 with value: 0.27189846600563594.
[I 2025-03-12 17:01:11,733] Trial 169 finished with value: 0.2775065158448603 and parameters: {'learning_rate': 0.013035485551957743, 'depth': 13, 'l2_leaf_reg': 2.2367593264100942, 'min_child_samples': 16}. Best is trial 111 with value: 0.27189846600563594.
[I 2025-03-12 17:01:17,399] Trial 170 finished with value: 0.281169175070372 and parameters: {'learning_rate': 0.014423816367862677, 'depth': 12, 'l2_leaf_reg': 2.134543076749383, 'min_child_samples': 16}. Best is trial 111 with value: 0.27189846600563594.
[I 2025-03-12 17:01:25,716] Trial 171 finished with value: 0.2780763464111641 and parameters: {'learning_rate': 0.014855630422585845, 'depth': 13, 'l2_leaf_reg': 1.9711682953208913, 'min_child_samples': 16}. Best is trial 111 with value: 0.27189846600563594.
[I 2025-03-12 17:01:34,871] Trial 172 finished with value: 0.2746657769532356 and parameters: {'learning_rate': 0.015171793908551294, 'depth': 13, 'l2_leaf_reg': 2.275175325835519, 'min_child_samples': 16}. Best is trial 111 with value: 0.27189846600563594.
[I 2025-03-12 17:01:48,798] Trial 173 finished with value: 0.27601845827965565 and parameters: {'learning_rate': 0.015755207915407462, 'depth': 14, 'l2_leaf_reg': 2.3749877157696577, 'min_child_samples': 16}. Best is trial 111 with value: 0.27189846600563594.
[I 2025-03-12 17:01:57,150] Trial 174 finished with value: 0.2748652083702851 and parameters: {'learning_rate': 0.01484428226452015, 'depth': 13, 'l2_leaf_reg': 2.2940949240974495, 'min_child_samples': 16}. Best is trial 111 with value: 0.27189846600563594.
[I 2025-03-12 17:02:06,365] Trial 175 finished with value: 0.27613772394339287 and parameters: {'learning_rate': 0.013837228930837142, 'depth': 13, 'l2_leaf_reg': 1.361624213411976, 'min_child_samples': 16}. Best is trial 111 with value: 0.27189846600563594.
[I 2025-03-12 17:02:22,142] Trial 176 finished with value: 0.27474449415222024 and parameters: {'learning_rate': 0.016649246457348214, 'depth': 14, 'l2_leaf_reg': 2.8406143398463537, 'min_child_samples': 16}. Best is trial 111 with value: 0.27189846600563594.
[I 2025-03-12 17:02:26,783] Trial 177 finished with value: 0.2803006970782999 and parameters: {'learning_rate': 0.017857831705836786, 'depth': 12, 'l2_leaf_reg': 2.4637222676276034, 'min_child_samples': 16}. Best is trial 111 with value: 0.27189846600563594.
[I 2025-03-12 17:02:35,339] Trial 178 finished with value: 0.2759151106411412 and parameters: {'learning_rate': 0.01447707308038532, 'depth': 13, 'l2_leaf_reg': 2.12440319506483, 'min_child_samples': 16}. Best is trial 111 with value: 0.27189846600563594.
[I 2025-03-12 17:02:43,847] Trial 179 finished with value: 0.2735666361219341 and parameters: {'learning_rate': 0.015363579775992139, 'depth': 13, 'l2_leaf_reg': 1.450537784650558, 'min_child_samples': 8}. Best is trial 111 with value: 0.27189846600563594.
[I 2025-03-12 17:02:52,735] Trial 180 finished with value: 0.275389353575822 and parameters: {'learning_rate': 0.015462715785042389, 'depth': 13, 'l2_leaf_reg': 1.7290595885520967, 'min_child_samples': 4}. Best is trial 111 with value: 0.27189846600563594.
[I 2025-03-12 17:03:00,789] Trial 181 finished with value: 0.27701690655397815 and parameters: {'learning_rate': 0.016057402875408876, 'depth': 13, 'l2_leaf_reg': 1.636914195965434, 'min_child_samples': 8}. Best is trial 111 with value: 0.27189846600563594.
[I 2025-03-12 17:03:09,553] Trial 182 finished with value: 0.275211928062508 and parameters: {'learning_rate': 0.015089001637205689, 'depth': 13, 'l2_leaf_reg': 2.5807505224200846, 'min_child_samples': 8}. Best is trial 111 with value: 0.27189846600563594.
[I 2025-03-12 17:03:25,271] Trial 183 finished with value: 0.27694409112162377 and parameters: {'learning_rate': 0.014132724237568523, 'depth': 14, 'l2_leaf_reg': 1.8683901040863735, 'min_child_samples': 8}. Best is trial 111 with value: 0.27189846600563594.
[I 2025-03-12 17:03:33,457] Trial 184 finished with value: 0.27488013545230666 and parameters: {'learning_rate': 0.015754362213026004, 'depth': 13, 'l2_leaf_reg': 1.47274288451704, 'min_child_samples': 8}. Best is trial 111 with value: 0.27189846600563594.
[I 2025-03-12 17:03:42,769] Trial 185 finished with value: 0.27525739878411737 and parameters: {'learning_rate': 0.011505974351685634, 'depth': 13, 'l2_leaf_reg': 1.255843586116064, 'min_child_samples': 8}. Best is trial 111 with value: 0.27189846600563594.
[I 2025-03-12 17:03:48,211] Trial 186 finished with value: 0.2778319000207733 and parameters: {'learning_rate': 0.014650247561811134, 'depth': 12, 'l2_leaf_reg': 2.038059489395152, 'min_child_samples': 16}. Best is trial 111 with value: 0.27189846600563594.
[I 2025-03-12 17:03:53,759] Trial 187 finished with value: 0.28039996226812525 and parameters: {'learning_rate': 0.016405893157502967, 'depth': 12, 'l2_leaf_reg': 2.1777802607881576, 'min_child_samples': 16}. Best is trial 111 with value: 0.27189846600563594.
[I 2025-03-12 17:04:09,298] Trial 188 finished with value: 0.2779760593871034 and parameters: {'learning_rate': 0.01734526008388759, 'depth': 14, 'l2_leaf_reg': 0.5192575686873914, 'min_child_samples': 16}. Best is trial 111 with value: 0.27189846600563594.
[I 2025-03-12 17:04:17,217] Trial 189 finished with value: 0.2739044463087021 and parameters: {'learning_rate': 0.015210772614618855, 'depth': 13, 'l2_leaf_reg': 0.43650653166575454, 'min_child_samples': 32}. Best is trial 111 with value: 0.27189846600563594.
[I 2025-03-12 17:04:25,738] Trial 190 finished with value: 0.27500003049368366 and parameters: {'learning_rate': 0.015427381859846918, 'depth': 13, 'l2_leaf_reg': 1.1016482084308619, 'min_child_samples': 32}. Best is trial 111 with value: 0.27189846600563594.
[I 2025-03-12 17:04:34,908] Trial 191 finished with value: 0.2757658366110178 and parameters: {'learning_rate': 0.015009901469324509, 'depth': 13, 'l2_leaf_reg': 0.46392871028657323, 'min_child_samples': 32}. Best is trial 111 with value: 0.27189846600563594.
