[I 2025-03-12 17:42:41,271] Trial 445 finished with value: 0.27667167843745516 and parameters: {'learning_rate': 0.019175132964137316, 'depth': 13, 'l2_leaf_reg': 2.731813189667384, 'min_child_samples': 16}. Best is trial 215 with value: 0.27072508542975626.
[I 2025-03-12 17:42:53,698] Trial 446 finished with value: 0.2764988573067681 and parameters: {'learning_rate': 0.01950007280619505, 'depth': 14, 'l2_leaf_reg': 2.1630523152741543, 'min_child_samples': 16}. Best is trial 215 with value: 0.27072508542975626.
[I 2025-03-12 17:43:00,567] Trial 447 finished with value: 0.27672910934148953 and parameters: {'learning_rate': 0.018838767561145234, 'depth': 13, 'l2_leaf_reg': 2.063703406946208, 'min_child_samples': 16}. Best is trial 215 with value: 0.27072508542975626.
[I 2025-03-12 17:43:05,010] Trial 448 finished with value: 0.2793530242256409 and parameters: {'learning_rate': 0.01985094366896799, 'depth': 12, 'l2_leaf_reg': 2.902091743471873, 'min_child_samples': 16}. Best is trial 215 with value: 0.27072508542975626.
[I 2025-03-12 17:43:12,170] Trial 449 finished with value: 0.27565104656558537 and parameters: {'learning_rate': 0.019352277110220584, 'depth': 13, 'l2_leaf_reg': 2.2231859730192025, 'min_child_samples': 4}. Best is trial 215 with value: 0.27072508542975626.
[I 2025-03-12 17:43:20,072] Trial 450 finished with value: 0.27615419674204655 and parameters: {'learning_rate': 0.016493713081198628, 'depth': 13, 'l2_leaf_reg': 2.1426291849710966, 'min_child_samples': 16}. Best is trial 215 with value: 0.27072508542975626.
[I 2025-03-12 17:43:28,215] Trial 451 finished with value: 0.2729606093779873 and parameters: {'learning_rate': 0.018734043044017407, 'depth': 13, 'l2_leaf_reg': 2.470997439911611, 'min_child_samples': 16}. Best is trial 215 with value: 0.27072508542975626.
[I 2025-03-12 17:43:39,714] Trial 452 finished with value: 0.2777465028400701 and parameters: {'learning_rate': 0.0199019102275275, 'depth': 14, 'l2_leaf_reg': 2.4000718307600915, 'min_child_samples': 16}. Best is trial 215 with value: 0.27072508542975626.
[I 2025-03-12 17:43:55,453] Trial 453 finished with value: 0.2804392139170135 and parameters: {'learning_rate': 0.016237204463359398, 'depth': 14, 'l2_leaf_reg': 2.6776069437085535, 'min_child_samples': 16}. Best is trial 215 with value: 0.27072508542975626.
[I 2025-03-12 17:44:02,051] Trial 454 finished with value: 0.2775142339801224 and parameters: {'learning_rate': 0.01897131720899791, 'depth': 13, 'l2_leaf_reg': 2.4591027108983963, 'min_child_samples': 16}. Best is trial 215 with value: 0.27072508542975626.
[I 2025-03-12 17:44:07,362] Trial 455 finished with value: 0.27709650240817607 and parameters: {'learning_rate': 0.019416771606061242, 'depth': 12, 'l2_leaf_reg': 2.265221461111668, 'min_child_samples': 16}. Best is trial 215 with value: 0.27072508542975626.
[I 2025-03-12 17:44:15,562] Trial 456 finished with value: 0.27598312554212506 and parameters: {'learning_rate': 0.01584472851601055, 'depth': 13, 'l2_leaf_reg': 1.3599245432237899, 'min_child_samples': 16}. Best is trial 215 with value: 0.27072508542975626.
[I 2025-03-12 17:44:22,806] Trial 457 finished with value: 0.2752227154677751 and parameters: {'learning_rate': 0.016705430467306024, 'depth': 13, 'l2_leaf_reg': 2.350171569817643, 'min_child_samples': 16}. Best is trial 215 with value: 0.27072508542975626.
[I 2025-03-12 17:44:30,115] Trial 458 finished with value: 0.27597990709148384 and parameters: {'learning_rate': 0.015967647526544147, 'depth': 13, 'l2_leaf_reg': 2.590562849720624, 'min_child_samples': 16}. Best is trial 215 with value: 0.27072508542975626.
[I 2025-03-12 17:44:41,723] Trial 459 finished with value: 0.2781394704427616 and parameters: {'learning_rate': 0.019924066999494464, 'depth': 14, 'l2_leaf_reg': 2.0095660916914926, 'min_child_samples': 16}. Best is trial 215 with value: 0.27072508542975626.
[I 2025-03-12 17:44:46,824] Trial 460 finished with value: 0.2775362353449728 and parameters: {'learning_rate': 0.018548922586204275, 'depth': 12, 'l2_leaf_reg': 2.5343450148366777, 'min_child_samples': 4}. Best is trial 215 with value: 0.27072508542975626.
[I 2025-03-12 17:44:56,044] Trial 461 finished with value: 0.2765398875623923 and parameters: {'learning_rate': 0.009421644405193276, 'depth': 13, 'l2_leaf_reg': 2.7748414161087664, 'min_child_samples': 16}. Best is trial 215 with value: 0.27072508542975626.
[I 2025-03-12 17:45:04,336] Trial 462 finished with value: 0.2751985790657578 and parameters: {'learning_rate': 0.015602326146619787, 'depth': 13, 'l2_leaf_reg': 1.1365324381532358, 'min_child_samples': 16}. Best is trial 215 with value: 0.27072508542975626.
[I 2025-03-12 17:45:12,529] Trial 463 finished with value: 0.2753881234512212 and parameters: {'learning_rate': 0.01618247527777657, 'depth': 13, 'l2_leaf_reg': 2.8458218440939453, 'min_child_samples': 16}. Best is trial 215 with value: 0.27072508542975626.
[I 2025-03-12 17:45:20,903] Trial 464 finished with value: 0.27705337528679164 and parameters: {'learning_rate': 0.013675921708038231, 'depth': 13, 'l2_leaf_reg': 1.7308512162405743, 'min_child_samples': 16}. Best is trial 215 with value: 0.27072508542975626.
[I 2025-03-12 17:45:32,680] Trial 465 finished with value: 0.2785004635686954 and parameters: {'learning_rate': 0.0194281413825076, 'depth': 14, 'l2_leaf_reg': 2.4561126603695214, 'min_child_samples': 16}. Best is trial 215 with value: 0.27072508542975626.
[I 2025-03-12 17:45:39,482] Trial 466 finished with value: 0.2748563063321081 and parameters: {'learning_rate': 0.019968313395390916, 'depth': 13, 'l2_leaf_reg': 2.304987135611043, 'min_child_samples': 16}. Best is trial 215 with value: 0.27072508542975626.
[I 2025-03-12 17:45:43,546] Trial 467 finished with value: 0.2787293415657152 and parameters: {'learning_rate': 0.018934267425734525, 'depth': 12, 'l2_leaf_reg': 2.6240640452431494, 'min_child_samples': 16}. Best is trial 215 with value: 0.27072508542975626.
[I 2025-03-12 17:45:59,229] Trial 468 finished with value: 0.2779054324584257 and parameters: {'learning_rate': 0.015594363041285659, 'depth': 14, 'l2_leaf_reg': 2.3933996898027416, 'min_child_samples': 16}. Best is trial 215 with value: 0.27072508542975626.
[I 2025-03-12 17:46:07,835] Trial 469 finished with value: 0.27504591002146744 and parameters: {'learning_rate': 0.014262865409836421, 'depth': 13, 'l2_leaf_reg': 2.087635620024806, 'min_child_samples': 16}. Best is trial 215 with value: 0.27072508542975626.
[I 2025-03-12 17:46:15,505] Trial 470 finished with value: 0.27603239464185514 and parameters: {'learning_rate': 0.016669552600426314, 'depth': 13, 'l2_leaf_reg': 2.245764793234537, 'min_child_samples': 16}. Best is trial 215 with value: 0.27072508542975626.
[I 2025-03-12 17:46:23,680] Trial 471 finished with value: 0.2761222636418409 and parameters: {'learning_rate': 0.015004218349342464, 'depth': 13, 'l2_leaf_reg': 1.3185920257918944, 'min_child_samples': 16}. Best is trial 215 with value: 0.27072508542975626.
[I 2025-03-12 17:46:27,563] Trial 472 finished with value: 0.2864857968248669 and parameters: {'learning_rate': 0.015296728825602741, 'depth': 11, 'l2_leaf_reg': 2.9053304222272214, 'min_child_samples': 4}. Best is trial 215 with value: 0.27072508542975626.
[I 2025-03-12 17:46:32,919] Trial 473 finished with value: 0.27987434236740455 and parameters: {'learning_rate': 0.0161809663633329, 'depth': 12, 'l2_leaf_reg': 2.5195531525087453, 'min_child_samples': 16}. Best is trial 215 with value: 0.27072508542975626.
[I 2025-03-12 17:46:38,722] Trial 474 finished with value: 0.2800244426890174 and parameters: {'learning_rate': 0.01469042006476462, 'depth': 12, 'l2_leaf_reg': 2.1671102599730045, 'min_child_samples': 16}. Best is trial 215 with value: 0.27072508542975626.
[I 2025-03-12 17:46:46,583] Trial 475 finished with value: 0.27480899520551316 and parameters: {'learning_rate': 0.015555031706125409, 'depth': 13, 'l2_leaf_reg': 1.4882528437402331, 'min_child_samples': 16}. Best is trial 215 with value: 0.27072508542975626.
[I 2025-03-12 17:46:55,790] Trial 476 finished with value: 0.2736215635288111 and parameters: {'learning_rate': 0.014196264309991564, 'depth': 13, 'l2_leaf_reg': 2.685176810481814, 'min_child_samples': 16}. Best is trial 215 with value: 0.27072508542975626.
[I 2025-03-12 17:47:11,441] Trial 477 finished with value: 0.277341892989905 and parameters: {'learning_rate': 0.015030633082990961, 'depth': 14, 'l2_leaf_reg': 2.467517115718506, 'min_child_samples': 16}. Best is trial 215 with value: 0.27072508542975626.
[I 2025-03-12 17:47:19,146] Trial 478 finished with value: 0.27837382609455025 and parameters: {'learning_rate': 0.01587454540691839, 'depth': 13, 'l2_leaf_reg': 2.3491463582155405, 'min_child_samples': 16}. Best is trial 215 with value: 0.27072508542975626.
[I 2025-03-12 17:47:25,362] Trial 479 finished with value: 0.27962455485651116 and parameters: {'learning_rate': 0.01941400422153357, 'depth': 13, 'l2_leaf_reg': 1.8096415028036479, 'min_child_samples': 16}. Best is trial 215 with value: 0.27072508542975626.
[I 2025-03-12 17:47:34,543] Trial 480 finished with value: 0.3108129788091975 and parameters: {'learning_rate': 0.0034021017617645944, 'depth': 13, 'l2_leaf_reg': 0.035328451126066134, 'min_child_samples': 16}. Best is trial 215 with value: 0.27072508542975626.
[I 2025-03-12 17:47:50,094] Trial 481 finished with value: 0.2773508684603859 and parameters: {'learning_rate': 0.01453303062945117, 'depth': 14, 'l2_leaf_reg': 1.2379042219628298, 'min_child_samples': 16}. Best is trial 215 with value: 0.27072508542975626.
[I 2025-03-12 17:47:57,799] Trial 482 finished with value: 0.27517113643253177 and parameters: {'learning_rate': 0.01709994854387271, 'depth': 13, 'l2_leaf_reg': 0.8033935084155888, 'min_child_samples': 16}. Best is trial 215 with value: 0.27072508542975626.
[I 2025-03-12 17:48:01,363] Trial 483 finished with value: 0.2835691577114693 and parameters: {'learning_rate': 0.019999596867213903, 'depth': 12, 'l2_leaf_reg': 2.2061034025291715, 'min_child_samples': 4}. Best is trial 215 with value: 0.27072508542975626.
[I 2025-03-12 17:48:10,241] Trial 484 finished with value: 0.27230706510322983 and parameters: {'learning_rate': 0.01635318534209835, 'depth': 13, 'l2_leaf_reg': 2.126018387672467, 'min_child_samples': 16}. Best is trial 215 with value: 0.27072508542975626.
[I 2025-03-12 17:48:19,590] Trial 485 finished with value: 0.2715253231631789 and parameters: {'learning_rate': 0.01657707013491257, 'depth': 13, 'l2_leaf_reg': 2.1771513576328285, 'min_child_samples': 16}. Best is trial 215 with value: 0.27072508542975626.
[I 2025-03-12 17:48:28,808] Trial 486 finished with value: 0.27150493287570293 and parameters: {'learning_rate': 0.01646110866892584, 'depth': 13, 'l2_leaf_reg': 2.159299647628819, 'min_child_samples': 16}. Best is trial 215 with value: 0.27072508542975626.
[I 2025-03-12 17:48:31,069] Trial 487 finished with value: 0.30824883674924214 and parameters: {'learning_rate': 0.01681584019276133, 'depth': 6, 'l2_leaf_reg': 2.1012097323213084, 'min_child_samples': 16}. Best is trial 215 with value: 0.27072508542975626.
[I 2025-03-12 17:48:35,638] Trial 488 finished with value: 0.2806373675062237 and parameters: {'learning_rate': 0.0165202619958234, 'depth': 12, 'l2_leaf_reg': 2.134543569818646, 'min_child_samples': 16}. Best is trial 215 with value: 0.27072508542975626.
[I 2025-03-12 17:48:43,842] Trial 489 finished with value: 0.2764966311882015 and parameters: {'learning_rate': 0.017012712225555105, 'depth': 13, 'l2_leaf_reg': 2.0067112984891504, 'min_child_samples': 16}. Best is trial 215 with value: 0.27072508542975626.
[I 2025-03-12 17:48:52,384] Trial 490 finished with value: 0.2749822180182665 and parameters: {'learning_rate': 0.01647064183768431, 'depth': 13, 'l2_leaf_reg': 2.0423107441205604, 'min_child_samples': 16}. Best is trial 215 with value: 0.27072508542975626.
[I 2025-03-12 17:49:05,885] Trial 491 finished with value: 0.2790668152519496 and parameters: {'learning_rate': 0.016795952389343685, 'depth': 14, 'l2_leaf_reg': 2.203219376024557, 'min_child_samples': 16}. Best is trial 215 with value: 0.27072508542975626.
[I 2025-03-12 17:49:12,990] Trial 492 finished with value: 0.2769326618780232 and parameters: {'learning_rate': 0.016078118570391486, 'depth': 13, 'l2_leaf_reg': 2.1240367642329585, 'min_child_samples': 16}. Best is trial 215 with value: 0.27072508542975626.
[I 2025-03-12 17:49:20,802] Trial 493 finished with value: 0.2747395475685142 and parameters: {'learning_rate': 0.016301076932576306, 'depth': 13, 'l2_leaf_reg': 2.1793311819351326, 'min_child_samples': 16}. Best is trial 215 with value: 0.27072508542975626.
[I 2025-03-12 17:49:25,876] Trial 494 finished with value: 0.27917425660163997 and parameters: {'learning_rate': 0.017075215799910486, 'depth': 12, 'l2_leaf_reg': 2.2140192508993533, 'min_child_samples': 16}. Best is trial 215 with value: 0.27072508542975626.
[I 2025-03-12 17:49:34,411] Trial 495 finished with value: 0.27592383170121026 and parameters: {'learning_rate': 0.016476353028428804, 'depth': 13, 'l2_leaf_reg': 2.105530804665336, 'min_child_samples': 16}. Best is trial 215 with value: 0.27072508542975626.
[I 2025-03-12 17:49:49,882] Trial 496 finished with value: 0.27662579554053196 and parameters: {'learning_rate': 0.01612483907229393, 'depth': 14, 'l2_leaf_reg': 2.244014672314924, 'min_child_samples': 4}. Best is trial 215 with value: 0.27072508542975626.
[I 2025-03-12 17:49:59,081] Trial 497 finished with value: 0.27524103016663265 and parameters: {'learning_rate': 0.015729906705909524, 'depth': 13, 'l2_leaf_reg': 2.077699859269749, 'min_child_samples': 16}. Best is trial 215 with value: 0.27072508542975626.
[I 2025-03-12 17:50:04,115] Trial 498 finished with value: 0.2809871811437186 and parameters: {'learning_rate': 0.017302739267121232, 'depth': 12, 'l2_leaf_reg': 2.2970974669151145, 'min_child_samples': 16}. Best is trial 215 with value: 0.27072508542975626.
[I 2025-03-12 17:50:20,011] Trial 499 finished with value: 0.27879026170580773 and parameters: {'learning_rate': 0.01663147220571834, 'depth': 14, 'l2_leaf_reg': 2.1607661647169807, 'min_child_samples': 16}. Best is trial 215 with value: 0.27072508542975626.
2025-03-12 17:50:20,011 - __main__ - INFO - Best RMSE: 0.2707
2025-03-12 17:50:20,011 - __main__ - INFO - Best parameters: {'learning_rate': 0.016187738069633483, 'depth': 13, 'l2_leaf_reg': 2.3051894108090454, 'min_child_samples': 32}
2025-03-12 17:50:20,011 - __main__ - INFO - {'learning_rate': 0.016187738069633483, 'depth': 13, 'l2_leaf_reg': 2.3051894108090454, 'min_child_samples': 32, 'grow_policy': 'SymmetricTree', 'iterations': 1000, 'use_best_model': True, 'eval_metric': 'RMSE', 'loss_function': 'RMSE', 'od_type': 'iter', 'od_wait': 20, 'task_type': 'GPU', 'random_state': 42, 'logging_level': 'Silent'}
2025-03-12 17:50:20,011 - __main__ - INFO - Starting c_delta_y optimization...
2025-03-12 17:50:20,012 - __main__ - INFO - Starting hyperparameter optimization for c_delta_y
[I 2025-03-12 17:50:20,012] A new study created in memory with name: catboost-c_delta_y-seed42
[I 2025-03-12 17:50:25,184] Trial 0 finished with value: 2.017003078643281 and parameters: {'learning_rate': 0.010697604442326886, 'depth': 13, 'l2_leaf_reg': 2.3516142508874824, 'min_child_samples': 16}. Best is trial 0 with value: 2.017003078643281.
[I 2025-03-12 17:50:28,560] Trial 1 finished with value: 2.1118186175880007 and parameters: {'learning_rate': 0.00048592704638290754, 'depth': 10, 'l2_leaf_reg': 1.9277332733466281, 'min_child_samples': 32}. Best is trial 0 with value: 2.017003078643281.
[I 2025-03-12 17:50:30,819] Trial 2 finished with value: 2.033118130309142 and parameters: {'learning_rate': 0.002189575691846477, 'depth': 6, 'l2_leaf_reg': 2.344936232826473, 'min_child_samples': 16}. Best is trial 0 with value: 2.017003078643281.
[I 2025-03-12 17:50:54,696] Trial 3 finished with value: 2.0353022846541915 and parameters: {'learning_rate': 0.014185680171740385, 'depth': 16, 'l2_leaf_reg': 2.285297698052724, 'min_child_samples': 16}. Best is trial 0 with value: 2.017003078643281.
[I 2025-03-12 17:50:56,102] Trial 4 finished with value: 2.0119701451456624 and parameters: {'learning_rate': 0.019613878902930253, 'depth': 9, 'l2_leaf_reg': 1.3356816260451765, 'min_child_samples': 4}. Best is trial 4 with value: 2.0119701451456624.
[I 2025-03-12 17:50:57,670] Trial 5 finished with value: 2.0785990508726773 and parameters: {'learning_rate': 0.009910072092977557, 'depth': 1, 'l2_leaf_reg': 2.3650958047185666, 'min_child_samples': 1}. Best is trial 4 with value: 2.0119701451456624.
[I 2025-03-12 17:50:59,317] Trial 6 finished with value: 2.13135331502732 and parameters: {'learning_rate': 0.0007252307794839791, 'depth': 2, 'l2_leaf_reg': 0.09587657773772207, 'min_child_samples': 4}. Best is trial 4 with value: 2.0119701451456624.
[I 2025-03-12 17:51:04,373] Trial 7 finished with value: 2.0172508718845457 and parameters: {'learning_rate': 0.014761659981123543, 'depth': 13, 'l2_leaf_reg': 0.19378998728365793, 'min_child_samples': 1}. Best is trial 4 with value: 2.0119701451456624.
[I 2025-03-12 17:52:00,061] Trial 8 finished with value: 2.163492573773814 and parameters: {'learning_rate': 0.0001149072073955438, 'depth': 16, 'l2_leaf_reg': 0.26525426920043593, 'min_child_samples': 8}. Best is trial 4 with value: 2.0119701451456624.
[I 2025-03-12 17:52:02,979] Trial 9 finished with value: 2.0091394956372164 and parameters: {'learning_rate': 0.007568352684043467, 'depth': 11, 'l2_leaf_reg': 2.559147270004633, 'min_child_samples': 1}. Best is trial 9 with value: 2.0091394956372164.
[I 2025-03-12 17:52:04,673] Trial 10 finished with value: 2.0122251169572896 and parameters: {'learning_rate': 0.005286874549529982, 'depth': 6, 'l2_leaf_reg': 2.982779723336176, 'min_child_samples': 1}. Best is trial 9 with value: 2.0091394956372164.
[I 2025-03-12 17:52:06,507] Trial 11 finished with value: 2.007095586561468 and parameters: {'learning_rate': 0.01835941457718553, 'depth': 9, 'l2_leaf_reg': 1.1095737311045748, 'min_child_samples': 4}. Best is trial 11 with value: 2.007095586561468.
[I 2025-03-12 17:52:11,469] Trial 12 finished with value: 2.0079667204761606 and parameters: {'learning_rate': 0.0070970857806969085, 'depth': 12, 'l2_leaf_reg': 0.86298025621833, 'min_child_samples': 4}. Best is trial 11 with value: 2.007095586561468.
[I 2025-03-12 17:52:12,607] Trial 13 finished with value: 2.0183588711451215 and parameters: {'learning_rate': 0.019410528393604427, 'depth': 5, 'l2_leaf_reg': 0.9935368706986292, 'min_child_samples': 4}. Best is trial 11 with value: 2.007095586561468.
[I 2025-03-12 17:52:15,505] Trial 14 finished with value: 2.014700995155872 and parameters: {'learning_rate': 0.01642027796609042, 'depth': 12, 'l2_leaf_reg': 0.7594456037327806, 'min_child_samples': 4}. Best is trial 11 with value: 2.007095586561468.
[I 2025-03-12 17:52:17,916] Trial 15 finished with value: 2.009348765426325 and parameters: {'learning_rate': 0.00501992396520206, 'depth': 8, 'l2_leaf_reg': 0.68412026896011, 'min_child_samples': 4}. Best is trial 11 with value: 2.007095586561468.
[I 2025-03-12 17:52:19,610] Trial 16 finished with value: 2.007890912821045 and parameters: {'learning_rate': 0.011137117220936878, 'depth': 8, 'l2_leaf_reg': 1.5569675980033293, 'min_child_samples': 8}. Best is trial 11 with value: 2.007095586561468.
[I 2025-03-12 17:52:21,114] Trial 17 finished with value: 2.010172420264782 and parameters: {'learning_rate': 0.013146232315762667, 'depth': 8, 'l2_leaf_reg': 1.6109543436165408, 'min_child_samples': 8}. Best is trial 11 with value: 2.007095586561468.
[I 2025-03-12 17:52:22,332] Trial 18 finished with value: 2.0329546151612754 and parameters: {'learning_rate': 0.01688189472403604, 'depth': 4, 'l2_leaf_reg': 1.3464276272974036, 'min_child_samples': 8}. Best is trial 11 with value: 2.007095586561468.
[I 2025-03-12 17:52:24,023] Trial 19 finished with value: 2.010222899335872 and parameters: {'learning_rate': 0.011057502258291784, 'depth': 7, 'l2_leaf_reg': 1.743150288472716, 'min_child_samples': 32}. Best is trial 11 with value: 2.007095586561468.
[I 2025-03-12 17:52:25,124] Trial 20 finished with value: 2.029098877621842 and parameters: {'learning_rate': 0.016762646584307397, 'depth': 3, 'l2_leaf_reg': 1.1268125664030024, 'min_child_samples': 8}. Best is trial 11 with value: 2.007095586561468.
[I 2025-03-12 17:52:27,735] Trial 21 finished with value: 2.0060221738029473 and parameters: {'learning_rate': 0.00805314844066512, 'depth': 10, 'l2_leaf_reg': 0.5635818523413467, 'min_child_samples': 4}. Best is trial 21 with value: 2.0060221738029473.
[I 2025-03-12 17:52:30,404] Trial 22 finished with value: 2.0028644184441218 and parameters: {'learning_rate': 0.008541989427407673, 'depth': 10, 'l2_leaf_reg': 1.182255447016963, 'min_child_samples': 4}. Best is trial 22 with value: 2.0028644184441218.
[I 2025-03-12 17:52:33,001] Trial 23 finished with value: 2.003977137324602 and parameters: {'learning_rate': 0.008676251140777427, 'depth': 10, 'l2_leaf_reg': 0.5186811184097156, 'min_child_samples': 4}. Best is trial 22 with value: 2.0028644184441218.
[I 2025-03-12 17:52:44,042] Trial 24 finished with value: 2.016025671280952 and parameters: {'learning_rate': 0.008457051881115916, 'depth': 14, 'l2_leaf_reg': 0.4744370926659643, 'min_child_samples': 4}. Best is trial 22 with value: 2.0028644184441218.
[I 2025-03-12 17:52:46,823] Trial 25 finished with value: 2.0092045665081204 and parameters: {'learning_rate': 0.005216105599942137, 'depth': 10, 'l2_leaf_reg': 0.4932821019773354, 'min_child_samples': 4}. Best is trial 22 with value: 2.0028644184441218.
[I 2025-03-12 17:52:49,889] Trial 26 finished with value: 2.0052722623512516 and parameters: {'learning_rate': 0.00905265200284102, 'depth': 11, 'l2_leaf_reg': 0.6786950131878122, 'min_child_samples': 4}. Best is trial 22 with value: 2.0028644184441218.
