[I 2025-03-12 12:30:51,292] Trial 437 finished with value: 0.18566509729825625 and parameters: {'learning_rate': 0.019299695413785154, 'depth': 12, 'l2_leaf_reg': 1.5405649408118067, 'min_child_samples': 32}. Best is trial 396 with value: 0.1809831248750253.
[I 2025-03-12 12:30:55,824] Trial 438 finished with value: 0.1825254566236853 and parameters: {'learning_rate': 0.019997067812471306, 'depth': 11, 'l2_leaf_reg': 0.09183814807741836, 'min_child_samples': 32}. Best is trial 396 with value: 0.1809831248750253.
[I 2025-03-12 12:31:00,359] Trial 439 finished with value: 0.18357317830280506 and parameters: {'learning_rate': 0.018970683058573103, 'depth': 11, 'l2_leaf_reg': 1.4769317194123808, 'min_child_samples': 32}. Best is trial 396 with value: 0.1809831248750253.
[I 2025-03-12 12:31:04,857] Trial 440 finished with value: 0.1831089869313432 and parameters: {'learning_rate': 0.01959103447465472, 'depth': 11, 'l2_leaf_reg': 0.23151901451679868, 'min_child_samples': 32}. Best is trial 396 with value: 0.1809831248750253.
[I 2025-03-12 12:31:34,211] Trial 441 finished with value: 0.22934559817669756 and parameters: {'learning_rate': 0.019341603659390173, 'depth': 15, 'l2_leaf_reg': 1.5719711424078975, 'min_child_samples': 32}. Best is trial 396 with value: 0.1809831248750253.
[I 2025-03-12 12:31:37,300] Trial 442 finished with value: 0.18366449416382147 and parameters: {'learning_rate': 0.018845928448898652, 'depth': 10, 'l2_leaf_reg': 1.3322181380030709, 'min_child_samples': 32}. Best is trial 396 with value: 0.1809831248750253.
[I 2025-03-12 12:31:41,906] Trial 443 finished with value: 0.18264115244287202 and parameters: {'learning_rate': 0.019591893168795102, 'depth': 11, 'l2_leaf_reg': 1.4300678358572743, 'min_child_samples': 32}. Best is trial 396 with value: 0.1809831248750253.
[I 2025-03-12 12:31:48,175] Trial 444 finished with value: 0.18742302005451428 and parameters: {'learning_rate': 0.019207112652632304, 'depth': 12, 'l2_leaf_reg': 0.1499153478965456, 'min_child_samples': 4}. Best is trial 396 with value: 0.1809831248750253.
[I 2025-03-12 12:31:51,795] Trial 445 finished with value: 0.18796179887009962 and parameters: {'learning_rate': 0.018535852750694633, 'depth': 10, 'l2_leaf_reg': 1.4885440655683118, 'min_child_samples': 8}. Best is trial 396 with value: 0.1809831248750253.
[I 2025-03-12 12:31:56,295] Trial 446 finished with value: 0.18334483227568457 and parameters: {'learning_rate': 0.01958219989021459, 'depth': 11, 'l2_leaf_reg': 1.5679344802601305, 'min_child_samples': 4}. Best is trial 396 with value: 0.1809831248750253.
[I 2025-03-12 12:32:02,509] Trial 447 finished with value: 0.18636729528186224 and parameters: {'learning_rate': 0.019992858590560665, 'depth': 12, 'l2_leaf_reg': 1.3956623276381956, 'min_child_samples': 32}. Best is trial 396 with value: 0.1809831248750253.
[I 2025-03-12 12:32:07,060] Trial 448 finished with value: 0.18138553438512262 and parameters: {'learning_rate': 0.019038796968128012, 'depth': 11, 'l2_leaf_reg': 1.516905042931916, 'min_child_samples': 4}. Best is trial 396 with value: 0.1809831248750253.
[I 2025-03-12 12:32:11,550] Trial 449 finished with value: 0.18242430184468852 and parameters: {'learning_rate': 0.01906883457606279, 'depth': 11, 'l2_leaf_reg': 1.602251843344087, 'min_child_samples': 4}. Best is trial 396 with value: 0.1809831248750253.
[I 2025-03-12 12:32:15,327] Trial 450 finished with value: 0.1850888370495905 and parameters: {'learning_rate': 0.019636628842631867, 'depth': 10, 'l2_leaf_reg': 1.3721533356454136, 'min_child_samples': 4}. Best is trial 396 with value: 0.1809831248750253.
[I 2025-03-12 12:32:19,728] Trial 451 finished with value: 0.18428747734849496 and parameters: {'learning_rate': 0.019272476939545202, 'depth': 11, 'l2_leaf_reg': 0.015355945105635677, 'min_child_samples': 4}. Best is trial 396 with value: 0.1809831248750253.
[I 2025-03-12 12:32:24,215] Trial 452 finished with value: 0.18334795069506665 and parameters: {'learning_rate': 0.0196567203941017, 'depth': 11, 'l2_leaf_reg': 1.4474387754438776, 'min_child_samples': 4}. Best is trial 396 with value: 0.1809831248750253.
[I 2025-03-12 12:32:28,470] Trial 453 finished with value: 0.18717150917241002 and parameters: {'learning_rate': 0.013236908965363841, 'depth': 11, 'l2_leaf_reg': 1.3160843924875192, 'min_child_samples': 4}. Best is trial 396 with value: 0.1809831248750253.
[I 2025-03-12 12:32:31,301] Trial 454 finished with value: 0.18822077198258833 and parameters: {'learning_rate': 0.01899685594482715, 'depth': 9, 'l2_leaf_reg': 0.2611281661566537, 'min_child_samples': 4}. Best is trial 396 with value: 0.1809831248750253.
[I 2025-03-12 12:32:33,958] Trial 455 finished with value: 0.1972835541009949 and parameters: {'learning_rate': 0.019342210872844365, 'depth': 8, 'l2_leaf_reg': 1.541670567510842, 'min_child_samples': 4}. Best is trial 396 with value: 0.1809831248750253.
[I 2025-03-12 12:32:40,176] Trial 456 finished with value: 0.18608662088640204 and parameters: {'learning_rate': 0.01998826005159954, 'depth': 12, 'l2_leaf_reg': 1.7242632987355133, 'min_child_samples': 4}. Best is trial 396 with value: 0.1809831248750253.
[I 2025-03-12 12:32:44,697] Trial 457 finished with value: 0.1892728530532215 and parameters: {'learning_rate': 0.011768476700626989, 'depth': 11, 'l2_leaf_reg': 1.6227750969926986, 'min_child_samples': 4}. Best is trial 396 with value: 0.1809831248750253.
[I 2025-03-12 12:32:48,190] Trial 458 finished with value: 0.1854970246438431 and parameters: {'learning_rate': 0.01833756956916956, 'depth': 10, 'l2_leaf_reg': 0.2020663422725798, 'min_child_samples': 4}. Best is trial 396 with value: 0.1809831248750253.
[I 2025-03-12 12:32:52,734] Trial 459 finished with value: 0.18387676706347006 and parameters: {'learning_rate': 0.01894333134914703, 'depth': 11, 'l2_leaf_reg': 1.5376962766812206, 'min_child_samples': 32}. Best is trial 396 with value: 0.1809831248750253.
[I 2025-03-12 12:32:56,393] Trial 460 finished with value: 0.1863381169470783 and parameters: {'learning_rate': 0.019634093988745438, 'depth': 10, 'l2_leaf_reg': 1.467575234150712, 'min_child_samples': 4}. Best is trial 396 with value: 0.1809831248750253.
[I 2025-03-12 12:33:00,843] Trial 461 finished with value: 0.18410370627792602 and parameters: {'learning_rate': 0.019279351261359944, 'depth': 11, 'l2_leaf_reg': 1.38110879988682, 'min_child_samples': 4}. Best is trial 396 with value: 0.1809831248750253.
[I 2025-03-12 12:33:05,305] Trial 462 finished with value: 0.18386325937911205 and parameters: {'learning_rate': 0.018689082464723752, 'depth': 11, 'l2_leaf_reg': 1.6691826981874032, 'min_child_samples': 32}. Best is trial 396 with value: 0.1809831248750253.
[I 2025-03-12 12:33:11,560] Trial 463 finished with value: 0.18717383135589769 and parameters: {'learning_rate': 0.019609030894800858, 'depth': 12, 'l2_leaf_reg': 1.2938517929240874, 'min_child_samples': 4}. Best is trial 396 with value: 0.1809831248750253.
[I 2025-03-12 12:33:15,918] Trial 464 finished with value: 0.18102523288337127 and parameters: {'learning_rate': 0.019987577191000565, 'depth': 11, 'l2_leaf_reg': 2.982049249247022, 'min_child_samples': 8}. Best is trial 396 with value: 0.1809831248750253.
[I 2025-03-12 12:33:17,838] Trial 465 finished with value: 0.23870378831789868 and parameters: {'learning_rate': 0.019113428092513148, 'depth': 5, 'l2_leaf_reg': 2.9739189816724974, 'min_child_samples': 8}. Best is trial 396 with value: 0.1809831248750253.
[I 2025-03-12 12:33:24,156] Trial 466 finished with value: 0.18767022181860235 and parameters: {'learning_rate': 0.01961202811871508, 'depth': 12, 'l2_leaf_reg': 2.186593356500139, 'min_child_samples': 8}. Best is trial 396 with value: 0.1809831248750253.
[I 2025-03-12 12:33:28,366] Trial 467 finished with value: 0.18342326544605067 and parameters: {'learning_rate': 0.018816443105255234, 'depth': 11, 'l2_leaf_reg': 2.7731650622587316, 'min_child_samples': 8}. Best is trial 396 with value: 0.1809831248750253.
[I 2025-03-12 12:33:33,064] Trial 468 finished with value: 0.18314236058317104 and parameters: {'learning_rate': 0.01933725309036084, 'depth': 11, 'l2_leaf_reg': 2.297141224176048, 'min_child_samples': 8}. Best is trial 396 with value: 0.1809831248750253.
[I 2025-03-12 12:33:36,404] Trial 469 finished with value: 0.18432483882855785 and parameters: {'learning_rate': 0.019990421639624632, 'depth': 10, 'l2_leaf_reg': 1.9714949763944265, 'min_child_samples': 8}. Best is trial 396 with value: 0.1809831248750253.
[I 2025-03-12 12:33:41,002] Trial 470 finished with value: 0.18369805154606628 and parameters: {'learning_rate': 0.018144515636573797, 'depth': 11, 'l2_leaf_reg': 2.0891556417878148, 'min_child_samples': 8}. Best is trial 396 with value: 0.1809831248750253.
[I 2025-03-12 12:33:45,362] Trial 471 finished with value: 0.18259783034766539 and parameters: {'learning_rate': 0.018638420724754957, 'depth': 11, 'l2_leaf_reg': 2.4193211354748336, 'min_child_samples': 4}. Best is trial 396 with value: 0.1809831248750253.
[I 2025-03-12 12:33:49,914] Trial 472 finished with value: 0.18354116178728733 and parameters: {'learning_rate': 0.019273438990443526, 'depth': 11, 'l2_leaf_reg': 0.1485454701849791, 'min_child_samples': 8}. Best is trial 396 with value: 0.1809831248750253.
[I 2025-03-12 12:33:56,159] Trial 473 finished with value: 0.18662034677747066 and parameters: {'learning_rate': 0.01963876116743694, 'depth': 12, 'l2_leaf_reg': 1.8970745354994976, 'min_child_samples': 8}. Best is trial 396 with value: 0.1809831248750253.
[I 2025-03-12 12:33:59,769] Trial 474 finished with value: 0.18521954114212077 and parameters: {'learning_rate': 0.018944405061949932, 'depth': 10, 'l2_leaf_reg': 0.3311484871737028, 'min_child_samples': 16}. Best is trial 396 with value: 0.1809831248750253.
[I 2025-03-12 12:34:04,224] Trial 475 finished with value: 0.18261253216150697 and parameters: {'learning_rate': 0.019985463484530785, 'depth': 11, 'l2_leaf_reg': 2.662904008694767, 'min_child_samples': 16}. Best is trial 396 with value: 0.1809831248750253.
[I 2025-03-12 12:34:19,864] Trial 476 finished with value: 0.20995270212680553 and parameters: {'learning_rate': 0.018274618116946334, 'depth': 14, 'l2_leaf_reg': 0.22880435779450364, 'min_child_samples': 16}. Best is trial 396 with value: 0.1809831248750253.
[I 2025-03-12 12:34:24,119] Trial 477 finished with value: 0.18382765479074722 and parameters: {'learning_rate': 0.019351154077869925, 'depth': 11, 'l2_leaf_reg': 0.2750088251271338, 'min_child_samples': 4}. Best is trial 396 with value: 0.1809831248750253.
[I 2025-03-12 12:34:28,734] Trial 478 finished with value: 0.18680554792778098 and parameters: {'learning_rate': 0.014584892416488271, 'depth': 11, 'l2_leaf_reg': 1.5114716356883195, 'min_child_samples': 16}. Best is trial 396 with value: 0.1809831248750253.
[I 2025-03-12 12:34:31,477] Trial 479 finished with value: 0.18754016033652007 and parameters: {'learning_rate': 0.019018139868779215, 'depth': 9, 'l2_leaf_reg': 2.887370351840854, 'min_child_samples': 16}. Best is trial 396 with value: 0.1809831248750253.
[I 2025-03-12 12:34:36,142] Trial 480 finished with value: 0.18378995065676587 and parameters: {'learning_rate': 0.019661144983237108, 'depth': 11, 'l2_leaf_reg': 0.091877861907946, 'min_child_samples': 4}. Best is trial 396 with value: 0.1809831248750253.
[I 2025-03-12 12:34:42,458] Trial 481 finished with value: 0.18852540298490583 and parameters: {'learning_rate': 0.016586314569939458, 'depth': 12, 'l2_leaf_reg': 2.6125340803943753, 'min_child_samples': 8}. Best is trial 396 with value: 0.1809831248750253.
[I 2025-03-12 12:34:46,074] Trial 482 finished with value: 0.1854275959218415 and parameters: {'learning_rate': 0.01852658852971637, 'depth': 10, 'l2_leaf_reg': 2.024023366291684, 'min_child_samples': 16}. Best is trial 396 with value: 0.1809831248750253.
[I 2025-03-12 12:34:52,099] Trial 483 finished with value: 0.18647397185874756 and parameters: {'learning_rate': 0.01935092366243356, 'depth': 12, 'l2_leaf_reg': 1.5574428879701971, 'min_child_samples': 16}. Best is trial 396 with value: 0.1809831248750253.
[I 2025-03-12 12:34:56,578] Trial 484 finished with value: 0.18308656576357243 and parameters: {'learning_rate': 0.019999304165656085, 'depth': 11, 'l2_leaf_reg': 1.343485437680775, 'min_child_samples': 4}. Best is trial 396 with value: 0.1809831248750253.
[I 2025-03-12 12:34:58,872] Trial 485 finished with value: 0.2046633831288938 and parameters: {'learning_rate': 0.018837913832064335, 'depth': 7, 'l2_leaf_reg': 1.4676878897252223, 'min_child_samples': 16}. Best is trial 396 with value: 0.1809831248750253.
[I 2025-03-12 12:35:02,394] Trial 486 finished with value: 0.18531712746974774 and parameters: {'learning_rate': 0.019428761737672454, 'depth': 10, 'l2_leaf_reg': 2.5207275767656965, 'min_child_samples': 16}. Best is trial 396 with value: 0.1809831248750253.
[I 2025-03-12 12:35:06,791] Trial 487 finished with value: 0.18347059567295138 and parameters: {'learning_rate': 0.019678734321866845, 'depth': 11, 'l2_leaf_reg': 0.4226441056709619, 'min_child_samples': 4}. Best is trial 396 with value: 0.1809831248750253.
[I 2025-03-12 12:35:11,417] Trial 488 finished with value: 0.18438235590734886 and parameters: {'learning_rate': 0.01772286059081464, 'depth': 11, 'l2_leaf_reg': 1.61068835296585, 'min_child_samples': 16}. Best is trial 396 with value: 0.1809831248750253.
[I 2025-03-12 12:35:15,706] Trial 489 finished with value: 0.18161806257591356 and parameters: {'learning_rate': 0.019086012389371007, 'depth': 11, 'l2_leaf_reg': 2.2427875855290176, 'min_child_samples': 16}. Best is trial 396 with value: 0.1809831248750253.
[I 2025-03-12 12:35:20,297] Trial 490 finished with value: 0.182770143897895 and parameters: {'learning_rate': 0.018166570693917236, 'depth': 11, 'l2_leaf_reg': 2.444619930405489, 'min_child_samples': 16}. Best is trial 396 with value: 0.1809831248750253.
[I 2025-03-12 12:35:29,726] Trial 491 finished with value: 0.19160810698737754 and parameters: {'learning_rate': 0.0187176042784944, 'depth': 13, 'l2_leaf_reg': 2.2631161207920303, 'min_child_samples': 16}. Best is trial 396 with value: 0.1809831248750253.
[I 2025-03-12 12:35:35,918] Trial 492 finished with value: 0.18857533910061067 and parameters: {'learning_rate': 0.01910268394356208, 'depth': 12, 'l2_leaf_reg': 2.866864702721281, 'min_child_samples': 16}. Best is trial 396 with value: 0.1809831248750253.
[I 2025-03-12 12:35:39,508] Trial 493 finished with value: 0.18617373236635193 and parameters: {'learning_rate': 0.01840015161127755, 'depth': 10, 'l2_leaf_reg': 0.18038739872817017, 'min_child_samples': 16}. Best is trial 396 with value: 0.1809831248750253.
[I 2025-03-12 12:35:43,816] Trial 494 finished with value: 0.1822621483311965 and parameters: {'learning_rate': 0.01902354199501619, 'depth': 11, 'l2_leaf_reg': 1.0150103301766589, 'min_child_samples': 16}. Best is trial 396 with value: 0.1809831248750253.
[I 2025-03-12 12:35:48,381] Trial 495 finished with value: 0.18276271425694235 and parameters: {'learning_rate': 0.018668853666401898, 'depth': 11, 'l2_leaf_reg': 2.8219141380773807, 'min_child_samples': 16}. Best is trial 396 with value: 0.1809831248750253.
[I 2025-03-12 12:35:52,665] Trial 496 finished with value: 0.18315118802403899 and parameters: {'learning_rate': 0.01914335210559904, 'depth': 11, 'l2_leaf_reg': 1.5860155014887338, 'min_child_samples': 16}. Best is trial 396 with value: 0.1809831248750253.
[I 2025-03-12 12:35:58,891] Trial 497 finished with value: 0.1877586119219994 and parameters: {'learning_rate': 0.017980374547191494, 'depth': 12, 'l2_leaf_reg': 1.7906759799028666, 'min_child_samples': 16}. Best is trial 396 with value: 0.1809831248750253.
[I 2025-03-12 12:36:03,410] Trial 498 finished with value: 0.18346162796313648 and parameters: {'learning_rate': 0.019373251602676785, 'depth': 11, 'l2_leaf_reg': 1.6456752819930487, 'min_child_samples': 16}. Best is trial 396 with value: 0.1809831248750253.
[I 2025-03-12 12:36:07,048] Trial 499 finished with value: 0.18510382076429668 and parameters: {'learning_rate': 0.018734286876295303, 'depth': 10, 'l2_leaf_reg': 0.3396608830390116, 'min_child_samples': 4}. Best is trial 396 with value: 0.1809831248750253.
2025-03-12 12:36:07,048 - __main__ - INFO - Best RMSE: 0.1810
2025-03-12 12:36:07,049 - __main__ - INFO - Best parameters: {'learning_rate': 0.01997884157737252, 'depth': 11, 'l2_leaf_reg': 1.5712673528988452, 'min_child_samples': 4}
2025-03-12 12:36:07,049 - __main__ - INFO - {'learning_rate': 0.01997884157737252, 'depth': 11, 'l2_leaf_reg': 1.5712673528988452, 'min_child_samples': 4, 'grow_policy': 'SymmetricTree', 'iterations': 1000, 'use_best_model': True, 'eval_metric': 'RMSE', 'loss_function': 'RMSE', 'od_type': 'iter', 'od_wait': 20, 'task_type': 'GPU', 'random_state': 42, 'logging_level': 'Silent'}
2025-03-12 12:36:07,050 - __main__ - INFO - Starting c_std_y optimization...
2025-03-12 12:36:07,050 - __main__ - INFO - Starting hyperparameter optimization for c_std_y
[I 2025-03-12 12:36:07,051] A new study created in memory with name: catboost-c_std_y-seed42
[I 2025-03-12 12:36:08,974] Trial 0 finished with value: 0.6206201816654997 and parameters: {'learning_rate': 0.007318057432444062, 'depth': 4, 'l2_leaf_reg': 0.8857296810909984, 'min_child_samples': 8}. Best is trial 0 with value: 0.6206201816654997.
[I 2025-03-12 12:36:11,336] Trial 1 finished with value: 0.49347079476505834 and parameters: {'learning_rate': 0.015042649792125759, 'depth': 6, 'l2_leaf_reg': 0.4138616465216145, 'min_child_samples': 1}. Best is trial 1 with value: 0.49347079476505834.
[I 2025-03-12 12:36:13,647] Trial 2 finished with value: 0.4948456210068826 and parameters: {'learning_rate': 0.010787532022106496, 'depth': 7, 'l2_leaf_reg': 0.9602398240306986, 'min_child_samples': 4}. Best is trial 1 with value: 0.49347079476505834.
[I 2025-03-12 12:36:23,017] Trial 3 finished with value: 0.5909714504832283 and parameters: {'learning_rate': 0.003889328125374598, 'depth': 13, 'l2_leaf_reg': 0.7981028722382446, 'min_child_samples': 16}. Best is trial 1 with value: 0.49347079476505834.
[I 2025-03-12 12:36:52,091] Trial 4 finished with value: 0.5420291178653597 and parameters: {'learning_rate': 0.010591533292079637, 'depth': 15, 'l2_leaf_reg': 0.4096971405639426, 'min_child_samples': 8}. Best is trial 1 with value: 0.49347079476505834.
[I 2025-03-12 12:37:21,124] Trial 5 finished with value: 0.541890694627437 and parameters: {'learning_rate': 0.01866404121745113, 'depth': 15, 'l2_leaf_reg': 2.386960155323468, 'min_child_samples': 32}. Best is trial 1 with value: 0.49347079476505834.
[I 2025-03-12 12:38:16,974] Trial 6 finished with value: 0.5675151700700763 and parameters: {'learning_rate': 0.012935848978381034, 'depth': 16, 'l2_leaf_reg': 0.40198796548334614, 'min_child_samples': 8}. Best is trial 1 with value: 0.49347079476505834.
[I 2025-03-12 12:38:18,617] Trial 7 finished with value: 0.5875207643999059 and parameters: {'learning_rate': 0.013508083287652288, 'depth': 3, 'l2_leaf_reg': 1.5413421779621945, 'min_child_samples': 4}. Best is trial 1 with value: 0.49347079476505834.
[I 2025-03-12 12:38:21,304] Trial 8 finished with value: 0.47687854341688424 and parameters: {'learning_rate': 0.013008624248013254, 'depth': 8, 'l2_leaf_reg': 1.537393560389974, 'min_child_samples': 1}. Best is trial 8 with value: 0.47687854341688424.
[I 2025-03-12 12:38:27,243] Trial 9 finished with value: 0.5376454308010606 and parameters: {'learning_rate': 0.0048481206947332016, 'depth': 12, 'l2_leaf_reg': 2.2944241352227603, 'min_child_samples': 16}. Best is trial 8 with value: 0.47687854341688424.
[I 2025-03-12 12:38:30,557] Trial 10 finished with value: 1.1938153969959593 and parameters: {'learning_rate': 0.0008474492467487413, 'depth': 10, 'l2_leaf_reg': 2.9849504747239406, 'min_child_samples': 1}. Best is trial 8 with value: 0.47687854341688424.
[I 2025-03-12 12:38:32,932] Trial 11 finished with value: 0.4769642048896919 and parameters: {'learning_rate': 0.018181937943594684, 'depth': 7, 'l2_leaf_reg': 1.5618936151110347, 'min_child_samples': 1}. Best is trial 8 with value: 0.47687854341688424.
[I 2025-03-12 12:38:35,956] Trial 12 finished with value: 0.4687177561542697 and parameters: {'learning_rate': 0.019891655214241938, 'depth': 9, 'l2_leaf_reg': 1.5187259563963942, 'min_child_samples': 1}. Best is trial 12 with value: 0.4687177561542697.
[I 2025-03-12 12:38:39,735] Trial 13 finished with value: 0.4690840227746037 and parameters: {'learning_rate': 0.019953704550152558, 'depth': 10, 'l2_leaf_reg': 1.9513822026716274, 'min_child_samples': 1}. Best is trial 12 with value: 0.4687177561542697.
[I 2025-03-12 12:38:43,522] Trial 14 finished with value: 0.46894725866345166 and parameters: {'learning_rate': 0.019738591430348333, 'depth': 10, 'l2_leaf_reg': 2.076995593457895, 'min_child_samples': 1}. Best is trial 12 with value: 0.4687177561542697.
[I 2025-03-12 12:38:47,018] Trial 15 finished with value: 0.4691442993642026 and parameters: {'learning_rate': 0.0167649466978188, 'depth': 10, 'l2_leaf_reg': 2.0987255548214403, 'min_child_samples': 32}. Best is trial 12 with value: 0.4687177561542697.
[I 2025-03-12 12:38:48,622] Trial 16 finished with value: 0.8666639435534653 and parameters: {'learning_rate': 0.01626956766598138, 'depth': 1, 'l2_leaf_reg': 2.6426166986421067, 'min_child_samples': 1}. Best is trial 12 with value: 0.4687177561542697.
[I 2025-03-12 12:38:54,860] Trial 17 finished with value: 0.47413059870959307 and parameters: {'learning_rate': 0.017181631849890022, 'depth': 12, 'l2_leaf_reg': 1.818439513304377, 'min_child_samples': 1}. Best is trial 12 with value: 0.4687177561542697.
[I 2025-03-12 12:38:56,683] Trial 18 finished with value: 0.49992529135999647 and parameters: {'learning_rate': 0.019257673326740866, 'depth': 5, 'l2_leaf_reg': 1.1966739446131056, 'min_child_samples': 1}. Best is trial 12 with value: 0.4687177561542697.
