[I 2025-03-12 11:22:52,313] Trial 91 finished with value: 2.0039572517488535 and parameters: {'learning_rate': 0.013116893205497672, 'depth': 10, 'l2_leaf_reg': 1.3366999949895102, 'min_child_samples': 16}. Best is trial 25 with value: 1.998760951776887.
[I 2025-03-12 11:22:55,458] Trial 92 finished with value: 1.998774950594115 and parameters: {'learning_rate': 0.01635634794358711, 'depth': 10, 'l2_leaf_reg': 1.4867135479236673, 'min_child_samples': 1}. Best is trial 25 with value: 1.998760951776887.
[I 2025-03-12 11:22:58,203] Trial 93 finished with value: 2.0091248782390756 and parameters: {'learning_rate': 0.016310572078298557, 'depth': 9, 'l2_leaf_reg': 1.6275340391737008, 'min_child_samples': 1}. Best is trial 25 with value: 1.998760951776887.
[I 2025-03-12 11:23:00,999] Trial 94 finished with value: 2.0048466743087103 and parameters: {'learning_rate': 0.015726512747350742, 'depth': 10, 'l2_leaf_reg': 1.8726713728717845, 'min_child_samples': 1}. Best is trial 25 with value: 1.998760951776887.
[I 2025-03-12 11:23:04,151] Trial 95 finished with value: 2.008419537145305 and parameters: {'learning_rate': 0.014390062597967632, 'depth': 11, 'l2_leaf_reg': 1.5043141981481496, 'min_child_samples': 1}. Best is trial 25 with value: 1.998760951776887.
[I 2025-03-12 11:23:06,679] Trial 96 finished with value: 2.0094634689874487 and parameters: {'learning_rate': 0.01732134248574711, 'depth': 9, 'l2_leaf_reg': 0.3813267456705885, 'min_child_samples': 4}. Best is trial 25 with value: 1.998760951776887.
[I 2025-03-12 11:23:10,113] Trial 97 finished with value: 1.999847727688166 and parameters: {'learning_rate': 0.01528743271511903, 'depth': 10, 'l2_leaf_reg': 0.1447375227986547, 'min_child_samples': 1}. Best is trial 25 with value: 1.998760951776887.
[I 2025-03-12 11:23:12,227] Trial 98 finished with value: 2.0033092331400404 and parameters: {'learning_rate': 0.0164957118658238, 'depth': 7, 'l2_leaf_reg': 0.27609007363567806, 'min_child_samples': 1}. Best is trial 25 with value: 1.998760951776887.
[I 2025-03-12 11:23:15,615] Trial 99 finished with value: 2.008280118806828 and parameters: {'learning_rate': 0.015293182809903393, 'depth': 11, 'l2_leaf_reg': 0.09829013370530737, 'min_child_samples': 8}. Best is trial 25 with value: 1.998760951776887.
[I 2025-03-12 11:23:19,271] Trial 100 finished with value: 2.011798055389319 and parameters: {'learning_rate': 0.01596629381674043, 'depth': 12, 'l2_leaf_reg': 0.17202261314899314, 'min_child_samples': 1}. Best is trial 25 with value: 1.998760951776887.
[I 2025-03-12 11:23:22,443] Trial 101 finished with value: 2.005143234454846 and parameters: {'learning_rate': 0.014906958038401136, 'depth': 10, 'l2_leaf_reg': 1.2803480630436046, 'min_child_samples': 1}. Best is trial 25 with value: 1.998760951776887.
[I 2025-03-12 11:23:24,652] Trial 102 finished with value: 2.0553683654450867 and parameters: {'learning_rate': 0.013842720617649192, 'depth': 2, 'l2_leaf_reg': 1.4489703626028083, 'min_child_samples': 1}. Best is trial 25 with value: 1.998760951776887.
[I 2025-03-12 11:23:27,326] Trial 103 finished with value: 2.0024161598429835 and parameters: {'learning_rate': 0.01774720866719849, 'depth': 10, 'l2_leaf_reg': 0.14128514301123685, 'min_child_samples': 1}. Best is trial 25 with value: 1.998760951776887.
[I 2025-03-12 11:23:30,262] Trial 104 finished with value: 2.0023047767054525 and parameters: {'learning_rate': 0.013511177867997624, 'depth': 10, 'l2_leaf_reg': 1.6939966573588305, 'min_child_samples': 1}. Best is trial 25 with value: 1.998760951776887.
[I 2025-03-12 11:23:32,493] Trial 105 finished with value: 2.010753314063697 and parameters: {'learning_rate': 0.017009321674806833, 'depth': 9, 'l2_leaf_reg': 0.5613131975174902, 'min_child_samples': 1}. Best is trial 25 with value: 1.998760951776887.
[I 2025-03-12 11:23:36,294] Trial 106 finished with value: 2.006989565420417 and parameters: {'learning_rate': 0.01440233178195417, 'depth': 11, 'l2_leaf_reg': 0.42361803904492723, 'min_child_samples': 1}. Best is trial 25 with value: 1.998760951776887.
[I 2025-03-12 11:23:41,080] Trial 107 finished with value: 2.087914256840174 and parameters: {'learning_rate': 0.000758152216508521, 'depth': 9, 'l2_leaf_reg': 1.8214847983079596, 'min_child_samples': 1}. Best is trial 25 with value: 1.998760951776887.
[I 2025-03-12 11:23:44,049] Trial 108 finished with value: 2.0056004590973964 and parameters: {'learning_rate': 0.015410917138442103, 'depth': 10, 'l2_leaf_reg': 0.8611908176534928, 'min_child_samples': 1}. Best is trial 25 with value: 1.998760951776887.
[I 2025-03-12 11:23:47,280] Trial 109 finished with value: 2.006129293262115 and parameters: {'learning_rate': 0.016108232215490022, 'depth': 11, 'l2_leaf_reg': 2.088034112025867, 'min_child_samples': 4}. Best is trial 25 with value: 1.998760951776887.
[I 2025-03-12 11:23:50,050] Trial 110 finished with value: 2.006588782457217 and parameters: {'learning_rate': 0.018915459901914088, 'depth': 10, 'l2_leaf_reg': 0.4814659762162611, 'min_child_samples': 1}. Best is trial 25 with value: 1.998760951776887.
[I 2025-03-12 11:23:52,671] Trial 111 finished with value: 2.010258492457218 and parameters: {'learning_rate': 0.01279763612265846, 'depth': 10, 'l2_leaf_reg': 1.6930586270174335, 'min_child_samples': 1}. Best is trial 25 with value: 1.998760951776887.
[I 2025-03-12 11:23:55,794] Trial 112 finished with value: 2.0060555792187285 and parameters: {'learning_rate': 0.013606784520768455, 'depth': 10, 'l2_leaf_reg': 1.6310759102175754, 'min_child_samples': 1}. Best is trial 25 with value: 1.998760951776887.
[I 2025-03-12 11:23:59,123] Trial 113 finished with value: 2.0072731368963916 and parameters: {'learning_rate': 0.013417738586937197, 'depth': 11, 'l2_leaf_reg': 1.711515911743548, 'min_child_samples': 1}. Best is trial 25 with value: 1.998760951776887.
[I 2025-03-12 11:24:01,784] Trial 114 finished with value: 2.008319906780133 and parameters: {'learning_rate': 0.014213924903560984, 'depth': 9, 'l2_leaf_reg': 0.7604198653317837, 'min_child_samples': 1}. Best is trial 25 with value: 1.998760951776887.
[I 2025-03-12 11:24:05,052] Trial 115 finished with value: 2.008842273039182 and parameters: {'learning_rate': 0.015096763004245667, 'depth': 11, 'l2_leaf_reg': 2.034220993411645, 'min_child_samples': 1}. Best is trial 25 with value: 1.998760951776887.
[I 2025-03-12 11:24:07,865] Trial 116 finished with value: 2.0026666441503935 and parameters: {'learning_rate': 0.014753385989594083, 'depth': 10, 'l2_leaf_reg': 0.663238712992567, 'min_child_samples': 1}. Best is trial 25 with value: 1.998760951776887.
[I 2025-03-12 11:24:12,015] Trial 117 finished with value: 2.011110764727643 and parameters: {'learning_rate': 0.012089370322954431, 'depth': 12, 'l2_leaf_reg': 0.049120001788022005, 'min_child_samples': 8}. Best is trial 25 with value: 1.998760951776887.
[I 2025-03-12 11:24:14,755] Trial 118 finished with value: 2.0078229136371575 and parameters: {'learning_rate': 0.01577671500572282, 'depth': 9, 'l2_leaf_reg': 1.3988272811992102, 'min_child_samples': 1}. Best is trial 25 with value: 1.998760951776887.
[I 2025-03-12 11:24:16,987] Trial 119 finished with value: 2.0116164020253975 and parameters: {'learning_rate': 0.016823008970675398, 'depth': 8, 'l2_leaf_reg': 1.569101375502897, 'min_child_samples': 1}. Best is trial 25 with value: 1.998760951776887.
[I 2025-03-12 11:24:20,112] Trial 120 finished with value: 2.008644009555001 and parameters: {'learning_rate': 0.01643119525694502, 'depth': 11, 'l2_leaf_reg': 1.820404088362117, 'min_child_samples': 1}. Best is trial 25 with value: 1.998760951776887.
[I 2025-03-12 11:24:23,241] Trial 121 finished with value: 2.0026012066001764 and parameters: {'learning_rate': 0.012688871127137395, 'depth': 10, 'l2_leaf_reg': 0.3056658227751562, 'min_child_samples': 16}. Best is trial 25 with value: 1.998760951776887.
[I 2025-03-12 11:24:26,260] Trial 122 finished with value: 2.007413637215073 and parameters: {'learning_rate': 0.013441947295635089, 'depth': 10, 'l2_leaf_reg': 1.0475707854827918, 'min_child_samples': 16}. Best is trial 25 with value: 1.998760951776887.
[I 2025-03-12 11:24:29,158] Trial 123 finished with value: 2.0056553468828975 and parameters: {'learning_rate': 0.012345786574866787, 'depth': 9, 'l2_leaf_reg': 1.50581387946428, 'min_child_samples': 16}. Best is trial 25 with value: 1.998760951776887.
[I 2025-03-12 11:24:33,991] Trial 124 finished with value: 2.010142555673445 and parameters: {'learning_rate': 0.010218218042471108, 'depth': 10, 'l2_leaf_reg': 1.2011456669133709, 'min_child_samples': 1}. Best is trial 25 with value: 1.998760951776887.
[I 2025-03-12 11:24:37,326] Trial 125 finished with value: 2.0072144583402483 and parameters: {'learning_rate': 0.01169255983975287, 'depth': 11, 'l2_leaf_reg': 0.3790794575436616, 'min_child_samples': 1}. Best is trial 25 with value: 1.998760951776887.
[I 2025-03-12 11:24:40,585] Trial 126 finished with value: 2.009182831813049 and parameters: {'learning_rate': 0.012979725968406786, 'depth': 10, 'l2_leaf_reg': 0.6133081327784662, 'min_child_samples': 1}. Best is trial 25 with value: 1.998760951776887.
[I 2025-03-12 11:24:43,230] Trial 127 finished with value: 2.0032108316425843 and parameters: {'learning_rate': 0.014029599401412875, 'depth': 9, 'l2_leaf_reg': 0.22140053539284982, 'min_child_samples': 1}. Best is trial 25 with value: 1.998760951776887.
[I 2025-03-12 11:24:46,228] Trial 128 finished with value: 2.006174086639997 and parameters: {'learning_rate': 0.015592020343803612, 'depth': 10, 'l2_leaf_reg': 0.9019648214427824, 'min_child_samples': 16}. Best is trial 25 with value: 1.998760951776887.
[I 2025-03-12 11:24:49,391] Trial 129 finished with value: 2.001671593977473 and parameters: {'learning_rate': 0.014793914180952961, 'depth': 11, 'l2_leaf_reg': 1.5974933455042326, 'min_child_samples': 4}. Best is trial 25 with value: 1.998760951776887.
[I 2025-03-12 11:24:52,550] Trial 130 finished with value: 2.0037611324780706 and parameters: {'learning_rate': 0.014760808153292233, 'depth': 11, 'l2_leaf_reg': 1.6252803993953253, 'min_child_samples': 4}. Best is trial 25 with value: 1.998760951776887.
[I 2025-03-12 11:24:56,570] Trial 131 finished with value: 2.0068625186552453 and parameters: {'learning_rate': 0.014453231628104728, 'depth': 12, 'l2_leaf_reg': 1.5575762400920665, 'min_child_samples': 4}. Best is trial 25 with value: 1.998760951776887.
[I 2025-03-12 11:24:59,274] Trial 132 finished with value: 2.000136220700236 and parameters: {'learning_rate': 0.01596440136764449, 'depth': 10, 'l2_leaf_reg': 0.7405448398805601, 'min_child_samples': 4}. Best is trial 25 with value: 1.998760951776887.
[I 2025-03-12 11:25:02,398] Trial 133 finished with value: 2.0061468929577786 and parameters: {'learning_rate': 0.015972356035724975, 'depth': 11, 'l2_leaf_reg': 1.9231590782941874, 'min_child_samples': 4}. Best is trial 25 with value: 1.998760951776887.
[I 2025-03-12 11:25:05,110] Trial 134 finished with value: 2.008527549739276 and parameters: {'learning_rate': 0.015244411829423815, 'depth': 10, 'l2_leaf_reg': 0.7029172792376092, 'min_child_samples': 4}. Best is trial 25 with value: 1.998760951776887.
[I 2025-03-12 11:25:07,951] Trial 135 finished with value: 2.0033085961105455 and parameters: {'learning_rate': 0.017463296351990096, 'depth': 10, 'l2_leaf_reg': 1.752538623270855, 'min_child_samples': 4}. Best is trial 25 with value: 1.998760951776887.
[I 2025-03-12 11:25:10,961] Trial 136 finished with value: 2.005079014299848 and parameters: {'learning_rate': 0.016545112433881674, 'depth': 11, 'l2_leaf_reg': 0.5645338851470472, 'min_child_samples': 4}. Best is trial 25 with value: 1.998760951776887.
[I 2025-03-12 11:25:13,719] Trial 137 finished with value: 2.006908578766935 and parameters: {'learning_rate': 0.013797604794506854, 'depth': 9, 'l2_leaf_reg': 1.3508978081129457, 'min_child_samples': 4}. Best is trial 25 with value: 1.998760951776887.
[I 2025-03-12 11:25:16,567] Trial 138 finished with value: 2.00365905087193 and parameters: {'learning_rate': 0.0150275656277703, 'depth': 10, 'l2_leaf_reg': 0.6662404918991544, 'min_child_samples': 4}. Best is trial 25 with value: 1.998760951776887.
[I 2025-03-12 11:25:19,827] Trial 139 finished with value: 2.0028092772703485 and parameters: {'learning_rate': 0.016196417703738517, 'depth': 11, 'l2_leaf_reg': 0.7934276801398819, 'min_child_samples': 1}. Best is trial 25 with value: 1.998760951776887.
[I 2025-03-12 11:25:23,635] Trial 140 finished with value: 2.0098461523761015 and parameters: {'learning_rate': 0.01714618024742012, 'depth': 12, 'l2_leaf_reg': 1.656023053875845, 'min_child_samples': 32}. Best is trial 25 with value: 1.998760951776887.
[I 2025-03-12 11:25:26,759] Trial 141 finished with value: 2.0006657201402267 and parameters: {'learning_rate': 0.014314282346781344, 'depth': 10, 'l2_leaf_reg': 1.4786544863539954, 'min_child_samples': 1}. Best is trial 25 with value: 1.998760951776887.
[I 2025-03-12 11:25:29,514] Trial 142 finished with value: 2.0026311445461658 and parameters: {'learning_rate': 0.015682610777744813, 'depth': 10, 'l2_leaf_reg': 1.4997974527385574, 'min_child_samples': 1}. Best is trial 25 with value: 1.998760951776887.
[I 2025-03-12 11:25:32,115] Trial 143 finished with value: 2.0037924584348854 and parameters: {'learning_rate': 0.014212446639456687, 'depth': 9, 'l2_leaf_reg': 1.4550969395331104, 'min_child_samples': 1}. Best is trial 25 with value: 1.998760951776887.
[I 2025-03-12 11:25:34,836] Trial 144 finished with value: 2.0075257032386506 and parameters: {'learning_rate': 0.01539486407331327, 'depth': 10, 'l2_leaf_reg': 1.2789018576790334, 'min_child_samples': 1}. Best is trial 25 with value: 1.998760951776887.
[I 2025-03-12 11:25:38,185] Trial 145 finished with value: 2.005299930341711 and parameters: {'learning_rate': 0.014721596764944757, 'depth': 11, 'l2_leaf_reg': 1.5723649928679322, 'min_child_samples': 1}. Best is trial 25 with value: 1.998760951776887.
[I 2025-03-12 11:25:41,095] Trial 146 finished with value: 2.0004192063931745 and parameters: {'learning_rate': 0.01323598004186808, 'depth': 10, 'l2_leaf_reg': 1.7086343810218578, 'min_child_samples': 1}. Best is trial 25 with value: 1.998760951776887.
[I 2025-03-12 11:25:44,510] Trial 147 finished with value: 2.006145636995665 and parameters: {'learning_rate': 0.014379991659591626, 'depth': 11, 'l2_leaf_reg': 1.4140699801835026, 'min_child_samples': 1}. Best is trial 25 with value: 1.998760951776887.
[I 2025-03-12 11:25:46,750] Trial 148 finished with value: 2.0180100139531434 and parameters: {'learning_rate': 0.015046358285438472, 'depth': 5, 'l2_leaf_reg': 1.7967003525632401, 'min_child_samples': 8}. Best is trial 25 with value: 1.998760951776887.
[I 2025-03-12 11:25:49,249] Trial 149 finished with value: 2.0073509416298676 and parameters: {'learning_rate': 0.016752697173769548, 'depth': 9, 'l2_leaf_reg': 0.47976500265470545, 'min_child_samples': 1}. Best is trial 25 with value: 1.998760951776887.
[I 2025-03-12 11:25:52,289] Trial 150 finished with value: 2.0039717377109136 and parameters: {'learning_rate': 0.015956574034252078, 'depth': 10, 'l2_leaf_reg': 0.9454308194556653, 'min_child_samples': 1}. Best is trial 25 with value: 1.998760951776887.
[I 2025-03-12 11:25:54,903] Trial 151 finished with value: 2.0047380069067047 and parameters: {'learning_rate': 0.013651997503954674, 'depth': 10, 'l2_leaf_reg': 1.717448141955111, 'min_child_samples': 1}. Best is trial 25 with value: 1.998760951776887.
[I 2025-03-12 11:25:58,164] Trial 152 finished with value: 2.0030706349620937 and parameters: {'learning_rate': 0.013125319260019183, 'depth': 10, 'l2_leaf_reg': 1.6214376017374483, 'min_child_samples': 1}. Best is trial 25 with value: 1.998760951776887.
[I 2025-03-12 11:26:00,763] Trial 153 finished with value: 2.0054774723519873 and parameters: {'learning_rate': 0.013470656044686773, 'depth': 10, 'l2_leaf_reg': 0.7601514706354948, 'min_child_samples': 1}. Best is trial 25 with value: 1.998760951776887.
[I 2025-03-12 11:26:04,318] Trial 154 finished with value: 2.0093498504932485 and parameters: {'learning_rate': 0.014085093689719453, 'depth': 11, 'l2_leaf_reg': 1.8547428977209044, 'min_child_samples': 1}. Best is trial 25 with value: 1.998760951776887.
[I 2025-03-12 11:26:07,226] Trial 155 finished with value: 2.003941051646301 and parameters: {'learning_rate': 0.014664997776284295, 'depth': 10, 'l2_leaf_reg': 1.6846645349890252, 'min_child_samples': 1}. Best is trial 25 with value: 1.998760951776887.
[I 2025-03-12 11:26:09,590] Trial 156 finished with value: 2.0141252835356056 and parameters: {'learning_rate': 0.015526421765677553, 'depth': 9, 'l2_leaf_reg': 1.5231682983311516, 'min_child_samples': 4}. Best is trial 25 with value: 1.998760951776887.
[I 2025-03-12 11:26:13,358] Trial 157 finished with value: 2.001945535006988 and parameters: {'learning_rate': 0.013818964390702525, 'depth': 11, 'l2_leaf_reg': 1.738108994114286, 'min_child_samples': 1}. Best is trial 25 with value: 1.998760951776887.
[I 2025-03-12 11:26:16,127] Trial 158 finished with value: 2.0110668329730936 and parameters: {'learning_rate': 0.01635974231123348, 'depth': 11, 'l2_leaf_reg': 1.9185033219533478, 'min_child_samples': 32}. Best is trial 25 with value: 1.998760951776887.
[I 2025-03-12 11:26:19,272] Trial 159 finished with value: 2.0092866346177956 and parameters: {'learning_rate': 0.013985987570586314, 'depth': 11, 'l2_leaf_reg': 1.7422902310611934, 'min_child_samples': 1}. Best is trial 25 with value: 1.998760951776887.
[I 2025-03-12 11:26:23,227] Trial 160 finished with value: 2.011612645245748 and parameters: {'learning_rate': 0.014999642502568309, 'depth': 12, 'l2_leaf_reg': 0.5440170062175794, 'min_child_samples': 1}. Best is trial 25 with value: 1.998760951776887.
[I 2025-03-12 11:26:25,990] Trial 161 finished with value: 2.004387738007365 and parameters: {'learning_rate': 0.012810262492363902, 'depth': 10, 'l2_leaf_reg': 1.7902530632167806, 'min_child_samples': 1}. Best is trial 25 with value: 1.998760951776887.
[I 2025-03-12 11:26:29,528] Trial 162 finished with value: 2.0050338946275184 and parameters: {'learning_rate': 0.013814392314388158, 'depth': 11, 'l2_leaf_reg': 1.5809132216942312, 'min_child_samples': 1}. Best is trial 25 with value: 1.998760951776887.
[I 2025-03-12 11:26:32,742] Trial 163 finished with value: 2.005057367295741 and parameters: {'learning_rate': 0.01239313324366189, 'depth': 10, 'l2_leaf_reg': 0.8139510333150085, 'min_child_samples': 1}. Best is trial 25 with value: 1.998760951776887.
[I 2025-03-12 11:26:35,651] Trial 164 finished with value: 2.002707825690048 and parameters: {'learning_rate': 0.013363505873498528, 'depth': 10, 'l2_leaf_reg': 1.6812299296610353, 'min_child_samples': 1}. Best is trial 25 with value: 1.998760951776887.
[I 2025-03-12 11:26:39,282] Trial 165 finished with value: 2.005745466710125 and parameters: {'learning_rate': 0.014395058225281221, 'depth': 11, 'l2_leaf_reg': 0.10246309906698736, 'min_child_samples': 1}. Best is trial 25 with value: 1.998760951776887.
[I 2025-03-12 11:26:41,795] Trial 166 finished with value: 2.003475445067592 and parameters: {'learning_rate': 0.015439582191004428, 'depth': 9, 'l2_leaf_reg': 1.4607243857438243, 'min_child_samples': 1}. Best is trial 25 with value: 1.998760951776887.
[I 2025-03-12 11:26:44,627] Trial 167 finished with value: 2.001663655325985 and parameters: {'learning_rate': 0.013287895568796946, 'depth': 10, 'l2_leaf_reg': 1.9989310885767368, 'min_child_samples': 1}. Best is trial 25 with value: 1.998760951776887.
[I 2025-03-12 11:26:47,209] Trial 168 finished with value: 2.002952722530769 and parameters: {'learning_rate': 0.016027140450077058, 'depth': 10, 'l2_leaf_reg': 2.0228561660218185, 'min_child_samples': 1}. Best is trial 25 with value: 1.998760951776887.
[I 2025-03-12 11:26:49,956] Trial 169 finished with value: 2.0085613924980397 and parameters: {'learning_rate': 0.013115594775376653, 'depth': 9, 'l2_leaf_reg': 2.1865825661049727, 'min_child_samples': 4}. Best is trial 25 with value: 1.998760951776887.
[I 2025-03-12 11:26:53,427] Trial 170 finished with value: 2.004336549618345 and parameters: {'learning_rate': 0.014728522754543647, 'depth': 11, 'l2_leaf_reg': 0.6431464924017496, 'min_child_samples': 1}. Best is trial 25 with value: 1.998760951776887.
[I 2025-03-12 11:26:55,606] Trial 171 finished with value: 2.02834544132564 and parameters: {'learning_rate': 0.013660356518720523, 'depth': 4, 'l2_leaf_reg': 1.8497679309505448, 'min_child_samples': 1}. Best is trial 25 with value: 1.998760951776887.
[I 2025-03-12 11:26:58,582] Trial 172 finished with value: 2.0019436626483693 and parameters: {'learning_rate': 0.014001509600047712, 'depth': 10, 'l2_leaf_reg': 1.7372374173971437, 'min_child_samples': 1}. Best is trial 25 with value: 1.998760951776887.
[I 2025-03-12 11:27:01,559] Trial 173 finished with value: 2.0029837810663915 and parameters: {'learning_rate': 0.014150253069440141, 'depth': 10, 'l2_leaf_reg': 1.9469983524688932, 'min_child_samples': 1}. Best is trial 25 with value: 1.998760951776887.
[I 2025-03-12 11:27:04,493] Trial 174 finished with value: 2.004082064974501 and parameters: {'learning_rate': 0.015125015833551119, 'depth': 10, 'l2_leaf_reg': 2.068933312777734, 'min_child_samples': 1}. Best is trial 25 with value: 1.998760951776887.
[I 2025-03-12 11:27:07,091] Trial 175 finished with value: 2.007109288693746 and parameters: {'learning_rate': 0.01440328000130929, 'depth': 10, 'l2_leaf_reg': 1.9548740585517095, 'min_child_samples': 1}. Best is trial 25 with value: 1.998760951776887.
[I 2025-03-12 11:27:10,191] Trial 176 finished with value: 2.0074154870765013 and parameters: {'learning_rate': 0.015711018522344085, 'depth': 11, 'l2_leaf_reg': 0.708994933031748, 'min_child_samples': 32}. Best is trial 25 with value: 1.998760951776887.
