[I 2025-03-12 18:13:02,385] Trial 368 finished with value: 2.00919449841441 and parameters: {'learning_rate': 0.017096963597819703, 'depth': 12, 'l2_leaf_reg': 0.29714154110042335, 'min_child_samples': 8}. Best is trial 265 with value: 1.9993306196874616.
[I 2025-03-12 18:13:04,759] Trial 369 finished with value: 2.00685072291967 and parameters: {'learning_rate': 0.01773833120844985, 'depth': 11, 'l2_leaf_reg': 0.5392292149751021, 'min_child_samples': 4}. Best is trial 265 with value: 1.9993306196874616.
[I 2025-03-12 18:13:07,702] Trial 370 finished with value: 2.0098801457169455 and parameters: {'learning_rate': 0.015710752960154874, 'depth': 12, 'l2_leaf_reg': 0.10174459159014489, 'min_child_samples': 32}. Best is trial 265 with value: 1.9993306196874616.
[I 2025-03-12 18:13:09,537] Trial 371 finished with value: 2.0087402952107714 and parameters: {'learning_rate': 0.017318605937762514, 'depth': 9, 'l2_leaf_reg': 1.4463434811705953, 'min_child_samples': 4}. Best is trial 265 with value: 1.9993306196874616.
[I 2025-03-12 18:13:11,581] Trial 372 finished with value: 2.002488251468679 and parameters: {'learning_rate': 0.016149027001754662, 'depth': 10, 'l2_leaf_reg': 0.1781484546848877, 'min_child_samples': 4}. Best is trial 265 with value: 1.9993306196874616.
[I 2025-03-12 18:13:13,729] Trial 373 finished with value: 2.010703003854133 and parameters: {'learning_rate': 0.01814176934432625, 'depth': 11, 'l2_leaf_reg': 0.3876606653334158, 'min_child_samples': 8}. Best is trial 265 with value: 1.9993306196874616.
[I 2025-03-12 18:13:16,131] Trial 374 finished with value: 2.0037377713363793 and parameters: {'learning_rate': 0.016946450858831355, 'depth': 11, 'l2_leaf_reg': 0.11068344863205967, 'min_child_samples': 1}. Best is trial 265 with value: 1.9993306196874616.
[I 2025-03-12 18:13:18,192] Trial 375 finished with value: 1.999508949152801 and parameters: {'learning_rate': 0.016496632305132475, 'depth': 10, 'l2_leaf_reg': 0.20170545030617004, 'min_child_samples': 4}. Best is trial 265 with value: 1.9993306196874616.
[I 2025-03-12 18:13:20,028] Trial 376 finished with value: 2.0081489097077134 and parameters: {'learning_rate': 0.01656864045642443, 'depth': 10, 'l2_leaf_reg': 0.2560968013796931, 'min_child_samples': 4}. Best is trial 265 with value: 1.9993306196874616.
[I 2025-03-12 18:13:21,929] Trial 377 finished with value: 2.005447377202495 and parameters: {'learning_rate': 0.01621333929276901, 'depth': 10, 'l2_leaf_reg': 0.2179642066293585, 'min_child_samples': 4}. Best is trial 265 with value: 1.9993306196874616.
[I 2025-03-12 18:13:23,985] Trial 378 finished with value: 2.003951176242822 and parameters: {'learning_rate': 0.016890407678876382, 'depth': 10, 'l2_leaf_reg': 0.28372755637170166, 'min_child_samples': 4}. Best is trial 265 with value: 1.9993306196874616.
[I 2025-03-12 18:13:25,652] Trial 379 finished with value: 2.0050623543576287 and parameters: {'learning_rate': 0.01747794319905416, 'depth': 9, 'l2_leaf_reg': 0.34757415184763235, 'min_child_samples': 4}. Best is trial 265 with value: 1.9993306196874616.
[I 2025-03-12 18:13:27,729] Trial 380 finished with value: 2.005806290529342 and parameters: {'learning_rate': 0.015435125923984648, 'depth': 10, 'l2_leaf_reg': 0.18209111865864264, 'min_child_samples': 4}. Best is trial 265 with value: 1.9993306196874616.
[I 2025-03-12 18:13:29,739] Trial 381 finished with value: 1.998204942121151 and parameters: {'learning_rate': 0.016354696695490965, 'depth': 10, 'l2_leaf_reg': 0.23188372919376896, 'min_child_samples': 4}. Best is trial 381 with value: 1.998204942121151.
[I 2025-03-12 18:13:32,182] Trial 382 finished with value: 2.0037400047290643 and parameters: {'learning_rate': 0.01629360746474687, 'depth': 11, 'l2_leaf_reg': 0.2970600199882601, 'min_child_samples': 4}. Best is trial 381 with value: 1.998204942121151.
[I 2025-03-12 18:13:34,738] Trial 383 finished with value: 2.0040814349261433 and parameters: {'learning_rate': 0.01564154050857301, 'depth': 11, 'l2_leaf_reg': 0.21757836284322973, 'min_child_samples': 4}. Best is trial 381 with value: 1.998204942121151.
[I 2025-03-12 18:13:36,790] Trial 384 finished with value: 1.9993589488132761 and parameters: {'learning_rate': 0.01643988777410821, 'depth': 10, 'l2_leaf_reg': 0.07679426994204243, 'min_child_samples': 8}. Best is trial 381 with value: 1.998204942121151.
[I 2025-03-12 18:13:38,792] Trial 385 finished with value: 2.0029525270264656 and parameters: {'learning_rate': 0.016051319311910592, 'depth': 10, 'l2_leaf_reg': 0.40363955810293695, 'min_child_samples': 8}. Best is trial 381 with value: 1.998204942121151.
[I 2025-03-12 18:13:40,664] Trial 386 finished with value: 2.0078035599484068 and parameters: {'learning_rate': 0.01670819876631617, 'depth': 9, 'l2_leaf_reg': 1.2639474253205907, 'min_child_samples': 8}. Best is trial 381 with value: 1.998204942121151.
[I 2025-03-12 18:13:42,510] Trial 387 finished with value: 2.0035301655963917 and parameters: {'learning_rate': 0.015967046983854108, 'depth': 10, 'l2_leaf_reg': 2.0494322460191254, 'min_child_samples': 8}. Best is trial 381 with value: 1.998204942121151.
[I 2025-03-12 18:13:44,600] Trial 388 finished with value: 1.9993562288615394 and parameters: {'learning_rate': 0.016442740739369036, 'depth': 10, 'l2_leaf_reg': 0.06385954822555054, 'min_child_samples': 8}. Best is trial 381 with value: 1.998204942121151.
[I 2025-03-12 18:13:46,319] Trial 389 finished with value: 2.011105228198616 and parameters: {'learning_rate': 0.015176775062261245, 'depth': 9, 'l2_leaf_reg': 0.23869951115399152, 'min_child_samples': 8}. Best is trial 381 with value: 1.998204942121151.
[I 2025-03-12 18:13:48,180] Trial 390 finished with value: 2.0018425725908346 and parameters: {'learning_rate': 0.01637053931289571, 'depth': 10, 'l2_leaf_reg': 0.32594427782913465, 'min_child_samples': 8}. Best is trial 381 with value: 1.998204942121151.
[I 2025-03-12 18:13:50,257] Trial 391 finished with value: 2.001821690170827 and parameters: {'learning_rate': 0.016382778306628785, 'depth': 10, 'l2_leaf_reg': 0.13552124878789337, 'min_child_samples': 8}. Best is trial 381 with value: 1.998204942121151.
[I 2025-03-12 18:13:52,253] Trial 392 finished with value: 2.0036728133325363 and parameters: {'learning_rate': 0.014687196744335315, 'depth': 10, 'l2_leaf_reg': 0.06874661009152984, 'min_child_samples': 8}. Best is trial 381 with value: 1.998204942121151.
[I 2025-03-12 18:13:54,227] Trial 393 finished with value: 2.0031688742789804 and parameters: {'learning_rate': 0.01578116313036654, 'depth': 10, 'l2_leaf_reg': 0.15879245324760927, 'min_child_samples': 8}. Best is trial 381 with value: 1.998204942121151.
[I 2025-03-12 18:13:56,238] Trial 394 finished with value: 2.003986394138411 and parameters: {'learning_rate': 0.015951262224590975, 'depth': 10, 'l2_leaf_reg': 0.2674130331789297, 'min_child_samples': 4}. Best is trial 381 with value: 1.998204942121151.
[I 2025-03-12 18:13:57,975] Trial 395 finished with value: 2.0100666782296748 and parameters: {'learning_rate': 0.016495913945360877, 'depth': 9, 'l2_leaf_reg': 1.3861901998410893, 'min_child_samples': 8}. Best is trial 381 with value: 1.998204942121151.
[I 2025-03-12 18:13:59,836] Trial 396 finished with value: 2.009798488031064 and parameters: {'learning_rate': 0.01670068057916985, 'depth': 10, 'l2_leaf_reg': 0.4956348020099679, 'min_child_samples': 4}. Best is trial 381 with value: 1.998204942121151.
[I 2025-03-12 18:14:01,553] Trial 397 finished with value: 2.0095763572905203 and parameters: {'learning_rate': 0.01614739093197717, 'depth': 9, 'l2_leaf_reg': 0.19438944437805233, 'min_child_samples': 4}. Best is trial 381 with value: 1.998204942121151.
[I 2025-03-12 18:14:03,699] Trial 398 finished with value: 2.0047563286543726 and parameters: {'learning_rate': 0.0170892999670983, 'depth': 10, 'l2_leaf_reg': 0.09731659889853075, 'min_child_samples': 8}. Best is trial 381 with value: 1.998204942121151.
[I 2025-03-12 18:14:05,639] Trial 399 finished with value: 2.002808188673576 and parameters: {'learning_rate': 0.01653412808543819, 'depth': 10, 'l2_leaf_reg': 1.6081673082442247, 'min_child_samples': 4}. Best is trial 381 with value: 1.998204942121151.
[I 2025-03-12 18:14:08,279] Trial 400 finished with value: 2.004316166173171 and parameters: {'learning_rate': 0.015601268029660728, 'depth': 11, 'l2_leaf_reg': 0.3543517971499184, 'min_child_samples': 4}. Best is trial 381 with value: 1.998204942121151.
[I 2025-03-12 18:14:11,137] Trial 401 finished with value: 2.009046357491198 and parameters: {'learning_rate': 0.017270068763608315, 'depth': 12, 'l2_leaf_reg': 0.05729488022295308, 'min_child_samples': 1}. Best is trial 381 with value: 1.998204942121151.
[I 2025-03-12 18:14:14,640] Trial 402 finished with value: 2.0059494182169653 and parameters: {'learning_rate': 0.003253125235359053, 'depth': 10, 'l2_leaf_reg': 0.2189024955994252, 'min_child_samples': 8}. Best is trial 381 with value: 1.998204942121151.
[I 2025-03-12 18:14:19,050] Trial 403 finished with value: 2.0299539721537734 and parameters: {'learning_rate': 0.0018746839252498132, 'depth': 11, 'l2_leaf_reg': 0.12990751276472284, 'min_child_samples': 4}. Best is trial 381 with value: 1.998204942121151.
[I 2025-03-12 18:14:22,428] Trial 404 finished with value: 2.0136224088929473 and parameters: {'learning_rate': 0.002528762534160103, 'depth': 10, 'l2_leaf_reg': 0.0015828806470510465, 'min_child_samples': 4}. Best is trial 381 with value: 1.998204942121151.
[I 2025-03-12 18:14:24,066] Trial 405 finished with value: 2.0116067960170456 and parameters: {'learning_rate': 0.01691847098093275, 'depth': 9, 'l2_leaf_reg': 0.2959072762145094, 'min_child_samples': 4}. Best is trial 381 with value: 1.998204942121151.
[I 2025-03-12 18:14:26,497] Trial 406 finished with value: 2.007304022777387 and parameters: {'learning_rate': 0.01764217566294232, 'depth': 11, 'l2_leaf_reg': 0.18874373854791132, 'min_child_samples': 8}. Best is trial 381 with value: 1.998204942121151.
[I 2025-03-12 18:14:28,614] Trial 407 finished with value: 2.001127888728012 and parameters: {'learning_rate': 0.016267305258482204, 'depth': 10, 'l2_leaf_reg': 0.10168160221667948, 'min_child_samples': 4}. Best is trial 381 with value: 1.998204942121151.
[I 2025-03-12 18:14:30,542] Trial 408 finished with value: 2.001235047555125 and parameters: {'learning_rate': 0.015359446004584568, 'depth': 10, 'l2_leaf_reg': 0.11062640738057722, 'min_child_samples': 4}. Best is trial 381 with value: 1.998204942121151.
[I 2025-03-12 18:14:38,584] Trial 409 finished with value: 2.023903092731373 and parameters: {'learning_rate': 0.015866720694439368, 'depth': 14, 'l2_leaf_reg': 0.07771887422999799, 'min_child_samples': 4}. Best is trial 381 with value: 1.998204942121151.
[I 2025-03-12 18:14:40,619] Trial 410 finished with value: 2.0015674305718902 and parameters: {'learning_rate': 0.015285245905174175, 'depth': 10, 'l2_leaf_reg': 1.543966134609854, 'min_child_samples': 8}. Best is trial 381 with value: 1.998204942121151.
[I 2025-03-12 18:14:42,433] Trial 411 finished with value: 2.0081255378483824 and parameters: {'learning_rate': 0.015397805381896343, 'depth': 9, 'l2_leaf_reg': 0.13201125788338103, 'min_child_samples': 32}. Best is trial 381 with value: 1.998204942121151.
[I 2025-03-12 18:14:44,563] Trial 412 finished with value: 2.0028004817983716 and parameters: {'learning_rate': 0.01619797040649206, 'depth': 10, 'l2_leaf_reg': 0.23801467879232413, 'min_child_samples': 4}. Best is trial 381 with value: 1.998204942121151.
[I 2025-03-12 18:14:46,707] Trial 413 finished with value: 2.0030992972588004 and parameters: {'learning_rate': 0.01600437952486239, 'depth': 10, 'l2_leaf_reg': 0.057214343904623606, 'min_child_samples': 4}. Best is trial 381 with value: 1.998204942121151.
[I 2025-03-12 18:14:48,644] Trial 414 finished with value: 2.004182899836695 and parameters: {'learning_rate': 0.01445744537444742, 'depth': 10, 'l2_leaf_reg': 0.16593525776435758, 'min_child_samples': 8}. Best is trial 381 with value: 1.998204942121151.
[I 2025-03-12 18:14:50,185] Trial 415 finished with value: 2.012617682506598 and parameters: {'learning_rate': 0.016392837361173945, 'depth': 8, 'l2_leaf_reg': 0.0017539609839879872, 'min_child_samples': 4}. Best is trial 381 with value: 1.998204942121151.
[I 2025-03-12 18:14:52,341] Trial 416 finished with value: 2.009956994965935 and parameters: {'learning_rate': 0.011668052522233172, 'depth': 10, 'l2_leaf_reg': 0.24505019471664197, 'min_child_samples': 32}. Best is trial 381 with value: 1.998204942121151.
[I 2025-03-12 18:14:54,287] Trial 417 finished with value: 2.0030321256057677 and parameters: {'learning_rate': 0.01565379228473192, 'depth': 10, 'l2_leaf_reg': 0.11896678468051919, 'min_child_samples': 4}. Best is trial 381 with value: 1.998204942121151.
[I 2025-03-12 18:14:56,270] Trial 418 finished with value: 2.0005295491916324 and parameters: {'learning_rate': 0.0166913590100885, 'depth': 10, 'l2_leaf_reg': 0.06332869549889511, 'min_child_samples': 4}. Best is trial 381 with value: 1.998204942121151.
[I 2025-03-12 18:14:58,108] Trial 419 finished with value: 2.006850353679341 and parameters: {'learning_rate': 0.016504463130023652, 'depth': 9, 'l2_leaf_reg': 0.05782181982661657, 'min_child_samples': 4}. Best is trial 381 with value: 1.998204942121151.
[I 2025-03-12 18:15:00,145] Trial 420 finished with value: 2.003057149323813 and parameters: {'learning_rate': 0.016738648194177155, 'depth': 10, 'l2_leaf_reg': 0.06368386208483716, 'min_child_samples': 4}. Best is trial 381 with value: 1.998204942121151.
[I 2025-03-12 18:15:02,136] Trial 421 finished with value: 2.005897504907863 and parameters: {'learning_rate': 0.016137904374402857, 'depth': 10, 'l2_leaf_reg': 0.15695764700249376, 'min_child_samples': 4}. Best is trial 381 with value: 1.998204942121151.
[I 2025-03-12 18:15:03,910] Trial 422 finished with value: 2.0085786030099873 and parameters: {'learning_rate': 0.015604342537028085, 'depth': 9, 'l2_leaf_reg': 0.0016291252344271812, 'min_child_samples': 4}. Best is trial 381 with value: 1.998204942121151.
[I 2025-03-12 18:15:05,786] Trial 423 finished with value: 2.003954080605191 and parameters: {'learning_rate': 0.016889497792808444, 'depth': 10, 'l2_leaf_reg': 0.1092349132894535, 'min_child_samples': 4}. Best is trial 381 with value: 1.998204942121151.
[I 2025-03-12 18:15:07,907] Trial 424 finished with value: 2.001125003274522 and parameters: {'learning_rate': 0.01627006701642724, 'depth': 10, 'l2_leaf_reg': 0.19114226053442687, 'min_child_samples': 4}. Best is trial 381 with value: 1.998204942121151.
[I 2025-03-12 18:15:09,946] Trial 425 finished with value: 2.000943645955955 and parameters: {'learning_rate': 0.01650172451382363, 'depth': 10, 'l2_leaf_reg': 0.28351724481574964, 'min_child_samples': 4}. Best is trial 381 with value: 1.998204942121151.
[I 2025-03-12 18:15:11,847] Trial 426 finished with value: 2.0033630326860563 and parameters: {'learning_rate': 0.016382552640398715, 'depth': 9, 'l2_leaf_reg': 0.33672367109352463, 'min_child_samples': 4}. Best is trial 381 with value: 1.998204942121151.
[I 2025-03-12 18:15:13,679] Trial 427 finished with value: 2.004942923630693 and parameters: {'learning_rate': 0.016656496767471066, 'depth': 10, 'l2_leaf_reg': 0.4483617211435388, 'min_child_samples': 8}. Best is trial 381 with value: 1.998204942121151.
[I 2025-03-12 18:15:15,723] Trial 428 finished with value: 2.0028618979190855 and parameters: {'learning_rate': 0.016017631240317434, 'depth': 10, 'l2_leaf_reg': 0.2746887617822687, 'min_child_samples': 4}. Best is trial 381 with value: 1.998204942121151.
[I 2025-03-12 18:15:17,530] Trial 429 finished with value: 2.006588626249126 and parameters: {'learning_rate': 0.016974326071243558, 'depth': 10, 'l2_leaf_reg': 0.32429881083847384, 'min_child_samples': 4}. Best is trial 381 with value: 1.998204942121151.
[I 2025-03-12 18:15:19,566] Trial 430 finished with value: 2.0033475292071805 and parameters: {'learning_rate': 0.016391090069285526, 'depth': 10, 'l2_leaf_reg': 0.4081673042641719, 'min_child_samples': 8}. Best is trial 381 with value: 1.998204942121151.
[I 2025-03-12 18:15:21,340] Trial 431 finished with value: 2.008451673424527 and parameters: {'learning_rate': 0.017180578774358718, 'depth': 9, 'l2_leaf_reg': 0.22180602663003668, 'min_child_samples': 4}. Best is trial 381 with value: 1.998204942121151.
[I 2025-03-12 18:15:23,403] Trial 432 finished with value: 2.002644373375739 and parameters: {'learning_rate': 0.015874771180641886, 'depth': 10, 'l2_leaf_reg': 0.285028599588218, 'min_child_samples': 4}. Best is trial 381 with value: 1.998204942121151.
[I 2025-03-12 18:15:25,306] Trial 433 finished with value: 1.9992574599985582 and parameters: {'learning_rate': 0.016722538748251116, 'depth': 10, 'l2_leaf_reg': 0.19975622436346951, 'min_child_samples': 1}. Best is trial 381 with value: 1.998204942121151.
[I 2025-03-12 18:15:27,162] Trial 434 finished with value: 2.007200794763301 and parameters: {'learning_rate': 0.016782084895725538, 'depth': 9, 'l2_leaf_reg': 0.3756848299629183, 'min_child_samples': 1}. Best is trial 381 with value: 1.998204942121151.
[I 2025-03-12 18:15:29,365] Trial 435 finished with value: 2.0029443106862 and parameters: {'learning_rate': 0.016997555909260203, 'depth': 10, 'l2_leaf_reg': 0.21094374357361784, 'min_child_samples': 1}. Best is trial 381 with value: 1.998204942121151.
[I 2025-03-12 18:15:31,160] Trial 436 finished with value: 2.008811940748549 and parameters: {'learning_rate': 0.01738991419084953, 'depth': 10, 'l2_leaf_reg': 0.2626593378657759, 'min_child_samples': 8}. Best is trial 381 with value: 1.998204942121151.
[I 2025-03-12 18:15:33,178] Trial 437 finished with value: 2.002735917992923 and parameters: {'learning_rate': 0.01664546341765021, 'depth': 10, 'l2_leaf_reg': 0.3209866336954445, 'min_child_samples': 1}. Best is trial 381 with value: 1.998204942121151.
[I 2025-03-12 18:15:35,213] Trial 438 finished with value: 2.007455228619455 and parameters: {'learning_rate': 0.017805018542285514, 'depth': 10, 'l2_leaf_reg': 0.19232390033322627, 'min_child_samples': 1}. Best is trial 381 with value: 1.998204942121151.
[I 2025-03-12 18:15:36,892] Trial 439 finished with value: 2.006434766595965 and parameters: {'learning_rate': 0.01739065335856759, 'depth': 9, 'l2_leaf_reg': 0.25952906382628077, 'min_child_samples': 1}. Best is trial 381 with value: 1.998204942121151.
[I 2025-03-12 18:15:38,628] Trial 440 finished with value: 2.006370519351619 and parameters: {'learning_rate': 0.016598894560021542, 'depth': 10, 'l2_leaf_reg': 0.19198989994926025, 'min_child_samples': 1}. Best is trial 381 with value: 1.998204942121151.
[I 2025-03-12 18:15:40,770] Trial 441 finished with value: 1.9985762226649146 and parameters: {'learning_rate': 0.01705482058491261, 'depth': 10, 'l2_leaf_reg': 2.259077867696239, 'min_child_samples': 1}. Best is trial 381 with value: 1.998204942121151.
[I 2025-03-12 18:15:42,650] Trial 442 finished with value: 2.006824433483624 and parameters: {'learning_rate': 0.01766680330820806, 'depth': 10, 'l2_leaf_reg': 1.9519926112979515, 'min_child_samples': 1}. Best is trial 381 with value: 1.998204942121151.
[I 2025-03-12 18:15:45,071] Trial 443 finished with value: 2.004749877743465 and parameters: {'learning_rate': 0.01713737093862308, 'depth': 11, 'l2_leaf_reg': 1.8137616228646412, 'min_child_samples': 1}. Best is trial 381 with value: 1.998204942121151.
[I 2025-03-12 18:15:46,837] Trial 444 finished with value: 2.008093813188753 and parameters: {'learning_rate': 0.017020077270358546, 'depth': 9, 'l2_leaf_reg': 2.200953243103929, 'min_child_samples': 1}. Best is trial 381 with value: 1.998204942121151.
[I 2025-03-12 18:15:49,209] Trial 445 finished with value: 2.0083626593350887 and parameters: {'learning_rate': 0.01759275443827868, 'depth': 11, 'l2_leaf_reg': 0.37324772714372256, 'min_child_samples': 8}. Best is trial 381 with value: 1.998204942121151.
[I 2025-03-12 18:15:51,239] Trial 446 finished with value: 2.002172483606189 and parameters: {'learning_rate': 0.012596574352732244, 'depth': 10, 'l2_leaf_reg': 2.5046154885588203, 'min_child_samples': 1}. Best is trial 381 with value: 1.998204942121151.
[I 2025-03-12 18:15:53,683] Trial 447 finished with value: 2.008044003603846 and parameters: {'learning_rate': 0.01855427723592044, 'depth': 11, 'l2_leaf_reg': 0.31950344642793654, 'min_child_samples': 1}. Best is trial 381 with value: 1.998204942121151.
[I 2025-03-12 18:15:55,482] Trial 448 finished with value: 2.0031771788171957 and parameters: {'learning_rate': 0.017238992183462767, 'depth': 10, 'l2_leaf_reg': 0.2248133347906186, 'min_child_samples': 1}. Best is trial 381 with value: 1.998204942121151.
[I 2025-03-12 18:15:57,527] Trial 449 finished with value: 2.0065842828239613 and parameters: {'learning_rate': 0.016985266654822837, 'depth': 10, 'l2_leaf_reg': 0.17037070363396667, 'min_child_samples': 1}. Best is trial 381 with value: 1.998204942121151.
[I 2025-03-12 18:15:59,901] Trial 450 finished with value: 2.0080444775025246 and parameters: {'learning_rate': 0.01798336665514772, 'depth': 11, 'l2_leaf_reg': 0.2728841005521532, 'min_child_samples': 1}. Best is trial 381 with value: 1.998204942121151.
[I 2025-03-12 18:16:02,375] Trial 451 finished with value: 2.0050418455939854 and parameters: {'learning_rate': 0.016667094119436524, 'depth': 11, 'l2_leaf_reg': 0.14362367925579178, 'min_child_samples': 1}. Best is trial 381 with value: 1.998204942121151.
[I 2025-03-12 18:16:04,243] Trial 452 finished with value: 2.0055485155349873 and parameters: {'learning_rate': 0.017568383024456267, 'depth': 10, 'l2_leaf_reg': 2.4300533177658963, 'min_child_samples': 8}. Best is trial 381 with value: 1.998204942121151.
[I 2025-03-12 18:16:05,903] Trial 453 finished with value: 2.0045130455712346 and parameters: {'learning_rate': 0.016664606735378507, 'depth': 9, 'l2_leaf_reg': 0.23969130341412143, 'min_child_samples': 8}. Best is trial 381 with value: 1.998204942121151.
