[I 2025-03-12 11:56:37,187] Trial 99 finished with value: 0.1836516300496201 and parameters: {'learning_rate': 0.019688859233808018, 'depth': 11, 'l2_leaf_reg': 1.7097472805602585, 'min_child_samples': 4}. Best is trial 85 with value: 0.18266115299402577.
[I 2025-03-12 11:56:44,448] Trial 100 finished with value: 0.18664803677274489 and parameters: {'learning_rate': 0.019443358727014946, 'depth': 12, 'l2_leaf_reg': 1.5085642334902678, 'min_child_samples': 4}. Best is trial 85 with value: 0.18266115299402577.
[I 2025-03-12 11:56:50,622] Trial 101 finished with value: 0.1833095511114569 and parameters: {'learning_rate': 0.019633697663738934, 'depth': 11, 'l2_leaf_reg': 1.3732494291290789, 'min_child_samples': 4}. Best is trial 85 with value: 0.18266115299402577.
[I 2025-03-12 11:56:56,761] Trial 102 finished with value: 0.18280596250368158 and parameters: {'learning_rate': 0.01887589267718734, 'depth': 11, 'l2_leaf_reg': 1.3596775783746662, 'min_child_samples': 4}. Best is trial 85 with value: 0.18266115299402577.
[I 2025-03-12 11:57:02,712] Trial 103 finished with value: 0.1843374462769446 and parameters: {'learning_rate': 0.01886139360709016, 'depth': 11, 'l2_leaf_reg': 1.3109669195469695, 'min_child_samples': 4}. Best is trial 85 with value: 0.18266115299402577.
[I 2025-03-12 11:57:10,230] Trial 104 finished with value: 0.18833048576461928 and parameters: {'learning_rate': 0.01788703237911306, 'depth': 12, 'l2_leaf_reg': 1.3621940687433833, 'min_child_samples': 4}. Best is trial 85 with value: 0.18266115299402577.
[I 2025-03-12 11:57:16,147] Trial 105 finished with value: 0.6121733492138005 and parameters: {'learning_rate': 0.0011200041291091114, 'depth': 11, 'l2_leaf_reg': 1.4662255356440226, 'min_child_samples': 4}. Best is trial 85 with value: 0.18266115299402577.
[I 2025-03-12 11:57:23,471] Trial 106 finished with value: 0.18730986291993706 and parameters: {'learning_rate': 0.018427807255836526, 'depth': 12, 'l2_leaf_reg': 1.6569812244541722, 'min_child_samples': 4}. Best is trial 85 with value: 0.18266115299402577.
[I 2025-03-12 11:57:29,570] Trial 107 finished with value: 0.18167052292466948 and parameters: {'learning_rate': 0.01919608062897327, 'depth': 11, 'l2_leaf_reg': 1.5819122924758366, 'min_child_samples': 4}. Best is trial 107 with value: 0.18167052292466948.
[I 2025-03-12 11:57:39,625] Trial 108 finished with value: 0.20403297637859838 and parameters: {'learning_rate': 0.008714165139812125, 'depth': 13, 'l2_leaf_reg': 1.550746262056007, 'min_child_samples': 4}. Best is trial 107 with value: 0.18167052292466948.
[I 2025-03-12 11:57:45,271] Trial 109 finished with value: 0.18385996961638806 and parameters: {'learning_rate': 0.018108844864811773, 'depth': 11, 'l2_leaf_reg': 1.3722059535967217, 'min_child_samples': 4}. Best is trial 107 with value: 0.18167052292466948.
[I 2025-03-12 11:57:52,319] Trial 110 finished with value: 0.18696275387554287 and parameters: {'learning_rate': 0.019619588902538444, 'depth': 12, 'l2_leaf_reg': 1.223748274375665, 'min_child_samples': 4}. Best is trial 107 with value: 0.18167052292466948.
[I 2025-03-12 11:57:58,312] Trial 111 finished with value: 0.1819014314100603 and parameters: {'learning_rate': 0.019107000341387733, 'depth': 11, 'l2_leaf_reg': 1.6853821017152086, 'min_child_samples': 4}. Best is trial 107 with value: 0.18167052292466948.
[I 2025-03-12 11:58:01,324] Trial 112 finished with value: 0.26644522556554834 and parameters: {'learning_rate': 0.01913847121357908, 'depth': 4, 'l2_leaf_reg': 1.8432825419361107, 'min_child_samples': 4}. Best is trial 107 with value: 0.18167052292466948.
[I 2025-03-12 11:58:07,639] Trial 113 finished with value: 0.1837070049875791 and parameters: {'learning_rate': 0.0186482439153535, 'depth': 11, 'l2_leaf_reg': 1.6013392798910036, 'min_child_samples': 4}. Best is trial 107 with value: 0.18167052292466948.
[I 2025-03-12 11:58:14,909] Trial 114 finished with value: 0.18173055313045364 and parameters: {'learning_rate': 0.01861165349425889, 'depth': 11, 'l2_leaf_reg': 1.673185842286306, 'min_child_samples': 4}. Best is trial 107 with value: 0.18167052292466948.
[I 2025-03-12 11:58:23,243] Trial 115 finished with value: 0.183566471881279 and parameters: {'learning_rate': 0.018551084203719554, 'depth': 11, 'l2_leaf_reg': 1.6836434376354192, 'min_child_samples': 4}. Best is trial 107 with value: 0.18167052292466948.
[I 2025-03-12 11:58:29,113] Trial 116 finished with value: 0.18446465923943534 and parameters: {'learning_rate': 0.017571529179890688, 'depth': 10, 'l2_leaf_reg': 1.4777696433713396, 'min_child_samples': 4}. Best is trial 107 with value: 0.18167052292466948.
[I 2025-03-12 11:58:35,335] Trial 117 finished with value: 0.21748614925462253 and parameters: {'learning_rate': 0.006344922973624613, 'depth': 10, 'l2_leaf_reg': 1.677616882524443, 'min_child_samples': 4}. Best is trial 107 with value: 0.18167052292466948.
[I 2025-03-12 11:58:43,947] Trial 118 finished with value: 0.18708661841494278 and parameters: {'learning_rate': 0.018246531737442645, 'depth': 12, 'l2_leaf_reg': 1.5411035695758448, 'min_child_samples': 4}. Best is trial 107 with value: 0.18167052292466948.
[I 2025-03-12 11:58:50,793] Trial 119 finished with value: 0.18261029856237943 and parameters: {'learning_rate': 0.01904979490056262, 'depth': 11, 'l2_leaf_reg': 1.1262387186265976, 'min_child_samples': 4}. Best is trial 107 with value: 0.18167052292466948.
[I 2025-03-12 11:58:56,599] Trial 120 finished with value: 0.18537642717568986 and parameters: {'learning_rate': 0.019010917139589575, 'depth': 10, 'l2_leaf_reg': 1.1319405660781061, 'min_child_samples': 4}. Best is trial 107 with value: 0.18167052292466948.
[I 2025-03-12 11:59:04,328] Trial 121 finished with value: 0.18349294017432663 and parameters: {'learning_rate': 0.018665798933194123, 'depth': 11, 'l2_leaf_reg': 1.0369863110633903, 'min_child_samples': 4}. Best is trial 107 with value: 0.18167052292466948.
[I 2025-03-12 11:59:10,691] Trial 122 finished with value: 0.18347631041997703 and parameters: {'learning_rate': 0.01857445060568167, 'depth': 11, 'l2_leaf_reg': 1.0230215849692594, 'min_child_samples': 4}. Best is trial 107 with value: 0.18167052292466948.
[I 2025-03-12 11:59:20,241] Trial 123 finished with value: 0.18866933417733198 and parameters: {'learning_rate': 0.017764906263643576, 'depth': 12, 'l2_leaf_reg': 1.007294148253404, 'min_child_samples': 4}. Best is trial 107 with value: 0.18167052292466948.
[I 2025-03-12 11:59:28,088] Trial 124 finished with value: 0.18391548264381616 and parameters: {'learning_rate': 0.019100668728320724, 'depth': 11, 'l2_leaf_reg': 1.0699770471214207, 'min_child_samples': 4}. Best is trial 107 with value: 0.18167052292466948.
[I 2025-03-12 11:59:35,795] Trial 125 finished with value: 0.18280797401989654 and parameters: {'learning_rate': 0.018363125475895303, 'depth': 11, 'l2_leaf_reg': 1.1898916621376305, 'min_child_samples': 4}. Best is trial 107 with value: 0.18167052292466948.
[I 2025-03-12 11:59:43,053] Trial 126 finished with value: 0.18636058165306593 and parameters: {'learning_rate': 0.018163614233765075, 'depth': 10, 'l2_leaf_reg': 0.8052177486742109, 'min_child_samples': 4}. Best is trial 107 with value: 0.18167052292466948.
[I 2025-03-12 11:59:50,826] Trial 127 finished with value: 0.1891126908975109 and parameters: {'learning_rate': 0.017424778254041675, 'depth': 12, 'l2_leaf_reg': 0.704714193320396, 'min_child_samples': 4}. Best is trial 107 with value: 0.18167052292466948.
[I 2025-03-12 11:59:56,680] Trial 128 finished with value: 0.18218540393539562 and parameters: {'learning_rate': 0.01999964856271625, 'depth': 11, 'l2_leaf_reg': 0.9188367403723887, 'min_child_samples': 4}. Best is trial 107 with value: 0.18167052292466948.
[I 2025-03-12 12:00:02,500] Trial 129 finished with value: 0.1831871653674341 and parameters: {'learning_rate': 0.019907445267312477, 'depth': 11, 'l2_leaf_reg': 1.1885701090240148, 'min_child_samples': 4}. Best is trial 107 with value: 0.18167052292466948.
[I 2025-03-12 12:00:09,602] Trial 130 finished with value: 0.186279382319938 and parameters: {'learning_rate': 0.019949931738779802, 'depth': 12, 'l2_leaf_reg': 1.2107448580959919, 'min_child_samples': 4}. Best is trial 107 with value: 0.18167052292466948.
[I 2025-03-12 12:00:15,616] Trial 131 finished with value: 0.18333669776289516 and parameters: {'learning_rate': 0.019238702896798576, 'depth': 11, 'l2_leaf_reg': 1.3245187034221702, 'min_child_samples': 4}. Best is trial 107 with value: 0.18167052292466948.
[I 2025-03-12 12:00:21,607] Trial 132 finished with value: 0.18343614932136018 and parameters: {'learning_rate': 0.019289572514018822, 'depth': 11, 'l2_leaf_reg': 0.9151106926856736, 'min_child_samples': 4}. Best is trial 107 with value: 0.18167052292466948.
[I 2025-03-12 12:00:26,592] Trial 133 finished with value: 0.18374614911679765 and parameters: {'learning_rate': 0.019696178105236897, 'depth': 10, 'l2_leaf_reg': 1.3186649195559894, 'min_child_samples': 4}. Best is trial 107 with value: 0.18167052292466948.
[I 2025-03-12 12:00:32,488] Trial 134 finished with value: 0.1835678072888004 and parameters: {'learning_rate': 0.01923896550180881, 'depth': 11, 'l2_leaf_reg': 1.1627909260682059, 'min_child_samples': 32}. Best is trial 107 with value: 0.18167052292466948.
[I 2025-03-12 12:00:37,537] Trial 135 finished with value: 0.18494283234996906 and parameters: {'learning_rate': 0.01967163939832829, 'depth': 10, 'l2_leaf_reg': 1.3629326417068943, 'min_child_samples': 4}. Best is trial 107 with value: 0.18167052292466948.
[I 2025-03-12 12:00:43,927] Trial 136 finished with value: 0.18279195518446162 and parameters: {'learning_rate': 0.019938108083621318, 'depth': 11, 'l2_leaf_reg': 1.260342157379377, 'min_child_samples': 16}. Best is trial 107 with value: 0.18167052292466948.
[I 2025-03-12 12:00:49,248] Trial 137 finished with value: 0.18382219242526282 and parameters: {'learning_rate': 0.01992851441381517, 'depth': 10, 'l2_leaf_reg': 1.0893902355290335, 'min_child_samples': 16}. Best is trial 107 with value: 0.18167052292466948.
[I 2025-03-12 12:00:56,672] Trial 138 finished with value: 0.1860662428927757 and parameters: {'learning_rate': 0.019939714531095516, 'depth': 12, 'l2_leaf_reg': 1.2542697867875907, 'min_child_samples': 16}. Best is trial 107 with value: 0.18167052292466948.
[I 2025-03-12 12:01:02,635] Trial 139 finished with value: 0.18298194947198293 and parameters: {'learning_rate': 0.018869480579038672, 'depth': 11, 'l2_leaf_reg': 0.7379336692290377, 'min_child_samples': 16}. Best is trial 107 with value: 0.18167052292466948.
[I 2025-03-12 12:01:08,687] Trial 140 finished with value: 0.1836436001056028 and parameters: {'learning_rate': 0.018297256024334255, 'depth': 11, 'l2_leaf_reg': 0.6886062119503936, 'min_child_samples': 16}. Best is trial 107 with value: 0.18167052292466948.
[I 2025-03-12 12:01:14,725] Trial 141 finished with value: 0.18307439573148937 and parameters: {'learning_rate': 0.01892451015135809, 'depth': 11, 'l2_leaf_reg': 0.5768551576780483, 'min_child_samples': 16}. Best is trial 107 with value: 0.18167052292466948.
[I 2025-03-12 12:01:20,584] Trial 142 finished with value: 0.18209160590399157 and parameters: {'learning_rate': 0.01894951351866239, 'depth': 11, 'l2_leaf_reg': 0.49817737909912674, 'min_child_samples': 16}. Best is trial 107 with value: 0.18167052292466948.
[I 2025-03-12 12:01:27,946] Trial 143 finished with value: 0.18701147947690977 and parameters: {'learning_rate': 0.01876940072784047, 'depth': 12, 'l2_leaf_reg': 0.5084751821719811, 'min_child_samples': 16}. Best is trial 107 with value: 0.18167052292466948.
[I 2025-03-12 12:01:32,921] Trial 144 finished with value: 0.18502292263015305 and parameters: {'learning_rate': 0.01794353147365476, 'depth': 10, 'l2_leaf_reg': 0.22205752686482372, 'min_child_samples': 16}. Best is trial 107 with value: 0.18167052292466948.
[I 2025-03-12 12:01:39,174] Trial 145 finished with value: 0.1823282722215353 and parameters: {'learning_rate': 0.01906124661544953, 'depth': 11, 'l2_leaf_reg': 0.5919038521046802, 'min_child_samples': 16}. Best is trial 107 with value: 0.18167052292466948.
[I 2025-03-12 12:02:35,041] Trial 146 finished with value: 0.2574326142332686 and parameters: {'learning_rate': 0.019141945893102794, 'depth': 16, 'l2_leaf_reg': 0.6140456909542469, 'min_child_samples': 16}. Best is trial 107 with value: 0.18167052292466948.
[I 2025-03-12 12:02:42,255] Trial 147 finished with value: 0.18707593037843068 and parameters: {'learning_rate': 0.01847822355317081, 'depth': 12, 'l2_leaf_reg': 0.3233581253724166, 'min_child_samples': 16}. Best is trial 107 with value: 0.18167052292466948.
[I 2025-03-12 12:02:48,037] Trial 148 finished with value: 0.18551457830336718 and parameters: {'learning_rate': 0.019409370608173625, 'depth': 11, 'l2_leaf_reg': 0.4367543737604867, 'min_child_samples': 16}. Best is trial 107 with value: 0.18167052292466948.
[I 2025-03-12 12:02:53,182] Trial 149 finished with value: 0.18539928510929224 and parameters: {'learning_rate': 0.01808425226045626, 'depth': 10, 'l2_leaf_reg': 0.865094412099076, 'min_child_samples': 16}. Best is trial 107 with value: 0.18167052292466948.
[I 2025-03-12 12:03:00,780] Trial 150 finished with value: 0.1863237142014879 and parameters: {'learning_rate': 0.018940169369250446, 'depth': 12, 'l2_leaf_reg': 0.7138018137383473, 'min_child_samples': 16}. Best is trial 107 with value: 0.18167052292466948.
[I 2025-03-12 12:03:07,035] Trial 151 finished with value: 0.18272251310503965 and parameters: {'learning_rate': 0.018813361896918634, 'depth': 11, 'l2_leaf_reg': 0.6140222918550396, 'min_child_samples': 16}. Best is trial 107 with value: 0.18167052292466948.
[I 2025-03-12 12:03:12,799] Trial 152 finished with value: 0.18186743739959102 and parameters: {'learning_rate': 0.0194355161708068, 'depth': 11, 'l2_leaf_reg': 0.562324429730843, 'min_child_samples': 16}. Best is trial 107 with value: 0.18167052292466948.
[I 2025-03-12 12:03:19,227] Trial 153 finished with value: 0.18386248860583362 and parameters: {'learning_rate': 0.019388677158831934, 'depth': 11, 'l2_leaf_reg': 0.6208779031354756, 'min_child_samples': 16}. Best is trial 107 with value: 0.18167052292466948.
[I 2025-03-12 12:03:24,239] Trial 154 finished with value: 0.1848075619984627 and parameters: {'learning_rate': 0.018508610505047946, 'depth': 10, 'l2_leaf_reg': 0.46656591659020963, 'min_child_samples': 16}. Best is trial 107 with value: 0.18167052292466948.
[I 2025-03-12 12:03:30,663] Trial 155 finished with value: 0.18246684285640627 and parameters: {'learning_rate': 0.019520592348799753, 'depth': 11, 'l2_leaf_reg': 0.38737152716716244, 'min_child_samples': 16}. Best is trial 107 with value: 0.18167052292466948.
[I 2025-03-12 12:03:36,747] Trial 156 finished with value: 0.1844467601152978 and parameters: {'learning_rate': 0.01936873869792012, 'depth': 11, 'l2_leaf_reg': 0.5595739331922678, 'min_child_samples': 16}. Best is trial 107 with value: 0.18167052292466948.
[I 2025-03-12 12:03:42,750] Trial 157 finished with value: 0.18865167434025024 and parameters: {'learning_rate': 0.011278119792134438, 'depth': 11, 'l2_leaf_reg': 0.33924952401590397, 'min_child_samples': 16}. Best is trial 107 with value: 0.18167052292466948.
[I 2025-03-12 12:03:50,324] Trial 158 finished with value: 0.18790149228022282 and parameters: {'learning_rate': 0.017684539719269112, 'depth': 12, 'l2_leaf_reg': 0.30299950231465206, 'min_child_samples': 16}. Best is trial 107 with value: 0.18167052292466948.
[I 2025-03-12 12:03:55,002] Trial 159 finished with value: 0.2699721546562368 and parameters: {'learning_rate': 0.004229558536481423, 'depth': 10, 'l2_leaf_reg': 0.40025349287815404, 'min_child_samples': 16}. Best is trial 107 with value: 0.18167052292466948.
[I 2025-03-12 12:04:01,003] Trial 160 finished with value: 0.18292326525676642 and parameters: {'learning_rate': 0.018358736406015055, 'depth': 11, 'l2_leaf_reg': 0.05479013330445609, 'min_child_samples': 16}. Best is trial 107 with value: 0.18167052292466948.
[I 2025-03-12 12:04:07,089] Trial 161 finished with value: 0.1831889385267072 and parameters: {'learning_rate': 0.019629283331087006, 'depth': 11, 'l2_leaf_reg': 0.6420403857787681, 'min_child_samples': 16}. Best is trial 107 with value: 0.18167052292466948.
[I 2025-03-12 12:04:14,608] Trial 162 finished with value: 0.18796673819687643 and parameters: {'learning_rate': 0.019162202914585157, 'depth': 12, 'l2_leaf_reg': 0.2231616847706469, 'min_child_samples': 16}. Best is trial 107 with value: 0.18167052292466948.
[I 2025-03-12 12:04:20,559] Trial 163 finished with value: 0.18171730367368602 and parameters: {'learning_rate': 0.018770295099660758, 'depth': 11, 'l2_leaf_reg': 1.424437125293686, 'min_child_samples': 32}. Best is trial 107 with value: 0.18167052292466948.
[I 2025-03-12 12:04:26,620] Trial 164 finished with value: 0.1846476157940168 and parameters: {'learning_rate': 0.01877936785150003, 'depth': 11, 'l2_leaf_reg': 0.5457609089353754, 'min_child_samples': 32}. Best is trial 107 with value: 0.18167052292466948.
[I 2025-03-12 12:04:32,809] Trial 165 finished with value: 0.18376003272415997 and parameters: {'learning_rate': 0.018069512325852063, 'depth': 11, 'l2_leaf_reg': 1.4884180080050762, 'min_child_samples': 32}. Best is trial 107 with value: 0.18167052292466948.
[I 2025-03-12 12:04:37,971] Trial 166 finished with value: 0.18574672752382412 and parameters: {'learning_rate': 0.018671930275519593, 'depth': 10, 'l2_leaf_reg': 0.4310576729270575, 'min_child_samples': 32}. Best is trial 107 with value: 0.18167052292466948.
[I 2025-03-12 12:04:45,307] Trial 167 finished with value: 0.18823369685376043 and parameters: {'learning_rate': 0.019050643161050856, 'depth': 12, 'l2_leaf_reg': 0.3718159552246175, 'min_child_samples': 32}. Best is trial 107 with value: 0.18167052292466948.
[I 2025-03-12 12:04:51,336] Trial 168 finished with value: 0.18373232256080715 and parameters: {'learning_rate': 0.019440552672980328, 'depth': 11, 'l2_leaf_reg': 0.5102791836723155, 'min_child_samples': 1}. Best is trial 107 with value: 0.18167052292466948.
[I 2025-03-12 12:04:57,537] Trial 169 finished with value: 0.18386429988373668 and parameters: {'learning_rate': 0.018383731902502046, 'depth': 11, 'l2_leaf_reg': 0.9191811409149028, 'min_child_samples': 16}. Best is trial 107 with value: 0.18167052292466948.
[I 2025-03-12 12:05:05,089] Trial 170 finished with value: 0.18974178959749788 and parameters: {'learning_rate': 0.017115882438508298, 'depth': 12, 'l2_leaf_reg': 1.4029873138583997, 'min_child_samples': 16}. Best is trial 107 with value: 0.18167052292466948.
[I 2025-03-12 12:05:11,305] Trial 171 finished with value: 0.18178777530989396 and parameters: {'learning_rate': 0.019566532815532136, 'depth': 11, 'l2_leaf_reg': 1.4758615454582382, 'min_child_samples': 4}. Best is trial 107 with value: 0.18167052292466948.
[I 2025-03-12 12:05:14,827] Trial 172 finished with value: 0.21483384686039042 and parameters: {'learning_rate': 0.019476437303497827, 'depth': 6, 'l2_leaf_reg': 1.5501432691667083, 'min_child_samples': 32}. Best is trial 107 with value: 0.18167052292466948.
[I 2025-03-12 12:05:21,204] Trial 173 finished with value: 0.1832958428859455 and parameters: {'learning_rate': 0.019108186433077642, 'depth': 11, 'l2_leaf_reg': 1.4495968722674542, 'min_child_samples': 4}. Best is trial 107 with value: 0.18167052292466948.
[I 2025-03-12 12:05:26,619] Trial 174 finished with value: 0.184215083922296 and parameters: {'learning_rate': 0.019963481476209917, 'depth': 10, 'l2_leaf_reg': 1.608914221099336, 'min_child_samples': 4}. Best is trial 107 with value: 0.18167052292466948.
[I 2025-03-12 12:05:32,518] Trial 175 finished with value: 0.18251598825357848 and parameters: {'learning_rate': 0.01962212118973288, 'depth': 11, 'l2_leaf_reg': 1.2410433875411373, 'min_child_samples': 16}. Best is trial 107 with value: 0.18167052292466948.
[I 2025-03-12 12:05:38,488] Trial 176 finished with value: 0.1833795743906247 and parameters: {'learning_rate': 0.018754886203472758, 'depth': 11, 'l2_leaf_reg': 1.13943372015256, 'min_child_samples': 16}. Best is trial 107 with value: 0.18167052292466948.
[I 2025-03-12 12:05:44,911] Trial 177 finished with value: 0.1825375894985927 and parameters: {'learning_rate': 0.019595551748480523, 'depth': 11, 'l2_leaf_reg': 1.194606518303725, 'min_child_samples': 16}. Best is trial 107 with value: 0.18167052292466948.
[I 2025-03-12 12:05:50,988] Trial 178 finished with value: 0.18251605180742658 and parameters: {'learning_rate': 0.019622453538432356, 'depth': 11, 'l2_leaf_reg': 1.2490819703270408, 'min_child_samples': 16}. Best is trial 107 with value: 0.18167052292466948.
[I 2025-03-12 12:05:58,695] Trial 179 finished with value: 0.18620724497457192 and parameters: {'learning_rate': 0.01955258974729562, 'depth': 12, 'l2_leaf_reg': 1.2349223023765175, 'min_child_samples': 16}. Best is trial 107 with value: 0.18167052292466948.
[I 2025-03-12 12:06:05,010] Trial 180 finished with value: 0.18348814638745758 and parameters: {'learning_rate': 0.019661096819389958, 'depth': 11, 'l2_leaf_reg': 1.2645794203936107, 'min_child_samples': 16}. Best is trial 107 with value: 0.18167052292466948.
[I 2025-03-12 12:06:10,778] Trial 181 finished with value: 0.18206643512435178 and parameters: {'learning_rate': 0.019995737259117442, 'depth': 11, 'l2_leaf_reg': 1.3272708386047694, 'min_child_samples': 16}. Best is trial 107 with value: 0.18167052292466948.
[I 2025-03-12 12:06:16,821] Trial 182 finished with value: 0.1823618461097483 and parameters: {'learning_rate': 0.019959251282995482, 'depth': 11, 'l2_leaf_reg': 1.3147285931881456, 'min_child_samples': 16}. Best is trial 107 with value: 0.18167052292466948.
[I 2025-03-12 12:06:22,967] Trial 183 finished with value: 0.18455842438252332 and parameters: {'learning_rate': 0.019183822899253713, 'depth': 11, 'l2_leaf_reg': 1.3021464719088638, 'min_child_samples': 16}. Best is trial 107 with value: 0.18167052292466948.
