[I 2025-03-12 17:58:28,399] Trial 113 finished with value: 2.0024580433920587 and parameters: {'learning_rate': 0.004051877310625607, 'depth': 10, 'l2_leaf_reg': 1.179953887377029, 'min_child_samples': 4}. Best is trial 101 with value: 2.0006058017489465.
[I 2025-03-12 17:58:31,813] Trial 114 finished with value: 2.004679834825476 and parameters: {'learning_rate': 0.0048823955126926655, 'depth': 10, 'l2_leaf_reg': 1.207507614810589, 'min_child_samples': 4}. Best is trial 101 with value: 2.0006058017489465.
[I 2025-03-12 17:58:34,447] Trial 115 finished with value: 2.0071605446605547 and parameters: {'learning_rate': 0.007619629941016378, 'depth': 10, 'l2_leaf_reg': 1.0206912682623626, 'min_child_samples': 4}. Best is trial 101 with value: 2.0006058017489465.
[I 2025-03-12 17:58:36,808] Trial 116 finished with value: 2.0076040027127493 and parameters: {'learning_rate': 0.006539567018320634, 'depth': 9, 'l2_leaf_reg': 1.2795857917233946, 'min_child_samples': 4}. Best is trial 101 with value: 2.0006058017489465.
[I 2025-03-12 17:58:38,447] Trial 117 finished with value: 2.0172532554995897 and parameters: {'learning_rate': 0.009669674759922177, 'depth': 8, 'l2_leaf_reg': 1.1505134481419867, 'min_child_samples': 4}. Best is trial 101 with value: 2.0006058017489465.
[I 2025-03-12 17:58:42,761] Trial 118 finished with value: 2.0051704984830003 and parameters: {'learning_rate': 0.004355001989802863, 'depth': 11, 'l2_leaf_reg': 1.429744694131803, 'min_child_samples': 4}. Best is trial 101 with value: 2.0006058017489465.
[I 2025-03-12 17:58:48,239] Trial 119 finished with value: 2.0079201132571622 and parameters: {'learning_rate': 0.0053856349109441095, 'depth': 12, 'l2_leaf_reg': 1.0535179899202385, 'min_child_samples': 16}. Best is trial 101 with value: 2.0006058017489465.
[I 2025-03-12 17:58:51,728] Trial 120 finished with value: 2.0228730775215054 and parameters: {'learning_rate': 0.002060928184618188, 'depth': 10, 'l2_leaf_reg': 0.9647987671983058, 'min_child_samples': 4}. Best is trial 101 with value: 2.0006058017489465.
[I 2025-03-12 17:58:56,134] Trial 121 finished with value: 2.0015814301890034 and parameters: {'learning_rate': 0.004003553536430889, 'depth': 11, 'l2_leaf_reg': 0.11084858543238651, 'min_child_samples': 32}. Best is trial 101 with value: 2.0006058017489465.
[I 2025-03-12 17:58:59,513] Trial 122 finished with value: 2.00653613133032 and parameters: {'learning_rate': 0.003776211515900395, 'depth': 10, 'l2_leaf_reg': 1.326701053778297, 'min_child_samples': 32}. Best is trial 101 with value: 2.0006058017489465.
[I 2025-03-12 17:59:03,892] Trial 123 finished with value: 2.16705618491111 and parameters: {'learning_rate': 7.35437563053748e-05, 'depth': 11, 'l2_leaf_reg': 0.12897921628158826, 'min_child_samples': 8}. Best is trial 101 with value: 2.0006058017489465.
[I 2025-03-12 17:59:08,075] Trial 124 finished with value: 2.0055826973088235 and parameters: {'learning_rate': 0.0034652454053210597, 'depth': 11, 'l2_leaf_reg': 1.5684320190272492, 'min_child_samples': 4}. Best is trial 101 with value: 2.0006058017489465.
[I 2025-03-12 17:59:10,907] Trial 125 finished with value: 2.0185647312114767 and parameters: {'learning_rate': 0.002545883459388795, 'depth': 9, 'l2_leaf_reg': 1.235540462207227, 'min_child_samples': 16}. Best is trial 101 with value: 2.0006058017489465.
[I 2025-03-12 17:59:17,144] Trial 126 finished with value: 2.0086974376516706 and parameters: {'learning_rate': 0.004282248341800527, 'depth': 12, 'l2_leaf_reg': 1.076912856426685, 'min_child_samples': 32}. Best is trial 101 with value: 2.0006058017489465.
[I 2025-03-12 17:59:19,524] Trial 127 finished with value: 2.0099726504820885 and parameters: {'learning_rate': 0.010046358523252405, 'depth': 10, 'l2_leaf_reg': 0.03385908041122784, 'min_child_samples': 4}. Best is trial 101 with value: 2.0006058017489465.
[I 2025-03-12 17:59:23,593] Trial 128 finished with value: 2.0051759942439173 and parameters: {'learning_rate': 0.005061450323673154, 'depth': 11, 'l2_leaf_reg': 1.7378762880112655, 'min_child_samples': 16}. Best is trial 101 with value: 2.0006058017489465.
[I 2025-03-12 17:59:26,182] Trial 129 finished with value: 2.0043881011999742 and parameters: {'learning_rate': 0.007999414592000688, 'depth': 10, 'l2_leaf_reg': 2.852789756374013, 'min_child_samples': 4}. Best is trial 101 with value: 2.0006058017489465.
[I 2025-03-12 17:59:29,348] Trial 130 finished with value: 2.0037478240318256 and parameters: {'learning_rate': 0.009237307611309805, 'depth': 11, 'l2_leaf_reg': 2.453441817881813, 'min_child_samples': 32}. Best is trial 101 with value: 2.0006058017489465.
[I 2025-03-12 17:59:32,481] Trial 131 finished with value: 2.005073715602247 and parameters: {'learning_rate': 0.009220343567357927, 'depth': 11, 'l2_leaf_reg': 2.5967901533067614, 'min_child_samples': 32}. Best is trial 101 with value: 2.0006058017489465.
[I 2025-03-12 17:59:36,026] Trial 132 finished with value: 2.00466743117388 and parameters: {'learning_rate': 0.008440864382723064, 'depth': 11, 'l2_leaf_reg': 2.3245033505218573, 'min_child_samples': 32}. Best is trial 101 with value: 2.0006058017489465.
[I 2025-03-12 17:59:39,552] Trial 133 finished with value: 2.007348026377823 and parameters: {'learning_rate': 0.011086184162260117, 'depth': 12, 'l2_leaf_reg': 2.420825669907787, 'min_child_samples': 32}. Best is trial 101 with value: 2.0006058017489465.
[I 2025-03-12 17:59:42,129] Trial 134 finished with value: 2.006995748375853 and parameters: {'learning_rate': 0.007312352849330685, 'depth': 10, 'l2_leaf_reg': 2.7897098924368082, 'min_child_samples': 32}. Best is trial 101 with value: 2.0006058017489465.
[I 2025-03-12 17:59:46,642] Trial 135 finished with value: 2.0124786805848185 and parameters: {'learning_rate': 0.0028259011614085523, 'depth': 11, 'l2_leaf_reg': 2.9926422911241586, 'min_child_samples': 32}. Best is trial 101 with value: 2.0006058017489465.
[I 2025-03-12 17:59:48,685] Trial 136 finished with value: 2.010742129920275 and parameters: {'learning_rate': 0.008763907210167003, 'depth': 9, 'l2_leaf_reg': 0.9180478445432556, 'min_child_samples': 1}. Best is trial 101 with value: 2.0006058017489465.
[I 2025-03-12 17:59:51,473] Trial 137 finished with value: 2.0030596119259587 and parameters: {'learning_rate': 0.007883182434305755, 'depth': 10, 'l2_leaf_reg': 1.9936079285207593, 'min_child_samples': 4}. Best is trial 101 with value: 2.0006058017489465.
[I 2025-03-12 17:59:55,793] Trial 138 finished with value: 2.009538206182841 and parameters: {'learning_rate': 0.00787325136971836, 'depth': 12, 'l2_leaf_reg': 2.1224457739202327, 'min_child_samples': 4}. Best is trial 101 with value: 2.0006058017489465.
[I 2025-03-12 17:59:58,359] Trial 139 finished with value: 2.0076050562400947 and parameters: {'learning_rate': 0.009246131022533893, 'depth': 10, 'l2_leaf_reg': 1.8877320915938787, 'min_child_samples': 4}. Best is trial 101 with value: 2.0006058017489465.
[I 2025-03-12 18:00:02,589] Trial 140 finished with value: 2.0025894524543686 and parameters: {'learning_rate': 0.0041948347780409794, 'depth': 11, 'l2_leaf_reg': 1.1470171694808902, 'min_child_samples': 4}. Best is trial 101 with value: 2.0006058017489465.
[I 2025-03-12 18:00:07,060] Trial 141 finished with value: 2.002175599964828 and parameters: {'learning_rate': 0.0037690378537031896, 'depth': 11, 'l2_leaf_reg': 1.147622607362666, 'min_child_samples': 4}. Best is trial 101 with value: 2.0006058017489465.
[I 2025-03-12 18:00:11,542] Trial 142 finished with value: 2.0006278323739055 and parameters: {'learning_rate': 0.004122827429832136, 'depth': 11, 'l2_leaf_reg': 1.125061199095121, 'min_child_samples': 4}. Best is trial 101 with value: 2.0006058017489465.
[I 2025-03-12 18:00:15,921] Trial 143 finished with value: 2.0029820477057885 and parameters: {'learning_rate': 0.004023155713084099, 'depth': 11, 'l2_leaf_reg': 1.160033694726212, 'min_child_samples': 4}. Best is trial 101 with value: 2.0006058017489465.
[I 2025-03-12 18:00:22,283] Trial 144 finished with value: 2.007963057287538 and parameters: {'learning_rate': 0.004015070149608555, 'depth': 12, 'l2_leaf_reg': 1.1413977411488156, 'min_child_samples': 4}. Best is trial 101 with value: 2.0006058017489465.
[I 2025-03-12 18:00:26,394] Trial 145 finished with value: 2.0029270786419753 and parameters: {'learning_rate': 0.004465044165605299, 'depth': 11, 'l2_leaf_reg': 1.1846578231857252, 'min_child_samples': 4}. Best is trial 101 with value: 2.0006058017489465.
[I 2025-03-12 18:00:32,498] Trial 146 finished with value: 2.0089269499603564 and parameters: {'learning_rate': 0.004572578044470915, 'depth': 12, 'l2_leaf_reg': 1.1681998789741703, 'min_child_samples': 4}. Best is trial 101 with value: 2.0006058017489465.
[I 2025-03-12 18:00:36,739] Trial 147 finished with value: 2.0066416422159614 and parameters: {'learning_rate': 0.003422766877810033, 'depth': 11, 'l2_leaf_reg': 1.280021926676642, 'min_child_samples': 4}. Best is trial 101 with value: 2.0006058017489465.
[I 2025-03-12 18:00:41,367] Trial 148 finished with value: 2.0033742746170584 and parameters: {'learning_rate': 0.003743968516059812, 'depth': 11, 'l2_leaf_reg': 1.0854682111465155, 'min_child_samples': 4}. Best is trial 101 with value: 2.0006058017489465.
[I 2025-03-12 18:00:45,575] Trial 149 finished with value: 2.0035349984970248 and parameters: {'learning_rate': 0.00421270935495905, 'depth': 11, 'l2_leaf_reg': 1.0070590947816935, 'min_child_samples': 4}. Best is trial 101 with value: 2.0006058017489465.
[I 2025-03-12 18:00:50,980] Trial 150 finished with value: 2.00737056102428 and parameters: {'learning_rate': 0.005344069373642375, 'depth': 12, 'l2_leaf_reg': 1.353531075162251, 'min_child_samples': 4}. Best is trial 101 with value: 2.0006058017489465.
[I 2025-03-12 18:00:55,513] Trial 151 finished with value: 2.0022979733464896 and parameters: {'learning_rate': 0.004925261584475881, 'depth': 11, 'l2_leaf_reg': 1.167489357816278, 'min_child_samples': 4}. Best is trial 101 with value: 2.0006058017489465.
[I 2025-03-12 18:00:59,957] Trial 152 finished with value: 2.0099341049619213 and parameters: {'learning_rate': 0.0031310744324208966, 'depth': 11, 'l2_leaf_reg': 1.2105998864951966, 'min_child_samples': 4}. Best is trial 101 with value: 2.0006058017489465.
[I 2025-03-12 18:01:04,320] Trial 153 finished with value: 2.0025770074753333 and parameters: {'learning_rate': 0.0044356317412851485, 'depth': 11, 'l2_leaf_reg': 1.1400421040374211, 'min_child_samples': 4}. Best is trial 101 with value: 2.0006058017489465.
[I 2025-03-12 18:01:08,630] Trial 154 finished with value: 2.0019998414142064 and parameters: {'learning_rate': 0.00494994472264135, 'depth': 11, 'l2_leaf_reg': 1.0940466678225453, 'min_child_samples': 4}. Best is trial 101 with value: 2.0006058017489465.
[I 2025-03-12 18:01:14,697] Trial 155 finished with value: 2.0087189188939627 and parameters: {'learning_rate': 0.0047432424115613474, 'depth': 12, 'l2_leaf_reg': 1.0993228778140678, 'min_child_samples': 4}. Best is trial 101 with value: 2.0006058017489465.
[I 2025-03-12 18:01:18,576] Trial 156 finished with value: 2.004627378135157 and parameters: {'learning_rate': 0.005630534616789469, 'depth': 11, 'l2_leaf_reg': 1.2401454838894939, 'min_child_samples': 4}. Best is trial 101 with value: 2.0006058017489465.
[I 2025-03-12 18:01:23,079] Trial 157 finished with value: 2.0043940453441453 and parameters: {'learning_rate': 0.004966090011482298, 'depth': 11, 'l2_leaf_reg': 1.393506585255466, 'min_child_samples': 4}. Best is trial 101 with value: 2.0006058017489465.
[I 2025-03-12 18:01:32,648] Trial 158 finished with value: 2.0115250648426968 and parameters: {'learning_rate': 0.004450908482489593, 'depth': 13, 'l2_leaf_reg': 1.2906893606934395, 'min_child_samples': 4}. Best is trial 101 with value: 2.0006058017489465.
[I 2025-03-12 18:01:34,112] Trial 159 finished with value: 2.0248342820274394 and parameters: {'learning_rate': 0.006105101418734434, 'depth': 4, 'l2_leaf_reg': 1.1823651241578812, 'min_child_samples': 4}. Best is trial 101 with value: 2.0006058017489465.
[I 2025-03-12 18:01:40,266] Trial 160 finished with value: 2.0078368601296694 and parameters: {'learning_rate': 0.003480287244247432, 'depth': 12, 'l2_leaf_reg': 1.0304571038124144, 'min_child_samples': 4}. Best is trial 101 with value: 2.0006058017489465.
[I 2025-03-12 18:01:44,506] Trial 161 finished with value: 2.0047784317686257 and parameters: {'learning_rate': 0.005108520004659972, 'depth': 11, 'l2_leaf_reg': 1.1093816473179743, 'min_child_samples': 4}. Best is trial 101 with value: 2.0006058017489465.
[I 2025-03-12 18:01:48,056] Trial 162 finished with value: 2.006061383264087 and parameters: {'learning_rate': 0.0038387674824086906, 'depth': 10, 'l2_leaf_reg': 0.9539270226002996, 'min_child_samples': 4}. Best is trial 101 with value: 2.0006058017489465.
[I 2025-03-12 18:01:52,467] Trial 163 finished with value: 2.0025582584594575 and parameters: {'learning_rate': 0.004345895378625885, 'depth': 11, 'l2_leaf_reg': 1.0711778128220413, 'min_child_samples': 4}. Best is trial 101 with value: 2.0006058017489465.
[I 2025-03-12 18:01:56,844] Trial 164 finished with value: 2.0037139511821227 and parameters: {'learning_rate': 0.004411179484649357, 'depth': 11, 'l2_leaf_reg': 1.149078032060447, 'min_child_samples': 4}. Best is trial 101 with value: 2.0006058017489465.
[I 2025-03-12 18:02:01,138] Trial 165 finished with value: 2.0124213299335145 and parameters: {'learning_rate': 0.002788824151138386, 'depth': 11, 'l2_leaf_reg': 1.082564223260559, 'min_child_samples': 4}. Best is trial 101 with value: 2.0006058017489465.
[I 2025-03-12 18:02:07,362] Trial 166 finished with value: 2.0079331495022443 and parameters: {'learning_rate': 0.004086216349009532, 'depth': 12, 'l2_leaf_reg': 1.2382640764290962, 'min_child_samples': 4}. Best is trial 101 with value: 2.0006058017489465.
[I 2025-03-12 18:02:11,605] Trial 167 finished with value: 2.009568449096776 and parameters: {'learning_rate': 0.0032095430331102867, 'depth': 11, 'l2_leaf_reg': 1.3390245765684545, 'min_child_samples': 8}. Best is trial 101 with value: 2.0006058017489465.
[I 2025-03-12 18:02:17,615] Trial 168 finished with value: 2.0078134927547038 and parameters: {'learning_rate': 0.00457875985330244, 'depth': 12, 'l2_leaf_reg': 1.009815499949292, 'min_child_samples': 4}. Best is trial 101 with value: 2.0006058017489465.
[I 2025-03-12 18:02:22,103] Trial 169 finished with value: 2.0026823875700783 and parameters: {'learning_rate': 0.005235528950243972, 'depth': 11, 'l2_leaf_reg': 1.2034269441018366, 'min_child_samples': 4}. Best is trial 101 with value: 2.0006058017489465.
[I 2025-03-12 18:02:26,562] Trial 170 finished with value: 2.0005427977157533 and parameters: {'learning_rate': 0.005613455909733338, 'depth': 11, 'l2_leaf_reg': 1.2721231465016183, 'min_child_samples': 4}. Best is trial 170 with value: 2.0005427977157533.
[I 2025-03-12 18:02:31,033] Trial 171 finished with value: 2.0032156729613986 and parameters: {'learning_rate': 0.005316601987367443, 'depth': 11, 'l2_leaf_reg': 1.2792167785386128, 'min_child_samples': 4}. Best is trial 170 with value: 2.0005427977157533.
[I 2025-03-12 18:02:34,731] Trial 172 finished with value: 2.007745848011345 and parameters: {'learning_rate': 0.00574009002461026, 'depth': 11, 'l2_leaf_reg': 1.123869493751697, 'min_child_samples': 4}. Best is trial 170 with value: 2.0005427977157533.
[I 2025-03-12 18:02:37,881] Trial 173 finished with value: 2.0036992133848313 and parameters: {'learning_rate': 0.004982022583400481, 'depth': 10, 'l2_leaf_reg': 1.2055701945809472, 'min_child_samples': 4}. Best is trial 170 with value: 2.0005427977157533.
[I 2025-03-12 18:02:42,316] Trial 174 finished with value: 2.0040850242361388 and parameters: {'learning_rate': 0.0037092225327764023, 'depth': 11, 'l2_leaf_reg': 1.0541501772831923, 'min_child_samples': 4}. Best is trial 170 with value: 2.0005427977157533.
[I 2025-03-12 18:02:45,663] Trial 175 finished with value: 2.003728986374574 and parameters: {'learning_rate': 0.004062224099068727, 'depth': 10, 'l2_leaf_reg': 1.2756490716718978, 'min_child_samples': 4}. Best is trial 170 with value: 2.0005427977157533.
[I 2025-03-12 18:03:41,540] Trial 176 finished with value: 2.033869745220113 and parameters: {'learning_rate': 0.0034649062227660506, 'depth': 16, 'l2_leaf_reg': 1.3747555002943115, 'min_child_samples': 4}. Best is trial 170 with value: 2.0005427977157533.
[I 2025-03-12 18:03:45,476] Trial 177 finished with value: 2.0046326925148885 and parameters: {'learning_rate': 0.004918597888331916, 'depth': 11, 'l2_leaf_reg': 1.4416607833537145, 'min_child_samples': 4}. Best is trial 170 with value: 2.0005427977157533.
[I 2025-03-12 18:03:50,775] Trial 178 finished with value: 2.0072369946400292 and parameters: {'learning_rate': 0.005834306891282203, 'depth': 12, 'l2_leaf_reg': 1.1667015300538415, 'min_child_samples': 4}. Best is trial 170 with value: 2.0005427977157533.
[I 2025-03-12 18:03:54,243] Trial 179 finished with value: 2.0020872146500173 and parameters: {'learning_rate': 0.004272954972048118, 'depth': 10, 'l2_leaf_reg': 1.0835837022419457, 'min_child_samples': 4}. Best is trial 170 with value: 2.0005427977157533.
[I 2025-03-12 18:04:00,403] Trial 180 finished with value: 2.0088432322367016 and parameters: {'learning_rate': 0.004206156656506523, 'depth': 12, 'l2_leaf_reg': 1.0753808846500796, 'min_child_samples': 4}. Best is trial 170 with value: 2.0005427977157533.
[I 2025-03-12 18:04:03,652] Trial 181 finished with value: 2.0025957664731155 and parameters: {'learning_rate': 0.004765502139126218, 'depth': 10, 'l2_leaf_reg': 1.1246162506384063, 'min_child_samples': 4}. Best is trial 170 with value: 2.0005427977157533.
[I 2025-03-12 18:04:07,150] Trial 182 finished with value: 2.00483144053756 and parameters: {'learning_rate': 0.004795764030561516, 'depth': 10, 'l2_leaf_reg': 1.0070617367801007, 'min_child_samples': 4}. Best is trial 170 with value: 2.0005427977157533.
[I 2025-03-12 18:04:11,393] Trial 183 finished with value: 2.0023414100562063 and parameters: {'learning_rate': 0.005361946293083382, 'depth': 11, 'l2_leaf_reg': 1.1145852956166828, 'min_child_samples': 4}. Best is trial 170 with value: 2.0005427977157533.
[I 2025-03-12 18:04:15,712] Trial 184 finished with value: 2.003233057390767 and parameters: {'learning_rate': 0.00537639155650605, 'depth': 11, 'l2_leaf_reg': 1.1355676991608292, 'min_child_samples': 4}. Best is trial 170 with value: 2.0005427977157533.
[I 2025-03-12 18:04:17,374] Trial 185 finished with value: 2.005384969803523 and parameters: {'learning_rate': 0.019980591257408246, 'depth': 10, 'l2_leaf_reg': 1.2203583894424859, 'min_child_samples': 1}. Best is trial 170 with value: 2.0005427977157533.
[I 2025-03-12 18:04:21,055] Trial 186 finished with value: 2.0036233086932427 and parameters: {'learning_rate': 0.006230614789496209, 'depth': 11, 'l2_leaf_reg': 1.319980975038064, 'min_child_samples': 4}. Best is trial 170 with value: 2.0005427977157533.
[I 2025-03-12 18:04:24,484] Trial 187 finished with value: 2.003049556092637 and parameters: {'learning_rate': 0.004633976968660825, 'depth': 10, 'l2_leaf_reg': 1.1285268973877132, 'min_child_samples': 4}. Best is trial 170 with value: 2.0005427977157533.
[I 2025-03-12 18:04:28,744] Trial 188 finished with value: 2.002427659610767 and parameters: {'learning_rate': 0.0054514115851232005, 'depth': 11, 'l2_leaf_reg': 0.21639875838665845, 'min_child_samples': 32}. Best is trial 170 with value: 2.0005427977157533.
[I 2025-03-12 18:04:32,171] Trial 189 finished with value: 2.005309810675363 and parameters: {'learning_rate': 0.004447256927820834, 'depth': 10, 'l2_leaf_reg': 0.9182158140666385, 'min_child_samples': 32}. Best is trial 170 with value: 2.0005427977157533.
[I 2025-03-12 18:04:36,028] Trial 190 finished with value: 2.0051024021901487 and parameters: {'learning_rate': 0.005637340501619698, 'depth': 11, 'l2_leaf_reg': 0.11151650108306725, 'min_child_samples': 32}. Best is trial 170 with value: 2.0005427977157533.
[I 2025-03-12 18:04:40,330] Trial 191 finished with value: 2.0050096563135953 and parameters: {'learning_rate': 0.00519380694241502, 'depth': 11, 'l2_leaf_reg': 1.2124192300099421, 'min_child_samples': 32}. Best is trial 170 with value: 2.0005427977157533.
[I 2025-03-12 18:04:44,849] Trial 192 finished with value: 2.0027290058981984 and parameters: {'learning_rate': 0.0049465496349350045, 'depth': 11, 'l2_leaf_reg': 0.18341390696639426, 'min_child_samples': 32}. Best is trial 170 with value: 2.0005427977157533.
[I 2025-03-12 18:04:49,029] Trial 193 finished with value: 2.000936902011383 and parameters: {'learning_rate': 0.004116348982401191, 'depth': 11, 'l2_leaf_reg': 0.25677756674223584, 'min_child_samples': 32}. Best is trial 170 with value: 2.0005427977157533.
[I 2025-03-12 18:04:53,504] Trial 194 finished with value: 2.0030119932008237 and parameters: {'learning_rate': 0.0039213091180108775, 'depth': 11, 'l2_leaf_reg': 1.0436707445088467, 'min_child_samples': 32}. Best is trial 170 with value: 2.0005427977157533.
[I 2025-03-12 18:04:59,490] Trial 195 finished with value: 2.009765379151201 and parameters: {'learning_rate': 0.004381411931258646, 'depth': 12, 'l2_leaf_reg': 0.16439333872946804, 'min_child_samples': 32}. Best is trial 170 with value: 2.0005427977157533.
[I 2025-03-12 18:05:02,816] Trial 196 finished with value: 2.007631744086371 and parameters: {'learning_rate': 0.003687517953000986, 'depth': 10, 'l2_leaf_reg': 0.29241960485755114, 'min_child_samples': 32}. Best is trial 170 with value: 2.0005427977157533.
[I 2025-03-12 18:05:05,041] Trial 197 finished with value: 2.009516937155895 and parameters: {'learning_rate': 0.018106087023100098, 'depth': 11, 'l2_leaf_reg': 0.07622478246684622, 'min_child_samples': 32}. Best is trial 170 with value: 2.0005427977157533.
