[I 2025-03-12 18:05:11,208] Trial 198 finished with value: 2.0099791227633244 and parameters: {'learning_rate': 0.004167756121147349, 'depth': 12, 'l2_leaf_reg': 0.27091763050539, 'min_child_samples': 32}. Best is trial 170 with value: 2.0005427977157533.
[I 2025-03-12 18:05:15,517] Trial 199 finished with value: 2.00751301572998 and parameters: {'learning_rate': 0.003260865304930789, 'depth': 11, 'l2_leaf_reg': 0.19570998788499733, 'min_child_samples': 8}. Best is trial 170 with value: 2.0005427977157533.
[I 2025-03-12 18:05:18,857] Trial 200 finished with value: 2.004219295885426 and parameters: {'learning_rate': 0.00470210193062897, 'depth': 10, 'l2_leaf_reg': 1.1031503151756317, 'min_child_samples': 32}. Best is trial 170 with value: 2.0005427977157533.
[I 2025-03-12 18:05:22,714] Trial 201 finished with value: 2.008353348361871 and parameters: {'learning_rate': 0.005324391522139551, 'depth': 11, 'l2_leaf_reg': 0.25738246578100293, 'min_child_samples': 4}. Best is trial 170 with value: 2.0005427977157533.
[I 2025-03-12 18:05:26,981] Trial 202 finished with value: 2.0023179544084 and parameters: {'learning_rate': 0.0041170623131815635, 'depth': 11, 'l2_leaf_reg': 0.03434456507992627, 'min_child_samples': 4}. Best is trial 170 with value: 2.0005427977157533.
[I 2025-03-12 18:05:31,276] Trial 203 finished with value: 2.0011939907316716 and parameters: {'learning_rate': 0.004032988288055209, 'depth': 11, 'l2_leaf_reg': 0.0051652851510043014, 'min_child_samples': 4}. Best is trial 170 with value: 2.0005427977157533.
[I 2025-03-12 18:05:35,819] Trial 204 finished with value: 2.0042340272230907 and parameters: {'learning_rate': 0.003865836488086004, 'depth': 11, 'l2_leaf_reg': 0.2037463215064351, 'min_child_samples': 4}. Best is trial 170 with value: 2.0005427977157533.
[I 2025-03-12 18:05:40,286] Trial 205 finished with value: 2.011270850138894 and parameters: {'learning_rate': 0.0030227516273225756, 'depth': 11, 'l2_leaf_reg': 0.022286781258595553, 'min_child_samples': 4}. Best is trial 170 with value: 2.0005427977157533.
[I 2025-03-12 18:05:46,450] Trial 206 finished with value: 2.0095181065236027 and parameters: {'learning_rate': 0.004229092540796274, 'depth': 12, 'l2_leaf_reg': 0.08095904314592686, 'min_child_samples': 32}. Best is trial 170 with value: 2.0005427977157533.
[I 2025-03-12 18:05:50,702] Trial 207 finished with value: 2.0057643710496276 and parameters: {'learning_rate': 0.00358457211584545, 'depth': 11, 'l2_leaf_reg': 0.005780522183968156, 'min_child_samples': 4}. Best is trial 170 with value: 2.0005427977157533.
[I 2025-03-12 18:05:55,151] Trial 208 finished with value: 2.0029603508708025 and parameters: {'learning_rate': 0.004150042162206685, 'depth': 11, 'l2_leaf_reg': 0.3535023713069463, 'min_child_samples': 4}. Best is trial 170 with value: 2.0005427977157533.
[I 2025-03-12 18:05:59,579] Trial 209 finished with value: 2.006228656585708 and parameters: {'learning_rate': 0.003397779738118249, 'depth': 11, 'l2_leaf_reg': 0.08041337488484901, 'min_child_samples': 32}. Best is trial 170 with value: 2.0005427977157533.
[I 2025-03-12 18:06:04,093] Trial 210 finished with value: 2.004783130072458 and parameters: {'learning_rate': 0.004430160861636123, 'depth': 11, 'l2_leaf_reg': 0.11412194459847788, 'min_child_samples': 4}. Best is trial 170 with value: 2.0005427977157533.
[I 2025-03-12 18:06:07,317] Trial 211 finished with value: 2.0016183756497017 and parameters: {'learning_rate': 0.004736214553327009, 'depth': 10, 'l2_leaf_reg': 0.029804810100552376, 'min_child_samples': 4}. Best is trial 170 with value: 2.0005427977157533.
[I 2025-03-12 18:06:11,818] Trial 212 finished with value: 2.0024033884296424 and parameters: {'learning_rate': 0.0038783532512209518, 'depth': 11, 'l2_leaf_reg': 0.002684945768158902, 'min_child_samples': 4}. Best is trial 170 with value: 2.0005427977157533.
[I 2025-03-12 18:06:15,272] Trial 213 finished with value: 2.006832069989488 and parameters: {'learning_rate': 0.003674962042216676, 'depth': 10, 'l2_leaf_reg': 0.004948328674084796, 'min_child_samples': 4}. Best is trial 170 with value: 2.0005427977157533.
[I 2025-03-12 18:06:19,644] Trial 214 finished with value: 2.0023339033592533 and parameters: {'learning_rate': 0.004647307941905325, 'depth': 11, 'l2_leaf_reg': 0.07614890603000783, 'min_child_samples': 4}. Best is trial 170 with value: 2.0005427977157533.
[I 2025-03-12 18:06:24,145] Trial 215 finished with value: 2.003262368386507 and parameters: {'learning_rate': 0.0047408197817919205, 'depth': 11, 'l2_leaf_reg': 0.0813702799611674, 'min_child_samples': 4}. Best is trial 170 with value: 2.0005427977157533.
[I 2025-03-12 18:06:27,512] Trial 216 finished with value: 2.0045313637857927 and parameters: {'learning_rate': 0.003985822935858185, 'depth': 10, 'l2_leaf_reg': 0.008766774842824548, 'min_child_samples': 4}. Best is trial 170 with value: 2.0005427977157533.
[I 2025-03-12 18:06:33,392] Trial 217 finished with value: 2.0052776769940346 and parameters: {'learning_rate': 0.0050099717170319, 'depth': 12, 'l2_leaf_reg': 0.06932043752935575, 'min_child_samples': 4}. Best is trial 170 with value: 2.0005427977157533.
[I 2025-03-12 18:06:36,741] Trial 218 finished with value: 2.008211352455963 and parameters: {'learning_rate': 0.006584623337176782, 'depth': 11, 'l2_leaf_reg': 0.13122787156782167, 'min_child_samples': 32}. Best is trial 170 with value: 2.0005427977157533.
[I 2025-03-12 18:06:40,657] Trial 219 finished with value: 2.0051589503622584 and parameters: {'learning_rate': 0.005794046582808002, 'depth': 11, 'l2_leaf_reg': 0.1880239559575149, 'min_child_samples': 4}. Best is trial 170 with value: 2.0005427977157533.
[I 2025-03-12 18:06:43,922] Trial 220 finished with value: 2.009783208205646 and parameters: {'learning_rate': 0.0029237784796807068, 'depth': 10, 'l2_leaf_reg': 0.14208729625403071, 'min_child_samples': 1}. Best is trial 170 with value: 2.0005427977157533.
[I 2025-03-12 18:06:48,263] Trial 221 finished with value: 2.0031045108085443 and parameters: {'learning_rate': 0.004421514004577787, 'depth': 11, 'l2_leaf_reg': 0.04425516558679148, 'min_child_samples': 4}. Best is trial 170 with value: 2.0005427977157533.
[I 2025-03-12 18:06:52,490] Trial 222 finished with value: 2.0035200168862866 and parameters: {'learning_rate': 0.0038493861456603854, 'depth': 11, 'l2_leaf_reg': 0.0056208661073784, 'min_child_samples': 4}. Best is trial 170 with value: 2.0005427977157533.
[I 2025-03-12 18:06:56,939] Trial 223 finished with value: 2.003282303329856 and parameters: {'learning_rate': 0.004643572230810393, 'depth': 11, 'l2_leaf_reg': 0.1279108003777814, 'min_child_samples': 4}. Best is trial 170 with value: 2.0005427977157533.
[I 2025-03-12 18:07:03,124] Trial 224 finished with value: 2.009845867043506 and parameters: {'learning_rate': 0.004136588400085189, 'depth': 12, 'l2_leaf_reg': 0.05998513865224836, 'min_child_samples': 4}. Best is trial 170 with value: 2.0005427977157533.
[I 2025-03-12 18:07:05,544] Trial 225 finished with value: 2.001003207982303 and parameters: {'learning_rate': 0.017392259126951717, 'depth': 11, 'l2_leaf_reg': 0.23746680152347954, 'min_child_samples': 4}. Best is trial 170 with value: 2.0005427977157533.
[I 2025-03-12 18:07:08,530] Trial 226 finished with value: 2.0043673052257787 and parameters: {'learning_rate': 0.01330452002874592, 'depth': 11, 'l2_leaf_reg': 0.25096085930654344, 'min_child_samples': 4}. Best is trial 170 with value: 2.0005427977157533.
[I 2025-03-12 18:07:10,607] Trial 227 finished with value: 2.0048538298312253 and parameters: {'learning_rate': 0.019030011339447893, 'depth': 11, 'l2_leaf_reg': 0.2377063165937544, 'min_child_samples': 4}. Best is trial 170 with value: 2.0005427977157533.
[I 2025-03-12 18:07:14,311] Trial 228 finished with value: 2.0082647047493705 and parameters: {'learning_rate': 0.005425413796956314, 'depth': 11, 'l2_leaf_reg': 0.3830863454810203, 'min_child_samples': 32}. Best is trial 170 with value: 2.0005427977157533.
[I 2025-03-12 18:07:17,750] Trial 229 finished with value: 2.0074436738090187 and parameters: {'learning_rate': 0.00336391660629789, 'depth': 10, 'l2_leaf_reg': 0.12130224857181822, 'min_child_samples': 4}. Best is trial 170 with value: 2.0005427977157533.
[I 2025-03-12 18:07:20,634] Trial 230 finished with value: 2.0103407608515482 and parameters: {'learning_rate': 0.016501367048968058, 'depth': 12, 'l2_leaf_reg': 0.18420762493467593, 'min_child_samples': 4}. Best is trial 170 with value: 2.0005427977157533.
[I 2025-03-12 18:07:23,138] Trial 231 finished with value: 2.005362533264812 and parameters: {'learning_rate': 0.014822817772857244, 'depth': 11, 'l2_leaf_reg': 0.3115662413613446, 'min_child_samples': 4}. Best is trial 170 with value: 2.0005427977157533.
[I 2025-03-12 18:07:25,411] Trial 232 finished with value: 2.0015296321534732 and parameters: {'learning_rate': 0.0172091746868347, 'depth': 11, 'l2_leaf_reg': 0.08740136683441799, 'min_child_samples': 4}. Best is trial 170 with value: 2.0005427977157533.
[I 2025-03-12 18:07:27,749] Trial 233 finished with value: 2.001793639690141 and parameters: {'learning_rate': 0.017237692926234654, 'depth': 11, 'l2_leaf_reg': 0.05862578922364925, 'min_child_samples': 4}. Best is trial 170 with value: 2.0005427977157533.
[I 2025-03-12 18:07:30,024] Trial 234 finished with value: 2.0043119602643333 and parameters: {'learning_rate': 0.017278306705093494, 'depth': 11, 'l2_leaf_reg': 0.06618672183075758, 'min_child_samples': 4}. Best is trial 170 with value: 2.0005427977157533.
[I 2025-03-12 18:07:32,565] Trial 235 finished with value: 2.0010088138690065 and parameters: {'learning_rate': 0.01737210554122205, 'depth': 11, 'l2_leaf_reg': 0.1243955362105401, 'min_child_samples': 4}. Best is trial 170 with value: 2.0005427977157533.
[I 2025-03-12 18:07:35,035] Trial 236 finished with value: 2.0082720530791254 and parameters: {'learning_rate': 0.015301855942655096, 'depth': 11, 'l2_leaf_reg': 0.1526858631699759, 'min_child_samples': 4}. Best is trial 170 with value: 2.0005427977157533.
[I 2025-03-12 18:07:37,491] Trial 237 finished with value: 2.0021818881952558 and parameters: {'learning_rate': 0.01720105556140759, 'depth': 11, 'l2_leaf_reg': 0.0029346400720588793, 'min_child_samples': 32}. Best is trial 170 with value: 2.0005427977157533.
[I 2025-03-12 18:07:40,419] Trial 238 finished with value: 2.008284920505968 and parameters: {'learning_rate': 0.017362956739070724, 'depth': 12, 'l2_leaf_reg': 0.05303019384076623, 'min_child_samples': 4}. Best is trial 170 with value: 2.0005427977157533.
[I 2025-03-12 18:07:42,783] Trial 239 finished with value: 2.001006052338658 and parameters: {'learning_rate': 0.017389388679201763, 'depth': 11, 'l2_leaf_reg': 0.1292799018664812, 'min_child_samples': 8}. Best is trial 170 with value: 2.0005427977157533.
[I 2025-03-12 18:07:45,211] Trial 240 finished with value: 1.9997582863181622 and parameters: {'learning_rate': 0.016857031594547395, 'depth': 11, 'l2_leaf_reg': 0.11676812025940889, 'min_child_samples': 8}. Best is trial 240 with value: 1.9997582863181622.
[I 2025-03-12 18:07:47,473] Trial 241 finished with value: 2.00774212266421 and parameters: {'learning_rate': 0.017135072021296605, 'depth': 11, 'l2_leaf_reg': 0.0012630670075029285, 'min_child_samples': 8}. Best is trial 240 with value: 1.9997582863181622.
[I 2025-03-12 18:07:49,972] Trial 242 finished with value: 2.004384748540314 and parameters: {'learning_rate': 0.01780015194127595, 'depth': 11, 'l2_leaf_reg': 0.12192347096684193, 'min_child_samples': 8}. Best is trial 240 with value: 1.9997582863181622.
[I 2025-03-12 18:07:52,093] Trial 243 finished with value: 2.008724966699798 and parameters: {'learning_rate': 0.01677144042479584, 'depth': 11, 'l2_leaf_reg': 0.09271228021781308, 'min_child_samples': 8}. Best is trial 240 with value: 1.9997582863181622.
[I 2025-03-12 18:07:54,419] Trial 244 finished with value: 2.005525476459102 and parameters: {'learning_rate': 0.01749062906029184, 'depth': 11, 'l2_leaf_reg': 0.05926645470639472, 'min_child_samples': 8}. Best is trial 240 with value: 1.9997582863181622.
[I 2025-03-12 18:07:56,801] Trial 245 finished with value: 2.0038809767681793 and parameters: {'learning_rate': 0.01666003833316563, 'depth': 11, 'l2_leaf_reg': 0.1575383750270965, 'min_child_samples': 8}. Best is trial 240 with value: 1.9997582863181622.
[I 2025-03-12 18:07:59,149] Trial 246 finished with value: 2.003477538426202 and parameters: {'learning_rate': 0.01840947825687996, 'depth': 11, 'l2_leaf_reg': 0.09092873554613959, 'min_child_samples': 8}. Best is trial 240 with value: 1.9997582863181622.
[I 2025-03-12 18:08:02,379] Trial 247 finished with value: 2.009531485002999 and parameters: {'learning_rate': 0.017701071768805195, 'depth': 12, 'l2_leaf_reg': 0.007991844897671269, 'min_child_samples': 8}. Best is trial 240 with value: 1.9997582863181622.
[I 2025-03-12 18:08:04,787] Trial 248 finished with value: 2.0047377123368855 and parameters: {'learning_rate': 0.016985475063567193, 'depth': 11, 'l2_leaf_reg': 0.1586422174484171, 'min_child_samples': 8}. Best is trial 240 with value: 1.9997582863181622.
[I 2025-03-12 18:08:07,178] Trial 249 finished with value: 2.007413068222587 and parameters: {'learning_rate': 0.01797892738776845, 'depth': 11, 'l2_leaf_reg': 0.08906585963769852, 'min_child_samples': 8}. Best is trial 240 with value: 1.9997582863181622.
[I 2025-03-12 18:08:10,262] Trial 250 finished with value: 2.0094495203531886 and parameters: {'learning_rate': 0.01843872180925298, 'depth': 12, 'l2_leaf_reg': 0.0033008092506381925, 'min_child_samples': 4}. Best is trial 240 with value: 1.9997582863181622.
[I 2025-03-12 18:08:12,612] Trial 251 finished with value: 2.002117878843435 and parameters: {'learning_rate': 0.016415218507564187, 'depth': 11, 'l2_leaf_reg': 0.20083572212228615, 'min_child_samples': 4}. Best is trial 240 with value: 1.9997582863181622.
[I 2025-03-12 18:08:15,019] Trial 252 finished with value: 2.007325759699931 and parameters: {'learning_rate': 0.016923657564492937, 'depth': 11, 'l2_leaf_reg': 0.22331975905080279, 'min_child_samples': 4}. Best is trial 240 with value: 1.9997582863181622.
[I 2025-03-12 18:08:17,526] Trial 253 finished with value: 2.0052184974044622 and parameters: {'learning_rate': 0.016001196616930932, 'depth': 11, 'l2_leaf_reg': 0.15988774660258698, 'min_child_samples': 4}. Best is trial 240 with value: 1.9997582863181622.
[I 2025-03-12 18:08:20,050] Trial 254 finished with value: 1.9997758567625443 and parameters: {'learning_rate': 0.016264232117134732, 'depth': 11, 'l2_leaf_reg': 0.29603716802867863, 'min_child_samples': 4}. Best is trial 240 with value: 1.9997582863181622.
[I 2025-03-12 18:08:23,033] Trial 255 finished with value: 2.0108038383886178 and parameters: {'learning_rate': 0.015851763329294267, 'depth': 12, 'l2_leaf_reg': 0.30369034995637306, 'min_child_samples': 4}. Best is trial 240 with value: 1.9997582863181622.
[I 2025-03-12 18:08:25,469] Trial 256 finished with value: 2.009221374939441 and parameters: {'learning_rate': 0.015985914456587917, 'depth': 11, 'l2_leaf_reg': 0.2366284079601385, 'min_child_samples': 4}. Best is trial 240 with value: 1.9997582863181622.
[I 2025-03-12 18:08:28,723] Trial 257 finished with value: 2.0059840434634277 and parameters: {'learning_rate': 0.01745553686158231, 'depth': 12, 'l2_leaf_reg': 0.2051174562880309, 'min_child_samples': 4}. Best is trial 240 with value: 1.9997582863181622.
[I 2025-03-12 18:08:30,902] Trial 258 finished with value: 2.007725635535665 and parameters: {'learning_rate': 0.017144909938359654, 'depth': 11, 'l2_leaf_reg': 0.40616906016918675, 'min_child_samples': 8}. Best is trial 240 with value: 1.9997582863181622.
[I 2025-03-12 18:08:33,414] Trial 259 finished with value: 2.0056442414739344 and parameters: {'learning_rate': 0.016581223468269842, 'depth': 11, 'l2_leaf_reg': 0.12861813862273647, 'min_child_samples': 4}. Best is trial 240 with value: 1.9997582863181622.
[I 2025-03-12 18:08:35,313] Trial 260 finished with value: 2.003860659058163 and parameters: {'learning_rate': 0.017526853112406614, 'depth': 10, 'l2_leaf_reg': 0.282691122731485, 'min_child_samples': 16}. Best is trial 240 with value: 1.9997582863181622.
[I 2025-03-12 18:08:37,857] Trial 261 finished with value: 2.0040831165744697 and parameters: {'learning_rate': 0.016250376971835224, 'depth': 11, 'l2_leaf_reg': 0.08479531630385242, 'min_child_samples': 1}. Best is trial 240 with value: 1.9997582863181622.
[I 2025-03-12 18:08:40,475] Trial 262 finished with value: 2.0000970854337727 and parameters: {'learning_rate': 0.016935243478639447, 'depth': 11, 'l2_leaf_reg': 0.18082739591244615, 'min_child_samples': 4}. Best is trial 240 with value: 1.9997582863181622.
[I 2025-03-12 18:08:43,404] Trial 263 finished with value: 2.005517270643391 and parameters: {'learning_rate': 0.016692100583291163, 'depth': 12, 'l2_leaf_reg': 0.18674677245109922, 'min_child_samples': 4}. Best is trial 240 with value: 1.9997582863181622.
[I 2025-03-12 18:08:45,801] Trial 264 finished with value: 2.007892168986826 and parameters: {'learning_rate': 0.016881896914671783, 'depth': 11, 'l2_leaf_reg': 0.5294430093958047, 'min_child_samples': 4}. Best is trial 240 with value: 1.9997582863181622.
[I 2025-03-12 18:08:48,415] Trial 265 finished with value: 1.9993306196874616 and parameters: {'learning_rate': 0.016245579431286537, 'depth': 11, 'l2_leaf_reg': 0.32174067735759415, 'min_child_samples': 32}. Best is trial 265 with value: 1.9993306196874616.
[I 2025-03-12 18:08:50,215] Trial 266 finished with value: 2.0106431242696714 and parameters: {'learning_rate': 0.016098718046499975, 'depth': 10, 'l2_leaf_reg': 0.3342967627040293, 'min_child_samples': 32}. Best is trial 265 with value: 1.9993306196874616.
[I 2025-03-12 18:09:02,090] Trial 267 finished with value: 2.034412502235711 and parameters: {'learning_rate': 0.017204461655750517, 'depth': 15, 'l2_leaf_reg': 0.25417347586163336, 'min_child_samples': 32}. Best is trial 265 with value: 1.9993306196874616.
[I 2025-03-12 18:09:04,962] Trial 268 finished with value: 2.010125233502984 and parameters: {'learning_rate': 0.016483820431763677, 'depth': 12, 'l2_leaf_reg': 0.4707008567813218, 'min_child_samples': 32}. Best is trial 265 with value: 1.9993306196874616.
[I 2025-03-12 18:09:07,202] Trial 269 finished with value: 2.0068576125153426 and parameters: {'learning_rate': 0.017733988396829818, 'depth': 11, 'l2_leaf_reg': 0.30456529335903276, 'min_child_samples': 32}. Best is trial 265 with value: 1.9993306196874616.
[I 2025-03-12 18:09:09,499] Trial 270 finished with value: 2.0086426407441613 and parameters: {'learning_rate': 0.016432748317310335, 'depth': 11, 'l2_leaf_reg': 1.5238698608253238, 'min_child_samples': 32}. Best is trial 265 with value: 1.9993306196874616.
[I 2025-03-12 18:09:11,442] Trial 271 finished with value: 2.002239468200044 and parameters: {'learning_rate': 0.018064923841649497, 'depth': 10, 'l2_leaf_reg': 0.23689797291991488, 'min_child_samples': 32}. Best is trial 265 with value: 1.9993306196874616.
[I 2025-03-12 18:09:13,284] Trial 272 finished with value: 2.007728374284458 and parameters: {'learning_rate': 0.018132641008929605, 'depth': 10, 'l2_leaf_reg': 0.3596774096061104, 'min_child_samples': 32}. Best is trial 265 with value: 1.9993306196874616.
[I 2025-03-12 18:09:15,092] Trial 273 finished with value: 2.0069288491643755 and parameters: {'learning_rate': 0.01850585016910012, 'depth': 10, 'l2_leaf_reg': 0.19176456550906112, 'min_child_samples': 32}. Best is trial 265 with value: 1.9993306196874616.
[I 2025-03-12 18:09:17,088] Trial 274 finished with value: 2.0052897788866595 and parameters: {'learning_rate': 0.015628827781414837, 'depth': 10, 'l2_leaf_reg': 0.26625952207983994, 'min_child_samples': 32}. Best is trial 265 with value: 1.9993306196874616.
[I 2025-03-12 18:09:19,547] Trial 275 finished with value: 2.0057928410575983 and parameters: {'learning_rate': 0.017050690413780076, 'depth': 11, 'l2_leaf_reg': 0.15229422901294876, 'min_child_samples': 32}. Best is trial 265 with value: 1.9993306196874616.
[I 2025-03-12 18:09:21,562] Trial 276 finished with value: 2.0095217748226704 and parameters: {'learning_rate': 0.01757696046193778, 'depth': 10, 'l2_leaf_reg': 0.23067874486169504, 'min_child_samples': 32}. Best is trial 265 with value: 1.9993306196874616.
[I 2025-03-12 18:09:23,696] Trial 277 finished with value: 2.007103540589023 and parameters: {'learning_rate': 0.017933692110622824, 'depth': 11, 'l2_leaf_reg': 0.13951005689598509, 'min_child_samples': 32}. Best is trial 265 with value: 1.9993306196874616.
[I 2025-03-12 18:09:25,755] Trial 278 finished with value: 2.0023521887444016 and parameters: {'learning_rate': 0.017060357763006743, 'depth': 10, 'l2_leaf_reg': 0.392990295612912, 'min_child_samples': 16}. Best is trial 265 with value: 1.9993306196874616.
[I 2025-03-12 18:09:28,123] Trial 279 finished with value: 2.003334712077789 and parameters: {'learning_rate': 0.016328421216617643, 'depth': 11, 'l2_leaf_reg': 1.6392163851739516, 'min_child_samples': 8}. Best is trial 265 with value: 1.9993306196874616.
[I 2025-03-12 18:09:31,018] Trial 280 finished with value: 2.014647954579417 and parameters: {'learning_rate': 0.01913303106473883, 'depth': 12, 'l2_leaf_reg': 0.22713764266497866, 'min_child_samples': 32}. Best is trial 265 with value: 1.9993306196874616.
[I 2025-03-12 18:09:33,324] Trial 281 finished with value: 2.007062004278399 and parameters: {'learning_rate': 0.018753776092237967, 'depth': 11, 'l2_leaf_reg': 0.33774712245676297, 'min_child_samples': 32}. Best is trial 265 with value: 1.9993306196874616.
[I 2025-03-12 18:09:35,054] Trial 282 finished with value: 2.0088289086594746 and parameters: {'learning_rate': 0.017379356619595707, 'depth': 10, 'l2_leaf_reg': 0.10651513626235543, 'min_child_samples': 8}. Best is trial 265 with value: 1.9993306196874616.
