[I 2025-03-12 10:40:54,064] Trial 423 finished with value: 0.28368461742616435 and parameters: {'learning_rate': 0.017246618048028742, 'depth': 10, 'l2_leaf_reg': 1.7626407959767647, 'min_child_samples': 32}. Best is trial 244 with value: 0.2711216274840732.
[I 2025-03-12 10:41:03,375] Trial 424 finished with value: 0.2754917207355565 and parameters: {'learning_rate': 0.015733199665515115, 'depth': 13, 'l2_leaf_reg': 2.462264790674519, 'min_child_samples': 32}. Best is trial 244 with value: 0.2711216274840732.
[I 2025-03-12 10:41:18,033] Trial 425 finished with value: 0.28202142288589377 and parameters: {'learning_rate': 0.01623740277560988, 'depth': 14, 'l2_leaf_reg': 2.6777592082346198, 'min_child_samples': 32}. Best is trial 244 with value: 0.2711216274840732.
[I 2025-03-12 10:41:26,784] Trial 426 finished with value: 0.2746791632404447 and parameters: {'learning_rate': 0.017660335176154632, 'depth': 13, 'l2_leaf_reg': 1.6650317095462412, 'min_child_samples': 32}. Best is trial 244 with value: 0.2711216274840732.
[I 2025-03-12 10:41:41,062] Trial 427 finished with value: 0.27648832408457197 and parameters: {'learning_rate': 0.016593636037800598, 'depth': 14, 'l2_leaf_reg': 2.4213577330483225, 'min_child_samples': 16}. Best is trial 244 with value: 0.2711216274840732.
[I 2025-03-12 10:41:51,556] Trial 428 finished with value: 0.27627279106590125 and parameters: {'learning_rate': 0.015413341915314575, 'depth': 13, 'l2_leaf_reg': 1.4640359276882013, 'min_child_samples': 32}. Best is trial 244 with value: 0.2711216274840732.
[I 2025-03-12 10:41:58,418] Trial 429 finished with value: 0.2791249625926609 and parameters: {'learning_rate': 0.014745299311120676, 'depth': 12, 'l2_leaf_reg': 2.223428516051177, 'min_child_samples': 4}. Best is trial 244 with value: 0.2711216274840732.
[I 2025-03-12 10:42:06,975] Trial 430 finished with value: 0.27977653736842667 and parameters: {'learning_rate': 0.016044078818663477, 'depth': 13, 'l2_leaf_reg': 1.5789046269792226, 'min_child_samples': 8}. Best is trial 244 with value: 0.2711216274840732.
[I 2025-03-12 10:42:17,606] Trial 431 finished with value: 0.28149122829769346 and parameters: {'learning_rate': 0.0075625903377617735, 'depth': 13, 'l2_leaf_reg': 2.510461523826521, 'min_child_samples': 32}. Best is trial 244 with value: 0.2711216274840732.
[I 2025-03-12 10:42:27,233] Trial 432 finished with value: 0.27826226656315467 and parameters: {'learning_rate': 0.013896117925346303, 'depth': 13, 'l2_leaf_reg': 2.34898215850656, 'min_child_samples': 32}. Best is trial 244 with value: 0.2711216274840732.
[I 2025-03-12 10:42:42,504] Trial 433 finished with value: 0.2801986182502396 and parameters: {'learning_rate': 0.01715226245860064, 'depth': 14, 'l2_leaf_reg': 2.64326913092946, 'min_child_samples': 1}. Best is trial 244 with value: 0.2711216274840732.
[I 2025-03-12 10:42:51,753] Trial 434 finished with value: 0.27390704939258187 and parameters: {'learning_rate': 0.01647371824514696, 'depth': 13, 'l2_leaf_reg': 2.300789902559039, 'min_child_samples': 1}. Best is trial 244 with value: 0.2711216274840732.
[I 2025-03-12 10:42:58,662] Trial 435 finished with value: 0.2806112487994774 and parameters: {'learning_rate': 0.01587453950099723, 'depth': 12, 'l2_leaf_reg': 2.4223447951559236, 'min_child_samples': 32}. Best is trial 244 with value: 0.2711216274840732.
[I 2025-03-12 10:43:08,133] Trial 436 finished with value: 0.2756943109762089 and parameters: {'learning_rate': 0.016840849792607276, 'depth': 13, 'l2_leaf_reg': 2.59172811863329, 'min_child_samples': 1}. Best is trial 244 with value: 0.2711216274840732.
[I 2025-03-12 10:43:16,962] Trial 437 finished with value: 0.2757652694465996 and parameters: {'learning_rate': 0.015058345611064871, 'depth': 13, 'l2_leaf_reg': 2.775366269438473, 'min_child_samples': 16}. Best is trial 244 with value: 0.2711216274840732.
[I 2025-03-12 10:43:26,839] Trial 438 finished with value: 0.2738096460022199 and parameters: {'learning_rate': 0.014368277171164316, 'depth': 13, 'l2_leaf_reg': 0.21513651766110498, 'min_child_samples': 4}. Best is trial 244 with value: 0.2711216274840732.
[I 2025-03-12 10:43:42,785] Trial 439 finished with value: 0.2779696055531122 and parameters: {'learning_rate': 0.015511412202539052, 'depth': 14, 'l2_leaf_reg': 1.6445606833786157, 'min_child_samples': 1}. Best is trial 244 with value: 0.2711216274840732.
[I 2025-03-12 10:43:52,241] Trial 440 finished with value: 0.27399692531236763 and parameters: {'learning_rate': 0.016311815364192794, 'depth': 13, 'l2_leaf_reg': 2.486439935913954, 'min_child_samples': 32}. Best is trial 244 with value: 0.2711216274840732.
[I 2025-03-12 10:44:00,547] Trial 441 finished with value: 0.2756317805307569 and parameters: {'learning_rate': 0.01798694914385763, 'depth': 13, 'l2_leaf_reg': 2.559422291940609, 'min_child_samples': 1}. Best is trial 244 with value: 0.2711216274840732.
[I 2025-03-12 10:44:06,574] Trial 442 finished with value: 0.28284154197909817 and parameters: {'learning_rate': 0.017415047243603453, 'depth': 12, 'l2_leaf_reg': 2.408890446701675, 'min_child_samples': 1}. Best is trial 244 with value: 0.2711216274840732.
[I 2025-03-12 10:44:16,481] Trial 443 finished with value: 0.27399345829143623 and parameters: {'learning_rate': 0.015765859885442143, 'depth': 13, 'l2_leaf_reg': 1.7007170857222433, 'min_child_samples': 32}. Best is trial 244 with value: 0.2711216274840732.
[I 2025-03-12 10:44:30,721] Trial 444 finished with value: 0.27984932030311094 and parameters: {'learning_rate': 0.016745312963049895, 'depth': 14, 'l2_leaf_reg': 1.7424332449651574, 'min_child_samples': 1}. Best is trial 244 with value: 0.2711216274840732.
[I 2025-03-12 10:44:39,588] Trial 445 finished with value: 0.2786157053634733 and parameters: {'learning_rate': 0.0161482060177595, 'depth': 13, 'l2_leaf_reg': 2.4729098922860344, 'min_child_samples': 4}. Best is trial 244 with value: 0.2711216274840732.
[I 2025-03-12 10:44:46,688] Trial 446 finished with value: 0.2814963359625605 and parameters: {'learning_rate': 0.014812657255361602, 'depth': 12, 'l2_leaf_reg': 1.5593261778389675, 'min_child_samples': 1}. Best is trial 244 with value: 0.2711216274840732.
[I 2025-03-12 10:45:00,772] Trial 447 finished with value: 0.2776450379613776 and parameters: {'learning_rate': 0.01705104574240134, 'depth': 14, 'l2_leaf_reg': 0.554977038779476, 'min_child_samples': 32}. Best is trial 244 with value: 0.2711216274840732.
[I 2025-03-12 10:45:05,052] Trial 448 finished with value: 0.33460199794904655 and parameters: {'learning_rate': 0.015290231023741644, 'depth': 4, 'l2_leaf_reg': 2.1487512279937357, 'min_child_samples': 1}. Best is trial 244 with value: 0.2711216274840732.
[I 2025-03-12 10:45:15,009] Trial 449 finished with value: 0.2723694933413842 and parameters: {'learning_rate': 0.016364735263569928, 'depth': 13, 'l2_leaf_reg': 2.3750722996189975, 'min_child_samples': 32}. Best is trial 244 with value: 0.2711216274840732.
[I 2025-03-12 10:45:24,641] Trial 450 finished with value: 0.2752538177481206 and parameters: {'learning_rate': 0.013376347245489176, 'depth': 13, 'l2_leaf_reg': 2.3641399565503014, 'min_child_samples': 32}. Best is trial 244 with value: 0.2711216274840732.
[I 2025-03-12 10:45:30,616] Trial 451 finished with value: 0.2792341869995691 and parameters: {'learning_rate': 0.016643722833418445, 'depth': 12, 'l2_leaf_reg': 2.2689652077130504, 'min_child_samples': 32}. Best is trial 244 with value: 0.2711216274840732.
[I 2025-03-12 10:45:38,734] Trial 452 finished with value: 0.2787516037905031 and parameters: {'learning_rate': 0.017613790070454587, 'depth': 13, 'l2_leaf_reg': 2.307012414635286, 'min_child_samples': 32}. Best is trial 244 with value: 0.2711216274840732.
[I 2025-03-12 10:45:47,528] Trial 453 finished with value: 0.2746314361415823 and parameters: {'learning_rate': 0.017091950703303112, 'depth': 13, 'l2_leaf_reg': 2.3964477384357816, 'min_child_samples': 32}. Best is trial 244 with value: 0.2711216274840732.
[I 2025-03-12 10:45:56,063] Trial 454 finished with value: 0.27526771299665803 and parameters: {'learning_rate': 0.01643883284969482, 'depth': 13, 'l2_leaf_reg': 2.4392814452786995, 'min_child_samples': 32}. Best is trial 244 with value: 0.2711216274840732.
[I 2025-03-12 10:46:02,258] Trial 455 finished with value: 0.28101068947046187 and parameters: {'learning_rate': 0.015725607726884604, 'depth': 12, 'l2_leaf_reg': 2.343852712673095, 'min_child_samples': 32}. Best is trial 244 with value: 0.2711216274840732.
[I 2025-03-12 10:46:19,091] Trial 456 finished with value: 0.27585796353176123 and parameters: {'learning_rate': 0.014535976697437183, 'depth': 14, 'l2_leaf_reg': 1.4048974584497675, 'min_child_samples': 32}. Best is trial 244 with value: 0.2711216274840732.
[I 2025-03-12 10:46:27,259] Trial 457 finished with value: 0.2774670895283518 and parameters: {'learning_rate': 0.016562035361038747, 'depth': 13, 'l2_leaf_reg': 2.5170393453360127, 'min_child_samples': 32}. Best is trial 244 with value: 0.2711216274840732.
[I 2025-03-12 10:46:41,335] Trial 458 finished with value: 0.2770559138624895 and parameters: {'learning_rate': 0.016058057523633068, 'depth': 14, 'l2_leaf_reg': 2.6302409919973586, 'min_child_samples': 1}. Best is trial 244 with value: 0.2711216274840732.
[I 2025-03-12 10:46:50,004] Trial 459 finished with value: 0.27683451121471847 and parameters: {'learning_rate': 0.017162949041262157, 'depth': 13, 'l2_leaf_reg': 2.452533696900488, 'min_child_samples': 16}. Best is trial 244 with value: 0.2711216274840732.
[I 2025-03-12 10:46:53,182] Trial 460 finished with value: 0.32894585638518037 and parameters: {'learning_rate': 0.015503517817693404, 'depth': 5, 'l2_leaf_reg': 2.3752305355771233, 'min_child_samples': 8}. Best is trial 244 with value: 0.2711216274840732.
[I 2025-03-12 10:46:59,504] Trial 461 finished with value: 0.28104786504682117 and parameters: {'learning_rate': 0.015034563615288416, 'depth': 12, 'l2_leaf_reg': 2.5254121504769267, 'min_child_samples': 1}. Best is trial 244 with value: 0.2711216274840732.
[I 2025-03-12 10:47:09,333] Trial 462 finished with value: 0.27684036891940944 and parameters: {'learning_rate': 0.014048776453877546, 'depth': 13, 'l2_leaf_reg': 2.7336540463275454, 'min_child_samples': 32}. Best is trial 244 with value: 0.2711216274840732.
[I 2025-03-12 10:47:18,563] Trial 463 finished with value: 0.27650069720484316 and parameters: {'learning_rate': 0.016388243231968136, 'depth': 13, 'l2_leaf_reg': 2.2100579296498606, 'min_child_samples': 1}. Best is trial 244 with value: 0.2711216274840732.
[I 2025-03-12 10:47:28,880] Trial 464 finished with value: 0.27658879086395444 and parameters: {'learning_rate': 0.01184184238228498, 'depth': 13, 'l2_leaf_reg': 1.6202221546750597, 'min_child_samples': 32}. Best is trial 244 with value: 0.2711216274840732.
[I 2025-03-12 10:47:35,167] Trial 465 finished with value: 0.28110409934403047 and parameters: {'learning_rate': 0.01689526585708167, 'depth': 12, 'l2_leaf_reg': 1.4994233574173546, 'min_child_samples': 1}. Best is trial 244 with value: 0.2711216274840732.
[I 2025-03-12 10:47:45,431] Trial 466 finished with value: 0.2754828077309452 and parameters: {'learning_rate': 0.01600595335073693, 'depth': 13, 'l2_leaf_reg': 2.296441199991682, 'min_child_samples': 1}. Best is trial 244 with value: 0.2711216274840732.
[I 2025-03-12 10:47:59,265] Trial 467 finished with value: 0.27713645057440756 and parameters: {'learning_rate': 0.01780593369291839, 'depth': 14, 'l2_leaf_reg': 2.5455021453682027, 'min_child_samples': 32}. Best is trial 244 with value: 0.2711216274840732.
[I 2025-03-12 10:48:03,389] Trial 468 finished with value: 0.3002487503886994 and parameters: {'learning_rate': 0.017413599599250044, 'depth': 7, 'l2_leaf_reg': 2.4505792436085794, 'min_child_samples': 1}. Best is trial 244 with value: 0.2711216274840732.
[I 2025-03-12 10:48:07,808] Trial 469 finished with value: 0.2922676869270501 and parameters: {'learning_rate': 0.01671197601144168, 'depth': 8, 'l2_leaf_reg': 2.5955427688574364, 'min_child_samples': 32}. Best is trial 244 with value: 0.2711216274840732.
[I 2025-03-12 10:48:17,889] Trial 470 finished with value: 0.27535456512463297 and parameters: {'learning_rate': 0.015310039863033535, 'depth': 13, 'l2_leaf_reg': 1.778263718496213, 'min_child_samples': 1}. Best is trial 244 with value: 0.2711216274840732.
[I 2025-03-12 10:48:27,574] Trial 471 finished with value: 0.27780138943455257 and parameters: {'learning_rate': 0.015802738013919744, 'depth': 13, 'l2_leaf_reg': 2.4178087085311613, 'min_child_samples': 1}. Best is trial 244 with value: 0.2711216274840732.
[I 2025-03-12 10:48:36,863] Trial 472 finished with value: 0.2740121835743874 and parameters: {'learning_rate': 0.016314451766521684, 'depth': 13, 'l2_leaf_reg': 2.8323881057804137, 'min_child_samples': 16}. Best is trial 244 with value: 0.2711216274840732.
[I 2025-03-12 10:48:53,630] Trial 473 finished with value: 0.2757704340185503 and parameters: {'learning_rate': 0.014845899237764748, 'depth': 14, 'l2_leaf_reg': 2.3781588778089047, 'min_child_samples': 32}. Best is trial 244 with value: 0.2711216274840732.
[I 2025-03-12 10:49:02,352] Trial 474 finished with value: 0.2735241514304116 and parameters: {'learning_rate': 0.01681143062612882, 'depth': 13, 'l2_leaf_reg': 2.4864437880895935, 'min_child_samples': 1}. Best is trial 244 with value: 0.2711216274840732.
[I 2025-03-12 10:49:12,364] Trial 475 finished with value: 0.27559331396178055 and parameters: {'learning_rate': 0.015608247565715296, 'depth': 13, 'l2_leaf_reg': 2.4969677409938864, 'min_child_samples': 1}. Best is trial 244 with value: 0.2711216274840732.
[I 2025-03-12 10:49:18,966] Trial 476 finished with value: 0.28012142051949745 and parameters: {'learning_rate': 0.01619183873020432, 'depth': 12, 'l2_leaf_reg': 2.577127308350838, 'min_child_samples': 1}. Best is trial 244 with value: 0.2711216274840732.
[I 2025-03-12 10:49:24,737] Trial 477 finished with value: 0.280130285569319 and parameters: {'learning_rate': 0.01658683653477395, 'depth': 12, 'l2_leaf_reg': 2.513191015608849, 'min_child_samples': 1}. Best is trial 244 with value: 0.2711216274840732.
[I 2025-03-12 10:49:35,174] Trial 478 finished with value: 0.27534566293736734 and parameters: {'learning_rate': 0.01601054357093894, 'depth': 13, 'l2_leaf_reg': 2.4576926683150218, 'min_child_samples': 1}. Best is trial 244 with value: 0.2711216274840732.
[I 2025-03-12 10:49:49,085] Trial 479 finished with value: 0.2826346800265926 and parameters: {'learning_rate': 0.01691914541135221, 'depth': 14, 'l2_leaf_reg': 0.046067677431041565, 'min_child_samples': 1}. Best is trial 244 with value: 0.2711216274840732.
[I 2025-03-12 10:49:58,392] Trial 480 finished with value: 0.27784909476652325 and parameters: {'learning_rate': 0.01447086430347954, 'depth': 13, 'l2_leaf_reg': 2.6785850890826346, 'min_child_samples': 1}. Best is trial 244 with value: 0.2711216274840732.
[I 2025-03-12 10:50:08,367] Trial 481 finished with value: 0.2760278432599366 and parameters: {'learning_rate': 0.015446717174626222, 'depth': 13, 'l2_leaf_reg': 0.9498999619724652, 'min_child_samples': 1}. Best is trial 244 with value: 0.2711216274840732.
[I 2025-03-12 10:50:22,460] Trial 482 finished with value: 0.27556832396813874 and parameters: {'learning_rate': 0.016501821512889557, 'depth': 14, 'l2_leaf_reg': 2.3195604432350088, 'min_child_samples': 1}. Best is trial 244 with value: 0.2711216274840732.
[I 2025-03-12 10:50:32,715] Trial 483 finished with value: 0.275048329472953 and parameters: {'learning_rate': 0.015139746624703913, 'depth': 13, 'l2_leaf_reg': 2.6189860198357926, 'min_child_samples': 1}. Best is trial 244 with value: 0.2711216274840732.
[I 2025-03-12 10:51:28,765] Trial 484 finished with value: 0.2960677769504545 and parameters: {'learning_rate': 0.015788034471305636, 'depth': 16, 'l2_leaf_reg': 2.484516577548622, 'min_child_samples': 32}. Best is trial 244 with value: 0.2711216274840732.
[I 2025-03-12 10:51:34,331] Trial 485 finished with value: 0.2774538096966774 and parameters: {'learning_rate': 0.01681212236437225, 'depth': 12, 'l2_leaf_reg': 2.4143939879318372, 'min_child_samples': 1}. Best is trial 244 with value: 0.2711216274840732.
[I 2025-03-12 10:51:45,141] Trial 486 finished with value: 0.2768163714373952 and parameters: {'learning_rate': 0.01736691090826959, 'depth': 13, 'l2_leaf_reg': 2.559080985967913, 'min_child_samples': 32}. Best is trial 244 with value: 0.2711216274840732.
[I 2025-03-12 10:51:54,881] Trial 487 finished with value: 0.27200142298017344 and parameters: {'learning_rate': 0.01619545736829885, 'depth': 13, 'l2_leaf_reg': 2.456854773158564, 'min_child_samples': 1}. Best is trial 244 with value: 0.2711216274840732.
[I 2025-03-12 10:52:04,881] Trial 488 finished with value: 0.2738471154721092 and parameters: {'learning_rate': 0.01623346331124281, 'depth': 13, 'l2_leaf_reg': 2.373806615875847, 'min_child_samples': 1}. Best is trial 244 with value: 0.2711216274840732.
[I 2025-03-12 10:52:19,980] Trial 489 finished with value: 0.2771157223379828 and parameters: {'learning_rate': 0.01652995193432247, 'depth': 14, 'l2_leaf_reg': 2.459630908227624, 'min_child_samples': 1}. Best is trial 244 with value: 0.2711216274840732.
[I 2025-03-12 10:52:33,003] Trial 490 finished with value: 0.27491210628991763 and parameters: {'learning_rate': 0.01616396537961852, 'depth': 13, 'l2_leaf_reg': 2.246913057588815, 'min_child_samples': 1}. Best is trial 244 with value: 0.2711216274840732.
[I 2025-03-12 10:52:41,734] Trial 491 finished with value: 0.2767379541516505 and parameters: {'learning_rate': 0.01689378458547612, 'depth': 13, 'l2_leaf_reg': 2.5289019319598385, 'min_child_samples': 1}. Best is trial 244 with value: 0.2711216274840732.
[I 2025-03-12 10:52:48,622] Trial 492 finished with value: 0.2798497355310615 and parameters: {'learning_rate': 0.01584329049850572, 'depth': 12, 'l2_leaf_reg': 2.3464704903187625, 'min_child_samples': 1}. Best is trial 244 with value: 0.2711216274840732.
[I 2025-03-12 10:52:59,747] Trial 493 finished with value: 0.2739832876813783 and parameters: {'learning_rate': 0.016353761879420378, 'depth': 13, 'l2_leaf_reg': 2.437863706989277, 'min_child_samples': 1}. Best is trial 244 with value: 0.2711216274840732.
[I 2025-03-12 10:53:03,102] Trial 494 finished with value: 0.37873971978730514 and parameters: {'learning_rate': 0.016704058841492887, 'depth': 2, 'l2_leaf_reg': 2.4883278384616063, 'min_child_samples': 1}. Best is trial 244 with value: 0.2711216274840732.
[I 2025-03-12 10:53:19,500] Trial 495 finished with value: 0.32147534601327904 and parameters: {'learning_rate': 0.002882436093698853, 'depth': 13, 'l2_leaf_reg': 2.387990072665445, 'min_child_samples': 1}. Best is trial 244 with value: 0.2711216274840732.
[I 2025-03-12 10:53:33,106] Trial 496 finished with value: 0.2807892146033268 and parameters: {'learning_rate': 0.01716433377475104, 'depth': 12, 'l2_leaf_reg': 2.577688623779413, 'min_child_samples': 1}. Best is trial 244 with value: 0.2711216274840732.
[I 2025-03-12 10:53:44,049] Trial 497 finished with value: 0.27626385152112465 and parameters: {'learning_rate': 0.015856949936207818, 'depth': 13, 'l2_leaf_reg': 2.300748932160935, 'min_child_samples': 1}. Best is trial 244 with value: 0.2711216274840732.
[I 2025-03-12 10:54:02,415] Trial 498 finished with value: 0.2780250955965215 and parameters: {'learning_rate': 0.016223533629345005, 'depth': 14, 'l2_leaf_reg': 2.64144033442019, 'min_child_samples': 1}. Best is trial 244 with value: 0.2711216274840732.
[I 2025-03-12 10:54:10,865] Trial 499 finished with value: 0.27778914865796706 and parameters: {'learning_rate': 0.01746455636445403, 'depth': 13, 'l2_leaf_reg': 2.519500529467379, 'min_child_samples': 8}. Best is trial 244 with value: 0.2711216274840732.
2025-03-12 10:54:10,865 - __main__ - INFO - Best RMSE: 0.2711
2025-03-12 10:54:10,866 - __main__ - INFO - Best parameters: {'learning_rate': 0.016206566843031206, 'depth': 13, 'l2_leaf_reg': 2.4241629937371227, 'min_child_samples': 1}
2025-03-12 10:54:10,866 - __main__ - INFO - {'learning_rate': 0.016206566843031206, 'depth': 13, 'l2_leaf_reg': 2.4241629937371227, 'min_child_samples': 1, 'grow_policy': 'SymmetricTree', 'iterations': 1000, 'use_best_model': True, 'eval_metric': 'RMSE', 'loss_function': 'RMSE', 'od_type': 'iter', 'od_wait': 20, 'task_type': 'GPU', 'random_state': 42, 'logging_level': 'Silent'}
2025-03-12 10:54:10,866 - __main__ - INFO - Starting c_delta_y optimization...
2025-03-12 10:54:10,867 - __main__ - INFO - Starting hyperparameter optimization for c_delta_y
[I 2025-03-12 10:54:10,867] A new study created in memory with name: catboost-c_delta_y-seed42
[I 2025-03-12 10:54:41,527] Trial 0 finished with value: 2.03385778307985 and parameters: {'learning_rate': 0.014068074202513577, 'depth': 16, 'l2_leaf_reg': 0.41366251883416105, 'min_child_samples': 32}. Best is trial 0 with value: 2.03385778307985.
[I 2025-03-12 10:54:44,730] Trial 1 finished with value: 2.0150313433940035 and parameters: {'learning_rate': 0.006418305856218426, 'depth': 6, 'l2_leaf_reg': 0.11492529184742872, 'min_child_samples': 1}. Best is trial 1 with value: 2.0150313433940035.
[I 2025-03-12 10:54:46,934] Trial 2 finished with value: 2.0133614190477833 and parameters: {'learning_rate': 0.017397799997726556, 'depth': 5, 'l2_leaf_reg': 2.5334547781682906, 'min_child_samples': 16}. Best is trial 2 with value: 2.0133614190477833.
[I 2025-03-12 10:54:49,881] Trial 3 finished with value: 2.015210514944825 and parameters: {'learning_rate': 0.006443381678281406, 'depth': 5, 'l2_leaf_reg': 1.033832664799472, 'min_child_samples': 8}. Best is trial 2 with value: 2.0133614190477833.
[I 2025-03-12 10:54:52,312] Trial 4 finished with value: 2.0212516008568278 and parameters: {'learning_rate': 0.010935123538711218, 'depth': 4, 'l2_leaf_reg': 1.51731338994898, 'min_child_samples': 4}. Best is trial 2 with value: 2.0133614190477833.
