[I 2025-03-12 11:36:09,587] Trial 347 finished with value: 2.0046113304997712 and parameters: {'learning_rate': 0.017261678211212713, 'depth': 10, 'l2_leaf_reg': 0.04314102141826098, 'min_child_samples': 32}. Best is trial 252 with value: 1.9983286475737927.
[I 2025-03-12 11:36:32,439] Trial 348 finished with value: 2.030526514652034 and parameters: {'learning_rate': 0.01837163695764395, 'depth': 16, 'l2_leaf_reg': 0.1737275333687658, 'min_child_samples': 8}. Best is trial 252 with value: 1.9983286475737927.
[I 2025-03-12 11:36:35,427] Trial 349 finished with value: 2.0101779501620674 and parameters: {'learning_rate': 0.016453520516222963, 'depth': 12, 'l2_leaf_reg': 0.2693716026482373, 'min_child_samples': 32}. Best is trial 252 with value: 1.9983286475737927.
[I 2025-03-12 11:36:38,760] Trial 350 finished with value: 2.0037365915287797 and parameters: {'learning_rate': 0.01694821529612728, 'depth': 11, 'l2_leaf_reg': 0.07155781120641108, 'min_child_samples': 32}. Best is trial 252 with value: 1.9983286475737927.
[I 2025-03-12 11:36:41,550] Trial 351 finished with value: 2.007421142871411 and parameters: {'learning_rate': 0.017866513920637473, 'depth': 11, 'l2_leaf_reg': 0.3698272932176358, 'min_child_samples': 16}. Best is trial 252 with value: 1.9983286475737927.
[I 2025-03-12 11:36:46,545] Trial 352 finished with value: 2.0350009779259635 and parameters: {'learning_rate': 0.0017176968387035262, 'depth': 10, 'l2_leaf_reg': 0.6664336956864392, 'min_child_samples': 32}. Best is trial 252 with value: 1.9983286475737927.
[I 2025-03-12 11:36:48,981] Trial 353 finished with value: 2.0116018312463564 and parameters: {'learning_rate': 0.016214714570968215, 'depth': 9, 'l2_leaf_reg': 0.32556095879207586, 'min_child_samples': 4}. Best is trial 252 with value: 1.9983286475737927.
[I 2025-03-12 11:36:50,496] Trial 354 finished with value: 2.024861476384978 and parameters: {'learning_rate': 0.015532272983855455, 'depth': 4, 'l2_leaf_reg': 0.21608126281328296, 'min_child_samples': 32}. Best is trial 252 with value: 1.9983286475737927.
[I 2025-03-12 11:36:54,979] Trial 355 finished with value: 2.007915029808126 and parameters: {'learning_rate': 0.011179829219838476, 'depth': 12, 'l2_leaf_reg': 0.6063040609738215, 'min_child_samples': 32}. Best is trial 252 with value: 1.9983286475737927.
[I 2025-03-12 11:36:58,214] Trial 356 finished with value: 2.0050017238828426 and parameters: {'learning_rate': 0.016645726195944618, 'depth': 11, 'l2_leaf_reg': 0.41814499904801655, 'min_child_samples': 1}. Best is trial 252 with value: 1.9983286475737927.
[I 2025-03-12 11:37:01,521] Trial 357 finished with value: 2.005253482916868 and parameters: {'learning_rate': 0.01238589521883891, 'depth': 10, 'l2_leaf_reg': 0.47177791619831777, 'min_child_samples': 32}. Best is trial 252 with value: 1.9983286475737927.
[I 2025-03-12 11:37:04,391] Trial 358 finished with value: 2.003656516929561 and parameters: {'learning_rate': 0.01585489287850702, 'depth': 10, 'l2_leaf_reg': 0.7351669700558392, 'min_child_samples': 4}. Best is trial 252 with value: 1.9983286475737927.
[I 2025-03-12 11:37:07,545] Trial 359 finished with value: 2.003597815353795 and parameters: {'learning_rate': 0.017306597783550506, 'depth': 11, 'l2_leaf_reg': 0.5554013396066144, 'min_child_samples': 1}. Best is trial 252 with value: 1.9983286475737927.
[I 2025-03-12 11:37:10,524] Trial 360 finished with value: 2.002796698433491 and parameters: {'learning_rate': 0.016393228775788568, 'depth': 11, 'l2_leaf_reg': 0.674647613901514, 'min_child_samples': 1}. Best is trial 252 with value: 1.9983286475737927.
[I 2025-03-12 11:37:13,642] Trial 361 finished with value: 2.0041537289138094 and parameters: {'learning_rate': 0.01512265596716684, 'depth': 10, 'l2_leaf_reg': 0.01406726177560478, 'min_child_samples': 32}. Best is trial 252 with value: 1.9983286475737927.
[I 2025-03-12 11:37:16,651] Trial 362 finished with value: 2.0061809674102142 and parameters: {'learning_rate': 0.013072241444804117, 'depth': 10, 'l2_leaf_reg': 0.8422475314624006, 'min_child_samples': 1}. Best is trial 252 with value: 1.9983286475737927.
[I 2025-03-12 11:37:18,935] Trial 363 finished with value: 2.0064986064439507 and parameters: {'learning_rate': 0.01690408121704626, 'depth': 9, 'l2_leaf_reg': 0.10600385441095728, 'min_child_samples': 32}. Best is trial 252 with value: 1.9983286475737927.
[I 2025-03-12 11:37:21,865] Trial 364 finished with value: 2.0095287891194786 and parameters: {'learning_rate': 0.01760689381807651, 'depth': 11, 'l2_leaf_reg': 0.39542264767247126, 'min_child_samples': 1}. Best is trial 252 with value: 1.9983286475737927.
[I 2025-03-12 11:37:24,815] Trial 365 finished with value: 2.0034763547172854 and parameters: {'learning_rate': 0.016179492608358194, 'depth': 10, 'l2_leaf_reg': 0.5991150858730395, 'min_child_samples': 1}. Best is trial 252 with value: 1.9983286475737927.
[I 2025-03-12 11:37:27,976] Trial 366 finished with value: 2.007022956504023 and parameters: {'learning_rate': 0.015514452415685224, 'depth': 11, 'l2_leaf_reg': 0.5019724475513235, 'min_child_samples': 32}. Best is trial 252 with value: 1.9983286475737927.
[I 2025-03-12 11:37:30,801] Trial 367 finished with value: 2.002420160765978 and parameters: {'learning_rate': 0.016803594013221693, 'depth': 10, 'l2_leaf_reg': 0.1706137375313635, 'min_child_samples': 8}. Best is trial 252 with value: 1.9983286475737927.
[I 2025-03-12 11:37:34,270] Trial 368 finished with value: 2.000094221806464 and parameters: {'learning_rate': 0.015927484881917888, 'depth': 11, 'l2_leaf_reg': 0.7843918308085867, 'min_child_samples': 4}. Best is trial 252 with value: 1.9983286475737927.
[I 2025-03-12 11:37:37,650] Trial 369 finished with value: 2.010310929071479 and parameters: {'learning_rate': 0.01590704053654053, 'depth': 12, 'l2_leaf_reg': 0.9223572561670271, 'min_child_samples': 4}. Best is trial 252 with value: 1.9983286475737927.
[I 2025-03-12 11:37:40,089] Trial 370 finished with value: 2.015186987731666 and parameters: {'learning_rate': 0.016228976521081604, 'depth': 10, 'l2_leaf_reg': 0.7932668692850094, 'min_child_samples': 32}. Best is trial 252 with value: 1.9983286475737927.
[I 2025-03-12 11:37:43,366] Trial 371 finished with value: 2.0101362579104385 and parameters: {'learning_rate': 0.01563766604120687, 'depth': 11, 'l2_leaf_reg': 0.837583868414427, 'min_child_samples': 4}. Best is trial 252 with value: 1.9983286475737927.
[I 2025-03-12 11:37:46,026] Trial 372 finished with value: 2.006358990259343 and parameters: {'learning_rate': 0.016603512525112173, 'depth': 10, 'l2_leaf_reg': 0.7547751768407194, 'min_child_samples': 4}. Best is trial 252 with value: 1.9983286475737927.
[I 2025-03-12 11:37:48,632] Trial 373 finished with value: 2.00326975160278 and parameters: {'learning_rate': 0.017276440261848755, 'depth': 9, 'l2_leaf_reg': 0.7177243464980609, 'min_child_samples': 4}. Best is trial 252 with value: 1.9983286475737927.
[I 2025-03-12 11:37:52,039] Trial 374 finished with value: 2.0058364548054812 and parameters: {'learning_rate': 0.015871471737961374, 'depth': 11, 'l2_leaf_reg': 0.8926815792649826, 'min_child_samples': 4}. Best is trial 252 with value: 1.9983286475737927.
[I 2025-03-12 11:37:54,775] Trial 375 finished with value: 2.0045048843973423 and parameters: {'learning_rate': 0.01641992238915447, 'depth': 10, 'l2_leaf_reg': 0.668731416305054, 'min_child_samples': 4}. Best is trial 252 with value: 1.9983286475737927.
[I 2025-03-12 11:37:56,789] Trial 376 finished with value: 2.0093611021028717 and parameters: {'learning_rate': 0.016865208230233505, 'depth': 8, 'l2_leaf_reg': 0.7840541685826826, 'min_child_samples': 4}. Best is trial 252 with value: 1.9983286475737927.
[I 2025-03-12 11:38:00,058] Trial 377 finished with value: 2.006201261454985 and parameters: {'learning_rate': 0.018132373973547545, 'depth': 11, 'l2_leaf_reg': 0.6441652520380873, 'min_child_samples': 16}. Best is trial 252 with value: 1.9983286475737927.
[I 2025-03-12 11:38:02,246] Trial 378 finished with value: 2.00706380382838 and parameters: {'learning_rate': 0.0188681955461311, 'depth': 9, 'l2_leaf_reg': 0.2721930806942592, 'min_child_samples': 32}. Best is trial 252 with value: 1.9983286475737927.
[I 2025-03-12 11:38:05,075] Trial 379 finished with value: 2.011498138575535 and parameters: {'learning_rate': 0.015404185750788136, 'depth': 10, 'l2_leaf_reg': 1.813744643208506, 'min_child_samples': 32}. Best is trial 252 with value: 1.9983286475737927.
[I 2025-03-12 11:38:08,202] Trial 380 finished with value: 2.002745175283899 and parameters: {'learning_rate': 0.016095392866746057, 'depth': 11, 'l2_leaf_reg': 0.7105377216677407, 'min_child_samples': 4}. Best is trial 252 with value: 1.9983286475737927.
[I 2025-03-12 11:38:11,011] Trial 381 finished with value: 2.0035851980493478 and parameters: {'learning_rate': 0.016590978837291513, 'depth': 10, 'l2_leaf_reg': 1.247897773530037, 'min_child_samples': 32}. Best is trial 252 with value: 1.9983286475737927.
[I 2025-03-12 11:38:15,080] Trial 382 finished with value: 2.005469976646846 and parameters: {'learning_rate': 0.01709548288941017, 'depth': 12, 'l2_leaf_reg': 1.6611625590577699, 'min_child_samples': 1}. Best is trial 252 with value: 1.9983286475737927.
[I 2025-03-12 11:38:17,615] Trial 383 finished with value: 2.0051569971942462 and parameters: {'learning_rate': 0.017683263967548633, 'depth': 10, 'l2_leaf_reg': 0.23638422004129242, 'min_child_samples': 32}. Best is trial 252 with value: 1.9983286475737927.
[I 2025-03-12 11:38:21,530] Trial 384 finished with value: 2.006810649513156 and parameters: {'learning_rate': 0.011740721944641576, 'depth': 11, 'l2_leaf_reg': 0.6285635114463174, 'min_child_samples': 1}. Best is trial 252 with value: 1.9983286475737927.
[I 2025-03-12 11:38:24,450] Trial 385 finished with value: 2.0056562175575676 and parameters: {'learning_rate': 0.016116272671249203, 'depth': 10, 'l2_leaf_reg': 0.5739705950486298, 'min_child_samples': 4}. Best is trial 252 with value: 1.9983286475737927.
[I 2025-03-12 11:38:28,463] Trial 386 finished with value: 2.00270685629206 and parameters: {'learning_rate': 0.010024519029433169, 'depth': 11, 'l2_leaf_reg': 0.33047753178960304, 'min_child_samples': 32}. Best is trial 252 with value: 1.9983286475737927.
[I 2025-03-12 11:38:31,189] Trial 387 finished with value: 2.004761646836137 and parameters: {'learning_rate': 0.015613745947966683, 'depth': 9, 'l2_leaf_reg': 0.7965022752205891, 'min_child_samples': 1}. Best is trial 252 with value: 1.9983286475737927.
[I 2025-03-12 11:38:33,714] Trial 388 finished with value: 2.005254199641108 and parameters: {'learning_rate': 0.017108605220629975, 'depth': 10, 'l2_leaf_reg': 0.0867762709080661, 'min_child_samples': 1}. Best is trial 252 with value: 1.9983286475737927.
[I 2025-03-12 11:38:37,059] Trial 389 finished with value: 2.0050787234509957 and parameters: {'learning_rate': 0.015145437885599935, 'depth': 11, 'l2_leaf_reg': 1.000502151832035, 'min_child_samples': 32}. Best is trial 252 with value: 1.9983286475737927.
[I 2025-03-12 11:38:39,848] Trial 390 finished with value: 2.0067947152584935 and parameters: {'learning_rate': 0.016589326802021086, 'depth': 10, 'l2_leaf_reg': 2.4821662767967307, 'min_child_samples': 1}. Best is trial 252 with value: 1.9983286475737927.
[I 2025-03-12 11:38:42,774] Trial 391 finished with value: 1.9997721596656928 and parameters: {'learning_rate': 0.016269922706670863, 'depth': 11, 'l2_leaf_reg': 0.6871590467155344, 'min_child_samples': 32}. Best is trial 252 with value: 1.9983286475737927.
[I 2025-03-12 11:38:46,336] Trial 392 finished with value: 2.0113005171996385 and parameters: {'learning_rate': 0.01587826887999745, 'depth': 12, 'l2_leaf_reg': 0.7433406253973247, 'min_child_samples': 32}. Best is trial 252 with value: 1.9983286475737927.
[I 2025-03-12 11:38:49,364] Trial 393 finished with value: 2.002606525731665 and parameters: {'learning_rate': 0.016304447333455405, 'depth': 11, 'l2_leaf_reg': 0.6951239205689544, 'min_child_samples': 32}. Best is trial 252 with value: 1.9983286475737927.
[I 2025-03-12 11:38:52,927] Trial 394 finished with value: 1.9969808813024985 and parameters: {'learning_rate': 0.01748674570934951, 'depth': 11, 'l2_leaf_reg': 0.8531082570696489, 'min_child_samples': 32}. Best is trial 394 with value: 1.9969808813024985.
[I 2025-03-12 11:38:55,149] Trial 395 finished with value: 2.008179028336214 and parameters: {'learning_rate': 0.017970045570415847, 'depth': 7, 'l2_leaf_reg': 0.7998944222564253, 'min_child_samples': 32}. Best is trial 394 with value: 1.9969808813024985.
[I 2025-03-12 11:39:09,032] Trial 396 finished with value: 2.0289422509418986 and parameters: {'learning_rate': 0.01747337935585822, 'depth': 15, 'l2_leaf_reg': 0.876102305054972, 'min_child_samples': 32}. Best is trial 394 with value: 1.9969808813024985.
[I 2025-03-12 11:39:11,713] Trial 397 finished with value: 2.00157121182885 and parameters: {'learning_rate': 0.017438764326244832, 'depth': 11, 'l2_leaf_reg': 0.749874512970826, 'min_child_samples': 32}. Best is trial 394 with value: 1.9969808813024985.
[I 2025-03-12 11:39:14,854] Trial 398 finished with value: 2.0043895963453435 and parameters: {'learning_rate': 0.018319365641887884, 'depth': 11, 'l2_leaf_reg': 2.9129045782243357, 'min_child_samples': 32}. Best is trial 394 with value: 1.9969808813024985.
[I 2025-03-12 11:39:18,022] Trial 399 finished with value: 2.007100018178377 and parameters: {'learning_rate': 0.01792775819598533, 'depth': 11, 'l2_leaf_reg': 0.843601228473168, 'min_child_samples': 32}. Best is trial 394 with value: 1.9969808813024985.
[I 2025-03-12 11:39:22,005] Trial 400 finished with value: 2.0040234219629656 and parameters: {'learning_rate': 0.016935467110859807, 'depth': 12, 'l2_leaf_reg': 1.0641971494479492, 'min_child_samples': 4}. Best is trial 394 with value: 1.9969808813024985.
[I 2025-03-12 11:39:26,072] Trial 401 finished with value: 2.0140598424162826 and parameters: {'learning_rate': 0.012779326688860518, 'depth': 12, 'l2_leaf_reg': 0.7187204791408528, 'min_child_samples': 8}. Best is trial 394 with value: 1.9969808813024985.
[I 2025-03-12 11:39:29,320] Trial 402 finished with value: 2.005422037011026 and parameters: {'learning_rate': 0.01215820928365458, 'depth': 11, 'l2_leaf_reg': 0.7858755981007937, 'min_child_samples': 32}. Best is trial 394 with value: 1.9969808813024985.
[I 2025-03-12 11:39:32,202] Trial 403 finished with value: 2.003172686220137 and parameters: {'learning_rate': 0.017246735936897562, 'depth': 10, 'l2_leaf_reg': 0.16278473198842283, 'min_child_samples': 32}. Best is trial 394 with value: 1.9969808813024985.
[I 2025-03-12 11:39:34,991] Trial 404 finished with value: 2.0025103427907602 and parameters: {'learning_rate': 0.01941020775575618, 'depth': 11, 'l2_leaf_reg': 0.6752585930442482, 'min_child_samples': 16}. Best is trial 394 with value: 1.9969808813024985.
[I 2025-03-12 11:39:38,699] Trial 405 finished with value: 2.005097708374895 and parameters: {'learning_rate': 0.010528013076637836, 'depth': 11, 'l2_leaf_reg': 0.9440588171961788, 'min_child_samples': 4}. Best is trial 394 with value: 1.9969808813024985.
[I 2025-03-12 11:39:41,426] Trial 406 finished with value: 2.0077655845582814 and parameters: {'learning_rate': 0.01498416551844572, 'depth': 10, 'l2_leaf_reg': 0.8699311484471451, 'min_child_samples': 32}. Best is trial 394 with value: 1.9969808813024985.
[I 2025-03-12 11:39:45,054] Trial 407 finished with value: 2.003310061846477 and parameters: {'learning_rate': 0.015719086744438338, 'depth': 11, 'l2_leaf_reg': 0.702244262160521, 'min_child_samples': 32}. Best is trial 394 with value: 1.9969808813024985.
[I 2025-03-12 11:39:49,663] Trial 408 finished with value: 2.0137560984655916 and parameters: {'learning_rate': 0.016295233806078623, 'depth': 13, 'l2_leaf_reg': 1.6897875378723688, 'min_child_samples': 32}. Best is trial 394 with value: 1.9969808813024985.
[I 2025-03-12 11:39:52,798] Trial 409 finished with value: 2.002359985703455 and parameters: {'learning_rate': 0.016753908945788716, 'depth': 10, 'l2_leaf_reg': 0.23509118069442386, 'min_child_samples': 1}. Best is trial 394 with value: 1.9969808813024985.
[I 2025-03-12 11:39:55,241] Trial 410 finished with value: 2.0047816319301717 and parameters: {'learning_rate': 0.018588998735307286, 'depth': 10, 'l2_leaf_reg': 0.0018196204036921154, 'min_child_samples': 4}. Best is trial 394 with value: 1.9969808813024985.
[I 2025-03-12 11:39:59,782] Trial 411 finished with value: 2.0029777267388886 and parameters: {'learning_rate': 0.0044543546344550525, 'depth': 9, 'l2_leaf_reg': 0.8403455470276997, 'min_child_samples': 1}. Best is trial 394 with value: 1.9969808813024985.
[I 2025-03-12 11:40:02,759] Trial 412 finished with value: 2.0152065063122286 and parameters: {'learning_rate': 0.01541186556948597, 'depth': 11, 'l2_leaf_reg': 0.6548527343534145, 'min_child_samples': 32}. Best is trial 394 with value: 1.9969808813024985.
[I 2025-03-12 11:40:06,455] Trial 413 finished with value: 2.0117208668924773 and parameters: {'learning_rate': 0.016020194539572014, 'depth': 12, 'l2_leaf_reg': 1.7821119531250018, 'min_child_samples': 1}. Best is trial 394 with value: 1.9969808813024985.
[I 2025-03-12 11:40:09,751] Trial 414 finished with value: 2.0017321586754004 and parameters: {'learning_rate': 0.016463995236324913, 'depth': 11, 'l2_leaf_reg': 1.6089764607942596, 'min_child_samples': 32}. Best is trial 394 with value: 1.9969808813024985.
[I 2025-03-12 11:40:12,475] Trial 415 finished with value: 2.0048402734070367 and parameters: {'learning_rate': 0.017640893529131736, 'depth': 10, 'l2_leaf_reg': 0.30821608095939207, 'min_child_samples': 1}. Best is trial 394 with value: 1.9969808813024985.
[I 2025-03-12 11:40:15,125] Trial 416 finished with value: 2.005363849844426 and parameters: {'learning_rate': 0.017198483960591822, 'depth': 10, 'l2_leaf_reg': 0.3967706054095459, 'min_child_samples': 32}. Best is trial 394 with value: 1.9969808813024985.
[I 2025-03-12 11:40:17,926] Trial 417 finished with value: 2.0072784962535897 and parameters: {'learning_rate': 0.01696614775079294, 'depth': 11, 'l2_leaf_reg': 0.7306281624712279, 'min_child_samples': 4}. Best is trial 394 with value: 1.9969808813024985.
[I 2025-03-12 11:40:22,069] Trial 418 finished with value: 2.0073786248296446 and parameters: {'learning_rate': 0.006876951142724885, 'depth': 10, 'l2_leaf_reg': 1.8642093979945242, 'min_child_samples': 1}. Best is trial 394 with value: 1.9969808813024985.
[I 2025-03-12 11:40:24,886] Trial 419 finished with value: 2.007837244335917 and parameters: {'learning_rate': 0.015926818443090757, 'depth': 9, 'l2_leaf_reg': 0.782397916495317, 'min_child_samples': 32}. Best is trial 394 with value: 1.9969808813024985.
[I 2025-03-12 11:40:27,679] Trial 420 finished with value: 2.008066006876363 and parameters: {'learning_rate': 0.016559623463585006, 'depth': 11, 'l2_leaf_reg': 0.6277107558788484, 'min_child_samples': 1}. Best is trial 394 with value: 1.9969808813024985.
[I 2025-03-12 11:40:30,654] Trial 421 finished with value: 2.0034002788800915 and parameters: {'learning_rate': 0.017872300790811653, 'depth': 10, 'l2_leaf_reg': 0.365538538607738, 'min_child_samples': 1}. Best is trial 394 with value: 1.9969808813024985.
[I 2025-03-12 11:40:33,839] Trial 422 finished with value: 2.008299595962341 and parameters: {'learning_rate': 0.013041684861575234, 'depth': 11, 'l2_leaf_reg': 0.2073462497162503, 'min_child_samples': 32}. Best is trial 394 with value: 1.9969808813024985.
[I 2025-03-12 11:40:36,922] Trial 423 finished with value: 2.001571515634121 and parameters: {'learning_rate': 0.015290947516774534, 'depth': 10, 'l2_leaf_reg': 0.5715757199188818, 'min_child_samples': 8}. Best is trial 394 with value: 1.9969808813024985.
[I 2025-03-12 11:40:40,462] Trial 424 finished with value: 2.0140139813801134 and parameters: {'learning_rate': 0.01620816073174254, 'depth': 12, 'l2_leaf_reg': 0.1399796289762144, 'min_child_samples': 1}. Best is trial 394 with value: 1.9969808813024985.
[I 2025-03-12 11:40:43,275] Trial 425 finished with value: 2.005506929402059 and parameters: {'learning_rate': 0.017411821884072646, 'depth': 11, 'l2_leaf_reg': 0.7595047975863057, 'min_child_samples': 4}. Best is trial 394 with value: 1.9969808813024985.
[I 2025-03-12 11:40:46,356] Trial 426 finished with value: 2.0041782027002997 and parameters: {'learning_rate': 0.016855785825708507, 'depth': 10, 'l2_leaf_reg': 1.5459235567716587, 'min_child_samples': 32}. Best is trial 394 with value: 1.9969808813024985.
[I 2025-03-12 11:40:49,859] Trial 427 finished with value: 2.0033776333636384 and parameters: {'learning_rate': 0.012566481923646115, 'depth': 11, 'l2_leaf_reg': 0.6795914831514773, 'min_child_samples': 16}. Best is trial 394 with value: 1.9969808813024985.
[I 2025-03-12 11:40:56,779] Trial 428 finished with value: 2.0233599289764053 and parameters: {'learning_rate': 0.01826741174518691, 'depth': 14, 'l2_leaf_reg': 0.44303653700033485, 'min_child_samples': 1}. Best is trial 394 with value: 1.9969808813024985.
[I 2025-03-12 11:40:59,796] Trial 429 finished with value: 2.006178894193657 and parameters: {'learning_rate': 0.015592311279491435, 'depth': 10, 'l2_leaf_reg': 0.6108551038388104, 'min_child_samples': 32}. Best is trial 394 with value: 1.9969808813024985.
[I 2025-03-12 11:41:02,428] Trial 430 finished with value: 2.0071188119701184 and parameters: {'learning_rate': 0.016424935340875427, 'depth': 9, 'l2_leaf_reg': 1.3248636319990659, 'min_child_samples': 1}. Best is trial 394 with value: 1.9969808813024985.
[I 2025-03-12 11:41:05,601] Trial 431 finished with value: 2.0028461879722816 and parameters: {'learning_rate': 0.013389404853336038, 'depth': 10, 'l2_leaf_reg': 0.31344385437253286, 'min_child_samples': 32}. Best is trial 394 with value: 1.9969808813024985.
