[I 2025-03-12 17:17:56,102] Trial 276 finished with value: 0.2813894768463373 and parameters: {'learning_rate': 0.016903444059780136, 'depth': 12, 'l2_leaf_reg': 1.3019854983994943, 'min_child_samples': 16}. Best is trial 215 with value: 0.27072508542975626.
[I 2025-03-12 17:17:58,604] Trial 277 finished with value: 0.3006166210938197 and parameters: {'learning_rate': 0.015355366081997597, 'depth': 7, 'l2_leaf_reg': 1.1698205329258085, 'min_child_samples': 16}. Best is trial 215 with value: 0.27072508542975626.
[I 2025-03-12 17:18:06,190] Trial 278 finished with value: 0.27671339099746645 and parameters: {'learning_rate': 0.014534466072235748, 'depth': 13, 'l2_leaf_reg': 0.6194518319097979, 'min_child_samples': 16}. Best is trial 215 with value: 0.27072508542975626.
[I 2025-03-12 17:18:12,127] Trial 279 finished with value: 0.2810484036140325 and parameters: {'learning_rate': 0.013603268090670535, 'depth': 12, 'l2_leaf_reg': 1.5644975991831134, 'min_child_samples': 16}. Best is trial 215 with value: 0.27072508542975626.
[I 2025-03-12 17:18:19,355] Trial 280 finished with value: 0.2779739706157905 and parameters: {'learning_rate': 0.015818859806600135, 'depth': 13, 'l2_leaf_reg': 0.4222119445471706, 'min_child_samples': 8}. Best is trial 215 with value: 0.27072508542975626.
[I 2025-03-12 17:18:27,528] Trial 281 finished with value: 0.27543442699051285 and parameters: {'learning_rate': 0.014938335478988167, 'depth': 13, 'l2_leaf_reg': 0.5630909457406881, 'min_child_samples': 16}. Best is trial 215 with value: 0.27072508542975626.
[I 2025-03-12 17:18:43,094] Trial 282 finished with value: 0.27769587239426385 and parameters: {'learning_rate': 0.014147121751039538, 'depth': 14, 'l2_leaf_reg': 1.423720182513169, 'min_child_samples': 16}. Best is trial 215 with value: 0.27072508542975626.
[I 2025-03-12 17:18:51,569] Trial 283 finished with value: 0.27499381237873566 and parameters: {'learning_rate': 0.015287159979276982, 'depth': 13, 'l2_leaf_reg': 0.3941238135867596, 'min_child_samples': 1}. Best is trial 215 with value: 0.27072508542975626.
[I 2025-03-12 17:18:59,075] Trial 284 finished with value: 0.275398199456097 and parameters: {'learning_rate': 0.01468616899214827, 'depth': 13, 'l2_leaf_reg': 2.0990676521673, 'min_child_samples': 16}. Best is trial 215 with value: 0.27072508542975626.
[I 2025-03-12 17:19:06,862] Trial 285 finished with value: 0.27668778373207353 and parameters: {'learning_rate': 0.01637597715929098, 'depth': 13, 'l2_leaf_reg': 0.48714019613786824, 'min_child_samples': 16}. Best is trial 215 with value: 0.27072508542975626.
[I 2025-03-12 17:19:12,259] Trial 286 finished with value: 0.27892686421541835 and parameters: {'learning_rate': 0.015681796147086764, 'depth': 12, 'l2_leaf_reg': 0.8318403707953445, 'min_child_samples': 16}. Best is trial 215 with value: 0.27072508542975626.
[I 2025-03-12 17:19:28,075] Trial 287 finished with value: 0.27707235605105346 and parameters: {'learning_rate': 0.012793820607378532, 'depth': 14, 'l2_leaf_reg': 0.3085617191650831, 'min_child_samples': 16}. Best is trial 215 with value: 0.27072508542975626.
[I 2025-03-12 17:19:35,378] Trial 288 finished with value: 0.27749582078611684 and parameters: {'learning_rate': 0.014418528159795775, 'depth': 13, 'l2_leaf_reg': 0.683728334754663, 'min_child_samples': 16}. Best is trial 215 with value: 0.27072508542975626.
[I 2025-03-12 17:19:41,333] Trial 289 finished with value: 0.27836001609706745 and parameters: {'learning_rate': 0.01210267820316266, 'depth': 12, 'l2_leaf_reg': 1.0351483516145448, 'min_child_samples': 16}. Best is trial 215 with value: 0.27072508542975626.
[I 2025-03-12 17:19:49,553] Trial 290 finished with value: 0.2755113256176455 and parameters: {'learning_rate': 0.015146161579644659, 'depth': 13, 'l2_leaf_reg': 0.1538387510249844, 'min_child_samples': 16}. Best is trial 215 with value: 0.27072508542975626.
[I 2025-03-12 17:19:58,958] Trial 291 finished with value: 0.2754389324421213 and parameters: {'learning_rate': 0.013787294043709082, 'depth': 13, 'l2_leaf_reg': 0.4505557948610228, 'min_child_samples': 8}. Best is trial 215 with value: 0.27072508542975626.
[I 2025-03-12 17:20:08,025] Trial 292 finished with value: 0.2762476281104465 and parameters: {'learning_rate': 0.014769877249199238, 'depth': 13, 'l2_leaf_reg': 0.3766280212586692, 'min_child_samples': 16}. Best is trial 215 with value: 0.27072508542975626.
[I 2025-03-12 17:20:23,736] Trial 293 finished with value: 0.27631577582154754 and parameters: {'learning_rate': 0.01325510740455707, 'depth': 14, 'l2_leaf_reg': 2.190570717169683, 'min_child_samples': 4}. Best is trial 215 with value: 0.27072508542975626.
[I 2025-03-12 17:20:32,182] Trial 294 finished with value: 0.2738764389418696 and parameters: {'learning_rate': 0.016012909937289994, 'depth': 13, 'l2_leaf_reg': 0.5230606354890838, 'min_child_samples': 16}. Best is trial 215 with value: 0.27072508542975626.
[I 2025-03-12 17:20:39,901] Trial 295 finished with value: 0.27579953847326333 and parameters: {'learning_rate': 0.016632722644971065, 'depth': 13, 'l2_leaf_reg': 0.6037182506724912, 'min_child_samples': 16}. Best is trial 215 with value: 0.27072508542975626.
[I 2025-03-12 17:20:47,617] Trial 296 finished with value: 0.2760521151098797 and parameters: {'learning_rate': 0.016020802921865928, 'depth': 13, 'l2_leaf_reg': 0.5221442254015807, 'min_child_samples': 16}. Best is trial 215 with value: 0.27072508542975626.
[I 2025-03-12 17:20:55,119] Trial 297 finished with value: 0.27592070661045415 and parameters: {'learning_rate': 0.017146489945724968, 'depth': 13, 'l2_leaf_reg': 0.5594485751147251, 'min_child_samples': 16}. Best is trial 215 with value: 0.27072508542975626.
[I 2025-03-12 17:21:01,089] Trial 298 finished with value: 0.2840826564139326 and parameters: {'learning_rate': 0.007124540226233924, 'depth': 12, 'l2_leaf_reg': 1.7078122336148431, 'min_child_samples': 16}. Best is trial 215 with value: 0.27072508542975626.
[I 2025-03-12 17:21:16,553] Trial 299 finished with value: 0.2776022735470758 and parameters: {'learning_rate': 0.01553936141150094, 'depth': 14, 'l2_leaf_reg': 0.705709256297492, 'min_child_samples': 16}. Best is trial 215 with value: 0.27072508542975626.
[I 2025-03-12 17:21:24,870] Trial 300 finished with value: 0.2753199713541024 and parameters: {'learning_rate': 0.01614781517770718, 'depth': 13, 'l2_leaf_reg': 0.47545219902115754, 'min_child_samples': 16}. Best is trial 215 with value: 0.27072508542975626.
[I 2025-03-12 17:21:40,799] Trial 301 finished with value: 0.27725005991703644 and parameters: {'learning_rate': 0.015250689823203031, 'depth': 14, 'l2_leaf_reg': 0.5104002919204136, 'min_child_samples': 16}. Best is trial 215 with value: 0.27072508542975626.
[I 2025-03-12 17:21:48,781] Trial 302 finished with value: 0.2747353975462982 and parameters: {'learning_rate': 0.015725059647411246, 'depth': 13, 'l2_leaf_reg': 0.585968312967048, 'min_child_samples': 32}. Best is trial 215 with value: 0.27072508542975626.
[I 2025-03-12 17:21:50,489] Trial 303 finished with value: 0.3243127408915255 and parameters: {'learning_rate': 0.01643678570350246, 'depth': 5, 'l2_leaf_reg': 0.765293096780744, 'min_child_samples': 16}. Best is trial 215 with value: 0.27072508542975626.
[I 2025-03-12 17:21:58,190] Trial 304 finished with value: 0.2768300552539429 and parameters: {'learning_rate': 0.014935226123759707, 'depth': 13, 'l2_leaf_reg': 0.6414367801441503, 'min_child_samples': 1}. Best is trial 215 with value: 0.27072508542975626.
[I 2025-03-12 17:22:03,619] Trial 305 finished with value: 0.27950886335957137 and parameters: {'learning_rate': 0.014407084799219818, 'depth': 12, 'l2_leaf_reg': 2.0567967821450797, 'min_child_samples': 8}. Best is trial 215 with value: 0.27072508542975626.
[I 2025-03-12 17:22:11,038] Trial 306 finished with value: 0.2765412559206288 and parameters: {'learning_rate': 0.017414433847242113, 'depth': 13, 'l2_leaf_reg': 0.42140457077078575, 'min_child_samples': 16}. Best is trial 215 with value: 0.27072508542975626.
[I 2025-03-12 17:22:16,695] Trial 307 finished with value: 0.28050356053072023 and parameters: {'learning_rate': 0.015474060344504343, 'depth': 12, 'l2_leaf_reg': 0.5262555355568055, 'min_child_samples': 32}. Best is trial 215 with value: 0.27072508542975626.
[I 2025-03-12 17:22:24,165] Trial 308 finished with value: 0.27467323815848194 and parameters: {'learning_rate': 0.016006315689995002, 'depth': 13, 'l2_leaf_reg': 0.4523625012282657, 'min_child_samples': 16}. Best is trial 215 with value: 0.27072508542975626.
[I 2025-03-12 17:22:39,746] Trial 309 finished with value: 0.27935402622229155 and parameters: {'learning_rate': 0.014749580630724346, 'depth': 14, 'l2_leaf_reg': 0.3707014825341136, 'min_child_samples': 16}. Best is trial 215 with value: 0.27072508542975626.
[I 2025-03-12 17:22:41,166] Trial 310 finished with value: 0.3357701139566039 and parameters: {'learning_rate': 0.014145278894542753, 'depth': 4, 'l2_leaf_reg': 2.1415890811665337, 'min_child_samples': 16}. Best is trial 215 with value: 0.27072508542975626.
[I 2025-03-12 17:22:49,822] Trial 311 finished with value: 0.2736199113110518 and parameters: {'learning_rate': 0.015167395694064743, 'depth': 13, 'l2_leaf_reg': 0.08982664020806963, 'min_child_samples': 32}. Best is trial 215 with value: 0.27072508542975626.
[I 2025-03-12 17:22:57,544] Trial 312 finished with value: 0.27213781363380096 and parameters: {'learning_rate': 0.015538004106088455, 'depth': 13, 'l2_leaf_reg': 0.07219367131924512, 'min_child_samples': 16}. Best is trial 215 with value: 0.27072508542975626.
[I 2025-03-12 17:23:10,199] Trial 313 finished with value: 0.27874831186818744 and parameters: {'learning_rate': 0.015665315636338148, 'depth': 14, 'l2_leaf_reg': 0.18868906833648263, 'min_child_samples': 16}. Best is trial 215 with value: 0.27072508542975626.
[I 2025-03-12 17:23:14,929] Trial 314 finished with value: 0.28277747498386613 and parameters: {'learning_rate': 0.016813924972750246, 'depth': 12, 'l2_leaf_reg': 0.256806980261579, 'min_child_samples': 16}. Best is trial 215 with value: 0.27072508542975626.
[I 2025-03-12 17:23:18,348] Trial 315 finished with value: 0.28519359677575873 and parameters: {'learning_rate': 0.015213778883398905, 'depth': 10, 'l2_leaf_reg': 0.03765985459583642, 'min_child_samples': 32}. Best is trial 215 with value: 0.27072508542975626.
[I 2025-03-12 17:23:26,678] Trial 316 finished with value: 0.27527142052718323 and parameters: {'learning_rate': 0.015739152158813784, 'depth': 13, 'l2_leaf_reg': 0.07793242837852406, 'min_child_samples': 16}. Best is trial 215 with value: 0.27072508542975626.
[I 2025-03-12 17:23:34,637] Trial 317 finished with value: 0.27406814879465147 and parameters: {'learning_rate': 0.016036943199415905, 'depth': 13, 'l2_leaf_reg': 0.11357499726573152, 'min_child_samples': 16}. Best is trial 215 with value: 0.27072508542975626.
[I 2025-03-12 17:23:42,394] Trial 318 finished with value: 0.2744928457203761 and parameters: {'learning_rate': 0.01636169618373178, 'depth': 13, 'l2_leaf_reg': 0.054996959112985265, 'min_child_samples': 4}. Best is trial 215 with value: 0.27072508542975626.
[I 2025-03-12 17:23:51,823] Trial 319 finished with value: 0.2723965954220005 and parameters: {'learning_rate': 0.015314108120479808, 'depth': 13, 'l2_leaf_reg': 0.05833028611820585, 'min_child_samples': 16}. Best is trial 215 with value: 0.27072508542975626.
[I 2025-03-12 17:24:06,498] Trial 320 finished with value: 0.27638227535625454 and parameters: {'learning_rate': 0.015143637477908718, 'depth': 14, 'l2_leaf_reg': 0.09343639982735481, 'min_child_samples': 16}. Best is trial 215 with value: 0.27072508542975626.
[I 2025-03-12 17:24:15,610] Trial 321 finished with value: 0.2754655779956833 and parameters: {'learning_rate': 0.015468651091204308, 'depth': 13, 'l2_leaf_reg': 0.018504044101217157, 'min_child_samples': 16}. Best is trial 215 with value: 0.27072508542975626.
[I 2025-03-12 17:24:20,354] Trial 322 finished with value: 0.28110929131356766 and parameters: {'learning_rate': 0.015903087802045454, 'depth': 12, 'l2_leaf_reg': 0.14967237968153252, 'min_child_samples': 16}. Best is trial 215 with value: 0.27072508542975626.
[I 2025-03-12 17:24:29,756] Trial 323 finished with value: 0.2742101462852809 and parameters: {'learning_rate': 0.014886482775865809, 'depth': 13, 'l2_leaf_reg': 0.002595802519386764, 'min_child_samples': 16}. Best is trial 215 with value: 0.27072508542975626.
[I 2025-03-12 17:24:38,868] Trial 324 finished with value: 0.2744852652231707 and parameters: {'learning_rate': 0.016451032522799048, 'depth': 13, 'l2_leaf_reg': 0.09239525288847256, 'min_child_samples': 16}. Best is trial 215 with value: 0.27072508542975626.
[I 2025-03-12 17:24:53,822] Trial 325 finished with value: 0.277053430208385 and parameters: {'learning_rate': 0.015272869028178147, 'depth': 14, 'l2_leaf_reg': 0.10697861021266408, 'min_child_samples': 16}. Best is trial 215 with value: 0.27072508542975626.
[I 2025-03-12 17:25:00,997] Trial 326 finished with value: 0.2763941401378659 and parameters: {'learning_rate': 0.015580718397010062, 'depth': 13, 'l2_leaf_reg': 0.13465223358322004, 'min_child_samples': 8}. Best is trial 215 with value: 0.27072508542975626.
[I 2025-03-12 17:25:07,035] Trial 327 finished with value: 0.2792283428840351 and parameters: {'learning_rate': 0.014646817830699982, 'depth': 12, 'l2_leaf_reg': 0.921186910571605, 'min_child_samples': 16}. Best is trial 215 with value: 0.27072508542975626.
[I 2025-03-12 17:25:16,217] Trial 328 finished with value: 0.27083720666463146 and parameters: {'learning_rate': 0.016009111847862502, 'depth': 13, 'l2_leaf_reg': 0.182059183521728, 'min_child_samples': 16}. Best is trial 215 with value: 0.27072508542975626.
[I 2025-03-12 17:25:24,695] Trial 329 finished with value: 0.2747825318632517 and parameters: {'learning_rate': 0.014962560823550013, 'depth': 13, 'l2_leaf_reg': 0.1753539475628549, 'min_child_samples': 16}. Best is trial 215 with value: 0.27072508542975626.
[I 2025-03-12 17:25:38,899] Trial 330 finished with value: 0.2766555667567176 and parameters: {'learning_rate': 0.016808026141278794, 'depth': 14, 'l2_leaf_reg': 0.10255118427046812, 'min_child_samples': 16}. Best is trial 215 with value: 0.27072508542975626.
[I 2025-03-12 17:25:44,164] Trial 331 finished with value: 0.2801347225106534 and parameters: {'learning_rate': 0.015451999507194263, 'depth': 12, 'l2_leaf_reg': 0.20698569888474275, 'min_child_samples': 16}. Best is trial 215 with value: 0.27072508542975626.
[I 2025-03-12 17:25:52,057] Trial 332 finished with value: 0.2760642223779345 and parameters: {'learning_rate': 0.014893995914049045, 'depth': 13, 'l2_leaf_reg': 2.236706811424105, 'min_child_samples': 16}. Best is trial 215 with value: 0.27072508542975626.
[I 2025-03-12 17:25:57,261] Trial 333 finished with value: 0.27941045418016774 and parameters: {'learning_rate': 0.016132403330288526, 'depth': 12, 'l2_leaf_reg': 0.17780316638068133, 'min_child_samples': 16}. Best is trial 215 with value: 0.27072508542975626.
[I 2025-03-12 17:26:05,153] Trial 334 finished with value: 0.27696092698561076 and parameters: {'learning_rate': 0.014621669078091844, 'depth': 13, 'l2_leaf_reg': 0.05918182409103161, 'min_child_samples': 16}. Best is trial 215 with value: 0.27072508542975626.
[I 2025-03-12 17:26:12,932] Trial 335 finished with value: 0.27582432497101195 and parameters: {'learning_rate': 0.01570810465680831, 'depth': 13, 'l2_leaf_reg': 1.9190760210684823, 'min_child_samples': 16}. Best is trial 215 with value: 0.27072508542975626.
[I 2025-03-12 17:26:28,324] Trial 336 finished with value: 0.27711146405409603 and parameters: {'learning_rate': 0.014150478969965841, 'depth': 14, 'l2_leaf_reg': 1.7996942270201217, 'min_child_samples': 8}. Best is trial 215 with value: 0.27072508542975626.
[I 2025-03-12 17:26:37,422] Trial 337 finished with value: 0.2736420789489814 and parameters: {'learning_rate': 0.01526791114355993, 'depth': 13, 'l2_leaf_reg': 0.22596866836800245, 'min_child_samples': 1}. Best is trial 215 with value: 0.27072508542975626.
[I 2025-03-12 17:26:45,496] Trial 338 finished with value: 0.27574599257750404 and parameters: {'learning_rate': 0.015115225215648865, 'depth': 13, 'l2_leaf_reg': 0.23773836432092402, 'min_child_samples': 1}. Best is trial 215 with value: 0.27072508542975626.
[I 2025-03-12 17:26:53,111] Trial 339 finished with value: 0.2769367551099419 and parameters: {'learning_rate': 0.01531707030374732, 'depth': 13, 'l2_leaf_reg': 0.13190125095878796, 'min_child_samples': 1}. Best is trial 215 with value: 0.27072508542975626.
[I 2025-03-12 17:27:08,096] Trial 340 finished with value: 0.2767392789476331 and parameters: {'learning_rate': 0.01451367285160522, 'depth': 14, 'l2_leaf_reg': 0.21459876268579542, 'min_child_samples': 1}. Best is trial 215 with value: 0.27072508542975626.
[I 2025-03-12 17:27:15,748] Trial 341 finished with value: 0.27769576999183815 and parameters: {'learning_rate': 0.015463161556859822, 'depth': 13, 'l2_leaf_reg': 0.07598982822739372, 'min_child_samples': 1}. Best is trial 215 with value: 0.27072508542975626.
[I 2025-03-12 17:27:24,520] Trial 342 finished with value: 0.27765550968735886 and parameters: {'learning_rate': 0.014987923057493665, 'depth': 13, 'l2_leaf_reg': 0.14931320583949706, 'min_child_samples': 1}. Best is trial 215 with value: 0.27072508542975626.
[I 2025-03-12 17:27:29,204] Trial 343 finished with value: 0.28205096356237547 and parameters: {'learning_rate': 0.015784756040265652, 'depth': 12, 'l2_leaf_reg': 0.24800151193606024, 'min_child_samples': 1}. Best is trial 215 with value: 0.27072508542975626.
[I 2025-03-12 17:27:38,084] Trial 344 finished with value: 0.2760404730386365 and parameters: {'learning_rate': 0.014753608474786278, 'depth': 13, 'l2_leaf_reg': 2.2769531288606935, 'min_child_samples': 1}. Best is trial 215 with value: 0.27072508542975626.
[I 2025-03-12 17:27:47,321] Trial 345 finished with value: 0.2765878738315106 and parameters: {'learning_rate': 0.014357646027917831, 'depth': 13, 'l2_leaf_reg': 2.727625521510577, 'min_child_samples': 16}. Best is trial 215 with value: 0.27072508542975626.
[I 2025-03-12 17:27:55,089] Trial 346 finished with value: 0.2746778372921538 and parameters: {'learning_rate': 0.01526229893846796, 'depth': 13, 'l2_leaf_reg': 0.04591326365450204, 'min_child_samples': 16}. Best is trial 215 with value: 0.27072508542975626.
[I 2025-03-12 17:28:00,267] Trial 347 finished with value: 0.27697433315976466 and parameters: {'learning_rate': 0.014110346464238858, 'depth': 12, 'l2_leaf_reg': 0.27667697030618377, 'min_child_samples': 4}. Best is trial 215 with value: 0.27072508542975626.
[I 2025-03-12 17:28:15,999] Trial 348 finished with value: 0.2758824849210935 and parameters: {'learning_rate': 0.015770813379854753, 'depth': 14, 'l2_leaf_reg': 0.17690769122687108, 'min_child_samples': 16}. Best is trial 215 with value: 0.27072508542975626.
[I 2025-03-12 17:28:25,062] Trial 349 finished with value: 0.2753762652412526 and parameters: {'learning_rate': 0.014971590491147766, 'depth': 13, 'l2_leaf_reg': 2.176178717611588, 'min_child_samples': 16}. Best is trial 215 with value: 0.27072508542975626.
[I 2025-03-12 17:28:33,686] Trial 350 finished with value: 0.2738317064112718 and parameters: {'learning_rate': 0.01624610645931183, 'depth': 13, 'l2_leaf_reg': 1.5145675002336223, 'min_child_samples': 8}. Best is trial 215 with value: 0.27072508542975626.
[I 2025-03-12 17:28:49,499] Trial 351 finished with value: 0.27423895842310697 and parameters: {'learning_rate': 0.014560904679400062, 'depth': 14, 'l2_leaf_reg': 1.177401898293002, 'min_child_samples': 8}. Best is trial 215 with value: 0.27072508542975626.
[I 2025-03-12 17:28:54,028] Trial 352 finished with value: 0.2822317561704195 and parameters: {'learning_rate': 0.01545444712670716, 'depth': 12, 'l2_leaf_reg': 1.5225724715813984, 'min_child_samples': 8}. Best is trial 215 with value: 0.27072508542975626.
[I 2025-03-12 17:29:02,408] Trial 353 finished with value: 0.275198937581025 and parameters: {'learning_rate': 0.01386070615833257, 'depth': 13, 'l2_leaf_reg': 2.0132383897492767, 'min_child_samples': 8}. Best is trial 215 with value: 0.27072508542975626.
[I 2025-03-12 17:29:10,513] Trial 354 finished with value: 0.2741514425063569 and parameters: {'learning_rate': 0.015018556397973809, 'depth': 13, 'l2_leaf_reg': 0.006102965140024397, 'min_child_samples': 8}. Best is trial 215 with value: 0.27072508542975626.
[I 2025-03-12 17:29:17,739] Trial 355 finished with value: 0.27691910425854077 and parameters: {'learning_rate': 0.016215275547214598, 'depth': 13, 'l2_leaf_reg': 0.10961782804108847, 'min_child_samples': 8}. Best is trial 215 with value: 0.27072508542975626.
[I 2025-03-12 17:29:27,079] Trial 356 finished with value: 0.27319092064630623 and parameters: {'learning_rate': 0.015858348108946964, 'depth': 13, 'l2_leaf_reg': 1.6656714704872366, 'min_child_samples': 8}. Best is trial 215 with value: 0.27072508542975626.
[I 2025-03-12 17:29:41,360] Trial 357 finished with value: 0.27538026847038377 and parameters: {'learning_rate': 0.01549013526785582, 'depth': 14, 'l2_leaf_reg': 2.826346101961137, 'min_child_samples': 32}. Best is trial 215 with value: 0.27072508542975626.
[I 2025-03-12 17:29:46,314] Trial 358 finished with value: 0.2815572364946669 and parameters: {'learning_rate': 0.014702413542383394, 'depth': 12, 'l2_leaf_reg': 2.0793025162063485, 'min_child_samples': 8}. Best is trial 215 with value: 0.27072508542975626.
[I 2025-03-12 17:30:14,279] Trial 359 finished with value: 0.2856823858681938 and parameters: {'learning_rate': 0.0157929967613379, 'depth': 15, 'l2_leaf_reg': 1.4050715166985064, 'min_child_samples': 32}. Best is trial 215 with value: 0.27072508542975626.
