[I 2025-03-12 11:46:08,286] Trial 14 finished with value: 0.3670756502094984 and parameters: {'learning_rate': 0.016268792217121117, 'depth': 2, 'l2_leaf_reg': 2.6305533329328874, 'min_child_samples': 32}. Best is trial 12 with value: 0.18839464781556242.
[I 2025-03-12 11:47:04,361] Trial 15 finished with value: 0.2648660619579903 and parameters: {'learning_rate': 0.019131041986481623, 'depth': 16, 'l2_leaf_reg': 2.9035123806767107, 'min_child_samples': 32}. Best is trial 12 with value: 0.18839464781556242.
[I 2025-03-12 11:47:14,463] Trial 16 finished with value: 0.19346319394578576 and parameters: {'learning_rate': 0.01362004056353697, 'depth': 13, 'l2_leaf_reg': 2.986441815674062, 'min_child_samples': 32}. Best is trial 12 with value: 0.18839464781556242.
[I 2025-03-12 11:47:19,102] Trial 17 finished with value: 0.1920401494376926 and parameters: {'learning_rate': 0.015876236422201786, 'depth': 9, 'l2_leaf_reg': 1.445837951867939, 'min_child_samples': 1}. Best is trial 12 with value: 0.18839464781556242.
[I 2025-03-12 11:47:24,245] Trial 18 finished with value: 0.20591868460312818 and parameters: {'learning_rate': 0.01835939891933507, 'depth': 7, 'l2_leaf_reg': 0.494562732324346, 'min_child_samples': 32}. Best is trial 12 with value: 0.18839464781556242.
[I 2025-03-12 11:47:30,368] Trial 19 finished with value: 0.1895734169520985 and parameters: {'learning_rate': 0.010862251823415336, 'depth': 11, 'l2_leaf_reg': 1.8630716380549128, 'min_child_samples': 32}. Best is trial 12 with value: 0.18839464781556242.
[I 2025-03-12 11:47:33,823] Trial 20 finished with value: 0.27932344274313153 and parameters: {'learning_rate': 0.014744981250306754, 'depth': 4, 'l2_leaf_reg': 1.0978498106116097, 'min_child_samples': 32}. Best is trial 12 with value: 0.18839464781556242.
[I 2025-03-12 11:47:39,837] Trial 21 finished with value: 0.18882328646160546 and parameters: {'learning_rate': 0.01154464081551701, 'depth': 11, 'l2_leaf_reg': 1.8854865794618867, 'min_child_samples': 32}. Best is trial 12 with value: 0.18839464781556242.
[I 2025-03-12 11:47:45,023] Trial 22 finished with value: 0.18994323575031133 and parameters: {'learning_rate': 0.011951403520332322, 'depth': 10, 'l2_leaf_reg': 2.548013473877532, 'min_child_samples': 32}. Best is trial 12 with value: 0.18839464781556242.
[I 2025-03-12 11:48:01,168] Trial 23 finished with value: 0.20840448233129935 and parameters: {'learning_rate': 0.017679944800759562, 'depth': 14, 'l2_leaf_reg': 2.1380683034512957, 'min_child_samples': 32}. Best is trial 12 with value: 0.18839464781556242.
[I 2025-03-12 11:48:04,854] Trial 24 finished with value: 0.301345336981701 and parameters: {'learning_rate': 0.004171408128522699, 'depth': 8, 'l2_leaf_reg': 0.4037639066757654, 'min_child_samples': 32}. Best is trial 12 with value: 0.18839464781556242.
[I 2025-03-12 11:48:10,972] Trial 25 finished with value: 0.18376474141588092 and parameters: {'learning_rate': 0.019578426575461563, 'depth': 11, 'l2_leaf_reg': 2.711014329441034, 'min_child_samples': 1}. Best is trial 25 with value: 0.18376474141588092.
[I 2025-03-12 11:48:18,152] Trial 26 finished with value: 0.18705493426704756 and parameters: {'learning_rate': 0.019744362718086876, 'depth': 12, 'l2_leaf_reg': 2.791578898253976, 'min_child_samples': 1}. Best is trial 25 with value: 0.18376474141588092.
[I 2025-03-12 11:48:28,244] Trial 27 finished with value: 0.19041013725844802 and parameters: {'learning_rate': 0.019857005196877945, 'depth': 13, 'l2_leaf_reg': 2.7415654407886514, 'min_child_samples': 1}. Best is trial 25 with value: 0.18376474141588092.
[I 2025-03-12 11:48:35,734] Trial 28 finished with value: 0.1883789495779232 and parameters: {'learning_rate': 0.01610944198144933, 'depth': 12, 'l2_leaf_reg': 2.4218751291788347, 'min_child_samples': 1}. Best is trial 25 with value: 0.18376474141588092.
[I 2025-03-12 11:49:04,931] Trial 29 finished with value: 0.2321361304713291 and parameters: {'learning_rate': 0.015932118665852358, 'depth': 15, 'l2_leaf_reg': 2.373757696763925, 'min_child_samples': 1}. Best is trial 25 with value: 0.18376474141588092.
[I 2025-03-12 11:49:33,716] Trial 30 finished with value: 0.22853229390101798 and parameters: {'learning_rate': 0.016610572956238585, 'depth': 15, 'l2_leaf_reg': 2.7614291040708476, 'min_child_samples': 1}. Best is trial 25 with value: 0.18376474141588092.
[I 2025-03-12 11:49:41,114] Trial 31 finished with value: 0.18593109262444688 and parameters: {'learning_rate': 0.018799597873239184, 'depth': 12, 'l2_leaf_reg': 2.8317595258510835, 'min_child_samples': 1}. Best is trial 25 with value: 0.18376474141588092.
[I 2025-03-12 11:49:48,730] Trial 32 finished with value: 0.18778827088849886 and parameters: {'learning_rate': 0.018169229703898757, 'depth': 12, 'l2_leaf_reg': 2.794236445926821, 'min_child_samples': 1}. Best is trial 25 with value: 0.18376474141588092.
[I 2025-03-12 11:49:56,426] Trial 33 finished with value: 0.18754177489034063 and parameters: {'learning_rate': 0.01863255330946303, 'depth': 12, 'l2_leaf_reg': 2.7668920317279677, 'min_child_samples': 1}. Best is trial 25 with value: 0.18376474141588092.
[I 2025-03-12 11:50:12,442] Trial 34 finished with value: 0.21106277987936956 and parameters: {'learning_rate': 0.018613782077095478, 'depth': 14, 'l2_leaf_reg': 2.654792773042935, 'min_child_samples': 1}. Best is trial 25 with value: 0.18376474141588092.
[I 2025-03-12 11:50:28,098] Trial 35 finished with value: 0.20558166327799443 and parameters: {'learning_rate': 0.014877202011857365, 'depth': 14, 'l2_leaf_reg': 2.315282686750837, 'min_child_samples': 1}. Best is trial 25 with value: 0.18376474141588092.
[I 2025-03-12 11:50:32,449] Trial 36 finished with value: 0.18974745517584252 and parameters: {'learning_rate': 0.013317846762818605, 'depth': 10, 'l2_leaf_reg': 2.021822155041466, 'min_child_samples': 1}. Best is trial 25 with value: 0.18376474141588092.
[I 2025-03-12 11:50:38,713] Trial 37 finished with value: 0.1858414729489834 and parameters: {'learning_rate': 0.017181208957111966, 'depth': 11, 'l2_leaf_reg': 2.826152235962632, 'min_child_samples': 8}. Best is trial 25 with value: 0.18376474141588092.
[I 2025-03-12 11:50:44,502] Trial 38 finished with value: 0.18486646389804204 and parameters: {'learning_rate': 0.017042329957952802, 'depth': 11, 'l2_leaf_reg': 2.536613865997426, 'min_child_samples': 8}. Best is trial 25 with value: 0.18376474141588092.
[I 2025-03-12 11:50:50,586] Trial 39 finished with value: 0.18469460696856976 and parameters: {'learning_rate': 0.017362431277755743, 'depth': 11, 'l2_leaf_reg': 2.534308534404798, 'min_child_samples': 8}. Best is trial 25 with value: 0.18376474141588092.
[I 2025-03-12 11:50:56,372] Trial 40 finished with value: 0.18538814825072925 and parameters: {'learning_rate': 0.017120840590235144, 'depth': 11, 'l2_leaf_reg': 2.216292018128957, 'min_child_samples': 8}. Best is trial 25 with value: 0.18376474141588092.
[I 2025-03-12 11:51:01,622] Trial 41 finished with value: 0.18757848468592642 and parameters: {'learning_rate': 0.014955873065588198, 'depth': 10, 'l2_leaf_reg': 2.535068248635089, 'min_child_samples': 8}. Best is trial 25 with value: 0.18376474141588092.
[I 2025-03-12 11:51:07,473] Trial 42 finished with value: 0.1938045461672679 and parameters: {'learning_rate': 0.00911282844988456, 'depth': 11, 'l2_leaf_reg': 2.2234229065013422, 'min_child_samples': 8}. Best is trial 25 with value: 0.18376474141588092.
[I 2025-03-12 11:51:13,279] Trial 43 finished with value: 0.1849179236895725 and parameters: {'learning_rate': 0.01723219003288706, 'depth': 11, 'l2_leaf_reg': 2.057760755222816, 'min_child_samples': 8}. Best is trial 25 with value: 0.18376474141588092.
[I 2025-03-12 11:51:18,201] Trial 44 finished with value: 0.18916418175800784 and parameters: {'learning_rate': 0.012853436951452045, 'depth': 10, 'l2_leaf_reg': 2.10912194412643, 'min_child_samples': 8}. Best is trial 25 with value: 0.18376474141588092.
[I 2025-03-12 11:51:28,474] Trial 45 finished with value: 0.19248597910735712 and parameters: {'learning_rate': 0.017357565220652106, 'depth': 13, 'l2_leaf_reg': 1.683440777312898, 'min_child_samples': 8}. Best is trial 25 with value: 0.18376474141588092.
[I 2025-03-12 11:51:32,382] Trial 46 finished with value: 0.2006348745173481 and parameters: {'learning_rate': 0.015281867119153669, 'depth': 8, 'l2_leaf_reg': 1.9957909187478116, 'min_child_samples': 8}. Best is trial 25 with value: 0.18376474141588092.
[I 2025-03-12 11:51:37,740] Trial 47 finished with value: 0.18732720041530887 and parameters: {'learning_rate': 0.017031283476498096, 'depth': 10, 'l2_leaf_reg': 2.4401009033998453, 'min_child_samples': 16}. Best is trial 25 with value: 0.18376474141588092.
[I 2025-03-12 11:51:41,633] Trial 48 finished with value: 0.2118473506773839 and parameters: {'learning_rate': 0.014198095770480295, 'depth': 7, 'l2_leaf_reg': 1.7138252992263077, 'min_child_samples': 8}. Best is trial 25 with value: 0.18376474141588092.
[I 2025-03-12 11:51:47,407] Trial 49 finished with value: 0.31838674627247643 and parameters: {'learning_rate': 0.003228633849130141, 'depth': 11, 'l2_leaf_reg': 2.338933996790689, 'min_child_samples': 8}. Best is trial 25 with value: 0.18376474141588092.
[I 2025-03-12 11:51:49,306] Trial 50 finished with value: 0.4918374951927812 and parameters: {'learning_rate': 0.017864439638729048, 'depth': 1, 'l2_leaf_reg': 2.558566617126117, 'min_child_samples': 4}. Best is trial 25 with value: 0.18376474141588092.
[I 2025-03-12 11:51:55,447] Trial 51 finished with value: 0.18642204870248436 and parameters: {'learning_rate': 0.0166230675365941, 'depth': 11, 'l2_leaf_reg': 2.665318441721957, 'min_child_samples': 8}. Best is trial 25 with value: 0.18376474141588092.
[I 2025-03-12 11:52:05,621] Trial 52 finished with value: 0.19129107676951035 and parameters: {'learning_rate': 0.017437269845173964, 'depth': 13, 'l2_leaf_reg': 2.921300845657021, 'min_child_samples': 8}. Best is trial 25 with value: 0.18376474141588092.
[I 2025-03-12 11:52:09,626] Trial 53 finished with value: 0.1901248755961891 and parameters: {'learning_rate': 0.015711914932599564, 'depth': 9, 'l2_leaf_reg': 2.2602306718167138, 'min_child_samples': 8}. Best is trial 25 with value: 0.18376474141588092.
[I 2025-03-12 11:52:15,038] Trial 54 finished with value: 0.2201340171436557 and parameters: {'learning_rate': 0.005771813801860068, 'depth': 11, 'l2_leaf_reg': 2.4829224583215654, 'min_child_samples': 8}. Best is trial 25 with value: 0.18376474141588092.
[I 2025-03-12 11:52:20,142] Trial 55 finished with value: 0.18449863227574712 and parameters: {'learning_rate': 0.018938282569488835, 'depth': 10, 'l2_leaf_reg': 1.2533315714652835, 'min_child_samples': 8}. Best is trial 25 with value: 0.18376474141588092.
[I 2025-03-12 11:52:25,138] Trial 56 finished with value: 0.1865999989022524 and parameters: {'learning_rate': 0.019230437810026493, 'depth': 10, 'l2_leaf_reg': 1.0190107804614446, 'min_child_samples': 16}. Best is trial 25 with value: 0.18376474141588092.
[I 2025-03-12 11:52:29,841] Trial 57 finished with value: 0.1895700154894422 and parameters: {'learning_rate': 0.018133797557341045, 'depth': 9, 'l2_leaf_reg': 1.272369119833542, 'min_child_samples': 8}. Best is trial 25 with value: 0.18376474141588092.
[I 2025-03-12 11:52:33,506] Trial 58 finished with value: 0.19637605117087983 and parameters: {'learning_rate': 0.018938180895630857, 'depth': 8, 'l2_leaf_reg': 0.8055010611415292, 'min_child_samples': 4}. Best is trial 25 with value: 0.18376474141588092.
[I 2025-03-12 11:52:37,720] Trial 59 finished with value: 0.18960514908530524 and parameters: {'learning_rate': 0.016509050505988866, 'depth': 9, 'l2_leaf_reg': 1.2892133084677457, 'min_child_samples': 8}. Best is trial 25 with value: 0.18376474141588092.
[I 2025-03-12 11:52:47,850] Trial 60 finished with value: 0.19200031739856127 and parameters: {'learning_rate': 0.019749365077698176, 'depth': 13, 'l2_leaf_reg': 1.578005633152109, 'min_child_samples': 8}. Best is trial 25 with value: 0.18376474141588092.
[I 2025-03-12 11:52:53,438] Trial 61 finished with value: 0.18465331333657736 and parameters: {'learning_rate': 0.01687794764226069, 'depth': 11, 'l2_leaf_reg': 2.583758721188586, 'min_child_samples': 8}. Best is trial 25 with value: 0.18376474141588092.
[I 2025-03-12 11:53:00,812] Trial 62 finished with value: 0.18748030725995588 and parameters: {'learning_rate': 0.018242910967588302, 'depth': 12, 'l2_leaf_reg': 2.581908180052467, 'min_child_samples': 8}. Best is trial 25 with value: 0.18376474141588092.
[I 2025-03-12 11:53:05,524] Trial 63 finished with value: 0.187989596415643 and parameters: {'learning_rate': 0.01554672529061276, 'depth': 10, 'l2_leaf_reg': 2.2037367057354436, 'min_child_samples': 8}. Best is trial 25 with value: 0.18376474141588092.
[I 2025-03-12 11:53:11,683] Trial 64 finished with value: 0.18525357737304596 and parameters: {'learning_rate': 0.014202330122342958, 'depth': 11, 'l2_leaf_reg': 2.0652830378934466, 'min_child_samples': 8}. Best is trial 25 with value: 0.18376474141588092.
[I 2025-03-12 11:53:17,416] Trial 65 finished with value: 0.1870541345872267 and parameters: {'learning_rate': 0.014023534530297359, 'depth': 11, 'l2_leaf_reg': 1.8082758952377687, 'min_child_samples': 8}. Best is trial 25 with value: 0.18376474141588092.
[I 2025-03-12 11:53:22,225] Trial 66 finished with value: 0.19009321235210047 and parameters: {'learning_rate': 0.012545102245807242, 'depth': 10, 'l2_leaf_reg': 2.054191036552768, 'min_child_samples': 8}. Best is trial 25 with value: 0.18376474141588092.
[I 2025-03-12 11:53:29,231] Trial 67 finished with value: 0.18665407105065487 and parameters: {'learning_rate': 0.019036551695152004, 'depth': 12, 'l2_leaf_reg': 0.9653774216450723, 'min_child_samples': 16}. Best is trial 25 with value: 0.18376474141588092.
[I 2025-03-12 11:53:36,394] Trial 68 finished with value: 0.19314521858365674 and parameters: {'learning_rate': 0.010340740012870699, 'depth': 12, 'l2_leaf_reg': 1.3964154025409279, 'min_child_samples': 4}. Best is trial 25 with value: 0.18376474141588092.
[I 2025-03-12 11:53:40,884] Trial 69 finished with value: 0.19036707945616707 and parameters: {'learning_rate': 0.016365340377661613, 'depth': 9, 'l2_leaf_reg': 2.6628837067737985, 'min_child_samples': 8}. Best is trial 25 with value: 0.18376474141588092.
[I 2025-03-12 11:53:50,956] Trial 70 finished with value: 0.18972833017811142 and parameters: {'learning_rate': 0.017813099866462966, 'depth': 13, 'l2_leaf_reg': 1.5331538911546057, 'min_child_samples': 8}. Best is trial 25 with value: 0.18376474141588092.
[I 2025-03-12 11:53:56,756] Trial 71 finished with value: 0.18467281111302666 and parameters: {'learning_rate': 0.01680054771454587, 'depth': 11, 'l2_leaf_reg': 1.9315179846574426, 'min_child_samples': 8}. Best is trial 25 with value: 0.18376474141588092.
[I 2025-03-12 11:54:02,685] Trial 72 finished with value: 0.1864318306116133 and parameters: {'learning_rate': 0.014540154643314547, 'depth': 11, 'l2_leaf_reg': 1.8089975157019722, 'min_child_samples': 8}. Best is trial 25 with value: 0.18376474141588092.
[I 2025-03-12 11:54:07,364] Trial 73 finished with value: 0.18406235520012557 and parameters: {'learning_rate': 0.019968101512116504, 'depth': 10, 'l2_leaf_reg': 2.3601007205851596, 'min_child_samples': 8}. Best is trial 25 with value: 0.18376474141588092.
[I 2025-03-12 11:54:12,286] Trial 74 finished with value: 0.18443497007348547 and parameters: {'learning_rate': 0.019402088795296066, 'depth': 10, 'l2_leaf_reg': 1.9634112010404166, 'min_child_samples': 8}. Best is trial 25 with value: 0.18376474141588092.
[I 2025-03-12 11:54:17,581] Trial 75 finished with value: 0.18582219811031725 and parameters: {'learning_rate': 0.019323629723504737, 'depth': 10, 'l2_leaf_reg': 2.3729401191077386, 'min_child_samples': 8}. Best is trial 25 with value: 0.18376474141588092.
[I 2025-03-12 11:54:22,142] Trial 76 finished with value: 0.18888181165878715 and parameters: {'learning_rate': 0.019970006243710568, 'depth': 9, 'l2_leaf_reg': 2.4872624535888823, 'min_child_samples': 8}. Best is trial 25 with value: 0.18376474141588092.
[I 2025-03-12 11:54:29,570] Trial 77 finished with value: 0.18777182258977407 and parameters: {'learning_rate': 0.018546706915119678, 'depth': 12, 'l2_leaf_reg': 2.904906180761435, 'min_child_samples': 8}. Best is trial 25 with value: 0.18376474141588092.
[I 2025-03-12 11:54:34,612] Trial 78 finished with value: 0.1828483185566454 and parameters: {'learning_rate': 0.019504777711401248, 'depth': 10, 'l2_leaf_reg': 1.9344666800856447, 'min_child_samples': 8}. Best is trial 78 with value: 0.1828483185566454.
[I 2025-03-12 11:54:38,987] Trial 79 finished with value: 0.1959422279957551 and parameters: {'learning_rate': 0.019280413121744198, 'depth': 8, 'l2_leaf_reg': 1.1843932448175376, 'min_child_samples': 16}. Best is trial 78 with value: 0.1828483185566454.
[I 2025-03-12 11:54:42,902] Trial 80 finished with value: 0.20379693149817765 and parameters: {'learning_rate': 0.01991764414656594, 'depth': 7, 'l2_leaf_reg': 1.7929673837210254, 'min_child_samples': 8}. Best is trial 78 with value: 0.1828483185566454.
[I 2025-03-12 11:54:48,329] Trial 81 finished with value: 0.1849132928787332 and parameters: {'learning_rate': 0.018564804612864676, 'depth': 10, 'l2_leaf_reg': 1.936891789611862, 'min_child_samples': 8}. Best is trial 78 with value: 0.1828483185566454.
[I 2025-03-12 11:54:52,924] Trial 82 finished with value: 0.1854240500393595 and parameters: {'learning_rate': 0.017920979511617134, 'depth': 10, 'l2_leaf_reg': 1.9625966279017677, 'min_child_samples': 8}. Best is trial 78 with value: 0.1828483185566454.
[I 2025-03-12 11:54:57,199] Trial 83 finished with value: 0.19014534779196116 and parameters: {'learning_rate': 0.01950001703560875, 'depth': 9, 'l2_leaf_reg': 2.721678894372706, 'min_child_samples': 8}. Best is trial 78 with value: 0.1828483185566454.
[I 2025-03-12 11:55:02,286] Trial 84 finished with value: 0.18749521940953015 and parameters: {'learning_rate': 0.016846962898916032, 'depth': 10, 'l2_leaf_reg': 2.2807639434916456, 'min_child_samples': 8}. Best is trial 78 with value: 0.1828483185566454.
[I 2025-03-12 11:55:08,359] Trial 85 finished with value: 0.18266115299402577 and parameters: {'learning_rate': 0.019009077580113002, 'depth': 11, 'l2_leaf_reg': 2.414124564516684, 'min_child_samples': 8}. Best is trial 85 with value: 0.18266115299402577.
[I 2025-03-12 11:55:14,339] Trial 86 finished with value: 0.18409302596453417 and parameters: {'learning_rate': 0.018776587420450047, 'depth': 11, 'l2_leaf_reg': 2.1463893845704254, 'min_child_samples': 4}. Best is trial 85 with value: 0.18266115299402577.
[I 2025-03-12 11:55:21,499] Trial 87 finished with value: 0.1878161252713307 and parameters: {'learning_rate': 0.018891710308112774, 'depth': 12, 'l2_leaf_reg': 2.147872035700257, 'min_child_samples': 4}. Best is trial 85 with value: 0.18266115299402577.
[I 2025-03-12 11:55:26,431] Trial 88 finished with value: 0.18583154665010426 and parameters: {'learning_rate': 0.0184339714820686, 'depth': 10, 'l2_leaf_reg': 1.9065248663030652, 'min_child_samples': 4}. Best is trial 85 with value: 0.18266115299402577.
[I 2025-03-12 11:55:32,460] Trial 89 finished with value: 0.18373187695584953 and parameters: {'learning_rate': 0.01950082872773297, 'depth': 11, 'l2_leaf_reg': 1.62273790748747, 'min_child_samples': 4}. Best is trial 85 with value: 0.18266115299402577.
[I 2025-03-12 11:55:36,979] Trial 90 finished with value: 0.18857838577476682 and parameters: {'learning_rate': 0.0194335411573248, 'depth': 9, 'l2_leaf_reg': 1.6088458330912194, 'min_child_samples': 4}. Best is trial 85 with value: 0.18266115299402577.
[I 2025-03-12 11:55:42,923] Trial 91 finished with value: 0.18378159230837554 and parameters: {'learning_rate': 0.018989000124530347, 'depth': 11, 'l2_leaf_reg': 1.7310324272355169, 'min_child_samples': 4}. Best is trial 85 with value: 0.18266115299402577.
[I 2025-03-12 11:55:49,136] Trial 92 finished with value: 0.18291548635491103 and parameters: {'learning_rate': 0.019976460826022644, 'depth': 11, 'l2_leaf_reg': 1.432145836856135, 'min_child_samples': 4}. Best is trial 85 with value: 0.18266115299402577.
[I 2025-03-12 11:55:56,685] Trial 93 finished with value: 0.18599130720174392 and parameters: {'learning_rate': 0.019971596058347113, 'depth': 12, 'l2_leaf_reg': 1.4392268819567675, 'min_child_samples': 4}. Best is trial 85 with value: 0.18266115299402577.
[I 2025-03-12 11:56:02,555] Trial 94 finished with value: 0.18278472167412177 and parameters: {'learning_rate': 0.018970725367565885, 'depth': 11, 'l2_leaf_reg': 1.7057550515496227, 'min_child_samples': 4}. Best is trial 85 with value: 0.18266115299402577.
[I 2025-03-12 11:56:08,225] Trial 95 finished with value: 0.183828949345158 and parameters: {'learning_rate': 0.019474769440723617, 'depth': 11, 'l2_leaf_reg': 1.7363543326783535, 'min_child_samples': 4}. Best is trial 85 with value: 0.18266115299402577.
[I 2025-03-12 11:56:15,718] Trial 96 finished with value: 0.1865157096362047 and parameters: {'learning_rate': 0.018206905524966812, 'depth': 12, 'l2_leaf_reg': 1.6303777639496333, 'min_child_samples': 4}. Best is trial 85 with value: 0.18266115299402577.
[I 2025-03-12 11:56:21,028] Trial 97 finished with value: 0.18356451795786138 and parameters: {'learning_rate': 0.018885532781882007, 'depth': 11, 'l2_leaf_reg': 1.7222593742475878, 'min_child_samples': 4}. Best is trial 85 with value: 0.18266115299402577.
[I 2025-03-12 11:56:31,167] Trial 98 finished with value: 0.19389750596034747 and parameters: {'learning_rate': 0.01761194300973045, 'depth': 13, 'l2_leaf_reg': 1.7550346644016084, 'min_child_samples': 4}. Best is trial 85 with value: 0.18266115299402577.
