[I 2025-03-12 18:23:26,938] Trial 36 finished with value: 0.23368514191807085 and parameters: {'learning_rate': 0.01947914819937564, 'depth': 15, 'l2_leaf_reg': 2.3062011911670766, 'min_child_samples': 8}. Best is trial 23 with value: 0.1837731104319159.
[I 2025-03-12 18:23:31,031] Trial 37 finished with value: 0.184007922215759 and parameters: {'learning_rate': 0.018051047387011843, 'depth': 11, 'l2_leaf_reg': 1.5039557844291975, 'min_child_samples': 1}. Best is trial 23 with value: 0.1837731104319159.
[I 2025-03-12 18:23:40,281] Trial 38 finished with value: 0.25215408816914464 and parameters: {'learning_rate': 0.004647443084693278, 'depth': 13, 'l2_leaf_reg': 1.461251292908882, 'min_child_samples': 4}. Best is trial 23 with value: 0.1837731104319159.
[I 2025-03-12 18:23:43,840] Trial 39 finished with value: 0.18568770507678903 and parameters: {'learning_rate': 0.018279500422942768, 'depth': 10, 'l2_leaf_reg': 1.2493546582860993, 'min_child_samples': 16}. Best is trial 23 with value: 0.1837731104319159.
[I 2025-03-12 18:23:45,818] Trial 40 finished with value: 0.22967508631315356 and parameters: {'learning_rate': 0.013591786667028042, 'depth': 6, 'l2_leaf_reg': 1.8599680413668735, 'min_child_samples': 1}. Best is trial 23 with value: 0.1837731104319159.
[I 2025-03-12 18:23:50,218] Trial 41 finished with value: 0.18461436103372775 and parameters: {'learning_rate': 0.01745809499709796, 'depth': 11, 'l2_leaf_reg': 2.0683542627590032, 'min_child_samples': 1}. Best is trial 23 with value: 0.1837731104319159.
[I 2025-03-12 18:23:51,577] Trial 42 finished with value: 0.4933524873491175 and parameters: {'learning_rate': 0.017622120844051608, 'depth': 1, 'l2_leaf_reg': 1.6117981802384527, 'min_child_samples': 1}. Best is trial 23 with value: 0.1837731104319159.
[I 2025-03-12 18:23:55,273] Trial 43 finished with value: 0.18700926692922915 and parameters: {'learning_rate': 0.019044066649570906, 'depth': 10, 'l2_leaf_reg': 2.0832371284394755, 'min_child_samples': 1}. Best is trial 23 with value: 0.1837731104319159.
[I 2025-03-12 18:23:59,657] Trial 44 finished with value: 0.18533276040408064 and parameters: {'learning_rate': 0.015833834796282323, 'depth': 11, 'l2_leaf_reg': 1.3485521400921543, 'min_child_samples': 4}. Best is trial 23 with value: 0.1837731104319159.
[I 2025-03-12 18:24:09,188] Trial 45 finished with value: 0.18942840357684693 and parameters: {'learning_rate': 0.019910074410574054, 'depth': 13, 'l2_leaf_reg': 1.1449987677329674, 'min_child_samples': 1}. Best is trial 23 with value: 0.1837731104319159.
[I 2025-03-12 18:24:12,320] Trial 46 finished with value: 0.18850279409077822 and parameters: {'learning_rate': 0.01776060625369198, 'depth': 9, 'l2_leaf_reg': 1.71637368787457, 'min_child_samples': 32}. Best is trial 23 with value: 0.1837731104319159.
[I 2025-03-12 18:24:14,893] Trial 47 finished with value: 0.20098553297035615 and parameters: {'learning_rate': 0.01422927265918124, 'depth': 8, 'l2_leaf_reg': 2.141647699260877, 'min_child_samples': 16}. Best is trial 23 with value: 0.1837731104319159.
[I 2025-03-12 18:24:30,466] Trial 48 finished with value: 0.21132624928652605 and parameters: {'learning_rate': 0.010355566357023404, 'depth': 14, 'l2_leaf_reg': 2.4284169634461272, 'min_child_samples': 1}. Best is trial 23 with value: 0.1837731104319159.
[I 2025-03-12 18:24:34,817] Trial 49 finished with value: 0.18395586662208874 and parameters: {'learning_rate': 0.015916183684576507, 'depth': 11, 'l2_leaf_reg': 0.6252660464449529, 'min_child_samples': 1}. Best is trial 23 with value: 0.1837731104319159.
[I 2025-03-12 18:24:36,706] Trial 50 finished with value: 0.27551380722001606 and parameters: {'learning_rate': 0.016088466945098325, 'depth': 4, 'l2_leaf_reg': 0.6355746513988564, 'min_child_samples': 4}. Best is trial 23 with value: 0.1837731104319159.
[I 2025-03-12 18:24:42,891] Trial 51 finished with value: 0.18740267462117852 and parameters: {'learning_rate': 0.019035011267575768, 'depth': 12, 'l2_leaf_reg': 0.2942015170089154, 'min_child_samples': 1}. Best is trial 23 with value: 0.1837731104319159.
[I 2025-03-12 18:24:46,482] Trial 52 finished with value: 0.1854231610402088 and parameters: {'learning_rate': 0.01743051026522504, 'depth': 10, 'l2_leaf_reg': 1.0840453696000059, 'min_child_samples': 1}. Best is trial 23 with value: 0.1837731104319159.
[I 2025-03-12 18:24:50,981] Trial 53 finished with value: 0.1849617059063589 and parameters: {'learning_rate': 0.015272441966039082, 'depth': 11, 'l2_leaf_reg': 2.0397775979596, 'min_child_samples': 1}. Best is trial 23 with value: 0.1837731104319159.
[I 2025-03-12 18:24:54,609] Trial 54 finished with value: 0.1873689579852912 and parameters: {'learning_rate': 0.016853053915126096, 'depth': 10, 'l2_leaf_reg': 0.640598286822172, 'min_child_samples': 1}. Best is trial 23 with value: 0.1837731104319159.
[I 2025-03-12 18:24:58,939] Trial 55 finished with value: 0.5139451088019062 and parameters: {'learning_rate': 0.0016009195616069217, 'depth': 11, 'l2_leaf_reg': 0.2833317176098233, 'min_child_samples': 8}. Best is trial 23 with value: 0.1837731104319159.
[I 2025-03-12 18:25:05,037] Trial 56 finished with value: 0.18706045410062502 and parameters: {'learning_rate': 0.018421902916213335, 'depth': 12, 'l2_leaf_reg': 1.8286432826000327, 'min_child_samples': 1}. Best is trial 23 with value: 0.1837731104319159.
[I 2025-03-12 18:25:08,002] Trial 57 finished with value: 0.18857919182492083 and parameters: {'learning_rate': 0.01940728539647346, 'depth': 9, 'l2_leaf_reg': 2.5733348310344875, 'min_child_samples': 1}. Best is trial 23 with value: 0.1837731104319159.
[I 2025-03-12 18:25:14,204] Trial 58 finished with value: 0.18964814678548547 and parameters: {'learning_rate': 0.012648401198269425, 'depth': 12, 'l2_leaf_reg': 2.181378947134312, 'min_child_samples': 16}. Best is trial 23 with value: 0.1837731104319159.
[I 2025-03-12 18:25:23,615] Trial 59 finished with value: 0.1933041329926122 and parameters: {'learning_rate': 0.014865126575154519, 'depth': 13, 'l2_leaf_reg': 1.6364897574117134, 'min_child_samples': 1}. Best is trial 23 with value: 0.1837731104319159.
[I 2025-03-12 18:25:27,140] Trial 60 finished with value: 0.18637444739269457 and parameters: {'learning_rate': 0.016333670082150267, 'depth': 10, 'l2_leaf_reg': 2.449830857353233, 'min_child_samples': 1}. Best is trial 23 with value: 0.1837731104319159.
[I 2025-03-12 18:25:31,610] Trial 61 finished with value: 0.18457576807033566 and parameters: {'learning_rate': 0.017041179476497567, 'depth': 11, 'l2_leaf_reg': 2.221900042546873, 'min_child_samples': 1}. Best is trial 23 with value: 0.1837731104319159.
[I 2025-03-12 18:25:36,104] Trial 62 finished with value: 0.1836264282395033 and parameters: {'learning_rate': 0.017969859020260364, 'depth': 11, 'l2_leaf_reg': 1.9214226703072241, 'min_child_samples': 1}. Best is trial 62 with value: 0.1836264282395033.
[I 2025-03-12 18:25:42,253] Trial 63 finished with value: 0.18722308519354877 and parameters: {'learning_rate': 0.01811434808786202, 'depth': 12, 'l2_leaf_reg': 1.9024843391443793, 'min_child_samples': 1}. Best is trial 62 with value: 0.1836264282395033.
[I 2025-03-12 18:25:45,533] Trial 64 finished with value: 0.1855519907905952 and parameters: {'learning_rate': 0.017004256766157282, 'depth': 10, 'l2_leaf_reg': 2.2118017044566836, 'min_child_samples': 1}. Best is trial 62 with value: 0.1836264282395033.
[I 2025-03-12 18:25:50,078] Trial 65 finished with value: 0.18375064637677865 and parameters: {'learning_rate': 0.01850348636132636, 'depth': 11, 'l2_leaf_reg': 1.0275696140330122, 'min_child_samples': 32}. Best is trial 62 with value: 0.1836264282395033.
[I 2025-03-12 18:25:52,961] Trial 66 finished with value: 0.18751751644277884 and parameters: {'learning_rate': 0.01883216099078671, 'depth': 9, 'l2_leaf_reg': 1.0193507811433147, 'min_child_samples': 32}. Best is trial 62 with value: 0.1836264282395033.
[I 2025-03-12 18:26:08,872] Trial 67 finished with value: 0.20855136950005682 and parameters: {'learning_rate': 0.019834425914752, 'depth': 14, 'l2_leaf_reg': 0.8072707915747583, 'min_child_samples': 32}. Best is trial 62 with value: 0.1836264282395033.
[I 2025-03-12 18:26:13,129] Trial 68 finished with value: 0.18483239587272718 and parameters: {'learning_rate': 0.01924215922528591, 'depth': 11, 'l2_leaf_reg': 1.3738459375524397, 'min_child_samples': 32}. Best is trial 62 with value: 0.1836264282395033.
[I 2025-03-12 18:26:15,803] Trial 69 finished with value: 0.1984154970324247 and parameters: {'learning_rate': 0.018187415335026057, 'depth': 8, 'l2_leaf_reg': 0.592848822413733, 'min_child_samples': 4}. Best is trial 62 with value: 0.1836264282395033.
[I 2025-03-12 18:26:25,138] Trial 70 finished with value: 0.2041473428719613 and parameters: {'learning_rate': 0.008711148566630987, 'depth': 13, 'l2_leaf_reg': 1.2728654087857851, 'min_child_samples': 32}. Best is trial 62 with value: 0.1836264282395033.
[I 2025-03-12 18:26:29,450] Trial 71 finished with value: 0.18569693867169243 and parameters: {'learning_rate': 0.017258630802894463, 'depth': 11, 'l2_leaf_reg': 0.8753623486449744, 'min_child_samples': 1}. Best is trial 62 with value: 0.1836264282395033.
[I 2025-03-12 18:26:35,635] Trial 72 finished with value: 0.18849251074639933 and parameters: {'learning_rate': 0.016494065373814877, 'depth': 12, 'l2_leaf_reg': 1.5493536907714465, 'min_child_samples': 1}. Best is trial 62 with value: 0.1836264282395033.
[I 2025-03-12 18:26:40,042] Trial 73 finished with value: 0.18419553142487197 and parameters: {'learning_rate': 0.018059114673664757, 'depth': 11, 'l2_leaf_reg': 2.3667530087498476, 'min_child_samples': 8}. Best is trial 62 with value: 0.1836264282395033.
[I 2025-03-12 18:26:46,353] Trial 74 finished with value: 0.18759567685916026 and parameters: {'learning_rate': 0.01865413034312241, 'depth': 12, 'l2_leaf_reg': 2.6411183925299513, 'min_child_samples': 8}. Best is trial 62 with value: 0.1836264282395033.
[I 2025-03-12 18:26:49,867] Trial 75 finished with value: 0.1847365307358543 and parameters: {'learning_rate': 0.01807906370773866, 'depth': 10, 'l2_leaf_reg': 2.4081968763891957, 'min_child_samples': 8}. Best is trial 62 with value: 0.1836264282395033.
[I 2025-03-12 18:26:54,368] Trial 76 finished with value: 0.18445568854651323 and parameters: {'learning_rate': 0.019272614725411454, 'depth': 11, 'l2_leaf_reg': 2.7707742983922037, 'min_child_samples': 8}. Best is trial 62 with value: 0.1836264282395033.
[I 2025-03-12 18:27:03,921] Trial 77 finished with value: 0.19371699573545711 and parameters: {'learning_rate': 0.015546945601508506, 'depth': 13, 'l2_leaf_reg': 1.0137016106149468, 'min_child_samples': 8}. Best is trial 62 with value: 0.1836264282395033.
[I 2025-03-12 18:27:06,682] Trial 78 finished with value: 0.1890614354429554 and parameters: {'learning_rate': 0.01996256612866889, 'depth': 9, 'l2_leaf_reg': 2.563663937141859, 'min_child_samples': 32}. Best is trial 62 with value: 0.1836264282395033.
[I 2025-03-12 18:27:35,884] Trial 79 finished with value: 0.23242609496580943 and parameters: {'learning_rate': 0.017824561097352302, 'depth': 15, 'l2_leaf_reg': 1.7817681743255511, 'min_child_samples': 8}. Best is trial 62 with value: 0.1836264282395033.
[I 2025-03-12 18:27:41,782] Trial 80 finished with value: 0.18643417936187262 and parameters: {'learning_rate': 0.018879623727636165, 'depth': 12, 'l2_leaf_reg': 0.7462869065635269, 'min_child_samples': 16}. Best is trial 62 with value: 0.1836264282395033.
[I 2025-03-12 18:27:46,289] Trial 81 finished with value: 0.18312480123324232 and parameters: {'learning_rate': 0.019354045176452492, 'depth': 11, 'l2_leaf_reg': 2.766658185352142, 'min_child_samples': 8}. Best is trial 81 with value: 0.18312480123324232.
[I 2025-03-12 18:27:50,865] Trial 82 finished with value: 0.18352464927587112 and parameters: {'learning_rate': 0.01858634997360731, 'depth': 11, 'l2_leaf_reg': 2.8702078607304067, 'min_child_samples': 8}. Best is trial 81 with value: 0.18312480123324232.
[I 2025-03-12 18:27:55,347] Trial 83 finished with value: 0.1831108433840877 and parameters: {'learning_rate': 0.019568219027326247, 'depth': 11, 'l2_leaf_reg': 2.946335309803875, 'min_child_samples': 8}. Best is trial 83 with value: 0.1831108433840877.
[I 2025-03-12 18:27:58,955] Trial 84 finished with value: 0.18628980289496896 and parameters: {'learning_rate': 0.01937851501945067, 'depth': 10, 'l2_leaf_reg': 2.9763093234202125, 'min_child_samples': 8}. Best is trial 83 with value: 0.1831108433840877.
[I 2025-03-12 18:28:03,498] Trial 85 finished with value: 0.18305696596703794 and parameters: {'learning_rate': 0.018451176781869295, 'depth': 11, 'l2_leaf_reg': 2.788156942518813, 'min_child_samples': 8}. Best is trial 85 with value: 0.18305696596703794.
[I 2025-03-12 18:28:09,585] Trial 86 finished with value: 0.18626510845911817 and parameters: {'learning_rate': 0.01961831818908732, 'depth': 12, 'l2_leaf_reg': 2.8825267881325893, 'min_child_samples': 8}. Best is trial 85 with value: 0.18305696596703794.
[I 2025-03-12 18:28:13,089] Trial 87 finished with value: 0.18697215296289219 and parameters: {'learning_rate': 0.018676542603644864, 'depth': 10, 'l2_leaf_reg': 2.783109066527789, 'min_child_samples': 8}. Best is trial 85 with value: 0.18305696596703794.
[I 2025-03-12 18:28:17,794] Trial 88 finished with value: 0.18427786740068547 and parameters: {'learning_rate': 0.01764120003581824, 'depth': 11, 'l2_leaf_reg': 2.8084273756402074, 'min_child_samples': 8}. Best is trial 85 with value: 0.18305696596703794.
[I 2025-03-12 18:28:21,441] Trial 89 finished with value: 0.18585470422270034 and parameters: {'learning_rate': 0.01918253618130513, 'depth': 10, 'l2_leaf_reg': 2.9829474279313914, 'min_child_samples': 8}. Best is trial 85 with value: 0.18305696596703794.
[I 2025-03-12 18:28:27,481] Trial 90 finished with value: 0.18823911479211325 and parameters: {'learning_rate': 0.018505648428266453, 'depth': 12, 'l2_leaf_reg': 2.687834139575182, 'min_child_samples': 8}. Best is trial 85 with value: 0.18305696596703794.
[I 2025-03-12 18:28:31,997] Trial 91 finished with value: 0.184935214100045 and parameters: {'learning_rate': 0.017581928137906856, 'depth': 11, 'l2_leaf_reg': 2.8767499177180538, 'min_child_samples': 8}. Best is trial 85 with value: 0.18305696596703794.
[I 2025-03-12 18:28:36,709] Trial 92 finished with value: 0.18458610471258247 and parameters: {'learning_rate': 0.016641128166434895, 'depth': 11, 'l2_leaf_reg': 2.9249348598076743, 'min_child_samples': 8}. Best is trial 85 with value: 0.18305696596703794.
[I 2025-03-12 18:28:40,118] Trial 93 finished with value: 0.18537230371931565 and parameters: {'learning_rate': 0.01959788593484656, 'depth': 10, 'l2_leaf_reg': 2.720663486512283, 'min_child_samples': 8}. Best is trial 85 with value: 0.18305696596703794.
[I 2025-03-12 18:28:44,693] Trial 94 finished with value: 0.18399121824867873 and parameters: {'learning_rate': 0.018225284484688527, 'depth': 11, 'l2_leaf_reg': 2.5879600775263043, 'min_child_samples': 8}. Best is trial 85 with value: 0.18305696596703794.
[I 2025-03-12 18:28:50,696] Trial 95 finished with value: 0.1873350991071808 and parameters: {'learning_rate': 0.018557980608792816, 'depth': 12, 'l2_leaf_reg': 2.5087139544883668, 'min_child_samples': 8}. Best is trial 85 with value: 0.18305696596703794.
[I 2025-03-12 18:28:53,684] Trial 96 finished with value: 0.18952324737758813 and parameters: {'learning_rate': 0.017185545389434044, 'depth': 9, 'l2_leaf_reg': 2.6098299047945868, 'min_child_samples': 8}. Best is trial 85 with value: 0.18305696596703794.
[I 2025-03-12 18:29:03,352] Trial 97 finished with value: 0.19172217175283096 and parameters: {'learning_rate': 0.01995702799395727, 'depth': 13, 'l2_leaf_reg': 2.754260648512568, 'min_child_samples': 8}. Best is trial 85 with value: 0.18305696596703794.
[I 2025-03-12 18:29:09,315] Trial 98 finished with value: 0.1864532870284399 and parameters: {'learning_rate': 0.018987948420612466, 'depth': 12, 'l2_leaf_reg': 2.8303892864543934, 'min_child_samples': 8}. Best is trial 85 with value: 0.18305696596703794.
[I 2025-03-12 18:29:14,419] Trial 99 finished with value: 0.18836340328931 and parameters: {'learning_rate': 0.011234708767888483, 'depth': 11, 'l2_leaf_reg': 2.934888611238529, 'min_child_samples': 32}. Best is trial 85 with value: 0.18305696596703794.
[I 2025-03-12 18:29:19,898] Trial 100 finished with value: 0.18686620958653383 and parameters: {'learning_rate': 0.016321411367220477, 'depth': 10, 'l2_leaf_reg': 2.488728226054287, 'min_child_samples': 4}. Best is trial 85 with value: 0.18305696596703794.
[I 2025-03-12 18:29:26,629] Trial 101 finished with value: 0.18325822380805126 and parameters: {'learning_rate': 0.01800246557469322, 'depth': 11, 'l2_leaf_reg': 2.66363498886536, 'min_child_samples': 8}. Best is trial 85 with value: 0.18305696596703794.
[I 2025-03-12 18:29:33,040] Trial 102 finished with value: 0.18427343883686023 and parameters: {'learning_rate': 0.01835074908700958, 'depth': 11, 'l2_leaf_reg': 2.6788101496941255, 'min_child_samples': 8}. Best is trial 85 with value: 0.18305696596703794.
[I 2025-03-12 18:29:41,634] Trial 103 finished with value: 0.1880731554663858 and parameters: {'learning_rate': 0.01792250019599687, 'depth': 12, 'l2_leaf_reg': 2.622681644234299, 'min_child_samples': 8}. Best is trial 85 with value: 0.18305696596703794.
[I 2025-03-12 18:29:48,651] Trial 104 finished with value: 0.18289770176704742 and parameters: {'learning_rate': 0.019037794810728984, 'depth': 11, 'l2_leaf_reg': 2.7397569828175525, 'min_child_samples': 8}. Best is trial 104 with value: 0.18289770176704742.
[I 2025-03-12 18:29:54,258] Trial 105 finished with value: 0.18467904614760544 and parameters: {'learning_rate': 0.01945492357865615, 'depth': 10, 'l2_leaf_reg': 0.38176788980335274, 'min_child_samples': 8}. Best is trial 104 with value: 0.18289770176704742.
[I 2025-03-12 18:30:02,950] Trial 106 finished with value: 0.18735035685842458 and parameters: {'learning_rate': 0.018997656176673212, 'depth': 12, 'l2_leaf_reg': 2.5266344866551385, 'min_child_samples': 16}. Best is trial 104 with value: 0.18289770176704742.
[I 2025-03-12 18:30:09,381] Trial 107 finished with value: 0.18475444159302587 and parameters: {'learning_rate': 0.01734693601179643, 'depth': 11, 'l2_leaf_reg': 2.8393565607640467, 'min_child_samples': 8}. Best is trial 104 with value: 0.18289770176704742.
[I 2025-03-12 18:30:15,143] Trial 108 finished with value: 0.18977806234069422 and parameters: {'learning_rate': 0.01952353630759026, 'depth': 9, 'l2_leaf_reg': 2.2531061159808563, 'min_child_samples': 32}. Best is trial 104 with value: 0.18289770176704742.
[I 2025-03-12 18:30:22,456] Trial 109 finished with value: 0.1850773666802766 and parameters: {'learning_rate': 0.018643536334297856, 'depth': 11, 'l2_leaf_reg': 2.998357759370597, 'min_child_samples': 8}. Best is trial 104 with value: 0.18289770176704742.
[I 2025-03-12 18:30:28,305] Trial 110 finished with value: 0.1863748042947955 and parameters: {'learning_rate': 0.016813463504636993, 'depth': 10, 'l2_leaf_reg': 2.728080012805647, 'min_child_samples': 8}. Best is trial 104 with value: 0.18289770176704742.
[I 2025-03-12 18:30:34,879] Trial 111 finished with value: 0.24403674016398721 and parameters: {'learning_rate': 0.004719079182246776, 'depth': 11, 'l2_leaf_reg': 0.01772502890826988, 'min_child_samples': 8}. Best is trial 104 with value: 0.18289770176704742.
[I 2025-03-12 18:30:42,052] Trial 112 finished with value: 0.18312118616019668 and parameters: {'learning_rate': 0.017865821471142282, 'depth': 11, 'l2_leaf_reg': 2.3648327832217673, 'min_child_samples': 8}. Best is trial 104 with value: 0.18289770176704742.
[I 2025-03-12 18:30:47,088] Trial 113 finished with value: 0.18670327110546472 and parameters: {'learning_rate': 0.017838203694432824, 'depth': 10, 'l2_leaf_reg': 2.0069861109330676, 'min_child_samples': 8}. Best is trial 104 with value: 0.18289770176704742.
[I 2025-03-12 18:30:55,728] Trial 114 finished with value: 0.18888859813708467 and parameters: {'learning_rate': 0.015903188538166198, 'depth': 12, 'l2_leaf_reg': 2.3613907524268756, 'min_child_samples': 8}. Best is trial 104 with value: 0.18289770176704742.
[I 2025-03-12 18:31:02,499] Trial 115 finished with value: 0.18271174688745442 and parameters: {'learning_rate': 0.01904134265983935, 'depth': 11, 'l2_leaf_reg': 2.9347903841643466, 'min_child_samples': 1}. Best is trial 115 with value: 0.18271174688745442.
[I 2025-03-12 18:31:09,327] Trial 116 finished with value: 0.18280186940655374 and parameters: {'learning_rate': 0.0190673459986615, 'depth': 11, 'l2_leaf_reg': 2.795951085074728, 'min_child_samples': 8}. Best is trial 115 with value: 0.18271174688745442.
[I 2025-03-12 18:31:12,796] Trial 117 finished with value: 0.26732516798438055 and parameters: {'learning_rate': 0.01903140407541783, 'depth': 4, 'l2_leaf_reg': 2.920111335828325, 'min_child_samples': 8}. Best is trial 115 with value: 0.18271174688745442.
[I 2025-03-12 18:31:19,260] Trial 118 finished with value: 0.18291826018306484 and parameters: {'learning_rate': 0.018515769910612587, 'depth': 11, 'l2_leaf_reg': 2.8132317775367994, 'min_child_samples': 8}. Best is trial 115 with value: 0.18271174688745442.
[I 2025-03-12 18:31:26,874] Trial 119 finished with value: 0.1998671148167611 and parameters: {'learning_rate': 0.007655716577896139, 'depth': 11, 'l2_leaf_reg': 2.8023694917973128, 'min_child_samples': 8}. Best is trial 115 with value: 0.18271174688745442.
[I 2025-03-12 18:31:39,436] Trial 120 finished with value: 0.19067579348118285 and parameters: {'learning_rate': 0.019930917546200983, 'depth': 13, 'l2_leaf_reg': 2.8913459234244563, 'min_child_samples': 8}. Best is trial 115 with value: 0.18271174688745442.
