[I 2025-03-12 10:55:06,639] Trial 5 finished with value: 2.028889688154648 and parameters: {'learning_rate': 0.012277911238117929, 'depth': 15, 'l2_leaf_reg': 2.2567830721369857, 'min_child_samples': 1}. Best is trial 2 with value: 2.0133614190477833.
[I 2025-03-12 10:55:11,177] Trial 6 finished with value: 2.0027420110924474 and parameters: {'learning_rate': 0.007265053670313402, 'depth': 10, 'l2_leaf_reg': 2.6257734939819244, 'min_child_samples': 32}. Best is trial 6 with value: 2.0027420110924474.
[I 2025-03-12 10:56:08,078] Trial 7 finished with value: 2.0293800974820018 and parameters: {'learning_rate': 0.0037098352146998216, 'depth': 16, 'l2_leaf_reg': 0.23697280089343054, 'min_child_samples': 4}. Best is trial 6 with value: 2.0027420110924474.
[I 2025-03-12 10:56:10,051] Trial 8 finished with value: 2.0360583213251395 and parameters: {'learning_rate': 0.00222215036905219, 'depth': 5, 'l2_leaf_reg': 2.4388814638322867, 'min_child_samples': 16}. Best is trial 6 with value: 2.0027420110924474.
[I 2025-03-12 10:56:12,642] Trial 9 finished with value: 2.008464693993797 and parameters: {'learning_rate': 0.004286977705031937, 'depth': 8, 'l2_leaf_reg': 2.684260208759949, 'min_child_samples': 16}. Best is trial 6 with value: 2.0027420110924474.
[I 2025-03-12 10:56:15,126] Trial 10 finished with value: 2.0033737291377243 and parameters: {'learning_rate': 0.019996794085463215, 'depth': 11, 'l2_leaf_reg': 1.7262509163564537, 'min_child_samples': 32}. Best is trial 6 with value: 2.0027420110924474.
[I 2025-03-12 10:56:17,831] Trial 11 finished with value: 2.010129187561773 and parameters: {'learning_rate': 0.019916044865536116, 'depth': 12, 'l2_leaf_reg': 1.680657677411114, 'min_child_samples': 32}. Best is trial 6 with value: 2.0027420110924474.
[I 2025-03-12 10:56:21,058] Trial 12 finished with value: 2.0059628080905174 and parameters: {'learning_rate': 0.008543375927456442, 'depth': 11, 'l2_leaf_reg': 2.9443152880726484, 'min_child_samples': 32}. Best is trial 6 with value: 2.0027420110924474.
[I 2025-03-12 10:56:28,329] Trial 13 finished with value: 2.0058288189185687 and parameters: {'learning_rate': 0.01574766740073927, 'depth': 11, 'l2_leaf_reg': 1.986093864422675, 'min_child_samples': 32}. Best is trial 6 with value: 2.0027420110924474.
[I 2025-03-12 10:56:52,454] Trial 14 finished with value: 2.0048215456554876 and parameters: {'learning_rate': 0.008824716114301634, 'depth': 9, 'l2_leaf_reg': 0.9119311675249149, 'min_child_samples': 32}. Best is trial 6 with value: 2.0027420110924474.
[I 2025-03-12 10:57:40,227] Trial 15 finished with value: 2.0767254966467057 and parameters: {'learning_rate': 0.011980544134037133, 'depth': 1, 'l2_leaf_reg': 1.9877897014378874, 'min_child_samples': 8}. Best is trial 6 with value: 2.0027420110924474.
[I 2025-03-12 10:58:32,025] Trial 16 finished with value: 2.1278514521092458 and parameters: {'learning_rate': 0.0003761583702205865, 'depth': 13, 'l2_leaf_reg': 1.0156301959597969, 'min_child_samples': 32}. Best is trial 6 with value: 2.0027420110924474.
[I 2025-03-12 10:58:53,715] Trial 17 finished with value: 2.0063145511542153 and parameters: {'learning_rate': 0.019494190466746816, 'depth': 9, 'l2_leaf_reg': 2.918213253408784, 'min_child_samples': 32}. Best is trial 6 with value: 2.0027420110924474.
[I 2025-03-12 10:59:19,143] Trial 18 finished with value: 2.024661667775859 and parameters: {'learning_rate': 0.014482893958739498, 'depth': 14, 'l2_leaf_reg': 1.995972164943034, 'min_child_samples': 32}. Best is trial 6 with value: 2.0027420110924474.
[I 2025-03-12 11:00:02,713] Trial 19 finished with value: 2.0075018140136414 and parameters: {'learning_rate': 0.006612305067218495, 'depth': 8, 'l2_leaf_reg': 1.2751417408163332, 'min_child_samples': 8}. Best is trial 6 with value: 2.0027420110924474.
[I 2025-03-12 11:00:29,422] Trial 20 finished with value: 2.0101136017891053 and parameters: {'learning_rate': 0.017617608451904396, 'depth': 10, 'l2_leaf_reg': 1.7716875181592198, 'min_child_samples': 4}. Best is trial 6 with value: 2.0027420110924474.
[I 2025-03-12 11:00:59,478] Trial 21 finished with value: 2.006261269687254 and parameters: {'learning_rate': 0.009245652979312199, 'depth': 7, 'l2_leaf_reg': 0.7924185965263786, 'min_child_samples': 32}. Best is trial 6 with value: 2.0027420110924474.
[I 2025-03-12 11:01:52,379] Trial 22 finished with value: 2.0060872299645767 and parameters: {'learning_rate': 0.007830102099383876, 'depth': 10, 'l2_leaf_reg': 0.6451420831255896, 'min_child_samples': 32}. Best is trial 6 with value: 2.0027420110924474.
[I 2025-03-12 11:02:31,835] Trial 23 finished with value: 2.0157891683884244 and parameters: {'learning_rate': 0.010001572059233887, 'depth': 13, 'l2_leaf_reg': 1.2293138694214785, 'min_child_samples': 32}. Best is trial 6 with value: 2.0027420110924474.
[I 2025-03-12 11:03:32,711] Trial 24 finished with value: 2.0054734417554823 and parameters: {'learning_rate': 0.004683091242070274, 'depth': 9, 'l2_leaf_reg': 1.3194721734427801, 'min_child_samples': 32}. Best is trial 6 with value: 2.0027420110924474.
[I 2025-03-12 11:04:19,665] Trial 25 finished with value: 1.998760951776887 and parameters: {'learning_rate': 0.012496296129617031, 'depth': 11, 'l2_leaf_reg': 0.6476843850965597, 'min_child_samples': 1}. Best is trial 25 with value: 1.998760951776887.
[I 2025-03-12 11:05:02,996] Trial 26 finished with value: 2.00622686670121 and parameters: {'learning_rate': 0.013363490934637741, 'depth': 12, 'l2_leaf_reg': 0.5445022887657522, 'min_child_samples': 1}. Best is trial 25 with value: 1.998760951776887.
[I 2025-03-12 11:16:58,787] Trial 27 finished with value: 2.005547050169795 and parameters: {'learning_rate': 0.01594326693984803, 'depth': 11, 'l2_leaf_reg': 2.2601422164202116, 'min_child_samples': 1}. Best is trial 25 with value: 1.998760951776887.
[I 2025-03-12 11:17:13,384] Trial 28 finished with value: 2.016675332419475 and parameters: {'learning_rate': 0.018292345230966657, 'depth': 14, 'l2_leaf_reg': 1.7518679609757486, 'min_child_samples': 1}. Best is trial 25 with value: 1.998760951776887.
[I 2025-03-12 11:17:19,082] Trial 29 finished with value: 2.0033899699080857 and parameters: {'learning_rate': 0.0146157748331013, 'depth': 10, 'l2_leaf_reg': 1.4656564858538403, 'min_child_samples': 1}. Best is trial 25 with value: 1.998760951776887.
[I 2025-03-12 11:17:23,669] Trial 30 finished with value: 2.009928061408455 and parameters: {'learning_rate': 0.011883808126549232, 'depth': 12, 'l2_leaf_reg': 0.4213375052905223, 'min_child_samples': 1}. Best is trial 25 with value: 1.998760951776887.
[I 2025-03-12 11:17:26,757] Trial 31 finished with value: 2.0016047365134466 and parameters: {'learning_rate': 0.014182827379072494, 'depth': 10, 'l2_leaf_reg': 1.4304958528111928, 'min_child_samples': 1}. Best is trial 25 with value: 1.998760951776887.
[I 2025-03-12 11:17:29,836] Trial 32 finished with value: 2.006314381243507 and parameters: {'learning_rate': 0.01327338254483678, 'depth': 7, 'l2_leaf_reg': 2.216805812334939, 'min_child_samples': 1}. Best is trial 25 with value: 1.998760951776887.
[I 2025-03-12 11:17:37,615] Trial 33 finished with value: 2.0028402860610197 and parameters: {'learning_rate': 0.01564819916117817, 'depth': 10, 'l2_leaf_reg': 0.09855845793755624, 'min_child_samples': 1}. Best is trial 25 with value: 1.998760951776887.
[I 2025-03-12 11:17:48,037] Trial 34 finished with value: 2.005081728436784 and parameters: {'learning_rate': 0.01604386714574305, 'depth': 7, 'l2_leaf_reg': 0.015792890622650588, 'min_child_samples': 1}. Best is trial 25 with value: 1.998760951776887.
[I 2025-03-12 11:17:52,047] Trial 35 finished with value: 2.0054053003245658 and parameters: {'learning_rate': 0.010756572803767128, 'depth': 10, 'l2_leaf_reg': 0.20384895322040608, 'min_child_samples': 1}. Best is trial 25 with value: 1.998760951776887.
[I 2025-03-12 11:17:58,698] Trial 36 finished with value: 2.01346702305921 and parameters: {'learning_rate': 0.01333435189273268, 'depth': 13, 'l2_leaf_reg': 0.3578198458287336, 'min_child_samples': 1}. Best is trial 25 with value: 1.998760951776887.
[I 2025-03-12 11:18:07,542] Trial 37 finished with value: 2.014344179545323 and parameters: {'learning_rate': 0.01526582860264771, 'depth': 8, 'l2_leaf_reg': 0.7893594455114676, 'min_child_samples': 1}. Best is trial 25 with value: 1.998760951776887.
[I 2025-03-12 11:18:16,160] Trial 38 finished with value: 2.076613258947652 and parameters: {'learning_rate': 0.016641826265623636, 'depth': 1, 'l2_leaf_reg': 0.027106764292725904, 'min_child_samples': 16}. Best is trial 25 with value: 1.998760951776887.
[I 2025-03-12 11:18:19,625] Trial 39 finished with value: 2.029132167718571 and parameters: {'learning_rate': 0.007456035548139333, 'depth': 3, 'l2_leaf_reg': 0.6132238867246111, 'min_child_samples': 4}. Best is trial 25 with value: 1.998760951776887.
[I 2025-03-12 11:18:22,872] Trial 40 finished with value: 2.0116162346273083 and parameters: {'learning_rate': 0.010927839033601127, 'depth': 6, 'l2_leaf_reg': 0.33166359881968344, 'min_child_samples': 1}. Best is trial 25 with value: 1.998760951776887.
[I 2025-03-12 11:18:30,700] Trial 41 finished with value: 2.0096382556800103 and parameters: {'learning_rate': 0.018718904972978425, 'depth': 11, 'l2_leaf_reg': 1.1315558612385588, 'min_child_samples': 8}. Best is trial 25 with value: 1.998760951776887.
[I 2025-03-12 11:18:48,318] Trial 42 finished with value: 2.0107014483064605 and parameters: {'learning_rate': 0.017143740204912043, 'depth': 12, 'l2_leaf_reg': 2.5497831206692636, 'min_child_samples': 1}. Best is trial 25 with value: 1.998760951776887.
[I 2025-03-12 11:19:04,503] Trial 43 finished with value: 2.00238533400124 and parameters: {'learning_rate': 0.012592412252365888, 'depth': 10, 'l2_leaf_reg': 2.7667781389183688, 'min_child_samples': 16}. Best is trial 25 with value: 1.998760951776887.
[I 2025-03-12 11:19:19,947] Trial 44 finished with value: 2.006535079335813 and parameters: {'learning_rate': 0.012589385703896694, 'depth': 9, 'l2_leaf_reg': 2.802659979763039, 'min_child_samples': 16}. Best is trial 25 with value: 1.998760951776887.
[I 2025-03-12 11:19:22,680] Trial 45 finished with value: 2.0069125696734256 and parameters: {'learning_rate': 0.0142481915275671, 'depth': 10, 'l2_leaf_reg': 2.6221687699158496, 'min_child_samples': 16}. Best is trial 25 with value: 1.998760951776887.
[I 2025-03-12 11:19:26,677] Trial 46 finished with value: 2.0051963296945834 and parameters: {'learning_rate': 0.010208140888013438, 'depth': 11, 'l2_leaf_reg': 2.301782026327461, 'min_child_samples': 16}. Best is trial 25 with value: 1.998760951776887.
[I 2025-03-12 11:19:29,676] Trial 47 finished with value: 2.0110085024420306 and parameters: {'learning_rate': 0.011671437748979809, 'depth': 9, 'l2_leaf_reg': 2.762174128715311, 'min_child_samples': 16}. Best is trial 25 with value: 1.998760951776887.
[I 2025-03-12 11:20:18,106] Trial 48 finished with value: 2.0307744455232464 and parameters: {'learning_rate': 0.0052560172052300725, 'depth': 16, 'l2_leaf_reg': 1.5589398248291775, 'min_child_samples': 4}. Best is trial 25 with value: 1.998760951776887.
[I 2025-03-12 11:20:20,386] Trial 49 finished with value: 2.0070600336375075 and parameters: {'learning_rate': 0.01501252984515794, 'depth': 8, 'l2_leaf_reg': 2.4091855392329795, 'min_child_samples': 16}. Best is trial 25 with value: 1.998760951776887.
[I 2025-03-12 11:20:23,179] Trial 50 finished with value: 2.0036242233550814 and parameters: {'learning_rate': 0.01258187269249035, 'depth': 10, 'l2_leaf_reg': 2.1496981082319913, 'min_child_samples': 1}. Best is trial 25 with value: 1.998760951776887.
[I 2025-03-12 11:20:27,061] Trial 51 finished with value: 2.001259789022992 and parameters: {'learning_rate': 0.013273541288171018, 'depth': 11, 'l2_leaf_reg': 1.868581314257315, 'min_child_samples': 32}. Best is trial 25 with value: 1.998760951776887.
[I 2025-03-12 11:20:30,783] Trial 52 finished with value: 2.005888778365019 and parameters: {'learning_rate': 0.013038115991065745, 'depth': 12, 'l2_leaf_reg': 2.443284591586886, 'min_child_samples': 8}. Best is trial 25 with value: 1.998760951776887.
[I 2025-03-12 11:20:34,229] Trial 53 finished with value: 2.0085032728923666 and parameters: {'learning_rate': 0.01417203387611263, 'depth': 11, 'l2_leaf_reg': 2.9721252775589324, 'min_child_samples': 32}. Best is trial 25 with value: 1.998760951776887.
[I 2025-03-12 11:20:40,159] Trial 54 finished with value: 2.014563596862759 and parameters: {'learning_rate': 0.011372264830731412, 'depth': 13, 'l2_leaf_reg': 1.8851905134188256, 'min_child_samples': 32}. Best is trial 25 with value: 1.998760951776887.
[I 2025-03-12 11:20:42,771] Trial 55 finished with value: 2.0058744040640675 and parameters: {'learning_rate': 0.01366096664735588, 'depth': 9, 'l2_leaf_reg': 1.4172262011965349, 'min_child_samples': 1}. Best is trial 25 with value: 1.998760951776887.
[I 2025-03-12 11:20:47,983] Trial 56 finished with value: 2.0074603570245357 and parameters: {'learning_rate': 0.0031396389762057804, 'depth': 10, 'l2_leaf_reg': 0.93367434091685, 'min_child_samples': 32}. Best is trial 25 with value: 1.998760951776887.
[I 2025-03-12 11:20:53,071] Trial 57 finished with value: 2.010927193590964 and parameters: {'learning_rate': 0.009465711439445848, 'depth': 12, 'l2_leaf_reg': 2.1130732866555113, 'min_child_samples': 4}. Best is trial 25 with value: 1.998760951776887.
[I 2025-03-12 11:20:56,284] Trial 58 finished with value: 2.0096219254207073 and parameters: {'learning_rate': 0.015127667272347172, 'depth': 11, 'l2_leaf_reg': 1.6281026188118002, 'min_child_samples': 16}. Best is trial 25 with value: 1.998760951776887.
[I 2025-03-12 11:20:58,986] Trial 59 finished with value: 2.009534014404184 and parameters: {'learning_rate': 0.008165622312832873, 'depth': 8, 'l2_leaf_reg': 2.708403214767595, 'min_child_samples': 32}. Best is trial 25 with value: 1.998760951776887.
[I 2025-03-12 11:21:13,641] Trial 60 finished with value: 2.018144863609503 and parameters: {'learning_rate': 0.00643961683469274, 'depth': 14, 'l2_leaf_reg': 0.20306880569511312, 'min_child_samples': 8}. Best is trial 25 with value: 1.998760951776887.
[I 2025-03-12 11:21:16,527] Trial 61 finished with value: 2.011205558252419 and parameters: {'learning_rate': 0.017974446876173947, 'depth': 11, 'l2_leaf_reg': 1.784976220940606, 'min_child_samples': 32}. Best is trial 25 with value: 1.998760951776887.
[I 2025-03-12 11:21:19,266] Trial 62 finished with value: 2.004779334717686 and parameters: {'learning_rate': 0.016839856075852404, 'depth': 10, 'l2_leaf_reg': 2.8337203162263562, 'min_child_samples': 32}. Best is trial 25 with value: 1.998760951776887.
[I 2025-03-12 11:21:21,538] Trial 63 finished with value: 2.012292417647164 and parameters: {'learning_rate': 0.019514659688012387, 'depth': 9, 'l2_leaf_reg': 1.1474804226708193, 'min_child_samples': 32}. Best is trial 25 with value: 1.998760951776887.
[I 2025-03-12 11:21:24,956] Trial 64 finished with value: 2.003999457230202 and parameters: {'learning_rate': 0.012507779918842474, 'depth': 11, 'l2_leaf_reg': 1.940919243579417, 'min_child_samples': 32}. Best is trial 25 with value: 1.998760951776887.
[I 2025-03-12 11:21:33,884] Trial 65 finished with value: 2.0110095798218395 and parameters: {'learning_rate': 0.005564010866221974, 'depth': 13, 'l2_leaf_reg': 1.3771916987141954, 'min_child_samples': 1}. Best is trial 25 with value: 1.998760951776887.
[I 2025-03-12 11:21:37,643] Trial 66 finished with value: 2.0085927798144425 and parameters: {'learning_rate': 0.013798988156038687, 'depth': 12, 'l2_leaf_reg': 0.7770709005518289, 'min_child_samples': 32}. Best is trial 25 with value: 1.998760951776887.
[I 2025-03-12 11:21:40,670] Trial 67 finished with value: 2.0001156345513134 and parameters: {'learning_rate': 0.016072465498781902, 'depth': 10, 'l2_leaf_reg': 1.5711097452469316, 'min_child_samples': 1}. Best is trial 25 with value: 1.998760951776887.
[I 2025-03-12 11:21:43,371] Trial 68 finished with value: 2.0024623470329894 and parameters: {'learning_rate': 0.016074317576611256, 'depth': 10, 'l2_leaf_reg': 0.4528345998508464, 'min_child_samples': 1}. Best is trial 25 with value: 1.998760951776887.
[I 2025-03-12 11:21:46,260] Trial 69 finished with value: 2.010237691303264 and parameters: {'learning_rate': 0.01477878801099963, 'depth': 9, 'l2_leaf_reg': 1.5600285970647714, 'min_child_samples': 1}. Best is trial 25 with value: 1.998760951776887.
[I 2025-03-12 11:21:48,988] Trial 70 finished with value: 2.000617458426721 and parameters: {'learning_rate': 0.016372487247077662, 'depth': 10, 'l2_leaf_reg': 0.5280801253349516, 'min_child_samples': 1}. Best is trial 25 with value: 1.998760951776887.
[I 2025-03-12 11:21:51,879] Trial 71 finished with value: 2.0075366939875385 and parameters: {'learning_rate': 0.016291947409266615, 'depth': 9, 'l2_leaf_reg': 0.6064414520138949, 'min_child_samples': 1}. Best is trial 25 with value: 1.998760951776887.
[I 2025-03-12 11:21:54,826] Trial 72 finished with value: 2.0061695053125184 and parameters: {'learning_rate': 0.01560596931345831, 'depth': 10, 'l2_leaf_reg': 0.517937594870123, 'min_child_samples': 1}. Best is trial 25 with value: 1.998760951776887.
[I 2025-03-12 11:21:58,072] Trial 73 finished with value: 2.0047139698786753 and parameters: {'learning_rate': 0.017418602685699128, 'depth': 11, 'l2_leaf_reg': 0.465693069445169, 'min_child_samples': 1}. Best is trial 25 with value: 1.998760951776887.
[I 2025-03-12 11:22:01,012] Trial 74 finished with value: 2.0021665752870534 and parameters: {'learning_rate': 0.014193267469227708, 'depth': 10, 'l2_leaf_reg': 1.0317569309699959, 'min_child_samples': 1}. Best is trial 25 with value: 1.998760951776887.
[I 2025-03-12 11:22:04,027] Trial 75 finished with value: 1.9997310437386755 and parameters: {'learning_rate': 0.014294848860205477, 'depth': 10, 'l2_leaf_reg': 0.7036863243775265, 'min_child_samples': 1}. Best is trial 25 with value: 1.998760951776887.
[I 2025-03-12 11:22:07,549] Trial 76 finished with value: 2.004242383240142 and parameters: {'learning_rate': 0.013931254320708242, 'depth': 11, 'l2_leaf_reg': 0.714625698766078, 'min_child_samples': 1}. Best is trial 25 with value: 1.998760951776887.
[I 2025-03-12 11:22:09,896] Trial 77 finished with value: 2.0081084970796668 and parameters: {'learning_rate': 0.01313637853218334, 'depth': 8, 'l2_leaf_reg': 0.9711069954751701, 'min_child_samples': 1}. Best is trial 25 with value: 1.998760951776887.
[I 2025-03-12 11:22:12,838] Trial 78 finished with value: 2.003663575900145 and parameters: {'learning_rate': 0.014685562218038033, 'depth': 10, 'l2_leaf_reg': 1.1135248031653988, 'min_child_samples': 1}. Best is trial 25 with value: 1.998760951776887.
[I 2025-03-12 11:22:17,001] Trial 79 finished with value: 2.012499785587349 and parameters: {'learning_rate': 0.01141110256370479, 'depth': 12, 'l2_leaf_reg': 1.2073205317125137, 'min_child_samples': 1}. Best is trial 25 with value: 1.998760951776887.
[I 2025-03-12 11:22:20,108] Trial 80 finished with value: 2.009603316586143 and parameters: {'learning_rate': 0.012072022059628661, 'depth': 10, 'l2_leaf_reg': 0.8505239222254654, 'min_child_samples': 1}. Best is trial 25 with value: 1.998760951776887.
[I 2025-03-12 11:22:22,826] Trial 81 finished with value: 1.9995047518330422 and parameters: {'learning_rate': 0.016499557520058824, 'depth': 10, 'l2_leaf_reg': 0.30586067854952315, 'min_child_samples': 1}. Best is trial 25 with value: 1.998760951776887.
[I 2025-03-12 11:22:25,110] Trial 82 finished with value: 2.010535435656625 and parameters: {'learning_rate': 0.01660939540306352, 'depth': 9, 'l2_leaf_reg': 0.32343683638112825, 'min_child_samples': 1}. Best is trial 25 with value: 1.998760951776887.
[I 2025-03-12 11:22:28,447] Trial 83 finished with value: 2.000715181165324 and parameters: {'learning_rate': 0.01546458759217271, 'depth': 10, 'l2_leaf_reg': 0.6449084652690766, 'min_child_samples': 1}. Best is trial 25 with value: 1.998760951776887.
[I 2025-03-12 11:22:31,461] Trial 84 finished with value: 2.011556485881009 and parameters: {'learning_rate': 0.015506651012454556, 'depth': 11, 'l2_leaf_reg': 0.7192783444001192, 'min_child_samples': 1}. Best is trial 25 with value: 1.998760951776887.
[I 2025-03-12 11:22:34,643] Trial 85 finished with value: 2.004344480175284 and parameters: {'learning_rate': 0.017958422421664517, 'depth': 11, 'l2_leaf_reg': 0.678250933968962, 'min_child_samples': 1}. Best is trial 25 with value: 1.998760951776887.
[I 2025-03-12 11:22:37,178] Trial 86 finished with value: 2.004509046367656 and parameters: {'learning_rate': 0.018546657107819376, 'depth': 9, 'l2_leaf_reg': 0.8507322854443342, 'min_child_samples': 1}. Best is trial 25 with value: 1.998760951776887.
[I 2025-03-12 11:22:40,156] Trial 87 finished with value: 2.0054024100810253 and parameters: {'learning_rate': 0.014565638831848875, 'depth': 10, 'l2_leaf_reg': 1.0381411934506448, 'min_child_samples': 1}. Best is trial 25 with value: 1.998760951776887.
[I 2025-03-12 11:22:42,662] Trial 88 finished with value: 2.0086795442093663 and parameters: {'learning_rate': 0.01518075676439653, 'depth': 8, 'l2_leaf_reg': 0.5218270887010719, 'min_child_samples': 1}. Best is trial 25 with value: 1.998760951776887.
[I 2025-03-12 11:22:46,394] Trial 89 finished with value: 2.007016329507246 and parameters: {'learning_rate': 0.014017060814474472, 'depth': 12, 'l2_leaf_reg': 0.26858744972775783, 'min_child_samples': 1}. Best is trial 25 with value: 1.998760951776887.
[I 2025-03-12 11:22:49,471] Trial 90 finished with value: 2.007287683150925 and parameters: {'learning_rate': 0.0169602083614883, 'depth': 11, 'l2_leaf_reg': 0.6001415623863136, 'min_child_samples': 1}. Best is trial 25 with value: 1.998760951776887.
