[I 2025-03-12 18:51:45,588] Trial 206 finished with value: 0.18340964068907847 and parameters: {'learning_rate': 0.01963266514073355, 'depth': 11, 'l2_leaf_reg': 2.3504391035970693, 'min_child_samples': 4}. Best is trial 162 with value: 0.1810990582110349.
[I 2025-03-12 18:51:50,041] Trial 207 finished with value: 0.1821173612457608 and parameters: {'learning_rate': 0.01904294577042939, 'depth': 11, 'l2_leaf_reg': 2.6115400730225824, 'min_child_samples': 8}. Best is trial 162 with value: 0.1810990582110349.
[I 2025-03-12 18:51:54,695] Trial 208 finished with value: 0.18451427036757448 and parameters: {'learning_rate': 0.018733589747197403, 'depth': 11, 'l2_leaf_reg': 2.6155775641886385, 'min_child_samples': 8}. Best is trial 162 with value: 0.1810990582110349.
[I 2025-03-12 18:51:58,114] Trial 209 finished with value: 0.18567566546627814 and parameters: {'learning_rate': 0.01961363062595332, 'depth': 10, 'l2_leaf_reg': 2.544743810563606, 'min_child_samples': 8}. Best is trial 162 with value: 0.1810990582110349.
[I 2025-03-12 18:52:04,104] Trial 210 finished with value: 0.1871441580081518 and parameters: {'learning_rate': 0.01918863319462472, 'depth': 12, 'l2_leaf_reg': 2.4208504882790924, 'min_child_samples': 8}. Best is trial 162 with value: 0.1810990582110349.
[I 2025-03-12 18:52:08,478] Trial 211 finished with value: 0.18307156739629052 and parameters: {'learning_rate': 0.019039036170703637, 'depth': 11, 'l2_leaf_reg': 2.5284749670649016, 'min_child_samples': 8}. Best is trial 162 with value: 0.1810990582110349.
[I 2025-03-12 18:52:12,887] Trial 212 finished with value: 0.18809362935433316 and parameters: {'learning_rate': 0.011880488767014483, 'depth': 11, 'l2_leaf_reg': 2.6029764375035316, 'min_child_samples': 8}. Best is trial 162 with value: 0.1810990582110349.
[I 2025-03-12 18:52:17,231] Trial 213 finished with value: 0.18355987664916906 and parameters: {'learning_rate': 0.01963329680316358, 'depth': 11, 'l2_leaf_reg': 2.4685539057468544, 'min_child_samples': 8}. Best is trial 162 with value: 0.1810990582110349.
[I 2025-03-12 18:52:21,903] Trial 214 finished with value: 0.18462544131931186 and parameters: {'learning_rate': 0.019996526635979426, 'depth': 11, 'l2_leaf_reg': 2.371054040838359, 'min_child_samples': 8}. Best is trial 162 with value: 0.1810990582110349.
[I 2025-03-12 18:52:25,405] Trial 215 finished with value: 0.18383504267065595 and parameters: {'learning_rate': 0.019188522654829666, 'depth': 10, 'l2_leaf_reg': 2.460705677528508, 'min_child_samples': 8}. Best is trial 162 with value: 0.1810990582110349.
[I 2025-03-12 18:52:29,889] Trial 216 finished with value: 0.18341910154009006 and parameters: {'learning_rate': 0.01876144149086818, 'depth': 11, 'l2_leaf_reg': 2.5584696653533965, 'min_child_samples': 8}. Best is trial 162 with value: 0.1810990582110349.
[I 2025-03-12 18:52:36,188] Trial 217 finished with value: 0.18704617666950601 and parameters: {'learning_rate': 0.019511853585269072, 'depth': 12, 'l2_leaf_reg': 2.637673606709226, 'min_child_samples': 8}. Best is trial 162 with value: 0.1810990582110349.
[I 2025-03-12 18:52:40,883] Trial 218 finished with value: 0.18341492158724193 and parameters: {'learning_rate': 0.019264359861378096, 'depth': 11, 'l2_leaf_reg': 2.514022006960906, 'min_child_samples': 16}. Best is trial 162 with value: 0.1810990582110349.
[I 2025-03-12 18:52:45,246] Trial 219 finished with value: 0.18348787574924236 and parameters: {'learning_rate': 0.018856835099505694, 'depth': 11, 'l2_leaf_reg': 2.389418232376075, 'min_child_samples': 8}. Best is trial 162 with value: 0.1810990582110349.
[I 2025-03-12 18:52:49,587] Trial 220 finished with value: 0.18301352545866365 and parameters: {'learning_rate': 0.019646808063261387, 'depth': 11, 'l2_leaf_reg': 2.435980716573344, 'min_child_samples': 8}. Best is trial 162 with value: 0.1810990582110349.
[I 2025-03-12 18:52:53,943] Trial 221 finished with value: 0.182968217672177 and parameters: {'learning_rate': 0.019369191678361753, 'depth': 11, 'l2_leaf_reg': 2.3194873341453155, 'min_child_samples': 8}. Best is trial 162 with value: 0.1810990582110349.
[I 2025-03-12 18:52:58,564] Trial 222 finished with value: 0.18382649617339672 and parameters: {'learning_rate': 0.01927323119704818, 'depth': 11, 'l2_leaf_reg': 2.2666393319400413, 'min_child_samples': 8}. Best is trial 162 with value: 0.1810990582110349.
[I 2025-03-12 18:53:02,985] Trial 223 finished with value: 0.18277393715001877 and parameters: {'learning_rate': 0.019694041103462925, 'depth': 11, 'l2_leaf_reg': 2.57412672588725, 'min_child_samples': 8}. Best is trial 162 with value: 0.1810990582110349.
[I 2025-03-12 18:53:07,566] Trial 224 finished with value: 0.18317046577626594 and parameters: {'learning_rate': 0.0199607020574828, 'depth': 11, 'l2_leaf_reg': 2.5840917100268737, 'min_child_samples': 8}. Best is trial 162 with value: 0.1810990582110349.
[I 2025-03-12 18:53:10,872] Trial 225 finished with value: 0.9017487458220561 and parameters: {'learning_rate': 0.00015347007817071746, 'depth': 10, 'l2_leaf_reg': 2.5015939110397607, 'min_child_samples': 8}. Best is trial 162 with value: 0.1810990582110349.
[I 2025-03-12 18:53:15,406] Trial 226 finished with value: 0.18391215101214559 and parameters: {'learning_rate': 0.019587529197655277, 'depth': 11, 'l2_leaf_reg': 2.6438147593653483, 'min_child_samples': 8}. Best is trial 162 with value: 0.1810990582110349.
[I 2025-03-12 18:53:19,722] Trial 227 finished with value: 0.18274107869205572 and parameters: {'learning_rate': 0.019999039135271693, 'depth': 11, 'l2_leaf_reg': 2.555541116724417, 'min_child_samples': 8}. Best is trial 162 with value: 0.1810990582110349.
[I 2025-03-12 18:53:24,312] Trial 228 finished with value: 0.18181845958730294 and parameters: {'learning_rate': 0.0199834209114084, 'depth': 11, 'l2_leaf_reg': 2.5493046453051327, 'min_child_samples': 8}. Best is trial 162 with value: 0.1810990582110349.
[I 2025-03-12 18:53:30,580] Trial 229 finished with value: 0.18558786427847593 and parameters: {'learning_rate': 0.019655409624981784, 'depth': 12, 'l2_leaf_reg': 2.55612075884923, 'min_child_samples': 8}. Best is trial 162 with value: 0.1810990582110349.
[I 2025-03-12 18:53:36,877] Trial 230 finished with value: 0.1846801784772209 and parameters: {'learning_rate': 0.019957321137122137, 'depth': 12, 'l2_leaf_reg': 2.60068477322939, 'min_child_samples': 8}. Best is trial 162 with value: 0.1810990582110349.
[I 2025-03-12 18:53:41,405] Trial 231 finished with value: 0.18230434275809757 and parameters: {'learning_rate': 0.01998636591961575, 'depth': 11, 'l2_leaf_reg': 2.4658718639915724, 'min_child_samples': 8}. Best is trial 162 with value: 0.1810990582110349.
[I 2025-03-12 18:53:45,839] Trial 232 finished with value: 0.18370586061110403 and parameters: {'learning_rate': 0.019586884355566558, 'depth': 11, 'l2_leaf_reg': 2.4892556629747276, 'min_child_samples': 8}. Best is trial 162 with value: 0.1810990582110349.
[I 2025-03-12 18:53:50,603] Trial 233 finished with value: 0.18081110637386957 and parameters: {'learning_rate': 0.019968342783376707, 'depth': 11, 'l2_leaf_reg': 2.5288836646413086, 'min_child_samples': 8}. Best is trial 233 with value: 0.18081110637386957.
[I 2025-03-12 18:53:57,579] Trial 234 finished with value: 0.18162828532392136 and parameters: {'learning_rate': 0.019975164739834274, 'depth': 11, 'l2_leaf_reg': 2.4596827465690385, 'min_child_samples': 8}. Best is trial 233 with value: 0.18081110637386957.
[I 2025-03-12 18:54:03,881] Trial 235 finished with value: 0.18366853888269952 and parameters: {'learning_rate': 0.019160353697645034, 'depth': 11, 'l2_leaf_reg': 2.4416824684817597, 'min_child_samples': 8}. Best is trial 233 with value: 0.18081110637386957.
[I 2025-03-12 18:54:11,234] Trial 236 finished with value: 0.18284824978239897 and parameters: {'learning_rate': 0.01941369151397103, 'depth': 11, 'l2_leaf_reg': 2.466068868984097, 'min_child_samples': 32}. Best is trial 233 with value: 0.18081110637386957.
[I 2025-03-12 18:54:19,136] Trial 237 finished with value: 0.18322238126998258 and parameters: {'learning_rate': 0.018828630702425905, 'depth': 11, 'l2_leaf_reg': 2.508291825892724, 'min_child_samples': 8}. Best is trial 233 with value: 0.18081110637386957.
[I 2025-03-12 18:54:53,067] Trial 238 finished with value: 0.2293029411227789 and parameters: {'learning_rate': 0.019525598141168637, 'depth': 15, 'l2_leaf_reg': 2.3906187784833146, 'min_child_samples': 8}. Best is trial 233 with value: 0.18081110637386957.
[I 2025-03-12 18:54:58,154] Trial 239 finished with value: 0.18353633280590143 and parameters: {'learning_rate': 0.019993785069036495, 'depth': 10, 'l2_leaf_reg': 2.4434238245037903, 'min_child_samples': 8}. Best is trial 233 with value: 0.18081110637386957.
[I 2025-03-12 18:55:05,101] Trial 240 finished with value: 0.1827284645453704 and parameters: {'learning_rate': 0.019147743669880736, 'depth': 11, 'l2_leaf_reg': 2.664732425469599, 'min_child_samples': 8}. Best is trial 233 with value: 0.18081110637386957.
[I 2025-03-12 18:55:12,956] Trial 241 finished with value: 0.1834811615972542 and parameters: {'learning_rate': 0.019195938193774804, 'depth': 11, 'l2_leaf_reg': 2.6597887617351463, 'min_child_samples': 8}. Best is trial 233 with value: 0.18081110637386957.
[I 2025-03-12 18:55:20,523] Trial 242 finished with value: 0.18646596202574708 and parameters: {'learning_rate': 0.01340836815600792, 'depth': 11, 'l2_leaf_reg': 2.5213875978836287, 'min_child_samples': 8}. Best is trial 233 with value: 0.18081110637386957.
[I 2025-03-12 18:55:28,811] Trial 243 finished with value: 0.18352444190712908 and parameters: {'learning_rate': 0.01964937657102888, 'depth': 11, 'l2_leaf_reg': 2.510226858697623, 'min_child_samples': 8}. Best is trial 233 with value: 0.18081110637386957.
[I 2025-03-12 18:55:36,092] Trial 244 finished with value: 0.19136574149701915 and parameters: {'learning_rate': 0.010092998775198455, 'depth': 11, 'l2_leaf_reg': 2.6000858127840036, 'min_child_samples': 8}. Best is trial 233 with value: 0.18081110637386957.
[I 2025-03-12 18:55:44,210] Trial 245 finished with value: 0.18334416646045415 and parameters: {'learning_rate': 0.01894977438874204, 'depth': 11, 'l2_leaf_reg': 2.4320412799560924, 'min_child_samples': 8}. Best is trial 233 with value: 0.18081110637386957.
[I 2025-03-12 18:55:53,745] Trial 246 finished with value: 0.1862506126364146 and parameters: {'learning_rate': 0.01999139980773339, 'depth': 12, 'l2_leaf_reg': 2.479466184761842, 'min_child_samples': 8}. Best is trial 233 with value: 0.18081110637386957.
[I 2025-03-12 18:55:59,316] Trial 247 finished with value: 0.18272271151762493 and parameters: {'learning_rate': 0.018562785079182784, 'depth': 11, 'l2_leaf_reg': 2.3332730056008053, 'min_child_samples': 8}. Best is trial 233 with value: 0.18081110637386957.
[I 2025-03-12 18:56:02,726] Trial 248 finished with value: 0.18637565694196556 and parameters: {'learning_rate': 0.018417342410544484, 'depth': 10, 'l2_leaf_reg': 2.349454633913444, 'min_child_samples': 4}. Best is trial 233 with value: 0.18081110637386957.
[I 2025-03-12 18:56:06,352] Trial 249 finished with value: 0.18576918977405618 and parameters: {'learning_rate': 0.01865131062847537, 'depth': 10, 'l2_leaf_reg': 2.5523205318291895, 'min_child_samples': 8}. Best is trial 233 with value: 0.18081110637386957.
[I 2025-03-12 18:56:11,076] Trial 250 finished with value: 0.18364159366241775 and parameters: {'learning_rate': 0.01927172633767239, 'depth': 11, 'l2_leaf_reg': 2.6863865176785233, 'min_child_samples': 8}. Best is trial 233 with value: 0.18081110637386957.
[I 2025-03-12 18:56:15,502] Trial 251 finished with value: 0.1811507730725426 and parameters: {'learning_rate': 0.01952048904730851, 'depth': 11, 'l2_leaf_reg': 2.6356425035248963, 'min_child_samples': 1}. Best is trial 233 with value: 0.18081110637386957.
[I 2025-03-12 18:56:19,757] Trial 252 finished with value: 0.21702858485637985 and parameters: {'learning_rate': 0.005925999669725577, 'depth': 11, 'l2_leaf_reg': 2.405288623187906, 'min_child_samples': 1}. Best is trial 233 with value: 0.18081110637386957.
[I 2025-03-12 18:56:26,031] Trial 253 finished with value: 0.1864634074901866 and parameters: {'learning_rate': 0.01999580440204185, 'depth': 12, 'l2_leaf_reg': 2.604506579190388, 'min_child_samples': 1}. Best is trial 233 with value: 0.18081110637386957.
[I 2025-03-12 18:56:27,468] Trial 254 finished with value: 0.4809682060857987 and parameters: {'learning_rate': 0.019576780748231874, 'depth': 1, 'l2_leaf_reg': 2.465087796345149, 'min_child_samples': 1}. Best is trial 233 with value: 0.18081110637386957.
[I 2025-03-12 18:56:30,906] Trial 255 finished with value: 0.18559356473884536 and parameters: {'learning_rate': 0.019599715504942522, 'depth': 10, 'l2_leaf_reg': 2.5298359956248437, 'min_child_samples': 1}. Best is trial 233 with value: 0.18081110637386957.
[I 2025-03-12 18:56:35,399] Trial 256 finished with value: 0.18308822778462747 and parameters: {'learning_rate': 0.018896915527805817, 'depth': 11, 'l2_leaf_reg': 2.3597405920659655, 'min_child_samples': 1}. Best is trial 233 with value: 0.18081110637386957.
[I 2025-03-12 18:56:41,362] Trial 257 finished with value: 0.18606748465657158 and parameters: {'learning_rate': 0.019662269532995713, 'depth': 12, 'l2_leaf_reg': 2.427390172195497, 'min_child_samples': 16}. Best is trial 233 with value: 0.18081110637386957.
[I 2025-03-12 18:56:45,728] Trial 258 finished with value: 0.1828754511206889 and parameters: {'learning_rate': 0.019991468464095677, 'depth': 11, 'l2_leaf_reg': 2.536962983075595, 'min_child_samples': 8}. Best is trial 233 with value: 0.18081110637386957.
[I 2025-03-12 18:56:48,027] Trial 259 finished with value: 0.20484407477161826 and parameters: {'learning_rate': 0.019169792578058557, 'depth': 7, 'l2_leaf_reg': 2.606518216624404, 'min_child_samples': 8}. Best is trial 233 with value: 0.18081110637386957.
[I 2025-03-12 18:56:52,600] Trial 260 finished with value: 0.1829233330875084 and parameters: {'learning_rate': 0.018482250581779495, 'depth': 11, 'l2_leaf_reg': 2.4819630319390757, 'min_child_samples': 8}. Best is trial 233 with value: 0.18081110637386957.
[I 2025-03-12 18:56:56,353] Trial 261 finished with value: 0.18502045805738504 and parameters: {'learning_rate': 0.01938251179118697, 'depth': 10, 'l2_leaf_reg': 2.3249984630422085, 'min_child_samples': 1}. Best is trial 233 with value: 0.18081110637386957.
[I 2025-03-12 18:57:00,865] Trial 262 finished with value: 0.18194269882450284 and parameters: {'learning_rate': 0.01890408822346188, 'depth': 11, 'l2_leaf_reg': 2.423096036255372, 'min_child_samples': 8}. Best is trial 233 with value: 0.18081110637386957.
[I 2025-03-12 18:57:05,134] Trial 263 finished with value: 0.18346368343381764 and parameters: {'learning_rate': 0.01815085880183005, 'depth': 11, 'l2_leaf_reg': 2.3919779095736398, 'min_child_samples': 8}. Best is trial 233 with value: 0.18081110637386957.
[I 2025-03-12 18:57:11,447] Trial 264 finished with value: 0.18672722099782396 and parameters: {'learning_rate': 0.018708796434579275, 'depth': 12, 'l2_leaf_reg': 2.5556946632872526, 'min_child_samples': 8}. Best is trial 233 with value: 0.18081110637386957.
[I 2025-03-12 18:57:15,953] Trial 265 finished with value: 0.18371189001953211 and parameters: {'learning_rate': 0.01964065696399549, 'depth': 11, 'l2_leaf_reg': 2.5093017105688693, 'min_child_samples': 8}. Best is trial 233 with value: 0.18081110637386957.
[I 2025-03-12 18:57:20,258] Trial 266 finished with value: 0.19583990081973335 and parameters: {'learning_rate': 0.008779358043725137, 'depth': 11, 'l2_leaf_reg': 2.4304480986483767, 'min_child_samples': 8}. Best is trial 233 with value: 0.18081110637386957.
[I 2025-03-12 18:57:26,400] Trial 267 finished with value: 0.18697464042111858 and parameters: {'learning_rate': 0.018990029207904956, 'depth': 12, 'l2_leaf_reg': 2.634917096738577, 'min_child_samples': 8}. Best is trial 233 with value: 0.18081110637386957.
[I 2025-03-12 18:57:30,803] Trial 268 finished with value: 0.18125951675428836 and parameters: {'learning_rate': 0.01999282436045445, 'depth': 11, 'l2_leaf_reg': 2.3157896852115845, 'min_child_samples': 32}. Best is trial 233 with value: 0.18081110637386957.
[I 2025-03-12 18:57:34,290] Trial 269 finished with value: 0.18446469966143897 and parameters: {'learning_rate': 0.019970485258346264, 'depth': 10, 'l2_leaf_reg': 2.563117573997824, 'min_child_samples': 1}. Best is trial 233 with value: 0.18081110637386957.
[I 2025-03-12 18:57:38,908] Trial 270 finished with value: 0.18312537766189632 and parameters: {'learning_rate': 0.01963089670308832, 'depth': 11, 'l2_leaf_reg': 2.4666491344770862, 'min_child_samples': 32}. Best is trial 233 with value: 0.18081110637386957.
[I 2025-03-12 18:57:43,266] Trial 271 finished with value: 0.1835034020446243 and parameters: {'learning_rate': 0.01959885130590792, 'depth': 11, 'l2_leaf_reg': 2.3962485269733693, 'min_child_samples': 32}. Best is trial 233 with value: 0.18081110637386957.
[I 2025-03-12 18:57:47,495] Trial 272 finished with value: 0.1862238453624852 and parameters: {'learning_rate': 0.014440317876169926, 'depth': 11, 'l2_leaf_reg': 2.5069655980293324, 'min_child_samples': 32}. Best is trial 233 with value: 0.18081110637386957.
[I 2025-03-12 18:57:51,179] Trial 273 finished with value: 0.18286882651179745 and parameters: {'learning_rate': 0.019993302743031273, 'depth': 10, 'l2_leaf_reg': 2.669920800888979, 'min_child_samples': 8}. Best is trial 233 with value: 0.18081110637386957.
[I 2025-03-12 18:57:57,598] Trial 274 finished with value: 0.1868322556371399 and parameters: {'learning_rate': 0.019299317031996773, 'depth': 12, 'l2_leaf_reg': 2.5833986022995092, 'min_child_samples': 32}. Best is trial 233 with value: 0.18081110637386957.
[I 2025-03-12 18:58:01,888] Trial 275 finished with value: 0.18420912339516782 and parameters: {'learning_rate': 0.01962848800734364, 'depth': 11, 'l2_leaf_reg': 2.4616066759845565, 'min_child_samples': 32}. Best is trial 233 with value: 0.18081110637386957.
[I 2025-03-12 18:58:06,466] Trial 276 finished with value: 0.18195694382492308 and parameters: {'learning_rate': 0.019013958947871345, 'depth': 11, 'l2_leaf_reg': 2.3963554196073322, 'min_child_samples': 4}. Best is trial 233 with value: 0.18081110637386957.
[I 2025-03-12 18:58:10,924] Trial 277 finished with value: 0.18448480978329398 and parameters: {'learning_rate': 0.019318030871602342, 'depth': 11, 'l2_leaf_reg': 2.350181005821564, 'min_child_samples': 4}. Best is trial 233 with value: 0.18081110637386957.
[I 2025-03-12 18:58:15,539] Trial 278 finished with value: 0.18341245390205232 and parameters: {'learning_rate': 0.018933039715378814, 'depth': 11, 'l2_leaf_reg': 2.418300405845135, 'min_child_samples': 4}. Best is trial 233 with value: 0.18081110637386957.
[I 2025-03-12 18:58:21,696] Trial 279 finished with value: 0.18580888843618357 and parameters: {'learning_rate': 0.019974586706186286, 'depth': 12, 'l2_leaf_reg': 2.5241946361473135, 'min_child_samples': 8}. Best is trial 233 with value: 0.18081110637386957.
[I 2025-03-12 18:58:24,994] Trial 280 finished with value: 0.18439148003062505 and parameters: {'learning_rate': 0.019601466087464804, 'depth': 10, 'l2_leaf_reg': 2.642895812434074, 'min_child_samples': 4}. Best is trial 233 with value: 0.18081110637386957.
[I 2025-03-12 18:58:29,463] Trial 281 finished with value: 0.18495729688701493 and parameters: {'learning_rate': 0.019333364717090084, 'depth': 11, 'l2_leaf_reg': 2.318965094542545, 'min_child_samples': 4}. Best is trial 233 with value: 0.18081110637386957.
[I 2025-03-12 18:58:35,616] Trial 282 finished with value: 0.18831740899151944 and parameters: {'learning_rate': 0.018909620313076574, 'depth': 12, 'l2_leaf_reg': 2.592470820480783, 'min_child_samples': 4}. Best is trial 233 with value: 0.18081110637386957.
[I 2025-03-12 18:58:40,144] Trial 283 finished with value: 0.1812215759308534 and parameters: {'learning_rate': 0.01999004718828812, 'depth': 11, 'l2_leaf_reg': 2.401438420454584, 'min_child_samples': 8}. Best is trial 233 with value: 0.18081110637386957.
[I 2025-03-12 18:58:44,628] Trial 284 finished with value: 0.18411246576593557 and parameters: {'learning_rate': 0.01967460651638633, 'depth': 11, 'l2_leaf_reg': 2.393387379172212, 'min_child_samples': 32}. Best is trial 233 with value: 0.18081110637386957.
[I 2025-03-12 18:58:48,306] Trial 285 finished with value: 0.1847927723082448 and parameters: {'learning_rate': 0.01999868371878999, 'depth': 10, 'l2_leaf_reg': 2.304286733982011, 'min_child_samples': 8}. Best is trial 233 with value: 0.18081110637386957.
[I 2025-03-12 18:58:52,639] Trial 286 finished with value: 0.18259568862364267 and parameters: {'learning_rate': 0.019980157243105697, 'depth': 11, 'l2_leaf_reg': 2.4532036302286557, 'min_child_samples': 8}. Best is trial 233 with value: 0.18081110637386957.
[I 2025-03-12 18:58:57,186] Trial 287 finished with value: 0.18231184734423514 and parameters: {'learning_rate': 0.0194192198873554, 'depth': 11, 'l2_leaf_reg': 2.475169460305427, 'min_child_samples': 8}. Best is trial 233 with value: 0.18081110637386957.
[I 2025-03-12 18:59:01,444] Trial 288 finished with value: 0.1831718129340376 and parameters: {'learning_rate': 0.01933847908931399, 'depth': 11, 'l2_leaf_reg': 2.444944082269883, 'min_child_samples': 8}. Best is trial 233 with value: 0.18081110637386957.
[I 2025-03-12 18:59:07,863] Trial 289 finished with value: 0.18501696631557787 and parameters: {'learning_rate': 0.019528335492262135, 'depth': 12, 'l2_leaf_reg': 2.483316238688719, 'min_child_samples': 16}. Best is trial 233 with value: 0.18081110637386957.
[I 2025-03-12 18:59:11,433] Trial 290 finished with value: 0.18570628165631728 and parameters: {'learning_rate': 0.019331825792222822, 'depth': 10, 'l2_leaf_reg': 2.4061716299706584, 'min_child_samples': 8}. Best is trial 233 with value: 0.18081110637386957.
