[I 2025-03-12 18:31:48,107] Trial 121 finished with value: 0.18743788741605003 and parameters: {'learning_rate': 0.018291769161076225, 'depth': 12, 'l2_leaf_reg': 2.6704657132355796, 'min_child_samples': 8}. Best is trial 115 with value: 0.18271174688745442.
[I 2025-03-12 18:31:55,059] Trial 122 finished with value: 0.18331670911923345 and parameters: {'learning_rate': 0.018722740779060356, 'depth': 11, 'l2_leaf_reg': 2.7433154801768085, 'min_child_samples': 8}. Best is trial 115 with value: 0.18271174688745442.
[I 2025-03-12 18:32:02,149] Trial 123 finished with value: 0.18313326074628536 and parameters: {'learning_rate': 0.018764303460044332, 'depth': 11, 'l2_leaf_reg': 2.773532419960511, 'min_child_samples': 8}. Best is trial 115 with value: 0.18271174688745442.
[I 2025-03-12 18:32:07,902] Trial 124 finished with value: 0.1856731268933727 and parameters: {'learning_rate': 0.019313437962067463, 'depth': 10, 'l2_leaf_reg': 2.7440571092643147, 'min_child_samples': 8}. Best is trial 115 with value: 0.18271174688745442.
[I 2025-03-12 18:32:15,218] Trial 125 finished with value: 0.18520822678837365 and parameters: {'learning_rate': 0.017657076464621547, 'depth': 11, 'l2_leaf_reg': 2.845137040457468, 'min_child_samples': 8}. Best is trial 115 with value: 0.18271174688745442.
[I 2025-03-12 18:32:21,836] Trial 126 finished with value: 0.18739347136386403 and parameters: {'learning_rate': 0.018912705770903284, 'depth': 10, 'l2_leaf_reg': 2.76737024160334, 'min_child_samples': 8}. Best is trial 115 with value: 0.18271174688745442.
[I 2025-03-12 18:32:30,381] Trial 127 finished with value: 0.1859428190835384 and parameters: {'learning_rate': 0.01793237026732951, 'depth': 12, 'l2_leaf_reg': 2.9067944591003037, 'min_child_samples': 8}. Best is trial 115 with value: 0.18271174688745442.
[I 2025-03-12 18:32:37,178] Trial 128 finished with value: 0.18372958549167062 and parameters: {'learning_rate': 0.019568295640176078, 'depth': 11, 'l2_leaf_reg': 2.651077754913368, 'min_child_samples': 8}. Best is trial 115 with value: 0.18271174688745442.
[I 2025-03-12 18:32:44,178] Trial 129 finished with value: 0.18529610139215708 and parameters: {'learning_rate': 0.018792194848964425, 'depth': 11, 'l2_leaf_reg': 2.8424173787650973, 'min_child_samples': 8}. Best is trial 115 with value: 0.18271174688745442.
[I 2025-03-12 18:32:50,313] Trial 130 finished with value: 0.1863810933476141 and parameters: {'learning_rate': 0.01735594376890597, 'depth': 10, 'l2_leaf_reg': 2.9569038527791807, 'min_child_samples': 8}. Best is trial 115 with value: 0.18271174688745442.
[I 2025-03-12 18:32:58,155] Trial 131 finished with value: 0.18303141174326648 and parameters: {'learning_rate': 0.019636217189171436, 'depth': 11, 'l2_leaf_reg': 2.7063829118004628, 'min_child_samples': 8}. Best is trial 115 with value: 0.18271174688745442.
[I 2025-03-12 18:33:07,189] Trial 132 finished with value: 0.18758817345523465 and parameters: {'learning_rate': 0.019253395595631006, 'depth': 12, 'l2_leaf_reg': 2.7434953136638565, 'min_child_samples': 8}. Best is trial 115 with value: 0.18271174688745442.
[I 2025-03-12 18:33:13,561] Trial 133 finished with value: 0.18286243408973984 and parameters: {'learning_rate': 0.018415709020948343, 'depth': 11, 'l2_leaf_reg': 2.80523763364563, 'min_child_samples': 8}. Best is trial 115 with value: 0.18271174688745442.
[I 2025-03-12 18:33:19,830] Trial 134 finished with value: 0.18307437026046888 and parameters: {'learning_rate': 0.019641634336295528, 'depth': 11, 'l2_leaf_reg': 2.8118228320937004, 'min_child_samples': 8}. Best is trial 115 with value: 0.18271174688745442.
[I 2025-03-12 18:33:28,615] Trial 135 finished with value: 0.18686658950273435 and parameters: {'learning_rate': 0.019801023541427293, 'depth': 12, 'l2_leaf_reg': 2.704061655987016, 'min_child_samples': 8}. Best is trial 115 with value: 0.18271174688745442.
[I 2025-03-12 18:33:33,429] Trial 136 finished with value: 0.18481216297628164 and parameters: {'learning_rate': 0.019193302044624574, 'depth': 10, 'l2_leaf_reg': 2.803145368601003, 'min_child_samples': 8}. Best is trial 115 with value: 0.18271174688745442.
[I 2025-03-12 18:33:39,766] Trial 137 finished with value: 0.1823637076792797 and parameters: {'learning_rate': 0.019563989279565427, 'depth': 11, 'l2_leaf_reg': 2.5765375050041373, 'min_child_samples': 8}. Best is trial 137 with value: 0.1823637076792797.
[I 2025-03-12 18:33:45,822] Trial 138 finished with value: 0.18441202580670943 and parameters: {'learning_rate': 0.019564855182343164, 'depth': 11, 'l2_leaf_reg': 2.568013233849313, 'min_child_samples': 8}. Best is trial 137 with value: 0.1823637076792797.
[I 2025-03-12 18:33:52,412] Trial 139 finished with value: 0.1844178796687068 and parameters: {'learning_rate': 0.019936543277145783, 'depth': 10, 'l2_leaf_reg': 2.642326651860433, 'min_child_samples': 8}. Best is trial 137 with value: 0.1823637076792797.
[I 2025-03-12 18:34:02,071] Trial 140 finished with value: 0.1871454291401982 and parameters: {'learning_rate': 0.018319470010064662, 'depth': 12, 'l2_leaf_reg': 2.798101555530511, 'min_child_samples': 8}. Best is trial 137 with value: 0.1823637076792797.
[I 2025-03-12 18:34:08,754] Trial 141 finished with value: 0.1829101875782746 and parameters: {'learning_rate': 0.018758120621289846, 'depth': 11, 'l2_leaf_reg': 2.7124143445935496, 'min_child_samples': 8}. Best is trial 137 with value: 0.1823637076792797.
[I 2025-03-12 18:34:15,120] Trial 142 finished with value: 0.1827083918496539 and parameters: {'learning_rate': 0.019023266500132318, 'depth': 11, 'l2_leaf_reg': 2.538706605475408, 'min_child_samples': 8}. Best is trial 137 with value: 0.1823637076792797.
[I 2025-03-12 18:34:21,406] Trial 143 finished with value: 0.18272652033736447 and parameters: {'learning_rate': 0.019224623512567884, 'depth': 11, 'l2_leaf_reg': 2.4610685366669816, 'min_child_samples': 8}. Best is trial 137 with value: 0.1823637076792797.
[I 2025-03-12 18:34:28,470] Trial 144 finished with value: 0.1811672744136941 and parameters: {'learning_rate': 0.019993626714485794, 'depth': 11, 'l2_leaf_reg': 2.44126012098707, 'min_child_samples': 8}. Best is trial 144 with value: 0.1811672744136941.
[I 2025-03-12 18:34:34,285] Trial 145 finished with value: 0.18574116713005753 and parameters: {'learning_rate': 0.019606472677148507, 'depth': 10, 'l2_leaf_reg': 2.437513907430015, 'min_child_samples': 8}. Best is trial 144 with value: 0.1811672744136941.
[I 2025-03-12 18:34:42,287] Trial 146 finished with value: 0.1882530885880689 and parameters: {'learning_rate': 0.019074950775473054, 'depth': 12, 'l2_leaf_reg': 2.537153922477487, 'min_child_samples': 4}. Best is trial 144 with value: 0.1811672744136941.
[I 2025-03-12 18:34:49,890] Trial 147 finished with value: 0.18259684687142133 and parameters: {'learning_rate': 0.019937460541640376, 'depth': 11, 'l2_leaf_reg': 2.582093258024344, 'min_child_samples': 8}. Best is trial 144 with value: 0.1811672744136941.
[I 2025-03-12 18:34:56,329] Trial 148 finished with value: 0.183784567117704 and parameters: {'learning_rate': 0.01983284494844391, 'depth': 11, 'l2_leaf_reg': 2.488030879517968, 'min_child_samples': 8}. Best is trial 144 with value: 0.1811672744136941.
[I 2025-03-12 18:35:02,422] Trial 149 finished with value: 0.18528880673216516 and parameters: {'learning_rate': 0.01950408048124369, 'depth': 10, 'l2_leaf_reg': 2.942211676398126, 'min_child_samples': 8}. Best is trial 144 with value: 0.1811672744136941.
[I 2025-03-12 18:35:11,000] Trial 150 finished with value: 0.18864132712926415 and parameters: {'learning_rate': 0.019223955511825944, 'depth': 12, 'l2_leaf_reg': 2.593319390717309, 'min_child_samples': 8}. Best is trial 144 with value: 0.1811672744136941.
[I 2025-03-12 18:35:18,199] Trial 151 finished with value: 0.18184546899521598 and parameters: {'learning_rate': 0.01998647581591888, 'depth': 11, 'l2_leaf_reg': 2.517327858179167, 'min_child_samples': 8}. Best is trial 144 with value: 0.1811672744136941.
[I 2025-03-12 18:35:21,943] Trial 152 finished with value: 0.2946029580860061 and parameters: {'learning_rate': 0.01965221709700628, 'depth': 3, 'l2_leaf_reg': 2.5993923313553857, 'min_child_samples': 8}. Best is trial 144 with value: 0.1811672744136941.
[I 2025-03-12 18:35:29,500] Trial 153 finished with value: 0.18295923649981485 and parameters: {'learning_rate': 0.019921354916188534, 'depth': 11, 'l2_leaf_reg': 2.4399410393634144, 'min_child_samples': 8}. Best is trial 144 with value: 0.1811672744136941.
[I 2025-03-12 18:35:36,407] Trial 154 finished with value: 0.18196877664275501 and parameters: {'learning_rate': 0.019959566573937236, 'depth': 11, 'l2_leaf_reg': 2.4424332855205826, 'min_child_samples': 8}. Best is trial 144 with value: 0.1811672744136941.
[I 2025-03-12 18:35:40,840] Trial 155 finished with value: 0.2175979538517537 and parameters: {'learning_rate': 0.01993877313894292, 'depth': 6, 'l2_leaf_reg': 2.4028291307316594, 'min_child_samples': 16}. Best is trial 144 with value: 0.1811672744136941.
[I 2025-03-12 18:35:48,296] Trial 156 finished with value: 0.18301023945963815 and parameters: {'learning_rate': 0.019010939388080093, 'depth': 11, 'l2_leaf_reg': 2.466138631402091, 'min_child_samples': 8}. Best is trial 144 with value: 0.1811672744136941.
[I 2025-03-12 18:35:56,038] Trial 157 finished with value: 0.1823776322734269 and parameters: {'learning_rate': 0.019140896397346136, 'depth': 11, 'l2_leaf_reg': 2.4589578435572452, 'min_child_samples': 8}. Best is trial 144 with value: 0.1811672744136941.
[I 2025-03-12 18:36:04,933] Trial 158 finished with value: 0.18758976545529793 and parameters: {'learning_rate': 0.019059455158504737, 'depth': 12, 'l2_leaf_reg': 2.303356554131642, 'min_child_samples': 8}. Best is trial 144 with value: 0.1811672744136941.
[I 2025-03-12 18:36:11,128] Trial 159 finished with value: 0.18568028214029153 and parameters: {'learning_rate': 0.018850250393827764, 'depth': 10, 'l2_leaf_reg': 2.4711770343899615, 'min_child_samples': 8}. Best is trial 144 with value: 0.1811672744136941.
[I 2025-03-12 18:36:18,504] Trial 160 finished with value: 0.1823320998741815 and parameters: {'learning_rate': 0.019932671103043323, 'depth': 11, 'l2_leaf_reg': 2.4138132371910785, 'min_child_samples': 8}. Best is trial 144 with value: 0.1811672744136941.
[I 2025-03-12 18:36:25,867] Trial 161 finished with value: 0.181435014714788 and parameters: {'learning_rate': 0.0199229798354907, 'depth': 11, 'l2_leaf_reg': 2.4158434791447694, 'min_child_samples': 8}. Best is trial 144 with value: 0.1811672744136941.
[I 2025-03-12 18:36:33,494] Trial 162 finished with value: 0.1810990582110349 and parameters: {'learning_rate': 0.019971703925415186, 'depth': 11, 'l2_leaf_reg': 2.4043139658510158, 'min_child_samples': 8}. Best is trial 162 with value: 0.1810990582110349.
[I 2025-03-12 18:36:41,701] Trial 163 finished with value: 0.18361562342784601 and parameters: {'learning_rate': 0.01929661122095045, 'depth': 11, 'l2_leaf_reg': 2.542968012218728, 'min_child_samples': 8}. Best is trial 162 with value: 0.1810990582110349.
[I 2025-03-12 18:36:49,467] Trial 164 finished with value: 0.18278382049789907 and parameters: {'learning_rate': 0.019894845059850286, 'depth': 11, 'l2_leaf_reg': 2.3802764441451933, 'min_child_samples': 8}. Best is trial 162 with value: 0.1810990582110349.
[I 2025-03-12 18:36:59,771] Trial 165 finished with value: 0.18658890918252466 and parameters: {'learning_rate': 0.01998017358716669, 'depth': 12, 'l2_leaf_reg': 2.325860550473248, 'min_child_samples': 8}. Best is trial 162 with value: 0.1810990582110349.
[I 2025-03-12 18:37:06,204] Trial 166 finished with value: 0.184783865161638 and parameters: {'learning_rate': 0.01995429391560683, 'depth': 10, 'l2_leaf_reg': 2.3814617655386403, 'min_child_samples': 8}. Best is trial 162 with value: 0.1810990582110349.
[I 2025-03-12 18:37:14,300] Trial 167 finished with value: 0.1828242522526969 and parameters: {'learning_rate': 0.01938442336113494, 'depth': 11, 'l2_leaf_reg': 2.27100523565686, 'min_child_samples': 8}. Best is trial 162 with value: 0.1810990582110349.
[I 2025-03-12 18:37:23,662] Trial 168 finished with value: 0.1827305418839617 and parameters: {'learning_rate': 0.019336430888942806, 'depth': 11, 'l2_leaf_reg': 2.26269272100235, 'min_child_samples': 8}. Best is trial 162 with value: 0.1810990582110349.
[I 2025-03-12 18:37:32,833] Trial 169 finished with value: 0.1865625721558875 and parameters: {'learning_rate': 0.01936569417280621, 'depth': 12, 'l2_leaf_reg': 2.1124887209460455, 'min_child_samples': 4}. Best is trial 162 with value: 0.1810990582110349.
[I 2025-03-12 18:37:39,666] Trial 170 finished with value: 0.18508334626636544 and parameters: {'learning_rate': 0.019993087760321694, 'depth': 10, 'l2_leaf_reg': 2.3259143555119413, 'min_child_samples': 8}. Best is trial 162 with value: 0.1810990582110349.
[I 2025-03-12 18:37:47,966] Trial 171 finished with value: 0.18354405333506071 and parameters: {'learning_rate': 0.019296825215846775, 'depth': 11, 'l2_leaf_reg': 2.2481910080132543, 'min_child_samples': 8}. Best is trial 162 with value: 0.1810990582110349.
[I 2025-03-12 18:37:55,568] Trial 172 finished with value: 0.18302353249527345 and parameters: {'learning_rate': 0.019371888001482294, 'depth': 11, 'l2_leaf_reg': 2.5116569233790913, 'min_child_samples': 8}. Best is trial 162 with value: 0.1810990582110349.
[I 2025-03-12 18:38:02,291] Trial 173 finished with value: 0.1829451038009254 and parameters: {'learning_rate': 0.019028888194415047, 'depth': 11, 'l2_leaf_reg': 2.180749908856512, 'min_child_samples': 8}. Best is trial 162 with value: 0.1810990582110349.
[I 2025-03-12 18:38:10,954] Trial 174 finished with value: 0.1834104260047175 and parameters: {'learning_rate': 0.019534218046486695, 'depth': 11, 'l2_leaf_reg': 2.3471392512319813, 'min_child_samples': 8}. Best is trial 162 with value: 0.1810990582110349.
[I 2025-03-12 18:38:21,399] Trial 175 finished with value: 0.18790312727270594 and parameters: {'learning_rate': 0.019037313791635084, 'depth': 12, 'l2_leaf_reg': 2.4225451990819304, 'min_child_samples': 8}. Best is trial 162 with value: 0.1810990582110349.
[I 2025-03-12 18:38:28,996] Trial 176 finished with value: 0.18336038295093973 and parameters: {'learning_rate': 0.019563984441302456, 'depth': 11, 'l2_leaf_reg': 2.405491898498099, 'min_child_samples': 8}. Best is trial 162 with value: 0.1810990582110349.
[I 2025-03-12 18:38:35,958] Trial 177 finished with value: 0.18465584836978804 and parameters: {'learning_rate': 0.01998913461218968, 'depth': 10, 'l2_leaf_reg': 2.2916560639334684, 'min_child_samples': 8}. Best is trial 162 with value: 0.1810990582110349.
[I 2025-03-12 18:39:38,322] Trial 178 finished with value: 0.2611969651898117 and parameters: {'learning_rate': 0.018589560238051365, 'depth': 16, 'l2_leaf_reg': 2.4566015705718476, 'min_child_samples': 8}. Best is trial 162 with value: 0.1810990582110349.
[I 2025-03-12 18:39:50,783] Trial 179 finished with value: 0.18566207934318646 and parameters: {'learning_rate': 0.01926196008165504, 'depth': 11, 'l2_leaf_reg': 2.51886124388079, 'min_child_samples': 16}. Best is trial 162 with value: 0.1810990582110349.
[I 2025-03-12 18:40:03,483] Trial 180 finished with value: 0.18293449575876614 and parameters: {'learning_rate': 0.018471945920552967, 'depth': 11, 'l2_leaf_reg': 2.2668275407172778, 'min_child_samples': 8}. Best is trial 162 with value: 0.1810990582110349.
[I 2025-03-12 18:40:15,260] Trial 181 finished with value: 0.1846149942101855 and parameters: {'learning_rate': 0.018808097599159093, 'depth': 11, 'l2_leaf_reg': 2.5618914353195725, 'min_child_samples': 8}. Best is trial 162 with value: 0.1810990582110349.
[I 2025-03-12 18:40:29,830] Trial 182 finished with value: 0.3946070950539072 and parameters: {'learning_rate': 0.002426616137148495, 'depth': 11, 'l2_leaf_reg': 2.3742471253935626, 'min_child_samples': 8}. Best is trial 162 with value: 0.1810990582110349.
[I 2025-03-12 18:40:43,167] Trial 183 finished with value: 0.18397899435676107 and parameters: {'learning_rate': 0.01949515555787759, 'depth': 11, 'l2_leaf_reg': 2.4907945137826237, 'min_child_samples': 8}. Best is trial 162 with value: 0.1810990582110349.
[I 2025-03-12 18:44:26,780] Trial 184 finished with value: 0.18704100094421522 and parameters: {'learning_rate': 0.018767475288434997, 'depth': 12, 'l2_leaf_reg': 2.6081269697391516, 'min_child_samples': 8}. Best is trial 162 with value: 0.1810990582110349.
[I 2025-03-12 18:44:44,300] Trial 185 finished with value: 0.18440399701020155 and parameters: {'learning_rate': 0.01996381681114417, 'depth': 10, 'l2_leaf_reg': 2.41442851978727, 'min_child_samples': 8}. Best is trial 162 with value: 0.1810990582110349.
[I 2025-03-12 18:45:01,361] Trial 186 finished with value: 0.18221355000937028 and parameters: {'learning_rate': 0.019130043991651673, 'depth': 11, 'l2_leaf_reg': 2.52336370504514, 'min_child_samples': 8}. Best is trial 162 with value: 0.1810990582110349.
[I 2025-03-12 18:45:17,590] Trial 187 finished with value: 0.18188027142222257 and parameters: {'learning_rate': 0.01914420262238995, 'depth': 11, 'l2_leaf_reg': 2.521488412465629, 'min_child_samples': 8}. Best is trial 162 with value: 0.1810990582110349.
[I 2025-03-12 18:45:34,009] Trial 188 finished with value: 0.18418563458624315 and parameters: {'learning_rate': 0.019565701010575802, 'depth': 11, 'l2_leaf_reg': 2.5139281292086686, 'min_child_samples': 8}. Best is trial 162 with value: 0.1810990582110349.
[I 2025-03-12 18:50:28,343] Trial 189 finished with value: 0.1879369152591165 and parameters: {'learning_rate': 0.019224989794991595, 'depth': 12, 'l2_leaf_reg': 2.4499317314744133, 'min_child_samples': 8}. Best is trial 162 with value: 0.1810990582110349.
[I 2025-03-12 18:50:31,853] Trial 190 finished with value: 0.18496117657851577 and parameters: {'learning_rate': 0.018220379968417775, 'depth': 10, 'l2_leaf_reg': 2.354880186315832, 'min_child_samples': 8}. Best is trial 162 with value: 0.1810990582110349.
[I 2025-03-12 18:50:36,518] Trial 191 finished with value: 0.18206232843426626 and parameters: {'learning_rate': 0.01911992001395755, 'depth': 11, 'l2_leaf_reg': 2.532933934326652, 'min_child_samples': 8}. Best is trial 162 with value: 0.1810990582110349.
[I 2025-03-12 18:50:41,015] Trial 192 finished with value: 0.18365410062136237 and parameters: {'learning_rate': 0.019641245353503454, 'depth': 11, 'l2_leaf_reg': 2.5744896639587194, 'min_child_samples': 8}. Best is trial 162 with value: 0.1810990582110349.
[I 2025-03-12 18:50:45,559] Trial 193 finished with value: 0.18383887417837047 and parameters: {'learning_rate': 0.019179174387405795, 'depth': 11, 'l2_leaf_reg': 2.487465138493373, 'min_child_samples': 8}. Best is trial 162 with value: 0.1810990582110349.
[I 2025-03-12 18:50:50,080] Trial 194 finished with value: 0.18291068304946526 and parameters: {'learning_rate': 0.019333356473168126, 'depth': 11, 'l2_leaf_reg': 2.215609322568832, 'min_child_samples': 8}. Best is trial 162 with value: 0.1810990582110349.
[I 2025-03-12 18:50:54,590] Trial 195 finished with value: 0.18305681623020545 and parameters: {'learning_rate': 0.019994059006157538, 'depth': 11, 'l2_leaf_reg': 2.526542346815645, 'min_child_samples': 8}. Best is trial 162 with value: 0.1810990582110349.
[I 2025-03-12 18:51:00,863] Trial 196 finished with value: 0.18557843752985118 and parameters: {'learning_rate': 0.01889278864328063, 'depth': 12, 'l2_leaf_reg': 2.410914605212829, 'min_child_samples': 8}. Best is trial 162 with value: 0.1810990582110349.
[I 2025-03-12 18:51:04,405] Trial 197 finished with value: 0.18343408659715976 and parameters: {'learning_rate': 0.01963046170169116, 'depth': 10, 'l2_leaf_reg': 2.648415468943692, 'min_child_samples': 8}. Best is trial 162 with value: 0.1810990582110349.
[I 2025-03-12 18:51:09,024] Trial 198 finished with value: 0.1850317861948982 and parameters: {'learning_rate': 0.018445478829357154, 'depth': 11, 'l2_leaf_reg': 2.291249496612011, 'min_child_samples': 8}. Best is trial 162 with value: 0.1810990582110349.
[I 2025-03-12 18:51:13,607] Trial 199 finished with value: 0.18254881640116458 and parameters: {'learning_rate': 0.019509165035016717, 'depth': 11, 'l2_leaf_reg': 2.5567387205159884, 'min_child_samples': 8}. Best is trial 162 with value: 0.1810990582110349.
[I 2025-03-12 18:51:17,066] Trial 200 finished with value: 0.1856720051106206 and parameters: {'learning_rate': 0.019532329038330118, 'depth': 10, 'l2_leaf_reg': 2.562502441217447, 'min_child_samples': 8}. Best is trial 162 with value: 0.1810990582110349.
[I 2025-03-12 18:51:21,681] Trial 201 finished with value: 0.18283758784959855 and parameters: {'learning_rate': 0.019054441556271964, 'depth': 11, 'l2_leaf_reg': 2.46036929055676, 'min_child_samples': 8}. Best is trial 162 with value: 0.1810990582110349.
[I 2025-03-12 18:51:25,996] Trial 202 finished with value: 0.18234999741421937 and parameters: {'learning_rate': 0.019111576275153114, 'depth': 11, 'l2_leaf_reg': 2.466366441256308, 'min_child_samples': 8}. Best is trial 162 with value: 0.1810990582110349.
[I 2025-03-12 18:51:30,532] Trial 203 finished with value: 0.18270355504151617 and parameters: {'learning_rate': 0.01997337383636802, 'depth': 11, 'l2_leaf_reg': 2.3504952502419645, 'min_child_samples': 8}. Best is trial 162 with value: 0.1810990582110349.
[I 2025-03-12 18:51:34,911] Trial 204 finished with value: 0.18402516378369155 and parameters: {'learning_rate': 0.019996452294217173, 'depth': 11, 'l2_leaf_reg': 2.4025081898324343, 'min_child_samples': 8}. Best is trial 162 with value: 0.1810990582110349.
[I 2025-03-12 18:51:41,220] Trial 205 finished with value: 0.18517364009032716 and parameters: {'learning_rate': 0.01999928433486507, 'depth': 12, 'l2_leaf_reg': 2.488087070222276, 'min_child_samples': 8}. Best is trial 162 with value: 0.1810990582110349.
