2025-03-12 09:31:10,454 - __main__ - INFO - Loading data...
2025-03-12 09:31:20,891 - __main__ - INFO - Loaded data from /app/nse/ml/output_19_01_2025_2: X shape=(2322432, 10), y shape=(2322432, 4)
2025-03-12 09:31:20,891 - __main__ - INFO - Preprocessing and splitting data...
2025-03-12 09:31:24,718 - __main__ - INFO - Starting hyperparameter optimization...
2025-03-12 09:31:24,718 - __main__ - INFO - Starting c_delta_z optimization...
2025-03-12 09:31:24,718 - __main__ - INFO - Starting hyperparameter optimization for c_delta_z
[I 2025-03-12 09:31:24,718] A new study created in memory with name: catboost-c_delta_z-seed42
[I 2025-03-12 09:31:29,846] Trial 0 finished with value: 0.2870829130002016 and parameters: {'learning_rate': 0.009791072622269158, 'depth': 11, 'l2_leaf_reg': 2.5993693583000357, 'min_child_samples': 8}. Best is trial 0 with value: 0.2870829130002016.
[I 2025-03-12 09:31:31,380] Trial 1 finished with value: 0.508443961505911 and parameters: {'learning_rate': 0.0012651726502224212, 'depth': 1, 'l2_leaf_reg': 1.4134369318159132, 'min_child_samples': 8}. Best is trial 0 with value: 0.2870829130002016.
[I 2025-03-12 09:31:33,727] Trial 2 finished with value: 0.3134795222956416 and parameters: {'learning_rate': 0.013502228000821332, 'depth': 6, 'l2_leaf_reg': 0.41257584714785256, 'min_child_samples': 8}. Best is trial 0 with value: 0.2870829130002016.
[I 2025-03-12 09:31:35,911] Trial 3 finished with value: 0.3395977572497411 and parameters: {'learning_rate': 0.01212117505906046, 'depth': 4, 'l2_leaf_reg': 1.626687320646732, 'min_child_samples': 32}. Best is trial 0 with value: 0.2870829130002016.
[I 2025-03-12 09:32:05,620] Trial 4 finished with value: 0.2835090654099929 and parameters: {'learning_rate': 0.014348638060401833, 'depth': 15, 'l2_leaf_reg': 1.9537354323089862, 'min_child_samples': 32}. Best is trial 4 with value: 0.2835090654099929.
[I 2025-03-12 09:32:07,301] Trial 5 finished with value: 0.3315864812558831 and parameters: {'learning_rate': 0.01981801421318346, 'depth': 4, 'l2_leaf_reg': 0.3178504672563146, 'min_child_samples': 32}. Best is trial 4 with value: 0.2835090654099929.
[I 2025-03-12 09:32:12,255] Trial 6 finished with value: 0.28151323450417287 and parameters: {'learning_rate': 0.018813778776211307, 'depth': 12, 'l2_leaf_reg': 0.7595615047769514, 'min_child_samples': 4}. Best is trial 6 with value: 0.28151323450417287.
[I 2025-03-12 09:32:14,055] Trial 7 finished with value: 0.3848272840153811 and parameters: {'learning_rate': 0.006586244326864603, 'depth': 3, 'l2_leaf_reg': 2.5713976946106394, 'min_child_samples': 16}. Best is trial 6 with value: 0.28151323450417287.
[I 2025-03-12 09:32:16,434] Trial 8 finished with value: 0.3093058143989683 and parameters: {'learning_rate': 0.010060668316607084, 'depth': 7, 'l2_leaf_reg': 2.5705900029945408, 'min_child_samples': 4}. Best is trial 6 with value: 0.28151323450417287.
[I 2025-03-12 09:32:40,052] Trial 9 finished with value: 0.28493491715416486 and parameters: {'learning_rate': 0.018362204559744726, 'depth': 15, 'l2_leaf_reg': 2.250047946559202, 'min_child_samples': 4}. Best is trial 6 with value: 0.28151323450417287.
[I 2025-03-12 09:32:44,027] Trial 10 finished with value: 0.28699135159158684 and parameters: {'learning_rate': 0.016018414308661504, 'depth': 11, 'l2_leaf_reg': 0.9533154437340579, 'min_child_samples': 1}. Best is trial 6 with value: 0.28151323450417287.
[I 2025-03-12 09:33:41,188] Trial 11 finished with value: 0.29536736334598396 and parameters: {'learning_rate': 0.01593546916837562, 'depth': 16, 'l2_leaf_reg': 1.8365832740496002, 'min_child_samples': 4}. Best is trial 6 with value: 0.28151323450417287.
[I 2025-03-12 09:33:49,121] Trial 12 finished with value: 0.2739057160335678 and parameters: {'learning_rate': 0.015871644740927032, 'depth': 13, 'l2_leaf_reg': 0.9541180214250432, 'min_child_samples': 32}. Best is trial 12 with value: 0.2739057160335678.
[I 2025-03-12 09:33:53,878] Trial 13 finished with value: 0.27965475586642896 and parameters: {'learning_rate': 0.01753942064043313, 'depth': 12, 'l2_leaf_reg': 0.9257052636502762, 'min_child_samples': 16}. Best is trial 12 with value: 0.2739057160335678.
[I 2025-03-12 09:34:02,741] Trial 14 finished with value: 0.2770137504371833 and parameters: {'learning_rate': 0.01637288122169059, 'depth': 13, 'l2_leaf_reg': 1.244472612828685, 'min_child_samples': 16}. Best is trial 12 with value: 0.2739057160335678.
[I 2025-03-12 09:34:05,834] Trial 15 finished with value: 0.303019259716108 and parameters: {'learning_rate': 0.005773964244868477, 'depth': 9, 'l2_leaf_reg': 1.3395736599654553, 'min_child_samples': 16}. Best is trial 12 with value: 0.2739057160335678.
[I 2025-03-12 09:34:21,952] Trial 16 finished with value: 0.2766874813374551 and parameters: {'learning_rate': 0.011464344904574627, 'depth': 14, 'l2_leaf_reg': 1.153352037278393, 'min_child_samples': 1}. Best is trial 12 with value: 0.2739057160335678.
[I 2025-03-12 09:34:37,703] Trial 17 finished with value: 0.27964884684015273 and parameters: {'learning_rate': 0.01065092446999347, 'depth': 14, 'l2_leaf_reg': 0.6743846576811443, 'min_child_samples': 1}. Best is trial 12 with value: 0.2739057160335678.
[I 2025-03-12 09:34:40,332] Trial 18 finished with value: 0.30052939675268586 and parameters: {'learning_rate': 0.006535657500009382, 'depth': 9, 'l2_leaf_reg': 0.04713289318367386, 'min_child_samples': 1}. Best is trial 12 with value: 0.2739057160335678.
[I 2025-03-12 09:35:36,727] Trial 19 finished with value: 0.2995247088425874 and parameters: {'learning_rate': 0.00837425585378159, 'depth': 16, 'l2_leaf_reg': 1.0517114357703161, 'min_child_samples': 1}. Best is trial 12 with value: 0.2739057160335678.
[I 2025-03-12 09:35:39,818] Trial 20 finished with value: 0.3237160689641512 and parameters: {'learning_rate': 0.003100386780052755, 'depth': 10, 'l2_leaf_reg': 2.9249220209332742, 'min_child_samples': 32}. Best is trial 12 with value: 0.2739057160335678.
[I 2025-03-12 09:35:49,539] Trial 21 finished with value: 0.27657280560266 and parameters: {'learning_rate': 0.015064983219550132, 'depth': 13, 'l2_leaf_reg': 1.205304611983998, 'min_child_samples': 16}. Best is trial 12 with value: 0.2739057160335678.
[I 2025-03-12 09:35:57,726] Trial 22 finished with value: 0.27470021774138875 and parameters: {'learning_rate': 0.013616639437153463, 'depth': 13, 'l2_leaf_reg': 1.6671819061915096, 'min_child_samples': 1}. Best is trial 12 with value: 0.2739057160335678.
[I 2025-03-12 09:36:06,249] Trial 23 finished with value: 0.275175919850537 and parameters: {'learning_rate': 0.013772790247506087, 'depth': 13, 'l2_leaf_reg': 1.7328905774923387, 'min_child_samples': 32}. Best is trial 12 with value: 0.2739057160335678.
[I 2025-03-12 09:36:08,655] Trial 24 finished with value: 0.30425719948991986 and parameters: {'learning_rate': 0.013033328302401639, 'depth': 7, 'l2_leaf_reg': 1.7148325726849518, 'min_child_samples': 32}. Best is trial 12 with value: 0.2739057160335678.
[I 2025-03-12 09:36:12,998] Trial 25 finished with value: 0.2840486139856714 and parameters: {'learning_rate': 0.013817093080199998, 'depth': 11, 'l2_leaf_reg': 2.0986627213649207, 'min_child_samples': 32}. Best is trial 12 with value: 0.2739057160335678.
[I 2025-03-12 09:36:21,869] Trial 26 finished with value: 0.2771798690832245 and parameters: {'learning_rate': 0.012427067128928866, 'depth': 13, 'l2_leaf_reg': 1.5352486681800368, 'min_child_samples': 32}. Best is trial 12 with value: 0.2739057160335678.
[I 2025-03-12 09:36:34,763] Trial 27 finished with value: 0.2804732684075445 and parameters: {'learning_rate': 0.01680646130343765, 'depth': 14, 'l2_leaf_reg': 2.228550039642934, 'min_child_samples': 32}. Best is trial 12 with value: 0.2739057160335678.
[I 2025-03-12 09:36:38,573] Trial 28 finished with value: 0.29014020292067566 and parameters: {'learning_rate': 0.014515788405235767, 'depth': 10, 'l2_leaf_reg': 1.8862932821256368, 'min_child_samples': 1}. Best is trial 12 with value: 0.2739057160335678.
[I 2025-03-12 09:36:44,780] Trial 29 finished with value: 0.2836453816089035 and parameters: {'learning_rate': 0.008135051600428055, 'depth': 12, 'l2_leaf_reg': 1.5089565000622445, 'min_child_samples': 8}. Best is trial 12 with value: 0.2739057160335678.
[I 2025-03-12 09:36:49,343] Trial 30 finished with value: 0.2829109017272704 and parameters: {'learning_rate': 0.008647869197021466, 'depth': 11, 'l2_leaf_reg': 2.354271924826782, 'min_child_samples': 32}. Best is trial 12 with value: 0.2739057160335678.
[I 2025-03-12 09:36:58,349] Trial 31 finished with value: 0.2738659998400793 and parameters: {'learning_rate': 0.015048646405521645, 'depth': 13, 'l2_leaf_reg': 0.7324846828219567, 'min_child_samples': 16}. Best is trial 31 with value: 0.2738659998400793.
[I 2025-03-12 09:37:27,814] Trial 32 finished with value: 0.2868797001350428 and parameters: {'learning_rate': 0.011370172378976914, 'depth': 15, 'l2_leaf_reg': 0.6087578529086706, 'min_child_samples': 16}. Best is trial 31 with value: 0.2738659998400793.
[I 2025-03-12 09:37:36,321] Trial 33 finished with value: 0.2767155682480727 and parameters: {'learning_rate': 0.015329975725208531, 'depth': 13, 'l2_leaf_reg': 0.7976032986852736, 'min_child_samples': 8}. Best is trial 31 with value: 0.2738659998400793.
[I 2025-03-12 09:37:39,855] Trial 34 finished with value: 0.28703594632439566 and parameters: {'learning_rate': 0.017535576252902422, 'depth': 10, 'l2_leaf_reg': 0.4751562423694137, 'min_child_samples': 32}. Best is trial 31 with value: 0.2738659998400793.
[I 2025-03-12 09:37:56,118] Trial 35 finished with value: 0.27617430764251194 and parameters: {'learning_rate': 0.013026909952898479, 'depth': 14, 'l2_leaf_reg': 0.2362755232151108, 'min_child_samples': 8}. Best is trial 31 with value: 0.2738659998400793.
[I 2025-03-12 09:38:01,942] Trial 36 finished with value: 0.28022081867526394 and parameters: {'learning_rate': 0.01377977574959717, 'depth': 12, 'l2_leaf_reg': 1.6942390633657851, 'min_child_samples': 32}. Best is trial 31 with value: 0.2738659998400793.
[I 2025-03-12 09:38:25,276] Trial 37 finished with value: 0.2878930765184535 and parameters: {'learning_rate': 0.019692070510265378, 'depth': 15, 'l2_leaf_reg': 1.339871625536437, 'min_child_samples': 16}. Best is trial 31 with value: 0.2738659998400793.
[I 2025-03-12 09:39:21,986] Trial 38 finished with value: 0.29635246466279147 and parameters: {'learning_rate': 0.014697164408633457, 'depth': 16, 'l2_leaf_reg': 1.9930864433310376, 'min_child_samples': 1}. Best is trial 31 with value: 0.2738659998400793.
[I 2025-03-12 09:39:24,671] Trial 39 finished with value: 0.2964402295847373 and parameters: {'learning_rate': 0.011688668718872797, 'depth': 8, 'l2_leaf_reg': 1.466099822510274, 'min_child_samples': 32}. Best is trial 31 with value: 0.2738659998400793.
[I 2025-03-12 09:39:26,650] Trial 40 finished with value: 0.5188991888794098 and parameters: {'learning_rate': 6.432709568749036e-05, 'depth': 5, 'l2_leaf_reg': 0.8611216561936657, 'min_child_samples': 16}. Best is trial 31 with value: 0.2738659998400793.
[I 2025-03-12 09:39:42,655] Trial 41 finished with value: 0.2757153085206428 and parameters: {'learning_rate': 0.012834164718246435, 'depth': 14, 'l2_leaf_reg': 0.09454554903401047, 'min_child_samples': 8}. Best is trial 31 with value: 0.2738659998400793.
[I 2025-03-12 09:39:52,490] Trial 42 finished with value: 0.2779963506113193 and parameters: {'learning_rate': 0.01251674266949078, 'depth': 13, 'l2_leaf_reg': 0.2646638791808015, 'min_child_samples': 8}. Best is trial 31 with value: 0.2738659998400793.
[I 2025-03-12 09:40:21,956] Trial 43 finished with value: 0.28466188335982295 and parameters: {'learning_rate': 0.013759727597826406, 'depth': 15, 'l2_leaf_reg': 0.48678912296373533, 'min_child_samples': 8}. Best is trial 31 with value: 0.2738659998400793.
[I 2025-03-12 09:40:27,189] Trial 44 finished with value: 0.27927699750378066 and parameters: {'learning_rate': 0.015408875407550154, 'depth': 12, 'l2_leaf_reg': 0.005953424108640304, 'min_child_samples': 8}. Best is trial 31 with value: 0.2738659998400793.
[I 2025-03-12 09:40:28,633] Trial 45 finished with value: 0.43722937956325864 and parameters: {'learning_rate': 0.017391971688643867, 'depth': 1, 'l2_leaf_reg': 0.16833871084471091, 'min_child_samples': 4}. Best is trial 31 with value: 0.2738659998400793.
[I 2025-03-12 09:40:44,711] Trial 46 finished with value: 0.27773541127456336 and parameters: {'learning_rate': 0.009665315130776106, 'depth': 14, 'l2_leaf_reg': 1.0843127433250188, 'min_child_samples': 8}. Best is trial 31 with value: 0.2738659998400793.
[I 2025-03-12 09:40:49,378] Trial 47 finished with value: 0.28076171590319776 and parameters: {'learning_rate': 0.016384174870499996, 'depth': 12, 'l2_leaf_reg': 1.7918785115870364, 'min_child_samples': 32}. Best is trial 31 with value: 0.2738659998400793.
[I 2025-03-12 09:40:52,829] Trial 48 finished with value: 0.28663947303781295 and parameters: {'learning_rate': 0.018704587931324106, 'depth': 11, 'l2_leaf_reg': 0.3554975537785635, 'min_child_samples': 4}. Best is trial 31 with value: 0.2738659998400793.
[I 2025-03-12 09:41:02,479] Trial 49 finished with value: 0.27693354703857254 and parameters: {'learning_rate': 0.010277369788832843, 'depth': 13, 'l2_leaf_reg': 1.654751259022877, 'min_child_samples': 1}. Best is trial 31 with value: 0.2738659998400793.
[I 2025-03-12 09:41:59,255] Trial 50 finished with value: 0.2940814891337097 and parameters: {'learning_rate': 0.014407929132451527, 'depth': 16, 'l2_leaf_reg': 0.7020477881523891, 'min_child_samples': 16}. Best is trial 31 with value: 0.2738659998400793.
[I 2025-03-12 09:42:15,429] Trial 51 finished with value: 0.2767809860178045 and parameters: {'learning_rate': 0.013025183840505222, 'depth': 14, 'l2_leaf_reg': 0.21482942167999255, 'min_child_samples': 8}. Best is trial 31 with value: 0.2738659998400793.
[I 2025-03-12 09:42:31,548] Trial 52 finished with value: 0.279447071856111 and parameters: {'learning_rate': 0.01572213625380936, 'depth': 14, 'l2_leaf_reg': 0.08544206189997228, 'min_child_samples': 8}. Best is trial 31 with value: 0.2738659998400793.
[I 2025-03-12 09:43:01,108] Trial 53 finished with value: 0.2845110477714294 and parameters: {'learning_rate': 0.01097891040358753, 'depth': 15, 'l2_leaf_reg': 0.4831241597275885, 'min_child_samples': 8}. Best is trial 31 with value: 0.2738659998400793.
[I 2025-03-12 09:43:10,262] Trial 54 finished with value: 0.2754906496138338 and parameters: {'learning_rate': 0.012991856148499108, 'depth': 13, 'l2_leaf_reg': 0.32916415756516204, 'min_child_samples': 8}. Best is trial 31 with value: 0.2738659998400793.
[I 2025-03-12 09:43:16,090] Trial 55 finished with value: 0.28168495450874936 and parameters: {'learning_rate': 0.01228712409558373, 'depth': 12, 'l2_leaf_reg': 0.6219894833386613, 'min_child_samples': 1}. Best is trial 31 with value: 0.2738659998400793.
[I 2025-03-12 09:43:25,538] Trial 56 finished with value: 0.27618231648126507 and parameters: {'learning_rate': 0.014007997911399464, 'depth': 13, 'l2_leaf_reg': 0.9298760495160433, 'min_child_samples': 32}. Best is trial 31 with value: 0.2738659998400793.
[I 2025-03-12 09:43:29,122] Trial 57 finished with value: 0.2899394144361982 and parameters: {'learning_rate': 0.009546205488106776, 'depth': 10, 'l2_leaf_reg': 0.37976733109330435, 'min_child_samples': 16}. Best is trial 31 with value: 0.2738659998400793.
[I 2025-03-12 09:43:37,411] Trial 58 finished with value: 0.2746792047436793 and parameters: {'learning_rate': 0.016534339624910275, 'depth': 13, 'l2_leaf_reg': 0.13724736996551357, 'min_child_samples': 8}. Best is trial 31 with value: 0.2738659998400793.
[I 2025-03-12 09:43:40,806] Trial 59 finished with value: 0.2832906139877647 and parameters: {'learning_rate': 0.016891490306188365, 'depth': 11, 'l2_leaf_reg': 1.0613359944766025, 'min_child_samples': 1}. Best is trial 31 with value: 0.2738659998400793.
[I 2025-03-12 09:43:42,811] Trial 60 finished with value: 0.35154812938981894 and parameters: {'learning_rate': 0.018363609092876713, 'depth': 3, 'l2_leaf_reg': 0.5558458905595653, 'min_child_samples': 4}. Best is trial 31 with value: 0.2738659998400793.
[I 2025-03-12 09:43:51,304] Trial 61 finished with value: 0.27701516495470174 and parameters: {'learning_rate': 0.014927334820430363, 'depth': 13, 'l2_leaf_reg': 0.10935833122530408, 'min_child_samples': 8}. Best is trial 31 with value: 0.2738659998400793.
[I 2025-03-12 09:44:07,417] Trial 62 finished with value: 0.27803129174955665 and parameters: {'learning_rate': 0.01318886154776121, 'depth': 14, 'l2_leaf_reg': 0.3108358921550469, 'min_child_samples': 8}. Best is trial 31 with value: 0.2738659998400793.
[I 2025-03-12 09:44:12,537] Trial 63 finished with value: 0.2783327114522836 and parameters: {'learning_rate': 0.01612881959983989, 'depth': 12, 'l2_leaf_reg': 1.9906108527295348, 'min_child_samples': 8}. Best is trial 31 with value: 0.2738659998400793.
[I 2025-03-12 09:44:22,207] Trial 64 finished with value: 0.2770844971294091 and parameters: {'learning_rate': 0.01188654882138515, 'depth': 13, 'l2_leaf_reg': 1.3283984903849206, 'min_child_samples': 8}. Best is trial 31 with value: 0.2738659998400793.
[I 2025-03-12 09:44:51,425] Trial 65 finished with value: 0.28443022840544135 and parameters: {'learning_rate': 0.01684381904597645, 'depth': 15, 'l2_leaf_reg': 0.7722374183273851, 'min_child_samples': 32}. Best is trial 31 with value: 0.2738659998400793.
[I 2025-03-12 09:44:56,430] Trial 66 finished with value: 0.2788370776315991 and parameters: {'learning_rate': 0.014313260518933129, 'depth': 12, 'l2_leaf_reg': 0.17067505231289076, 'min_child_samples': 8}. Best is trial 31 with value: 0.2738659998400793.
[I 2025-03-12 09:45:05,891] Trial 67 finished with value: 0.27668859268046486 and parameters: {'learning_rate': 0.015360821137208613, 'depth': 13, 'l2_leaf_reg': 1.5487425723998443, 'min_child_samples': 32}. Best is trial 31 with value: 0.2738659998400793.
[I 2025-03-12 09:45:21,536] Trial 68 finished with value: 0.3111386998115057 and parameters: {'learning_rate': 0.0035567487634802523, 'depth': 14, 'l2_leaf_reg': 0.4238604120977313, 'min_child_samples': 16}. Best is trial 31 with value: 0.2738659998400793.
[I 2025-03-12 09:45:25,362] Trial 69 finished with value: 0.282505647654409 and parameters: {'learning_rate': 0.01348394315278547, 'depth': 11, 'l2_leaf_reg': 1.780012630792032, 'min_child_samples': 1}. Best is trial 31 with value: 0.2738659998400793.
[I 2025-03-12 09:45:39,346] Trial 70 finished with value: 0.27758874365299585 and parameters: {'learning_rate': 0.017866263494919245, 'depth': 14, 'l2_leaf_reg': 2.126900739559956, 'min_child_samples': 32}. Best is trial 31 with value: 0.2738659998400793.
[I 2025-03-12 09:45:55,381] Trial 71 finished with value: 0.2757193969543899 and parameters: {'learning_rate': 0.012386913451524345, 'depth': 14, 'l2_leaf_reg': 0.27544755690638145, 'min_child_samples': 8}. Best is trial 31 with value: 0.2738659998400793.
[I 2025-03-12 09:46:04,374] Trial 72 finished with value: 0.27657693560339175 and parameters: {'learning_rate': 0.012667241565181005, 'depth': 13, 'l2_leaf_reg': 0.13209316878915822, 'min_child_samples': 8}. Best is trial 31 with value: 0.2738659998400793.
[I 2025-03-12 09:46:34,174] Trial 73 finished with value: 0.28596345203313145 and parameters: {'learning_rate': 0.011072895130464078, 'depth': 15, 'l2_leaf_reg': 0.03487724453762106, 'min_child_samples': 8}. Best is trial 31 with value: 0.2738659998400793.
[I 2025-03-12 09:47:30,910] Trial 74 finished with value: 0.29531645750347624 and parameters: {'learning_rate': 0.014743254388005153, 'depth': 16, 'l2_leaf_reg': 0.30823317659253613, 'min_child_samples': 8}. Best is trial 31 with value: 0.2738659998400793.
[I 2025-03-12 09:47:46,681] Trial 75 finished with value: 0.27867355687325 and parameters: {'learning_rate': 0.011976011448210361, 'depth': 14, 'l2_leaf_reg': 0.25872326770798304, 'min_child_samples': 8}. Best is trial 31 with value: 0.2738659998400793.
[I 2025-03-12 09:47:51,387] Trial 76 finished with value: 0.28177413099672416 and parameters: {'learning_rate': 0.01586969262739834, 'depth': 12, 'l2_leaf_reg': 0.5369520133635796, 'min_child_samples': 16}. Best is trial 31 with value: 0.2738659998400793.
[I 2025-03-12 09:48:20,618] Trial 77 finished with value: 0.2853952483115167 and parameters: {'learning_rate': 0.014119228252811604, 'depth': 15, 'l2_leaf_reg': 0.4111641890526954, 'min_child_samples': 8}. Best is trial 31 with value: 0.2738659998400793.
[I 2025-03-12 09:48:29,779] Trial 78 finished with value: 0.2769455082255896 and parameters: {'learning_rate': 0.012841271901950072, 'depth': 13, 'l2_leaf_reg': 0.6704726005789786, 'min_child_samples': 32}. Best is trial 31 with value: 0.2738659998400793.
[I 2025-03-12 09:48:45,413] Trial 79 finished with value: 0.274852884324857 and parameters: {'learning_rate': 0.013442540184629115, 'depth': 14, 'l2_leaf_reg': 1.421324095660355, 'min_child_samples': 1}. Best is trial 31 with value: 0.2738659998400793.
[I 2025-03-12 09:48:48,118] Trial 80 finished with value: 0.2902462783747356 and parameters: {'learning_rate': 0.01361499469204507, 'depth': 9, 'l2_leaf_reg': 1.4147055795903467, 'min_child_samples': 1}. Best is trial 31 with value: 0.2738659998400793.
[I 2025-03-12 09:48:55,937] Trial 81 finished with value: 0.2771444261417068 and parameters: {'learning_rate': 0.015031962597733442, 'depth': 13, 'l2_leaf_reg': 2.987843357472502, 'min_child_samples': 1}. Best is trial 31 with value: 0.2738659998400793.
[I 2025-03-12 09:49:11,895] Trial 82 finished with value: 0.2771077526383296 and parameters: {'learning_rate': 0.012323850535622271, 'depth': 14, 'l2_leaf_reg': 1.60304726357073, 'min_child_samples': 1}. Best is trial 31 with value: 0.2738659998400793.
