[I 2025-03-12 12:46:44,183] Trial 105 finished with value: 0.46685063015881834 and parameters: {'learning_rate': 0.019650493474137175, 'depth': 9, 'l2_leaf_reg': 2.1852476969219126, 'min_child_samples': 1}. Best is trial 46 with value: 0.46599541739077566.
[I 2025-03-12 12:46:46,911] Trial 106 finished with value: 0.4676864267894895 and parameters: {'learning_rate': 0.019570899880074384, 'depth': 8, 'l2_leaf_reg': 2.3306510213873604, 'min_child_samples': 1}. Best is trial 46 with value: 0.46599541739077566.
[I 2025-03-12 12:46:52,279] Trial 107 finished with value: 0.47451666315627955 and parameters: {'learning_rate': 0.019109996107013187, 'depth': 11, 'l2_leaf_reg': 2.468298672182126, 'min_child_samples': 16}. Best is trial 46 with value: 0.46599541739077566.
[I 2025-03-12 12:46:55,285] Trial 108 finished with value: 0.46822748294573596 and parameters: {'learning_rate': 0.019681409510101763, 'depth': 9, 'l2_leaf_reg': 2.1908112081434523, 'min_child_samples': 1}. Best is trial 46 with value: 0.46599541739077566.
[I 2025-03-12 12:46:59,121] Trial 109 finished with value: 0.4732286444815507 and parameters: {'learning_rate': 0.01998534436434854, 'depth': 7, 'l2_leaf_reg': 2.263226665097407, 'min_child_samples': 32}. Best is trial 46 with value: 0.46599541739077566.
[I 2025-03-12 12:47:04,154] Trial 110 finished with value: 0.4692306898352791 and parameters: {'learning_rate': 0.0182314245261203, 'depth': 10, 'l2_leaf_reg': 2.1016789441993597, 'min_child_samples': 1}. Best is trial 46 with value: 0.46599541739077566.
[I 2025-03-12 12:47:08,173] Trial 111 finished with value: 0.46915272438614947 and parameters: {'learning_rate': 0.01879281443762678, 'depth': 9, 'l2_leaf_reg': 2.0049447467744925, 'min_child_samples': 1}. Best is trial 46 with value: 0.46599541739077566.
[I 2025-03-12 12:47:11,644] Trial 112 finished with value: 0.46924945642161076 and parameters: {'learning_rate': 0.01930797300650783, 'depth': 8, 'l2_leaf_reg': 1.802502197190843, 'min_child_samples': 1}. Best is trial 46 with value: 0.46599541739077566.
[I 2025-03-12 12:47:15,286] Trial 113 finished with value: 0.47048010120238026 and parameters: {'learning_rate': 0.01798510506598236, 'depth': 9, 'l2_leaf_reg': 1.9420417450634269, 'min_child_samples': 1}. Best is trial 46 with value: 0.46599541739077566.
[I 2025-03-12 12:47:18,391] Trial 114 finished with value: 0.46934478060776663 and parameters: {'learning_rate': 0.019617858445516813, 'depth': 8, 'l2_leaf_reg': 2.159452367220175, 'min_child_samples': 1}. Best is trial 46 with value: 0.46599541739077566.
[I 2025-03-12 12:47:21,845] Trial 115 finished with value: 0.4676127265563673 and parameters: {'learning_rate': 0.018598089420208457, 'depth': 9, 'l2_leaf_reg': 2.039533507789802, 'min_child_samples': 1}. Best is trial 46 with value: 0.46599541739077566.
[I 2025-03-12 12:47:25,697] Trial 116 finished with value: 0.4717818362044002 and parameters: {'learning_rate': 0.018549026661163433, 'depth': 9, 'l2_leaf_reg': 2.0202915254082052, 'min_child_samples': 1}. Best is trial 46 with value: 0.46599541739077566.
[I 2025-03-12 12:47:30,149] Trial 117 finished with value: 0.46787191779771925 and parameters: {'learning_rate': 0.019022816775086694, 'depth': 10, 'l2_leaf_reg': 1.875852920674567, 'min_child_samples': 1}. Best is trial 46 with value: 0.46599541739077566.
[I 2025-03-12 12:47:33,619] Trial 118 finished with value: 0.4691889225550866 and parameters: {'learning_rate': 0.01966664830921906, 'depth': 8, 'l2_leaf_reg': 2.0856401370502926, 'min_child_samples': 16}. Best is trial 46 with value: 0.46599541739077566.
[I 2025-03-12 12:47:37,224] Trial 119 finished with value: 0.464659168888221 and parameters: {'learning_rate': 0.019260360778706423, 'depth': 9, 'l2_leaf_reg': 2.4058096547605285, 'min_child_samples': 4}. Best is trial 119 with value: 0.464659168888221.
[I 2025-03-12 12:47:41,616] Trial 120 finished with value: 0.4718478376730021 and parameters: {'learning_rate': 0.01924730559351995, 'depth': 10, 'l2_leaf_reg': 2.3840386143957635, 'min_child_samples': 4}. Best is trial 119 with value: 0.464659168888221.
[I 2025-03-12 12:47:45,009] Trial 121 finished with value: 0.4695556152870724 and parameters: {'learning_rate': 0.018553990751623527, 'depth': 9, 'l2_leaf_reg': 2.54800415391495, 'min_child_samples': 4}. Best is trial 119 with value: 0.464659168888221.
[I 2025-03-12 12:47:48,179] Trial 122 finished with value: 0.46798367905453 and parameters: {'learning_rate': 0.019960123040608343, 'depth': 9, 'l2_leaf_reg': 2.2930930473930893, 'min_child_samples': 4}. Best is trial 119 with value: 0.464659168888221.
[I 2025-03-12 12:47:50,975] Trial 123 finished with value: 0.4699407753606351 and parameters: {'learning_rate': 0.01890392198270311, 'depth': 8, 'l2_leaf_reg': 1.94928999729493, 'min_child_samples': 4}. Best is trial 119 with value: 0.464659168888221.
[I 2025-03-12 12:47:54,365] Trial 124 finished with value: 0.4693018672580989 and parameters: {'learning_rate': 0.019397490177940013, 'depth': 10, 'l2_leaf_reg': 2.2120744255760294, 'min_child_samples': 1}. Best is trial 119 with value: 0.464659168888221.
[I 2025-03-12 12:47:57,797] Trial 125 finished with value: 0.470290010113337 and parameters: {'learning_rate': 0.01814927536623799, 'depth': 9, 'l2_leaf_reg': 2.0473050210752564, 'min_child_samples': 1}. Best is trial 119 with value: 0.464659168888221.
[I 2025-03-12 12:48:02,572] Trial 126 finished with value: 0.47374005680415315 and parameters: {'learning_rate': 0.019679239860728427, 'depth': 11, 'l2_leaf_reg': 1.7290195721733248, 'min_child_samples': 1}. Best is trial 119 with value: 0.464659168888221.
[I 2025-03-12 12:48:04,330] Trial 127 finished with value: 0.6496030337974477 and parameters: {'learning_rate': 0.01758383612326679, 'depth': 2, 'l2_leaf_reg': 2.732136892744457, 'min_child_samples': 4}. Best is trial 119 with value: 0.464659168888221.
[I 2025-03-12 12:48:07,310] Trial 128 finished with value: 0.469235495314686 and parameters: {'learning_rate': 0.018917330687357185, 'depth': 8, 'l2_leaf_reg': 2.4289434230759768, 'min_child_samples': 8}. Best is trial 119 with value: 0.464659168888221.
[I 2025-03-12 12:48:10,893] Trial 129 finished with value: 0.46848623537875456 and parameters: {'learning_rate': 0.019311965389664308, 'depth': 9, 'l2_leaf_reg': 2.148285880185501, 'min_child_samples': 1}. Best is trial 119 with value: 0.464659168888221.
[I 2025-03-12 12:48:14,897] Trial 130 finished with value: 0.4685463642046051 and parameters: {'learning_rate': 0.019991470912610994, 'depth': 10, 'l2_leaf_reg': 1.7803431562765892, 'min_child_samples': 16}. Best is trial 119 with value: 0.464659168888221.
[I 2025-03-12 12:48:18,568] Trial 131 finished with value: 1.2261904985596157 and parameters: {'learning_rate': 0.0007927786683577468, 'depth': 9, 'l2_leaf_reg': 1.8993987794304399, 'min_child_samples': 1}. Best is trial 119 with value: 0.464659168888221.
[I 2025-03-12 12:48:21,823] Trial 132 finished with value: 0.46871641400390596 and parameters: {'learning_rate': 0.018434335615731743, 'depth': 9, 'l2_leaf_reg': 2.0683048788417864, 'min_child_samples': 1}. Best is trial 119 with value: 0.464659168888221.
[I 2025-03-12 12:48:25,547] Trial 133 finished with value: 0.5931154880341039 and parameters: {'learning_rate': 0.0038862226244238364, 'depth': 10, 'l2_leaf_reg': 1.8477656148177193, 'min_child_samples': 1}. Best is trial 119 with value: 0.464659168888221.
[I 2025-03-12 12:48:28,951] Trial 134 finished with value: 0.47077778909562984 and parameters: {'learning_rate': 0.016588966808014045, 'depth': 9, 'l2_leaf_reg': 1.992391390294517, 'min_child_samples': 1}. Best is trial 119 with value: 0.464659168888221.
[I 2025-03-12 12:48:31,850] Trial 135 finished with value: 0.4706010671821285 and parameters: {'learning_rate': 0.017789139173936163, 'depth': 8, 'l2_leaf_reg': 2.1256166890724764, 'min_child_samples': 1}. Best is trial 119 with value: 0.464659168888221.
[I 2025-03-12 12:48:35,123] Trial 136 finished with value: 0.4698287056541002 and parameters: {'learning_rate': 0.017202063887124835, 'depth': 9, 'l2_leaf_reg': 1.625121981741422, 'min_child_samples': 1}. Best is trial 119 with value: 0.464659168888221.
[I 2025-03-12 12:48:38,911] Trial 137 finished with value: 0.46846845484208893 and parameters: {'learning_rate': 0.018789297320949253, 'depth': 10, 'l2_leaf_reg': 2.2569087728710744, 'min_child_samples': 32}. Best is trial 119 with value: 0.464659168888221.
[I 2025-03-12 12:48:41,858] Trial 138 finished with value: 0.4705592856729816 and parameters: {'learning_rate': 0.019352787864362075, 'depth': 8, 'l2_leaf_reg': 0.48107780577409276, 'min_child_samples': 1}. Best is trial 119 with value: 0.464659168888221.
[I 2025-03-12 12:48:45,087] Trial 139 finished with value: 0.47046853129386956 and parameters: {'learning_rate': 0.01817558665362668, 'depth': 9, 'l2_leaf_reg': 1.496300866376397, 'min_child_samples': 1}. Best is trial 119 with value: 0.464659168888221.
[I 2025-03-12 12:48:47,387] Trial 140 finished with value: 0.4762190377143733 and parameters: {'learning_rate': 0.019668340452705897, 'depth': 7, 'l2_leaf_reg': 1.9723590618022433, 'min_child_samples': 16}. Best is trial 119 with value: 0.464659168888221.
[I 2025-03-12 12:48:50,119] Trial 141 finished with value: 0.4687702697829223 and parameters: {'learning_rate': 0.019559109460252078, 'depth': 8, 'l2_leaf_reg': 2.316257350992441, 'min_child_samples': 1}. Best is trial 119 with value: 0.464659168888221.
[I 2025-03-12 12:48:52,792] Trial 142 finished with value: 0.4692977222383182 and parameters: {'learning_rate': 0.019125310818300628, 'depth': 8, 'l2_leaf_reg': 2.3509968604187588, 'min_child_samples': 1}. Best is trial 119 with value: 0.464659168888221.
[I 2025-03-12 12:48:56,099] Trial 143 finished with value: 0.4691231047721667 and parameters: {'learning_rate': 0.01866248699873411, 'depth': 9, 'l2_leaf_reg': 2.5828892618200876, 'min_child_samples': 1}. Best is trial 119 with value: 0.464659168888221.
[I 2025-03-12 12:48:59,411] Trial 144 finished with value: 0.4671482340900233 and parameters: {'learning_rate': 0.019694926738935657, 'depth': 9, 'l2_leaf_reg': 2.195184412346089, 'min_child_samples': 1}. Best is trial 119 with value: 0.464659168888221.
[I 2025-03-12 12:49:02,592] Trial 145 finished with value: 0.4681043159287366 and parameters: {'learning_rate': 0.019039060352185038, 'depth': 9, 'l2_leaf_reg': 2.0524788783683743, 'min_child_samples': 1}. Best is trial 119 with value: 0.464659168888221.
[I 2025-03-12 12:49:32,237] Trial 146 finished with value: 0.5394179091195943 and parameters: {'learning_rate': 0.019979733198536048, 'depth': 15, 'l2_leaf_reg': 1.1654179952470607, 'min_child_samples': 1}. Best is trial 119 with value: 0.464659168888221.
[I 2025-03-12 12:49:35,867] Trial 147 finished with value: 0.4701734428711109 and parameters: {'learning_rate': 0.01944106513322234, 'depth': 10, 'l2_leaf_reg': 2.1898506702690863, 'min_child_samples': 1}. Best is trial 119 with value: 0.464659168888221.
[I 2025-03-12 12:49:39,225] Trial 148 finished with value: 0.4686490566771759 and parameters: {'learning_rate': 0.018331649588411957, 'depth': 9, 'l2_leaf_reg': 1.9159409808527885, 'min_child_samples': 4}. Best is trial 119 with value: 0.464659168888221.
[I 2025-03-12 12:49:42,986] Trial 149 finished with value: 0.46993971818645314 and parameters: {'learning_rate': 0.01878249677685097, 'depth': 10, 'l2_leaf_reg': 1.8469752777604285, 'min_child_samples': 1}. Best is trial 119 with value: 0.464659168888221.
[I 2025-03-12 12:49:46,265] Trial 150 finished with value: 0.4696695648250244 and parameters: {'learning_rate': 0.0199819986306295, 'depth': 9, 'l2_leaf_reg': 2.116642005422104, 'min_child_samples': 16}. Best is trial 119 with value: 0.464659168888221.
[I 2025-03-12 12:49:49,077] Trial 151 finished with value: 0.4677515984503346 and parameters: {'learning_rate': 0.01957538507025901, 'depth': 8, 'l2_leaf_reg': 2.4986439393061577, 'min_child_samples': 1}. Best is trial 119 with value: 0.464659168888221.
[I 2025-03-12 12:49:51,948] Trial 152 finished with value: 0.46905301427076684 and parameters: {'learning_rate': 0.019177370491922696, 'depth': 8, 'l2_leaf_reg': 2.2562286243328784, 'min_child_samples': 1}. Best is trial 119 with value: 0.464659168888221.
[I 2025-03-12 12:49:55,676] Trial 153 finished with value: 0.470202047041059 and parameters: {'learning_rate': 0.019618068505233923, 'depth': 9, 'l2_leaf_reg': 2.3177992778154333, 'min_child_samples': 1}. Best is trial 119 with value: 0.464659168888221.
[I 2025-03-12 12:49:58,495] Trial 154 finished with value: 0.46793058241600705 and parameters: {'learning_rate': 0.019168445511543543, 'depth': 8, 'l2_leaf_reg': 2.43468310640868, 'min_child_samples': 1}. Best is trial 119 with value: 0.464659168888221.
[I 2025-03-12 12:50:01,872] Trial 155 finished with value: 0.46893239145805826 and parameters: {'learning_rate': 0.01790832784040089, 'depth': 9, 'l2_leaf_reg': 2.1779723160951097, 'min_child_samples': 1}. Best is trial 119 with value: 0.464659168888221.
[I 2025-03-12 12:50:05,209] Trial 156 finished with value: 0.4698266119063213 and parameters: {'learning_rate': 0.019610377423869004, 'depth': 9, 'l2_leaf_reg': 2.002130967165784, 'min_child_samples': 1}. Best is trial 119 with value: 0.464659168888221.
[I 2025-03-12 12:50:07,959] Trial 157 finished with value: 0.47525243087047025 and parameters: {'learning_rate': 0.018552635322040018, 'depth': 7, 'l2_leaf_reg': 1.9277001987000333, 'min_child_samples': 8}. Best is trial 119 with value: 0.464659168888221.
[I 2025-03-12 12:50:12,086] Trial 158 finished with value: 0.4683507837024747 and parameters: {'learning_rate': 0.019977591327584386, 'depth': 10, 'l2_leaf_reg': 2.0870459694574492, 'min_child_samples': 1}. Best is trial 119 with value: 0.464659168888221.
[I 2025-03-12 12:50:15,118] Trial 159 finished with value: 0.46930398478882823 and parameters: {'learning_rate': 0.01886215907438641, 'depth': 8, 'l2_leaf_reg': 2.3932489189828527, 'min_child_samples': 1}. Best is trial 119 with value: 0.464659168888221.
[I 2025-03-12 12:50:18,660] Trial 160 finished with value: 0.46852416321292756 and parameters: {'learning_rate': 0.019293181453158125, 'depth': 9, 'l2_leaf_reg': 1.7859058464166444, 'min_child_samples': 1}. Best is trial 119 with value: 0.464659168888221.
[I 2025-03-12 12:50:21,794] Trial 161 finished with value: 0.46900184699231484 and parameters: {'learning_rate': 0.019720269165475198, 'depth': 8, 'l2_leaf_reg': 2.0311541737902172, 'min_child_samples': 1}. Best is trial 119 with value: 0.464659168888221.
[I 2025-03-12 12:50:25,129] Trial 162 finished with value: 0.46786173999898234 and parameters: {'learning_rate': 0.019996903209618493, 'depth': 9, 'l2_leaf_reg': 2.2183292962113965, 'min_child_samples': 1}. Best is trial 119 with value: 0.464659168888221.
[I 2025-03-12 12:50:28,087] Trial 163 finished with value: 0.46665935347223036 and parameters: {'learning_rate': 0.01941420668937232, 'depth': 8, 'l2_leaf_reg': 2.1495851969214925, 'min_child_samples': 1}. Best is trial 119 with value: 0.464659168888221.
[I 2025-03-12 12:50:30,601] Trial 164 finished with value: 0.4746011903031321 and parameters: {'learning_rate': 0.019328729347190942, 'depth': 7, 'l2_leaf_reg': 2.110156198793691, 'min_child_samples': 1}. Best is trial 119 with value: 0.464659168888221.
[I 2025-03-12 12:50:33,544] Trial 165 finished with value: 0.4704355331813166 and parameters: {'learning_rate': 0.01850847718179238, 'depth': 8, 'l2_leaf_reg': 2.166487166758971, 'min_child_samples': 16}. Best is trial 119 with value: 0.464659168888221.
[I 2025-03-12 12:50:36,976] Trial 166 finished with value: 0.46848486827438074 and parameters: {'learning_rate': 0.019038636551559365, 'depth': 9, 'l2_leaf_reg': 1.9703011029560882, 'min_child_samples': 1}. Best is trial 119 with value: 0.464659168888221.
[I 2025-03-12 12:50:40,897] Trial 167 finished with value: 0.47171315862689817 and parameters: {'learning_rate': 0.01353974792165126, 'depth': 10, 'l2_leaf_reg': 2.2656093809613767, 'min_child_samples': 4}. Best is trial 119 with value: 0.464659168888221.
[I 2025-03-12 12:50:43,784] Trial 168 finished with value: 0.4704644805049876 and parameters: {'learning_rate': 0.017548061939250632, 'depth': 8, 'l2_leaf_reg': 1.8724150945427545, 'min_child_samples': 32}. Best is trial 119 with value: 0.464659168888221.
[I 2025-03-12 12:50:47,061] Trial 169 finished with value: 0.4702186885396964 and parameters: {'learning_rate': 0.019550541788845823, 'depth': 9, 'l2_leaf_reg': 2.0460277732999668, 'min_child_samples': 1}. Best is trial 119 with value: 0.464659168888221.
[I 2025-03-12 12:50:50,541] Trial 170 finished with value: 0.46891114315489946 and parameters: {'learning_rate': 0.018159568594906254, 'depth': 9, 'l2_leaf_reg': 1.721735530072979, 'min_child_samples': 1}. Best is trial 119 with value: 0.464659168888221.
[I 2025-03-12 12:50:53,356] Trial 171 finished with value: 0.4687915481201607 and parameters: {'learning_rate': 0.019588782237356044, 'depth': 8, 'l2_leaf_reg': 2.017626997780213, 'min_child_samples': 1}. Best is trial 119 with value: 0.464659168888221.
[I 2025-03-12 12:50:56,293] Trial 172 finished with value: 0.4768611105164847 and parameters: {'learning_rate': 0.018907754527807234, 'depth': 7, 'l2_leaf_reg': 1.9467795078815717, 'min_child_samples': 1}. Best is trial 119 with value: 0.464659168888221.
[I 2025-03-12 12:50:59,212] Trial 173 finished with value: 0.4683713670275127 and parameters: {'learning_rate': 0.019993002875564603, 'depth': 8, 'l2_leaf_reg': 0.7923994557528611, 'min_child_samples': 1}. Best is trial 119 with value: 0.464659168888221.
[I 2025-03-12 12:51:02,584] Trial 174 finished with value: 0.4688824252850146 and parameters: {'learning_rate': 0.019322669270336327, 'depth': 9, 'l2_leaf_reg': 2.1307927800860322, 'min_child_samples': 1}. Best is trial 119 with value: 0.464659168888221.
[I 2025-03-12 12:51:05,371] Trial 175 finished with value: 0.47021158989884954 and parameters: {'learning_rate': 0.01999935551600904, 'depth': 8, 'l2_leaf_reg': 2.3412746009567535, 'min_child_samples': 1}. Best is trial 119 with value: 0.464659168888221.
[I 2025-03-12 12:51:08,563] Trial 176 finished with value: 0.46990522177095245 and parameters: {'learning_rate': 0.018759253522476805, 'depth': 9, 'l2_leaf_reg': 2.0669728771884923, 'min_child_samples': 1}. Best is trial 119 with value: 0.464659168888221.
[I 2025-03-12 12:51:11,963] Trial 177 finished with value: 0.4708523587376026 and parameters: {'learning_rate': 0.019563184276353694, 'depth': 9, 'l2_leaf_reg': 2.216027321644926, 'min_child_samples': 16}. Best is trial 119 with value: 0.464659168888221.
[I 2025-03-12 12:51:16,054] Trial 178 finished with value: 0.46799937525821356 and parameters: {'learning_rate': 0.019122732602898273, 'depth': 10, 'l2_leaf_reg': 1.9761762346520664, 'min_child_samples': 1}. Best is trial 119 with value: 0.464659168888221.
[I 2025-03-12 12:51:19,006] Trial 179 finished with value: 0.4694270386258082 and parameters: {'learning_rate': 0.01840644177326257, 'depth': 8, 'l2_leaf_reg': 1.8689024227699174, 'min_child_samples': 1}. Best is trial 119 with value: 0.464659168888221.
[I 2025-03-12 12:51:22,337] Trial 180 finished with value: 0.46855640592939923 and parameters: {'learning_rate': 0.019629759922561104, 'depth': 9, 'l2_leaf_reg': 2.1488044522590997, 'min_child_samples': 1}. Best is trial 119 with value: 0.464659168888221.
[I 2025-03-12 12:51:25,277] Trial 181 finished with value: 0.4692589374829508 and parameters: {'learning_rate': 0.019559909640335334, 'depth': 8, 'l2_leaf_reg': 2.485714399426818, 'min_child_samples': 1}. Best is trial 119 with value: 0.464659168888221.
[I 2025-03-12 12:51:28,110] Trial 182 finished with value: 0.4685390096697549 and parameters: {'learning_rate': 0.01923303774321557, 'depth': 8, 'l2_leaf_reg': 2.504325996013093, 'min_child_samples': 1}. Best is trial 119 with value: 0.464659168888221.
[I 2025-03-12 12:51:31,228] Trial 183 finished with value: 0.4706284725855781 and parameters: {'learning_rate': 0.019596735261754383, 'depth': 9, 'l2_leaf_reg': 2.3700460751619765, 'min_child_samples': 1}. Best is trial 119 with value: 0.464659168888221.
[I 2025-03-12 12:51:33,937] Trial 184 finished with value: 0.4701529757921143 and parameters: {'learning_rate': 0.018903471366385816, 'depth': 8, 'l2_leaf_reg': 1.9180596115389055, 'min_child_samples': 1}. Best is trial 119 with value: 0.464659168888221.
[I 2025-03-12 12:51:36,999] Trial 185 finished with value: 0.46699056708630693 and parameters: {'learning_rate': 0.019697277225165226, 'depth': 9, 'l2_leaf_reg': 2.6217262349598607, 'min_child_samples': 4}. Best is trial 119 with value: 0.464659168888221.
[I 2025-03-12 12:51:40,710] Trial 186 finished with value: 0.46843833182750594 and parameters: {'learning_rate': 0.019200656636227467, 'depth': 10, 'l2_leaf_reg': 2.603911390674807, 'min_child_samples': 4}. Best is trial 119 with value: 0.464659168888221.
[I 2025-03-12 12:51:43,914] Trial 187 finished with value: 0.46785006728882106 and parameters: {'learning_rate': 0.019975517193566446, 'depth': 9, 'l2_leaf_reg': 2.083930207422356, 'min_child_samples': 4}. Best is trial 119 with value: 0.464659168888221.
[I 2025-03-12 12:51:49,424] Trial 188 finished with value: 1.477477731810061 and parameters: {'learning_rate': 0.0002726914973581254, 'depth': 9, 'l2_leaf_reg': 2.663794019330885, 'min_child_samples': 4}. Best is trial 119 with value: 0.464659168888221.
[I 2025-03-12 12:51:54,425] Trial 189 finished with value: 0.4684750109024608 and parameters: {'learning_rate': 0.018667493867337362, 'depth': 9, 'l2_leaf_reg': 2.289367571838521, 'min_child_samples': 4}. Best is trial 119 with value: 0.464659168888221.
[I 2025-03-12 12:52:00,301] Trial 190 finished with value: 0.4701605915234064 and parameters: {'learning_rate': 0.019228571857084844, 'depth': 10, 'l2_leaf_reg': 2.026974876745719, 'min_child_samples': 4}. Best is trial 119 with value: 0.464659168888221.
