[I 2025-03-12 19:14:26,250] Trial 461 finished with value: 0.18433717469101898 and parameters: {'learning_rate': 0.019996853005717224, 'depth': 11, 'l2_leaf_reg': 2.2353520377974383, 'min_child_samples': 32}. Best is trial 233 with value: 0.18081110637386957.
[I 2025-03-12 19:14:32,599] Trial 462 finished with value: 0.18531847097116577 and parameters: {'learning_rate': 0.019333792250646988, 'depth': 10, 'l2_leaf_reg': 2.4801465842021737, 'min_child_samples': 1}. Best is trial 233 with value: 0.18081110637386957.
[I 2025-03-12 19:14:41,799] Trial 463 finished with value: 0.18837263444926458 and parameters: {'learning_rate': 0.01964538319129261, 'depth': 12, 'l2_leaf_reg': 2.2955220809744454, 'min_child_samples': 8}. Best is trial 233 with value: 0.18081110637386957.
[I 2025-03-12 19:14:49,303] Trial 464 finished with value: 0.18288952704640934 and parameters: {'learning_rate': 0.019000817677921947, 'depth': 11, 'l2_leaf_reg': 2.4149467454985394, 'min_child_samples': 8}. Best is trial 233 with value: 0.18081110637386957.
[I 2025-03-12 19:14:56,993] Trial 465 finished with value: 0.18363582369995987 and parameters: {'learning_rate': 0.01999981289522145, 'depth': 11, 'l2_leaf_reg': 2.5691194581061034, 'min_child_samples': 8}. Best is trial 233 with value: 0.18081110637386957.
[I 2025-03-12 19:15:05,962] Trial 466 finished with value: 0.1870577863902993 and parameters: {'learning_rate': 0.01959776877540834, 'depth': 12, 'l2_leaf_reg': 2.1842445744321073, 'min_child_samples': 8}. Best is trial 233 with value: 0.18081110637386957.
[I 2025-03-12 19:15:13,196] Trial 467 finished with value: 0.19228821653668618 and parameters: {'learning_rate': 0.00983378502941342, 'depth': 11, 'l2_leaf_reg': 2.3517509645991845, 'min_child_samples': 8}. Best is trial 233 with value: 0.18081110637386957.
[I 2025-03-12 19:15:20,660] Trial 468 finished with value: 0.18301268234522283 and parameters: {'learning_rate': 0.019167212279973114, 'depth': 11, 'l2_leaf_reg': 2.1020941536263753, 'min_child_samples': 32}. Best is trial 233 with value: 0.18081110637386957.
[I 2025-03-12 19:15:26,849] Trial 469 finished with value: 0.18373392336342947 and parameters: {'learning_rate': 0.019996176648561445, 'depth': 10, 'l2_leaf_reg': 2.638985372436015, 'min_child_samples': 8}. Best is trial 233 with value: 0.18081110637386957.
[I 2025-03-12 19:15:33,977] Trial 470 finished with value: 0.18268685372828353 and parameters: {'learning_rate': 0.019562265261198114, 'depth': 11, 'l2_leaf_reg': 2.4999247342862216, 'min_child_samples': 8}. Best is trial 233 with value: 0.18081110637386957.
[I 2025-03-12 19:15:40,554] Trial 471 finished with value: 0.18352046648398715 and parameters: {'learning_rate': 0.018761696711050154, 'depth': 11, 'l2_leaf_reg': 2.244263690769473, 'min_child_samples': 4}. Best is trial 233 with value: 0.18081110637386957.
[I 2025-03-12 19:15:48,526] Trial 472 finished with value: 0.18616383440567907 and parameters: {'learning_rate': 0.019999895899789705, 'depth': 12, 'l2_leaf_reg': 2.4061447036565244, 'min_child_samples': 1}. Best is trial 233 with value: 0.18081110637386957.
[I 2025-03-12 19:15:53,779] Trial 473 finished with value: 0.18547696377810213 and parameters: {'learning_rate': 0.019355890141176075, 'depth': 10, 'l2_leaf_reg': 2.3068399969466413, 'min_child_samples': 8}. Best is trial 233 with value: 0.18081110637386957.
[I 2025-03-12 19:15:58,548] Trial 474 finished with value: 0.18880780690336657 and parameters: {'learning_rate': 0.019346725786834235, 'depth': 9, 'l2_leaf_reg': 2.5556591098831802, 'min_child_samples': 8}. Best is trial 233 with value: 0.18081110637386957.
[I 2025-03-12 19:16:04,654] Trial 475 finished with value: 0.18254026462535677 and parameters: {'learning_rate': 0.019615498933107083, 'depth': 11, 'l2_leaf_reg': 2.4467285149549776, 'min_child_samples': 8}. Best is trial 233 with value: 0.18081110637386957.
[I 2025-03-12 19:16:10,632] Trial 476 finished with value: 0.18653056911347232 and parameters: {'learning_rate': 0.017467496509077973, 'depth': 11, 'l2_leaf_reg': 2.119295110658635, 'min_child_samples': 8}. Best is trial 233 with value: 0.18081110637386957.
[I 2025-03-12 19:16:15,881] Trial 477 finished with value: 0.18523024521564246 and parameters: {'learning_rate': 0.018343954657554125, 'depth': 11, 'l2_leaf_reg': 2.1900321941352887, 'min_child_samples': 32}. Best is trial 233 with value: 0.18081110637386957.
[I 2025-03-12 19:16:18,381] Trial 478 finished with value: 0.19638909369618876 and parameters: {'learning_rate': 0.01897693005169824, 'depth': 8, 'l2_leaf_reg': 2.365602388505925, 'min_child_samples': 8}. Best is trial 233 with value: 0.18081110637386957.
[I 2025-03-12 19:16:22,096] Trial 479 finished with value: 0.18493947384557055 and parameters: {'learning_rate': 0.019661164023836174, 'depth': 10, 'l2_leaf_reg': 2.7275983285176135, 'min_child_samples': 8}. Best is trial 233 with value: 0.18081110637386957.
[I 2025-03-12 19:16:28,144] Trial 480 finished with value: 0.18626988380444406 and parameters: {'learning_rate': 0.019986391618713375, 'depth': 12, 'l2_leaf_reg': 2.5062177902265765, 'min_child_samples': 1}. Best is trial 233 with value: 0.18081110637386957.
[I 2025-03-12 19:16:32,394] Trial 481 finished with value: 0.18346743235958618 and parameters: {'learning_rate': 0.019221552387089155, 'depth': 11, 'l2_leaf_reg': 2.010883256942148, 'min_child_samples': 8}. Best is trial 233 with value: 0.18081110637386957.
[I 2025-03-12 19:16:36,959] Trial 482 finished with value: 0.18322268282590037 and parameters: {'learning_rate': 0.019613992115895474, 'depth': 11, 'l2_leaf_reg': 2.272312629205361, 'min_child_samples': 8}. Best is trial 233 with value: 0.18081110637386957.
[I 2025-03-12 19:16:41,063] Trial 483 finished with value: 0.21842290482602406 and parameters: {'learning_rate': 0.005861335002273638, 'depth': 11, 'l2_leaf_reg': 2.6086154945471987, 'min_child_samples': 8}. Best is trial 233 with value: 0.18081110637386957.
[I 2025-03-12 19:16:47,421] Trial 484 finished with value: 0.18609269097538625 and parameters: {'learning_rate': 0.019992914788062064, 'depth': 12, 'l2_leaf_reg': 0.5357811819134806, 'min_child_samples': 32}. Best is trial 233 with value: 0.18081110637386957.
[I 2025-03-12 19:16:52,057] Trial 485 finished with value: 0.18336446050256947 and parameters: {'learning_rate': 0.018790758771507064, 'depth': 11, 'l2_leaf_reg': 2.3434346744136394, 'min_child_samples': 4}. Best is trial 233 with value: 0.18081110637386957.
[I 2025-03-12 19:16:55,584] Trial 486 finished with value: 0.18710059018374403 and parameters: {'learning_rate': 0.019282334340805323, 'depth': 10, 'l2_leaf_reg': 2.4364932593606246, 'min_child_samples': 8}. Best is trial 233 with value: 0.18081110637386957.
[I 2025-03-12 19:16:59,997] Trial 487 finished with value: 0.18395517986482754 and parameters: {'learning_rate': 0.01962467786587073, 'depth': 11, 'l2_leaf_reg': 2.229183992294815, 'min_child_samples': 8}. Best is trial 233 with value: 0.18081110637386957.
[I 2025-03-12 19:17:04,490] Trial 488 finished with value: 0.18508708746503144 and parameters: {'learning_rate': 0.017909664133915763, 'depth': 11, 'l2_leaf_reg': 2.1412654335577894, 'min_child_samples': 8}. Best is trial 233 with value: 0.18081110637386957.
[I 2025-03-12 19:17:09,029] Trial 489 finished with value: 0.18247900617775528 and parameters: {'learning_rate': 0.01907831083615883, 'depth': 11, 'l2_leaf_reg': 2.5195310029236757, 'min_child_samples': 8}. Best is trial 233 with value: 0.18081110637386957.
[I 2025-03-12 19:17:12,631] Trial 490 finished with value: 0.18476316754443683 and parameters: {'learning_rate': 0.019620963240051283, 'depth': 10, 'l2_leaf_reg': 2.3879763496902284, 'min_child_samples': 1}. Best is trial 233 with value: 0.18081110637386957.
[I 2025-03-12 19:17:14,393] Trial 491 finished with value: 0.3004289672099329 and parameters: {'learning_rate': 0.01847366487731812, 'depth': 3, 'l2_leaf_reg': 2.324606876829318, 'min_child_samples': 8}. Best is trial 233 with value: 0.18081110637386957.
[I 2025-03-12 19:17:20,651] Trial 492 finished with value: 0.18544555135762938 and parameters: {'learning_rate': 0.019646150903335203, 'depth': 12, 'l2_leaf_reg': 2.462091222573487, 'min_child_samples': 32}. Best is trial 233 with value: 0.18081110637386957.
[I 2025-03-12 19:17:25,227] Trial 493 finished with value: 0.18211365354255 and parameters: {'learning_rate': 0.019979444106060628, 'depth': 11, 'l2_leaf_reg': 2.208421454748706, 'min_child_samples': 8}. Best is trial 233 with value: 0.18081110637386957.
[I 2025-03-12 19:17:29,626] Trial 494 finished with value: 0.1837491175791368 and parameters: {'learning_rate': 0.01892049045721821, 'depth': 11, 'l2_leaf_reg': 2.084692353534563, 'min_child_samples': 8}. Best is trial 233 with value: 0.18081110637386957.
[I 2025-03-12 19:17:34,120] Trial 495 finished with value: 0.1838430104457029 and parameters: {'learning_rate': 0.019272861320372783, 'depth': 11, 'l2_leaf_reg': 2.5784125570564167, 'min_child_samples': 8}. Best is trial 233 with value: 0.18081110637386957.
[I 2025-03-12 19:17:40,259] Trial 496 finished with value: 0.187206110005059 and parameters: {'learning_rate': 0.01963348021419285, 'depth': 12, 'l2_leaf_reg': 2.2867203191416814, 'min_child_samples': 8}. Best is trial 233 with value: 0.18081110637386957.
[I 2025-03-12 19:17:43,686] Trial 497 finished with value: 0.18550488611990376 and parameters: {'learning_rate': 0.019982095603934203, 'depth': 10, 'l2_leaf_reg': 2.391044874268589, 'min_child_samples': 8}. Best is trial 233 with value: 0.18081110637386957.
[I 2025-03-12 19:17:48,054] Trial 498 finished with value: 0.18286782743292254 and parameters: {'learning_rate': 0.01999901033072738, 'depth': 11, 'l2_leaf_reg': 2.1647444832566496, 'min_child_samples': 4}. Best is trial 233 with value: 0.18081110637386957.
[I 2025-03-12 19:17:52,529] Trial 499 finished with value: 0.18383485510226666 and parameters: {'learning_rate': 0.019263559606526984, 'depth': 11, 'l2_leaf_reg': 2.484807794073949, 'min_child_samples': 32}. Best is trial 233 with value: 0.18081110637386957.
2025-03-12 19:17:52,529 - __main__ - INFO - Best RMSE: 0.1808
2025-03-12 19:17:52,529 - __main__ - INFO - Best parameters: {'learning_rate': 0.019968342783376707, 'depth': 11, 'l2_leaf_reg': 2.5288836646413086, 'min_child_samples': 8}
2025-03-12 19:17:52,529 - __main__ - INFO - {'learning_rate': 0.019968342783376707, 'depth': 11, 'l2_leaf_reg': 2.5288836646413086, 'min_child_samples': 8, 'grow_policy': 'SymmetricTree', 'iterations': 1000, 'use_best_model': True, 'eval_metric': 'RMSE', 'loss_function': 'RMSE', 'od_type': 'iter', 'od_wait': 20, 'task_type': 'GPU', 'random_state': 42, 'logging_level': 'Silent'}
2025-03-12 19:17:52,529 - __main__ - INFO - Starting c_std_y optimization...
2025-03-12 19:17:52,531 - __main__ - INFO - Starting hyperparameter optimization for c_std_y
[I 2025-03-12 19:17:52,531] A new study created in memory with name: catboost-c_std_y-seed42
[I 2025-03-12 19:17:54,338] Trial 0 finished with value: 0.8606446284780509 and parameters: {'learning_rate': 0.003988948262351697, 'depth': 3, 'l2_leaf_reg': 2.8051871644621365, 'min_child_samples': 1}. Best is trial 0 with value: 0.8606446284780509.
[I 2025-03-12 19:18:50,087] Trial 1 finished with value: 0.7068971008626583 and parameters: {'learning_rate': 0.003468169770108265, 'depth': 16, 'l2_leaf_reg': 1.549352181598718, 'min_child_samples': 1}. Best is trial 1 with value: 0.7068971008626583.
[I 2025-03-12 19:18:53,301] Trial 2 finished with value: 0.5070954499245356 and parameters: {'learning_rate': 0.006338745516313174, 'depth': 10, 'l2_leaf_reg': 2.200942175908474, 'min_child_samples': 4}. Best is trial 2 with value: 0.5070954499245356.
[I 2025-03-12 19:18:55,348] Trial 3 finished with value: 0.4875858670333492 and parameters: {'learning_rate': 0.018274432333484622, 'depth': 6, 'l2_leaf_reg': 1.572627149011855, 'min_child_samples': 16}. Best is trial 3 with value: 0.4875858670333492.
[I 2025-03-12 19:18:57,483] Trial 4 finished with value: 0.8216110691252311 and parameters: {'learning_rate': 0.00295964590300776, 'depth': 5, 'l2_leaf_reg': 2.7197469742327973, 'min_child_samples': 1}. Best is trial 3 with value: 0.4875858670333492.
[I 2025-03-12 19:18:59,136] Trial 5 finished with value: 1.1295568741358604 and parameters: {'learning_rate': 0.0017674881084290628, 'depth': 3, 'l2_leaf_reg': 2.1453705195816064, 'min_child_samples': 4}. Best is trial 3 with value: 0.4875858670333492.
[I 2025-03-12 19:19:00,787] Trial 6 finished with value: 0.6428076284842641 and parameters: {'learning_rate': 0.018540541052100144, 'depth': 2, 'l2_leaf_reg': 0.8065348666419138, 'min_child_samples': 16}. Best is trial 3 with value: 0.4875858670333492.
[I 2025-03-12 19:19:03,709] Trial 7 finished with value: 0.4723355779193476 and parameters: {'learning_rate': 0.016988055873713156, 'depth': 9, 'l2_leaf_reg': 1.9217237791101716, 'min_child_samples': 4}. Best is trial 7 with value: 0.4723355779193476.
[I 2025-03-12 19:19:05,628] Trial 8 finished with value: 0.510745561131476 and parameters: {'learning_rate': 0.015583944501331444, 'depth': 5, 'l2_leaf_reg': 0.7653454963478684, 'min_child_samples': 4}. Best is trial 7 with value: 0.4723355779193476.
[I 2025-03-12 19:19:08,762] Trial 9 finished with value: 0.4680452945609224 and parameters: {'learning_rate': 0.019654513657630584, 'depth': 9, 'l2_leaf_reg': 1.9619177797571132, 'min_child_samples': 8}. Best is trial 9 with value: 0.4680452945609224.
[I 2025-03-12 19:19:18,046] Trial 10 finished with value: 0.4921527785294678 and parameters: {'learning_rate': 0.010764878674812824, 'depth': 13, 'l2_leaf_reg': 0.11026837983236915, 'min_child_samples': 8}. Best is trial 9 with value: 0.4680452945609224.
[I 2025-03-12 19:19:20,922] Trial 11 finished with value: 0.4726761966624474 and parameters: {'learning_rate': 0.012781973799273025, 'depth': 9, 'l2_leaf_reg': 2.1076992834261397, 'min_child_samples': 8}. Best is trial 9 with value: 0.4680452945609224.
[I 2025-03-12 19:19:27,328] Trial 12 finished with value: 0.4760348714620461 and parameters: {'learning_rate': 0.01474998517413596, 'depth': 12, 'l2_leaf_reg': 1.1216206984210677, 'min_child_samples': 32}. Best is trial 9 with value: 0.4680452945609224.
[I 2025-03-12 19:19:29,684] Trial 13 finished with value: 0.4745949953271713 and parameters: {'learning_rate': 0.01974528390402975, 'depth': 7, 'l2_leaf_reg': 1.8245165264646293, 'min_child_samples': 8}. Best is trial 9 with value: 0.4680452945609224.
[I 2025-03-12 19:19:36,051] Trial 14 finished with value: 0.47643995695604524 and parameters: {'learning_rate': 0.01581934894302479, 'depth': 12, 'l2_leaf_reg': 2.4294395502907222, 'min_child_samples': 32}. Best is trial 9 with value: 0.4680452945609224.
[I 2025-03-12 19:19:38,872] Trial 15 finished with value: 0.49730627861292726 and parameters: {'learning_rate': 0.008346138823696603, 'depth': 8, 'l2_leaf_reg': 1.203287987091929, 'min_child_samples': 8}. Best is trial 9 with value: 0.4680452945609224.
[I 2025-03-12 19:19:42,456] Trial 16 finished with value: 0.4685958451527106 and parameters: {'learning_rate': 0.01703821761656417, 'depth': 10, 'l2_leaf_reg': 1.8691978680325398, 'min_child_samples': 4}. Best is trial 9 with value: 0.4680452945609224.
[I 2025-03-12 19:20:11,609] Trial 17 finished with value: 0.5397039945213421 and parameters: {'learning_rate': 0.012566962119564852, 'depth': 15, 'l2_leaf_reg': 2.5464183142540513, 'min_child_samples': 8}. Best is trial 9 with value: 0.4680452945609224.
[I 2025-03-12 19:20:15,955] Trial 18 finished with value: 0.4740122475950577 and parameters: {'learning_rate': 0.013366986270843723, 'depth': 11, 'l2_leaf_reg': 1.254469630173631, 'min_child_samples': 4}. Best is trial 9 with value: 0.4680452945609224.
[I 2025-03-12 19:20:24,385] Trial 19 finished with value: 0.49118947983007466 and parameters: {'learning_rate': 0.019801759498904288, 'depth': 13, 'l2_leaf_reg': 1.76244597971923, 'min_child_samples': 16}. Best is trial 9 with value: 0.4680452945609224.
[I 2025-03-12 19:20:40,310] Trial 20 finished with value: 0.5154462336878486 and parameters: {'learning_rate': 0.009634695351151629, 'depth': 14, 'l2_leaf_reg': 0.2591852481511778, 'min_child_samples': 32}. Best is trial 9 with value: 0.4680452945609224.
[I 2025-03-12 19:20:42,992] Trial 21 finished with value: 0.46945385645338394 and parameters: {'learning_rate': 0.01710486162221859, 'depth': 9, 'l2_leaf_reg': 1.8490803697313596, 'min_child_samples': 4}. Best is trial 9 with value: 0.4680452945609224.
[I 2025-03-12 19:20:46,462] Trial 22 finished with value: 0.46761379807474635 and parameters: {'learning_rate': 0.01718455358787107, 'depth': 10, 'l2_leaf_reg': 2.4172693288773024, 'min_child_samples': 4}. Best is trial 22 with value: 0.46761379807474635.
[I 2025-03-12 19:20:51,071] Trial 23 finished with value: 0.47393482602434267 and parameters: {'learning_rate': 0.017466470138769948, 'depth': 11, 'l2_leaf_reg': 2.9677608446943644, 'min_child_samples': 4}. Best is trial 22 with value: 0.46761379807474635.
[I 2025-03-12 19:20:53,432] Trial 24 finished with value: 0.4822997710287436 and parameters: {'learning_rate': 0.014479100721507113, 'depth': 7, 'l2_leaf_reg': 2.330376867125361, 'min_child_samples': 4}. Best is trial 22 with value: 0.46761379807474635.
[I 2025-03-12 19:20:57,013] Trial 25 finished with value: 0.4701184954146413 and parameters: {'learning_rate': 0.019549694035792486, 'depth': 10, 'l2_leaf_reg': 2.64860936826879, 'min_child_samples': 8}. Best is trial 22 with value: 0.46761379807474635.
[I 2025-03-12 19:20:59,388] Trial 26 finished with value: 0.4788611443543733 and parameters: {'learning_rate': 0.01597243802902383, 'depth': 7, 'l2_leaf_reg': 2.114879551232132, 'min_child_samples': 4}. Best is trial 22 with value: 0.46761379807474635.
[I 2025-03-12 19:21:03,166] Trial 27 finished with value: 0.46880228717780914 and parameters: {'learning_rate': 0.018323370517312445, 'depth': 10, 'l2_leaf_reg': 1.450449935678663, 'min_child_samples': 4}. Best is trial 22 with value: 0.46761379807474635.
[I 2025-03-12 19:21:05,633] Trial 28 finished with value: 0.4803555455567291 and parameters: {'learning_rate': 0.011531685262567093, 'depth': 8, 'l2_leaf_reg': 2.3854013256931723, 'min_child_samples': 8}. Best is trial 22 with value: 0.46761379807474635.
[I 2025-03-12 19:21:10,134] Trial 29 finished with value: 0.4748131991563315 and parameters: {'learning_rate': 0.014248653850237299, 'depth': 11, 'l2_leaf_reg': 2.91284398164522, 'min_child_samples': 1}. Best is trial 22 with value: 0.46761379807474635.
[I 2025-03-12 19:21:12,153] Trial 30 finished with value: 0.6841257408013911 and parameters: {'learning_rate': 0.005479943124020365, 'depth': 4, 'l2_leaf_reg': 1.9670168466584208, 'min_child_samples': 16}. Best is trial 22 with value: 0.46761379807474635.
[I 2025-03-12 19:21:15,874] Trial 31 finished with value: 0.4694956567599383 and parameters: {'learning_rate': 0.01800645505170017, 'depth': 10, 'l2_leaf_reg': 1.4023598408475553, 'min_child_samples': 4}. Best is trial 22 with value: 0.46761379807474635.
[I 2025-03-12 19:21:22,175] Trial 32 finished with value: 0.4743632668604863 and parameters: {'learning_rate': 0.017021368694836232, 'depth': 12, 'l2_leaf_reg': 1.5960062611530432, 'min_child_samples': 4}. Best is trial 22 with value: 0.46761379807474635.
[I 2025-03-12 19:21:25,832] Trial 33 finished with value: 0.46913089215008374 and parameters: {'learning_rate': 0.018744660253167362, 'depth': 10, 'l2_leaf_reg': 1.457732032605759, 'min_child_samples': 4}. Best is trial 22 with value: 0.46761379807474635.
[I 2025-03-12 19:21:28,465] Trial 34 finished with value: 0.47282482212819654 and parameters: {'learning_rate': 0.016017804153580693, 'depth': 8, 'l2_leaf_reg': 0.9584374411314287, 'min_child_samples': 1}. Best is trial 22 with value: 0.46761379807474635.
[I 2025-03-12 19:21:33,055] Trial 35 finished with value: 0.47324858573999584 and parameters: {'learning_rate': 0.01866272133682297, 'depth': 11, 'l2_leaf_reg': 1.7037217073760358, 'min_child_samples': 4}. Best is trial 22 with value: 0.46761379807474635.
[I 2025-03-12 19:21:34,989] Trial 36 finished with value: 0.4889684361483697 and parameters: {'learning_rate': 0.016855556870825347, 'depth': 6, 'l2_leaf_reg': 2.273775086507629, 'min_child_samples': 4}. Best is trial 22 with value: 0.46761379807474635.
[I 2025-03-12 19:21:38,399] Trial 37 finished with value: 1.3664435350601905 and parameters: {'learning_rate': 0.00047404854273241925, 'depth': 10, 'l2_leaf_reg': 2.0068711377752586, 'min_child_samples': 1}. Best is trial 22 with value: 0.46761379807474635.
[I 2025-03-12 19:22:34,956] Trial 38 finished with value: 0.5658226172800206 and parameters: {'learning_rate': 0.01850098333119201, 'depth': 16, 'l2_leaf_reg': 1.6666087171047186, 'min_child_samples': 4}. Best is trial 22 with value: 0.46761379807474635.
[I 2025-03-12 19:22:36,346] Trial 39 finished with value: 1.0492713621824052 and parameters: {'learning_rate': 0.007784688003520864, 'depth': 1, 'l2_leaf_reg': 1.3194063387449804, 'min_child_samples': 32}. Best is trial 22 with value: 0.46761379807474635.
[I 2025-03-12 19:22:39,364] Trial 40 finished with value: 0.47306715822781814 and parameters: {'learning_rate': 0.015235050967075532, 'depth': 9, 'l2_leaf_reg': 2.5543269889940086, 'min_child_samples': 16}. Best is trial 22 with value: 0.46761379807474635.
[I 2025-03-12 19:22:42,861] Trial 41 finished with value: 0.4700840703657983 and parameters: {'learning_rate': 0.018554872373112992, 'depth': 10, 'l2_leaf_reg': 1.50496542084035, 'min_child_samples': 4}. Best is trial 22 with value: 0.46761379807474635.
[I 2025-03-12 19:22:45,842] Trial 42 finished with value: 0.4672208424087402 and parameters: {'learning_rate': 0.019055490897031273, 'depth': 9, 'l2_leaf_reg': 1.4838543296540778, 'min_child_samples': 4}. Best is trial 42 with value: 0.4672208424087402.
