[I 2025-03-12 11:41:08,494] Trial 432 finished with value: 2.0092679058868437 and parameters: {'learning_rate': 0.01485041081559265, 'depth': 11, 'l2_leaf_reg': 1.1729817891372918, 'min_child_samples': 1}. Best is trial 394 with value: 1.9969808813024985.
[I 2025-03-12 11:41:12,138] Trial 433 finished with value: 2.01201769570345 and parameters: {'learning_rate': 0.01601322114896828, 'depth': 12, 'l2_leaf_reg': 0.9135910238827435, 'min_child_samples': 4}. Best is trial 394 with value: 1.9969808813024985.
[I 2025-03-12 11:41:14,462] Trial 434 finished with value: 2.0113213862029617 and parameters: {'learning_rate': 0.01709531370909002, 'depth': 9, 'l2_leaf_reg': 0.8062819887495744, 'min_child_samples': 1}. Best is trial 394 with value: 1.9969808813024985.
[I 2025-03-12 11:41:17,567] Trial 435 finished with value: 2.0048681191265896 and parameters: {'learning_rate': 0.016754342012587686, 'depth': 11, 'l2_leaf_reg': 0.0783444570891228, 'min_child_samples': 32}. Best is trial 394 with value: 1.9969808813024985.
[I 2025-03-12 11:41:20,078] Trial 436 finished with value: 2.000433926306275 and parameters: {'learning_rate': 0.01588825860287146, 'depth': 10, 'l2_leaf_reg': 0.7088146227478728, 'min_child_samples': 1}. Best is trial 394 with value: 1.9969808813024985.
[I 2025-03-12 11:41:22,980] Trial 437 finished with value: 2.003709002129676 and parameters: {'learning_rate': 0.015647644069825398, 'depth': 10, 'l2_leaf_reg': 0.7165448767166542, 'min_child_samples': 1}. Best is trial 394 with value: 1.9969808813024985.
[I 2025-03-12 11:41:25,876] Trial 438 finished with value: 2.0082317972563923 and parameters: {'learning_rate': 0.015202837404963854, 'depth': 10, 'l2_leaf_reg': 0.6704936848612444, 'min_child_samples': 1}. Best is trial 394 with value: 1.9969808813024985.
[I 2025-03-12 11:41:28,723] Trial 439 finished with value: 2.0019612733271464 and parameters: {'learning_rate': 0.015982485757237246, 'depth': 10, 'l2_leaf_reg': 0.7708681152985871, 'min_child_samples': 1}. Best is trial 394 with value: 1.9969808813024985.
[I 2025-03-12 11:41:31,416] Trial 440 finished with value: 2.0081048820295466 and parameters: {'learning_rate': 0.01630026239032808, 'depth': 9, 'l2_leaf_reg': 0.8292635923079527, 'min_child_samples': 1}. Best is trial 394 with value: 1.9969808813024985.
[I 2025-03-12 11:41:34,086] Trial 441 finished with value: 1.9983692446065993 and parameters: {'learning_rate': 0.015747387046135222, 'depth': 10, 'l2_leaf_reg': 0.6489616561023608, 'min_child_samples': 1}. Best is trial 394 with value: 1.9969808813024985.
[I 2025-03-12 11:41:36,618] Trial 442 finished with value: 2.0054857730735396 and parameters: {'learning_rate': 0.01991115004346839, 'depth': 10, 'l2_leaf_reg': 0.629169647507561, 'min_child_samples': 1}. Best is trial 394 with value: 1.9969808813024985.
[I 2025-03-12 11:41:39,458] Trial 443 finished with value: 2.0071493226804704 and parameters: {'learning_rate': 0.015411880661329739, 'depth': 10, 'l2_leaf_reg': 2.6792164426308736, 'min_child_samples': 1}. Best is trial 394 with value: 1.9969808813024985.
[I 2025-03-12 11:41:42,099] Trial 444 finished with value: 2.0123135932765486 and parameters: {'learning_rate': 0.015061790719904964, 'depth': 10, 'l2_leaf_reg': 0.5334155583513271, 'min_child_samples': 1}. Best is trial 394 with value: 1.9969808813024985.
[I 2025-03-12 11:41:44,731] Trial 445 finished with value: 2.0040040489721354 and parameters: {'learning_rate': 0.015763489382393726, 'depth': 10, 'l2_leaf_reg': 0.5948238249829122, 'min_child_samples': 1}. Best is trial 394 with value: 1.9969808813024985.
[I 2025-03-12 11:41:47,459] Trial 446 finished with value: 2.0106609118778844 and parameters: {'learning_rate': 0.014847721107533693, 'depth': 9, 'l2_leaf_reg': 1.7169977923822395, 'min_child_samples': 1}. Best is trial 394 with value: 1.9969808813024985.
[I 2025-03-12 11:41:49,450] Trial 447 finished with value: 2.017081884504063 and parameters: {'learning_rate': 0.015770217676346343, 'depth': 5, 'l2_leaf_reg': 0.6505506500533783, 'min_child_samples': 4}. Best is trial 394 with value: 1.9969808813024985.
[I 2025-03-12 11:41:52,247] Trial 448 finished with value: 2.004918211728596 and parameters: {'learning_rate': 0.01450335208539591, 'depth': 10, 'l2_leaf_reg': 0.5602195804058697, 'min_child_samples': 1}. Best is trial 394 with value: 1.9969808813024985.
[I 2025-03-12 11:41:55,504] Trial 449 finished with value: 2.001366288286655 and parameters: {'learning_rate': 0.01614175836639658, 'depth': 11, 'l2_leaf_reg': 0.7114029459245856, 'min_child_samples': 1}. Best is trial 394 with value: 1.9969808813024985.
[I 2025-03-12 11:41:58,402] Trial 450 finished with value: 2.000600246879817 and parameters: {'learning_rate': 0.015560340932529632, 'depth': 10, 'l2_leaf_reg': 0.5141352247366662, 'min_child_samples': 1}. Best is trial 394 with value: 1.9969808813024985.
[I 2025-03-12 11:42:01,206] Trial 451 finished with value: 2.0063359324226107 and parameters: {'learning_rate': 0.016603180102213764, 'depth': 11, 'l2_leaf_reg': 0.7470981957176005, 'min_child_samples': 4}. Best is trial 394 with value: 1.9969808813024985.
[I 2025-03-12 11:42:04,130] Trial 452 finished with value: 2.0076682252755154 and parameters: {'learning_rate': 0.013771012636704326, 'depth': 9, 'l2_leaf_reg': 0.5578846602538328, 'min_child_samples': 8}. Best is trial 394 with value: 1.9969808813024985.
[I 2025-03-12 11:42:06,774] Trial 453 finished with value: 2.010631893534827 and parameters: {'learning_rate': 0.016104066994009462, 'depth': 10, 'l2_leaf_reg': 0.6289897469076955, 'min_child_samples': 1}. Best is trial 394 with value: 1.9969808813024985.
[I 2025-03-12 11:42:09,528] Trial 454 finished with value: 2.010032112040235 and parameters: {'learning_rate': 0.015257180175947667, 'depth': 9, 'l2_leaf_reg': 1.6424212877900302, 'min_child_samples': 1}. Best is trial 394 with value: 1.9969808813024985.
[I 2025-03-12 11:42:12,702] Trial 455 finished with value: 2.006307720977411 and parameters: {'learning_rate': 0.015850499657664236, 'depth': 11, 'l2_leaf_reg': 0.8667391405780581, 'min_child_samples': 16}. Best is trial 394 with value: 1.9969808813024985.
[I 2025-03-12 11:42:15,388] Trial 456 finished with value: 2.002121039240325 and parameters: {'learning_rate': 0.012346097036315984, 'depth': 10, 'l2_leaf_reg': 0.6670612926208549, 'min_child_samples': 1}. Best is trial 394 with value: 1.9969808813024985.
[I 2025-03-12 11:42:18,941] Trial 457 finished with value: 2.0030094330337125 and parameters: {'learning_rate': 0.011512659658423996, 'depth': 10, 'l2_leaf_reg': 1.8172692220576996, 'min_child_samples': 4}. Best is trial 394 with value: 1.9969808813024985.
[I 2025-03-12 11:42:24,981] Trial 458 finished with value: 2.135722494635587 and parameters: {'learning_rate': 0.00029901325582528705, 'depth': 11, 'l2_leaf_reg': 0.7870216754977377, 'min_child_samples': 1}. Best is trial 394 with value: 1.9969808813024985.
[I 2025-03-12 11:42:27,472] Trial 459 finished with value: 2.0099665493651737 and parameters: {'learning_rate': 0.016591528088805582, 'depth': 8, 'l2_leaf_reg': 0.4792700189850183, 'min_child_samples': 1}. Best is trial 394 with value: 1.9969808813024985.
[I 2025-03-12 11:42:30,354] Trial 460 finished with value: 2.0022233652266714 and parameters: {'learning_rate': 0.01620315195451843, 'depth': 10, 'l2_leaf_reg': 0.698369208539108, 'min_child_samples': 32}. Best is trial 394 with value: 1.9969808813024985.
[I 2025-03-12 11:42:33,479] Trial 461 finished with value: 2.0070185818898936 and parameters: {'learning_rate': 0.017005547334399077, 'depth': 10, 'l2_leaf_reg': 2.1383308420892435, 'min_child_samples': 1}. Best is trial 394 with value: 1.9969808813024985.
[I 2025-03-12 11:42:36,341] Trial 462 finished with value: 2.0115590495966114 and parameters: {'learning_rate': 0.015505412542063333, 'depth': 11, 'l2_leaf_reg': 0.6174163160123319, 'min_child_samples': 32}. Best is trial 394 with value: 1.9969808813024985.
[I 2025-03-12 11:42:39,346] Trial 463 finished with value: 2.0078431720093275 and parameters: {'learning_rate': 0.01658565939876198, 'depth': 11, 'l2_leaf_reg': 0.11943837218480605, 'min_child_samples': 4}. Best is trial 394 with value: 1.9969808813024985.
[I 2025-03-12 11:42:42,257] Trial 464 finished with value: 2.0037752599363285 and parameters: {'learning_rate': 0.015964705322740528, 'depth': 10, 'l2_leaf_reg': 0.19609197631959618, 'min_child_samples': 1}. Best is trial 394 with value: 1.9969808813024985.
[I 2025-03-12 11:42:46,547] Trial 465 finished with value: 2.0067870503830627 and parameters: {'learning_rate': 0.01400073859293407, 'depth': 12, 'l2_leaf_reg': 1.5788996897668353, 'min_child_samples': 1}. Best is trial 394 with value: 1.9969808813024985.
[I 2025-03-12 11:42:49,511] Trial 466 finished with value: 2.0061396975311703 and parameters: {'learning_rate': 0.013018417171453824, 'depth': 9, 'l2_leaf_reg': 1.923612153874049, 'min_child_samples': 32}. Best is trial 394 with value: 1.9969808813024985.
[I 2025-03-12 11:42:52,526] Trial 467 finished with value: 2.007067890182374 and parameters: {'learning_rate': 0.01631484124310713, 'depth': 11, 'l2_leaf_reg': 0.7535648722354066, 'min_child_samples': 1}. Best is trial 394 with value: 1.9969808813024985.
[I 2025-03-12 11:42:55,695] Trial 468 finished with value: 2.0049262484275796 and parameters: {'learning_rate': 0.01685118770041221, 'depth': 10, 'l2_leaf_reg': 0.5879586176916638, 'min_child_samples': 32}. Best is trial 394 with value: 1.9969808813024985.
[I 2025-03-12 11:42:58,860] Trial 469 finished with value: 1.999871198388459 and parameters: {'learning_rate': 0.014790996643812768, 'depth': 10, 'l2_leaf_reg': 1.7673183217414736, 'min_child_samples': 1}. Best is trial 394 with value: 1.9969808813024985.
[I 2025-03-12 11:43:02,115] Trial 470 finished with value: 2.0084590566314935 and parameters: {'learning_rate': 0.01488334301161983, 'depth': 11, 'l2_leaf_reg': 1.7994553790606878, 'min_child_samples': 4}. Best is trial 394 with value: 1.9969808813024985.
[I 2025-03-12 11:43:05,472] Trial 471 finished with value: 2.013107842145555 and parameters: {'learning_rate': 0.014909071914578768, 'depth': 12, 'l2_leaf_reg': 1.7278478982646395, 'min_child_samples': 32}. Best is trial 394 with value: 1.9969808813024985.
[I 2025-03-12 11:43:08,811] Trial 472 finished with value: 2.0093417398519944 and parameters: {'learning_rate': 0.014394912919004745, 'depth': 11, 'l2_leaf_reg': 1.6789116409019902, 'min_child_samples': 1}. Best is trial 394 with value: 1.9969808813024985.
[I 2025-03-12 11:43:11,502] Trial 473 finished with value: 2.0062411802662234 and parameters: {'learning_rate': 0.014460189060341222, 'depth': 10, 'l2_leaf_reg': 0.45589094010426323, 'min_child_samples': 1}. Best is trial 394 with value: 1.9969808813024985.
[I 2025-03-12 11:43:14,660] Trial 474 finished with value: 2.001506063510792 and parameters: {'learning_rate': 0.013472352205056456, 'depth': 10, 'l2_leaf_reg': 1.6907746076085544, 'min_child_samples': 32}. Best is trial 394 with value: 1.9969808813024985.
[I 2025-03-12 11:43:17,880] Trial 475 finished with value: 2.0055384411973356 and parameters: {'learning_rate': 0.014700164750125429, 'depth': 11, 'l2_leaf_reg': 1.8228232155494057, 'min_child_samples': 1}. Best is trial 394 with value: 1.9969808813024985.
[I 2025-03-12 11:43:20,722] Trial 476 finished with value: 2.005942829335933 and parameters: {'learning_rate': 0.015239944696213854, 'depth': 10, 'l2_leaf_reg': 1.7438906852788574, 'min_child_samples': 8}. Best is trial 394 with value: 1.9969808813024985.
[I 2025-03-12 11:43:23,769] Trial 477 finished with value: 2.0084726845047705 and parameters: {'learning_rate': 0.012050446365887934, 'depth': 10, 'l2_leaf_reg': 1.914490752815649, 'min_child_samples': 32}. Best is trial 394 with value: 1.9969808813024985.
[I 2025-03-12 11:43:26,981] Trial 478 finished with value: 2.0028732172112784 and parameters: {'learning_rate': 0.01734665998731062, 'depth': 11, 'l2_leaf_reg': 0.2415133244092979, 'min_child_samples': 4}. Best is trial 394 with value: 1.9969808813024985.
[I 2025-03-12 11:43:30,170] Trial 479 finished with value: 2.0097349499027004 and parameters: {'learning_rate': 0.015640633704829925, 'depth': 11, 'l2_leaf_reg': 1.8612387653958766, 'min_child_samples': 1}. Best is trial 394 with value: 1.9969808813024985.
[I 2025-03-12 11:43:32,812] Trial 480 finished with value: 2.0040506593104603 and parameters: {'learning_rate': 0.0141959390274667, 'depth': 9, 'l2_leaf_reg': 1.6393089395480245, 'min_child_samples': 16}. Best is trial 394 with value: 1.9969808813024985.
[I 2025-03-12 11:43:35,668] Trial 481 finished with value: 2.0029851759350463 and parameters: {'learning_rate': 0.015380167035247272, 'depth': 10, 'l2_leaf_reg': 1.7822812176554659, 'min_child_samples': 32}. Best is trial 394 with value: 1.9969808813024985.
[I 2025-03-12 11:43:39,178] Trial 482 finished with value: 2.0040956337493414 and parameters: {'learning_rate': 0.01273773887035546, 'depth': 11, 'l2_leaf_reg': 0.5268683749829857, 'min_child_samples': 1}. Best is trial 394 with value: 1.9969808813024985.
[I 2025-03-12 11:43:41,690] Trial 483 finished with value: 2.004945711081964 and parameters: {'learning_rate': 0.017002418961386826, 'depth': 10, 'l2_leaf_reg': 0.278051335833607, 'min_child_samples': 1}. Best is trial 394 with value: 1.9969808813024985.
[I 2025-03-12 11:43:44,353] Trial 484 finished with value: 2.0069025494473753 and parameters: {'learning_rate': 0.016355668413090687, 'depth': 9, 'l2_leaf_reg': 2.23036777543359, 'min_child_samples': 32}. Best is trial 394 with value: 1.9969808813024985.
[I 2025-03-12 11:43:48,104] Trial 485 finished with value: 2.0097679683969556 and parameters: {'learning_rate': 0.013797607038967851, 'depth': 12, 'l2_leaf_reg': 0.07006960702479725, 'min_child_samples': 1}. Best is trial 394 with value: 1.9969808813024985.
[I 2025-03-12 11:43:51,225] Trial 486 finished with value: 2.0016247832419802 and parameters: {'learning_rate': 0.01665597177155512, 'depth': 10, 'l2_leaf_reg': 0.6452311872047427, 'min_child_samples': 4}. Best is trial 394 with value: 1.9969808813024985.
[I 2025-03-12 11:43:54,125] Trial 487 finished with value: 2.007892463367352 and parameters: {'learning_rate': 0.01508497092597759, 'depth': 11, 'l2_leaf_reg': 0.17395492227280196, 'min_child_samples': 32}. Best is trial 394 with value: 1.9969808813024985.
[I 2025-03-12 11:43:57,202] Trial 488 finished with value: 2.00775136313069 and parameters: {'learning_rate': 0.017129606104168967, 'depth': 11, 'l2_leaf_reg': 0.38942997465966694, 'min_child_samples': 1}. Best is trial 394 with value: 1.9969808813024985.
[I 2025-03-12 11:44:00,415] Trial 489 finished with value: 1.9983612821445194 and parameters: {'learning_rate': 0.0157579263574007, 'depth': 10, 'l2_leaf_reg': 0.43665556485003965, 'min_child_samples': 1}. Best is trial 394 with value: 1.9969808813024985.
[I 2025-03-12 11:44:02,231] Trial 490 finished with value: 2.031064396049157 and parameters: {'learning_rate': 0.015725604228735403, 'depth': 3, 'l2_leaf_reg': 0.4363900323517406, 'min_child_samples': 32}. Best is trial 394 with value: 1.9969808813024985.
[I 2025-03-12 11:44:05,419] Trial 491 finished with value: 2.001223955053859 and parameters: {'learning_rate': 0.015366496884308007, 'depth': 10, 'l2_leaf_reg': 0.46728095202490305, 'min_child_samples': 1}. Best is trial 394 with value: 1.9969808813024985.
[I 2025-03-12 11:44:08,542] Trial 492 finished with value: 2.0056638808017775 and parameters: {'learning_rate': 0.016110158130585958, 'depth': 11, 'l2_leaf_reg': 0.39177009882105696, 'min_child_samples': 1}. Best is trial 394 with value: 1.9969808813024985.
[I 2025-03-12 11:44:11,431] Trial 493 finished with value: 2.0057610501712375 and parameters: {'learning_rate': 0.011033015274413558, 'depth': 9, 'l2_leaf_reg': 0.5094470837511955, 'min_child_samples': 4}. Best is trial 394 with value: 1.9969808813024985.
[I 2025-03-12 11:44:14,241] Trial 494 finished with value: 2.003680450807514 and parameters: {'learning_rate': 0.01579657045953649, 'depth': 10, 'l2_leaf_reg': 0.3280422980365974, 'min_child_samples': 32}. Best is trial 394 with value: 1.9969808813024985.
[I 2025-03-12 11:44:18,153] Trial 495 finished with value: 2.006820436417556 and parameters: {'learning_rate': 0.014798640632942488, 'depth': 12, 'l2_leaf_reg': 0.5352815811854028, 'min_child_samples': 1}. Best is trial 394 with value: 1.9969808813024985.
[I 2025-03-12 11:44:21,235] Trial 496 finished with value: 1.9990326011626764 and parameters: {'learning_rate': 0.016451295549773096, 'depth': 10, 'l2_leaf_reg': 0.44479667715594046, 'min_child_samples': 32}. Best is trial 394 with value: 1.9969808813024985.
[I 2025-03-12 11:44:23,718] Trial 497 finished with value: 1.9994334944489571 and parameters: {'learning_rate': 0.016290355788246644, 'depth': 10, 'l2_leaf_reg': 0.3856628595631907, 'min_child_samples': 1}. Best is trial 394 with value: 1.9969808813024985.
[I 2025-03-12 11:44:26,825] Trial 498 finished with value: 2.005158789430208 and parameters: {'learning_rate': 0.01622366117033699, 'depth': 10, 'l2_leaf_reg': 0.35729563268629705, 'min_child_samples': 1}. Best is trial 394 with value: 1.9969808813024985.
[I 2025-03-12 11:44:29,179] Trial 499 finished with value: 2.0068446072506294 and parameters: {'learning_rate': 0.016502271146471528, 'depth': 9, 'l2_leaf_reg': 0.437120138491667, 'min_child_samples': 1}. Best is trial 394 with value: 1.9969808813024985.
2025-03-12 11:44:29,179 - __main__ - INFO - Best RMSE: 1.9970
2025-03-12 11:44:29,206 - __main__ - INFO - Best parameters: {'learning_rate': 0.01748674570934951, 'depth': 11, 'l2_leaf_reg': 0.8531082570696489, 'min_child_samples': 32}
2025-03-12 11:44:29,206 - __main__ - INFO - {'learning_rate': 0.01748674570934951, 'depth': 11, 'l2_leaf_reg': 0.8531082570696489, 'min_child_samples': 32, 'grow_policy': 'SymmetricTree', 'iterations': 1000, 'use_best_model': True, 'eval_metric': 'RMSE', 'loss_function': 'RMSE', 'od_type': 'iter', 'od_wait': 20, 'task_type': 'GPU', 'random_state': 42, 'logging_level': 'Silent'}
2025-03-12 11:44:29,206 - __main__ - INFO - Starting c_std_z optimization...
2025-03-12 11:44:29,217 - __main__ - INFO - Starting hyperparameter optimization for c_std_z
[I 2025-03-12 11:44:29,217] A new study created in memory with name: catboost-c_std_z-seed42
[I 2025-03-12 11:44:58,257] Trial 0 finished with value: 0.2455971344468158 and parameters: {'learning_rate': 0.007264506685864455, 'depth': 15, 'l2_leaf_reg': 0.15972016279729084, 'min_child_samples': 16}. Best is trial 0 with value: 0.2455971344468158.
[I 2025-03-12 11:45:01,448] Trial 1 finished with value: 0.43084864595056105 and parameters: {'learning_rate': 0.0056165365992644455, 'depth': 3, 'l2_leaf_reg': 0.5119588366448441, 'min_child_samples': 4}. Best is trial 0 with value: 0.2455971344468158.
[I 2025-03-12 11:45:05,258] Trial 2 finished with value: 0.7687871514719326 and parameters: {'learning_rate': 0.0006435080767215638, 'depth': 6, 'l2_leaf_reg': 2.2466904621837207, 'min_child_samples': 16}. Best is trial 0 with value: 0.2455971344468158.
[I 2025-03-12 11:45:15,183] Trial 3 finished with value: 0.20612549461034907 and parameters: {'learning_rate': 0.007935601792951384, 'depth': 13, 'l2_leaf_reg': 1.894336562643042, 'min_child_samples': 8}. Best is trial 3 with value: 0.20612549461034907.
[I 2025-03-12 11:45:21,237] Trial 4 finished with value: 0.20362345705555732 and parameters: {'learning_rate': 0.0071374741676793535, 'depth': 11, 'l2_leaf_reg': 1.1391808287658163, 'min_child_samples': 4}. Best is trial 4 with value: 0.20362345705555732.
[I 2025-03-12 11:45:26,328] Trial 5 finished with value: 0.19084599480013706 and parameters: {'learning_rate': 0.011715989749447344, 'depth': 10, 'l2_leaf_reg': 0.8673721183475862, 'min_child_samples': 4}. Best is trial 5 with value: 0.19084599480013706.
[I 2025-03-12 11:45:29,873] Trial 6 finished with value: 0.5465276562304969 and parameters: {'learning_rate': 0.0020096620970034545, 'depth': 5, 'l2_leaf_reg': 2.1510198949507795, 'min_child_samples': 8}. Best is trial 5 with value: 0.19084599480013706.
[I 2025-03-12 11:45:34,103] Trial 7 finished with value: 0.9391985372681301 and parameters: {'learning_rate': 6.653742425071144e-05, 'depth': 5, 'l2_leaf_reg': 2.478122489366811, 'min_child_samples': 1}. Best is trial 5 with value: 0.19084599480013706.
[I 2025-03-12 11:45:41,541] Trial 8 finished with value: 0.20096687075504532 and parameters: {'learning_rate': 0.007744256253366357, 'depth': 12, 'l2_leaf_reg': 0.8017818836931946, 'min_child_samples': 4}. Best is trial 5 with value: 0.19084599480013706.
[I 2025-03-12 11:45:45,567] Trial 9 finished with value: 0.21129517950660315 and parameters: {'learning_rate': 0.014023698947775562, 'depth': 7, 'l2_leaf_reg': 1.408490804931237, 'min_child_samples': 16}. Best is trial 5 with value: 0.19084599480013706.
[I 2025-03-12 11:45:50,563] Trial 10 finished with value: 0.18948476799199962 and parameters: {'learning_rate': 0.01770692020980055, 'depth': 9, 'l2_leaf_reg': 0.03236387171940591, 'min_child_samples': 32}. Best is trial 10 with value: 0.18948476799199962.
[I 2025-03-12 11:45:55,408] Trial 11 finished with value: 0.1905070943552488 and parameters: {'learning_rate': 0.017297609096082994, 'depth': 9, 'l2_leaf_reg': 0.10822070317617737, 'min_child_samples': 32}. Best is trial 10 with value: 0.18948476799199962.
[I 2025-03-12 11:46:00,508] Trial 12 finished with value: 0.18839464781556242 and parameters: {'learning_rate': 0.0197610410253366, 'depth': 9, 'l2_leaf_reg': 2.9997976594308478, 'min_child_samples': 32}. Best is trial 12 with value: 0.18839464781556242.
[I 2025-03-12 11:46:05,015] Trial 13 finished with value: 0.1964192747633067 and parameters: {'learning_rate': 0.01949527034349738, 'depth': 8, 'l2_leaf_reg': 1.671860263548789, 'min_child_samples': 32}. Best is trial 12 with value: 0.18839464781556242.
