[I 2025-03-12 19:48:48,945] Trial 469 finished with value: 0.46831538870767303 and parameters: {'learning_rate': 0.018247493792296177, 'depth': 10, 'l2_leaf_reg': 2.332465279884955, 'min_child_samples': 1}. Best is trial 145 with value: 0.4654714271085222.
[I 2025-03-12 19:48:51,787] Trial 470 finished with value: 0.46935900119217605 and parameters: {'learning_rate': 0.018047204463169167, 'depth': 9, 'l2_leaf_reg': 2.2600947176429584, 'min_child_samples': 1}. Best is trial 145 with value: 0.4654714271085222.
[I 2025-03-12 19:48:55,045] Trial 471 finished with value: 0.4679985292868348 and parameters: {'learning_rate': 0.018714374566754823, 'depth': 9, 'l2_leaf_reg': 2.350545931140276, 'min_child_samples': 1}. Best is trial 145 with value: 0.4654714271085222.
[I 2025-03-12 19:48:57,731] Trial 472 finished with value: 0.46934164120989325 and parameters: {'learning_rate': 0.018948236466640195, 'depth': 8, 'l2_leaf_reg': 2.278370974531168, 'min_child_samples': 16}. Best is trial 145 with value: 0.4654714271085222.
[I 2025-03-12 19:49:00,605] Trial 473 finished with value: 0.4687501548227289 and parameters: {'learning_rate': 0.01844327808260838, 'depth': 9, 'l2_leaf_reg': 2.157118752031234, 'min_child_samples': 8}. Best is trial 145 with value: 0.4654714271085222.
[I 2025-03-12 19:49:04,166] Trial 474 finished with value: 0.46890260638491277 and parameters: {'learning_rate': 0.017694504640965433, 'depth': 10, 'l2_leaf_reg': 2.2257836082227693, 'min_child_samples': 1}. Best is trial 145 with value: 0.4654714271085222.
[I 2025-03-12 19:49:07,045] Trial 475 finished with value: 0.46937443269282764 and parameters: {'learning_rate': 0.019044008568560433, 'depth': 9, 'l2_leaf_reg': 2.339958325493193, 'min_child_samples': 1}. Best is trial 145 with value: 0.4654714271085222.
[I 2025-03-12 19:49:10,369] Trial 476 finished with value: 0.46976402694419617 and parameters: {'learning_rate': 0.01875733539168607, 'depth': 9, 'l2_leaf_reg': 2.4548549953147134, 'min_child_samples': 1}. Best is trial 145 with value: 0.4654714271085222.
[I 2025-03-12 19:49:12,053] Trial 477 finished with value: 0.5202030063545033 and parameters: {'learning_rate': 0.01922121399472897, 'depth': 4, 'l2_leaf_reg': 2.072964309564905, 'min_child_samples': 1}. Best is trial 145 with value: 0.4654714271085222.
[I 2025-03-12 19:49:16,706] Trial 478 finished with value: 0.47489422942778203 and parameters: {'learning_rate': 0.018370094672531548, 'depth': 11, 'l2_leaf_reg': 0.7087976370264839, 'min_child_samples': 1}. Best is trial 145 with value: 0.4654714271085222.
[I 2025-03-12 19:49:19,789] Trial 479 finished with value: 0.468330778886006 and parameters: {'learning_rate': 0.019035613062276868, 'depth': 9, 'l2_leaf_reg': 2.2805226830305814, 'min_child_samples': 8}. Best is trial 145 with value: 0.4654714271085222.
[I 2025-03-12 19:49:23,217] Trial 480 finished with value: 0.4685800925024311 and parameters: {'learning_rate': 0.019352688375854712, 'depth': 10, 'l2_leaf_reg': 2.4036132081527435, 'min_child_samples': 1}. Best is trial 145 with value: 0.4654714271085222.
[I 2025-03-12 19:49:26,907] Trial 481 finished with value: 0.47253955108137535 and parameters: {'learning_rate': 0.017141986362429935, 'depth': 8, 'l2_leaf_reg': 2.2014920708997394, 'min_child_samples': 16}. Best is trial 145 with value: 0.4654714271085222.
[I 2025-03-12 19:49:31,170] Trial 482 finished with value: 0.4679261608030435 and parameters: {'learning_rate': 0.018749191051246075, 'depth': 9, 'l2_leaf_reg': 2.3623953944041545, 'min_child_samples': 1}. Best is trial 145 with value: 0.4654714271085222.
[I 2025-03-12 19:49:35,314] Trial 483 finished with value: 0.46726425527111287 and parameters: {'learning_rate': 0.019997442742732168, 'depth': 9, 'l2_leaf_reg': 2.533940547617631, 'min_child_samples': 1}. Best is trial 145 with value: 0.4654714271085222.
[I 2025-03-12 19:49:39,368] Trial 484 finished with value: 0.4702749444254171 and parameters: {'learning_rate': 0.017919877701112506, 'depth': 9, 'l2_leaf_reg': 0.7561640081813548, 'min_child_samples': 32}. Best is trial 145 with value: 0.4654714271085222.
[I 2025-03-12 19:49:42,125] Trial 485 finished with value: 0.46925263571080783 and parameters: {'learning_rate': 0.019304511788114313, 'depth': 8, 'l2_leaf_reg': 2.4680630514947843, 'min_child_samples': 1}. Best is trial 145 with value: 0.4654714271085222.
[I 2025-03-12 19:49:45,258] Trial 486 finished with value: 0.46937508903531405 and parameters: {'learning_rate': 0.018615363097712435, 'depth': 9, 'l2_leaf_reg': 2.266581051228786, 'min_child_samples': 1}. Best is trial 145 with value: 0.4654714271085222.
[I 2025-03-12 19:49:48,986] Trial 487 finished with value: 0.4684578442959097 and parameters: {'learning_rate': 0.019596327343588172, 'depth': 10, 'l2_leaf_reg': 2.3185561117732307, 'min_child_samples': 8}. Best is trial 145 with value: 0.4654714271085222.
[I 2025-03-12 19:49:51,874] Trial 488 finished with value: 0.4662935694841039 and parameters: {'learning_rate': 0.019034841812069502, 'depth': 9, 'l2_leaf_reg': 0.6898169038126499, 'min_child_samples': 1}. Best is trial 145 with value: 0.4654714271085222.
[I 2025-03-12 19:49:54,964] Trial 489 finished with value: 0.46938656392479544 and parameters: {'learning_rate': 0.01926463335795678, 'depth': 9, 'l2_leaf_reg': 2.0137749469586623, 'min_child_samples': 1}. Best is trial 145 with value: 0.4654714271085222.
[I 2025-03-12 19:49:58,517] Trial 490 finished with value: 0.470561813371585 and parameters: {'learning_rate': 0.018231084355946968, 'depth': 10, 'l2_leaf_reg': 1.0259620534533427, 'min_child_samples': 1}. Best is trial 145 with value: 0.4654714271085222.
[I 2025-03-12 19:50:01,415] Trial 491 finished with value: 0.5303299467869027 and parameters: {'learning_rate': 0.005581588873934738, 'depth': 9, 'l2_leaf_reg': 2.380957163748546, 'min_child_samples': 16}. Best is trial 145 with value: 0.4654714271085222.
[I 2025-03-12 19:50:04,136] Trial 492 finished with value: 0.4693169988962231 and parameters: {'learning_rate': 0.019626465443337668, 'depth': 8, 'l2_leaf_reg': 2.1244724456927195, 'min_child_samples': 1}. Best is trial 145 with value: 0.4654714271085222.
[I 2025-03-12 19:50:07,136] Trial 493 finished with value: 0.46530344512905003 and parameters: {'learning_rate': 0.018965135258768636, 'depth': 9, 'l2_leaf_reg': 2.2064664951600346, 'min_child_samples': 1}. Best is trial 493 with value: 0.46530344512905003.
[I 2025-03-12 19:50:10,240] Trial 494 finished with value: 0.4683158674066088 and parameters: {'learning_rate': 0.018492338367992908, 'depth': 9, 'l2_leaf_reg': 2.2276793405548956, 'min_child_samples': 8}. Best is trial 493 with value: 0.46530344512905003.
[I 2025-03-12 19:50:13,763] Trial 495 finished with value: 0.4689924035537483 and parameters: {'learning_rate': 0.01792476916483404, 'depth': 10, 'l2_leaf_reg': 2.3015585973688157, 'min_child_samples': 1}. Best is trial 493 with value: 0.46530344512905003.
[I 2025-03-12 19:50:16,762] Trial 496 finished with value: 0.469285392225824 and parameters: {'learning_rate': 0.018931615759672282, 'depth': 9, 'l2_leaf_reg': 2.659206535077897, 'min_child_samples': 1}. Best is trial 493 with value: 0.46530344512905003.
[I 2025-03-12 19:50:19,728] Trial 497 finished with value: 0.47031495679772883 and parameters: {'learning_rate': 0.017455768176515882, 'depth': 9, 'l2_leaf_reg': 2.431756453153623, 'min_child_samples': 1}. Best is trial 493 with value: 0.46530344512905003.
[I 2025-03-12 19:50:22,324] Trial 498 finished with value: 0.4695809489140759 and parameters: {'learning_rate': 0.01883324754838801, 'depth': 8, 'l2_leaf_reg': 1.1709492931363692, 'min_child_samples': 1}. Best is trial 493 with value: 0.46530344512905003.
[I 2025-03-12 19:50:25,879] Trial 499 finished with value: 0.46926939225315 and parameters: {'learning_rate': 0.018438515227321744, 'depth': 10, 'l2_leaf_reg': 0.6554041712637602, 'min_child_samples': 1}. Best is trial 493 with value: 0.46530344512905003.
2025-03-12 19:50:25,879 - __main__ - INFO - Best RMSE: 0.4653
2025-03-12 19:50:25,879 - __main__ - INFO - Best parameters: {'learning_rate': 0.018965135258768636, 'depth': 9, 'l2_leaf_reg': 2.2064664951600346, 'min_child_samples': 1}
2025-03-12 19:50:25,879 - __main__ - INFO - {'learning_rate': 0.018965135258768636, 'depth': 9, 'l2_leaf_reg': 2.2064664951600346, 'min_child_samples': 1, 'grow_policy': 'SymmetricTree', 'iterations': 1000, 'use_best_model': True, 'eval_metric': 'RMSE', 'loss_function': 'RMSE', 'od_type': 'iter', 'od_wait': 20, 'task_type': 'GPU', 'random_state': 42, 'logging_level': 'Silent'}
2025-03-12 19:50:25,879 - __main__ - INFO - Training final models...
2025-03-12 19:50:25,973 - __main__ - INFO - Training models for all target variables
2025-03-12 19:50:26,112 - __main__ - INFO - Training model for c_delta_y
2025-03-12 19:50:28,113 - __main__ - INFO - Training model for c_delta_z
2025-03-12 19:50:39,774 - __main__ - INFO - Training model for c_std_y
2025-03-12 19:50:44,470 - __main__ - INFO - Training model for c_std_z
2025-03-12 19:50:53,093 - __main__ - INFO - Saving models...
2025-03-12 19:50:53,777 - __main__ - INFO - Model for c_delta_y saved to ./outputs_12_03_2025/models/catboost_c_delta_y.cbm
2025-03-12 19:50:57,267 - __main__ - INFO - Model for c_delta_z saved to ./outputs_12_03_2025/models/catboost_c_delta_z.cbm
2025-03-12 19:50:57,770 - __main__ - INFO - Model for c_std_y saved to ./outputs_12_03_2025/models/catboost_c_std_y.cbm
2025-03-12 19:50:59,052 - __main__ - INFO - Model for c_std_z saved to ./outputs_12_03_2025/models/catboost_c_std_z.cbm
2025-03-12 19:50:59,298 - __main__ - INFO - Target preprocessor saved to ./outputs_12_03_2025/models/target_preprocessor.pkl
2025-03-12 19:50:59,298 - __main__ - INFO - Evaluating models...
2025-03-12 19:51:12,947 - __main__ - INFO - c_delta_y - RMSE: 28.3695, R²: 0.0501
2025-03-12 19:51:12,952 - __main__ - INFO - c_delta_z - RMSE: 27.3433, R²: 0.6743
2025-03-12 19:51:12,954 - __main__ - INFO - c_std_y - RMSE: 16.5815, R²: 0.9136
2025-03-12 19:51:12,957 - __main__ - INFO - c_std_z - RMSE: 13.4653, R²: 0.9211
2025-03-12 19:51:27,513 - __main__ - INFO - Pipeline completed successfully!
(2312849, 11) (2312849, 4)
Split shapes: train: X(1340101, 11), y(1340101, 4), test: X(459344, 11), y(459344, 4), valid: X(366729, 11), y(366729, 4), eval: X(146675, 11), y(146675, 4)
                mse        r2      rmse
c_delta_z  0.081437  0.756609  0.285371
c_delta_y  4.514969  0.117030  2.124846
c_std_z    0.034056  0.965335  0.184541
c_std_y    0.201370  0.929651  0.448743
                  mse        r2       rmse
c_delta_z  747.653806  0.674307  27.343259
c_delta_y  804.828427  0.050115  28.369498
c_std_z    181.314422  0.921066  13.465304
c_std_y    274.944875  0.913567  16.581462
