[I 2025-03-12 12:52:04,551] Trial 191 finished with value: 0.47003948371219345 and parameters: {'learning_rate': 0.01955217264614454, 'depth': 8, 'l2_leaf_reg': 2.544832135906762, 'min_child_samples': 1}. Best is trial 119 with value: 0.464659168888221.
[I 2025-03-12 12:52:08,622] Trial 192 finished with value: 0.4825818238965145 and parameters: {'learning_rate': 0.011164385747173258, 'depth': 8, 'l2_leaf_reg': 2.4487769855318398, 'min_child_samples': 1}. Best is trial 119 with value: 0.464659168888221.
[I 2025-03-12 12:52:12,377] Trial 193 finished with value: 0.47319030523649747 and parameters: {'learning_rate': 0.019987994380431574, 'depth': 7, 'l2_leaf_reg': 2.212312545703826, 'min_child_samples': 16}. Best is trial 119 with value: 0.464659168888221.
[I 2025-03-12 12:52:17,268] Trial 194 finished with value: 0.46921028950881966 and parameters: {'learning_rate': 0.019624034048927944, 'depth': 9, 'l2_leaf_reg': 1.2996347311935696, 'min_child_samples': 8}. Best is trial 119 with value: 0.464659168888221.
[I 2025-03-12 12:52:22,104] Trial 195 finished with value: 0.4674955280341772 and parameters: {'learning_rate': 0.018995821513325403, 'depth': 9, 'l2_leaf_reg': 1.96677792050897, 'min_child_samples': 1}. Best is trial 119 with value: 0.464659168888221.
[I 2025-03-12 12:52:26,815] Trial 196 finished with value: 0.5369667481448994 and parameters: {'learning_rate': 0.00533094481917352, 'depth': 9, 'l2_leaf_reg': 1.9887876323235256, 'min_child_samples': 1}. Best is trial 119 with value: 0.464659168888221.
[I 2025-03-12 12:52:32,053] Trial 197 finished with value: 0.4765679777518726 and parameters: {'learning_rate': 0.012197958680191662, 'depth': 9, 'l2_leaf_reg': 2.7697343419406533, 'min_child_samples': 1}. Best is trial 119 with value: 0.464659168888221.
[I 2025-03-12 12:52:37,241] Trial 198 finished with value: 0.47066469043468917 and parameters: {'learning_rate': 0.018900795606711145, 'depth': 10, 'l2_leaf_reg': 1.8206494111895672, 'min_child_samples': 1}. Best is trial 119 with value: 0.464659168888221.
[I 2025-03-12 12:52:42,517] Trial 199 finished with value: 0.470110969392012 and parameters: {'learning_rate': 0.01796507595925302, 'depth': 9, 'l2_leaf_reg': 2.755397216639618, 'min_child_samples': 1}. Best is trial 119 with value: 0.464659168888221.
[I 2025-03-12 12:52:47,095] Trial 200 finished with value: 0.46869998038595806 and parameters: {'learning_rate': 0.018546471263131047, 'depth': 9, 'l2_leaf_reg': 2.080460984848069, 'min_child_samples': 32}. Best is trial 119 with value: 0.464659168888221.
[I 2025-03-12 12:52:51,211] Trial 201 finished with value: 0.46926062704507526 and parameters: {'learning_rate': 0.019354042337475168, 'depth': 8, 'l2_leaf_reg': 1.898848794147894, 'min_child_samples': 1}. Best is trial 119 with value: 0.464659168888221.
[I 2025-03-12 12:52:55,161] Trial 202 finished with value: 0.4693012347972517 and parameters: {'learning_rate': 0.019600117746621383, 'depth': 8, 'l2_leaf_reg': 1.9464301191291509, 'min_child_samples': 1}. Best is trial 119 with value: 0.464659168888221.
[I 2025-03-12 12:52:59,722] Trial 203 finished with value: 0.46878131805202994 and parameters: {'learning_rate': 0.019983760957802174, 'depth': 9, 'l2_leaf_reg': 2.3913907903043574, 'min_child_samples': 1}. Best is trial 119 with value: 0.464659168888221.
[I 2025-03-12 12:53:05,140] Trial 204 finished with value: 0.4681572306171352 and parameters: {'learning_rate': 0.01908255812935198, 'depth': 9, 'l2_leaf_reg': 2.128669775222768, 'min_child_samples': 1}. Best is trial 119 with value: 0.464659168888221.
[I 2025-03-12 12:53:09,868] Trial 205 finished with value: 0.4693910114749658 and parameters: {'learning_rate': 0.019649250007423607, 'depth': 8, 'l2_leaf_reg': 2.0230739132456503, 'min_child_samples': 1}. Best is trial 119 with value: 0.464659168888221.
[I 2025-03-12 12:53:14,769] Trial 206 finished with value: 0.4675929108126967 and parameters: {'learning_rate': 0.01918879869808824, 'depth': 9, 'l2_leaf_reg': 1.8373276424328338, 'min_child_samples': 16}. Best is trial 119 with value: 0.464659168888221.
[I 2025-03-12 12:53:19,685] Trial 207 finished with value: 0.46790327782769425 and parameters: {'learning_rate': 0.01826057663791949, 'depth': 9, 'l2_leaf_reg': 1.7885336172287658, 'min_child_samples': 16}. Best is trial 119 with value: 0.464659168888221.
[I 2025-03-12 12:53:25,305] Trial 208 finished with value: 0.46826314862528146 and parameters: {'learning_rate': 0.01888848626731648, 'depth': 10, 'l2_leaf_reg': 1.854914344323801, 'min_child_samples': 16}. Best is trial 119 with value: 0.464659168888221.
[I 2025-03-12 12:53:30,314] Trial 209 finished with value: 0.4690550647036278 and parameters: {'learning_rate': 0.019173019372239697, 'depth': 9, 'l2_leaf_reg': 1.942191853640567, 'min_child_samples': 16}. Best is trial 119 with value: 0.464659168888221.
[I 2025-03-12 12:53:35,185] Trial 210 finished with value: 0.46760068688533174 and parameters: {'learning_rate': 0.018608028724924168, 'depth': 9, 'l2_leaf_reg': 2.1626627557565565, 'min_child_samples': 16}. Best is trial 119 with value: 0.464659168888221.
[I 2025-03-12 12:53:40,025] Trial 211 finished with value: 0.4681868266253833 and parameters: {'learning_rate': 0.01866548465269566, 'depth': 9, 'l2_leaf_reg': 2.154856971068364, 'min_child_samples': 16}. Best is trial 119 with value: 0.464659168888221.
[I 2025-03-12 12:53:44,990] Trial 212 finished with value: 0.46756082071725297 and parameters: {'learning_rate': 0.01933761991830749, 'depth': 9, 'l2_leaf_reg': 2.0732285582718872, 'min_child_samples': 16}. Best is trial 119 with value: 0.464659168888221.
[I 2025-03-12 12:53:50,017] Trial 213 finished with value: 0.46928713669074645 and parameters: {'learning_rate': 0.019293171123314908, 'depth': 9, 'l2_leaf_reg': 2.247026891371427, 'min_child_samples': 16}. Best is trial 119 with value: 0.464659168888221.
[I 2025-03-12 12:53:55,012] Trial 214 finished with value: 0.46943320179891396 and parameters: {'learning_rate': 0.01844165895650712, 'depth': 9, 'l2_leaf_reg': 2.0562993280421047, 'min_child_samples': 16}. Best is trial 119 with value: 0.464659168888221.
[I 2025-03-12 12:54:00,383] Trial 215 finished with value: 0.47949128754648385 and parameters: {'learning_rate': 0.009723455999351682, 'depth': 10, 'l2_leaf_reg': 2.1822785610226374, 'min_child_samples': 16}. Best is trial 119 with value: 0.464659168888221.
[I 2025-03-12 12:54:05,325] Trial 216 finished with value: 0.47055297079469205 and parameters: {'learning_rate': 0.01782920065721481, 'depth': 9, 'l2_leaf_reg': 1.9938096694759584, 'min_child_samples': 16}. Best is trial 119 with value: 0.464659168888221.
[I 2025-03-12 12:54:10,177] Trial 217 finished with value: 0.46877586778647756 and parameters: {'learning_rate': 0.01890873166444284, 'depth': 9, 'l2_leaf_reg': 2.9082690939594418, 'min_child_samples': 16}. Best is trial 119 with value: 0.464659168888221.
[I 2025-03-12 12:54:14,923] Trial 218 finished with value: 0.470247319885745 and parameters: {'learning_rate': 0.019365903305290616, 'depth': 9, 'l2_leaf_reg': 1.894842700995337, 'min_child_samples': 16}. Best is trial 119 with value: 0.464659168888221.
[I 2025-03-12 12:54:18,965] Trial 219 finished with value: 0.4884286944764366 and parameters: {'learning_rate': 0.008186629222931568, 'depth': 10, 'l2_leaf_reg': 2.0836755724627243, 'min_child_samples': 16}. Best is trial 119 with value: 0.464659168888221.
[I 2025-03-12 12:54:23,355] Trial 220 finished with value: 0.46808114513396903 and parameters: {'learning_rate': 0.01970003225097714, 'depth': 9, 'l2_leaf_reg': 2.2809777206210535, 'min_child_samples': 16}. Best is trial 119 with value: 0.464659168888221.
[I 2025-03-12 12:54:27,933] Trial 221 finished with value: 0.4677185694494479 and parameters: {'learning_rate': 0.01992919053386884, 'depth': 9, 'l2_leaf_reg': 2.0060344194700677, 'min_child_samples': 4}. Best is trial 119 with value: 0.464659168888221.
[I 2025-03-12 12:54:32,258] Trial 222 finished with value: 0.46971892151561656 and parameters: {'learning_rate': 0.01938839038014536, 'depth': 9, 'l2_leaf_reg': 2.125732130510978, 'min_child_samples': 16}. Best is trial 119 with value: 0.464659168888221.
[I 2025-03-12 12:54:37,168] Trial 223 finished with value: 0.46910487589010413 and parameters: {'learning_rate': 0.019980365989180033, 'depth': 8, 'l2_leaf_reg': 1.9480773237866598, 'min_child_samples': 1}. Best is trial 119 with value: 0.464659168888221.
[I 2025-03-12 12:54:42,756] Trial 224 finished with value: 0.4678388104885227 and parameters: {'learning_rate': 0.018989175274694323, 'depth': 10, 'l2_leaf_reg': 1.0206492942084548, 'min_child_samples': 16}. Best is trial 119 with value: 0.464659168888221.
[I 2025-03-12 12:54:48,013] Trial 225 finished with value: 0.4691509197890592 and parameters: {'learning_rate': 0.019611684432153696, 'depth': 9, 'l2_leaf_reg': 2.05269863034743, 'min_child_samples': 1}. Best is trial 119 with value: 0.464659168888221.
[I 2025-03-12 12:54:52,921] Trial 226 finished with value: 0.4671311668734297 and parameters: {'learning_rate': 0.019280109557819662, 'depth': 9, 'l2_leaf_reg': 2.205606627969885, 'min_child_samples': 4}. Best is trial 119 with value: 0.464659168888221.
[I 2025-03-12 12:55:09,659] Trial 227 finished with value: 0.5112824096007773 and parameters: {'learning_rate': 0.018257747940374137, 'depth': 14, 'l2_leaf_reg': 2.2204984397200214, 'min_child_samples': 4}. Best is trial 119 with value: 0.464659168888221.
[I 2025-03-12 12:55:14,897] Trial 228 finished with value: 0.4684441983783693 and parameters: {'learning_rate': 0.018711137880347346, 'depth': 9, 'l2_leaf_reg': 2.320020969404751, 'min_child_samples': 4}. Best is trial 119 with value: 0.464659168888221.
[I 2025-03-12 12:55:21,137] Trial 229 finished with value: 0.4694094977949858 and parameters: {'learning_rate': 0.01924273081508913, 'depth': 10, 'l2_leaf_reg': 2.1910559888348136, 'min_child_samples': 4}. Best is trial 119 with value: 0.464659168888221.
[I 2025-03-12 12:55:26,414] Trial 230 finished with value: 0.46828690222555236 and parameters: {'learning_rate': 0.01903446180493303, 'depth': 9, 'l2_leaf_reg': 2.131281430127914, 'min_child_samples': 4}. Best is trial 119 with value: 0.464659168888221.
[I 2025-03-12 12:55:31,113] Trial 231 finished with value: 0.4693453480089577 and parameters: {'learning_rate': 0.019654998729127838, 'depth': 9, 'l2_leaf_reg': 2.083456347897732, 'min_child_samples': 4}. Best is trial 119 with value: 0.464659168888221.
[I 2025-03-12 12:55:36,444] Trial 232 finished with value: 0.4676076440871253 and parameters: {'learning_rate': 0.019972574561231332, 'depth': 9, 'l2_leaf_reg': 1.9707123997544191, 'min_child_samples': 1}. Best is trial 119 with value: 0.464659168888221.
[I 2025-03-12 12:55:41,381] Trial 233 finished with value: 0.4689857970046253 and parameters: {'learning_rate': 0.019389119402840153, 'depth': 9, 'l2_leaf_reg': 1.8959455441784676, 'min_child_samples': 1}. Best is trial 119 with value: 0.464659168888221.
[I 2025-03-12 12:55:46,896] Trial 234 finished with value: 0.4701559271167028 and parameters: {'learning_rate': 0.019996977731752928, 'depth': 9, 'l2_leaf_reg': 1.8360966545175825, 'min_child_samples': 1}. Best is trial 119 with value: 0.464659168888221.
[I 2025-03-12 12:55:51,660] Trial 235 finished with value: 0.4677033262938023 and parameters: {'learning_rate': 0.01948510822593812, 'depth': 9, 'l2_leaf_reg': 1.9914454229802059, 'min_child_samples': 1}. Best is trial 119 with value: 0.464659168888221.
[I 2025-03-12 12:55:57,194] Trial 236 finished with value: 0.4698997947750556 and parameters: {'learning_rate': 0.0187349236900625, 'depth': 9, 'l2_leaf_reg': 1.9533550294139528, 'min_child_samples': 8}. Best is trial 119 with value: 0.464659168888221.
[I 2025-03-12 12:56:02,763] Trial 237 finished with value: 0.46806649226987485 and parameters: {'learning_rate': 0.019654622784783318, 'depth': 9, 'l2_leaf_reg': 1.7525302617611576, 'min_child_samples': 16}. Best is trial 119 with value: 0.464659168888221.
[I 2025-03-12 12:56:08,078] Trial 238 finished with value: 0.470333051046142 and parameters: {'learning_rate': 0.019151641353980134, 'depth': 8, 'l2_leaf_reg': 2.1730880398352324, 'min_child_samples': 1}. Best is trial 119 with value: 0.464659168888221.
[I 2025-03-12 12:56:14,148] Trial 239 finished with value: 0.46861891681463735 and parameters: {'learning_rate': 0.019700241635391403, 'depth': 10, 'l2_leaf_reg': 2.0268862945692065, 'min_child_samples': 1}. Best is trial 119 with value: 0.464659168888221.
[I 2025-03-12 12:56:19,673] Trial 240 finished with value: 0.46768892374679194 and parameters: {'learning_rate': 0.019978537066273217, 'depth': 9, 'l2_leaf_reg': 1.900199173808081, 'min_child_samples': 4}. Best is trial 119 with value: 0.464659168888221.
[I 2025-03-12 12:56:25,103] Trial 241 finished with value: 0.46986837002732884 and parameters: {'learning_rate': 0.019330967853286106, 'depth': 9, 'l2_leaf_reg': 1.8970016672723535, 'min_child_samples': 4}. Best is trial 119 with value: 0.464659168888221.
[I 2025-03-12 12:56:30,560] Trial 242 finished with value: 0.4682593582470542 and parameters: {'learning_rate': 0.019971498743084543, 'depth': 9, 'l2_leaf_reg': 1.810059333119119, 'min_child_samples': 4}. Best is trial 119 with value: 0.464659168888221.
[I 2025-03-12 12:56:35,718] Trial 243 finished with value: 0.4662554776199235 and parameters: {'learning_rate': 0.019641378202649055, 'depth': 9, 'l2_leaf_reg': 1.9584315120345992, 'min_child_samples': 4}. Best is trial 119 with value: 0.464659168888221.
[I 2025-03-12 12:56:41,469] Trial 244 finished with value: 0.469468292895174 and parameters: {'learning_rate': 0.019076824028698695, 'depth': 9, 'l2_leaf_reg': 1.9889838966280413, 'min_child_samples': 4}. Best is trial 119 with value: 0.464659168888221.
[I 2025-03-12 12:56:46,892] Trial 245 finished with value: 0.467964167046791 and parameters: {'learning_rate': 0.01950422203470911, 'depth': 9, 'l2_leaf_reg': 2.100413163090713, 'min_child_samples': 4}. Best is trial 119 with value: 0.464659168888221.
[I 2025-03-12 12:56:52,977] Trial 246 finished with value: 0.4702276912103177 and parameters: {'learning_rate': 0.01859679237843742, 'depth': 10, 'l2_leaf_reg': 1.966928891748821, 'min_child_samples': 1}. Best is trial 119 with value: 0.464659168888221.
[I 2025-03-12 12:56:58,524] Trial 247 finished with value: 0.46808814095277573 and parameters: {'learning_rate': 0.018998260944386582, 'depth': 9, 'l2_leaf_reg': 2.2285183083027382, 'min_child_samples': 1}. Best is trial 119 with value: 0.464659168888221.
[I 2025-03-12 12:57:03,306] Trial 248 finished with value: 0.47055320841736226 and parameters: {'learning_rate': 0.019609017533519308, 'depth': 8, 'l2_leaf_reg': 2.055918325004463, 'min_child_samples': 16}. Best is trial 119 with value: 0.464659168888221.
[I 2025-03-12 12:57:08,786] Trial 249 finished with value: 0.4685787312664708 and parameters: {'learning_rate': 0.019225273743526724, 'depth': 9, 'l2_leaf_reg': 1.0963648600133573, 'min_child_samples': 32}. Best is trial 119 with value: 0.464659168888221.
[I 2025-03-12 12:57:13,425] Trial 250 finished with value: 0.7910998459741693 and parameters: {'learning_rate': 0.0023878807493501533, 'depth': 8, 'l2_leaf_reg': 1.835018194411869, 'min_child_samples': 1}. Best is trial 119 with value: 0.464659168888221.
[I 2025-03-12 12:57:18,860] Trial 251 finished with value: 0.46976059436889017 and parameters: {'learning_rate': 0.019668801765206714, 'depth': 9, 'l2_leaf_reg': 2.2857005731499167, 'min_child_samples': 1}. Best is trial 119 with value: 0.464659168888221.
[I 2025-03-12 12:57:24,352] Trial 252 finished with value: 0.46820507363668634 and parameters: {'learning_rate': 0.018334029933620967, 'depth': 9, 'l2_leaf_reg': 0.2270500827949229, 'min_child_samples': 1}. Best is trial 119 with value: 0.464659168888221.
[I 2025-03-12 12:57:29,106] Trial 253 finished with value: 0.4684573868130481 and parameters: {'learning_rate': 0.01879794959764056, 'depth': 8, 'l2_leaf_reg': 1.9369198936771888, 'min_child_samples': 4}. Best is trial 119 with value: 0.464659168888221.
[I 2025-03-12 12:57:34,770] Trial 254 finished with value: 0.47125257424584266 and parameters: {'learning_rate': 0.014300669009690258, 'depth': 10, 'l2_leaf_reg': 1.6748020306932152, 'min_child_samples': 16}. Best is trial 119 with value: 0.464659168888221.
[I 2025-03-12 12:57:39,920] Trial 255 finished with value: 0.4716905666688703 and parameters: {'learning_rate': 0.019304237556073245, 'depth': 9, 'l2_leaf_reg': 2.1376634790164264, 'min_child_samples': 1}. Best is trial 119 with value: 0.464659168888221.
[I 2025-03-12 12:57:45,569] Trial 256 finished with value: 0.46735089811063724 and parameters: {'learning_rate': 0.019991094875790556, 'depth': 10, 'l2_leaf_reg': 2.036627442555867, 'min_child_samples': 1}. Best is trial 119 with value: 0.464659168888221.
[I 2025-03-12 12:57:51,376] Trial 257 finished with value: 0.46762220769544405 and parameters: {'learning_rate': 0.019992393680901957, 'depth': 10, 'l2_leaf_reg': 2.0078181765040846, 'min_child_samples': 1}. Best is trial 119 with value: 0.464659168888221.
[I 2025-03-12 12:57:57,982] Trial 258 finished with value: 0.4713974582358225 and parameters: {'learning_rate': 0.019953985095255262, 'depth': 11, 'l2_leaf_reg': 2.0190763828501956, 'min_child_samples': 1}. Best is trial 119 with value: 0.464659168888221.
[I 2025-03-12 12:58:03,626] Trial 259 finished with value: 0.4679823684176587 and parameters: {'learning_rate': 0.019983943068845638, 'depth': 10, 'l2_leaf_reg': 2.047691488105017, 'min_child_samples': 16}. Best is trial 119 with value: 0.464659168888221.
[I 2025-03-12 12:58:09,374] Trial 260 finished with value: 0.4680792724731118 and parameters: {'learning_rate': 0.01949550746341406, 'depth': 10, 'l2_leaf_reg': 1.9840232775338282, 'min_child_samples': 1}. Best is trial 119 with value: 0.464659168888221.
[I 2025-03-12 12:58:15,125] Trial 261 finished with value: 0.4677639941979328 and parameters: {'learning_rate': 0.019682600729411286, 'depth': 10, 'l2_leaf_reg': 2.1015459611334695, 'min_child_samples': 4}. Best is trial 119 with value: 0.464659168888221.
[I 2025-03-12 12:58:20,846] Trial 262 finished with value: 0.4683084573662439 and parameters: {'learning_rate': 0.019203148565089742, 'depth': 10, 'l2_leaf_reg': 1.9182458781307654, 'min_child_samples': 1}. Best is trial 119 with value: 0.464659168888221.
[I 2025-03-12 12:58:27,195] Trial 263 finished with value: 0.47165166677185166 and parameters: {'learning_rate': 0.019644398728414433, 'depth': 11, 'l2_leaf_reg': 2.0394998761755287, 'min_child_samples': 1}. Best is trial 119 with value: 0.464659168888221.
[I 2025-03-12 12:58:32,765] Trial 264 finished with value: 0.4703058790442465 and parameters: {'learning_rate': 0.018898808215256784, 'depth': 10, 'l2_leaf_reg': 1.9767713800948072, 'min_child_samples': 16}. Best is trial 119 with value: 0.464659168888221.
[I 2025-03-12 12:58:38,505] Trial 265 finished with value: 0.46890934241705934 and parameters: {'learning_rate': 0.019989073890940564, 'depth': 10, 'l2_leaf_reg': 2.0974391407890773, 'min_child_samples': 1}. Best is trial 119 with value: 0.464659168888221.
[I 2025-03-12 12:58:43,295] Trial 266 finished with value: 0.4664214345011639 and parameters: {'learning_rate': 0.019999546021647167, 'depth': 9, 'l2_leaf_reg': 1.852120765892541, 'min_child_samples': 4}. Best is trial 119 with value: 0.464659168888221.
[I 2025-03-12 12:58:48,076] Trial 267 finished with value: 0.4700886050038724 and parameters: {'learning_rate': 0.019370394083695248, 'depth': 9, 'l2_leaf_reg': 1.806304676055777, 'min_child_samples': 4}. Best is trial 119 with value: 0.464659168888221.
[I 2025-03-12 12:58:53,221] Trial 268 finished with value: 0.46823947798326815 and parameters: {'learning_rate': 0.019011009349332673, 'depth': 9, 'l2_leaf_reg': 1.8670252371386677, 'min_child_samples': 4}. Best is trial 119 with value: 0.464659168888221.
[I 2025-03-12 12:58:58,028] Trial 269 finished with value: 0.4683339580826584 and parameters: {'learning_rate': 0.019366993893740452, 'depth': 9, 'l2_leaf_reg': 1.8998934820941507, 'min_child_samples': 4}. Best is trial 119 with value: 0.464659168888221.
[I 2025-03-12 12:59:02,940] Trial 270 finished with value: 0.5141475691657683 and parameters: {'learning_rate': 0.006332829852107357, 'depth': 9, 'l2_leaf_reg': 1.7487080129088728, 'min_child_samples': 4}. Best is trial 119 with value: 0.464659168888221.
[I 2025-03-12 12:59:07,720] Trial 271 finished with value: 0.4702212550929983 and parameters: {'learning_rate': 0.018534786762280594, 'depth': 9, 'l2_leaf_reg': 1.8657804517424248, 'min_child_samples': 4}. Best is trial 119 with value: 0.464659168888221.
[I 2025-03-12 12:59:12,871] Trial 272 finished with value: 0.46997786985319845 and parameters: {'learning_rate': 0.01961736693335905, 'depth': 9, 'l2_leaf_reg': 2.1691554294665534, 'min_child_samples': 8}. Best is trial 119 with value: 0.464659168888221.
[I 2025-03-12 12:59:18,163] Trial 273 finished with value: 0.4674464373397187 and parameters: {'learning_rate': 0.018978547939955855, 'depth': 9, 'l2_leaf_reg': 1.9453329429250061, 'min_child_samples': 16}. Best is trial 119 with value: 0.464659168888221.
[I 2025-03-12 12:59:23,274] Trial 274 finished with value: 0.46636023518066266 and parameters: {'learning_rate': 0.019181781582366726, 'depth': 9, 'l2_leaf_reg': 1.8088180016742634, 'min_child_samples': 16}. Best is trial 119 with value: 0.464659168888221.
[I 2025-03-12 12:59:27,612] Trial 275 finished with value: 0.4694396718837495 and parameters: {'learning_rate': 0.018955202427913754, 'depth': 9, 'l2_leaf_reg': 1.8059519693236807, 'min_child_samples': 16}. Best is trial 119 with value: 0.464659168888221.
[I 2025-03-12 12:59:32,074] Trial 276 finished with value: 0.4691375709547372 and parameters: {'learning_rate': 0.019187392427156055, 'depth': 8, 'l2_leaf_reg': 1.7527469714883688, 'min_child_samples': 16}. Best is trial 119 with value: 0.464659168888221.
