[I 2025-03-12 18:09:37,383] Trial 283 finished with value: 2.0056407724578333 and parameters: {'learning_rate': 0.01658410387164663, 'depth': 11, 'l2_leaf_reg': 0.1745444571823248, 'min_child_samples': 32}. Best is trial 265 with value: 1.9993306196874616.
[I 2025-03-12 18:09:40,023] Trial 284 finished with value: 2.017621165138524 and parameters: {'learning_rate': 0.01787824035997717, 'depth': 12, 'l2_leaf_reg': 0.3016451417574646, 'min_child_samples': 4}. Best is trial 265 with value: 1.9993306196874616.
[I 2025-03-12 18:09:42,302] Trial 285 finished with value: 2.007824032908552 and parameters: {'learning_rate': 0.016877652204050273, 'depth': 11, 'l2_leaf_reg': 0.24186654994287837, 'min_child_samples': 1}. Best is trial 265 with value: 1.9993306196874616.
[I 2025-03-12 18:09:44,536] Trial 286 finished with value: 2.00137682101434 and parameters: {'learning_rate': 0.01731210978598076, 'depth': 11, 'l2_leaf_reg': 0.11883364870926083, 'min_child_samples': 4}. Best is trial 265 with value: 1.9993306196874616.
[I 2025-03-12 18:09:46,961] Trial 287 finished with value: 2.0054898812367172 and parameters: {'learning_rate': 0.017087990317389876, 'depth': 11, 'l2_leaf_reg': 0.060521682950283, 'min_child_samples': 4}. Best is trial 265 with value: 1.9993306196874616.
[I 2025-03-12 18:09:49,412] Trial 288 finished with value: 2.001017539867951 and parameters: {'learning_rate': 0.017381021800503507, 'depth': 11, 'l2_leaf_reg': 0.11062058984159018, 'min_child_samples': 4}. Best is trial 265 with value: 1.9993306196874616.
[I 2025-03-12 18:09:50,615] Trial 289 finished with value: 2.0189382602928663 and parameters: {'learning_rate': 0.017691303604580752, 'depth': 5, 'l2_leaf_reg': 0.07348324391002674, 'min_child_samples': 4}. Best is trial 265 with value: 1.9993306196874616.
[I 2025-03-12 18:09:53,574] Trial 290 finished with value: 2.011411018727312 and parameters: {'learning_rate': 0.01743411883947577, 'depth': 12, 'l2_leaf_reg': 0.15115537683689242, 'min_child_samples': 4}. Best is trial 265 with value: 1.9993306196874616.
[I 2025-03-12 18:09:56,033] Trial 291 finished with value: 2.0034561246926494 and parameters: {'learning_rate': 0.015153665800204854, 'depth': 11, 'l2_leaf_reg': 0.1285668695846378, 'min_child_samples': 4}. Best is trial 265 with value: 1.9993306196874616.
[I 2025-03-12 18:09:58,459] Trial 292 finished with value: 2.0036945541851487 and parameters: {'learning_rate': 0.016171102542122683, 'depth': 11, 'l2_leaf_reg': 0.179746261271655, 'min_child_samples': 4}. Best is trial 265 with value: 1.9993306196874616.
[I 2025-03-12 18:10:01,332] Trial 293 finished with value: 2.010071155465975 and parameters: {'learning_rate': 0.01692685186640191, 'depth': 12, 'l2_leaf_reg': 1.4711256943212085, 'min_child_samples': 4}. Best is trial 265 with value: 1.9993306196874616.
[I 2025-03-12 18:10:03,636] Trial 294 finished with value: 2.0038810519328014 and parameters: {'learning_rate': 0.016660713062435918, 'depth': 11, 'l2_leaf_reg': 0.11234005275348288, 'min_child_samples': 4}. Best is trial 265 with value: 1.9993306196874616.
[I 2025-03-12 18:10:06,335] Trial 295 finished with value: 2.0086870319322223 and parameters: {'learning_rate': 0.015612541397372934, 'depth': 11, 'l2_leaf_reg': 0.11231146734261532, 'min_child_samples': 4}. Best is trial 265 with value: 1.9993306196874616.
[I 2025-03-12 18:10:08,750] Trial 296 finished with value: 2.003757303835671 and parameters: {'learning_rate': 0.016309983227513515, 'depth': 11, 'l2_leaf_reg': 0.19267061960316784, 'min_child_samples': 4}. Best is trial 265 with value: 1.9993306196874616.
[I 2025-03-12 18:10:11,183] Trial 297 finished with value: 2.0078315741172967 and parameters: {'learning_rate': 0.01742711131710935, 'depth': 11, 'l2_leaf_reg': 0.0654241189307605, 'min_child_samples': 4}. Best is trial 265 with value: 1.9993306196874616.
[I 2025-03-12 18:10:15,440] Trial 298 finished with value: 2.006330554702153 and parameters: {'learning_rate': 0.0035443800569625694, 'depth': 11, 'l2_leaf_reg': 1.4134815122642699, 'min_child_samples': 4}. Best is trial 265 with value: 1.9993306196874616.
[I 2025-03-12 18:10:18,547] Trial 299 finished with value: 2.012603331007162 and parameters: {'learning_rate': 0.0168502128058755, 'depth': 12, 'l2_leaf_reg': 0.1945078735250776, 'min_child_samples': 16}. Best is trial 265 with value: 1.9993306196874616.
[I 2025-03-12 18:10:20,962] Trial 300 finished with value: 2.00789116514214 and parameters: {'learning_rate': 0.017756488795906234, 'depth': 11, 'l2_leaf_reg': 0.28254110712607694, 'min_child_samples': 4}. Best is trial 265 with value: 1.9993306196874616.
[I 2025-03-12 18:10:23,379] Trial 301 finished with value: 1.9996868043145868 and parameters: {'learning_rate': 0.017235528621760244, 'depth': 11, 'l2_leaf_reg': 0.1425528718309847, 'min_child_samples': 4}. Best is trial 265 with value: 1.9993306196874616.
[I 2025-03-12 18:10:26,491] Trial 302 finished with value: 2.0104000889091713 and parameters: {'learning_rate': 0.017338535110777077, 'depth': 12, 'l2_leaf_reg': 0.12994820513085073, 'min_child_samples': 4}. Best is trial 265 with value: 1.9993306196874616.
[I 2025-03-12 18:10:29,194] Trial 303 finished with value: 2.007591718668444 and parameters: {'learning_rate': 0.012374845166425898, 'depth': 11, 'l2_leaf_reg': 0.06987030546271596, 'min_child_samples': 8}. Best is trial 265 with value: 1.9993306196874616.
[I 2025-03-12 18:10:31,127] Trial 304 finished with value: 2.0030421201507886 and parameters: {'learning_rate': 0.016751107953837656, 'depth': 10, 'l2_leaf_reg': 0.20054777513036517, 'min_child_samples': 4}. Best is trial 265 with value: 1.9993306196874616.
[I 2025-03-12 18:10:33,528] Trial 305 finished with value: 2.0018450468423628 and parameters: {'learning_rate': 0.01827445451640783, 'depth': 11, 'l2_leaf_reg': 0.15281253288299357, 'min_child_samples': 4}. Best is trial 265 with value: 1.9993306196874616.
[I 2025-03-12 18:10:36,085] Trial 306 finished with value: 2.003902368617258 and parameters: {'learning_rate': 0.018198340688392194, 'depth': 11, 'l2_leaf_reg': 0.12312400434336863, 'min_child_samples': 4}. Best is trial 265 with value: 1.9993306196874616.
[I 2025-03-12 18:10:38,484] Trial 307 finished with value: 2.0058065355641923 and parameters: {'learning_rate': 0.01783774826573384, 'depth': 11, 'l2_leaf_reg': 0.06440067898505243, 'min_child_samples': 4}. Best is trial 265 with value: 1.9993306196874616.
[I 2025-03-12 18:10:41,379] Trial 308 finished with value: 2.0055656608897077 and parameters: {'learning_rate': 0.01830178454505, 'depth': 12, 'l2_leaf_reg': 0.653264587200221, 'min_child_samples': 4}. Best is trial 265 with value: 1.9993306196874616.
[I 2025-03-12 18:10:43,258] Trial 309 finished with value: 2.0031689410084255 and parameters: {'learning_rate': 0.01750421471104653, 'depth': 10, 'l2_leaf_reg': 0.4296768138906526, 'min_child_samples': 16}. Best is trial 265 with value: 1.9993306196874616.
[I 2025-03-12 18:10:45,697] Trial 310 finished with value: 2.0044947408246356 and parameters: {'learning_rate': 0.018661508127031743, 'depth': 11, 'l2_leaf_reg': 0.14979862773601088, 'min_child_samples': 4}. Best is trial 265 with value: 1.9993306196874616.
[I 2025-03-12 18:10:47,750] Trial 311 finished with value: 2.000062403045286 and parameters: {'learning_rate': 0.01709902671005029, 'depth': 10, 'l2_leaf_reg': 0.2600724941395483, 'min_child_samples': 8}. Best is trial 265 with value: 1.9993306196874616.
[I 2025-03-12 18:10:49,857] Trial 312 finished with value: 2.003937233264212 and parameters: {'learning_rate': 0.01722370602000116, 'depth': 11, 'l2_leaf_reg': 0.279698893422904, 'min_child_samples': 8}. Best is trial 265 with value: 1.9993306196874616.
[I 2025-03-12 18:10:52,818] Trial 313 finished with value: 2.0120732669350705 and parameters: {'learning_rate': 0.017727138695505306, 'depth': 12, 'l2_leaf_reg': 0.24681632128803452, 'min_child_samples': 8}. Best is trial 265 with value: 1.9993306196874616.
[I 2025-03-12 18:10:55,386] Trial 314 finished with value: 2.0099407054869936 and parameters: {'learning_rate': 0.014136787730082426, 'depth': 11, 'l2_leaf_reg': 0.3414136592777455, 'min_child_samples': 8}. Best is trial 265 with value: 1.9993306196874616.
[I 2025-03-12 18:10:57,557] Trial 315 finished with value: 2.0077317261375605 and parameters: {'learning_rate': 0.017141558232801606, 'depth': 11, 'l2_leaf_reg': 0.14747144056847575, 'min_child_samples': 8}. Best is trial 265 with value: 1.9993306196874616.
[I 2025-03-12 18:10:59,962] Trial 316 finished with value: 2.001414135856427 and parameters: {'learning_rate': 0.016836453509955728, 'depth': 11, 'l2_leaf_reg': 0.04733206426545808, 'min_child_samples': 8}. Best is trial 265 with value: 1.9993306196874616.
[I 2025-03-12 18:11:01,868] Trial 317 finished with value: 2.001824794954312 and parameters: {'learning_rate': 0.016735423000225645, 'depth': 10, 'l2_leaf_reg': 0.03791196994889637, 'min_child_samples': 8}. Best is trial 265 with value: 1.9993306196874616.
[I 2025-03-12 18:11:03,906] Trial 318 finished with value: 2.0030495503538353 and parameters: {'learning_rate': 0.01674614470535858, 'depth': 10, 'l2_leaf_reg': 0.046771598954295925, 'min_child_samples': 8}. Best is trial 265 with value: 1.9993306196874616.
[I 2025-03-12 18:11:05,989] Trial 319 finished with value: 2.0004699225898146 and parameters: {'learning_rate': 0.015893069636075872, 'depth': 10, 'l2_leaf_reg': 0.006508532406483587, 'min_child_samples': 8}. Best is trial 265 with value: 1.9993306196874616.
[I 2025-03-12 18:11:08,173] Trial 320 finished with value: 2.003165541350894 and parameters: {'learning_rate': 0.01589767402529763, 'depth': 10, 'l2_leaf_reg': 0.03843942311699893, 'min_child_samples': 8}. Best is trial 265 with value: 1.9993306196874616.
[I 2025-03-12 18:11:09,950] Trial 321 finished with value: 2.003367378310063 and parameters: {'learning_rate': 0.016383313433557856, 'depth': 9, 'l2_leaf_reg': 0.014116743069309698, 'min_child_samples': 8}. Best is trial 265 with value: 1.9993306196874616.
[I 2025-03-12 18:11:12,138] Trial 322 finished with value: 2.003968839468766 and parameters: {'learning_rate': 0.01584615371885435, 'depth': 10, 'l2_leaf_reg': 0.10559949567075282, 'min_child_samples': 8}. Best is trial 265 with value: 1.9993306196874616.
[I 2025-03-12 18:11:14,128] Trial 323 finished with value: 2.004708658231359 and parameters: {'learning_rate': 0.017138716618102897, 'depth': 10, 'l2_leaf_reg': 0.09806975122811795, 'min_child_samples': 8}. Best is trial 265 with value: 1.9993306196874616.
[I 2025-03-12 18:11:16,662] Trial 324 finished with value: 2.002088616549768 and parameters: {'learning_rate': 0.016283327530461165, 'depth': 11, 'l2_leaf_reg': 0.7509824877140785, 'min_child_samples': 8}. Best is trial 265 with value: 1.9993306196874616.
[I 2025-03-12 18:11:19,619] Trial 325 finished with value: 2.0077569724339406 and parameters: {'learning_rate': 0.017496708364911705, 'depth': 12, 'l2_leaf_reg': 0.008198846331684079, 'min_child_samples': 8}. Best is trial 265 with value: 1.9993306196874616.
[I 2025-03-12 18:11:22,002] Trial 326 finished with value: 2.007474601275681 and parameters: {'learning_rate': 0.016993679626930176, 'depth': 11, 'l2_leaf_reg': 0.22505018878046704, 'min_child_samples': 8}. Best is trial 265 with value: 1.9993306196874616.
[I 2025-03-12 18:11:24,289] Trial 327 finished with value: 2.0047749702245157 and parameters: {'learning_rate': 0.016516187966502793, 'depth': 11, 'l2_leaf_reg': 0.08698344743805662, 'min_child_samples': 8}. Best is trial 265 with value: 1.9993306196874616.
[I 2025-03-12 18:11:25,599] Trial 328 finished with value: 2.0108822785056066 and parameters: {'learning_rate': 0.01736782666570148, 'depth': 8, 'l2_leaf_reg': 0.16746003039772162, 'min_child_samples': 8}. Best is trial 265 with value: 1.9993306196874616.
[I 2025-03-12 18:11:27,426] Trial 329 finished with value: 2.0044196355407284 and parameters: {'learning_rate': 0.01691306626529852, 'depth': 10, 'l2_leaf_reg': 0.06246607162992272, 'min_child_samples': 8}. Best is trial 265 with value: 1.9993306196874616.
[I 2025-03-12 18:11:29,136] Trial 330 finished with value: 2.0102372606623424 and parameters: {'learning_rate': 0.016110472403721793, 'depth': 9, 'l2_leaf_reg': 1.5790774571297146, 'min_child_samples': 1}. Best is trial 265 with value: 1.9993306196874616.
[I 2025-03-12 18:11:32,383] Trial 331 finished with value: 2.009328185203273 and parameters: {'learning_rate': 0.017947715868882993, 'depth': 12, 'l2_leaf_reg': 0.3059567233754949, 'min_child_samples': 8}. Best is trial 265 with value: 1.9993306196874616.
[I 2025-03-12 18:11:34,986] Trial 332 finished with value: 2.004695749208021 and parameters: {'learning_rate': 0.01758368365145888, 'depth': 11, 'l2_leaf_reg': 1.3749590937712368, 'min_child_samples': 16}. Best is trial 265 with value: 1.9993306196874616.
[I 2025-03-12 18:11:37,398] Trial 333 finished with value: 2.0108788885521656 and parameters: {'learning_rate': 0.015019259850197777, 'depth': 11, 'l2_leaf_reg': 0.0007909498229828824, 'min_child_samples': 8}. Best is trial 265 with value: 1.9993306196874616.
[I 2025-03-12 18:11:39,246] Trial 334 finished with value: 2.0031870703620474 and parameters: {'learning_rate': 0.017194909814473712, 'depth': 10, 'l2_leaf_reg': 1.7855348644516478, 'min_child_samples': 8}. Best is trial 265 with value: 1.9993306196874616.
[I 2025-03-12 18:11:41,619] Trial 335 finished with value: 2.010443484451414 and parameters: {'learning_rate': 0.015504555691464871, 'depth': 11, 'l2_leaf_reg': 0.10531379638745904, 'min_child_samples': 16}. Best is trial 265 with value: 1.9993306196874616.
[I 2025-03-12 18:11:42,909] Trial 336 finished with value: 2.0542055418696257 and parameters: {'learning_rate': 0.01661564534373277, 'depth': 2, 'l2_leaf_reg': 0.26036311641813115, 'min_child_samples': 8}. Best is trial 265 with value: 1.9993306196874616.
[I 2025-03-12 18:11:46,080] Trial 337 finished with value: 2.0088595640685107 and parameters: {'learning_rate': 0.016941958659159314, 'depth': 12, 'l2_leaf_reg': 0.1882649752422669, 'min_child_samples': 4}. Best is trial 265 with value: 1.9993306196874616.
[I 2025-03-12 18:11:48,265] Trial 338 finished with value: 2.005747490303673 and parameters: {'learning_rate': 0.017780313658990295, 'depth': 11, 'l2_leaf_reg': 0.3605889587298339, 'min_child_samples': 8}. Best is trial 265 with value: 1.9993306196874616.
[I 2025-03-12 18:11:50,176] Trial 339 finished with value: 2.0051776561627594 and parameters: {'learning_rate': 0.017340174057676325, 'depth': 10, 'l2_leaf_reg': 0.1068501724610027, 'min_child_samples': 4}. Best is trial 265 with value: 1.9993306196874616.
[I 2025-03-12 18:11:52,420] Trial 340 finished with value: 2.0089910589495092 and parameters: {'learning_rate': 0.01638099739432775, 'depth': 11, 'l2_leaf_reg': 0.06602215034144532, 'min_child_samples': 32}. Best is trial 265 with value: 1.9993306196874616.
[I 2025-03-12 18:11:55,182] Trial 341 finished with value: 2.0051217375610566 and parameters: {'learning_rate': 0.015985112095249544, 'depth': 11, 'l2_leaf_reg': 1.5088285319648342, 'min_child_samples': 1}. Best is trial 265 with value: 1.9993306196874616.
[I 2025-03-12 18:12:01,223] Trial 342 finished with value: 2.0110549149786303 and parameters: {'learning_rate': 0.003070269337947949, 'depth': 12, 'l2_leaf_reg': 0.21098032382290016, 'min_child_samples': 4}. Best is trial 265 with value: 1.9993306196874616.
[I 2025-03-12 18:12:05,750] Trial 343 finished with value: 2.003877598045876 and parameters: {'learning_rate': 0.0036045356581988833, 'depth': 11, 'l2_leaf_reg': 0.0038342399707742584, 'min_child_samples': 4}. Best is trial 265 with value: 1.9993306196874616.
[I 2025-03-12 18:12:07,884] Trial 344 finished with value: 2.0042545493975257 and parameters: {'learning_rate': 0.01673496543337552, 'depth': 11, 'l2_leaf_reg': 0.1534181503271772, 'min_child_samples': 32}. Best is trial 265 with value: 1.9993306196874616.
[I 2025-03-12 18:12:09,845] Trial 345 finished with value: 2.0081967932183518 and parameters: {'learning_rate': 0.017582433102881077, 'depth': 10, 'l2_leaf_reg': 0.1097015001205871, 'min_child_samples': 8}. Best is trial 265 with value: 1.9993306196874616.
[I 2025-03-12 18:12:11,444] Trial 346 finished with value: 2.004207754631629 and parameters: {'learning_rate': 0.017113112516097484, 'depth': 7, 'l2_leaf_reg': 1.3310471347726165, 'min_child_samples': 4}. Best is trial 265 with value: 1.9993306196874616.
[I 2025-03-12 18:12:14,322] Trial 347 finished with value: 2.0126566183742205 and parameters: {'learning_rate': 0.016649503110181353, 'depth': 12, 'l2_leaf_reg': 0.27437155238429584, 'min_child_samples': 16}. Best is trial 265 with value: 1.9993306196874616.
[I 2025-03-12 18:12:16,446] Trial 348 finished with value: 2.001558130166272 and parameters: {'learning_rate': 0.018091417545023497, 'depth': 10, 'l2_leaf_reg': 0.17210337059424086, 'min_child_samples': 4}. Best is trial 265 with value: 1.9993306196874616.
[I 2025-03-12 18:12:18,306] Trial 349 finished with value: 2.0125631808722484 and parameters: {'learning_rate': 0.019032700841004037, 'depth': 9, 'l2_leaf_reg': 0.22411850713667855, 'min_child_samples': 4}. Best is trial 265 with value: 1.9993306196874616.
[I 2025-03-12 18:12:20,195] Trial 350 finished with value: 2.005140518417811 and parameters: {'learning_rate': 0.018291904423074795, 'depth': 10, 'l2_leaf_reg': 0.3191164683905945, 'min_child_samples': 32}. Best is trial 265 with value: 1.9993306196874616.
[I 2025-03-12 18:12:22,383] Trial 351 finished with value: 2.0000452295589337 and parameters: {'learning_rate': 0.01799848422034843, 'depth': 10, 'l2_leaf_reg': 0.1700308622269978, 'min_child_samples': 4}. Best is trial 265 with value: 1.9993306196874616.
[I 2025-03-12 18:12:24,251] Trial 352 finished with value: 2.00602460669569 and parameters: {'learning_rate': 0.01794371105780497, 'depth': 10, 'l2_leaf_reg': 0.4516189715888174, 'min_child_samples': 8}. Best is trial 265 with value: 1.9993306196874616.
[I 2025-03-12 18:12:26,367] Trial 353 finished with value: 2.0059028488965707 and parameters: {'learning_rate': 0.017882181207930517, 'depth': 10, 'l2_leaf_reg': 0.2008281281039513, 'min_child_samples': 4}. Best is trial 265 with value: 1.9993306196874616.
[I 2025-03-12 18:12:28,871] Trial 354 finished with value: 2.0002061273164697 and parameters: {'learning_rate': 0.018247488794346078, 'depth': 11, 'l2_leaf_reg': 0.2798832572773424, 'min_child_samples': 4}. Best is trial 265 with value: 1.9993306196874616.
[I 2025-03-12 18:12:33,271] Trial 355 finished with value: 2.017654852883259 and parameters: {'learning_rate': 0.019232323331173435, 'depth': 13, 'l2_leaf_reg': 0.3554902077258411, 'min_child_samples': 4}. Best is trial 265 with value: 1.9993306196874616.
[I 2025-03-12 18:12:35,124] Trial 356 finished with value: 2.0576543237458105 and parameters: {'learning_rate': 0.002284653237663809, 'depth': 3, 'l2_leaf_reg': 0.2818499319455583, 'min_child_samples': 4}. Best is trial 265 with value: 1.9993306196874616.
[I 2025-03-12 18:12:37,274] Trial 357 finished with value: 2.0031985291399748 and parameters: {'learning_rate': 0.018807238556912784, 'depth': 11, 'l2_leaf_reg': 0.17513681265858078, 'min_child_samples': 4}. Best is trial 265 with value: 1.9993306196874616.
[I 2025-03-12 18:12:40,768] Trial 358 finished with value: 2.0585238631212617 and parameters: {'learning_rate': 0.0011524956999239703, 'depth': 10, 'l2_leaf_reg': 0.2710913897140488, 'min_child_samples': 4}. Best is trial 265 with value: 1.9993306196874616.
[I 2025-03-12 18:12:43,093] Trial 359 finished with value: 2.011835983938194 and parameters: {'learning_rate': 0.01800204002230821, 'depth': 11, 'l2_leaf_reg': 0.4064584005708925, 'min_child_samples': 4}. Best is trial 265 with value: 1.9993306196874616.
[I 2025-03-12 18:12:45,554] Trial 360 finished with value: 2.0046896191972645 and parameters: {'learning_rate': 0.018665571544780057, 'depth': 11, 'l2_leaf_reg': 0.14762098924058986, 'min_child_samples': 4}. Best is trial 265 with value: 1.9993306196874616.
[I 2025-03-12 18:12:47,172] Trial 361 finished with value: 2.0079136297978613 and parameters: {'learning_rate': 0.018665560446781478, 'depth': 9, 'l2_leaf_reg': 0.21874803572292104, 'min_child_samples': 32}. Best is trial 265 with value: 1.9993306196874616.
[I 2025-03-12 18:12:49,166] Trial 362 finished with value: 2.0039241652861435 and parameters: {'learning_rate': 0.018433201114281372, 'depth': 10, 'l2_leaf_reg': 0.22609835647978158, 'min_child_samples': 4}. Best is trial 265 with value: 1.9993306196874616.
[I 2025-03-12 18:12:51,530] Trial 363 finished with value: 2.006327320792992 and parameters: {'learning_rate': 0.01816354251352805, 'depth': 11, 'l2_leaf_reg': 0.33350865781794614, 'min_child_samples': 4}. Best is trial 265 with value: 1.9993306196874616.
[I 2025-03-12 18:12:53,868] Trial 364 finished with value: 2.005338959954658 and parameters: {'learning_rate': 0.017551952131871117, 'depth': 11, 'l2_leaf_reg': 0.1443085503725111, 'min_child_samples': 8}. Best is trial 265 with value: 1.9993306196874616.
[I 2025-03-12 18:12:55,783] Trial 365 finished with value: 2.0109513149941285 and parameters: {'learning_rate': 0.017610766813945536, 'depth': 10, 'l2_leaf_reg': 0.2514560275017892, 'min_child_samples': 4}. Best is trial 265 with value: 1.9993306196874616.
[I 2025-03-12 18:12:57,101] Trial 366 finished with value: 2.0135314283959196 and parameters: {'learning_rate': 0.019648465893751892, 'depth': 6, 'l2_leaf_reg': 1.7065018193772934, 'min_child_samples': 32}. Best is trial 265 with value: 1.9993306196874616.
[I 2025-03-12 18:12:59,280] Trial 367 finished with value: 2.007819065908044 and parameters: {'learning_rate': 0.0182167379120161, 'depth': 11, 'l2_leaf_reg': 0.1543545809902111, 'min_child_samples': 4}. Best is trial 265 with value: 1.9993306196874616.
