[I 2025-03-12 12:06:28,998] Trial 184 finished with value: 0.1827844947188871 and parameters: {'learning_rate': 0.019579330196042185, 'depth': 11, 'l2_leaf_reg': 1.43431710985757, 'min_child_samples': 16}. Best is trial 107 with value: 0.18167052292466948.
[I 2025-03-12 12:06:34,399] Trial 185 finished with value: 0.18591596174433106 and parameters: {'learning_rate': 0.019657259081594422, 'depth': 10, 'l2_leaf_reg': 1.4292327893207777, 'min_child_samples': 16}. Best is trial 107 with value: 0.18167052292466948.
[I 2025-03-12 12:06:40,494] Trial 186 finished with value: 0.18277107415411012 and parameters: {'learning_rate': 0.01996827652749646, 'depth': 11, 'l2_leaf_reg': 1.3386711875598793, 'min_child_samples': 16}. Best is trial 107 with value: 0.18167052292466948.
[I 2025-03-12 12:06:47,781] Trial 187 finished with value: 0.1863997165078947 and parameters: {'learning_rate': 0.019972720601466674, 'depth': 12, 'l2_leaf_reg': 1.1194559414224656, 'min_child_samples': 16}. Best is trial 107 with value: 0.18167052292466948.
[I 2025-03-12 12:06:53,882] Trial 188 finished with value: 0.1819745783372186 and parameters: {'learning_rate': 0.019997341719330403, 'depth': 11, 'l2_leaf_reg': 1.3204209895961363, 'min_child_samples': 16}. Best is trial 107 with value: 0.18167052292466948.
[I 2025-03-12 12:06:59,161] Trial 189 finished with value: 0.1856546936996609 and parameters: {'learning_rate': 0.01920610239688291, 'depth': 10, 'l2_leaf_reg': 1.50054071847726, 'min_child_samples': 16}. Best is trial 107 with value: 0.18167052292466948.
[I 2025-03-12 12:07:04,930] Trial 190 finished with value: 0.1825485556985805 and parameters: {'learning_rate': 0.019404705942976923, 'depth': 11, 'l2_leaf_reg': 1.2990442223638825, 'min_child_samples': 16}. Best is trial 107 with value: 0.18167052292466948.
[I 2025-03-12 12:07:10,883] Trial 191 finished with value: 0.18332616489321513 and parameters: {'learning_rate': 0.01928345471546863, 'depth': 11, 'l2_leaf_reg': 1.209486953866472, 'min_child_samples': 16}. Best is trial 107 with value: 0.18167052292466948.
[I 2025-03-12 12:07:16,814] Trial 192 finished with value: 0.1819531647600664 and parameters: {'learning_rate': 0.019554902016049563, 'depth': 11, 'l2_leaf_reg': 1.3086915287860919, 'min_child_samples': 16}. Best is trial 107 with value: 0.18167052292466948.
[I 2025-03-12 12:07:22,891] Trial 193 finished with value: 0.18312111952905344 and parameters: {'learning_rate': 0.01958041390630861, 'depth': 11, 'l2_leaf_reg': 1.294321432827047, 'min_child_samples': 16}. Best is trial 107 with value: 0.18167052292466948.
[I 2025-03-12 12:07:28,952] Trial 194 finished with value: 0.1823485722006026 and parameters: {'learning_rate': 0.019979545553556056, 'depth': 11, 'l2_leaf_reg': 1.3936903415817843, 'min_child_samples': 16}. Best is trial 107 with value: 0.18167052292466948.
[I 2025-03-12 12:07:34,146] Trial 195 finished with value: 0.1848258549229368 and parameters: {'learning_rate': 0.01949727662999434, 'depth': 10, 'l2_leaf_reg': 1.3530493749427013, 'min_child_samples': 16}. Best is trial 107 with value: 0.18167052292466948.
[I 2025-03-12 12:07:41,841] Trial 196 finished with value: 0.18521946597051056 and parameters: {'learning_rate': 0.019952777158967636, 'depth': 12, 'l2_leaf_reg': 1.3969839091895615, 'min_child_samples': 16}. Best is trial 107 with value: 0.18167052292466948.
[I 2025-03-12 12:07:47,755] Trial 197 finished with value: 0.18261438173759081 and parameters: {'learning_rate': 0.019990676178474512, 'depth': 11, 'l2_leaf_reg': 1.2875337430395797, 'min_child_samples': 16}. Best is trial 107 with value: 0.18167052292466948.
[I 2025-03-12 12:07:53,849] Trial 198 finished with value: 0.18467065655284123 and parameters: {'learning_rate': 0.019272303540776695, 'depth': 11, 'l2_leaf_reg': 1.1967018263445184, 'min_child_samples': 16}. Best is trial 107 with value: 0.18167052292466948.
[I 2025-03-12 12:08:01,216] Trial 199 finished with value: 0.1865324034712631 and parameters: {'learning_rate': 0.019588364111016807, 'depth': 12, 'l2_leaf_reg': 1.0819792263070387, 'min_child_samples': 16}. Best is trial 107 with value: 0.18167052292466948.
[I 2025-03-12 12:08:06,912] Trial 200 finished with value: 0.1825745608715375 and parameters: {'learning_rate': 0.019218453289326986, 'depth': 11, 'l2_leaf_reg': 1.5129167781988135, 'min_child_samples': 16}. Best is trial 107 with value: 0.18167052292466948.
[I 2025-03-12 12:08:12,627] Trial 201 finished with value: 0.18275795627575675 and parameters: {'learning_rate': 0.019144968484012446, 'depth': 11, 'l2_leaf_reg': 1.5541502969116507, 'min_child_samples': 16}. Best is trial 107 with value: 0.18167052292466948.
[I 2025-03-12 12:08:18,435] Trial 202 finished with value: 0.1812959849721225 and parameters: {'learning_rate': 0.019999469809032347, 'depth': 11, 'l2_leaf_reg': 1.51548583578343, 'min_child_samples': 16}. Best is trial 202 with value: 0.1812959849721225.
[I 2025-03-12 12:08:34,584] Trial 203 finished with value: 0.20876844738029396 and parameters: {'learning_rate': 0.019980753855127584, 'depth': 14, 'l2_leaf_reg': 1.5017687989698818, 'min_child_samples': 16}. Best is trial 202 with value: 0.1812959849721225.
[I 2025-03-12 12:08:39,628] Trial 204 finished with value: 0.18613557648071868 and parameters: {'learning_rate': 0.019583921487859174, 'depth': 10, 'l2_leaf_reg': 1.4109710502045907, 'min_child_samples': 16}. Best is trial 202 with value: 0.1812959849721225.
[I 2025-03-12 12:08:45,226] Trial 205 finished with value: 0.18334837069083826 and parameters: {'learning_rate': 0.019997076683753414, 'depth': 11, 'l2_leaf_reg': 1.6076961768771028, 'min_child_samples': 16}. Best is trial 202 with value: 0.1812959849721225.
[I 2025-03-12 12:08:51,286] Trial 206 finished with value: 0.1823846289829286 and parameters: {'learning_rate': 0.019406178089001927, 'depth': 11, 'l2_leaf_reg': 1.4713128177173853, 'min_child_samples': 16}. Best is trial 202 with value: 0.1812959849721225.
[I 2025-03-12 12:08:53,774] Trial 207 finished with value: 0.3510633341994964 and parameters: {'learning_rate': 0.019546219867748665, 'depth': 2, 'l2_leaf_reg': 1.3452451991500234, 'min_child_samples': 16}. Best is trial 202 with value: 0.1812959849721225.
[I 2025-03-12 12:08:59,617] Trial 208 finished with value: 0.18529344795225253 and parameters: {'learning_rate': 0.018711883930712207, 'depth': 11, 'l2_leaf_reg': 1.4459416085941597, 'min_child_samples': 16}. Best is trial 202 with value: 0.1812959849721225.
[I 2025-03-12 12:09:07,220] Trial 209 finished with value: 0.18756168965935738 and parameters: {'learning_rate': 0.01959485570797432, 'depth': 12, 'l2_leaf_reg': 1.2893793638042763, 'min_child_samples': 16}. Best is trial 202 with value: 0.1812959849721225.
[I 2025-03-12 12:09:13,042] Trial 210 finished with value: 0.18323605141693797 and parameters: {'learning_rate': 0.01918151103206479, 'depth': 11, 'l2_leaf_reg': 1.3723203851982937, 'min_child_samples': 16}. Best is trial 202 with value: 0.1812959849721225.
[I 2025-03-12 12:09:18,884] Trial 211 finished with value: 0.18449353849997469 and parameters: {'learning_rate': 0.019313573110974067, 'depth': 11, 'l2_leaf_reg': 1.5029721397213907, 'min_child_samples': 16}. Best is trial 202 with value: 0.1812959849721225.
[I 2025-03-12 12:09:25,046] Trial 212 finished with value: 0.18207008382235365 and parameters: {'learning_rate': 0.018916480101950687, 'depth': 11, 'l2_leaf_reg': 1.6588473587354464, 'min_child_samples': 16}. Best is trial 202 with value: 0.1812959849721225.
[I 2025-03-12 12:09:31,025] Trial 213 finished with value: 0.1835264842285799 and parameters: {'learning_rate': 0.01876975166960662, 'depth': 11, 'l2_leaf_reg': 1.776683262743703, 'min_child_samples': 16}. Best is trial 202 with value: 0.1812959849721225.
[I 2025-03-12 12:09:36,170] Trial 214 finished with value: 0.18432973720842086 and parameters: {'learning_rate': 0.019665809181148176, 'depth': 10, 'l2_leaf_reg': 1.6536601520190573, 'min_child_samples': 16}. Best is trial 202 with value: 0.1812959849721225.
[I 2025-03-12 12:09:42,415] Trial 215 finished with value: 0.18278592674611 and parameters: {'learning_rate': 0.019989662511273907, 'depth': 11, 'l2_leaf_reg': 1.5698139256981476, 'min_child_samples': 16}. Best is trial 202 with value: 0.1812959849721225.
[I 2025-03-12 12:09:48,228] Trial 216 finished with value: 0.1816458640489732 and parameters: {'learning_rate': 0.01890046160304439, 'depth': 11, 'l2_leaf_reg': 1.4563998416982382, 'min_child_samples': 16}. Best is trial 202 with value: 0.1812959849721225.
[I 2025-03-12 12:09:54,379] Trial 217 finished with value: 0.18361419934523185 and parameters: {'learning_rate': 0.01895340999374474, 'depth': 11, 'l2_leaf_reg': 1.4519618769546698, 'min_child_samples': 16}. Best is trial 202 with value: 0.1812959849721225.
[I 2025-03-12 12:10:01,707] Trial 218 finished with value: 0.18730159859395287 and parameters: {'learning_rate': 0.0185920122046377, 'depth': 12, 'l2_leaf_reg': 1.5638779628732615, 'min_child_samples': 16}. Best is trial 202 with value: 0.1812959849721225.
[I 2025-03-12 12:10:07,892] Trial 219 finished with value: 0.18297011148608688 and parameters: {'learning_rate': 0.018434918008131136, 'depth': 11, 'l2_leaf_reg': 1.657396801860859, 'min_child_samples': 16}. Best is trial 202 with value: 0.1812959849721225.
[I 2025-03-12 12:10:13,752] Trial 220 finished with value: 0.18374412325825876 and parameters: {'learning_rate': 0.01900007971373285, 'depth': 11, 'l2_leaf_reg': 1.3953594432187688, 'min_child_samples': 16}. Best is trial 202 with value: 0.1812959849721225.
[I 2025-03-12 12:10:19,570] Trial 221 finished with value: 0.18127560681960625 and parameters: {'learning_rate': 0.019521764401463935, 'depth': 11, 'l2_leaf_reg': 1.2437394070529253, 'min_child_samples': 16}. Best is trial 221 with value: 0.18127560681960625.
[I 2025-03-12 12:10:25,369] Trial 222 finished with value: 0.1835463500462871 and parameters: {'learning_rate': 0.019660446814102187, 'depth': 11, 'l2_leaf_reg': 1.3236864961407582, 'min_child_samples': 16}. Best is trial 221 with value: 0.18127560681960625.
[I 2025-03-12 12:10:31,282] Trial 223 finished with value: 0.18349312192575898 and parameters: {'learning_rate': 0.019277239327574597, 'depth': 11, 'l2_leaf_reg': 1.2342677863182188, 'min_child_samples': 16}. Best is trial 221 with value: 0.18127560681960625.
[I 2025-03-12 12:10:37,114] Trial 224 finished with value: 0.18263695478480768 and parameters: {'learning_rate': 0.01999839037048557, 'depth': 11, 'l2_leaf_reg': 0.47073150269075414, 'min_child_samples': 16}. Best is trial 221 with value: 0.18127560681960625.
[I 2025-03-12 12:10:42,289] Trial 225 finished with value: 0.20586623000368884 and parameters: {'learning_rate': 0.007618326275018848, 'depth': 10, 'l2_leaf_reg': 1.4723447530083846, 'min_child_samples': 16}. Best is trial 221 with value: 0.18127560681960625.
[I 2025-03-12 12:10:48,098] Trial 226 finished with value: 0.18234655518531936 and parameters: {'learning_rate': 0.01955211605312347, 'depth': 11, 'l2_leaf_reg': 1.5727470361004545, 'min_child_samples': 1}. Best is trial 221 with value: 0.18127560681960625.
[I 2025-03-12 12:10:55,234] Trial 227 finished with value: 0.18835034251430252 and parameters: {'learning_rate': 0.018924661043332142, 'depth': 12, 'l2_leaf_reg': 1.588293969948368, 'min_child_samples': 1}. Best is trial 221 with value: 0.18127560681960625.
[I 2025-03-12 12:11:01,314] Trial 228 finished with value: 0.18371016689194336 and parameters: {'learning_rate': 0.019319145630242864, 'depth': 11, 'l2_leaf_reg': 1.5347901400036648, 'min_child_samples': 32}. Best is trial 221 with value: 0.18127560681960625.
[I 2025-03-12 12:11:06,412] Trial 229 finished with value: 0.18528606349064625 and parameters: {'learning_rate': 0.019586424082782192, 'depth': 10, 'l2_leaf_reg': 1.6278281394914278, 'min_child_samples': 1}. Best is trial 221 with value: 0.18127560681960625.
[I 2025-03-12 12:11:12,352] Trial 230 finished with value: 0.18481408637005958 and parameters: {'learning_rate': 0.018754813316104554, 'depth': 11, 'l2_leaf_reg': 1.6874698074389185, 'min_child_samples': 1}. Best is trial 221 with value: 0.18127560681960625.
[I 2025-03-12 12:11:18,633] Trial 231 finished with value: 0.18333504851700202 and parameters: {'learning_rate': 0.019645946020811503, 'depth': 11, 'l2_leaf_reg': 1.4273588440296692, 'min_child_samples': 1}. Best is trial 221 with value: 0.18127560681960625.
[I 2025-03-12 12:11:24,580] Trial 232 finished with value: 0.1848886842220384 and parameters: {'learning_rate': 0.019310475516366183, 'depth': 11, 'l2_leaf_reg': 1.2557048850879993, 'min_child_samples': 16}. Best is trial 221 with value: 0.18127560681960625.
[I 2025-03-12 12:11:30,454] Trial 233 finished with value: 0.18262896166646053 and parameters: {'learning_rate': 0.01999670133460485, 'depth': 11, 'l2_leaf_reg': 1.3755327515341191, 'min_child_samples': 16}. Best is trial 221 with value: 0.18127560681960625.
[I 2025-03-12 12:11:36,389] Trial 234 finished with value: 0.18296319183295495 and parameters: {'learning_rate': 0.019600395888749237, 'depth': 11, 'l2_leaf_reg': 1.4879134482190528, 'min_child_samples': 16}. Best is trial 221 with value: 0.18127560681960625.
[I 2025-03-12 12:11:43,420] Trial 235 finished with value: 0.18632565881359558 and parameters: {'learning_rate': 0.019056050963142248, 'depth': 12, 'l2_leaf_reg': 1.1527377799560505, 'min_child_samples': 16}. Best is trial 221 with value: 0.18127560681960625.
[I 2025-03-12 12:11:49,336] Trial 236 finished with value: 0.18328888979190378 and parameters: {'learning_rate': 0.019520570531004065, 'depth': 11, 'l2_leaf_reg': 1.5413912765903832, 'min_child_samples': 16}. Best is trial 221 with value: 0.18127560681960625.
[I 2025-03-12 12:11:55,130] Trial 237 finished with value: 0.1833350273277474 and parameters: {'learning_rate': 0.019128671320333843, 'depth': 11, 'l2_leaf_reg': 1.7338435496976572, 'min_child_samples': 16}. Best is trial 221 with value: 0.18127560681960625.
[I 2025-03-12 12:12:00,282] Trial 238 finished with value: 0.18648879657244452 and parameters: {'learning_rate': 0.019590854529493426, 'depth': 10, 'l2_leaf_reg': 1.3353392360355316, 'min_child_samples': 16}. Best is trial 221 with value: 0.18127560681960625.
[I 2025-03-12 12:12:29,542] Trial 239 finished with value: 0.23240250260735512 and parameters: {'learning_rate': 0.018557122405094537, 'depth': 15, 'l2_leaf_reg': 1.4099303030489936, 'min_child_samples': 1}. Best is trial 221 with value: 0.18127560681960625.
[I 2025-03-12 12:12:34,943] Trial 240 finished with value: 0.18212042719261062 and parameters: {'learning_rate': 0.018971906842912764, 'depth': 11, 'l2_leaf_reg': 1.2247401313781974, 'min_child_samples': 16}. Best is trial 221 with value: 0.18127560681960625.
[I 2025-03-12 12:12:40,786] Trial 241 finished with value: 0.18372844395374144 and parameters: {'learning_rate': 0.019079402416491704, 'depth': 11, 'l2_leaf_reg': 1.231022979706047, 'min_child_samples': 16}. Best is trial 221 with value: 0.18127560681960625.
[I 2025-03-12 12:12:46,719] Trial 242 finished with value: 0.1822683047287234 and parameters: {'learning_rate': 0.01998387071652268, 'depth': 11, 'l2_leaf_reg': 0.28050989858819086, 'min_child_samples': 16}. Best is trial 221 with value: 0.18127560681960625.
[I 2025-03-12 12:12:52,420] Trial 243 finished with value: 0.182877183472283 and parameters: {'learning_rate': 0.019748333303485337, 'depth': 11, 'l2_leaf_reg': 0.26406194478455314, 'min_child_samples': 16}. Best is trial 221 with value: 0.18127560681960625.
[I 2025-03-12 12:12:58,471] Trial 244 finished with value: 0.18290104965699136 and parameters: {'learning_rate': 0.019293103621314502, 'depth': 11, 'l2_leaf_reg': 0.3462477269926243, 'min_child_samples': 16}. Best is trial 221 with value: 0.18127560681960625.
[I 2025-03-12 12:13:04,127] Trial 245 finished with value: 0.1846686023236105 and parameters: {'learning_rate': 0.018768493729498976, 'depth': 11, 'l2_leaf_reg': 0.441163762991003, 'min_child_samples': 16}. Best is trial 221 with value: 0.18127560681960625.
[I 2025-03-12 12:13:10,063] Trial 246 finished with value: 0.18272658768293873 and parameters: {'learning_rate': 0.019944234736754, 'depth': 11, 'l2_leaf_reg': 0.2812883683051113, 'min_child_samples': 32}. Best is trial 221 with value: 0.18127560681960625.
[I 2025-03-12 12:13:17,311] Trial 247 finished with value: 0.18651321971998838 and parameters: {'learning_rate': 0.01835740627912196, 'depth': 12, 'l2_leaf_reg': 0.5290433467515814, 'min_child_samples': 16}. Best is trial 221 with value: 0.18127560681960625.
[I 2025-03-12 12:13:22,242] Trial 248 finished with value: 0.18489859861743538 and parameters: {'learning_rate': 0.019280609927948226, 'depth': 10, 'l2_leaf_reg': 0.39938423632906495, 'min_child_samples': 16}. Best is trial 221 with value: 0.18127560681960625.
[I 2025-03-12 12:13:28,345] Trial 249 finished with value: 0.18138635781375084 and parameters: {'learning_rate': 0.019990336766724445, 'depth': 11, 'l2_leaf_reg': 0.16372805241140698, 'min_child_samples': 16}. Best is trial 221 with value: 0.18127560681960625.
[I 2025-03-12 12:13:34,094] Trial 250 finished with value: 0.18243370583218466 and parameters: {'learning_rate': 0.01999900551498636, 'depth': 11, 'l2_leaf_reg': 0.15856217702044575, 'min_child_samples': 16}. Best is trial 221 with value: 0.18127560681960625.
[I 2025-03-12 12:13:39,819] Trial 251 finished with value: 0.18354810910588085 and parameters: {'learning_rate': 0.019983399522072773, 'depth': 11, 'l2_leaf_reg': 0.17487278346156218, 'min_child_samples': 16}. Best is trial 221 with value: 0.18127560681960625.
[I 2025-03-12 12:13:46,153] Trial 252 finished with value: 0.18181594923757985 and parameters: {'learning_rate': 0.018901487209947446, 'depth': 11, 'l2_leaf_reg': 0.10867499861204359, 'min_child_samples': 16}. Best is trial 221 with value: 0.18127560681960625.
[I 2025-03-12 12:13:53,740] Trial 253 finished with value: 0.1877960463904351 and parameters: {'learning_rate': 0.018102311406572376, 'depth': 12, 'l2_leaf_reg': 0.12642342004935417, 'min_child_samples': 16}. Best is trial 221 with value: 0.18127560681960625.
[I 2025-03-12 12:13:59,482] Trial 254 finished with value: 0.1837861245601984 and parameters: {'learning_rate': 0.018793474350553542, 'depth': 11, 'l2_leaf_reg': 0.028821373313422743, 'min_child_samples': 16}. Best is trial 221 with value: 0.18127560681960625.
[I 2025-03-12 12:14:04,858] Trial 255 finished with value: 0.18463606607297606 and parameters: {'learning_rate': 0.01997715887611005, 'depth': 10, 'l2_leaf_reg': 0.2268127603461332, 'min_child_samples': 16}. Best is trial 221 with value: 0.18127560681960625.
[I 2025-03-12 12:14:10,865] Trial 256 finished with value: 0.18346165284756372 and parameters: {'learning_rate': 0.019097832821854288, 'depth': 11, 'l2_leaf_reg': 0.1359360895048846, 'min_child_samples': 32}. Best is trial 221 with value: 0.18127560681960625.
[I 2025-03-12 12:14:18,260] Trial 257 finished with value: 0.1865356636877747 and parameters: {'learning_rate': 0.019993940954428992, 'depth': 12, 'l2_leaf_reg': 0.1649425493421216, 'min_child_samples': 1}. Best is trial 221 with value: 0.18127560681960625.
[I 2025-03-12 12:14:22,836] Trial 258 finished with value: 0.19512332017597814 and parameters: {'learning_rate': 0.00978187537125759, 'depth': 10, 'l2_leaf_reg': 0.07588027230733656, 'min_child_samples': 16}. Best is trial 221 with value: 0.18127560681960625.
[I 2025-03-12 12:14:28,786] Trial 259 finished with value: 0.1832958550179468 and parameters: {'learning_rate': 0.018639619131598086, 'depth': 11, 'l2_leaf_reg': 0.10965004305202519, 'min_child_samples': 16}. Best is trial 221 with value: 0.18127560681960625.
[I 2025-03-12 12:14:34,814] Trial 260 finished with value: 0.1841066189331695 and parameters: {'learning_rate': 0.01927897826461675, 'depth': 11, 'l2_leaf_reg': 0.07228137834319179, 'min_child_samples': 16}. Best is trial 221 with value: 0.18127560681960625.
[I 2025-03-12 12:14:40,643] Trial 261 finished with value: 0.18380284632682373 and parameters: {'learning_rate': 0.01889789157328758, 'depth': 11, 'l2_leaf_reg': 0.1575986362564139, 'min_child_samples': 16}. Best is trial 221 with value: 0.18127560681960625.
[I 2025-03-12 12:14:46,581] Trial 262 finished with value: 0.18266561124699263 and parameters: {'learning_rate': 0.01953370959530701, 'depth': 11, 'l2_leaf_reg': 0.19475554197547246, 'min_child_samples': 16}. Best is trial 221 with value: 0.18127560681960625.
[I 2025-03-12 12:14:51,532] Trial 263 finished with value: 0.19065434450636556 and parameters: {'learning_rate': 0.012770560368465404, 'depth': 10, 'l2_leaf_reg': 1.6343699295566942, 'min_child_samples': 16}. Best is trial 221 with value: 0.18127560681960625.
[I 2025-03-12 12:14:58,684] Trial 264 finished with value: 0.18594897806753308 and parameters: {'learning_rate': 0.018226003717339127, 'depth': 12, 'l2_leaf_reg': 0.03112878509062142, 'min_child_samples': 16}. Best is trial 221 with value: 0.18127560681960625.
[I 2025-03-12 12:15:04,461] Trial 265 finished with value: 0.1830907568876209 and parameters: {'learning_rate': 0.01928281893333501, 'depth': 11, 'l2_leaf_reg': 0.7714041787633408, 'min_child_samples': 16}. Best is trial 221 with value: 0.18127560681960625.
[I 2025-03-12 12:15:11,902] Trial 266 finished with value: 0.19062122263361084 and parameters: {'learning_rate': 0.01218692185068735, 'depth': 12, 'l2_leaf_reg': 1.485297412523134, 'min_child_samples': 16}. Best is trial 221 with value: 0.18127560681960625.
[I 2025-03-12 12:15:17,763] Trial 267 finished with value: 0.18362628489368338 and parameters: {'learning_rate': 0.01963102944667637, 'depth': 11, 'l2_leaf_reg': 1.5609928296358075, 'min_child_samples': 32}. Best is trial 221 with value: 0.18127560681960625.
