[I 2025-03-09 16:45:37,471] Trial 432 finished with value: 2.003859312690442 and parameters: {'learning_rate': 0.016084871138585297, 'depth': 10, 'l2_leaf_reg': 0.09798732214404465, 'min_child_samples': 4}. Best is trial 343 with value: 1.9983458979079192.
[I 2025-03-09 16:45:39,853] Trial 433 finished with value: 2.012917709136948 and parameters: {'learning_rate': 0.018058652555735286, 'depth': 11, 'l2_leaf_reg': 0.17356545147803212, 'min_child_samples': 4}. Best is trial 343 with value: 1.9983458979079192.
[I 2025-03-09 16:45:41,755] Trial 434 finished with value: 2.008099788494962 and parameters: {'learning_rate': 0.016560549530526433, 'depth': 10, 'l2_leaf_reg': 0.32447515023974755, 'min_child_samples': 4}. Best is trial 343 with value: 1.9983458979079192.
[I 2025-03-09 16:45:54,251] Trial 435 finished with value: 2.026827279496626 and parameters: {'learning_rate': 0.01757476978481664, 'depth': 15, 'l2_leaf_reg': 1.483856207518882, 'min_child_samples': 4}. Best is trial 343 with value: 1.9983458979079192.
[I 2025-03-09 16:45:56,176] Trial 436 finished with value: 2.005166634839359 and parameters: {'learning_rate': 0.016219340350567046, 'depth': 10, 'l2_leaf_reg': 0.0636002222871803, 'min_child_samples': 4}. Best is trial 343 with value: 1.9983458979079192.
[I 2025-03-09 16:45:58,092] Trial 437 finished with value: 2.0060487748921534 and parameters: {'learning_rate': 0.01678128034333937, 'depth': 10, 'l2_leaf_reg': 0.12111933083501199, 'min_child_samples': 4}. Best is trial 343 with value: 1.9983458979079192.
[I 2025-03-09 16:46:00,447] Trial 438 finished with value: 2.0089550107893017 and parameters: {'learning_rate': 0.019198678734773152, 'depth': 11, 'l2_leaf_reg': 0.6695691891378607, 'min_child_samples': 16}. Best is trial 343 with value: 1.9983458979079192.
[I 2025-03-09 16:46:02,105] Trial 439 finished with value: 2.010460332641963 and parameters: {'learning_rate': 0.01581122827828272, 'depth': 9, 'l2_leaf_reg': 0.18802979364847702, 'min_child_samples': 4}. Best is trial 343 with value: 1.9983458979079192.
[I 2025-03-09 16:46:04,464] Trial 440 finished with value: 2.003996103864307 and parameters: {'learning_rate': 0.017223573786060344, 'depth': 11, 'l2_leaf_reg': 2.5831539347479726, 'min_child_samples': 8}. Best is trial 343 with value: 1.9983458979079192.
[I 2025-03-09 16:46:06,519] Trial 441 finished with value: 2.0011577682206974 and parameters: {'learning_rate': 0.015375136263418996, 'depth': 10, 'l2_leaf_reg': 0.00588014889474002, 'min_child_samples': 4}. Best is trial 343 with value: 1.9983458979079192.
[I 2025-03-09 16:46:08,521] Trial 442 finished with value: 2.004516611915912 and parameters: {'learning_rate': 0.016413561226311657, 'depth': 10, 'l2_leaf_reg': 0.2615882515695232, 'min_child_samples': 4}. Best is trial 343 with value: 1.9983458979079192.
[I 2025-03-09 16:46:11,121] Trial 443 finished with value: 2.0028217044840013 and parameters: {'learning_rate': 0.018285519047011558, 'depth': 11, 'l2_leaf_reg': 0.06282380433211243, 'min_child_samples': 16}. Best is trial 343 with value: 1.9983458979079192.
[I 2025-03-09 16:46:12,632] Trial 444 finished with value: 2.0081316010678867 and parameters: {'learning_rate': 0.017743909779042166, 'depth': 9, 'l2_leaf_reg': 0.43183013258521163, 'min_child_samples': 4}. Best is trial 343 with value: 1.9983458979079192.
[I 2025-03-09 16:46:14,704] Trial 445 finished with value: 2.0048722416531337 and parameters: {'learning_rate': 0.016880767329049688, 'depth': 10, 'l2_leaf_reg': 0.36241031462865947, 'min_child_samples': 4}. Best is trial 343 with value: 1.9983458979079192.
[I 2025-03-09 16:46:16,702] Trial 446 finished with value: 2.0093563621642203 and parameters: {'learning_rate': 0.017275792595512943, 'depth': 10, 'l2_leaf_reg': 0.14378202453670083, 'min_child_samples': 4}. Best is trial 343 with value: 1.9983458979079192.
[I 2025-03-09 16:46:19,135] Trial 447 finished with value: 2.0039931281465146 and parameters: {'learning_rate': 0.01871144037339775, 'depth': 11, 'l2_leaf_reg': 2.8788527111372013, 'min_child_samples': 4}. Best is trial 343 with value: 1.9983458979079192.
[I 2025-03-09 16:46:22,178] Trial 448 finished with value: 2.0113851919806587 and parameters: {'learning_rate': 0.01587394540163444, 'depth': 12, 'l2_leaf_reg': 0.22046024831783312, 'min_child_samples': 16}. Best is trial 343 with value: 1.9983458979079192.
[I 2025-03-09 16:46:24,393] Trial 449 finished with value: 2.0029012533447395 and parameters: {'learning_rate': 0.01671301912179998, 'depth': 11, 'l2_leaf_reg': 0.10710032693387254, 'min_child_samples': 4}. Best is trial 343 with value: 1.9983458979079192.
[I 2025-03-09 16:46:26,378] Trial 450 finished with value: 2.0016677877975737 and parameters: {'learning_rate': 0.016063927667568027, 'depth': 10, 'l2_leaf_reg': 0.5949983579338206, 'min_child_samples': 4}. Best is trial 343 with value: 1.9983458979079192.
[I 2025-03-09 16:46:28,310] Trial 451 finished with value: 2.0038711496310317 and parameters: {'learning_rate': 0.017517279569757797, 'depth': 10, 'l2_leaf_reg': 0.31458903884578016, 'min_child_samples': 4}. Best is trial 343 with value: 1.9983458979079192.
[I 2025-03-09 16:46:30,121] Trial 452 finished with value: 2.006262648965555 and parameters: {'learning_rate': 0.016265905882882008, 'depth': 9, 'l2_leaf_reg': 0.2257339372817737, 'min_child_samples': 4}. Best is trial 343 with value: 1.9983458979079192.
[I 2025-03-09 16:46:33,235] Trial 453 finished with value: 2.0084070456829664 and parameters: {'learning_rate': 0.009191534685827778, 'depth': 11, 'l2_leaf_reg': 1.2293751957632137, 'min_child_samples': 16}. Best is trial 343 with value: 1.9983458979079192.
[I 2025-03-09 16:46:35,011] Trial 454 finished with value: 2.0037307438039886 and parameters: {'learning_rate': 0.015465817350209271, 'depth': 10, 'l2_leaf_reg': 0.05029420480249465, 'min_child_samples': 4}. Best is trial 343 with value: 1.9983458979079192.
[I 2025-03-09 16:46:37,350] Trial 455 finished with value: 2.0056806629549673 and parameters: {'learning_rate': 0.016576983570172482, 'depth': 11, 'l2_leaf_reg': 0.14843900352890088, 'min_child_samples': 32}. Best is trial 343 with value: 1.9983458979079192.
[I 2025-03-09 16:46:39,865] Trial 456 finished with value: 2.0962683299320735 and parameters: {'learning_rate': 0.0010661615595722543, 'depth': 10, 'l2_leaf_reg': 0.2796714179321633, 'min_child_samples': 4}. Best is trial 343 with value: 1.9983458979079192.
[I 2025-03-09 16:46:41,683] Trial 457 finished with value: 2.0031633546773437 and parameters: {'learning_rate': 0.017086060340167377, 'depth': 10, 'l2_leaf_reg': 0.4848355194670302, 'min_child_samples': 4}. Best is trial 343 with value: 1.9983458979079192.
[I 2025-03-09 16:46:44,087] Trial 458 finished with value: 2.0109052077306373 and parameters: {'learning_rate': 0.01802145728575848, 'depth': 11, 'l2_leaf_reg': 0.008814961131421498, 'min_child_samples': 4}. Best is trial 343 with value: 1.9983458979079192.
[I 2025-03-09 16:46:45,956] Trial 459 finished with value: 2.0049297198989438 and parameters: {'learning_rate': 0.017013434471738975, 'depth': 10, 'l2_leaf_reg': 0.08496853421666503, 'min_child_samples': 16}. Best is trial 343 with value: 1.9983458979079192.
[I 2025-03-09 16:46:48,341] Trial 460 finished with value: 2.0056793330126865 and parameters: {'learning_rate': 0.016578168631513374, 'depth': 11, 'l2_leaf_reg': 0.19055826768347575, 'min_child_samples': 4}. Best is trial 343 with value: 1.9983458979079192.
[I 2025-03-09 16:46:49,946] Trial 461 finished with value: 2.011692057630545 and parameters: {'learning_rate': 0.015744860832654438, 'depth': 9, 'l2_leaf_reg': 0.1497927695874142, 'min_child_samples': 4}. Best is trial 343 with value: 1.9983458979079192.
[I 2025-03-09 16:46:52,993] Trial 462 finished with value: 2.008387263947903 and parameters: {'learning_rate': 0.017654080687190862, 'depth': 12, 'l2_leaf_reg': 0.36008508764576674, 'min_child_samples': 4}. Best is trial 343 with value: 1.9983458979079192.
[I 2025-03-09 16:46:54,928] Trial 463 finished with value: 2.0051667714610657 and parameters: {'learning_rate': 0.01622104054272231, 'depth': 10, 'l2_leaf_reg': 0.0015918435118428553, 'min_child_samples': 4}. Best is trial 343 with value: 1.9983458979079192.
[I 2025-03-09 16:46:57,194] Trial 464 finished with value: 2.0044502227328573 and parameters: {'learning_rate': 0.017282420587795895, 'depth': 10, 'l2_leaf_reg': 1.0473685270358235, 'min_child_samples': 16}. Best is trial 343 with value: 1.9983458979079192.
[I 2025-03-09 16:46:59,619] Trial 465 finished with value: 2.0029771082142984 and parameters: {'learning_rate': 0.016804486417600864, 'depth': 11, 'l2_leaf_reg': 0.5299508911087432, 'min_child_samples': 8}. Best is trial 343 with value: 1.9983458979079192.
[I 2025-03-09 16:47:01,442] Trial 466 finished with value: 2.0073270979431657 and parameters: {'learning_rate': 0.018267172804248326, 'depth': 10, 'l2_leaf_reg': 0.24571865189667608, 'min_child_samples': 4}. Best is trial 343 with value: 1.9983458979079192.
[I 2025-03-09 16:47:03,110] Trial 467 finished with value: 2.0112830574594613 and parameters: {'learning_rate': 0.01632263328550383, 'depth': 9, 'l2_leaf_reg': 0.0897020882220983, 'min_child_samples': 4}. Best is trial 343 with value: 1.9983458979079192.
[I 2025-03-09 16:47:05,590] Trial 468 finished with value: 2.005986229987319 and parameters: {'learning_rate': 0.015170617127928585, 'depth': 11, 'l2_leaf_reg': 0.19014494555798475, 'min_child_samples': 4}. Best is trial 343 with value: 1.9983458979079192.
[I 2025-03-09 16:47:08,747] Trial 469 finished with value: 2.0061276003577477 and parameters: {'learning_rate': 0.015779740484076356, 'depth': 12, 'l2_leaf_reg': 0.10871523228394486, 'min_child_samples': 4}. Best is trial 343 with value: 1.9983458979079192.
[I 2025-03-09 16:47:10,677] Trial 470 finished with value: 2.004709482274669 and parameters: {'learning_rate': 0.01713528541452099, 'depth': 10, 'l2_leaf_reg': 0.2851722859952099, 'min_child_samples': 4}. Best is trial 343 with value: 1.9983458979079192.
[I 2025-03-09 16:47:13,079] Trial 471 finished with value: 2.0057420289713597 and parameters: {'learning_rate': 0.01778696984882325, 'depth': 11, 'l2_leaf_reg': 0.4279473858339371, 'min_child_samples': 16}. Best is trial 343 with value: 1.9983458979079192.
[I 2025-03-09 16:47:15,126] Trial 472 finished with value: 2.0027403380957374 and parameters: {'learning_rate': 0.016643642850285974, 'depth': 10, 'l2_leaf_reg': 0.15256533207594278, 'min_child_samples': 4}. Best is trial 343 with value: 1.9983458979079192.
[I 2025-03-09 16:47:16,993] Trial 473 finished with value: 2.002918632138355 and parameters: {'learning_rate': 0.018845488058339535, 'depth': 9, 'l2_leaf_reg': 0.0534423924338891, 'min_child_samples': 4}. Best is trial 343 with value: 1.9983458979079192.
[I 2025-03-09 16:47:19,052] Trial 474 finished with value: 2.0034944502258685 and parameters: {'learning_rate': 0.01605842750915815, 'depth': 10, 'l2_leaf_reg': 2.0855343300433122, 'min_child_samples': 4}. Best is trial 343 with value: 1.9983458979079192.
[I 2025-03-09 16:47:21,342] Trial 475 finished with value: 2.006484317957638 and parameters: {'learning_rate': 0.017501080358933056, 'depth': 11, 'l2_leaf_reg': 0.25728038589261365, 'min_child_samples': 4}. Best is trial 343 with value: 1.9983458979079192.
[I 2025-03-09 16:47:23,370] Trial 476 finished with value: 1.9993569390900612 and parameters: {'learning_rate': 0.016441351974038475, 'depth': 10, 'l2_leaf_reg': 0.1946454897706278, 'min_child_samples': 16}. Best is trial 343 with value: 1.9983458979079192.
[I 2025-03-09 16:47:25,785] Trial 477 finished with value: 2.0048688509417047 and parameters: {'learning_rate': 0.016895061572303742, 'depth': 11, 'l2_leaf_reg': 0.21645050752921996, 'min_child_samples': 4}. Best is trial 343 with value: 1.9983458979079192.
[I 2025-03-09 16:47:27,846] Trial 478 finished with value: 2.0092369916477826 and parameters: {'learning_rate': 0.01727315336620627, 'depth': 10, 'l2_leaf_reg': 0.16511966121660604, 'min_child_samples': 4}. Best is trial 343 with value: 1.9983458979079192.
[I 2025-03-09 16:47:29,205] Trial 479 finished with value: 2.007870701267211 and parameters: {'learning_rate': 0.016566498688574995, 'depth': 8, 'l2_leaf_reg': 0.11028903170018142, 'min_child_samples': 32}. Best is trial 343 with value: 1.9983458979079192.
[I 2025-03-09 16:47:31,506] Trial 480 finished with value: 2.003081732316323 and parameters: {'learning_rate': 0.006351416479604694, 'depth': 10, 'l2_leaf_reg': 0.21635842051876042, 'min_child_samples': 4}. Best is trial 343 with value: 1.9983458979079192.
[I 2025-03-09 16:47:33,823] Trial 481 finished with value: 2.002598161685441 and parameters: {'learning_rate': 0.01796952225122825, 'depth': 11, 'l2_leaf_reg': 0.04973154656183963, 'min_child_samples': 16}. Best is trial 343 with value: 1.9983458979079192.
[I 2025-03-09 16:47:35,791] Trial 482 finished with value: 2.004669269608354 and parameters: {'learning_rate': 0.01550648991655984, 'depth': 9, 'l2_leaf_reg': 0.3071043681402019, 'min_child_samples': 4}. Best is trial 343 with value: 1.9983458979079192.
[I 2025-03-09 16:47:36,984] Trial 483 finished with value: 2.057071827088177 and parameters: {'learning_rate': 0.01693219793774085, 'depth': 2, 'l2_leaf_reg': 0.15162400005670593, 'min_child_samples': 4}. Best is trial 343 with value: 1.9983458979079192.
[I 2025-03-09 16:47:38,843] Trial 484 finished with value: 2.0075874318337035 and parameters: {'learning_rate': 0.018405641491844836, 'depth': 10, 'l2_leaf_reg': 0.22936190905151446, 'min_child_samples': 4}. Best is trial 343 with value: 1.9983458979079192.
[I 2025-03-09 16:47:41,257] Trial 485 finished with value: 2.0078233063310194 and parameters: {'learning_rate': 0.01635672311748074, 'depth': 11, 'l2_leaf_reg': 0.09774784007016206, 'min_child_samples': 4}. Best is trial 343 with value: 1.9983458979079192.
[I 2025-03-09 16:47:43,141] Trial 486 finished with value: 2.0036193253184353 and parameters: {'learning_rate': 0.017548513631809905, 'depth': 10, 'l2_leaf_reg': 0.004251647724303559, 'min_child_samples': 16}. Best is trial 343 with value: 1.9983458979079192.
[I 2025-03-09 16:47:45,566] Trial 487 finished with value: 2.002778911762545 and parameters: {'learning_rate': 0.015926909900372595, 'depth': 11, 'l2_leaf_reg': 0.17727719855582783, 'min_child_samples': 4}. Best is trial 343 with value: 1.9983458979079192.
[I 2025-03-09 16:47:47,517] Trial 488 finished with value: 2.004114435528305 and parameters: {'learning_rate': 0.016673633385466593, 'depth': 10, 'l2_leaf_reg': 1.6788469680491263, 'min_child_samples': 4}. Best is trial 343 with value: 1.9983458979079192.
[I 2025-03-09 16:47:49,241] Trial 489 finished with value: 2.0123429782054636 and parameters: {'learning_rate': 0.015088282025019236, 'depth': 9, 'l2_leaf_reg': 0.2804945626955449, 'min_child_samples': 4}. Best is trial 343 with value: 1.9983458979079192.
[I 2025-03-09 16:47:51,935] Trial 490 finished with value: 2.014433112400942 and parameters: {'learning_rate': 0.01712145734295554, 'depth': 12, 'l2_leaf_reg': 0.11152175270315927, 'min_child_samples': 8}. Best is trial 343 with value: 1.9983458979079192.
[I 2025-03-09 16:47:53,882] Trial 491 finished with value: 2.005165140370719 and parameters: {'learning_rate': 0.01621720914407687, 'depth': 10, 'l2_leaf_reg': 0.21443287009774614, 'min_child_samples': 4}. Best is trial 343 with value: 1.9983458979079192.
[I 2025-03-09 16:47:56,351] Trial 492 finished with value: 2.007650907853702 and parameters: {'learning_rate': 0.015704569388997787, 'depth': 11, 'l2_leaf_reg': 2.7388882260395984, 'min_child_samples': 1}. Best is trial 343 with value: 1.9983458979079192.
[I 2025-03-09 16:47:58,311] Trial 493 finished with value: 2.001706794677624 and parameters: {'learning_rate': 0.017733352177041358, 'depth': 10, 'l2_leaf_reg': 0.33909072739261115, 'min_child_samples': 16}. Best is trial 343 with value: 1.9983458979079192.
[I 2025-03-09 16:48:00,738] Trial 494 finished with value: 2.002880149801725 and parameters: {'learning_rate': 0.017339003513250944, 'depth': 11, 'l2_leaf_reg': 0.1443217309015525, 'min_child_samples': 4}. Best is trial 343 with value: 1.9983458979079192.
[I 2025-03-09 16:48:02,726] Trial 495 finished with value: 2.0030057094610654 and parameters: {'learning_rate': 0.016590501911666874, 'depth': 10, 'l2_leaf_reg': 0.054458198953221376, 'min_child_samples': 4}. Best is trial 343 with value: 1.9983458979079192.
[I 2025-03-09 16:48:05,908] Trial 496 finished with value: 2.0062895867872346 and parameters: {'learning_rate': 0.01681730302925518, 'depth': 12, 'l2_leaf_reg': 0.27541862498591146, 'min_child_samples': 4}. Best is trial 343 with value: 1.9983458979079192.
[I 2025-03-09 16:48:07,526] Trial 497 finished with value: 2.004816804852032 and parameters: {'learning_rate': 0.01809460433659224, 'depth': 9, 'l2_leaf_reg': 0.06920157533181216, 'min_child_samples': 4}. Best is trial 343 with value: 1.9983458979079192.
[I 2025-03-09 16:48:09,675] Trial 498 finished with value: 1.9993644452574428 and parameters: {'learning_rate': 0.01605991312749158, 'depth': 10, 'l2_leaf_reg': 0.20062960022301407, 'min_child_samples': 16}. Best is trial 343 with value: 1.9983458979079192.
[I 2025-03-09 16:48:11,867] Trial 499 finished with value: 2.002387278825267 and parameters: {'learning_rate': 0.01599563385454103, 'depth': 10, 'l2_leaf_reg': 0.2239795837302691, 'min_child_samples': 4}. Best is trial 343 with value: 1.9983458979079192.
2025-03-09 16:48:11,867 - __main__ - INFO - Best RMSE: 1.9983
2025-03-09 16:48:11,867 - __main__ - INFO - Best parameters: {'learning_rate': 0.015756235415871032, 'depth': 10, 'l2_leaf_reg': 0.0002475034126976977, 'min_child_samples': 4}
2025-03-09 16:48:11,867 - __main__ - INFO - Starting c_std_z optimization...
2025-03-09 16:48:11,869 - __main__ - INFO - Starting hyperparameter optimization for c_std_z
[I 2025-03-09 16:48:11,869] A new study created in memory with name: catboost-c_std_z-seed42
[I 2025-03-09 16:48:13,134] Trial 0 finished with value: 0.36071844711345386 and parameters: {'learning_rate': 0.01503193010085735, 'depth': 3, 'l2_leaf_reg': 1.7960763881344952, 'min_child_samples': 4}. Best is trial 0 with value: 0.36071844711345386.
[I 2025-03-09 16:48:14,764] Trial 1 finished with value: 0.3253637519341894 and parameters: {'learning_rate': 0.010174127735580301, 'depth': 5, 'l2_leaf_reg': 0.4213316923423317, 'min_child_samples': 1}. Best is trial 1 with value: 0.3253637519341894.
[I 2025-03-09 16:48:16,202] Trial 2 finished with value: 0.36166434449011414 and parameters: {'learning_rate': 0.008041114971578096, 'depth': 5, 'l2_leaf_reg': 2.4777361612243243, 'min_child_samples': 1}. Best is trial 1 with value: 0.3253637519341894.
[I 2025-03-09 16:48:17,829] Trial 3 finished with value: 0.8426637281558411 and parameters: {'learning_rate': 0.0006196419063689324, 'depth': 6, 'l2_leaf_reg': 2.8513448349941135, 'min_child_samples': 32}. Best is trial 1 with value: 0.3253637519341894.
[I 2025-03-09 16:48:20,876] Trial 4 finished with value: 0.1935098616298654 and parameters: {'learning_rate': 0.015559555384291494, 'depth': 11, 'l2_leaf_reg': 1.787004667419453, 'min_child_samples': 1}. Best is trial 4 with value: 0.1935098616298654.
[I 2025-03-09 16:48:23,304] Trial 5 finished with value: 0.5012298811378417 and parameters: {'learning_rate': 0.002850629716717194, 'depth': 10, 'l2_leaf_reg': 2.5849146494939257, 'min_child_samples': 16}. Best is trial 4 with value: 0.1935098616298654.
[I 2025-03-09 16:48:41,142] Trial 6 finished with value: 0.23465859959870744 and parameters: {'learning_rate': 0.017897274024784953, 'depth': 15, 'l2_leaf_reg': 2.872288505736211, 'min_child_samples': 32}. Best is trial 4 with value: 0.1935098616298654.
[I 2025-03-09 16:48:42,298] Trial 7 finished with value: 0.45059881061637025 and parameters: {'learning_rate': 0.008331604760537474, 'depth': 3, 'l2_leaf_reg': 1.3151169134884915, 'min_child_samples': 16}. Best is trial 4 with value: 0.1935098616298654.
[I 2025-03-09 16:48:52,055] Trial 8 finished with value: 0.21297003780136037 and parameters: {'learning_rate': 0.015973911852912106, 'depth': 14, 'l2_leaf_reg': 2.880211865661514, 'min_child_samples': 16}. Best is trial 4 with value: 0.1935098616298654.
[I 2025-03-09 16:49:25,461] Trial 9 finished with value: 0.2653937095046656 and parameters: {'learning_rate': 0.018901866320663856, 'depth': 16, 'l2_leaf_reg': 0.5482052444788961, 'min_child_samples': 1}. Best is trial 4 with value: 0.1935098616298654.
[I 2025-03-09 16:49:27,986] Trial 10 finished with value: 0.19832571374972627 and parameters: {'learning_rate': 0.013428735060640195, 'depth': 11, 'l2_leaf_reg': 1.6978128022319183, 'min_child_samples': 8}. Best is trial 4 with value: 0.1935098616298654.
[I 2025-03-09 16:49:30,533] Trial 11 finished with value: 0.20655653501489046 and parameters: {'learning_rate': 0.012460128160186228, 'depth': 10, 'l2_leaf_reg': 1.6980080858674567, 'min_child_samples': 8}. Best is trial 4 with value: 0.1935098616298654.
[I 2025-03-09 16:49:34,600] Trial 12 finished with value: 0.20281404877735976 and parameters: {'learning_rate': 0.012514993470231897, 'depth': 12, 'l2_leaf_reg': 1.042298888270282, 'min_child_samples': 8}. Best is trial 4 with value: 0.1935098616298654.
[I 2025-03-09 16:49:36,294] Trial 13 finished with value: 0.2202843655018351 and parameters: {'learning_rate': 0.014030985542304225, 'depth': 8, 'l2_leaf_reg': 2.0664108868552473, 'min_child_samples': 8}. Best is trial 4 with value: 0.1935098616298654.
[I 2025-03-09 16:49:40,396] Trial 14 finished with value: 0.19068194301738559 and parameters: {'learning_rate': 0.019994284054600246, 'depth': 12, 'l2_leaf_reg': 1.0759911414198857, 'min_child_samples': 4}. Best is trial 14 with value: 0.19068194301738559.
