[I 2025-03-09 16:32:12,325] Trial 92 finished with value: 2.0039757433228176 and parameters: {'learning_rate': 0.01595965366005988, 'depth': 10, 'l2_leaf_reg': 0.4272189035833318, 'min_child_samples': 16}. Best is trial 72 with value: 2.0000467409652036.
[I 2025-03-09 16:32:14,261] Trial 93 finished with value: 2.0023141231094312 and parameters: {'learning_rate': 0.018485355132120643, 'depth': 10, 'l2_leaf_reg': 0.7563263473154855, 'min_child_samples': 16}. Best is trial 72 with value: 2.0000467409652036.
[I 2025-03-09 16:32:16,093] Trial 94 finished with value: 2.002304646538382 and parameters: {'learning_rate': 0.018493841301274492, 'depth': 10, 'l2_leaf_reg': 0.7809247190116821, 'min_child_samples': 16}. Best is trial 72 with value: 2.0000467409652036.
[I 2025-03-09 16:32:18,293] Trial 95 finished with value: 2.002776424733901 and parameters: {'learning_rate': 0.018395862626813968, 'depth': 11, 'l2_leaf_reg': 0.7042230185047159, 'min_child_samples': 16}. Best is trial 72 with value: 2.0000467409652036.
[I 2025-03-09 16:32:20,122] Trial 96 finished with value: 2.0078500118508766 and parameters: {'learning_rate': 0.019554054331139624, 'depth': 9, 'l2_leaf_reg': 0.8126156420918103, 'min_child_samples': 4}. Best is trial 72 with value: 2.0000467409652036.
[I 2025-03-09 16:32:21,373] Trial 97 finished with value: 2.056436739624044 and parameters: {'learning_rate': 0.01648097224977522, 'depth': 2, 'l2_leaf_reg': 0.771452992317571, 'min_child_samples': 16}. Best is trial 72 with value: 2.0000467409652036.
[I 2025-03-09 16:32:22,892] Trial 98 finished with value: 2.0068841974197387 and parameters: {'learning_rate': 0.014975555891203132, 'depth': 8, 'l2_leaf_reg': 0.6465387152977595, 'min_child_samples': 1}. Best is trial 72 with value: 2.0000467409652036.
[I 2025-03-09 16:32:25,637] Trial 99 finished with value: 2.015179460566695 and parameters: {'learning_rate': 0.01859612658587416, 'depth': 12, 'l2_leaf_reg': 0.9681151201022162, 'min_child_samples': 4}. Best is trial 72 with value: 2.0000467409652036.
[I 2025-03-09 16:32:27,324] Trial 100 finished with value: 2.0062417462514923 and parameters: {'learning_rate': 0.019733516018397297, 'depth': 10, 'l2_leaf_reg': 1.3187213714906219, 'min_child_samples': 8}. Best is trial 72 with value: 2.0000467409652036.
[I 2025-03-09 16:32:29,395] Trial 101 finished with value: 2.002269072702142 and parameters: {'learning_rate': 0.017821675305631873, 'depth': 10, 'l2_leaf_reg': 0.3624166572801867, 'min_child_samples': 16}. Best is trial 72 with value: 2.0000467409652036.
[I 2025-03-09 16:32:31,695] Trial 102 finished with value: 2.0057210769849596 and parameters: {'learning_rate': 0.017801428045953933, 'depth': 11, 'l2_leaf_reg': 1.1765024570585445, 'min_child_samples': 16}. Best is trial 72 with value: 2.0000467409652036.
[I 2025-03-09 16:32:33,923] Trial 103 finished with value: 2.0101392158314315 and parameters: {'learning_rate': 0.018944242078125857, 'depth': 11, 'l2_leaf_reg': 0.5049569755402338, 'min_child_samples': 16}. Best is trial 72 with value: 2.0000467409652036.
[I 2025-03-09 16:32:35,873] Trial 104 finished with value: 2.0034659102937575 and parameters: {'learning_rate': 0.018010579465895987, 'depth': 10, 'l2_leaf_reg': 0.59947784266638, 'min_child_samples': 16}. Best is trial 72 with value: 2.0000467409652036.
[I 2025-03-09 16:32:37,573] Trial 105 finished with value: 2.0090459265026674 and parameters: {'learning_rate': 0.015429620529526813, 'depth': 9, 'l2_leaf_reg': 0.32036836852169515, 'min_child_samples': 16}. Best is trial 72 with value: 2.0000467409652036.
[I 2025-03-09 16:32:39,579] Trial 106 finished with value: 2.0109618561160647 and parameters: {'learning_rate': 0.016992413599708062, 'depth': 10, 'l2_leaf_reg': 0.3896829791707195, 'min_child_samples': 4}. Best is trial 72 with value: 2.0000467409652036.
[I 2025-03-09 16:32:41,586] Trial 107 finished with value: 2.011165884761911 and parameters: {'learning_rate': 0.018525876100984863, 'depth': 11, 'l2_leaf_reg': 0.911637947683154, 'min_child_samples': 16}. Best is trial 72 with value: 2.0000467409652036.
[I 2025-03-09 16:32:43,690] Trial 108 finished with value: 2.0041765442919024 and parameters: {'learning_rate': 0.017235036539721072, 'depth': 10, 'l2_leaf_reg': 0.508416729491294, 'min_child_samples': 4}. Best is trial 72 with value: 2.0000467409652036.
[I 2025-03-09 16:32:46,890] Trial 109 finished with value: 2.0109792744247694 and parameters: {'learning_rate': 0.0165220384576362, 'depth': 12, 'l2_leaf_reg': 0.1655733782846075, 'min_child_samples': 16}. Best is trial 72 with value: 2.0000467409652036.
[I 2025-03-09 16:32:49,042] Trial 110 finished with value: 2.073922840644288 and parameters: {'learning_rate': 0.001588941366674007, 'depth': 9, 'l2_leaf_reg': 1.6234784858142324, 'min_child_samples': 4}. Best is trial 72 with value: 2.0000467409652036.
[I 2025-03-09 16:32:51,056] Trial 111 finished with value: 2.0014263409195916 and parameters: {'learning_rate': 0.01776507489149607, 'depth': 10, 'l2_leaf_reg': 0.06290213472446747, 'min_child_samples': 16}. Best is trial 72 with value: 2.0000467409652036.
[I 2025-03-09 16:32:53,484] Trial 112 finished with value: 2.0027864055971865 and parameters: {'learning_rate': 0.01592104885085371, 'depth': 11, 'l2_leaf_reg': 0.05254234112677573, 'min_child_samples': 16}. Best is trial 72 with value: 2.0000467409652036.
[I 2025-03-09 16:32:55,323] Trial 113 finished with value: 2.0065122437939973 and parameters: {'learning_rate': 0.019233560043862626, 'depth': 10, 'l2_leaf_reg': 1.4287982363730547, 'min_child_samples': 16}. Best is trial 72 with value: 2.0000467409652036.
[I 2025-03-09 16:32:57,247] Trial 114 finished with value: 2.0059061648773326 and parameters: {'learning_rate': 0.01787826151624016, 'depth': 10, 'l2_leaf_reg': 0.2677571958548619, 'min_child_samples': 16}. Best is trial 72 with value: 2.0000467409652036.
[I 2025-03-09 16:32:59,700] Trial 115 finished with value: 2.000356457613491 and parameters: {'learning_rate': 0.018254137100008158, 'depth': 11, 'l2_leaf_reg': 0.11136615408291807, 'min_child_samples': 16}. Best is trial 72 with value: 2.0000467409652036.
[I 2025-03-09 16:33:02,293] Trial 116 finished with value: 2.0149133378276534 and parameters: {'learning_rate': 0.01834674969354281, 'depth': 12, 'l2_leaf_reg': 0.11907427422977668, 'min_child_samples': 16}. Best is trial 72 with value: 2.0000467409652036.
[I 2025-03-09 16:33:04,708] Trial 117 finished with value: 2.004092761750055 and parameters: {'learning_rate': 0.018811292510725636, 'depth': 11, 'l2_leaf_reg': 0.19703025663145343, 'min_child_samples': 16}. Best is trial 72 with value: 2.0000467409652036.
[I 2025-03-09 16:33:06,861] Trial 118 finished with value: 2.0074784165309354 and parameters: {'learning_rate': 0.017466089199656785, 'depth': 11, 'l2_leaf_reg': 0.06373882820886952, 'min_child_samples': 16}. Best is trial 72 with value: 2.0000467409652036.
[I 2025-03-09 16:33:08,546] Trial 119 finished with value: 2.0054970099990186 and parameters: {'learning_rate': 0.010724816679849192, 'depth': 9, 'l2_leaf_reg': 0.220402159105474, 'min_child_samples': 16}. Best is trial 72 with value: 2.0000467409652036.
[I 2025-03-09 16:33:10,759] Trial 120 finished with value: 2.0056112552551633 and parameters: {'learning_rate': 0.019855238111783885, 'depth': 11, 'l2_leaf_reg': 0.3600104391331541, 'min_child_samples': 16}. Best is trial 72 with value: 2.0000467409652036.
[I 2025-03-09 16:33:12,826] Trial 121 finished with value: 2.00404581724146 and parameters: {'learning_rate': 0.01682790990303726, 'depth': 10, 'l2_leaf_reg': 0.12970027619728428, 'min_child_samples': 8}. Best is trial 72 with value: 2.0000467409652036.
[I 2025-03-09 16:33:14,735] Trial 122 finished with value: 2.0092841558298664 and parameters: {'learning_rate': 0.017149947064069047, 'depth': 10, 'l2_leaf_reg': 1.496974599162645, 'min_child_samples': 4}. Best is trial 72 with value: 2.0000467409652036.
[I 2025-03-09 16:33:16,923] Trial 123 finished with value: 2.008037691371933 and parameters: {'learning_rate': 0.017993602009522623, 'depth': 11, 'l2_leaf_reg': 0.2716082259173753, 'min_child_samples': 16}. Best is trial 72 with value: 2.0000467409652036.
[I 2025-03-09 16:33:18,934] Trial 124 finished with value: 1.999852980096517 and parameters: {'learning_rate': 0.01632989505137703, 'depth': 10, 'l2_leaf_reg': 0.06120121444351973, 'min_child_samples': 4}. Best is trial 124 with value: 1.999852980096517.
[I 2025-03-09 16:33:21,897] Trial 125 finished with value: 2.0106685926257915 and parameters: {'learning_rate': 0.017736581528275168, 'depth': 12, 'l2_leaf_reg': 0.042737129387201506, 'min_child_samples': 4}. Best is trial 124 with value: 1.999852980096517.
[I 2025-03-09 16:33:23,902] Trial 126 finished with value: 2.0050152937524084 and parameters: {'learning_rate': 0.01633738169857096, 'depth': 10, 'l2_leaf_reg': 0.11402960543377841, 'min_child_samples': 4}. Best is trial 124 with value: 1.999852980096517.
[I 2025-03-09 16:33:25,395] Trial 127 finished with value: 2.0042959442506536 and parameters: {'learning_rate': 0.01855946796541728, 'depth': 9, 'l2_leaf_reg': 0.1545788538256312, 'min_child_samples': 4}. Best is trial 124 with value: 1.999852980096517.
[I 2025-03-09 16:33:27,603] Trial 128 finished with value: 2.0085786513453043 and parameters: {'learning_rate': 0.019105541261054543, 'depth': 11, 'l2_leaf_reg': 0.3118142207886158, 'min_child_samples': 4}. Best is trial 124 with value: 1.999852980096517.
[I 2025-03-09 16:33:29,553] Trial 129 finished with value: 2.004691032906327 and parameters: {'learning_rate': 0.016674963822383367, 'depth': 10, 'l2_leaf_reg': 0.2023691441477227, 'min_child_samples': 4}. Best is trial 124 with value: 1.999852980096517.
[I 2025-03-09 16:33:32,722] Trial 130 finished with value: 2.0086216743925527 and parameters: {'learning_rate': 0.01740891885749193, 'depth': 12, 'l2_leaf_reg': 0.3852360616649626, 'min_child_samples': 1}. Best is trial 124 with value: 1.999852980096517.
[I 2025-03-09 16:33:34,759] Trial 131 finished with value: 2.0031829259951763 and parameters: {'learning_rate': 0.015684974359492457, 'depth': 10, 'l2_leaf_reg': 1.7184564971091347, 'min_child_samples': 16}. Best is trial 124 with value: 1.999852980096517.
[I 2025-03-09 16:33:37,365] Trial 132 finished with value: 2.0028220034410857 and parameters: {'learning_rate': 0.018281754220889786, 'depth': 11, 'l2_leaf_reg': 0.08271366868987202, 'min_child_samples': 4}. Best is trial 124 with value: 1.999852980096517.
[I 2025-03-09 16:33:39,139] Trial 133 finished with value: 2.008472445897135 and parameters: {'learning_rate': 0.0153375136716282, 'depth': 9, 'l2_leaf_reg': 0.6926705341160869, 'min_child_samples': 8}. Best is trial 124 with value: 1.999852980096517.
[I 2025-03-09 16:33:41,115] Trial 134 finished with value: 2.0024885476774963 and parameters: {'learning_rate': 0.016150895991769366, 'depth': 10, 'l2_leaf_reg': 0.006865392473708711, 'min_child_samples': 16}. Best is trial 124 with value: 1.999852980096517.
[I 2025-03-09 16:33:43,843] Trial 135 finished with value: 2.0047559337762904 and parameters: {'learning_rate': 0.017098453823560688, 'depth': 11, 'l2_leaf_reg': 0.4710383218626031, 'min_child_samples': 4}. Best is trial 124 with value: 1.999852980096517.
[I 2025-03-09 16:34:12,430] Trial 136 finished with value: 2.0266286178919453 and parameters: {'learning_rate': 0.014786230621563225, 'depth': 16, 'l2_leaf_reg': 2.386328637585102, 'min_child_samples': 16}. Best is trial 124 with value: 1.999852980096517.
[I 2025-03-09 16:34:14,095] Trial 137 finished with value: 2.006634300368485 and parameters: {'learning_rate': 0.017668525295742595, 'depth': 10, 'l2_leaf_reg': 0.25185645918341387, 'min_child_samples': 4}. Best is trial 124 with value: 1.999852980096517.
[I 2025-03-09 16:34:15,778] Trial 138 finished with value: 2.0087636262174886 and parameters: {'learning_rate': 0.017991800391654867, 'depth': 9, 'l2_leaf_reg': 2.985774394096014, 'min_child_samples': 16}. Best is trial 124 with value: 1.999852980096517.
[I 2025-03-09 16:34:18,148] Trial 139 finished with value: 2.006222387913335 and parameters: {'learning_rate': 0.016613677525629797, 'depth': 11, 'l2_leaf_reg': 0.15527551285344363, 'min_child_samples': 4}. Best is trial 124 with value: 1.999852980096517.
[I 2025-03-09 16:34:20,084] Trial 140 finished with value: 2.003142242335811 and parameters: {'learning_rate': 0.01950268328299355, 'depth': 10, 'l2_leaf_reg': 0.770749876010814, 'min_child_samples': 32}. Best is trial 124 with value: 1.999852980096517.
[I 2025-03-09 16:34:22,017] Trial 141 finished with value: 2.008828960300888 and parameters: {'learning_rate': 0.01749187978905575, 'depth': 10, 'l2_leaf_reg': 0.06497400856129848, 'min_child_samples': 16}. Best is trial 124 with value: 1.999852980096517.
[I 2025-03-09 16:34:24,116] Trial 142 finished with value: 2.0065302915167456 and parameters: {'learning_rate': 0.018720030338718198, 'depth': 10, 'l2_leaf_reg': 0.0032456205079107515, 'min_child_samples': 16}. Best is trial 124 with value: 1.999852980096517.
[I 2025-03-09 16:34:26,735] Trial 143 finished with value: 2.0010243677028217 and parameters: {'learning_rate': 0.0169824069283335, 'depth': 11, 'l2_leaf_reg': 0.5626948790320209, 'min_child_samples': 16}. Best is trial 124 with value: 1.999852980096517.
[I 2025-03-09 16:34:29,189] Trial 144 finished with value: 2.0027175314392247 and parameters: {'learning_rate': 0.014573537033965174, 'depth': 11, 'l2_leaf_reg': 1.0979788351125335, 'min_child_samples': 16}. Best is trial 124 with value: 1.999852980096517.
[I 2025-03-09 16:34:31,513] Trial 145 finished with value: 2.0054862754172564 and parameters: {'learning_rate': 0.017085385052808943, 'depth': 11, 'l2_leaf_reg': 0.5647118225589314, 'min_child_samples': 16}. Best is trial 124 with value: 1.999852980096517.
[I 2025-03-09 16:34:33,833] Trial 146 finished with value: 2.005992233047078 and parameters: {'learning_rate': 0.016024628150172093, 'depth': 11, 'l2_leaf_reg': 0.5604589179705839, 'min_child_samples': 8}. Best is trial 124 with value: 1.999852980096517.
[I 2025-03-09 16:34:37,001] Trial 147 finished with value: 2.00637812157129 and parameters: {'learning_rate': 0.018262282726272557, 'depth': 12, 'l2_leaf_reg': 0.8623507956464003, 'min_child_samples': 16}. Best is trial 124 with value: 1.999852980096517.
[I 2025-03-09 16:34:38,322] Trial 148 finished with value: 2.0288598874008983 and parameters: {'learning_rate': 0.016648801027182022, 'depth': 3, 'l2_leaf_reg': 0.6618950140681559, 'min_child_samples': 4}. Best is trial 124 with value: 1.999852980096517.
[I 2025-03-09 16:34:39,829] Trial 149 finished with value: 2.003845648446424 and parameters: {'learning_rate': 0.0151853956072903, 'depth': 8, 'l2_leaf_reg': 0.44556206111288366, 'min_child_samples': 16}. Best is trial 124 with value: 1.999852980096517.
[I 2025-03-09 16:34:41,393] Trial 150 finished with value: 2.0053939344949825 and parameters: {'learning_rate': 0.017784616575025846, 'depth': 9, 'l2_leaf_reg': 0.3199646739760509, 'min_child_samples': 4}. Best is trial 124 with value: 1.999852980096517.
[I 2025-03-09 16:34:43,414] Trial 151 finished with value: 2.0053623329348045 and parameters: {'learning_rate': 0.017206080501724116, 'depth': 10, 'l2_leaf_reg': 0.09691175014667266, 'min_child_samples': 16}. Best is trial 124 with value: 1.999852980096517.
[I 2025-03-09 16:34:45,405] Trial 152 finished with value: 2.003692038207126 and parameters: {'learning_rate': 0.01762245242056068, 'depth': 10, 'l2_leaf_reg': 0.1887759145253492, 'min_child_samples': 16}. Best is trial 124 with value: 1.999852980096517.
[I 2025-03-09 16:34:47,450] Trial 153 finished with value: 2.0041508059893385 and parameters: {'learning_rate': 0.013776413046153561, 'depth': 10, 'l2_leaf_reg': 0.0031389630684719324, 'min_child_samples': 16}. Best is trial 124 with value: 1.999852980096517.
[I 2025-03-09 16:34:49,990] Trial 154 finished with value: 2.0129233835862146 and parameters: {'learning_rate': 0.018053130273712775, 'depth': 11, 'l2_leaf_reg': 0.11714018591056455, 'min_child_samples': 16}. Best is trial 124 with value: 1.999852980096517.
[I 2025-03-09 16:34:51,802] Trial 155 finished with value: 2.005062758243652 and parameters: {'learning_rate': 0.016839099955641666, 'depth': 10, 'l2_leaf_reg': 0.24941529937843573, 'min_child_samples': 16}. Best is trial 124 with value: 1.999852980096517.
[I 2025-03-09 16:34:53,800] Trial 156 finished with value: 2.011115220607553 and parameters: {'learning_rate': 0.016289674974228705, 'depth': 9, 'l2_leaf_reg': 0.05736793919374574, 'min_child_samples': 1}. Best is trial 124 with value: 1.999852980096517.
[I 2025-03-09 16:34:55,910] Trial 157 finished with value: 2.003793171832311 and parameters: {'learning_rate': 0.01882416250051639, 'depth': 11, 'l2_leaf_reg': 0.17624473699592344, 'min_child_samples': 16}. Best is trial 124 with value: 1.999852980096517.
[I 2025-03-09 16:34:58,869] Trial 158 finished with value: 2.018384195469183 and parameters: {'learning_rate': 0.0038891961878231955, 'depth': 11, 'l2_leaf_reg': 1.5360505992249374, 'min_child_samples': 4}. Best is trial 124 with value: 1.999852980096517.
[I 2025-03-09 16:35:02,178] Trial 159 finished with value: 2.0077454756963506 and parameters: {'learning_rate': 0.01750920461402105, 'depth': 12, 'l2_leaf_reg': 0.38843961875778205, 'min_child_samples': 16}. Best is trial 124 with value: 1.999852980096517.
[I 2025-03-09 16:35:04,295] Trial 160 finished with value: 2.0051952911679916 and parameters: {'learning_rate': 0.015638551017851495, 'depth': 10, 'l2_leaf_reg': 0.11416607220599309, 'min_child_samples': 8}. Best is trial 124 with value: 1.999852980096517.
[I 2025-03-09 16:35:06,205] Trial 161 finished with value: 2.007766600357351 and parameters: {'learning_rate': 0.01834388254609164, 'depth': 10, 'l2_leaf_reg': 0.01325080305496329, 'min_child_samples': 16}. Best is trial 124 with value: 1.999852980096517.
[I 2025-03-09 16:35:08,225] Trial 162 finished with value: 2.0054437865643244 and parameters: {'learning_rate': 0.016172657503187506, 'depth': 10, 'l2_leaf_reg': 0.08119886581906331, 'min_child_samples': 16}. Best is trial 124 with value: 1.999852980096517.
[I 2025-03-09 16:35:10,617] Trial 163 finished with value: 2.0069690512850156 and parameters: {'learning_rate': 0.017097725965758776, 'depth': 11, 'l2_leaf_reg': 1.6757958822880825, 'min_child_samples': 16}. Best is trial 124 with value: 1.999852980096517.
[I 2025-03-09 16:35:12,604] Trial 164 finished with value: 2.007059622488966 and parameters: {'learning_rate': 0.01613110364169658, 'depth': 10, 'l2_leaf_reg': 0.047052429687043915, 'min_child_samples': 16}. Best is trial 124 with value: 1.999852980096517.
[I 2025-03-09 16:35:14,375] Trial 165 finished with value: 2.010407052812183 and parameters: {'learning_rate': 0.01654623709837965, 'depth': 9, 'l2_leaf_reg': 0.1983365909347174, 'min_child_samples': 16}. Best is trial 124 with value: 1.999852980096517.
[I 2025-03-09 16:35:16,184] Trial 166 finished with value: 2.007522288186605 and parameters: {'learning_rate': 0.017912031120065487, 'depth': 10, 'l2_leaf_reg': 0.1422571643630531, 'min_child_samples': 4}. Best is trial 124 with value: 1.999852980096517.
[I 2025-03-09 16:35:18,021] Trial 167 finished with value: 2.010844255283789 and parameters: {'learning_rate': 0.015797394311652894, 'depth': 9, 'l2_leaf_reg': 0.2953721247173352, 'min_child_samples': 16}. Best is trial 124 with value: 1.999852980096517.
[I 2025-03-09 16:35:20,345] Trial 168 finished with value: 1.9996791640577156 and parameters: {'learning_rate': 0.01724305121627747, 'depth': 11, 'l2_leaf_reg': 0.00864972819919364, 'min_child_samples': 4}. Best is trial 168 with value: 1.9996791640577156.
[I 2025-03-09 16:35:22,730] Trial 169 finished with value: 2.0013773248063447 and parameters: {'learning_rate': 0.017309523471507025, 'depth': 11, 'l2_leaf_reg': 0.24267593027786893, 'min_child_samples': 4}. Best is trial 168 with value: 1.9996791640577156.
[I 2025-03-09 16:35:25,444] Trial 170 finished with value: 2.0091298320749695 and parameters: {'learning_rate': 0.01725156003599643, 'depth': 12, 'l2_leaf_reg': 0.2482718266497368, 'min_child_samples': 4}. Best is trial 168 with value: 1.9996791640577156.
[I 2025-03-09 16:35:27,850] Trial 171 finished with value: 2.0083714345409494 and parameters: {'learning_rate': 0.01758104723438218, 'depth': 11, 'l2_leaf_reg': 0.33312538998782093, 'min_child_samples': 4}. Best is trial 168 with value: 1.9996791640577156.
[I 2025-03-09 16:35:29,953] Trial 172 finished with value: 2.010814512894772 and parameters: {'learning_rate': 0.018539999847812714, 'depth': 11, 'l2_leaf_reg': 1.7879239405473561, 'min_child_samples': 4}. Best is trial 168 with value: 1.9996791640577156.
[I 2025-03-09 16:35:32,318] Trial 173 finished with value: 2.001413347497462 and parameters: {'learning_rate': 0.01683622357190255, 'depth': 11, 'l2_leaf_reg': 0.14069884128796395, 'min_child_samples': 4}. Best is trial 168 with value: 1.9996791640577156.
[I 2025-03-09 16:35:34,672] Trial 174 finished with value: 2.007290958659619 and parameters: {'learning_rate': 0.01695892285380726, 'depth': 11, 'l2_leaf_reg': 0.1740118672887313, 'min_child_samples': 4}. Best is trial 168 with value: 1.9996791640577156.
[I 2025-03-09 16:35:36,907] Trial 175 finished with value: 2.010518549240418 and parameters: {'learning_rate': 0.018114659177093245, 'depth': 11, 'l2_leaf_reg': 1.8995343629563806, 'min_child_samples': 4}. Best is trial 168 with value: 1.9996791640577156.
[I 2025-03-09 16:35:39,914] Trial 176 finished with value: 2.0084955116373377 and parameters: {'learning_rate': 0.01681923978649636, 'depth': 12, 'l2_leaf_reg': 1.2221447453262437, 'min_child_samples': 4}. Best is trial 168 with value: 1.9996791640577156.
