[I 2025-03-09 17:28:22,294] Trial 195 finished with value: 0.47627256097884213 and parameters: {'learning_rate': 0.019608286511605583, 'depth': 11, 'l2_leaf_reg': 0.44466407496909255, 'min_child_samples': 32}. Best is trial 191 with value: 0.47080062988406435.
[I 2025-03-09 17:28:24,734] Trial 196 finished with value: 0.47158467682050087 and parameters: {'learning_rate': 0.01996817388773749, 'depth': 10, 'l2_leaf_reg': 0.11818738548438382, 'min_child_samples': 1}. Best is trial 191 with value: 0.47080062988406435.
[I 2025-03-09 17:28:26,707] Trial 197 finished with value: 0.4762279539331164 and parameters: {'learning_rate': 0.019777120915059978, 'depth': 9, 'l2_leaf_reg': 0.0013163340008991858, 'min_child_samples': 1}. Best is trial 191 with value: 0.47080062988406435.
[I 2025-03-09 17:28:29,207] Trial 198 finished with value: 0.4725961400213242 and parameters: {'learning_rate': 0.019994957317708836, 'depth': 10, 'l2_leaf_reg': 0.1252991375017826, 'min_child_samples': 1}. Best is trial 191 with value: 0.47080062988406435.
[I 2025-03-09 17:28:31,608] Trial 199 finished with value: 0.47158659597149405 and parameters: {'learning_rate': 0.019977747100025263, 'depth': 10, 'l2_leaf_reg': 0.12415486811820663, 'min_child_samples': 1}. Best is trial 191 with value: 0.47080062988406435.
[I 2025-03-09 17:28:33,731] Trial 200 finished with value: 0.47436671014104737 and parameters: {'learning_rate': 0.019928645154908924, 'depth': 9, 'l2_leaf_reg': 0.12536526660446012, 'min_child_samples': 1}. Best is trial 191 with value: 0.47080062988406435.
[I 2025-03-09 17:28:36,134] Trial 201 finished with value: 0.4713757888162959 and parameters: {'learning_rate': 0.019988292570817672, 'depth': 10, 'l2_leaf_reg': 0.06913280022754505, 'min_child_samples': 1}. Best is trial 191 with value: 0.47080062988406435.
[I 2025-03-09 17:28:38,560] Trial 202 finished with value: 0.4720320658242682 and parameters: {'learning_rate': 0.0199929622149807, 'depth': 10, 'l2_leaf_reg': 0.07264610128497086, 'min_child_samples': 1}. Best is trial 191 with value: 0.47080062988406435.
[I 2025-03-09 17:28:40,998] Trial 203 finished with value: 0.47194848191734734 and parameters: {'learning_rate': 0.01997372302127075, 'depth': 10, 'l2_leaf_reg': 0.16307008956639454, 'min_child_samples': 1}. Best is trial 191 with value: 0.47080062988406435.
[I 2025-03-09 17:28:43,609] Trial 204 finished with value: 0.47162840051303295 and parameters: {'learning_rate': 0.019992273787722947, 'depth': 10, 'l2_leaf_reg': 0.08521853318849265, 'min_child_samples': 1}. Best is trial 191 with value: 0.47080062988406435.
[I 2025-03-09 17:28:46,078] Trial 205 finished with value: 0.4692997984893127 and parameters: {'learning_rate': 0.019986120501600077, 'depth': 10, 'l2_leaf_reg': 0.07232119239584923, 'min_child_samples': 1}. Best is trial 205 with value: 0.4692997984893127.
[I 2025-03-09 17:28:49,257] Trial 206 finished with value: 0.4757583251922496 and parameters: {'learning_rate': 0.019968116849584244, 'depth': 11, 'l2_leaf_reg': 0.05859313047959808, 'min_child_samples': 1}. Best is trial 205 with value: 0.4692997984893127.
[I 2025-03-09 17:28:51,610] Trial 207 finished with value: 0.4718042520035708 and parameters: {'learning_rate': 0.019997997677555022, 'depth': 10, 'l2_leaf_reg': 0.04433724405698978, 'min_child_samples': 1}. Best is trial 205 with value: 0.4692997984893127.
[I 2025-03-09 17:28:54,142] Trial 208 finished with value: 0.4713702887913421 and parameters: {'learning_rate': 0.01994060379526259, 'depth': 10, 'l2_leaf_reg': 3.121103952065385e-05, 'min_child_samples': 1}. Best is trial 205 with value: 0.4692997984893127.
[I 2025-03-09 17:28:57,337] Trial 209 finished with value: 0.4761519781813878 and parameters: {'learning_rate': 0.019970327837937594, 'depth': 11, 'l2_leaf_reg': 0.008030368399855027, 'min_child_samples': 1}. Best is trial 205 with value: 0.4692997984893127.
[I 2025-03-09 17:28:59,628] Trial 210 finished with value: 0.4768587507168113 and parameters: {'learning_rate': 0.019094344920432983, 'depth': 10, 'l2_leaf_reg': 0.07035076029017, 'min_child_samples': 1}. Best is trial 205 with value: 0.4692997984893127.
[I 2025-03-09 17:29:02,010] Trial 211 finished with value: 0.4721714838391773 and parameters: {'learning_rate': 0.019978576785867785, 'depth': 10, 'l2_leaf_reg': 0.0019102071867553583, 'min_child_samples': 1}. Best is trial 205 with value: 0.4692997984893127.
[I 2025-03-09 17:29:04,597] Trial 212 finished with value: 0.4724392433627902 and parameters: {'learning_rate': 0.01964594652940947, 'depth': 10, 'l2_leaf_reg': 0.05849799993096252, 'min_child_samples': 1}. Best is trial 205 with value: 0.4692997984893127.
[I 2025-03-09 17:29:07,204] Trial 213 finished with value: 0.4706378289232683 and parameters: {'learning_rate': 0.01995914849169192, 'depth': 10, 'l2_leaf_reg': 0.10970527207976401, 'min_child_samples': 1}. Best is trial 205 with value: 0.4692997984893127.
[I 2025-03-09 17:29:09,358] Trial 214 finished with value: 0.47637529102308557 and parameters: {'learning_rate': 0.01928238694175738, 'depth': 9, 'l2_leaf_reg': 0.09806610541523872, 'min_child_samples': 1}. Best is trial 205 with value: 0.4692997984893127.
[I 2025-03-09 17:29:11,869] Trial 215 finished with value: 0.4719266521053685 and parameters: {'learning_rate': 0.0199324934420355, 'depth': 10, 'l2_leaf_reg': 0.14321788737791302, 'min_child_samples': 1}. Best is trial 205 with value: 0.4692997984893127.
[I 2025-03-09 17:29:14,217] Trial 216 finished with value: 0.47162767152637525 and parameters: {'learning_rate': 0.019992170422561933, 'depth': 10, 'l2_leaf_reg': 0.05380613607769309, 'min_child_samples': 1}. Best is trial 205 with value: 0.4692997984893127.
[I 2025-03-09 17:29:17,193] Trial 217 finished with value: 0.4744324064062747 and parameters: {'learning_rate': 0.019916281099251032, 'depth': 11, 'l2_leaf_reg': 0.05741810763850217, 'min_child_samples': 1}. Best is trial 205 with value: 0.4692997984893127.
[I 2025-03-09 17:29:19,291] Trial 218 finished with value: 0.47488474823270227 and parameters: {'learning_rate': 0.019957147587231897, 'depth': 9, 'l2_leaf_reg': 0.0016361303030982231, 'min_child_samples': 1}. Best is trial 205 with value: 0.4692997984893127.
[I 2025-03-09 17:29:21,881] Trial 219 finished with value: 0.474898640842248 and parameters: {'learning_rate': 0.01927008910549632, 'depth': 10, 'l2_leaf_reg': 0.11129137096685106, 'min_child_samples': 1}. Best is trial 205 with value: 0.4692997984893127.
[I 2025-03-09 17:29:24,271] Trial 220 finished with value: 0.4738346480008045 and parameters: {'learning_rate': 0.019281688381367765, 'depth': 10, 'l2_leaf_reg': 0.07818898434024993, 'min_child_samples': 1}. Best is trial 205 with value: 0.4692997984893127.
[I 2025-03-09 17:29:26,843] Trial 221 finished with value: 0.47164489903319706 and parameters: {'learning_rate': 0.019953354182092622, 'depth': 10, 'l2_leaf_reg': 0.17262331820582666, 'min_child_samples': 1}. Best is trial 205 with value: 0.4692997984893127.
[I 2025-03-09 17:29:29,220] Trial 222 finished with value: 0.47128466491550386 and parameters: {'learning_rate': 0.019925987515321854, 'depth': 10, 'l2_leaf_reg': 0.14532188946379324, 'min_child_samples': 1}. Best is trial 205 with value: 0.4692997984893127.
[I 2025-03-09 17:29:31,559] Trial 223 finished with value: 1.5691960729919034 and parameters: {'learning_rate': 0.00018910748976928675, 'depth': 10, 'l2_leaf_reg': 0.15668769249354042, 'min_child_samples': 1}. Best is trial 205 with value: 0.4692997984893127.
[I 2025-03-09 17:29:34,057] Trial 224 finished with value: 0.47016527889907406 and parameters: {'learning_rate': 0.01999055523133353, 'depth': 10, 'l2_leaf_reg': 0.14175579933467208, 'min_child_samples': 1}. Best is trial 205 with value: 0.4692997984893127.
[I 2025-03-09 17:29:36,543] Trial 225 finished with value: 0.47358550842467134 and parameters: {'learning_rate': 0.01962257240048304, 'depth': 10, 'l2_leaf_reg': 0.15981667444509884, 'min_child_samples': 1}. Best is trial 205 with value: 0.4692997984893127.
[I 2025-03-09 17:29:38,909] Trial 226 finished with value: 0.4752485323250597 and parameters: {'learning_rate': 0.019233767236304787, 'depth': 10, 'l2_leaf_reg': 0.11899968149090914, 'min_child_samples': 1}. Best is trial 205 with value: 0.4692997984893127.
[I 2025-03-09 17:29:41,933] Trial 227 finished with value: 0.4794168342685348 and parameters: {'learning_rate': 0.01999934408581029, 'depth': 11, 'l2_leaf_reg': 0.20450729060146006, 'min_child_samples': 1}. Best is trial 205 with value: 0.4692997984893127.
[I 2025-03-09 17:29:44,573] Trial 228 finished with value: 0.4711158319180008 and parameters: {'learning_rate': 0.019604391964013364, 'depth': 10, 'l2_leaf_reg': 0.041769881877913376, 'min_child_samples': 8}. Best is trial 205 with value: 0.4692997984893127.
[I 2025-03-09 17:29:46,545] Trial 229 finished with value: 0.47836214734555926 and parameters: {'learning_rate': 0.018858096976167426, 'depth': 9, 'l2_leaf_reg': 0.1329483080637576, 'min_child_samples': 8}. Best is trial 205 with value: 0.4692997984893127.
[I 2025-03-09 17:30:04,518] Trial 230 finished with value: 0.5451421992329242 and parameters: {'learning_rate': 0.019987854270976563, 'depth': 15, 'l2_leaf_reg': 0.2347082016296007, 'min_child_samples': 8}. Best is trial 205 with value: 0.4692997984893127.
[I 2025-03-09 17:30:06,888] Trial 231 finished with value: 0.4730371575751861 and parameters: {'learning_rate': 0.019530664074276158, 'depth': 10, 'l2_leaf_reg': 0.03690712621113169, 'min_child_samples': 8}. Best is trial 205 with value: 0.4692997984893127.
[I 2025-03-09 17:30:09,378] Trial 232 finished with value: 0.4716371035439092 and parameters: {'learning_rate': 0.019595278806993927, 'depth': 10, 'l2_leaf_reg': 0.005873730677544042, 'min_child_samples': 1}. Best is trial 205 with value: 0.4692997984893127.
[I 2025-03-09 17:30:12,011] Trial 233 finished with value: 0.47671084628615135 and parameters: {'learning_rate': 0.019258230940448793, 'depth': 10, 'l2_leaf_reg': 0.09926590507246782, 'min_child_samples': 8}. Best is trial 205 with value: 0.4692997984893127.
[I 2025-03-09 17:30:14,258] Trial 234 finished with value: 0.46934130258386125 and parameters: {'learning_rate': 0.01998927439249935, 'depth': 10, 'l2_leaf_reg': 0.001958286152612475, 'min_child_samples': 1}. Best is trial 205 with value: 0.4692997984893127.
[I 2025-03-09 17:30:16,660] Trial 235 finished with value: 0.4720053672396804 and parameters: {'learning_rate': 0.01955881168041882, 'depth': 10, 'l2_leaf_reg': 0.0009608998624977341, 'min_child_samples': 32}. Best is trial 205 with value: 0.4692997984893127.
[I 2025-03-09 17:30:19,234] Trial 236 finished with value: 0.47447232645046605 and parameters: {'learning_rate': 0.019274269253171283, 'depth': 10, 'l2_leaf_reg': 0.06098627859813515, 'min_child_samples': 1}. Best is trial 205 with value: 0.4692997984893127.
[I 2025-03-09 17:30:22,141] Trial 237 finished with value: 0.4754639375207182 and parameters: {'learning_rate': 0.019618113641216677, 'depth': 11, 'l2_leaf_reg': 0.05723039896631524, 'min_child_samples': 8}. Best is trial 205 with value: 0.4692997984893127.
[I 2025-03-09 17:30:24,727] Trial 238 finished with value: 0.4721322423493158 and parameters: {'learning_rate': 0.019637436417509795, 'depth': 10, 'l2_leaf_reg': 0.1125280666782448, 'min_child_samples': 1}. Best is trial 205 with value: 0.4692997984893127.
[I 2025-03-09 17:30:27,074] Trial 239 finished with value: 0.47460945466097304 and parameters: {'learning_rate': 0.01904571446307303, 'depth': 10, 'l2_leaf_reg': 0.053285283145484225, 'min_child_samples': 1}. Best is trial 205 with value: 0.4692997984893127.
[I 2025-03-09 17:30:29,072] Trial 240 finished with value: 0.49299354647324883 and parameters: {'learning_rate': 0.013215276173701322, 'depth': 9, 'l2_leaf_reg': 0.18197800782396142, 'min_child_samples': 1}. Best is trial 205 with value: 0.4692997984893127.
[I 2025-03-09 17:30:31,812] Trial 241 finished with value: 0.47363591887708406 and parameters: {'learning_rate': 0.019699712829773383, 'depth': 10, 'l2_leaf_reg': 0.15448930411333062, 'min_child_samples': 1}. Best is trial 205 with value: 0.4692997984893127.
[I 2025-03-09 17:30:34,228] Trial 242 finished with value: 0.4708699708951433 and parameters: {'learning_rate': 0.01996900322114102, 'depth': 10, 'l2_leaf_reg': 0.005172852798719478, 'min_child_samples': 1}. Best is trial 205 with value: 0.4692997984893127.
[I 2025-03-09 17:30:36,718] Trial 243 finished with value: 0.4701608712984509 and parameters: {'learning_rate': 0.01999099695394195, 'depth': 10, 'l2_leaf_reg': 0.0016271871084830442, 'min_child_samples': 1}. Best is trial 205 with value: 0.4692997984893127.
[I 2025-03-09 17:30:39,158] Trial 244 finished with value: 0.47301413413424803 and parameters: {'learning_rate': 0.019373137363408562, 'depth': 10, 'l2_leaf_reg': 0.013099454418133694, 'min_child_samples': 1}. Best is trial 205 with value: 0.4692997984893127.
[I 2025-03-09 17:30:41,676] Trial 245 finished with value: 0.473163707425675 and parameters: {'learning_rate': 0.019687031586421183, 'depth': 10, 'l2_leaf_reg': 0.05989001870678175, 'min_child_samples': 1}. Best is trial 205 with value: 0.4692997984893127.
[I 2025-03-09 17:30:44,128] Trial 246 finished with value: 0.47133223475635994 and parameters: {'learning_rate': 0.01998128285895492, 'depth': 10, 'l2_leaf_reg': 0.0011565568508728257, 'min_child_samples': 1}. Best is trial 205 with value: 0.4692997984893127.
[I 2025-03-09 17:30:46,669] Trial 247 finished with value: 0.4737111087462786 and parameters: {'learning_rate': 0.01938978260676968, 'depth': 10, 'l2_leaf_reg': 0.0030567524904239743, 'min_child_samples': 1}. Best is trial 205 with value: 0.4692997984893127.
[I 2025-03-09 17:30:49,295] Trial 248 finished with value: 0.472754555699337 and parameters: {'learning_rate': 0.019663200712637573, 'depth': 10, 'l2_leaf_reg': 0.0647229650128066, 'min_child_samples': 1}. Best is trial 205 with value: 0.4692997984893127.
[I 2025-03-09 17:30:52,075] Trial 249 finished with value: 0.842978006014237 and parameters: {'learning_rate': 0.0031974246117993143, 'depth': 11, 'l2_leaf_reg': 0.00020968486534886366, 'min_child_samples': 1}. Best is trial 205 with value: 0.4692997984893127.
[I 2025-03-09 17:30:54,514] Trial 250 finished with value: 0.47222455660365276 and parameters: {'learning_rate': 0.01997639210656418, 'depth': 10, 'l2_leaf_reg': 0.10007892282057057, 'min_child_samples': 1}. Best is trial 205 with value: 0.4692997984893127.
[I 2025-03-09 17:30:56,571] Trial 251 finished with value: 0.47693883489074074 and parameters: {'learning_rate': 0.019020875330483605, 'depth': 9, 'l2_leaf_reg': 0.10190603931568186, 'min_child_samples': 1}. Best is trial 205 with value: 0.4692997984893127.
[I 2025-03-09 17:30:59,158] Trial 252 finished with value: 0.47496200411562534 and parameters: {'learning_rate': 0.019351697579942494, 'depth': 10, 'l2_leaf_reg': 0.06113401863497171, 'min_child_samples': 1}. Best is trial 205 with value: 0.4692997984893127.
[I 2025-03-09 17:31:02,062] Trial 253 finished with value: 0.47567204007477815 and parameters: {'learning_rate': 0.019990811949269514, 'depth': 11, 'l2_leaf_reg': 0.0057224801209910525, 'min_child_samples': 1}. Best is trial 205 with value: 0.4692997984893127.
[I 2025-03-09 17:31:03,527] Trial 254 finished with value: 0.6469175541417331 and parameters: {'learning_rate': 0.01528858018132732, 'depth': 3, 'l2_leaf_reg': 0.05872465711540137, 'min_child_samples': 1}. Best is trial 205 with value: 0.4692997984893127.
[I 2025-03-09 17:31:06,044] Trial 255 finished with value: 0.4713765712119543 and parameters: {'learning_rate': 0.01998883375177875, 'depth': 10, 'l2_leaf_reg': 0.11040863440099696, 'min_child_samples': 1}. Best is trial 205 with value: 0.4692997984893127.
[I 2025-03-09 17:31:08,582] Trial 256 finished with value: 0.4718981663712602 and parameters: {'learning_rate': 0.019560656165311167, 'depth': 10, 'l2_leaf_reg': 0.1254835872085211, 'min_child_samples': 1}. Best is trial 205 with value: 0.4692997984893127.
[I 2025-03-09 17:31:10,662] Trial 257 finished with value: 0.5689320879981208 and parameters: {'learning_rate': 0.007530003044293984, 'depth': 9, 'l2_leaf_reg': 0.11168050492136436, 'min_child_samples': 1}. Best is trial 205 with value: 0.4692997984893127.
[I 2025-03-09 17:31:13,679] Trial 258 finished with value: 0.47632184801326594 and parameters: {'learning_rate': 0.019978000525950675, 'depth': 11, 'l2_leaf_reg': 0.19304213674280896, 'min_child_samples': 8}. Best is trial 205 with value: 0.4692997984893127.
[I 2025-03-09 17:31:16,194] Trial 259 finished with value: 0.47643980560118654 and parameters: {'learning_rate': 0.018796094716224867, 'depth': 10, 'l2_leaf_reg': 0.04833036921648938, 'min_child_samples': 1}. Best is trial 205 with value: 0.4692997984893127.
[I 2025-03-09 17:31:18,295] Trial 260 finished with value: 0.4759383857619204 and parameters: {'learning_rate': 0.01926312426824279, 'depth': 9, 'l2_leaf_reg': 0.012125931519143866, 'min_child_samples': 1}. Best is trial 205 with value: 0.4692997984893127.
[I 2025-03-09 17:31:20,985] Trial 261 finished with value: 0.4715955202893361 and parameters: {'learning_rate': 0.019577545317761517, 'depth': 10, 'l2_leaf_reg': 0.12168052879878524, 'min_child_samples': 1}. Best is trial 205 with value: 0.4692997984893127.
[I 2025-03-09 17:31:23,253] Trial 262 finished with value: 0.4750770916661186 and parameters: {'learning_rate': 0.0192081905932781, 'depth': 10, 'l2_leaf_reg': 0.10954815963396564, 'min_child_samples': 1}. Best is trial 205 with value: 0.4692997984893127.
[I 2025-03-09 17:31:25,622] Trial 263 finished with value: 0.4833828774781635 and parameters: {'learning_rate': 0.01446145442900414, 'depth': 10, 'l2_leaf_reg': 0.0037478908916363865, 'min_child_samples': 1}. Best is trial 205 with value: 0.4692997984893127.
[I 2025-03-09 17:31:28,529] Trial 264 finished with value: 0.47619944691606964 and parameters: {'learning_rate': 0.01959002032680453, 'depth': 11, 'l2_leaf_reg': 0.11384820704160464, 'min_child_samples': 1}. Best is trial 205 with value: 0.4692997984893127.
[I 2025-03-09 17:31:31,052] Trial 265 finished with value: 0.476017100669436 and parameters: {'learning_rate': 0.018815595586119976, 'depth': 10, 'l2_leaf_reg': 0.0668593655632092, 'min_child_samples': 32}. Best is trial 205 with value: 0.4692997984893127.
[I 2025-03-09 17:31:33,411] Trial 266 finished with value: 0.47231835660985827 and parameters: {'learning_rate': 0.019583844799356383, 'depth': 10, 'l2_leaf_reg': 0.004246005028054309, 'min_child_samples': 16}. Best is trial 205 with value: 0.4692997984893127.
[I 2025-03-09 17:31:35,384] Trial 267 finished with value: 0.47514205409257076 and parameters: {'learning_rate': 0.019981475123949925, 'depth': 9, 'l2_leaf_reg': 0.14412656337368074, 'min_child_samples': 1}. Best is trial 205 with value: 0.4692997984893127.
[I 2025-03-09 17:31:38,009] Trial 268 finished with value: 0.4764494808414351 and parameters: {'learning_rate': 0.01907864826720578, 'depth': 10, 'l2_leaf_reg': 0.061713243712257615, 'min_child_samples': 1}. Best is trial 205 with value: 0.4692997984893127.
[I 2025-03-09 17:31:41,178] Trial 269 finished with value: 0.47711249600880684 and parameters: {'learning_rate': 0.01953950650700971, 'depth': 11, 'l2_leaf_reg': 0.18196176902751277, 'min_child_samples': 1}. Best is trial 205 with value: 0.4692997984893127.
[I 2025-03-09 17:31:43,180] Trial 270 finished with value: 0.47711596486606206 and parameters: {'learning_rate': 0.01928448978270966, 'depth': 9, 'l2_leaf_reg': 0.24256709143949126, 'min_child_samples': 1}. Best is trial 205 with value: 0.4692997984893127.
[I 2025-03-09 17:31:45,743] Trial 271 finished with value: 0.47158809524305284 and parameters: {'learning_rate': 0.019636930517688788, 'depth': 10, 'l2_leaf_reg': 0.098395343387323, 'min_child_samples': 1}. Best is trial 205 with value: 0.4692997984893127.
[I 2025-03-09 17:31:48,240] Trial 272 finished with value: 0.47635679833942973 and parameters: {'learning_rate': 0.01867158498145193, 'depth': 10, 'l2_leaf_reg': 0.1214550416275403, 'min_child_samples': 1}. Best is trial 205 with value: 0.4692997984893127.
[I 2025-03-09 17:31:51,504] Trial 273 finished with value: 0.4782298945697583 and parameters: {'learning_rate': 0.019538337804671672, 'depth': 11, 'l2_leaf_reg': 0.16199001906728672, 'min_child_samples': 1}. Best is trial 205 with value: 0.4692997984893127.
[I 2025-03-09 17:31:54,075] Trial 274 finished with value: 0.47597934214342025 and parameters: {'learning_rate': 0.01902762285517681, 'depth': 10, 'l2_leaf_reg': 0.091480042672721, 'min_child_samples': 8}. Best is trial 205 with value: 0.4692997984893127.
[I 2025-03-09 17:31:56,394] Trial 275 finished with value: 0.4711146557908367 and parameters: {'learning_rate': 0.01960434147435954, 'depth': 10, 'l2_leaf_reg': 0.0008554709379958144, 'min_child_samples': 1}. Best is trial 205 with value: 0.4692997984893127.
[I 2025-03-09 17:31:58,545] Trial 276 finished with value: 0.47635186033139876 and parameters: {'learning_rate': 0.019319226251327797, 'depth': 9, 'l2_leaf_reg': 0.04391562543380426, 'min_child_samples': 1}. Best is trial 205 with value: 0.4692997984893127.
[I 2025-03-09 17:32:01,029] Trial 277 finished with value: 0.47475949229842146 and parameters: {'learning_rate': 0.01884939456669824, 'depth': 10, 'l2_leaf_reg': 0.004171526252245952, 'min_child_samples': 1}. Best is trial 205 with value: 0.4692997984893127.
[I 2025-03-09 17:32:03,426] Trial 278 finished with value: 0.47498986713827357 and parameters: {'learning_rate': 0.019537766326466567, 'depth': 10, 'l2_leaf_reg': 0.09593887920201334, 'min_child_samples': 1}. Best is trial 205 with value: 0.4692997984893127.
[I 2025-03-09 17:32:06,320] Trial 279 finished with value: 0.5425546689245943 and parameters: {'learning_rate': 0.008040596352262362, 'depth': 11, 'l2_leaf_reg': 0.05297375900876577, 'min_child_samples': 1}. Best is trial 205 with value: 0.4692997984893127.
