[I 2025-03-09 17:19:52,521] Trial 24 finished with value: 0.49453062645968093 and parameters: {'learning_rate': 0.017921938499017742, 'depth': 13, 'l2_leaf_reg': 2.0108655391577965, 'min_child_samples': 16}. Best is trial 7 with value: 0.47569530547042643.
[I 2025-03-09 17:19:54,090] Trial 25 finished with value: 0.5056242760669282 and parameters: {'learning_rate': 0.014872560364570592, 'depth': 7, 'l2_leaf_reg': 2.7728582024255877, 'min_child_samples': 8}. Best is trial 7 with value: 0.47569530547042643.
[I 2025-03-09 17:19:56,707] Trial 26 finished with value: 0.4738149402886182 and parameters: {'learning_rate': 0.018161090823118353, 'depth': 10, 'l2_leaf_reg': 2.3664455102958843, 'min_child_samples': 16}. Best is trial 26 with value: 0.4738149402886182.
[I 2025-03-09 17:20:00,545] Trial 27 finished with value: 0.4788271675274567 and parameters: {'learning_rate': 0.018375023490678506, 'depth': 12, 'l2_leaf_reg': 1.679925421106051, 'min_child_samples': 16}. Best is trial 26 with value: 0.4738149402886182.
[I 2025-03-09 17:20:02,957] Trial 28 finished with value: 0.4749258958801379 and parameters: {'learning_rate': 0.01961460690371685, 'depth': 10, 'l2_leaf_reg': 2.3472449222438856, 'min_child_samples': 4}. Best is trial 26 with value: 0.4738149402886182.
[I 2025-03-09 17:20:05,303] Trial 29 finished with value: 0.47471932021653307 and parameters: {'learning_rate': 0.01958811324457862, 'depth': 10, 'l2_leaf_reg': 1.4207207656155443, 'min_child_samples': 4}. Best is trial 26 with value: 0.4738149402886182.
[I 2025-03-09 17:20:39,389] Trial 30 finished with value: 0.572204293344142 and parameters: {'learning_rate': 0.019950456092492838, 'depth': 16, 'l2_leaf_reg': 1.301614532812813, 'min_child_samples': 4}. Best is trial 26 with value: 0.4738149402886182.
[I 2025-03-09 17:20:41,418] Trial 31 finished with value: 0.47457981456000947 and parameters: {'learning_rate': 0.019014674631714575, 'depth': 10, 'l2_leaf_reg': 0.9813754092000472, 'min_child_samples': 4}. Best is trial 26 with value: 0.4738149402886182.
[I 2025-03-09 17:20:45,481] Trial 32 finished with value: 0.4787270616291001 and parameters: {'learning_rate': 0.019900152314501696, 'depth': 12, 'l2_leaf_reg': 1.1217885164847927, 'min_child_samples': 4}. Best is trial 26 with value: 0.4738149402886182.
[I 2025-03-09 17:20:47,297] Trial 33 finished with value: 0.49226617459857824 and parameters: {'learning_rate': 0.018535195648607183, 'depth': 7, 'l2_leaf_reg': 0.7781676929165258, 'min_child_samples': 4}. Best is trial 26 with value: 0.4738149402886182.
[I 2025-03-09 17:20:49,838] Trial 34 finished with value: 0.4787299023274379 and parameters: {'learning_rate': 0.015790731038861732, 'depth': 10, 'l2_leaf_reg': 1.4709068645864378, 'min_child_samples': 4}. Best is trial 26 with value: 0.4738149402886182.
[I 2025-03-09 17:20:52,666] Trial 35 finished with value: 0.4871804347483412 and parameters: {'learning_rate': 0.013803790553269765, 'depth': 11, 'l2_leaf_reg': 1.0867204836377136, 'min_child_samples': 4}. Best is trial 26 with value: 0.4738149402886182.
[I 2025-03-09 17:20:58,534] Trial 36 finished with value: 0.49479391400743333 and parameters: {'learning_rate': 0.017616820049322145, 'depth': 13, 'l2_leaf_reg': 1.7123267059410727, 'min_child_samples': 8}. Best is trial 26 with value: 0.4738149402886182.
[I 2025-03-09 17:21:00,362] Trial 37 finished with value: 0.5489511771478819 and parameters: {'learning_rate': 0.008891186297080302, 'depth': 8, 'l2_leaf_reg': 0.7539792450664431, 'min_child_samples': 1}. Best is trial 26 with value: 0.4738149402886182.
[I 2025-03-09 17:21:02,220] Trial 38 finished with value: 0.4925010282750486 and parameters: {'learning_rate': 0.01889770998041373, 'depth': 7, 'l2_leaf_reg': 2.362438156101713, 'min_child_samples': 4}. Best is trial 26 with value: 0.4738149402886182.
[I 2025-03-09 17:21:11,794] Trial 39 finished with value: 1.3751143151621426 and parameters: {'learning_rate': 0.0007628787269149794, 'depth': 14, 'l2_leaf_reg': 1.885543557114881, 'min_child_samples': 4}. Best is trial 26 with value: 0.4738149402886182.
[I 2025-03-09 17:21:13,157] Trial 40 finished with value: 0.8838267079211213 and parameters: {'learning_rate': 0.0048257916568398215, 'depth': 4, 'l2_leaf_reg': 0.4367729257934787, 'min_child_samples': 32}. Best is trial 26 with value: 0.4738149402886182.
[I 2025-03-09 17:21:15,730] Trial 41 finished with value: 0.47646606359037824 and parameters: {'learning_rate': 0.01825679521917382, 'depth': 10, 'l2_leaf_reg': 2.829778386004431, 'min_child_samples': 4}. Best is trial 26 with value: 0.4738149402886182.
[I 2025-03-09 17:21:18,231] Trial 42 finished with value: 0.4761145009701609 and parameters: {'learning_rate': 0.01893406924708452, 'depth': 10, 'l2_leaf_reg': 0.9979818888966796, 'min_child_samples': 4}. Best is trial 26 with value: 0.4738149402886182.
[I 2025-03-09 17:21:21,119] Trial 43 finished with value: 0.47869256969575213 and parameters: {'learning_rate': 0.017617262967230977, 'depth': 11, 'l2_leaf_reg': 2.021924692538496, 'min_child_samples': 4}. Best is trial 26 with value: 0.4738149402886182.
[I 2025-03-09 17:21:23,544] Trial 44 finished with value: 0.481182619031332 and parameters: {'learning_rate': 0.015582393036719933, 'depth': 10, 'l2_leaf_reg': 1.3551598428154867, 'min_child_samples': 4}. Best is trial 26 with value: 0.4738149402886182.
[I 2025-03-09 17:21:27,654] Trial 45 finished with value: 0.478270059642313 and parameters: {'learning_rate': 0.019214457244154926, 'depth': 12, 'l2_leaf_reg': 2.362517725038861, 'min_child_samples': 8}. Best is trial 26 with value: 0.4738149402886182.
[I 2025-03-09 17:21:29,795] Trial 46 finished with value: 0.48897244468058565 and parameters: {'learning_rate': 0.014157615101351958, 'depth': 9, 'l2_leaf_reg': 1.520791150437358, 'min_child_samples': 1}. Best is trial 26 with value: 0.4738149402886182.
[I 2025-03-09 17:21:31,710] Trial 47 finished with value: 0.4853802329796325 and parameters: {'learning_rate': 0.01716650002518324, 'depth': 8, 'l2_leaf_reg': 2.8396218623632072, 'min_child_samples': 4}. Best is trial 26 with value: 0.4738149402886182.
[I 2025-03-09 17:21:34,616] Trial 48 finished with value: 0.779244036187956 and parameters: {'learning_rate': 0.00370420737130317, 'depth': 11, 'l2_leaf_reg': 1.1772813814489076, 'min_child_samples': 4}. Best is trial 26 with value: 0.4738149402886182.
[I 2025-03-09 17:21:38,633] Trial 49 finished with value: 0.47987594665214334 and parameters: {'learning_rate': 0.018174618571211987, 'depth': 12, 'l2_leaf_reg': 0.6676592331398638, 'min_child_samples': 32}. Best is trial 26 with value: 0.4738149402886182.
[I 2025-03-09 17:21:41,161] Trial 50 finished with value: 0.49103883744171345 and parameters: {'learning_rate': 0.012867414447068747, 'depth': 10, 'l2_leaf_reg': 1.8064248165464956, 'min_child_samples': 4}. Best is trial 26 with value: 0.4738149402886182.
[I 2025-03-09 17:21:43,660] Trial 51 finished with value: 0.47435140300017903 and parameters: {'learning_rate': 0.019052481182897346, 'depth': 10, 'l2_leaf_reg': 0.947400643953447, 'min_child_samples': 4}. Best is trial 26 with value: 0.4738149402886182.
[I 2025-03-09 17:21:45,940] Trial 52 finished with value: 0.4764075293114849 and parameters: {'learning_rate': 0.01924138247343621, 'depth': 9, 'l2_leaf_reg': 0.3050302419183004, 'min_child_samples': 4}. Best is trial 26 with value: 0.4738149402886182.
[I 2025-03-09 17:21:49,043] Trial 53 finished with value: 0.48172707901058776 and parameters: {'learning_rate': 0.015955865035537777, 'depth': 11, 'l2_leaf_reg': 0.9444107571777491, 'min_child_samples': 4}. Best is trial 26 with value: 0.4738149402886182.
[I 2025-03-09 17:21:51,046] Trial 54 finished with value: 0.48049039762243495 and parameters: {'learning_rate': 0.019526848661411373, 'depth': 8, 'l2_leaf_reg': 0.923217722854633, 'min_child_samples': 4}. Best is trial 26 with value: 0.4738149402886182.
[I 2025-03-09 17:21:53,702] Trial 55 finished with value: 0.47738409594492665 and parameters: {'learning_rate': 0.017099673953941637, 'depth': 10, 'l2_leaf_reg': 0.5895035389680301, 'min_child_samples': 4}. Best is trial 26 with value: 0.4738149402886182.
[I 2025-03-09 17:21:55,956] Trial 56 finished with value: 0.47777639333462835 and parameters: {'learning_rate': 0.01868492216754714, 'depth': 9, 'l2_leaf_reg': 1.1832167888054013, 'min_child_samples': 1}. Best is trial 26 with value: 0.4738149402886182.
[I 2025-03-09 17:21:59,310] Trial 57 finished with value: 0.4804423561593167 and parameters: {'learning_rate': 0.017618288026611823, 'depth': 11, 'l2_leaf_reg': 2.4210936825026423, 'min_child_samples': 4}. Best is trial 26 with value: 0.4738149402886182.
[I 2025-03-09 17:22:00,498] Trial 58 finished with value: 0.9356115059269331 and parameters: {'learning_rate': 0.019926182699913187, 'depth': 1, 'l2_leaf_reg': 2.0796151439596215, 'min_child_samples': 8}. Best is trial 26 with value: 0.4738149402886182.
[I 2025-03-09 17:22:04,756] Trial 59 finished with value: 0.4809042829702516 and parameters: {'learning_rate': 0.01637965458123969, 'depth': 12, 'l2_leaf_reg': 2.709641011598392, 'min_child_samples': 4}. Best is trial 26 with value: 0.4738149402886182.
[I 2025-03-09 17:22:06,226] Trial 60 finished with value: 0.5066543355762961 and parameters: {'learning_rate': 0.014863874768522394, 'depth': 7, 'l2_leaf_reg': 1.5587923646133388, 'min_child_samples': 32}. Best is trial 26 with value: 0.4738149402886182.
[I 2025-03-09 17:22:08,841] Trial 61 finished with value: 0.47491172464476394 and parameters: {'learning_rate': 0.01893672711232636, 'depth': 10, 'l2_leaf_reg': 0.928683624787878, 'min_child_samples': 4}. Best is trial 26 with value: 0.4738149402886182.
[I 2025-03-09 17:22:11,372] Trial 62 finished with value: 0.47719202852535686 and parameters: {'learning_rate': 0.018221989226671006, 'depth': 10, 'l2_leaf_reg': 0.8790097719715271, 'min_child_samples': 4}. Best is trial 26 with value: 0.4738149402886182.
[I 2025-03-09 17:22:13,626] Trial 63 finished with value: 0.47637048919599734 and parameters: {'learning_rate': 0.01916444355565837, 'depth': 9, 'l2_leaf_reg': 1.2471816691351205, 'min_child_samples': 4}. Best is trial 26 with value: 0.4738149402886182.
[I 2025-03-09 17:22:16,452] Trial 64 finished with value: 0.47977382180292377 and parameters: {'learning_rate': 0.016786587988891814, 'depth': 11, 'l2_leaf_reg': 1.0114283096605405, 'min_child_samples': 16}. Best is trial 26 with value: 0.4738149402886182.
[I 2025-03-09 17:22:18,577] Trial 65 finished with value: 0.47722917468875264 and parameters: {'learning_rate': 0.018629735777617805, 'depth': 9, 'l2_leaf_reg': 0.5669659283254221, 'min_child_samples': 4}. Best is trial 26 with value: 0.4738149402886182.
[I 2025-03-09 17:22:20,362] Trial 66 finished with value: 0.48392575382642444 and parameters: {'learning_rate': 0.017870774249762373, 'depth': 8, 'l2_leaf_reg': 2.907301199503541, 'min_child_samples': 4}. Best is trial 26 with value: 0.4738149402886182.
[I 2025-03-09 17:22:26,400] Trial 67 finished with value: 0.4910155304040827 and parameters: {'learning_rate': 0.019931027178970107, 'depth': 13, 'l2_leaf_reg': 0.11159860651088493, 'min_child_samples': 16}. Best is trial 26 with value: 0.4738149402886182.
[I 2025-03-09 17:22:28,749] Trial 68 finished with value: 1.086441424545175 and parameters: {'learning_rate': 0.0018718107158977471, 'depth': 10, 'l2_leaf_reg': 1.4186911042730483, 'min_child_samples': 4}. Best is trial 26 with value: 0.4738149402886182.
[I 2025-03-09 17:22:32,698] Trial 69 finished with value: 0.5020371065783463 and parameters: {'learning_rate': 0.010985815663869858, 'depth': 12, 'l2_leaf_reg': 0.831287822342357, 'min_child_samples': 4}. Best is trial 26 with value: 0.4738149402886182.
[I 2025-03-09 17:22:35,245] Trial 70 finished with value: 0.47511806110713145 and parameters: {'learning_rate': 0.019325594526521283, 'depth': 10, 'l2_leaf_reg': 2.5746320724457368, 'min_child_samples': 1}. Best is trial 26 with value: 0.4738149402886182.
[I 2025-03-09 17:22:37,790] Trial 71 finished with value: 0.4748560659800979 and parameters: {'learning_rate': 0.01940552348466956, 'depth': 10, 'l2_leaf_reg': 2.5418570081746767, 'min_child_samples': 1}. Best is trial 26 with value: 0.4738149402886182.
[I 2025-03-09 17:22:40,321] Trial 72 finished with value: 0.4723349796603402 and parameters: {'learning_rate': 0.019503942315232902, 'depth': 10, 'l2_leaf_reg': 2.622558851643453, 'min_child_samples': 1}. Best is trial 72 with value: 0.4723349796603402.
[I 2025-03-09 17:22:43,426] Trial 73 finished with value: 0.4778587558294675 and parameters: {'learning_rate': 0.018760308168903006, 'depth': 11, 'l2_leaf_reg': 2.5083783238020634, 'min_child_samples': 1}. Best is trial 72 with value: 0.4723349796603402.
[I 2025-03-09 17:22:45,565] Trial 74 finished with value: 0.4752607670102518 and parameters: {'learning_rate': 0.019416780578208094, 'depth': 9, 'l2_leaf_reg': 2.282844730316179, 'min_child_samples': 1}. Best is trial 72 with value: 0.4723349796603402.
[I 2025-03-09 17:22:47,996] Trial 75 finished with value: 0.4762000504389528 and parameters: {'learning_rate': 0.01791148675354511, 'depth': 10, 'l2_leaf_reg': 2.643348793545779, 'min_child_samples': 1}. Best is trial 72 with value: 0.4723349796603402.
[I 2025-03-09 17:22:51,059] Trial 76 finished with value: 0.4807839349908506 and parameters: {'learning_rate': 0.01736622079153401, 'depth': 11, 'l2_leaf_reg': 1.0498034716678597, 'min_child_samples': 1}. Best is trial 72 with value: 0.4723349796603402.
[I 2025-03-09 17:22:53,076] Trial 77 finished with value: 0.4774247082783062 and parameters: {'learning_rate': 0.018574638956504293, 'depth': 9, 'l2_leaf_reg': 2.262054764178824, 'min_child_samples': 1}. Best is trial 72 with value: 0.4723349796603402.
[I 2025-03-09 17:22:55,022] Trial 78 finished with value: 0.48078625659412405 and parameters: {'learning_rate': 0.0195145240573641, 'depth': 8, 'l2_leaf_reg': 2.4439418436363893, 'min_child_samples': 1}. Best is trial 72 with value: 0.4723349796603402.
[I 2025-03-09 17:22:57,574] Trial 79 finished with value: 0.4757008191026856 and parameters: {'learning_rate': 0.018964979140456008, 'depth': 10, 'l2_leaf_reg': 2.1149693717496767, 'min_child_samples': 16}. Best is trial 72 with value: 0.4723349796603402.
[I 2025-03-09 17:22:58,865] Trial 80 finished with value: 0.924654842084408 and parameters: {'learning_rate': 0.008891565897247471, 'depth': 2, 'l2_leaf_reg': 2.3435916010414157, 'min_child_samples': 1}. Best is trial 72 with value: 0.4723349796603402.
[I 2025-03-09 17:23:01,376] Trial 81 finished with value: 0.47403069067425474 and parameters: {'learning_rate': 0.019424099060821987, 'depth': 10, 'l2_leaf_reg': 2.579496461746911, 'min_child_samples': 1}. Best is trial 72 with value: 0.4723349796603402.
[I 2025-03-09 17:23:04,436] Trial 82 finished with value: 0.47491935383858797 and parameters: {'learning_rate': 0.019955375443528142, 'depth': 11, 'l2_leaf_reg': 2.6418035472591517, 'min_child_samples': 1}. Best is trial 72 with value: 0.4723349796603402.
[I 2025-03-09 17:23:07,534] Trial 83 finished with value: 0.4768395392832864 and parameters: {'learning_rate': 0.019982835114518486, 'depth': 11, 'l2_leaf_reg': 2.713950323450611, 'min_child_samples': 1}. Best is trial 72 with value: 0.4723349796603402.
[I 2025-03-09 17:23:11,751] Trial 84 finished with value: 0.4802448252372181 and parameters: {'learning_rate': 0.01833307369863057, 'depth': 12, 'l2_leaf_reg': 2.6118546335515656, 'min_child_samples': 1}. Best is trial 72 with value: 0.4723349796603402.
[I 2025-03-09 17:23:14,824] Trial 85 finished with value: 0.4783923604981352 and parameters: {'learning_rate': 0.019122785731797702, 'depth': 11, 'l2_leaf_reg': 2.511531787439171, 'min_child_samples': 1}. Best is trial 72 with value: 0.4723349796603402.
[I 2025-03-09 17:23:16,946] Trial 86 finished with value: 0.4798695649585037 and parameters: {'learning_rate': 0.01779484969826562, 'depth': 9, 'l2_leaf_reg': 2.9128188775546744, 'min_child_samples': 1}. Best is trial 72 with value: 0.4723349796603402.
[I 2025-03-09 17:23:19,485] Trial 87 finished with value: 0.4781856997423949 and parameters: {'learning_rate': 0.016970931427476466, 'depth': 10, 'l2_leaf_reg': 2.7773277706639514, 'min_child_samples': 1}. Best is trial 72 with value: 0.4723349796603402.
[I 2025-03-09 17:23:21,706] Trial 88 finished with value: 0.47307259757758063 and parameters: {'learning_rate': 0.019582980057866198, 'depth': 10, 'l2_leaf_reg': 0.6888390449019833, 'min_child_samples': 1}. Best is trial 72 with value: 0.4723349796603402.
[I 2025-03-09 17:23:23,835] Trial 89 finished with value: 0.47686579767123616 and parameters: {'learning_rate': 0.01840973570004022, 'depth': 9, 'l2_leaf_reg': 0.6427694387398964, 'min_child_samples': 8}. Best is trial 72 with value: 0.4723349796603402.
[I 2025-03-09 17:23:26,446] Trial 90 finished with value: 0.4780948139664065 and parameters: {'learning_rate': 0.016490094150267975, 'depth': 10, 'l2_leaf_reg': 0.7792203107788302, 'min_child_samples': 32}. Best is trial 72 with value: 0.4723349796603402.
[I 2025-03-09 17:23:29,609] Trial 91 finished with value: 0.47924272550054314 and parameters: {'learning_rate': 0.019559362275736594, 'depth': 11, 'l2_leaf_reg': 0.7131643527972047, 'min_child_samples': 1}. Best is trial 72 with value: 0.4723349796603402.
[I 2025-03-09 17:23:32,045] Trial 92 finished with value: 0.47467038840647796 and parameters: {'learning_rate': 0.018926524173236692, 'depth': 10, 'l2_leaf_reg': 0.45795410315887064, 'min_child_samples': 1}. Best is trial 72 with value: 0.4723349796603402.
[I 2025-03-09 17:23:34,560] Trial 93 finished with value: 0.47564031074157304 and parameters: {'learning_rate': 0.018826232365875887, 'depth': 10, 'l2_leaf_reg': 0.4123764082839678, 'min_child_samples': 1}. Best is trial 72 with value: 0.4723349796603402.
[I 2025-03-09 17:23:36,656] Trial 94 finished with value: 0.48045907639161023 and parameters: {'learning_rate': 0.017321548996883193, 'depth': 9, 'l2_leaf_reg': 0.3154923784497492, 'min_child_samples': 1}. Best is trial 72 with value: 0.4723349796603402.
[I 2025-03-09 17:23:39,141] Trial 95 finished with value: 0.4756080513825573 and parameters: {'learning_rate': 0.01808062548115237, 'depth': 10, 'l2_leaf_reg': 0.49678311152035154, 'min_child_samples': 1}. Best is trial 72 with value: 0.4723349796603402.
[I 2025-03-09 17:23:41,176] Trial 96 finished with value: 0.6055276362030567 and parameters: {'learning_rate': 0.006828220803303314, 'depth': 8, 'l2_leaf_reg': 0.8925431990536369, 'min_child_samples': 16}. Best is trial 72 with value: 0.4723349796603402.
[I 2025-03-09 17:23:45,127] Trial 97 finished with value: 0.47948222537728413 and parameters: {'learning_rate': 0.01898780412079619, 'depth': 12, 'l2_leaf_reg': 1.1233936125905348, 'min_child_samples': 1}. Best is trial 72 with value: 0.4723349796603402.
[I 2025-03-09 17:23:47,675] Trial 98 finished with value: 0.47431161792299875 and parameters: {'learning_rate': 0.019548804471483897, 'depth': 10, 'l2_leaf_reg': 0.22896334185511524, 'min_child_samples': 1}. Best is trial 72 with value: 0.4723349796603402.
[I 2025-03-09 17:23:49,809] Trial 99 finished with value: 0.4746908992937854 and parameters: {'learning_rate': 0.019507509452688355, 'depth': 9, 'l2_leaf_reg': 0.17999576914343968, 'min_child_samples': 1}. Best is trial 72 with value: 0.4723349796603402.
[I 2025-03-09 17:23:52,003] Trial 100 finished with value: 0.4754591581201215 and parameters: {'learning_rate': 0.01963024341817187, 'depth': 9, 'l2_leaf_reg': 0.21156555066009664, 'min_child_samples': 1}. Best is trial 72 with value: 0.4723349796603402.
[I 2025-03-09 17:23:54,532] Trial 101 finished with value: 0.4736648109260631 and parameters: {'learning_rate': 0.019397237113345595, 'depth': 10, 'l2_leaf_reg': 0.0852229596518142, 'min_child_samples': 1}. Best is trial 72 with value: 0.4723349796603402.
[I 2025-03-09 17:23:56,769] Trial 102 finished with value: 0.4757900201294147 and parameters: {'learning_rate': 0.018421195611683837, 'depth': 9, 'l2_leaf_reg': 0.03662629459696323, 'min_child_samples': 1}. Best is trial 72 with value: 0.4723349796603402.
[I 2025-03-09 17:23:59,272] Trial 103 finished with value: 0.4734852292039185 and parameters: {'learning_rate': 0.019556411253246288, 'depth': 10, 'l2_leaf_reg': 0.20826876148158335, 'min_child_samples': 1}. Best is trial 72 with value: 0.4723349796603402.
[I 2025-03-09 17:24:02,369] Trial 104 finished with value: 0.47813063959421526 and parameters: {'learning_rate': 0.019150245251260578, 'depth': 11, 'l2_leaf_reg': 0.24266565145531846, 'min_child_samples': 1}. Best is trial 72 with value: 0.4723349796603402.
[I 2025-03-09 17:24:04,394] Trial 105 finished with value: 0.4842443188686631 and parameters: {'learning_rate': 0.01769504018921363, 'depth': 8, 'l2_leaf_reg': 0.1657151320760648, 'min_child_samples': 1}. Best is trial 72 with value: 0.4723349796603402.
[I 2025-03-09 17:24:06,459] Trial 106 finished with value: 0.4769903811103423 and parameters: {'learning_rate': 0.01861431765937321, 'depth': 9, 'l2_leaf_reg': 0.06354187281529897, 'min_child_samples': 1}. Best is trial 72 with value: 0.4723349796603402.
[I 2025-03-09 17:24:08,951] Trial 107 finished with value: 0.47521228709152125 and parameters: {'learning_rate': 0.018092917503259198, 'depth': 10, 'l2_leaf_reg': 0.38799955862876867, 'min_child_samples': 1}. Best is trial 72 with value: 0.4723349796603402.
[I 2025-03-09 17:24:11,251] Trial 108 finished with value: 0.47338533964290297 and parameters: {'learning_rate': 0.01958635225070837, 'depth': 10, 'l2_leaf_reg': 0.26913771980853507, 'min_child_samples': 1}. Best is trial 72 with value: 0.4723349796603402.
[I 2025-03-09 17:24:14,233] Trial 109 finished with value: 0.4777940319529403 and parameters: {'learning_rate': 0.01973362842969592, 'depth': 11, 'l2_leaf_reg': 0.49191720781933146, 'min_child_samples': 1}. Best is trial 72 with value: 0.4723349796603402.
