[I 2025-03-09 17:24:16,604] Trial 110 finished with value: 0.47573993250972296 and parameters: {'learning_rate': 0.018791583051762407, 'depth': 10, 'l2_leaf_reg': 0.24569323719551098, 'min_child_samples': 1}. Best is trial 72 with value: 0.4723349796603402.
[I 2025-03-09 17:24:19,119] Trial 111 finished with value: 0.4763161588931764 and parameters: {'learning_rate': 0.019241526381842292, 'depth': 10, 'l2_leaf_reg': 0.1353798280046499, 'min_child_samples': 1}. Best is trial 72 with value: 0.4723349796603402.
[I 2025-03-09 17:24:21,321] Trial 112 finished with value: 0.47629511114233414 and parameters: {'learning_rate': 0.019623480159205408, 'depth': 9, 'l2_leaf_reg': 0.3417883583296047, 'min_child_samples': 1}. Best is trial 72 with value: 0.4723349796603402.
[I 2025-03-09 17:24:23,745] Trial 113 finished with value: 0.47673993239253754 and parameters: {'learning_rate': 0.019365659856035982, 'depth': 10, 'l2_leaf_reg': 0.06798153854516531, 'min_child_samples': 1}. Best is trial 72 with value: 0.4723349796603402.
[I 2025-03-09 17:24:26,728] Trial 114 finished with value: 0.4767936845934225 and parameters: {'learning_rate': 0.0199621451139312, 'depth': 11, 'l2_leaf_reg': 0.18465574299995913, 'min_child_samples': 1}. Best is trial 72 with value: 0.4723349796603402.
[I 2025-03-09 17:24:28,974] Trial 115 finished with value: 0.4775201699721117 and parameters: {'learning_rate': 0.018810860095418304, 'depth': 9, 'l2_leaf_reg': 0.2919908009343137, 'min_child_samples': 16}. Best is trial 72 with value: 0.4723349796603402.
[I 2025-03-09 17:24:31,431] Trial 116 finished with value: 0.47726254958073117 and parameters: {'learning_rate': 0.017479049429349445, 'depth': 10, 'l2_leaf_reg': 0.4555754135189382, 'min_child_samples': 1}. Best is trial 72 with value: 0.4723349796603402.
[I 2025-03-09 17:24:34,301] Trial 117 finished with value: 0.47858115390890515 and parameters: {'learning_rate': 0.01842646232293227, 'depth': 11, 'l2_leaf_reg': 0.5386284070777347, 'min_child_samples': 8}. Best is trial 72 with value: 0.4723349796603402.
[I 2025-03-09 17:24:36,446] Trial 118 finished with value: 0.480082110299244 and parameters: {'learning_rate': 0.01804312678592028, 'depth': 9, 'l2_leaf_reg': 0.0029082731236394765, 'min_child_samples': 32}. Best is trial 72 with value: 0.4723349796603402.
[I 2025-03-09 17:24:38,987] Trial 119 finished with value: 0.47319679126734526 and parameters: {'learning_rate': 0.019154577922863108, 'depth': 10, 'l2_leaf_reg': 0.38596665808296793, 'min_child_samples': 1}. Best is trial 72 with value: 0.4723349796603402.
[I 2025-03-09 17:24:41,426] Trial 120 finished with value: 0.4748358762109954 and parameters: {'learning_rate': 0.018975642930748726, 'depth': 10, 'l2_leaf_reg': 0.40042557138969215, 'min_child_samples': 1}. Best is trial 72 with value: 0.4723349796603402.
[I 2025-03-09 17:24:43,909] Trial 121 finished with value: 0.4758817366951443 and parameters: {'learning_rate': 0.019545186691666112, 'depth': 10, 'l2_leaf_reg': 0.12151067705818316, 'min_child_samples': 1}. Best is trial 72 with value: 0.4723349796603402.
[I 2025-03-09 17:24:46,983] Trial 122 finished with value: 0.47677283871040377 and parameters: {'learning_rate': 0.019330626143399605, 'depth': 11, 'l2_leaf_reg': 0.3567582402663742, 'min_child_samples': 1}. Best is trial 72 with value: 0.4723349796603402.
[I 2025-03-09 17:24:48,914] Trial 123 finished with value: 0.4777948091435063 and parameters: {'learning_rate': 0.019991140370220557, 'depth': 9, 'l2_leaf_reg': 0.22334755476814294, 'min_child_samples': 1}. Best is trial 72 with value: 0.4723349796603402.
[I 2025-03-09 17:24:51,522] Trial 124 finished with value: 0.4747114815807593 and parameters: {'learning_rate': 0.01850014604711015, 'depth': 10, 'l2_leaf_reg': 0.6219837794912777, 'min_child_samples': 1}. Best is trial 72 with value: 0.4723349796603402.
[I 2025-03-09 17:24:53,957] Trial 125 finished with value: 0.47652007939682434 and parameters: {'learning_rate': 0.019112544404838144, 'depth': 10, 'l2_leaf_reg': 0.29101881292040144, 'min_child_samples': 1}. Best is trial 72 with value: 0.4723349796603402.
[I 2025-03-09 17:24:55,700] Trial 126 finished with value: 0.4828986153212724 and parameters: {'learning_rate': 0.018232207445122602, 'depth': 8, 'l2_leaf_reg': 0.11287091766390464, 'min_child_samples': 16}. Best is trial 72 with value: 0.4723349796603402.
[I 2025-03-09 17:24:58,818] Trial 127 finished with value: 0.47797466058646376 and parameters: {'learning_rate': 0.019585432528369025, 'depth': 11, 'l2_leaf_reg': 0.7042859793848981, 'min_child_samples': 1}. Best is trial 72 with value: 0.4723349796603402.
[I 2025-03-09 17:25:01,154] Trial 128 finished with value: 0.47623246274726905 and parameters: {'learning_rate': 0.017790409436116972, 'depth': 10, 'l2_leaf_reg': 0.5213761962506417, 'min_child_samples': 1}. Best is trial 72 with value: 0.4723349796603402.
[I 2025-03-09 17:25:03,335] Trial 129 finished with value: 0.4779477778168627 and parameters: {'learning_rate': 0.01873859373313607, 'depth': 9, 'l2_leaf_reg': 0.2751877338619638, 'min_child_samples': 1}. Best is trial 72 with value: 0.4723349796603402.
[I 2025-03-09 17:25:05,532] Trial 130 finished with value: 0.4766677238948747 and parameters: {'learning_rate': 0.019060776113013815, 'depth': 9, 'l2_leaf_reg': 0.17439969348848355, 'min_child_samples': 1}. Best is trial 72 with value: 0.4723349796603402.
[I 2025-03-09 17:25:08,109] Trial 131 finished with value: 0.47558765755568483 and parameters: {'learning_rate': 0.01853040883574545, 'depth': 10, 'l2_leaf_reg': 0.6568513934005157, 'min_child_samples': 1}. Best is trial 72 with value: 0.4723349796603402.
[I 2025-03-09 17:25:10,694] Trial 132 finished with value: 0.47242616819705435 and parameters: {'learning_rate': 0.019495382262923112, 'depth': 10, 'l2_leaf_reg': 0.3663945339537653, 'min_child_samples': 1}. Best is trial 72 with value: 0.4723349796603402.
[I 2025-03-09 17:25:13,154] Trial 133 finished with value: 0.4719438350219291 and parameters: {'learning_rate': 0.019694018329451612, 'depth': 10, 'l2_leaf_reg': 0.31896465977358845, 'min_child_samples': 1}. Best is trial 133 with value: 0.4719438350219291.
[I 2025-03-09 17:25:16,193] Trial 134 finished with value: 0.4763587431012312 and parameters: {'learning_rate': 0.019730870776832, 'depth': 11, 'l2_leaf_reg': 0.46802967603489254, 'min_child_samples': 1}. Best is trial 133 with value: 0.4719438350219291.
[I 2025-03-09 17:25:18,570] Trial 135 finished with value: 0.4746656303962477 and parameters: {'learning_rate': 0.01916341398781756, 'depth': 10, 'l2_leaf_reg': 0.3262365740838214, 'min_child_samples': 1}. Best is trial 133 with value: 0.4719438350219291.
[I 2025-03-09 17:25:21,746] Trial 136 finished with value: 0.47566311731028227 and parameters: {'learning_rate': 0.01993889631424773, 'depth': 11, 'l2_leaf_reg': 0.3513845136832524, 'min_child_samples': 8}. Best is trial 133 with value: 0.4719438350219291.
[I 2025-03-09 17:25:24,039] Trial 137 finished with value: 0.4750135480214152 and parameters: {'learning_rate': 0.019343154202953485, 'depth': 10, 'l2_leaf_reg': 0.8307324668773755, 'min_child_samples': 16}. Best is trial 133 with value: 0.4719438350219291.
[I 2025-03-09 17:25:26,461] Trial 138 finished with value: 0.47590064743749494 and parameters: {'learning_rate': 0.018128637783287837, 'depth': 10, 'l2_leaf_reg': 0.25268911943589933, 'min_child_samples': 1}. Best is trial 133 with value: 0.4719438350219291.
[I 2025-03-09 17:25:29,493] Trial 139 finished with value: 0.4785253129834628 and parameters: {'learning_rate': 0.019165569788496702, 'depth': 11, 'l2_leaf_reg': 0.3839067556698003, 'min_child_samples': 32}. Best is trial 133 with value: 0.4719438350219291.
[I 2025-03-09 17:25:33,381] Trial 140 finished with value: 0.6502270126199949 and parameters: {'learning_rate': 0.0050870072926608376, 'depth': 12, 'l2_leaf_reg': 0.09018859507346, 'min_child_samples': 1}. Best is trial 133 with value: 0.4719438350219291.
[I 2025-03-09 17:25:35,857] Trial 141 finished with value: 0.475097090612254 and parameters: {'learning_rate': 0.018819892781605292, 'depth': 10, 'l2_leaf_reg': 0.5727829197993208, 'min_child_samples': 1}. Best is trial 133 with value: 0.4719438350219291.
[I 2025-03-09 17:25:38,369] Trial 142 finished with value: 0.4711811547099672 and parameters: {'learning_rate': 0.019962619886946073, 'depth': 10, 'l2_leaf_reg': 0.4122364560111658, 'min_child_samples': 1}. Best is trial 142 with value: 0.4711811547099672.
[I 2025-03-09 17:25:39,883] Trial 143 finished with value: 0.5273100017500737 and parameters: {'learning_rate': 0.01996133773041474, 'depth': 5, 'l2_leaf_reg': 0.3413832734966571, 'min_child_samples': 1}. Best is trial 142 with value: 0.4711811547099672.
[I 2025-03-09 17:25:42,353] Trial 144 finished with value: 0.4733381918014994 and parameters: {'learning_rate': 0.01950631589331673, 'depth': 10, 'l2_leaf_reg': 0.4061367449091041, 'min_child_samples': 1}. Best is trial 142 with value: 0.4711811547099672.
[I 2025-03-09 17:25:44,482] Trial 145 finished with value: 0.4777474412161491 and parameters: {'learning_rate': 0.01955844732223473, 'depth': 9, 'l2_leaf_reg': 0.41994343167412873, 'min_child_samples': 1}. Best is trial 142 with value: 0.4711811547099672.
[I 2025-03-09 17:25:46,990] Trial 146 finished with value: 0.47337956431947237 and parameters: {'learning_rate': 0.019606501143803103, 'depth': 10, 'l2_leaf_reg': 0.22877780944079754, 'min_child_samples': 1}. Best is trial 142 with value: 0.4711811547099672.
[I 2025-03-09 17:25:49,445] Trial 147 finished with value: 0.47276779874165736 and parameters: {'learning_rate': 0.019576541755632122, 'depth': 10, 'l2_leaf_reg': 0.2080661274853931, 'min_child_samples': 1}. Best is trial 142 with value: 0.4711811547099672.
[I 2025-03-09 17:25:52,523] Trial 148 finished with value: 0.47570693373467354 and parameters: {'learning_rate': 0.01999246548945347, 'depth': 11, 'l2_leaf_reg': 0.19257794866851768, 'min_child_samples': 1}. Best is trial 142 with value: 0.4711811547099672.
[I 2025-03-09 17:25:54,973] Trial 149 finished with value: 0.4728787050766513 and parameters: {'learning_rate': 0.019569966395897708, 'depth': 10, 'l2_leaf_reg': 0.16045441785617337, 'min_child_samples': 1}. Best is trial 142 with value: 0.4711811547099672.
[I 2025-03-09 17:25:57,517] Trial 150 finished with value: 0.47493075328210027 and parameters: {'learning_rate': 0.018506478823970496, 'depth': 10, 'l2_leaf_reg': 0.02574591557309691, 'min_child_samples': 1}. Best is trial 142 with value: 0.4711811547099672.
[I 2025-03-09 17:26:00,032] Trial 151 finished with value: 0.47210097134697143 and parameters: {'learning_rate': 0.019595395398774404, 'depth': 10, 'l2_leaf_reg': 0.14633963956129822, 'min_child_samples': 1}. Best is trial 142 with value: 0.4711811547099672.
[I 2025-03-09 17:26:02,327] Trial 152 finished with value: 0.47352963781440843 and parameters: {'learning_rate': 0.019588738885085295, 'depth': 10, 'l2_leaf_reg': 0.14000119043237913, 'min_child_samples': 1}. Best is trial 142 with value: 0.4711811547099672.
[I 2025-03-09 17:26:05,374] Trial 153 finished with value: 0.47905773480534897 and parameters: {'learning_rate': 0.019997417801026096, 'depth': 11, 'l2_leaf_reg': 0.08893844708058553, 'min_child_samples': 1}. Best is trial 142 with value: 0.4711811547099672.
[I 2025-03-09 17:26:07,764] Trial 154 finished with value: 0.47528785316062505 and parameters: {'learning_rate': 0.019545091995969037, 'depth': 10, 'l2_leaf_reg': 0.166996948835338, 'min_child_samples': 1}. Best is trial 142 with value: 0.4711811547099672.
[I 2025-03-09 17:26:10,349] Trial 155 finished with value: 0.4744455196625952 and parameters: {'learning_rate': 0.019210079093483486, 'depth': 10, 'l2_leaf_reg': 0.2818508867311407, 'min_child_samples': 1}. Best is trial 142 with value: 0.4711811547099672.
[I 2025-03-09 17:26:12,309] Trial 156 finished with value: 0.47780319917738956 and parameters: {'learning_rate': 0.018729542233136078, 'depth': 9, 'l2_leaf_reg': 0.12858472096091259, 'min_child_samples': 1}. Best is trial 142 with value: 0.4711811547099672.
[I 2025-03-09 17:26:15,451] Trial 157 finished with value: 0.4754923411063412 and parameters: {'learning_rate': 0.019627902067324003, 'depth': 11, 'l2_leaf_reg': 0.22153124036351624, 'min_child_samples': 1}. Best is trial 142 with value: 0.4711811547099672.
[I 2025-03-09 17:26:17,569] Trial 158 finished with value: 0.4762890056175867 and parameters: {'learning_rate': 0.019216322798675568, 'depth': 9, 'l2_leaf_reg': 0.28905009347369354, 'min_child_samples': 1}. Best is trial 142 with value: 0.4711811547099672.
[I 2025-03-09 17:26:19,969] Trial 159 finished with value: 0.471560896110381 and parameters: {'learning_rate': 0.01968702374197194, 'depth': 10, 'l2_leaf_reg': 0.06845932184934343, 'min_child_samples': 1}. Best is trial 142 with value: 0.4711811547099672.
[I 2025-03-09 17:26:22,440] Trial 160 finished with value: 0.4720235314927812 and parameters: {'learning_rate': 0.019670847256770076, 'depth': 10, 'l2_leaf_reg': 0.013969208787873194, 'min_child_samples': 1}. Best is trial 142 with value: 0.4711811547099672.
[I 2025-03-09 17:26:25,068] Trial 161 finished with value: 0.47302130945351767 and parameters: {'learning_rate': 0.019610933017027574, 'depth': 10, 'l2_leaf_reg': 0.08402535039448703, 'min_child_samples': 1}. Best is trial 142 with value: 0.4711811547099672.
[I 2025-03-09 17:26:27,565] Trial 162 finished with value: 0.4733710623998677 and parameters: {'learning_rate': 0.019700738572849562, 'depth': 10, 'l2_leaf_reg': 0.042241435811980504, 'min_child_samples': 1}. Best is trial 142 with value: 0.4711811547099672.
[I 2025-03-09 17:26:29,955] Trial 163 finished with value: 0.4710966387113724 and parameters: {'learning_rate': 0.019974236807522007, 'depth': 10, 'l2_leaf_reg': 0.05421500677094898, 'min_child_samples': 1}. Best is trial 163 with value: 0.4710966387113724.
[I 2025-03-09 17:26:32,348] Trial 164 finished with value: 0.471410837028081 and parameters: {'learning_rate': 0.019918467008759, 'depth': 10, 'l2_leaf_reg': 0.004830160800936553, 'min_child_samples': 1}. Best is trial 163 with value: 0.4710966387113724.
[I 2025-03-09 17:26:35,319] Trial 165 finished with value: 0.4742755050882968 and parameters: {'learning_rate': 0.01993852694528456, 'depth': 11, 'l2_leaf_reg': 0.025849202449748903, 'min_child_samples': 1}. Best is trial 163 with value: 0.4710966387113724.
[I 2025-03-09 17:26:37,959] Trial 166 finished with value: 0.47488936480045424 and parameters: {'learning_rate': 0.019006399134035505, 'depth': 10, 'l2_leaf_reg': 0.01994038794097612, 'min_child_samples': 1}. Best is trial 163 with value: 0.4710966387113724.
[I 2025-03-09 17:26:40,028] Trial 167 finished with value: 0.5017188236291011 and parameters: {'learning_rate': 0.011897891852323959, 'depth': 9, 'l2_leaf_reg': 0.008127967405720513, 'min_child_samples': 1}. Best is trial 163 with value: 0.4710966387113724.
[I 2025-03-09 17:26:42,465] Trial 168 finished with value: 0.47189439568537583 and parameters: {'learning_rate': 0.019978534086584263, 'depth': 10, 'l2_leaf_reg': 0.07386439351781306, 'min_child_samples': 1}. Best is trial 163 with value: 0.4710966387113724.
[I 2025-03-09 17:26:45,403] Trial 169 finished with value: 0.4762123783241301 and parameters: {'learning_rate': 0.019924597129157944, 'depth': 11, 'l2_leaf_reg': 0.07999165490919423, 'min_child_samples': 1}. Best is trial 163 with value: 0.4710966387113724.
[I 2025-03-09 17:26:47,769] Trial 170 finished with value: 0.4764810542409333 and parameters: {'learning_rate': 0.018889829592060287, 'depth': 10, 'l2_leaf_reg': 0.0034128950599755167, 'min_child_samples': 1}. Best is trial 163 with value: 0.4710966387113724.
[I 2025-03-09 17:26:50,382] Trial 171 finished with value: 0.47519374231436196 and parameters: {'learning_rate': 0.019288590110094362, 'depth': 10, 'l2_leaf_reg': 0.12308137840837452, 'min_child_samples': 1}. Best is trial 163 with value: 0.4710966387113724.
[I 2025-03-09 17:26:52,772] Trial 172 finished with value: 0.47345959795222126 and parameters: {'learning_rate': 0.01967769485852759, 'depth': 10, 'l2_leaf_reg': 0.07177578839165194, 'min_child_samples': 1}. Best is trial 163 with value: 0.4710966387113724.
[I 2025-03-09 17:26:54,834] Trial 173 finished with value: 0.4776039651783221 and parameters: {'learning_rate': 0.01926333763777145, 'depth': 9, 'l2_leaf_reg': 0.16622006712512724, 'min_child_samples': 1}. Best is trial 163 with value: 0.4710966387113724.
[I 2025-03-09 17:26:57,324] Trial 174 finished with value: 0.4720284358812871 and parameters: {'learning_rate': 0.019913684429880764, 'depth': 10, 'l2_leaf_reg': 0.0800515703641813, 'min_child_samples': 1}. Best is trial 163 with value: 0.4710966387113724.
[I 2025-03-09 17:26:59,846] Trial 175 finished with value: 0.4735666364615995 and parameters: {'learning_rate': 0.018705534012699487, 'depth': 10, 'l2_leaf_reg': 0.06501917782171421, 'min_child_samples': 1}. Best is trial 163 with value: 0.4710966387113724.
[I 2025-03-09 17:27:03,014] Trial 176 finished with value: 0.47605613181425527 and parameters: {'learning_rate': 0.019978637977770452, 'depth': 11, 'l2_leaf_reg': 0.13168226610805311, 'min_child_samples': 1}. Best is trial 163 with value: 0.4710966387113724.
[I 2025-03-09 17:27:05,436] Trial 177 finished with value: 0.4763104739924093 and parameters: {'learning_rate': 0.0192950095142327, 'depth': 10, 'l2_leaf_reg': 0.0746512680220939, 'min_child_samples': 1}. Best is trial 163 with value: 0.4710966387113724.
[I 2025-03-09 17:27:07,461] Trial 178 finished with value: 0.47599357128187364 and parameters: {'learning_rate': 0.01895788285212653, 'depth': 9, 'l2_leaf_reg': 0.1334192194899808, 'min_child_samples': 1}. Best is trial 163 with value: 0.4710966387113724.
[I 2025-03-09 17:27:10,530] Trial 179 finished with value: 0.47725740124605465 and parameters: {'learning_rate': 0.01998715205077896, 'depth': 11, 'l2_leaf_reg': 0.0021154517748774096, 'min_child_samples': 1}. Best is trial 163 with value: 0.4710966387113724.
[I 2025-03-09 17:27:13,020] Trial 180 finished with value: 0.47185690779837336 and parameters: {'learning_rate': 0.019993469430126715, 'depth': 10, 'l2_leaf_reg': 0.18410168778545138, 'min_child_samples': 1}. Best is trial 163 with value: 0.4710966387113724.
[I 2025-03-09 17:27:15,608] Trial 181 finished with value: 0.4720745589955606 and parameters: {'learning_rate': 0.019663000737420184, 'depth': 10, 'l2_leaf_reg': 0.19126080331698975, 'min_child_samples': 1}. Best is trial 163 with value: 0.4710966387113724.
[I 2025-03-09 17:27:17,943] Trial 182 finished with value: 0.477232890001729 and parameters: {'learning_rate': 0.019445439678906704, 'depth': 10, 'l2_leaf_reg': 0.18899842695339641, 'min_child_samples': 1}. Best is trial 163 with value: 0.4710966387113724.
[I 2025-03-09 17:27:52,161] Trial 183 finished with value: 0.5707933942415535 and parameters: {'learning_rate': 0.01999757593364113, 'depth': 16, 'l2_leaf_reg': 0.1751954941551737, 'min_child_samples': 1}. Best is trial 163 with value: 0.4710966387113724.
[I 2025-03-09 17:27:54,131] Trial 184 finished with value: 0.47631491750011434 and parameters: {'learning_rate': 0.01916302926957642, 'depth': 10, 'l2_leaf_reg': 0.37387780229395035, 'min_child_samples': 1}. Best is trial 163 with value: 0.4710966387113724.
[I 2025-03-09 17:27:56,320] Trial 185 finished with value: 0.5199969859443876 and parameters: {'learning_rate': 0.01005310523289676, 'depth': 9, 'l2_leaf_reg': 0.11151598598869511, 'min_child_samples': 1}. Best is trial 163 with value: 0.4710966387113724.
[I 2025-03-09 17:27:58,599] Trial 186 finished with value: 0.47338409068713966 and parameters: {'learning_rate': 0.019577312444733708, 'depth': 10, 'l2_leaf_reg': 0.2423783248741388, 'min_child_samples': 1}. Best is trial 163 with value: 0.4710966387113724.
[I 2025-03-09 17:28:01,072] Trial 187 finished with value: 0.47526611394694146 and parameters: {'learning_rate': 0.01850326034791297, 'depth': 10, 'l2_leaf_reg': 0.31050136001390505, 'min_child_samples': 1}. Best is trial 163 with value: 0.4710966387113724.
[I 2025-03-09 17:28:04,228] Trial 188 finished with value: 0.47941689724289976 and parameters: {'learning_rate': 0.01999921887386228, 'depth': 11, 'l2_leaf_reg': 0.20566567762166588, 'min_child_samples': 1}. Best is trial 163 with value: 0.4710966387113724.
[I 2025-03-09 17:28:06,750] Trial 189 finished with value: 0.47516196370086833 and parameters: {'learning_rate': 0.01889391533157123, 'depth': 10, 'l2_leaf_reg': 0.083540473977679, 'min_child_samples': 8}. Best is trial 163 with value: 0.4710966387113724.
[I 2025-03-09 17:28:08,700] Trial 190 finished with value: 0.47550964599621764 and parameters: {'learning_rate': 0.019290251758679322, 'depth': 9, 'l2_leaf_reg': 0.14964653566719394, 'min_child_samples': 1}. Best is trial 163 with value: 0.4710966387113724.
[I 2025-03-09 17:28:11,339] Trial 191 finished with value: 0.47080062988406435 and parameters: {'learning_rate': 0.019599350950758137, 'depth': 10, 'l2_leaf_reg': 0.056867887436444726, 'min_child_samples': 1}. Best is trial 191 with value: 0.47080062988406435.
[I 2025-03-09 17:28:13,816] Trial 192 finished with value: 0.4749073238556313 and parameters: {'learning_rate': 0.019532693025451388, 'depth': 10, 'l2_leaf_reg': 1.824200749296702, 'min_child_samples': 1}. Best is trial 191 with value: 0.47080062988406435.
[I 2025-03-09 17:28:16,492] Trial 193 finished with value: 0.4736676291257089 and parameters: {'learning_rate': 0.019484364874703, 'depth': 10, 'l2_leaf_reg': 0.06157747306125315, 'min_child_samples': 1}. Best is trial 191 with value: 0.47080062988406435.
[I 2025-03-09 17:28:18,984] Trial 194 finished with value: 0.4752885686820768 and parameters: {'learning_rate': 0.019037990238667715, 'depth': 10, 'l2_leaf_reg': 0.24843685102459637, 'min_child_samples': 1}. Best is trial 191 with value: 0.47080062988406435.
