[I 2025-03-09 17:05:11,911] Trial 271 finished with value: 0.1902947089693089 and parameters: {'learning_rate': 0.018495929075381435, 'depth': 11, 'l2_leaf_reg': 0.13535891159623753, 'min_child_samples': 8}. Best is trial 247 with value: 0.1863413750580257.
[I 2025-03-09 17:05:14,481] Trial 272 finished with value: 0.1925911521282328 and parameters: {'learning_rate': 0.019054049743833817, 'depth': 10, 'l2_leaf_reg': 0.22719109815261013, 'min_child_samples': 8}. Best is trial 247 with value: 0.1863413750580257.
[I 2025-03-09 17:05:17,356] Trial 273 finished with value: 0.18738751670215778 and parameters: {'learning_rate': 0.019995759727310856, 'depth': 11, 'l2_leaf_reg': 0.38766453500426157, 'min_child_samples': 8}. Best is trial 247 with value: 0.1863413750580257.
[I 2025-03-09 17:05:21,137] Trial 274 finished with value: 0.19188818410307484 and parameters: {'learning_rate': 0.019399692651011515, 'depth': 12, 'l2_leaf_reg': 0.44251843047823786, 'min_child_samples': 8}. Best is trial 247 with value: 0.1863413750580257.
[I 2025-03-09 17:05:24,289] Trial 275 finished with value: 0.18906232967776668 and parameters: {'learning_rate': 0.01959711125160838, 'depth': 11, 'l2_leaf_reg': 0.5951079920441706, 'min_child_samples': 8}. Best is trial 247 with value: 0.1863413750580257.
[I 2025-03-09 17:05:27,366] Trial 276 finished with value: 0.18807128973751192 and parameters: {'learning_rate': 0.019088866265242015, 'depth': 11, 'l2_leaf_reg': 0.3745376936850276, 'min_child_samples': 8}. Best is trial 247 with value: 0.1863413750580257.
[I 2025-03-09 17:05:29,726] Trial 277 finished with value: 0.1911136918034673 and parameters: {'learning_rate': 0.01959612481728005, 'depth': 10, 'l2_leaf_reg': 0.532308045010223, 'min_child_samples': 1}. Best is trial 247 with value: 0.1863413750580257.
[I 2025-03-09 17:05:32,900] Trial 278 finished with value: 0.18670729465842545 and parameters: {'learning_rate': 0.01998651985856884, 'depth': 11, 'l2_leaf_reg': 0.46932867652367566, 'min_child_samples': 8}. Best is trial 247 with value: 0.1863413750580257.
[I 2025-03-09 17:05:34,239] Trial 279 finished with value: 0.23923201810111547 and parameters: {'learning_rate': 0.01861414851987695, 'depth': 6, 'l2_leaf_reg': 0.6549281662692222, 'min_child_samples': 8}. Best is trial 247 with value: 0.1863413750580257.
[I 2025-03-09 17:05:37,330] Trial 280 finished with value: 0.1898444459627415 and parameters: {'learning_rate': 0.01939998299687184, 'depth': 11, 'l2_leaf_reg': 0.3457895980999147, 'min_child_samples': 8}. Best is trial 247 with value: 0.1863413750580257.
[I 2025-03-09 17:05:40,336] Trial 281 finished with value: 0.18882840025639583 and parameters: {'learning_rate': 0.01961952017457908, 'depth': 11, 'l2_leaf_reg': 0.4398041738227188, 'min_child_samples': 8}. Best is trial 247 with value: 0.1863413750580257.
[I 2025-03-09 17:05:42,897] Trial 282 finished with value: 0.19287775910411545 and parameters: {'learning_rate': 0.018934807150967948, 'depth': 10, 'l2_leaf_reg': 2.0273879687245753, 'min_child_samples': 8}. Best is trial 247 with value: 0.1863413750580257.
[I 2025-03-09 17:05:45,750] Trial 283 finished with value: 0.1874000382707532 and parameters: {'learning_rate': 0.019977455774872307, 'depth': 11, 'l2_leaf_reg': 2.2241843897465814, 'min_child_samples': 8}. Best is trial 247 with value: 0.1863413750580257.
[I 2025-03-09 17:05:49,650] Trial 284 finished with value: 0.19011145582896063 and parameters: {'learning_rate': 0.019996764833233795, 'depth': 12, 'l2_leaf_reg': 0.0027869324787952454, 'min_child_samples': 16}. Best is trial 247 with value: 0.1863413750580257.
[I 2025-03-09 17:05:52,745] Trial 285 finished with value: 0.18914234901800517 and parameters: {'learning_rate': 0.01928624478987439, 'depth': 11, 'l2_leaf_reg': 0.5846682087003793, 'min_child_samples': 8}. Best is trial 247 with value: 0.1863413750580257.
[I 2025-03-09 17:05:55,849] Trial 286 finished with value: 0.18776815752949136 and parameters: {'learning_rate': 0.019622532815297536, 'depth': 11, 'l2_leaf_reg': 0.36652539627523445, 'min_child_samples': 1}. Best is trial 247 with value: 0.1863413750580257.
[I 2025-03-09 17:05:58,702] Trial 287 finished with value: 0.23129968232151943 and parameters: {'learning_rate': 0.00864504674407154, 'depth': 11, 'l2_leaf_reg': 0.41418767624473707, 'min_child_samples': 8}. Best is trial 247 with value: 0.1863413750580257.
[I 2025-03-09 17:06:02,727] Trial 288 finished with value: 0.1896503375647045 and parameters: {'learning_rate': 0.01927443137504091, 'depth': 12, 'l2_leaf_reg': 0.7538339124327968, 'min_child_samples': 8}. Best is trial 247 with value: 0.1863413750580257.
[I 2025-03-09 17:06:05,343] Trial 289 finished with value: 0.19198093199887986 and parameters: {'learning_rate': 0.018769473550573085, 'depth': 10, 'l2_leaf_reg': 2.129656062032261, 'min_child_samples': 8}. Best is trial 247 with value: 0.1863413750580257.
[I 2025-03-09 17:06:08,173] Trial 290 finished with value: 0.1881400401886651 and parameters: {'learning_rate': 0.01966385247665095, 'depth': 11, 'l2_leaf_reg': 0.10295868344361522, 'min_child_samples': 8}. Best is trial 247 with value: 0.1863413750580257.
[I 2025-03-09 17:06:12,060] Trial 291 finished with value: 0.19170174359828462 and parameters: {'learning_rate': 0.019618235300942095, 'depth': 12, 'l2_leaf_reg': 0.5253224661059348, 'min_child_samples': 8}. Best is trial 247 with value: 0.1863413750580257.
[I 2025-03-09 17:06:15,149] Trial 292 finished with value: 0.18784537930868114 and parameters: {'learning_rate': 0.019992500059545032, 'depth': 11, 'l2_leaf_reg': 0.3073466900629361, 'min_child_samples': 32}. Best is trial 247 with value: 0.1863413750580257.
[I 2025-03-09 17:06:17,574] Trial 293 finished with value: 0.19273792481270122 and parameters: {'learning_rate': 0.019097547843750628, 'depth': 10, 'l2_leaf_reg': 0.6387321967979144, 'min_child_samples': 8}. Best is trial 247 with value: 0.1863413750580257.
[I 2025-03-09 17:06:20,605] Trial 294 finished with value: 0.18923360319241114 and parameters: {'learning_rate': 0.01939234076314022, 'depth': 11, 'l2_leaf_reg': 0.47637574623252193, 'min_child_samples': 8}. Best is trial 247 with value: 0.1863413750580257.
[I 2025-03-09 17:06:23,370] Trial 295 finished with value: 0.18989169542960269 and parameters: {'learning_rate': 0.01827589434223833, 'depth': 11, 'l2_leaf_reg': 1.9650704989560985, 'min_child_samples': 1}. Best is trial 247 with value: 0.1863413750580257.
[I 2025-03-09 17:06:26,414] Trial 296 finished with value: 0.19907564941045752 and parameters: {'learning_rate': 0.013064685458255102, 'depth': 11, 'l2_leaf_reg': 0.2163820265708329, 'min_child_samples': 8}. Best is trial 247 with value: 0.1863413750580257.
[I 2025-03-09 17:06:28,756] Trial 297 finished with value: 0.19326911542198402 and parameters: {'learning_rate': 0.018884821577778363, 'depth': 10, 'l2_leaf_reg': 0.5720166729495674, 'min_child_samples': 8}. Best is trial 247 with value: 0.1863413750580257.
[I 2025-03-09 17:06:31,829] Trial 298 finished with value: 0.39583644638149357 and parameters: {'learning_rate': 0.004019248496714913, 'depth': 11, 'l2_leaf_reg': 0.7037198843998038, 'min_child_samples': 8}. Best is trial 247 with value: 0.1863413750580257.
[I 2025-03-09 17:06:35,781] Trial 299 finished with value: 0.1903875818547251 and parameters: {'learning_rate': 0.019984003987182874, 'depth': 12, 'l2_leaf_reg': 0.41825663903180854, 'min_child_samples': 8}. Best is trial 247 with value: 0.1863413750580257.
[I 2025-03-09 17:06:38,895] Trial 300 finished with value: 0.1891464052638066 and parameters: {'learning_rate': 0.01962141274068464, 'depth': 11, 'l2_leaf_reg': 0.3360655063258125, 'min_child_samples': 8}. Best is trial 247 with value: 0.1863413750580257.
[I 2025-03-09 17:06:41,994] Trial 301 finished with value: 0.1902756873925958 and parameters: {'learning_rate': 0.019342994857844978, 'depth': 11, 'l2_leaf_reg': 0.7930929983895827, 'min_child_samples': 8}. Best is trial 247 with value: 0.1863413750580257.
[I 2025-03-09 17:06:44,869] Trial 302 finished with value: 0.18766658137303033 and parameters: {'learning_rate': 0.01969111436279184, 'depth': 11, 'l2_leaf_reg': 0.2626433345914443, 'min_child_samples': 8}. Best is trial 247 with value: 0.1863413750580257.
[I 2025-03-09 17:06:48,897] Trial 303 finished with value: 0.1914657945804299 and parameters: {'learning_rate': 0.019104840388930615, 'depth': 12, 'l2_leaf_reg': 0.5187849160164412, 'min_child_samples': 1}. Best is trial 247 with value: 0.1863413750580257.
[I 2025-03-09 17:06:51,350] Trial 304 finished with value: 0.19271701888554035 and parameters: {'learning_rate': 0.01969107940743561, 'depth': 10, 'l2_leaf_reg': 0.16237540003203402, 'min_child_samples': 8}. Best is trial 247 with value: 0.1863413750580257.
[I 2025-03-09 17:06:54,257] Trial 305 finished with value: 0.18949373579517592 and parameters: {'learning_rate': 0.019297760717219507, 'depth': 11, 'l2_leaf_reg': 0.4006679960618058, 'min_child_samples': 8}. Best is trial 247 with value: 0.1863413750580257.
[I 2025-03-09 17:06:56,773] Trial 306 finished with value: 0.191736442821584 and parameters: {'learning_rate': 0.01998641309650681, 'depth': 10, 'l2_leaf_reg': 0.6016080528613152, 'min_child_samples': 8}. Best is trial 247 with value: 0.1863413750580257.
[I 2025-03-09 17:06:59,668] Trial 307 finished with value: 0.1882474687771435 and parameters: {'learning_rate': 0.018718291744897263, 'depth': 11, 'l2_leaf_reg': 0.4632772086268287, 'min_child_samples': 8}. Best is trial 247 with value: 0.1863413750580257.
[I 2025-03-09 17:07:02,717] Trial 308 finished with value: 0.18757477665386627 and parameters: {'learning_rate': 0.01999695040672176, 'depth': 11, 'l2_leaf_reg': 0.35912921231181083, 'min_child_samples': 16}. Best is trial 247 with value: 0.1863413750580257.
[I 2025-03-09 17:07:06,729] Trial 309 finished with value: 0.1908740393542514 and parameters: {'learning_rate': 0.019353623342265168, 'depth': 12, 'l2_leaf_reg': 0.5514413854371081, 'min_child_samples': 8}. Best is trial 247 with value: 0.1863413750580257.
[I 2025-03-09 17:07:09,601] Trial 310 finished with value: 0.18809954485519423 and parameters: {'learning_rate': 0.01959961112421434, 'depth': 11, 'l2_leaf_reg': 0.6774689493254229, 'min_child_samples': 8}. Best is trial 247 with value: 0.1863413750580257.
[I 2025-03-09 17:07:12,429] Trial 311 finished with value: 0.205064218560679 and parameters: {'learning_rate': 0.011824333478892154, 'depth': 11, 'l2_leaf_reg': 0.2649098359172651, 'min_child_samples': 8}. Best is trial 247 with value: 0.1863413750580257.
[I 2025-03-09 17:07:15,224] Trial 312 finished with value: 0.22341753035126952 and parameters: {'learning_rate': 0.009301725405498375, 'depth': 11, 'l2_leaf_reg': 0.46260383692041546, 'min_child_samples': 8}. Best is trial 247 with value: 0.1863413750580257.
[I 2025-03-09 17:07:17,753] Trial 313 finished with value: 0.19221297333476364 and parameters: {'learning_rate': 0.018953421922698298, 'depth': 10, 'l2_leaf_reg': 0.31944747106336696, 'min_child_samples': 1}. Best is trial 247 with value: 0.1863413750580257.
[I 2025-03-09 17:07:21,802] Trial 314 finished with value: 0.1908221938162007 and parameters: {'learning_rate': 0.01999773454579774, 'depth': 12, 'l2_leaf_reg': 0.08260081786459894, 'min_child_samples': 8}. Best is trial 247 with value: 0.1863413750580257.
[I 2025-03-09 17:07:24,948] Trial 315 finished with value: 0.18896535544608392 and parameters: {'learning_rate': 0.019586325251404555, 'depth': 11, 'l2_leaf_reg': 2.3691584633386977, 'min_child_samples': 8}. Best is trial 247 with value: 0.1863413750580257.
[I 2025-03-09 17:07:27,201] Trial 316 finished with value: 0.19258300106564388 and parameters: {'learning_rate': 0.018392322587452048, 'depth': 10, 'l2_leaf_reg': 0.18937505566872964, 'min_child_samples': 8}. Best is trial 247 with value: 0.1863413750580257.
[I 2025-03-09 17:07:30,295] Trial 317 finished with value: 0.18826401716264984 and parameters: {'learning_rate': 0.01918826163520198, 'depth': 11, 'l2_leaf_reg': 0.38873945856366227, 'min_child_samples': 32}. Best is trial 247 with value: 0.1863413750580257.
[I 2025-03-09 17:07:34,144] Trial 318 finished with value: 0.19123321613587238 and parameters: {'learning_rate': 0.019636197324434272, 'depth': 12, 'l2_leaf_reg': 0.516249596462092, 'min_child_samples': 8}. Best is trial 247 with value: 0.1863413750580257.
[I 2025-03-09 17:07:35,932] Trial 319 finished with value: 0.20750619055405406 and parameters: {'learning_rate': 0.019981888438899028, 'depth': 8, 'l2_leaf_reg': 0.6273167475713536, 'min_child_samples': 8}. Best is trial 247 with value: 0.1863413750580257.
[I 2025-03-09 17:07:39,118] Trial 320 finished with value: 0.18857979690510077 and parameters: {'learning_rate': 0.01923864027123068, 'depth': 11, 'l2_leaf_reg': 0.703646135216995, 'min_child_samples': 8}. Best is trial 247 with value: 0.1863413750580257.
[I 2025-03-09 17:07:42,040] Trial 321 finished with value: 0.1889551942125053 and parameters: {'learning_rate': 0.019612578932601776, 'depth': 11, 'l2_leaf_reg': 0.23661612511370061, 'min_child_samples': 1}. Best is trial 247 with value: 0.1863413750580257.
[I 2025-03-09 17:07:45,106] Trial 322 finished with value: 0.18848168987907796 and parameters: {'learning_rate': 0.018756929657380277, 'depth': 11, 'l2_leaf_reg': 0.45851221351238614, 'min_child_samples': 8}. Best is trial 247 with value: 0.1863413750580257.
[I 2025-03-09 17:07:49,112] Trial 323 finished with value: 0.18949963864880648 and parameters: {'learning_rate': 0.01963184994725965, 'depth': 12, 'l2_leaf_reg': 0.31632915450161714, 'min_child_samples': 8}. Best is trial 247 with value: 0.1863413750580257.
[I 2025-03-09 17:07:51,565] Trial 324 finished with value: 0.18979544593464848 and parameters: {'learning_rate': 0.019992225573190928, 'depth': 10, 'l2_leaf_reg': 0.5766964478820614, 'min_child_samples': 8}. Best is trial 247 with value: 0.1863413750580257.
[I 2025-03-09 17:07:54,646] Trial 325 finished with value: 0.18941589508853537 and parameters: {'learning_rate': 0.019269200442262976, 'depth': 11, 'l2_leaf_reg': 0.41294346331589254, 'min_child_samples': 8}. Best is trial 247 with value: 0.1863413750580257.
[I 2025-03-09 17:07:57,690] Trial 326 finished with value: 0.18951119024087348 and parameters: {'learning_rate': 0.018929292407280383, 'depth': 11, 'l2_leaf_reg': 0.4986747623473488, 'min_child_samples': 8}. Best is trial 247 with value: 0.1863413750580257.
[I 2025-03-09 17:08:00,613] Trial 327 finished with value: 0.1866307044482283 and parameters: {'learning_rate': 0.019993717169399537, 'depth': 11, 'l2_leaf_reg': 0.37197143514637027, 'min_child_samples': 8}. Best is trial 247 with value: 0.1863413750580257.
[I 2025-03-09 17:08:04,676] Trial 328 finished with value: 0.19062763263931565 and parameters: {'learning_rate': 0.019650387242190325, 'depth': 12, 'l2_leaf_reg': 0.3766524628852676, 'min_child_samples': 8}. Best is trial 247 with value: 0.1863413750580257.
[I 2025-03-09 17:08:07,720] Trial 329 finished with value: 0.1871124705630056 and parameters: {'learning_rate': 0.019993295686976425, 'depth': 11, 'l2_leaf_reg': 0.5464506042278807, 'min_child_samples': 8}. Best is trial 247 with value: 0.1863413750580257.
[I 2025-03-09 17:08:10,858] Trial 330 finished with value: 0.1895285484315088 and parameters: {'learning_rate': 0.01933721213114123, 'depth': 11, 'l2_leaf_reg': 0.6164709091909137, 'min_child_samples': 1}. Best is trial 247 with value: 0.1863413750580257.
[I 2025-03-09 17:08:13,315] Trial 331 finished with value: 0.19243746941626608 and parameters: {'learning_rate': 0.019633937566297013, 'depth': 10, 'l2_leaf_reg': 0.553186644034398, 'min_child_samples': 8}. Best is trial 247 with value: 0.1863413750580257.
[I 2025-03-09 17:08:16,127] Trial 332 finished with value: 0.18832014739313951 and parameters: {'learning_rate': 0.0190809324940515, 'depth': 11, 'l2_leaf_reg': 0.7573533591939318, 'min_child_samples': 8}. Best is trial 247 with value: 0.1863413750580257.
[I 2025-03-09 17:08:17,582] Trial 333 finished with value: 0.29670120185668863 and parameters: {'learning_rate': 0.019668396061505885, 'depth': 4, 'l2_leaf_reg': 0.5112556947028529, 'min_child_samples': 16}. Best is trial 247 with value: 0.1863413750580257.
[I 2025-03-09 17:08:22,964] Trial 334 finished with value: 0.1898920680010816 and parameters: {'learning_rate': 0.01999127800378067, 'depth': 12, 'l2_leaf_reg': 0.6529051327712659, 'min_child_samples': 8}. Best is trial 247 with value: 0.1863413750580257.
[I 2025-03-09 17:08:27,499] Trial 335 finished with value: 0.18912332876436957 and parameters: {'learning_rate': 0.01933730056177311, 'depth': 11, 'l2_leaf_reg': 0.5774090715372108, 'min_child_samples': 8}. Best is trial 247 with value: 0.1863413750580257.
[I 2025-03-09 17:08:31,815] Trial 336 finished with value: 0.19162171954081098 and parameters: {'learning_rate': 0.018671807567669313, 'depth': 10, 'l2_leaf_reg': 0.44990112498455387, 'min_child_samples': 8}. Best is trial 247 with value: 0.1863413750580257.
[I 2025-03-09 17:08:36,120] Trial 337 finished with value: 0.18739425285998024 and parameters: {'learning_rate': 0.019977106971793376, 'depth': 11, 'l2_leaf_reg': 0.684608823370147, 'min_child_samples': 8}. Best is trial 247 with value: 0.1863413750580257.
[I 2025-03-09 17:08:39,920] Trial 338 finished with value: 0.18840084041937227 and parameters: {'learning_rate': 0.019998909792165325, 'depth': 11, 'l2_leaf_reg': 0.5332113291732228, 'min_child_samples': 32}. Best is trial 247 with value: 0.1863413750580257.
[I 2025-03-09 17:08:50,109] Trial 339 finished with value: 0.21096440431666924 and parameters: {'learning_rate': 0.019324392167850805, 'depth': 14, 'l2_leaf_reg': 0.4823645138268119, 'min_child_samples': 8}. Best is trial 247 with value: 0.1863413750580257.
[I 2025-03-09 17:08:54,193] Trial 340 finished with value: 0.19244940644035652 and parameters: {'learning_rate': 0.019598997756797975, 'depth': 12, 'l2_leaf_reg': 0.722581937023192, 'min_child_samples': 1}. Best is trial 247 with value: 0.1863413750580257.
[I 2025-03-09 17:08:57,310] Trial 341 finished with value: 0.18911321420527039 and parameters: {'learning_rate': 0.01900332471410958, 'depth': 11, 'l2_leaf_reg': 0.15462414186359952, 'min_child_samples': 8}. Best is trial 247 with value: 0.1863413750580257.
[I 2025-03-09 17:09:00,121] Trial 342 finished with value: 0.19267668501200935 and parameters: {'learning_rate': 0.01579543441196624, 'depth': 11, 'l2_leaf_reg': 0.8009715955223223, 'min_child_samples': 8}. Best is trial 247 with value: 0.1863413750580257.
[I 2025-03-09 17:09:02,576] Trial 343 finished with value: 0.19085383977099776 and parameters: {'learning_rate': 0.019410367876113374, 'depth': 10, 'l2_leaf_reg': 2.020120466614922, 'min_child_samples': 8}. Best is trial 247 with value: 0.1863413750580257.
[I 2025-03-09 17:09:05,552] Trial 344 finished with value: 0.19026034600642427 and parameters: {'learning_rate': 0.018410904350575658, 'depth': 11, 'l2_leaf_reg': 0.6176131923042057, 'min_child_samples': 4}. Best is trial 247 with value: 0.1863413750580257.
[I 2025-03-09 17:09:08,786] Trial 345 finished with value: 0.1874214711976733 and parameters: {'learning_rate': 0.01964308723120248, 'depth': 11, 'l2_leaf_reg': 0.34151336383389197, 'min_child_samples': 8}. Best is trial 247 with value: 0.1863413750580257.
[I 2025-03-09 17:09:11,429] Trial 346 finished with value: 0.19308827748508411 and parameters: {'learning_rate': 0.018003412731504333, 'depth': 10, 'l2_leaf_reg': 0.44577734465058105, 'min_child_samples': 8}. Best is trial 247 with value: 0.1863413750580257.
[I 2025-03-09 17:09:15,438] Trial 347 finished with value: 0.19241480508907266 and parameters: {'learning_rate': 0.018997622833377994, 'depth': 12, 'l2_leaf_reg': 0.5864254686638578, 'min_child_samples': 8}. Best is trial 247 with value: 0.1863413750580257.
[I 2025-03-09 17:09:18,349] Trial 348 finished with value: 0.1883537519230677 and parameters: {'learning_rate': 0.01965682010183267, 'depth': 11, 'l2_leaf_reg': 0.487183554587933, 'min_child_samples': 8}. Best is trial 247 with value: 0.1863413750580257.
[I 2025-03-09 17:09:22,306] Trial 349 finished with value: 0.18931171174131706 and parameters: {'learning_rate': 0.01998977750706069, 'depth': 12, 'l2_leaf_reg': 0.22914126089356981, 'min_child_samples': 1}. Best is trial 247 with value: 0.1863413750580257.
[I 2025-03-09 17:09:25,632] Trial 350 finished with value: 0.18931879636675644 and parameters: {'learning_rate': 0.019363705830303342, 'depth': 11, 'l2_leaf_reg': 0.5469918821803179, 'min_child_samples': 8}. Best is trial 247 with value: 0.1863413750580257.
[I 2025-03-09 17:09:28,509] Trial 351 finished with value: 0.18713285991941603 and parameters: {'learning_rate': 0.019648830797977246, 'depth': 11, 'l2_leaf_reg': 0.6590441424501803, 'min_child_samples': 8}. Best is trial 247 with value: 0.1863413750580257.
[I 2025-03-09 17:09:31,530] Trial 352 finished with value: 0.2430016977389788 and parameters: {'learning_rate': 0.007901743125384646, 'depth': 11, 'l2_leaf_reg': 0.6730405021669776, 'min_child_samples': 8}. Best is trial 247 with value: 0.1863413750580257.
[I 2025-03-09 17:09:33,966] Trial 353 finished with value: 0.1894812540978106 and parameters: {'learning_rate': 0.01997832460850082, 'depth': 10, 'l2_leaf_reg': 1.9358695222404505, 'min_child_samples': 8}. Best is trial 247 with value: 0.1863413750580257.
[I 2025-03-09 17:09:37,122] Trial 354 finished with value: 0.18811346850232455 and parameters: {'learning_rate': 0.0191095602586676, 'depth': 11, 'l2_leaf_reg': 0.8041854211485349, 'min_child_samples': 4}. Best is trial 247 with value: 0.1863413750580257.
[I 2025-03-09 17:09:39,472] Trial 355 finished with value: 0.19112166063305772 and parameters: {'learning_rate': 0.019639436426750468, 'depth': 10, 'l2_leaf_reg': 0.7324597489805097, 'min_child_samples': 8}. Best is trial 247 with value: 0.1863413750580257.
