[I 2025-03-09 17:32:08,529] Trial 280 finished with value: 0.4761594226265966 and parameters: {'learning_rate': 0.01962852173507101, 'depth': 9, 'l2_leaf_reg': 0.11501730349171685, 'min_child_samples': 1}. Best is trial 205 with value: 0.4692997984893127.
[I 2025-03-09 17:32:11,012] Trial 281 finished with value: 0.47503859704912305 and parameters: {'learning_rate': 0.01922396170969867, 'depth': 10, 'l2_leaf_reg': 0.0015969057989454818, 'min_child_samples': 1}. Best is trial 205 with value: 0.4692997984893127.
[I 2025-03-09 17:32:13,463] Trial 282 finished with value: 0.47120509588293463 and parameters: {'learning_rate': 0.019654435999218456, 'depth': 10, 'l2_leaf_reg': 0.0018993297046377023, 'min_child_samples': 1}. Best is trial 205 with value: 0.4692997984893127.
[I 2025-03-09 17:32:16,635] Trial 283 finished with value: 0.4774661667065151 and parameters: {'learning_rate': 0.019987453654854128, 'depth': 11, 'l2_leaf_reg': 0.08610227836080946, 'min_child_samples': 1}. Best is trial 205 with value: 0.4692997984893127.
[I 2025-03-09 17:32:19,038] Trial 284 finished with value: 0.4770530942353337 and parameters: {'learning_rate': 0.018668032362315557, 'depth': 10, 'l2_leaf_reg': 0.1339663576594535, 'min_child_samples': 1}. Best is trial 205 with value: 0.4692997984893127.
[I 2025-03-09 17:32:21,636] Trial 285 finished with value: 0.4764349637871345 and parameters: {'learning_rate': 0.019090241738806434, 'depth': 10, 'l2_leaf_reg': 0.2345541527728043, 'min_child_samples': 1}. Best is trial 205 with value: 0.4692997984893127.
[I 2025-03-09 17:32:23,757] Trial 286 finished with value: 0.4745663005721828 and parameters: {'learning_rate': 0.019995434074036793, 'depth': 9, 'l2_leaf_reg': 0.0558354644270948, 'min_child_samples': 1}. Best is trial 205 with value: 0.4692997984893127.
[I 2025-03-09 17:32:26,236] Trial 287 finished with value: 0.4705503339482549 and parameters: {'learning_rate': 0.019600478762351825, 'depth': 10, 'l2_leaf_reg': 0.19029888777908882, 'min_child_samples': 8}. Best is trial 205 with value: 0.4692997984893127.
[I 2025-03-09 17:32:28,675] Trial 288 finished with value: 0.4754452294954846 and parameters: {'learning_rate': 0.018444519350237765, 'depth': 10, 'l2_leaf_reg': 0.20951188002595034, 'min_child_samples': 8}. Best is trial 205 with value: 0.4692997984893127.
[I 2025-03-09 17:32:31,648] Trial 289 finished with value: 0.477308425834895 and parameters: {'learning_rate': 0.0193616555410554, 'depth': 11, 'l2_leaf_reg': 0.1485238454883108, 'min_child_samples': 8}. Best is trial 205 with value: 0.4692997984893127.
[I 2025-03-09 17:32:33,749] Trial 290 finished with value: 0.47570959225168424 and parameters: {'learning_rate': 0.019589901170504995, 'depth': 9, 'l2_leaf_reg': 0.0006560944266145487, 'min_child_samples': 8}. Best is trial 205 with value: 0.4692997984893127.
[I 2025-03-09 17:32:36,323] Trial 291 finished with value: 0.4743907112122015 and parameters: {'learning_rate': 0.01901173807078896, 'depth': 10, 'l2_leaf_reg': 0.26252082239680313, 'min_child_samples': 8}. Best is trial 205 with value: 0.4692997984893127.
[I 2025-03-09 17:32:38,821] Trial 292 finished with value: 0.4733787313451813 and parameters: {'learning_rate': 0.019606033672066855, 'depth': 10, 'l2_leaf_reg': 0.18885576772240834, 'min_child_samples': 8}. Best is trial 205 with value: 0.4692997984893127.
[I 2025-03-09 17:32:41,109] Trial 293 finished with value: 1.1399553903749688 and parameters: {'learning_rate': 0.0016338210062605968, 'depth': 10, 'l2_leaf_reg': 0.058877575758861926, 'min_child_samples': 16}. Best is trial 205 with value: 0.4692997984893127.
[I 2025-03-09 17:32:44,045] Trial 294 finished with value: 0.6221142404416847 and parameters: {'learning_rate': 0.005703543715826043, 'depth': 11, 'l2_leaf_reg': 1.6645971413014493, 'min_child_samples': 32}. Best is trial 205 with value: 0.4692997984893127.
[I 2025-03-09 17:32:46,504] Trial 295 finished with value: 0.4746847799448472 and parameters: {'learning_rate': 0.019171553206312503, 'depth': 10, 'l2_leaf_reg': 0.118644222549736, 'min_child_samples': 8}. Best is trial 205 with value: 0.4692997984893127.
[I 2025-03-09 17:32:48,648] Trial 296 finished with value: 0.4770781211417817 and parameters: {'learning_rate': 0.019567141360825983, 'depth': 9, 'l2_leaf_reg': 0.06300480542127482, 'min_child_samples': 1}. Best is trial 205 with value: 0.4692997984893127.
[I 2025-03-09 17:32:51,114] Trial 297 finished with value: 0.47122183737634565 and parameters: {'learning_rate': 0.019635889160212784, 'depth': 10, 'l2_leaf_reg': 0.0013360404004875148, 'min_child_samples': 1}. Best is trial 205 with value: 0.4692997984893127.
[I 2025-03-09 17:32:53,645] Trial 298 finished with value: 0.4744607283319479 and parameters: {'learning_rate': 0.018631593035519884, 'depth': 10, 'l2_leaf_reg': 0.14903791925143697, 'min_child_samples': 1}. Best is trial 205 with value: 0.4692997984893127.
[I 2025-03-09 17:32:56,253] Trial 299 finished with value: 0.4760327804061602 and parameters: {'learning_rate': 0.019248226439257936, 'depth': 10, 'l2_leaf_reg': 0.008625213715355028, 'min_child_samples': 1}. Best is trial 205 with value: 0.4692997984893127.
[I 2025-03-09 17:32:57,683] Trial 300 finished with value: 0.5039915773991315 and parameters: {'learning_rate': 0.019613631021211046, 'depth': 6, 'l2_leaf_reg': 0.10478653827427192, 'min_child_samples': 1}. Best is trial 205 with value: 0.4692997984893127.
[I 2025-03-09 17:32:59,832] Trial 301 finished with value: 0.4765966182194137 and parameters: {'learning_rate': 0.019123442786655107, 'depth': 9, 'l2_leaf_reg': 0.056350242012982305, 'min_child_samples': 1}. Best is trial 205 with value: 0.4692997984893127.
[I 2025-03-09 17:33:02,238] Trial 302 finished with value: 0.4722774282710797 and parameters: {'learning_rate': 0.019614716106734768, 'depth': 10, 'l2_leaf_reg': 0.0015986425360984963, 'min_child_samples': 1}. Best is trial 205 with value: 0.4692997984893127.
[I 2025-03-09 17:33:05,359] Trial 303 finished with value: 0.4773504801944143 and parameters: {'learning_rate': 0.01886112680480236, 'depth': 11, 'l2_leaf_reg': 0.19988438167531827, 'min_child_samples': 1}. Best is trial 205 with value: 0.4692997984893127.
[I 2025-03-09 17:33:07,962] Trial 304 finished with value: 0.47267058385482336 and parameters: {'learning_rate': 0.019612841276077642, 'depth': 10, 'l2_leaf_reg': 0.12688590894084334, 'min_child_samples': 8}. Best is trial 205 with value: 0.4692997984893127.
[I 2025-03-09 17:33:10,232] Trial 305 finished with value: 0.4736068732504579 and parameters: {'learning_rate': 0.01999493840424495, 'depth': 10, 'l2_leaf_reg': 0.06894847062121458, 'min_child_samples': 1}. Best is trial 205 with value: 0.4692997984893127.
[I 2025-03-09 17:33:13,191] Trial 306 finished with value: 0.47705211195952174 and parameters: {'learning_rate': 0.019261195225176605, 'depth': 11, 'l2_leaf_reg': 0.1645813548213677, 'min_child_samples': 1}. Best is trial 205 with value: 0.4692997984893127.
[I 2025-03-09 17:33:15,292] Trial 307 finished with value: 0.4745960127125676 and parameters: {'learning_rate': 0.0199988183143146, 'depth': 9, 'l2_leaf_reg': 0.26474133014329987, 'min_child_samples': 1}. Best is trial 205 with value: 0.4692997984893127.
[I 2025-03-09 17:33:17,858] Trial 308 finished with value: 0.4766065547501969 and parameters: {'learning_rate': 0.018347778052290847, 'depth': 10, 'l2_leaf_reg': 0.10991931408066263, 'min_child_samples': 1}. Best is trial 205 with value: 0.4692997984893127.
[I 2025-03-09 17:33:20,933] Trial 309 finished with value: 0.47798875263486024 and parameters: {'learning_rate': 0.01888686454996671, 'depth': 11, 'l2_leaf_reg': 0.05582756123840817, 'min_child_samples': 1}. Best is trial 205 with value: 0.4692997984893127.
[I 2025-03-09 17:33:23,518] Trial 310 finished with value: 0.4718606785334792 and parameters: {'learning_rate': 0.01964469226049558, 'depth': 10, 'l2_leaf_reg': 1.3459832958703482, 'min_child_samples': 1}. Best is trial 205 with value: 0.4692997984893127.
[I 2025-03-09 17:33:25,905] Trial 311 finished with value: 0.47555200409885107 and parameters: {'learning_rate': 0.019230321069075528, 'depth': 10, 'l2_leaf_reg': 0.21291965448897043, 'min_child_samples': 1}. Best is trial 205 with value: 0.4692997984893127.
[I 2025-03-09 17:33:28,080] Trial 312 finished with value: 0.4762075373170355 and parameters: {'learning_rate': 0.019578921470931206, 'depth': 9, 'l2_leaf_reg': 0.0004296831673448881, 'min_child_samples': 1}. Best is trial 205 with value: 0.4692997984893127.
[I 2025-03-09 17:33:30,166] Trial 313 finished with value: 0.4969021351583501 and parameters: {'learning_rate': 0.01179187620150022, 'depth': 10, 'l2_leaf_reg': 0.10429687895320677, 'min_child_samples': 8}. Best is trial 205 with value: 0.4692997984893127.
[I 2025-03-09 17:33:32,739] Trial 314 finished with value: 0.4754268327687929 and parameters: {'learning_rate': 0.019345833823017095, 'depth': 10, 'l2_leaf_reg': 0.04947832041157839, 'min_child_samples': 1}. Best is trial 205 with value: 0.4692997984893127.
[I 2025-03-09 17:33:35,293] Trial 315 finished with value: 0.472657539670365 and parameters: {'learning_rate': 0.019611698247999493, 'depth': 10, 'l2_leaf_reg': 0.1552723320882758, 'min_child_samples': 16}. Best is trial 205 with value: 0.4692997984893127.
[I 2025-03-09 17:33:37,425] Trial 316 finished with value: 0.47779395412144654 and parameters: {'learning_rate': 0.019991312791876298, 'depth': 9, 'l2_leaf_reg': 0.09170253151392574, 'min_child_samples': 1}. Best is trial 205 with value: 0.4692997984893127.
[I 2025-03-09 17:33:40,239] Trial 317 finished with value: 0.47849520161801845 and parameters: {'learning_rate': 0.018860905146938205, 'depth': 11, 'l2_leaf_reg': 0.002008066018699746, 'min_child_samples': 1}. Best is trial 205 with value: 0.4692997984893127.
[I 2025-03-09 17:33:42,685] Trial 318 finished with value: 0.4736119149956492 and parameters: {'learning_rate': 0.019657770660373396, 'depth': 10, 'l2_leaf_reg': 0.17257656047380468, 'min_child_samples': 1}. Best is trial 205 with value: 0.4692997984893127.
[I 2025-03-09 17:33:45,170] Trial 319 finished with value: 0.47481451229564753 and parameters: {'learning_rate': 0.019195749910675335, 'depth': 10, 'l2_leaf_reg': 0.0017581230265883425, 'min_child_samples': 32}. Best is trial 205 with value: 0.4692997984893127.
[I 2025-03-09 17:33:47,853] Trial 320 finished with value: 0.4713062550325959 and parameters: {'learning_rate': 0.019671044998257996, 'depth': 10, 'l2_leaf_reg': 0.062350529790014944, 'min_child_samples': 1}. Best is trial 205 with value: 0.4692997984893127.
[I 2025-03-09 17:33:50,939] Trial 321 finished with value: 0.47675844632041625 and parameters: {'learning_rate': 0.01928467303197319, 'depth': 11, 'l2_leaf_reg': 0.05919215402126159, 'min_child_samples': 1}. Best is trial 205 with value: 0.4692997984893127.
[I 2025-03-09 17:33:53,106] Trial 322 finished with value: 0.47591147769627073 and parameters: {'learning_rate': 0.01997948262471723, 'depth': 9, 'l2_leaf_reg': 0.06034832120634684, 'min_child_samples': 1}. Best is trial 205 with value: 0.4692997984893127.
[I 2025-03-09 17:33:55,736] Trial 323 finished with value: 0.4709140506346396 and parameters: {'learning_rate': 0.019997106725723152, 'depth': 10, 'l2_leaf_reg': 0.09886801982598968, 'min_child_samples': 1}. Best is trial 205 with value: 0.4692997984893127.
[I 2025-03-09 17:33:58,208] Trial 324 finished with value: 0.4715487811966459 and parameters: {'learning_rate': 0.019640971087017622, 'depth': 10, 'l2_leaf_reg': 0.2117387647867972, 'min_child_samples': 1}. Best is trial 205 with value: 0.4692997984893127.
[I 2025-03-09 17:34:01,288] Trial 325 finished with value: 0.47901544623052844 and parameters: {'learning_rate': 0.01863835550793776, 'depth': 11, 'l2_leaf_reg': 0.24612422159476022, 'min_child_samples': 8}. Best is trial 205 with value: 0.4692997984893127.
[I 2025-03-09 17:34:03,832] Trial 326 finished with value: 0.47558247213221516 and parameters: {'learning_rate': 0.01894553398451502, 'depth': 10, 'l2_leaf_reg': 0.0021960374226846486, 'min_child_samples': 1}. Best is trial 205 with value: 0.4692997984893127.
[I 2025-03-09 17:34:06,240] Trial 327 finished with value: 0.47399143031201496 and parameters: {'learning_rate': 0.01935018678467018, 'depth': 10, 'l2_leaf_reg': 0.20400618735760762, 'min_child_samples': 1}. Best is trial 205 with value: 0.4692997984893127.
[I 2025-03-09 17:34:08,147] Trial 328 finished with value: 0.4761621987382016 and parameters: {'learning_rate': 0.01970215793968865, 'depth': 9, 'l2_leaf_reg': 0.057700070294123496, 'min_child_samples': 4}. Best is trial 205 with value: 0.4692997984893127.
[I 2025-03-09 17:34:14,281] Trial 329 finished with value: 0.48990107370713537 and parameters: {'learning_rate': 0.01996265899688568, 'depth': 13, 'l2_leaf_reg': 0.31143282976561987, 'min_child_samples': 1}. Best is trial 205 with value: 0.4692997984893127.
[I 2025-03-09 17:34:16,776] Trial 330 finished with value: 0.47525229085613035 and parameters: {'learning_rate': 0.019232671022836233, 'depth': 10, 'l2_leaf_reg': 0.16253462334313917, 'min_child_samples': 1}. Best is trial 205 with value: 0.4692997984893127.
[I 2025-03-09 17:34:19,238] Trial 331 finished with value: 0.47276075720086214 and parameters: {'learning_rate': 0.019600211246546168, 'depth': 10, 'l2_leaf_reg': 0.05684654923306442, 'min_child_samples': 1}. Best is trial 205 with value: 0.4692997984893127.
[I 2025-03-09 17:34:21,253] Trial 332 finished with value: 0.47472001261007746 and parameters: {'learning_rate': 0.0199806099594306, 'depth': 9, 'l2_leaf_reg': 0.11863943539645529, 'min_child_samples': 1}. Best is trial 205 with value: 0.4692997984893127.
[I 2025-03-09 17:34:23,656] Trial 333 finished with value: 0.4763372831640213 and parameters: {'learning_rate': 0.018363057005207382, 'depth': 10, 'l2_leaf_reg': 0.0027880533663322965, 'min_child_samples': 1}. Best is trial 205 with value: 0.4692997984893127.
[I 2025-03-09 17:34:26,766] Trial 334 finished with value: 0.47808667892426104 and parameters: {'learning_rate': 0.01895875058146957, 'depth': 11, 'l2_leaf_reg': 0.2751578456620462, 'min_child_samples': 1}. Best is trial 205 with value: 0.4692997984893127.
[I 2025-03-09 17:34:29,257] Trial 335 finished with value: 0.4742057046097023 and parameters: {'learning_rate': 0.019344170046037706, 'depth': 10, 'l2_leaf_reg': 0.15160319246835746, 'min_child_samples': 8}. Best is trial 205 with value: 0.4692997984893127.
[I 2025-03-09 17:34:31,769] Trial 336 finished with value: 0.5189277826180647 and parameters: {'learning_rate': 0.009623706519638798, 'depth': 10, 'l2_leaf_reg': 0.20779425709149463, 'min_child_samples': 1}. Best is trial 205 with value: 0.4692997984893127.
[I 2025-03-09 17:34:34,806] Trial 337 finished with value: 0.47687085226386844 and parameters: {'learning_rate': 0.01962089061360749, 'depth': 11, 'l2_leaf_reg': 1.4738680636480095, 'min_child_samples': 1}. Best is trial 205 with value: 0.4692997984893127.
[I 2025-03-09 17:34:36,245] Trial 338 finished with value: 0.93900680075019 and parameters: {'learning_rate': 0.019697962593944462, 'depth': 1, 'l2_leaf_reg': 0.08395584455978182, 'min_child_samples': 1}. Best is trial 205 with value: 0.4692997984893127.
[I 2025-03-09 17:34:46,082] Trial 339 finished with value: 0.5136275170179682 and parameters: {'learning_rate': 0.018880943783787487, 'depth': 14, 'l2_leaf_reg': 0.05338297487762732, 'min_child_samples': 1}. Best is trial 205 with value: 0.4692997984893127.
[I 2025-03-09 17:34:48,414] Trial 340 finished with value: 0.4742978821168389 and parameters: {'learning_rate': 0.01932190171076597, 'depth': 10, 'l2_leaf_reg': 0.0015522455054072515, 'min_child_samples': 1}. Best is trial 205 with value: 0.4692997984893127.
[I 2025-03-09 17:34:50,999] Trial 341 finished with value: 0.4721736013806481 and parameters: {'learning_rate': 0.019979743483002407, 'depth': 10, 'l2_leaf_reg': 0.11368928214028537, 'min_child_samples': 1}. Best is trial 205 with value: 0.4692997984893127.
[I 2025-03-09 17:34:52,957] Trial 342 finished with value: 0.7277793968817271 and parameters: {'learning_rate': 0.004465962429449426, 'depth': 9, 'l2_leaf_reg': 0.1685585929259173, 'min_child_samples': 16}. Best is trial 205 with value: 0.4692997984893127.
[I 2025-03-09 17:34:55,465] Trial 343 finished with value: 0.4722543236793832 and parameters: {'learning_rate': 0.019665218843191078, 'depth': 10, 'l2_leaf_reg': 0.05753055168093467, 'min_child_samples': 1}. Best is trial 205 with value: 0.4692997984893127.
[I 2025-03-09 17:34:57,511] Trial 344 finished with value: 0.47604466767871373 and parameters: {'learning_rate': 0.019259602083786413, 'depth': 9, 'l2_leaf_reg': 0.10822539128874424, 'min_child_samples': 8}. Best is trial 205 with value: 0.4692997984893127.
[I 2025-03-09 17:34:59,987] Trial 345 finished with value: 0.4713326171039948 and parameters: {'learning_rate': 0.019980405852200185, 'depth': 10, 'l2_leaf_reg': 0.0012506850353067665, 'min_child_samples': 32}. Best is trial 205 with value: 0.4692997984893127.
[I 2025-03-09 17:35:02,997] Trial 346 finished with value: 0.48031969471056996 and parameters: {'learning_rate': 0.01862206289333557, 'depth': 11, 'l2_leaf_reg': 0.002476358843310267, 'min_child_samples': 1}. Best is trial 205 with value: 0.4692997984893127.
[I 2025-03-09 17:35:05,276] Trial 347 finished with value: 0.4726208956779225 and parameters: {'learning_rate': 0.019620820690703946, 'depth': 10, 'l2_leaf_reg': 0.05220780493108862, 'min_child_samples': 32}. Best is trial 205 with value: 0.4692997984893127.
[I 2025-03-09 17:35:08,661] Trial 348 finished with value: 0.47605825381556105 and parameters: {'learning_rate': 0.019981400834881525, 'depth': 11, 'l2_leaf_reg': 0.05995877653384988, 'min_child_samples': 32}. Best is trial 205 with value: 0.4692997984893127.
[I 2025-03-09 17:35:10,965] Trial 349 finished with value: 0.47629166429498004 and parameters: {'learning_rate': 0.019000259857546463, 'depth': 10, 'l2_leaf_reg': 0.005211828958915539, 'min_child_samples': 32}. Best is trial 205 with value: 0.4692997984893127.
[I 2025-03-09 17:35:13,471] Trial 350 finished with value: 0.47485797017648823 and parameters: {'learning_rate': 0.019430455325312932, 'depth': 10, 'l2_leaf_reg': 0.10801938127021454, 'min_child_samples': 32}. Best is trial 205 with value: 0.4692997984893127.
[I 2025-03-09 17:35:15,549] Trial 351 finished with value: 0.4752317661608399 and parameters: {'learning_rate': 0.019992573319464666, 'depth': 9, 'l2_leaf_reg': 1.9357009773300167, 'min_child_samples': 32}. Best is trial 205 with value: 0.4692997984893127.
[I 2025-03-09 17:35:18,096] Trial 352 finished with value: 0.47467696351008876 and parameters: {'learning_rate': 0.019360264363331447, 'depth': 10, 'l2_leaf_reg': 0.20831734534214474, 'min_child_samples': 32}. Best is trial 205 with value: 0.4692997984893127.
[I 2025-03-09 17:35:20,722] Trial 353 finished with value: 0.4722786900606081 and parameters: {'learning_rate': 0.01962434669577981, 'depth': 10, 'l2_leaf_reg': 0.07492007649485871, 'min_child_samples': 4}. Best is trial 205 with value: 0.4692997984893127.
[I 2025-03-09 17:35:23,092] Trial 354 finished with value: 0.48826741438849564 and parameters: {'learning_rate': 0.013806620721350929, 'depth': 10, 'l2_leaf_reg': 1.5534011841292032, 'min_child_samples': 1}. Best is trial 205 with value: 0.4692997984893127.
[I 2025-03-09 17:35:26,053] Trial 355 finished with value: 0.47696517391643484 and parameters: {'learning_rate': 0.019097680883172794, 'depth': 11, 'l2_leaf_reg': 0.003183040408462838, 'min_child_samples': 32}. Best is trial 205 with value: 0.4692997984893127.
[I 2025-03-09 17:35:28,230] Trial 356 finished with value: 0.47908136564692816 and parameters: {'learning_rate': 0.01815450693804797, 'depth': 9, 'l2_leaf_reg': 0.1672050384628358, 'min_child_samples': 8}. Best is trial 205 with value: 0.4692997984893127.
[I 2025-03-09 17:35:30,601] Trial 357 finished with value: 0.4724393831171022 and parameters: {'learning_rate': 0.019997122435876705, 'depth': 10, 'l2_leaf_reg': 0.00014250512892428902, 'min_child_samples': 1}. Best is trial 205 with value: 0.4692997984893127.
[I 2025-03-09 17:35:32,996] Trial 358 finished with value: 0.4773151925384916 and parameters: {'learning_rate': 0.01609883002204652, 'depth': 10, 'l2_leaf_reg': 1.2372609380834576, 'min_child_samples': 1}. Best is trial 205 with value: 0.4692997984893127.
[I 2025-03-09 17:35:35,385] Trial 359 finished with value: 0.47518677646970076 and parameters: {'learning_rate': 0.018657933855374894, 'depth': 10, 'l2_leaf_reg': 0.09671342309698124, 'min_child_samples': 1}. Best is trial 205 with value: 0.4692997984893127.
[I 2025-03-09 17:35:37,590] Trial 360 finished with value: 0.47772167067475824 and parameters: {'learning_rate': 0.019393896097823268, 'depth': 9, 'l2_leaf_reg': 0.14312567180802613, 'min_child_samples': 1}. Best is trial 205 with value: 0.4692997984893127.
[I 2025-03-09 17:35:40,581] Trial 361 finished with value: 0.4777187997544207 and parameters: {'learning_rate': 0.019622917078511288, 'depth': 11, 'l2_leaf_reg': 0.05882060176211516, 'min_child_samples': 1}. Best is trial 205 with value: 0.4692997984893127.
[I 2025-03-09 17:35:43,061] Trial 362 finished with value: 0.47644954259123967 and parameters: {'learning_rate': 0.019078471015120498, 'depth': 10, 'l2_leaf_reg': 0.06244222041124334, 'min_child_samples': 1}. Best is trial 205 with value: 0.4692997984893127.
[I 2025-03-09 17:35:46,086] Trial 363 finished with value: 0.4745034661635632 and parameters: {'learning_rate': 0.0199895611700523, 'depth': 11, 'l2_leaf_reg': 0.24598602925043267, 'min_child_samples': 1}. Best is trial 205 with value: 0.4692997984893127.
[I 2025-03-09 17:35:48,702] Trial 364 finished with value: 0.4734420290117241 and parameters: {'learning_rate': 0.019588330499475927, 'depth': 10, 'l2_leaf_reg': 0.14055273701892124, 'min_child_samples': 8}. Best is trial 205 with value: 0.4692997984893127.
