[I 2025-03-09 15:43:44,821] Trial 83 finished with value: 0.2745384297322994 and parameters: {'learning_rate': 0.014673883888678274, 'depth': 13, 'l2_leaf_reg': 0.10803475065290091, 'min_child_samples': 4}. Best is trial 83 with value: 0.2745384297322994.
[I 2025-03-09 15:43:54,678] Trial 84 finished with value: 0.2799038789650703 and parameters: {'learning_rate': 0.014641927983527316, 'depth': 14, 'l2_leaf_reg': 0.1076899137482908, 'min_child_samples': 4}. Best is trial 83 with value: 0.2745384297322994.
[I 2025-03-09 15:44:00,307] Trial 85 finished with value: 0.28085740082926125 and parameters: {'learning_rate': 0.013048255112240574, 'depth': 13, 'l2_leaf_reg': 0.08174817586805222, 'min_child_samples': 4}. Best is trial 83 with value: 0.2745384297322994.
[I 2025-03-09 15:44:03,266] Trial 86 finished with value: 0.28656130486018383 and parameters: {'learning_rate': 0.013447200399452701, 'depth': 11, 'l2_leaf_reg': 0.01976058812827458, 'min_child_samples': 4}. Best is trial 83 with value: 0.2745384297322994.
[I 2025-03-09 15:44:07,400] Trial 87 finished with value: 0.27821330129147603 and parameters: {'learning_rate': 0.014279726822503747, 'depth': 12, 'l2_leaf_reg': 0.6303592246751893, 'min_child_samples': 4}. Best is trial 83 with value: 0.2745384297322994.
[I 2025-03-09 15:44:25,181] Trial 88 finished with value: 0.2888183209880214 and parameters: {'learning_rate': 0.017650751593344484, 'depth': 15, 'l2_leaf_reg': 0.17820291583438103, 'min_child_samples': 4}. Best is trial 83 with value: 0.2745384297322994.
[I 2025-03-09 15:44:30,747] Trial 89 finished with value: 0.2816724940644755 and parameters: {'learning_rate': 0.012181512411138441, 'depth': 13, 'l2_leaf_reg': 0.28825057610751403, 'min_child_samples': 4}. Best is trial 83 with value: 0.2745384297322994.
[I 2025-03-09 15:44:40,456] Trial 90 finished with value: 0.2820546802911989 and parameters: {'learning_rate': 0.014986619398372876, 'depth': 14, 'l2_leaf_reg': 0.4884902511736964, 'min_child_samples': 16}. Best is trial 83 with value: 0.2745384297322994.
[I 2025-03-09 15:44:46,411] Trial 91 finished with value: 0.27797579655742893 and parameters: {'learning_rate': 0.016085603811885844, 'depth': 13, 'l2_leaf_reg': 0.20664088075887208, 'min_child_samples': 4}. Best is trial 83 with value: 0.2745384297322994.
[I 2025-03-09 15:44:52,283] Trial 92 finished with value: 0.2752393614133881 and parameters: {'learning_rate': 0.01694206259076302, 'depth': 13, 'l2_leaf_reg': 0.3955855035030261, 'min_child_samples': 4}. Best is trial 83 with value: 0.2745384297322994.
[I 2025-03-09 15:45:02,079] Trial 93 finished with value: 0.2795149028408452 and parameters: {'learning_rate': 0.017206490103893718, 'depth': 14, 'l2_leaf_reg': 0.0018937382167587002, 'min_child_samples': 4}. Best is trial 83 with value: 0.2745384297322994.
[I 2025-03-09 15:45:05,742] Trial 94 finished with value: 0.2849087862295375 and parameters: {'learning_rate': 0.018401427084981437, 'depth': 12, 'l2_leaf_reg': 0.41237844735447865, 'min_child_samples': 4}. Best is trial 83 with value: 0.2745384297322994.
[I 2025-03-09 15:45:11,769] Trial 95 finished with value: 0.2764899323694812 and parameters: {'learning_rate': 0.016646125780646923, 'depth': 13, 'l2_leaf_reg': 0.31507947558592897, 'min_child_samples': 32}. Best is trial 83 with value: 0.2745384297322994.
[I 2025-03-09 15:45:15,658] Trial 96 finished with value: 0.2853237083580615 and parameters: {'learning_rate': 0.01665205007730557, 'depth': 12, 'l2_leaf_reg': 0.366287844744726, 'min_child_samples': 32}. Best is trial 83 with value: 0.2745384297322994.
[I 2025-03-09 15:45:21,421] Trial 97 finished with value: 0.2758843448544238 and parameters: {'learning_rate': 0.017902158963739926, 'depth': 13, 'l2_leaf_reg': 0.30676728787291685, 'min_child_samples': 32}. Best is trial 83 with value: 0.2745384297322994.
[I 2025-03-09 15:45:31,159] Trial 98 finished with value: 0.27640055736158253 and parameters: {'learning_rate': 0.0178963200304845, 'depth': 14, 'l2_leaf_reg': 0.703169010400263, 'min_child_samples': 32}. Best is trial 83 with value: 0.2745384297322994.
[I 2025-03-09 15:45:48,666] Trial 99 finished with value: 0.2847550000869934 and parameters: {'learning_rate': 0.01775392392131514, 'depth': 15, 'l2_leaf_reg': 0.730156404109449, 'min_child_samples': 32}. Best is trial 83 with value: 0.2745384297322994.
[I 2025-03-09 15:45:58,111] Trial 100 finished with value: 0.27771846899678126 and parameters: {'learning_rate': 0.019441891619767514, 'depth': 14, 'l2_leaf_reg': 0.5606057786637121, 'min_child_samples': 32}. Best is trial 83 with value: 0.2745384297322994.
[I 2025-03-09 15:46:07,758] Trial 101 finished with value: 0.2816841535778976 and parameters: {'learning_rate': 0.01809889048361773, 'depth': 14, 'l2_leaf_reg': 0.3212437536920139, 'min_child_samples': 32}. Best is trial 83 with value: 0.2745384297322994.
[I 2025-03-09 15:46:13,680] Trial 102 finished with value: 0.2751147070986502 and parameters: {'learning_rate': 0.017182260537305122, 'depth': 13, 'l2_leaf_reg': 0.491332312313755, 'min_child_samples': 32}. Best is trial 83 with value: 0.2745384297322994.
[I 2025-03-09 15:46:19,643] Trial 103 finished with value: 0.2749512514644092 and parameters: {'learning_rate': 0.01766424955979139, 'depth': 13, 'l2_leaf_reg': 0.6639226383313985, 'min_child_samples': 32}. Best is trial 83 with value: 0.2745384297322994.
[I 2025-03-09 15:46:25,400] Trial 104 finished with value: 0.2771197836884401 and parameters: {'learning_rate': 0.017827309269898742, 'depth': 13, 'l2_leaf_reg': 0.9085837450933153, 'min_child_samples': 32}. Best is trial 83 with value: 0.2745384297322994.
[I 2025-03-09 15:46:29,383] Trial 105 finished with value: 0.27544538470644275 and parameters: {'learning_rate': 0.019150487978994664, 'depth': 12, 'l2_leaf_reg': 0.652287997230556, 'min_child_samples': 32}. Best is trial 83 with value: 0.2745384297322994.
[I 2025-03-09 15:46:47,161] Trial 106 finished with value: 0.28674796314420714 and parameters: {'learning_rate': 0.019167677929701806, 'depth': 15, 'l2_leaf_reg': 0.6656783013705279, 'min_child_samples': 32}. Best is trial 83 with value: 0.2745384297322994.
[I 2025-03-09 15:46:51,013] Trial 107 finished with value: 0.27933521577024545 and parameters: {'learning_rate': 0.01850594226590955, 'depth': 12, 'l2_leaf_reg': 0.6027696627827139, 'min_child_samples': 32}. Best is trial 83 with value: 0.2745384297322994.
[I 2025-03-09 15:46:52,865] Trial 108 finished with value: 0.3055318793716701 and parameters: {'learning_rate': 0.018733050065512687, 'depth': 7, 'l2_leaf_reg': 0.5451232845883186, 'min_child_samples': 32}. Best is trial 83 with value: 0.2745384297322994.
[I 2025-03-09 15:47:02,467] Trial 109 finished with value: 0.2797105444071563 and parameters: {'learning_rate': 0.01813554002579752, 'depth': 14, 'l2_leaf_reg': 0.7405383414453839, 'min_child_samples': 32}. Best is trial 83 with value: 0.2745384297322994.
[I 2025-03-09 15:47:36,451] Trial 110 finished with value: 0.3341041578028633 and parameters: {'learning_rate': 0.005613793286202391, 'depth': 16, 'l2_leaf_reg': 0.7930730445995782, 'min_child_samples': 32}. Best is trial 83 with value: 0.2745384297322994.
[I 2025-03-09 15:47:42,355] Trial 111 finished with value: 0.27737730691749446 and parameters: {'learning_rate': 0.017064924999831435, 'depth': 13, 'l2_leaf_reg': 0.48842534229828966, 'min_child_samples': 32}. Best is trial 83 with value: 0.2745384297322994.
[I 2025-03-09 15:47:52,048] Trial 112 finished with value: 0.2778234443356757 and parameters: {'learning_rate': 0.0169910827413068, 'depth': 14, 'l2_leaf_reg': 0.6517065237040669, 'min_child_samples': 32}. Best is trial 83 with value: 0.2745384297322994.
[I 2025-03-09 15:47:57,729] Trial 113 finished with value: 0.27610677878274886 and parameters: {'learning_rate': 0.01650537847027137, 'depth': 13, 'l2_leaf_reg': 0.43269802129151935, 'min_child_samples': 32}. Best is trial 83 with value: 0.2745384297322994.
[I 2025-03-09 15:48:01,617] Trial 114 finished with value: 0.28437468412261974 and parameters: {'learning_rate': 0.016410715868458464, 'depth': 12, 'l2_leaf_reg': 0.4177285856223283, 'min_child_samples': 32}. Best is trial 83 with value: 0.2745384297322994.
[I 2025-03-09 15:48:07,621] Trial 115 finished with value: 0.2763565638995619 and parameters: {'learning_rate': 0.015534276519167767, 'depth': 13, 'l2_leaf_reg': 1.011748556736844, 'min_child_samples': 32}. Best is trial 83 with value: 0.2745384297322994.
[I 2025-03-09 15:48:11,558] Trial 116 finished with value: 0.2834745121076703 and parameters: {'learning_rate': 0.015514582488651762, 'depth': 12, 'l2_leaf_reg': 1.0392111587869803, 'min_child_samples': 32}. Best is trial 83 with value: 0.2745384297322994.
[I 2025-03-09 15:48:21,573] Trial 117 finished with value: 0.2798698141960087 and parameters: {'learning_rate': 0.01754498773919411, 'depth': 14, 'l2_leaf_reg': 1.1706093494191758, 'min_child_samples': 32}. Best is trial 83 with value: 0.2745384297322994.
[I 2025-03-09 15:48:27,578] Trial 118 finished with value: 0.2770179855646176 and parameters: {'learning_rate': 0.01536085655762122, 'depth': 13, 'l2_leaf_reg': 0.6921127163940223, 'min_child_samples': 32}. Best is trial 83 with value: 0.2745384297322994.
[I 2025-03-09 15:48:33,493] Trial 119 finished with value: 0.27384443082237875 and parameters: {'learning_rate': 0.018994309496512877, 'depth': 13, 'l2_leaf_reg': 1.3409933309960276, 'min_child_samples': 32}. Best is trial 119 with value: 0.27384443082237875.
[I 2025-03-09 15:48:37,251] Trial 120 finished with value: 0.27957329090541905 and parameters: {'learning_rate': 0.019544743715588196, 'depth': 12, 'l2_leaf_reg': 1.2926544599020797, 'min_child_samples': 32}. Best is trial 119 with value: 0.27384443082237875.
[I 2025-03-09 15:48:43,273] Trial 121 finished with value: 0.27673135047491165 and parameters: {'learning_rate': 0.017926077946377284, 'depth': 13, 'l2_leaf_reg': 0.8926272839076993, 'min_child_samples': 32}. Best is trial 119 with value: 0.27384443082237875.
[I 2025-03-09 15:48:49,041] Trial 122 finished with value: 0.27595584112366994 and parameters: {'learning_rate': 0.019148126450152167, 'depth': 13, 'l2_leaf_reg': 1.4734360534026658, 'min_child_samples': 32}. Best is trial 119 with value: 0.27384443082237875.
[I 2025-03-09 15:48:55,036] Trial 123 finished with value: 0.2776262888259597 and parameters: {'learning_rate': 0.01901326550027391, 'depth': 13, 'l2_leaf_reg': 1.4375959833363012, 'min_child_samples': 32}. Best is trial 119 with value: 0.27384443082237875.
[I 2025-03-09 15:48:58,796] Trial 124 finished with value: 0.2736188878407089 and parameters: {'learning_rate': 0.019655132178671923, 'depth': 12, 'l2_leaf_reg': 1.661828250617553, 'min_child_samples': 32}. Best is trial 124 with value: 0.2736188878407089.
[I 2025-03-09 15:49:01,821] Trial 125 finished with value: 0.2818655025578437 and parameters: {'learning_rate': 0.019749870209115672, 'depth': 11, 'l2_leaf_reg': 1.7343486914598978, 'min_child_samples': 32}. Best is trial 124 with value: 0.2736188878407089.
[I 2025-03-09 15:49:05,814] Trial 126 finished with value: 0.2809521481794387 and parameters: {'learning_rate': 0.019074717299141942, 'depth': 12, 'l2_leaf_reg': 1.5740638270073144, 'min_child_samples': 32}. Best is trial 124 with value: 0.2736188878407089.
[I 2025-03-09 15:49:08,832] Trial 127 finished with value: 0.2840539271325527 and parameters: {'learning_rate': 0.01842268154085253, 'depth': 11, 'l2_leaf_reg': 1.5406768678439262, 'min_child_samples': 1}. Best is trial 124 with value: 0.2736188878407089.
[I 2025-03-09 15:49:12,861] Trial 128 finished with value: 0.27858058029246036 and parameters: {'learning_rate': 0.019308244532791292, 'depth': 12, 'l2_leaf_reg': 1.8154685054300663, 'min_child_samples': 32}. Best is trial 124 with value: 0.2736188878407089.
[I 2025-03-09 15:49:18,647] Trial 129 finished with value: 0.27751490309471183 and parameters: {'learning_rate': 0.01867571149454761, 'depth': 13, 'l2_leaf_reg': 1.301722549743928, 'min_child_samples': 8}. Best is trial 124 with value: 0.2736188878407089.
[I 2025-03-09 15:49:22,528] Trial 130 finished with value: 0.27977852373394524 and parameters: {'learning_rate': 0.017315785578717154, 'depth': 12, 'l2_leaf_reg': 1.512547190381038, 'min_child_samples': 32}. Best is trial 124 with value: 0.2736188878407089.
[I 2025-03-09 15:49:28,391] Trial 131 finished with value: 0.27511429016155897 and parameters: {'learning_rate': 0.019649452820194875, 'depth': 13, 'l2_leaf_reg': 2.0197103478562997, 'min_child_samples': 32}. Best is trial 124 with value: 0.2736188878407089.
[I 2025-03-09 15:49:34,179] Trial 132 finished with value: 0.27596056230618227 and parameters: {'learning_rate': 0.019742926642674505, 'depth': 13, 'l2_leaf_reg': 1.6343322434311673, 'min_child_samples': 32}. Best is trial 124 with value: 0.2736188878407089.
[I 2025-03-09 15:49:40,225] Trial 133 finished with value: 0.27401053795241753 and parameters: {'learning_rate': 0.019824783245561476, 'depth': 13, 'l2_leaf_reg': 1.900588309797378, 'min_child_samples': 32}. Best is trial 124 with value: 0.2736188878407089.
[I 2025-03-09 15:49:45,935] Trial 134 finished with value: 0.27615359405588613 and parameters: {'learning_rate': 0.019373280320265005, 'depth': 13, 'l2_leaf_reg': 2.0406130553496236, 'min_child_samples': 32}. Best is trial 124 with value: 0.2736188878407089.
[I 2025-03-09 15:49:55,682] Trial 135 finished with value: 0.27715472108398054 and parameters: {'learning_rate': 0.019864990200732346, 'depth': 14, 'l2_leaf_reg': 1.963508293558566, 'min_child_samples': 32}. Best is trial 124 with value: 0.2736188878407089.
[I 2025-03-09 15:50:01,479] Trial 136 finished with value: 0.27441500978132577 and parameters: {'learning_rate': 0.019964116179487595, 'depth': 13, 'l2_leaf_reg': 1.6894114289273905, 'min_child_samples': 32}. Best is trial 124 with value: 0.2736188878407089.
[I 2025-03-09 15:50:05,280] Trial 137 finished with value: 0.27778588213991967 and parameters: {'learning_rate': 0.019840483011529925, 'depth': 12, 'l2_leaf_reg': 1.6380579332030607, 'min_child_samples': 32}. Best is trial 124 with value: 0.2736188878407089.
[I 2025-03-09 15:50:11,133] Trial 138 finished with value: 0.2758743304749599 and parameters: {'learning_rate': 0.018817887036031666, 'depth': 13, 'l2_leaf_reg': 1.6745517189906651, 'min_child_samples': 32}. Best is trial 124 with value: 0.2736188878407089.
[I 2025-03-09 15:50:20,878] Trial 139 finished with value: 0.2791232938838036 and parameters: {'learning_rate': 0.019083543525618682, 'depth': 14, 'l2_leaf_reg': 1.6821241520866688, 'min_child_samples': 32}. Best is trial 124 with value: 0.2736188878407089.
[I 2025-03-09 15:50:22,940] Trial 140 finished with value: 0.29351070018923603 and parameters: {'learning_rate': 0.018526832524114484, 'depth': 9, 'l2_leaf_reg': 1.8686755141148246, 'min_child_samples': 32}. Best is trial 124 with value: 0.2736188878407089.
[I 2025-03-09 15:50:28,958] Trial 141 finished with value: 0.27551344319985754 and parameters: {'learning_rate': 0.01952408527247616, 'depth': 13, 'l2_leaf_reg': 1.7670559231493717, 'min_child_samples': 32}. Best is trial 124 with value: 0.2736188878407089.
[I 2025-03-09 15:50:34,901] Trial 142 finished with value: 0.2744672581836694 and parameters: {'learning_rate': 0.01887286366027614, 'depth': 13, 'l2_leaf_reg': 2.017427953081518, 'min_child_samples': 32}. Best is trial 124 with value: 0.2736188878407089.
[I 2025-03-09 15:50:38,824] Trial 143 finished with value: 0.28123917010749744 and parameters: {'learning_rate': 0.019985689421990725, 'depth': 12, 'l2_leaf_reg': 1.7972838563555307, 'min_child_samples': 32}. Best is trial 124 with value: 0.2736188878407089.
[I 2025-03-09 15:50:44,805] Trial 144 finished with value: 0.27660742485650147 and parameters: {'learning_rate': 0.018762752622415314, 'depth': 13, 'l2_leaf_reg': 2.0934023198322587, 'min_child_samples': 32}. Best is trial 124 with value: 0.2736188878407089.
[I 2025-03-09 15:50:50,694] Trial 145 finished with value: 0.2778190221304352 and parameters: {'learning_rate': 0.019478930117601802, 'depth': 13, 'l2_leaf_reg': 1.9309254710258834, 'min_child_samples': 32}. Best is trial 124 with value: 0.2736188878407089.
[I 2025-03-09 15:51:00,451] Trial 146 finished with value: 0.27845329396058727 and parameters: {'learning_rate': 0.0183225595251062, 'depth': 14, 'l2_leaf_reg': 2.300127764997568, 'min_child_samples': 32}. Best is trial 124 with value: 0.2736188878407089.
[I 2025-03-09 15:51:04,335] Trial 147 finished with value: 0.2763446093056284 and parameters: {'learning_rate': 0.018943455609816, 'depth': 12, 'l2_leaf_reg': 2.039239861968034, 'min_child_samples': 32}. Best is trial 124 with value: 0.2736188878407089.
[I 2025-03-09 15:51:13,943] Trial 148 finished with value: 0.27975310685839433 and parameters: {'learning_rate': 0.01945435931806295, 'depth': 14, 'l2_leaf_reg': 1.8623191209774592, 'min_child_samples': 32}. Best is trial 124 with value: 0.2736188878407089.
[I 2025-03-09 15:51:20,020] Trial 149 finished with value: 0.2758209494156397 and parameters: {'learning_rate': 0.018638463038256312, 'depth': 13, 'l2_leaf_reg': 2.221946941073337, 'min_child_samples': 16}. Best is trial 124 with value: 0.2736188878407089.
[I 2025-03-09 15:51:25,729] Trial 150 finished with value: 0.27409554416754683 and parameters: {'learning_rate': 0.01875090637080664, 'depth': 13, 'l2_leaf_reg': 2.2458792728293533, 'min_child_samples': 16}. Best is trial 124 with value: 0.2736188878407089.
[I 2025-03-09 15:51:31,626] Trial 151 finished with value: 0.2756931345870055 and parameters: {'learning_rate': 0.01877096407721274, 'depth': 13, 'l2_leaf_reg': 2.2053839261303967, 'min_child_samples': 16}. Best is trial 124 with value: 0.2736188878407089.
[I 2025-03-09 15:51:37,363] Trial 152 finished with value: 0.2765052167420887 and parameters: {'learning_rate': 0.018371493177780057, 'depth': 13, 'l2_leaf_reg': 2.204003646213412, 'min_child_samples': 16}. Best is trial 124 with value: 0.2736188878407089.
[I 2025-03-09 15:51:43,313] Trial 153 finished with value: 0.2752167765609516 and parameters: {'learning_rate': 0.019599163078249705, 'depth': 13, 'l2_leaf_reg': 2.4138088330701524, 'min_child_samples': 16}. Best is trial 124 with value: 0.2736188878407089.
[I 2025-03-09 15:51:47,260] Trial 154 finished with value: 0.2765740084458392 and parameters: {'learning_rate': 0.01940578693263681, 'depth': 12, 'l2_leaf_reg': 2.4558372098128434, 'min_child_samples': 16}. Best is trial 124 with value: 0.2736188878407089.
[I 2025-03-09 15:51:57,330] Trial 155 finished with value: 0.27712075787580276 and parameters: {'learning_rate': 0.01959942665465598, 'depth': 14, 'l2_leaf_reg': 2.5126136652952114, 'min_child_samples': 16}. Best is trial 124 with value: 0.2736188878407089.
[I 2025-03-09 15:52:03,425] Trial 156 finished with value: 0.2732039951108717 and parameters: {'learning_rate': 0.019949660370605683, 'depth': 13, 'l2_leaf_reg': 2.3620125868159385, 'min_child_samples': 8}. Best is trial 156 with value: 0.2732039951108717.
[I 2025-03-09 15:52:07,361] Trial 157 finished with value: 0.2801882208258646 and parameters: {'learning_rate': 0.019900760302735993, 'depth': 12, 'l2_leaf_reg': 2.540573987169028, 'min_child_samples': 8}. Best is trial 156 with value: 0.2732039951108717.
[I 2025-03-09 15:52:17,255] Trial 158 finished with value: 0.2761133968989512 and parameters: {'learning_rate': 0.019258223284419534, 'depth': 14, 'l2_leaf_reg': 2.6834320869177546, 'min_child_samples': 8}. Best is trial 156 with value: 0.2732039951108717.
[I 2025-03-09 15:52:23,126] Trial 159 finished with value: 0.2755574308893789 and parameters: {'learning_rate': 0.019998078224235147, 'depth': 13, 'l2_leaf_reg': 1.975867164759935, 'min_child_samples': 16}. Best is trial 156 with value: 0.2732039951108717.
[I 2025-03-09 15:52:28,761] Trial 160 finished with value: 0.28614342810094107 and parameters: {'learning_rate': 0.009358549588159615, 'depth': 13, 'l2_leaf_reg': 2.358558595807921, 'min_child_samples': 8}. Best is trial 156 with value: 0.2732039951108717.
[I 2025-03-09 15:52:34,710] Trial 161 finished with value: 0.2734485487090026 and parameters: {'learning_rate': 0.01992708278094499, 'depth': 13, 'l2_leaf_reg': 1.8143394255454446, 'min_child_samples': 16}. Best is trial 156 with value: 0.2732039951108717.
[I 2025-03-09 15:52:40,528] Trial 162 finished with value: 0.27779309887942605 and parameters: {'learning_rate': 0.019554349423551054, 'depth': 13, 'l2_leaf_reg': 1.7930463168981752, 'min_child_samples': 16}. Best is trial 156 with value: 0.2732039951108717.
[I 2025-03-09 15:52:46,491] Trial 163 finished with value: 0.27541915134261014 and parameters: {'learning_rate': 0.01911112173550403, 'depth': 13, 'l2_leaf_reg': 2.2788475057075237, 'min_child_samples': 16}. Best is trial 156 with value: 0.2732039951108717.
[I 2025-03-09 15:52:56,336] Trial 164 finished with value: 0.28026684562177967 and parameters: {'learning_rate': 0.018171302515525165, 'depth': 14, 'l2_leaf_reg': 2.2696105613304063, 'min_child_samples': 16}. Best is trial 156 with value: 0.2732039951108717.
[I 2025-03-09 15:53:00,252] Trial 165 finished with value: 0.28043840248330093 and parameters: {'learning_rate': 0.019166360665999606, 'depth': 12, 'l2_leaf_reg': 2.363146399519897, 'min_child_samples': 16}. Best is trial 156 with value: 0.2732039951108717.
[I 2025-03-09 15:53:06,066] Trial 166 finished with value: 0.2754578285782617 and parameters: {'learning_rate': 0.019993156327501854, 'depth': 13, 'l2_leaf_reg': 2.1335493341943206, 'min_child_samples': 16}. Best is trial 156 with value: 0.2732039951108717.
[I 2025-03-09 15:53:11,810] Trial 167 finished with value: 0.27626613943981876 and parameters: {'learning_rate': 0.01909597541584733, 'depth': 13, 'l2_leaf_reg': 2.082845972028954, 'min_child_samples': 16}. Best is trial 156 with value: 0.2732039951108717.
