[I 2025-03-09 16:49:44,403] Trial 15 finished with value: 0.1918969701446534 and parameters: {'learning_rate': 0.019676792695728335, 'depth': 12, 'l2_leaf_reg': 0.9041412397009754, 'min_child_samples': 4}. Best is trial 14 with value: 0.19068194301738559.
[I 2025-03-09 16:49:50,446] Trial 16 finished with value: 0.19440933588166623 and parameters: {'learning_rate': 0.0195743057766166, 'depth': 13, 'l2_leaf_reg': 0.0530972343128735, 'min_child_samples': 4}. Best is trial 14 with value: 0.19068194301738559.
[I 2025-03-09 16:49:52,351] Trial 17 finished with value: 0.21063920778025993 and parameters: {'learning_rate': 0.017362450038509416, 'depth': 8, 'l2_leaf_reg': 0.9595303790127013, 'min_child_samples': 4}. Best is trial 14 with value: 0.19068194301738559.
[I 2025-03-09 16:49:58,249] Trial 18 finished with value: 0.32234895397970476 and parameters: {'learning_rate': 0.005353216922160335, 'depth': 13, 'l2_leaf_reg': 0.7570240557653872, 'min_child_samples': 4}. Best is trial 14 with value: 0.19068194301738559.
[I 2025-03-09 16:49:59,181] Trial 19 finished with value: 0.5680684417848587 and parameters: {'learning_rate': 0.017231278149712, 'depth': 1, 'l2_leaf_reg': 1.283371227758965, 'min_child_samples': 4}. Best is trial 14 with value: 0.19068194301738559.
[I 2025-03-09 16:50:33,014] Trial 20 finished with value: 0.2544881528125597 and parameters: {'learning_rate': 0.019929194569072852, 'depth': 16, 'l2_leaf_reg': 0.15642062493701214, 'min_child_samples': 4}. Best is trial 14 with value: 0.19068194301738559.
[I 2025-03-09 16:50:34,966] Trial 21 finished with value: 0.19546953361027283 and parameters: {'learning_rate': 0.016199783804658974, 'depth': 10, 'l2_leaf_reg': 2.0965824866465805, 'min_child_samples': 1}. Best is trial 14 with value: 0.19068194301738559.
[I 2025-03-09 16:50:39,094] Trial 22 finished with value: 0.18826134734586236 and parameters: {'learning_rate': 0.01990736049254517, 'depth': 12, 'l2_leaf_reg': 1.3375077680635117, 'min_child_samples': 4}. Best is trial 22 with value: 0.18826134734586236.
[I 2025-03-09 16:50:44,998] Trial 23 finished with value: 0.19568317702710608 and parameters: {'learning_rate': 0.0186280401790994, 'depth': 13, 'l2_leaf_reg': 1.1279837280501157, 'min_child_samples': 4}. Best is trial 22 with value: 0.18826134734586236.
[I 2025-03-09 16:50:54,844] Trial 24 finished with value: 0.21037721722475725 and parameters: {'learning_rate': 0.01975494594853354, 'depth': 14, 'l2_leaf_reg': 0.7739253727014159, 'min_child_samples': 4}. Best is trial 22 with value: 0.18826134734586236.
[I 2025-03-09 16:50:56,657] Trial 25 finished with value: 0.19965426017959736 and parameters: {'learning_rate': 0.01761115196550476, 'depth': 9, 'l2_leaf_reg': 1.4359910715192858, 'min_child_samples': 4}. Best is trial 22 with value: 0.18826134734586236.
[I 2025-03-09 16:51:00,671] Trial 26 finished with value: 0.21447781271643127 and parameters: {'learning_rate': 0.01047984801192914, 'depth': 12, 'l2_leaf_reg': 0.8152597201675731, 'min_child_samples': 4}. Best is trial 22 with value: 0.18826134734586236.
[I 2025-03-09 16:51:02,335] Trial 27 finished with value: 0.2254634957901162 and parameters: {'learning_rate': 0.01663647786905226, 'depth': 7, 'l2_leaf_reg': 0.502420644778709, 'min_child_samples': 4}. Best is trial 22 with value: 0.18826134734586236.
[I 2025-03-09 16:51:06,391] Trial 28 finished with value: 0.1948531612218326 and parameters: {'learning_rate': 0.014543684094786595, 'depth': 12, 'l2_leaf_reg': 1.155806785188702, 'min_child_samples': 32}. Best is trial 22 with value: 0.18826134734586236.
[I 2025-03-09 16:51:15,968] Trial 29 finished with value: 0.21073012042139716 and parameters: {'learning_rate': 0.018393352485012362, 'depth': 14, 'l2_leaf_reg': 1.4827604187479149, 'min_child_samples': 4}. Best is trial 22 with value: 0.18826134734586236.
[I 2025-03-09 16:51:18,634] Trial 30 finished with value: 0.19276924067017823 and parameters: {'learning_rate': 0.015053147470335624, 'depth': 11, 'l2_leaf_reg': 2.0238416348256285, 'min_child_samples': 4}. Best is trial 22 with value: 0.18826134734586236.
[I 2025-03-09 16:51:21,598] Trial 31 finished with value: 0.1868438961343274 and parameters: {'learning_rate': 0.019991766335728155, 'depth': 11, 'l2_leaf_reg': 2.0312301612436467, 'min_child_samples': 4}. Best is trial 31 with value: 0.1868438961343274.
[I 2025-03-09 16:51:23,768] Trial 32 finished with value: 0.19644242872350898 and parameters: {'learning_rate': 0.01996259538115871, 'depth': 9, 'l2_leaf_reg': 2.2867057496223726, 'min_child_samples': 4}. Best is trial 31 with value: 0.1868438961343274.
[I 2025-03-09 16:51:27,726] Trial 33 finished with value: 0.19189807883004095 and parameters: {'learning_rate': 0.018347972231890153, 'depth': 12, 'l2_leaf_reg': 1.5902523842885425, 'min_child_samples': 4}. Best is trial 31 with value: 0.1868438961343274.
[I 2025-03-09 16:51:30,710] Trial 34 finished with value: 0.18853616472895676 and parameters: {'learning_rate': 0.01873949686169392, 'depth': 11, 'l2_leaf_reg': 0.9237712943046879, 'min_child_samples': 4}. Best is trial 31 with value: 0.1868438961343274.
[I 2025-03-09 16:51:33,151] Trial 35 finished with value: 0.19409281435540238 and parameters: {'learning_rate': 0.016795424681869092, 'depth': 10, 'l2_leaf_reg': 0.3166114249470875, 'min_child_samples': 32}. Best is trial 31 with value: 0.1868438961343274.
[I 2025-03-09 16:51:36,121] Trial 36 finished with value: 0.18936125688397143 and parameters: {'learning_rate': 0.01833420021010869, 'depth': 11, 'l2_leaf_reg': 1.3102496058963293, 'min_child_samples': 4}. Best is trial 31 with value: 0.1868438961343274.
[I 2025-03-09 16:51:37,763] Trial 37 finished with value: 0.2547227121511642 and parameters: {'learning_rate': 0.01107996982442577, 'depth': 7, 'l2_leaf_reg': 1.9263579223552199, 'min_child_samples': 16}. Best is trial 31 with value: 0.1868438961343274.
[I 2025-03-09 16:51:40,740] Trial 38 finished with value: 0.2826563666768142 and parameters: {'learning_rate': 0.0063146190069665025, 'depth': 11, 'l2_leaf_reg': 2.5748417897858134, 'min_child_samples': 4}. Best is trial 31 with value: 0.1868438961343274.
[I 2025-03-09 16:51:58,366] Trial 39 finished with value: 0.23781391698140278 and parameters: {'learning_rate': 0.015501778154437148, 'depth': 15, 'l2_leaf_reg': 2.2767785381137964, 'min_child_samples': 1}. Best is trial 31 with value: 0.1868438961343274.
[I 2025-03-09 16:52:00,241] Trial 40 finished with value: 0.19649190513901432 and parameters: {'learning_rate': 0.018525762004523577, 'depth': 9, 'l2_leaf_reg': 1.2957813680115777, 'min_child_samples': 32}. Best is trial 31 with value: 0.1868438961343274.
[I 2025-03-09 16:52:03,210] Trial 41 finished with value: 0.18949780650536746 and parameters: {'learning_rate': 0.018733819624189803, 'depth': 11, 'l2_leaf_reg': 0.6767137954460613, 'min_child_samples': 4}. Best is trial 31 with value: 0.1868438961343274.
[I 2025-03-09 16:52:06,221] Trial 42 finished with value: 0.19178370972582212 and parameters: {'learning_rate': 0.017747025873558878, 'depth': 11, 'l2_leaf_reg': 0.66506130546032, 'min_child_samples': 4}. Best is trial 31 with value: 0.1868438961343274.
[I 2025-03-09 16:52:08,693] Trial 43 finished with value: 0.19283028992269657 and parameters: {'learning_rate': 0.018922495133037145, 'depth': 10, 'l2_leaf_reg': 0.34258824397308923, 'min_child_samples': 4}. Best is trial 31 with value: 0.1868438961343274.
[I 2025-03-09 16:52:14,821] Trial 44 finished with value: 0.19767337515987693 and parameters: {'learning_rate': 0.016913435738343384, 'depth': 13, 'l2_leaf_reg': 1.4290472137725416, 'min_child_samples': 16}. Best is trial 31 with value: 0.1868438961343274.
[I 2025-03-09 16:52:17,547] Trial 45 finished with value: 0.1882278381617524 and parameters: {'learning_rate': 0.019060101207681555, 'depth': 11, 'l2_leaf_reg': 1.8666503527831415, 'min_child_samples': 4}. Best is trial 31 with value: 0.1868438961343274.
[I 2025-03-09 16:52:19,599] Trial 46 finished with value: 0.9364350226188703 and parameters: {'learning_rate': 0.00010671060265485428, 'depth': 9, 'l2_leaf_reg': 1.7963652141066038, 'min_child_samples': 4}. Best is trial 31 with value: 0.1868438961343274.
[I 2025-03-09 16:52:29,208] Trial 47 finished with value: 0.5114328318534129 and parameters: {'learning_rate': 0.0027557291473930563, 'depth': 14, 'l2_leaf_reg': 1.6124942841367056, 'min_child_samples': 8}. Best is trial 31 with value: 0.1868438961343274.
[I 2025-03-09 16:52:31,406] Trial 48 finished with value: 0.19564571205490008 and parameters: {'learning_rate': 0.0159998594228788, 'depth': 10, 'l2_leaf_reg': 1.8392726767123477, 'min_child_samples': 1}. Best is trial 31 with value: 0.1868438961343274.
[I 2025-03-09 16:52:33,394] Trial 49 finished with value: 0.2628194858136865 and parameters: {'learning_rate': 0.00880099052169247, 'depth': 8, 'l2_leaf_reg': 2.2201177830552856, 'min_child_samples': 16}. Best is trial 31 with value: 0.1868438961343274.
[I 2025-03-09 16:52:39,286] Trial 50 finished with value: 0.20501140169013296 and parameters: {'learning_rate': 0.012941961725109918, 'depth': 13, 'l2_leaf_reg': 1.232959642809854, 'min_child_samples': 4}. Best is trial 31 with value: 0.1868438961343274.
[I 2025-03-09 16:52:42,408] Trial 51 finished with value: 0.18777500298781485 and parameters: {'learning_rate': 0.019126491489920957, 'depth': 11, 'l2_leaf_reg': 0.9617097566654211, 'min_child_samples': 4}. Best is trial 31 with value: 0.1868438961343274.
[I 2025-03-09 16:52:45,499] Trial 52 finished with value: 0.188005703685302 and parameters: {'learning_rate': 0.019253774187496266, 'depth': 11, 'l2_leaf_reg': 0.9641056369889526, 'min_child_samples': 4}. Best is trial 31 with value: 0.1868438961343274.
[I 2025-03-09 16:52:47,979] Trial 53 finished with value: 0.19283846822239586 and parameters: {'learning_rate': 0.019088162150807324, 'depth': 10, 'l2_leaf_reg': 0.9280862413771475, 'min_child_samples': 4}. Best is trial 31 with value: 0.1868438961343274.
[I 2025-03-09 16:52:51,962] Trial 54 finished with value: 0.19047514140063432 and parameters: {'learning_rate': 0.01920560801705209, 'depth': 12, 'l2_leaf_reg': 0.9697947873444661, 'min_child_samples': 4}. Best is trial 31 with value: 0.1868438961343274.
[I 2025-03-09 16:52:53,523] Trial 55 finished with value: 0.26993551391529363 and parameters: {'learning_rate': 0.01767865237727171, 'depth': 5, 'l2_leaf_reg': 1.067300596099767, 'min_child_samples': 8}. Best is trial 31 with value: 0.1868438961343274.
[I 2025-03-09 16:52:56,674] Trial 56 finished with value: 0.1891795954985715 and parameters: {'learning_rate': 0.019309358997972453, 'depth': 11, 'l2_leaf_reg': 1.62256711630689, 'min_child_samples': 4}. Best is trial 31 with value: 0.1868438961343274.
[I 2025-03-09 16:53:00,670] Trial 57 finished with value: 0.1922159011415935 and parameters: {'learning_rate': 0.018014109775445986, 'depth': 12, 'l2_leaf_reg': 1.9403356015211704, 'min_child_samples': 4}. Best is trial 31 with value: 0.1868438961343274.
[I 2025-03-09 16:53:06,766] Trial 58 finished with value: 0.1967431874609932 and parameters: {'learning_rate': 0.017126574966989615, 'depth': 13, 'l2_leaf_reg': 1.2071278786699475, 'min_child_samples': 4}. Best is trial 31 with value: 0.1868438961343274.
[I 2025-03-09 16:53:09,065] Trial 59 finished with value: 0.19799627357837832 and parameters: {'learning_rate': 0.019265008997405242, 'depth': 9, 'l2_leaf_reg': 0.6221688525637166, 'min_child_samples': 32}. Best is trial 31 with value: 0.1868438961343274.
[I 2025-03-09 16:53:26,942] Trial 60 finished with value: 0.23140242259565008 and parameters: {'learning_rate': 0.0178961957640761, 'depth': 15, 'l2_leaf_reg': 0.8575744473057877, 'min_child_samples': 4}. Best is trial 31 with value: 0.1868438961343274.
[I 2025-03-09 16:53:29,625] Trial 61 finished with value: 0.1888993200098376 and parameters: {'learning_rate': 0.019238497184011376, 'depth': 11, 'l2_leaf_reg': 1.6772489391811862, 'min_child_samples': 4}. Best is trial 31 with value: 0.1868438961343274.
[I 2025-03-09 16:53:32,627] Trial 62 finished with value: 0.19230331581007867 and parameters: {'learning_rate': 0.01633298964866922, 'depth': 11, 'l2_leaf_reg': 1.4153127764827806, 'min_child_samples': 4}. Best is trial 31 with value: 0.1868438961343274.
[I 2025-03-09 16:53:35,234] Trial 63 finished with value: 0.19040653293176082 and parameters: {'learning_rate': 0.019406087066649674, 'depth': 10, 'l2_leaf_reg': 0.994552454059196, 'min_child_samples': 4}. Best is trial 31 with value: 0.1868438961343274.
[I 2025-03-09 16:53:39,274] Trial 64 finished with value: 0.18920093011963576 and parameters: {'learning_rate': 0.01986264962258726, 'depth': 12, 'l2_leaf_reg': 1.7298520072995172, 'min_child_samples': 4}. Best is trial 31 with value: 0.1868438961343274.
[I 2025-03-09 16:53:45,411] Trial 65 finished with value: 0.19567694954773335 and parameters: {'learning_rate': 0.019983115330283848, 'depth': 13, 'l2_leaf_reg': 2.1917117825289347, 'min_child_samples': 4}. Best is trial 31 with value: 0.1868438961343274.
[I 2025-03-09 16:53:46,812] Trial 66 finished with value: 0.42004181609967994 and parameters: {'learning_rate': 0.017293889243834636, 'depth': 2, 'l2_leaf_reg': 1.556136652342998, 'min_child_samples': 1}. Best is trial 31 with value: 0.1868438961343274.
[I 2025-03-09 16:53:49,132] Trial 67 finished with value: 0.19241514695885809 and parameters: {'learning_rate': 0.018593162263085973, 'depth': 10, 'l2_leaf_reg': 2.413130857476193, 'min_child_samples': 4}. Best is trial 31 with value: 0.1868438961343274.
[I 2025-03-09 16:53:52,894] Trial 68 finished with value: 0.20797276831983014 and parameters: {'learning_rate': 0.011607745035647796, 'depth': 12, 'l2_leaf_reg': 1.9137065287428532, 'min_child_samples': 4}. Best is trial 31 with value: 0.1868438961343274.
[I 2025-03-09 16:53:55,829] Trial 69 finished with value: 0.19372878914368147 and parameters: {'learning_rate': 0.015448399712068055, 'depth': 11, 'l2_leaf_reg': 2.787496038527786, 'min_child_samples': 8}. Best is trial 31 with value: 0.1868438961343274.
[I 2025-03-09 16:53:57,826] Trial 70 finished with value: 0.21808035427407407 and parameters: {'learning_rate': 0.014334832810969207, 'depth': 8, 'l2_leaf_reg': 1.3694500533200071, 'min_child_samples': 4}. Best is trial 31 with value: 0.1868438961343274.
[I 2025-03-09 16:54:00,790] Trial 71 finished with value: 0.1885977021123106 and parameters: {'learning_rate': 0.019200773707511228, 'depth': 11, 'l2_leaf_reg': 1.6833907822705543, 'min_child_samples': 4}. Best is trial 31 with value: 0.1868438961343274.
[I 2025-03-09 16:54:03,352] Trial 72 finished with value: 0.19248187595224633 and parameters: {'learning_rate': 0.01805136660874037, 'depth': 10, 'l2_leaf_reg': 2.0933401702256913, 'min_child_samples': 4}. Best is trial 31 with value: 0.1868438961343274.
[I 2025-03-09 16:54:06,433] Trial 73 finished with value: 0.18983616000969677 and parameters: {'learning_rate': 0.018959899540561067, 'depth': 11, 'l2_leaf_reg': 1.526132382293725, 'min_child_samples': 4}. Best is trial 31 with value: 0.1868438961343274.
[I 2025-03-09 16:54:10,442] Trial 74 finished with value: 0.18963755825395176 and parameters: {'learning_rate': 0.01936118412938716, 'depth': 12, 'l2_leaf_reg': 1.7160808017077351, 'min_child_samples': 4}. Best is trial 31 with value: 0.1868438961343274.
[I 2025-03-09 16:54:13,594] Trial 75 finished with value: 0.18944682592868656 and parameters: {'learning_rate': 0.01845252630297367, 'depth': 11, 'l2_leaf_reg': 1.1752141998289323, 'min_child_samples': 4}. Best is trial 31 with value: 0.1868438961343274.
[I 2025-03-09 16:54:15,801] Trial 76 finished with value: 0.19615301443638272 and parameters: {'learning_rate': 0.01997761100161886, 'depth': 9, 'l2_leaf_reg': 2.001997861455663, 'min_child_samples': 16}. Best is trial 31 with value: 0.1868438961343274.
[I 2025-03-09 16:54:19,728] Trial 77 finished with value: 0.19386541014101905 and parameters: {'learning_rate': 0.017419412462953837, 'depth': 12, 'l2_leaf_reg': 1.8266193322883184, 'min_child_samples': 4}. Best is trial 31 with value: 0.1868438961343274.
[I 2025-03-09 16:54:25,657] Trial 78 finished with value: 0.1976062236544569 and parameters: {'learning_rate': 0.016586809407876324, 'depth': 13, 'l2_leaf_reg': 1.0781148002111725, 'min_child_samples': 4}. Best is trial 31 with value: 0.1868438961343274.
[I 2025-03-09 16:54:35,379] Trial 79 finished with value: 0.21262080205809172 and parameters: {'learning_rate': 0.01884061838370888, 'depth': 14, 'l2_leaf_reg': 0.7747356214829582, 'min_child_samples': 32}. Best is trial 31 with value: 0.1868438961343274.
[I 2025-03-09 16:54:37,533] Trial 80 finished with value: 0.19295093460487187 and parameters: {'learning_rate': 0.018204385534643656, 'depth': 10, 'l2_leaf_reg': 1.6651412737214688, 'min_child_samples': 4}. Best is trial 31 with value: 0.1868438961343274.
[I 2025-03-09 16:54:40,614] Trial 81 finished with value: 0.18969826375132753 and parameters: {'learning_rate': 0.019464335292635616, 'depth': 11, 'l2_leaf_reg': 1.6728096639351309, 'min_child_samples': 4}. Best is trial 31 with value: 0.1868438961343274.
[I 2025-03-09 16:54:43,568] Trial 82 finished with value: 0.18893404336178504 and parameters: {'learning_rate': 0.01935199834045231, 'depth': 11, 'l2_leaf_reg': 1.886062553439961, 'min_child_samples': 4}. Best is trial 31 with value: 0.1868438961343274.
[I 2025-03-09 16:54:46,734] Trial 83 finished with value: 0.18922100467585953 and parameters: {'learning_rate': 0.01875929196812215, 'depth': 11, 'l2_leaf_reg': 1.9088382186331119, 'min_child_samples': 4}. Best is trial 31 with value: 0.1868438961343274.
[I 2025-03-09 16:54:49,065] Trial 84 finished with value: 0.19104271164021386 and parameters: {'learning_rate': 0.01947585874871738, 'depth': 10, 'l2_leaf_reg': 2.1550994619094332, 'min_child_samples': 4}. Best is trial 31 with value: 0.1868438961343274.
[I 2025-03-09 16:54:53,022] Trial 85 finished with value: 0.19399727286255966 and parameters: {'learning_rate': 0.0176722183575858, 'depth': 12, 'l2_leaf_reg': 1.7827538145869688, 'min_child_samples': 1}. Best is trial 31 with value: 0.1868438961343274.
[I 2025-03-09 16:54:56,160] Trial 86 finished with value: 0.1906095106998896 and parameters: {'learning_rate': 0.018127620208667733, 'depth': 11, 'l2_leaf_reg': 0.49789276419668266, 'min_child_samples': 4}. Best is trial 31 with value: 0.1868438961343274.
[I 2025-03-09 16:54:58,498] Trial 87 finished with value: 0.19220924346065202 and parameters: {'learning_rate': 0.019027661171377174, 'depth': 10, 'l2_leaf_reg': 1.995339198280389, 'min_child_samples': 4}. Best is trial 31 with value: 0.1868438961343274.
[I 2025-03-09 16:55:02,290] Trial 88 finished with value: 0.31623033108650717 and parameters: {'learning_rate': 0.005399737070887452, 'depth': 12, 'l2_leaf_reg': 1.8316424551601802, 'min_child_samples': 4}. Best is trial 31 with value: 0.1868438961343274.
[I 2025-03-09 16:55:04,402] Trial 89 finished with value: 0.20064153756895725 and parameters: {'learning_rate': 0.016971120943131628, 'depth': 9, 'l2_leaf_reg': 1.5141014984921708, 'min_child_samples': 8}. Best is trial 31 with value: 0.1868438961343274.
[I 2025-03-09 16:55:10,448] Trial 90 finished with value: 0.19768918043609432 and parameters: {'learning_rate': 0.019561330046973757, 'depth': 13, 'l2_leaf_reg': 0.8757877238706411, 'min_child_samples': 16}. Best is trial 31 with value: 0.1868438961343274.
[I 2025-03-09 16:55:13,262] Trial 91 finished with value: 0.18893949019289313 and parameters: {'learning_rate': 0.01908292093403138, 'depth': 11, 'l2_leaf_reg': 1.6519627913984192, 'min_child_samples': 4}. Best is trial 31 with value: 0.1868438961343274.
[I 2025-03-09 16:55:16,414] Trial 92 finished with value: 0.1888273027904896 and parameters: {'learning_rate': 0.018598372222883162, 'depth': 11, 'l2_leaf_reg': 1.7738729153666704, 'min_child_samples': 4}. Best is trial 31 with value: 0.1868438961343274.
[I 2025-03-09 16:55:20,524] Trial 93 finished with value: 0.19259263824697093 and parameters: {'learning_rate': 0.018349911321532946, 'depth': 12, 'l2_leaf_reg': 2.0693313888534073, 'min_child_samples': 4}. Best is trial 31 with value: 0.1868438961343274.
[I 2025-03-09 16:55:23,438] Trial 94 finished with value: 0.2230201246965974 and parameters: {'learning_rate': 0.009293202826438886, 'depth': 11, 'l2_leaf_reg': 1.7437539324133788, 'min_child_samples': 4}. Best is trial 31 with value: 0.1868438961343274.
[I 2025-03-09 16:55:25,892] Trial 95 finished with value: 0.1911754779565193 and parameters: {'learning_rate': 0.01965429838986401, 'depth': 10, 'l2_leaf_reg': 1.8666149260096845, 'min_child_samples': 4}. Best is trial 31 with value: 0.1868438961343274.
[I 2025-03-09 16:55:28,902] Trial 96 finished with value: 0.19041238041024502 and parameters: {'learning_rate': 0.018669362882696557, 'depth': 11, 'l2_leaf_reg': 0.7100979761963111, 'min_child_samples': 4}. Best is trial 31 with value: 0.1868438961343274.
[I 2025-03-09 16:55:32,758] Trial 97 finished with value: 0.1914347644938681 and parameters: {'learning_rate': 0.017665148381002783, 'depth': 12, 'l2_leaf_reg': 1.357642340328369, 'min_child_samples': 4}. Best is trial 31 with value: 0.1868438961343274.
[I 2025-03-09 16:55:35,010] Trial 98 finished with value: 0.2746472579195945 and parameters: {'learning_rate': 0.006878227580687233, 'depth': 10, 'l2_leaf_reg': 1.1159462224026724, 'min_child_samples': 32}. Best is trial 31 with value: 0.1868438961343274.
[I 2025-03-09 16:55:39,017] Trial 99 finished with value: 0.19162742246214653 and parameters: {'learning_rate': 0.01961331798249735, 'depth': 12, 'l2_leaf_reg': 1.0059344604947398, 'min_child_samples': 4}. Best is trial 31 with value: 0.1868438961343274.
[I 2025-03-09 16:55:42,157] Trial 100 finished with value: 0.18673831502092916 and parameters: {'learning_rate': 0.019993124792468033, 'depth': 11, 'l2_leaf_reg': 1.9548282646327901, 'min_child_samples': 4}. Best is trial 100 with value: 0.18673831502092916.
