[I 2025-03-09 17:14:20,270] Trial 441 finished with value: 0.19293164839724122 and parameters: {'learning_rate': 0.016706137809526345, 'depth': 11, 'l2_leaf_reg': 0.19642105015927752, 'min_child_samples': 4}. Best is trial 247 with value: 0.1863413750580257.
[I 2025-03-09 17:14:23,279] Trial 442 finished with value: 0.18804654616731145 and parameters: {'learning_rate': 0.019625014643281667, 'depth': 11, 'l2_leaf_reg': 0.4747240536020889, 'min_child_samples': 4}. Best is trial 247 with value: 0.1863413750580257.
[I 2025-03-09 17:14:25,562] Trial 443 finished with value: 0.19225308830472723 and parameters: {'learning_rate': 0.018674857737364475, 'depth': 10, 'l2_leaf_reg': 0.5667179243345912, 'min_child_samples': 4}. Best is trial 247 with value: 0.1863413750580257.
[I 2025-03-09 17:14:29,701] Trial 444 finished with value: 0.19069676506684569 and parameters: {'learning_rate': 0.019645746933242808, 'depth': 12, 'l2_leaf_reg': 0.3583165328295104, 'min_child_samples': 4}. Best is trial 247 with value: 0.1863413750580257.
[I 2025-03-09 17:14:32,866] Trial 445 finished with value: 0.18887057669668877 and parameters: {'learning_rate': 0.0192687990752439, 'depth': 11, 'l2_leaf_reg': 2.304402957945743, 'min_child_samples': 16}. Best is trial 247 with value: 0.1863413750580257.
[I 2025-03-09 17:14:35,695] Trial 446 finished with value: 0.19258322948685852 and parameters: {'learning_rate': 0.016256078499826812, 'depth': 11, 'l2_leaf_reg': 0.4138844244399061, 'min_child_samples': 8}. Best is trial 247 with value: 0.1863413750580257.
[I 2025-03-09 17:14:38,779] Trial 447 finished with value: 0.18757982651209215 and parameters: {'learning_rate': 0.019998391457683812, 'depth': 11, 'l2_leaf_reg': 0.07358806211916558, 'min_child_samples': 8}. Best is trial 247 with value: 0.1863413750580257.
[I 2025-03-09 17:14:41,212] Trial 448 finished with value: 0.19321907537181288 and parameters: {'learning_rate': 0.018299973142328556, 'depth': 10, 'l2_leaf_reg': 0.24160334442645104, 'min_child_samples': 8}. Best is trial 247 with value: 0.1863413750580257.
[I 2025-03-09 17:14:44,392] Trial 449 finished with value: 0.18863113662840067 and parameters: {'learning_rate': 0.019602247551756786, 'depth': 11, 'l2_leaf_reg': 0.6192931003339767, 'min_child_samples': 8}. Best is trial 247 with value: 0.1863413750580257.
[I 2025-03-09 17:14:48,343] Trial 450 finished with value: 0.19186705278017585 and parameters: {'learning_rate': 0.01906895480866053, 'depth': 12, 'l2_leaf_reg': 0.3114545700672201, 'min_child_samples': 32}. Best is trial 247 with value: 0.1863413750580257.
[I 2025-03-09 17:14:51,106] Trial 451 finished with value: 0.1880069804242939 and parameters: {'learning_rate': 0.019633044029859117, 'depth': 11, 'l2_leaf_reg': 1.97355022225261, 'min_child_samples': 8}. Best is trial 247 with value: 0.1863413750580257.
[I 2025-03-09 17:14:54,213] Trial 452 finished with value: 0.18834997731407194 and parameters: {'learning_rate': 0.019301378735256915, 'depth': 11, 'l2_leaf_reg': 0.7407532359019622, 'min_child_samples': 4}. Best is trial 247 with value: 0.1863413750580257.
[I 2025-03-09 17:14:56,333] Trial 453 finished with value: 0.19475198814279449 and parameters: {'learning_rate': 0.019997384816936685, 'depth': 9, 'l2_leaf_reg': 0.5158308138663079, 'min_child_samples': 8}. Best is trial 247 with value: 0.1863413750580257.
[I 2025-03-09 17:14:59,398] Trial 454 finished with value: 0.18744350772487964 and parameters: {'learning_rate': 0.019638303178476212, 'depth': 11, 'l2_leaf_reg': 2.4524213782604782, 'min_child_samples': 8}. Best is trial 247 with value: 0.1863413750580257.
[I 2025-03-09 17:15:01,869] Trial 455 finished with value: 0.19169183811437032 and parameters: {'learning_rate': 0.018875834360806983, 'depth': 10, 'l2_leaf_reg': 0.45301942681146234, 'min_child_samples': 8}. Best is trial 247 with value: 0.1863413750580257.
[I 2025-03-09 17:15:05,804] Trial 456 finished with value: 0.19063286572891008 and parameters: {'learning_rate': 0.01937374418151845, 'depth': 12, 'l2_leaf_reg': 0.6819198990517497, 'min_child_samples': 8}. Best is trial 247 with value: 0.1863413750580257.
[I 2025-03-09 17:15:11,747] Trial 457 finished with value: 0.19504207336147905 and parameters: {'learning_rate': 0.019656448781057455, 'depth': 13, 'l2_leaf_reg': 0.5915714597305048, 'min_child_samples': 8}. Best is trial 247 with value: 0.1863413750580257.
[I 2025-03-09 17:15:14,576] Trial 458 finished with value: 0.18734910886771072 and parameters: {'learning_rate': 0.019966664465847214, 'depth': 11, 'l2_leaf_reg': 0.38326557272255163, 'min_child_samples': 8}. Best is trial 247 with value: 0.1863413750580257.
[I 2025-03-09 17:15:17,085] Trial 459 finished with value: 0.18968630209109869 and parameters: {'learning_rate': 0.01998951341892263, 'depth': 10, 'l2_leaf_reg': 0.2823562488487192, 'min_child_samples': 4}. Best is trial 247 with value: 0.1863413750580257.
[I 2025-03-09 17:15:21,243] Trial 460 finished with value: 0.19135258180505005 and parameters: {'learning_rate': 0.01922510075936541, 'depth': 12, 'l2_leaf_reg': 0.18180827051122092, 'min_child_samples': 8}. Best is trial 247 with value: 0.1863413750580257.
[I 2025-03-09 17:15:24,080] Trial 461 finished with value: 0.20012907480547537 and parameters: {'learning_rate': 0.012630243879961464, 'depth': 11, 'l2_leaf_reg': 0.497241062937074, 'min_child_samples': 8}. Best is trial 247 with value: 0.1863413750580257.
[I 2025-03-09 17:15:27,107] Trial 462 finished with value: 0.18731361462067497 and parameters: {'learning_rate': 0.019999947588135565, 'depth': 11, 'l2_leaf_reg': 0.3441236364228993, 'min_child_samples': 8}. Best is trial 247 with value: 0.1863413750580257.
[I 2025-03-09 17:15:31,023] Trial 463 finished with value: 0.19341705528530911 and parameters: {'learning_rate': 0.01777318397870627, 'depth': 12, 'l2_leaf_reg': 0.5574798923207045, 'min_child_samples': 8}. Best is trial 247 with value: 0.1863413750580257.
[I 2025-03-09 17:15:33,887] Trial 464 finished with value: 0.18888212452852268 and parameters: {'learning_rate': 0.018951889215341036, 'depth': 11, 'l2_leaf_reg': 1.859997667447348, 'min_child_samples': 8}. Best is trial 247 with value: 0.1863413750580257.
[I 2025-03-09 17:15:36,976] Trial 465 finished with value: 0.19009695484266503 and parameters: {'learning_rate': 0.01940938157045977, 'depth': 11, 'l2_leaf_reg': 0.41236203292164736, 'min_child_samples': 8}. Best is trial 247 with value: 0.1863413750580257.
[I 2025-03-09 17:15:39,456] Trial 466 finished with value: 0.19068234931345796 and parameters: {'learning_rate': 0.019999371041381733, 'depth': 10, 'l2_leaf_reg': 0.7801010425085086, 'min_child_samples': 16}. Best is trial 247 with value: 0.1863413750580257.
[I 2025-03-09 17:15:40,760] Trial 467 finished with value: 0.335959404424633 and parameters: {'learning_rate': 0.018644328769588308, 'depth': 3, 'l2_leaf_reg': 0.24693739020632208, 'min_child_samples': 4}. Best is trial 247 with value: 0.1863413750580257.
[I 2025-03-09 17:15:43,596] Trial 468 finished with value: 0.18752439277049715 and parameters: {'learning_rate': 0.019608750465692146, 'depth': 11, 'l2_leaf_reg': 0.1300139676478389, 'min_child_samples': 8}. Best is trial 247 with value: 0.1863413750580257.
[I 2025-03-09 17:15:46,666] Trial 469 finished with value: 0.1890572473412329 and parameters: {'learning_rate': 0.0193071936743419, 'depth': 11, 'l2_leaf_reg': 0.6331769720506254, 'min_child_samples': 8}. Best is trial 247 with value: 0.1863413750580257.
[I 2025-03-09 17:15:49,535] Trial 470 finished with value: 0.18848003037313135 and parameters: {'learning_rate': 0.019606027196654007, 'depth': 11, 'l2_leaf_reg': 0.5174967859098357, 'min_child_samples': 8}. Best is trial 247 with value: 0.1863413750580257.
[I 2025-03-09 17:15:52,506] Trial 471 finished with value: 0.1875123505322208 and parameters: {'learning_rate': 0.018992667670699306, 'depth': 11, 'l2_leaf_reg': 1.3905893988048614, 'min_child_samples': 8}. Best is trial 247 with value: 0.1863413750580257.
[I 2025-03-09 17:15:56,518] Trial 472 finished with value: 0.19066142150919865 and parameters: {'learning_rate': 0.019642111243538603, 'depth': 12, 'l2_leaf_reg': 0.3214928053693683, 'min_child_samples': 8}. Best is trial 247 with value: 0.1863413750580257.
[I 2025-03-09 17:15:59,103] Trial 473 finished with value: 0.19308957516610492 and parameters: {'learning_rate': 0.019316753462810688, 'depth': 10, 'l2_leaf_reg': 0.46552984387354873, 'min_child_samples': 32}. Best is trial 247 with value: 0.1863413750580257.
[I 2025-03-09 17:16:02,177] Trial 474 finished with value: 0.19788482273071104 and parameters: {'learning_rate': 0.013361715565770534, 'depth': 11, 'l2_leaf_reg': 0.5969461020575798, 'min_child_samples': 4}. Best is trial 247 with value: 0.1863413750580257.
[I 2025-03-09 17:16:04,903] Trial 475 finished with value: 0.187205312280431 and parameters: {'learning_rate': 0.019993721866025563, 'depth': 11, 'l2_leaf_reg': 0.3922978098425538, 'min_child_samples': 8}. Best is trial 247 with value: 0.1863413750580257.
[I 2025-03-09 17:16:07,946] Trial 476 finished with value: 0.1894761251451488 and parameters: {'learning_rate': 0.01966354022447562, 'depth': 11, 'l2_leaf_reg': 0.4198730190642885, 'min_child_samples': 8}. Best is trial 247 with value: 0.1863413750580257.
[I 2025-03-09 17:16:41,748] Trial 477 finished with value: 0.28539765158297903 and parameters: {'learning_rate': 0.009933797499237704, 'depth': 16, 'l2_leaf_reg': 0.3785787358980208, 'min_child_samples': 8}. Best is trial 247 with value: 0.1863413750580257.
[I 2025-03-09 17:16:45,670] Trial 478 finished with value: 0.19307122496350765 and parameters: {'learning_rate': 0.018485350898284743, 'depth': 12, 'l2_leaf_reg': 0.5321472231901386, 'min_child_samples': 8}. Best is trial 247 with value: 0.1863413750580257.
[I 2025-03-09 17:16:47,542] Trial 479 finished with value: 0.2189693047921627 and parameters: {'learning_rate': 0.019661130423732697, 'depth': 7, 'l2_leaf_reg': 0.6789809612121575, 'min_child_samples': 8}. Best is trial 247 with value: 0.1863413750580257.
[I 2025-03-09 17:16:50,104] Trial 480 finished with value: 0.19207368675922223 and parameters: {'learning_rate': 0.019006231737102135, 'depth': 10, 'l2_leaf_reg': 0.4261151944588594, 'min_child_samples': 8}. Best is trial 247 with value: 0.1863413750580257.
[I 2025-03-09 17:16:53,405] Trial 481 finished with value: 0.190485350134312 and parameters: {'learning_rate': 0.019375860009228973, 'depth': 11, 'l2_leaf_reg': 0.46727281531104337, 'min_child_samples': 4}. Best is trial 247 with value: 0.1863413750580257.
[I 2025-03-09 17:16:56,265] Trial 482 finished with value: 0.18801222565288964 and parameters: {'learning_rate': 0.019688255372297698, 'depth': 11, 'l2_leaf_reg': 0.5304441194557197, 'min_child_samples': 8}. Best is trial 247 with value: 0.1863413750580257.
[I 2025-03-09 17:16:59,346] Trial 483 finished with value: 0.18844216288417961 and parameters: {'learning_rate': 0.019231717458230987, 'depth': 11, 'l2_leaf_reg': 0.3662106897379735, 'min_child_samples': 8}. Best is trial 247 with value: 0.1863413750580257.
[I 2025-03-09 17:17:01,688] Trial 484 finished with value: 0.19742342850787617 and parameters: {'learning_rate': 0.015084216544617763, 'depth': 10, 'l2_leaf_reg': 0.6048979434161452, 'min_child_samples': 8}. Best is trial 247 with value: 0.1863413750580257.
[I 2025-03-09 17:17:05,756] Trial 485 finished with value: 0.19071482013508692 and parameters: {'learning_rate': 0.019663077761383874, 'depth': 12, 'l2_leaf_reg': 0.6825572716323173, 'min_child_samples': 8}. Best is trial 247 with value: 0.1863413750580257.
[I 2025-03-09 17:17:08,751] Trial 486 finished with value: 0.18764329874763805 and parameters: {'learning_rate': 0.01998450763857706, 'depth': 11, 'l2_leaf_reg': 0.46885212898807405, 'min_child_samples': 8}. Best is trial 247 with value: 0.1863413750580257.
[I 2025-03-09 17:17:11,769] Trial 487 finished with value: 0.18943713210477936 and parameters: {'learning_rate': 0.01884990304863017, 'depth': 11, 'l2_leaf_reg': 0.30195435798582065, 'min_child_samples': 1}. Best is trial 247 with value: 0.1863413750580257.
[I 2025-03-09 17:17:14,781] Trial 488 finished with value: 0.1901516759314652 and parameters: {'learning_rate': 0.01932477619474087, 'depth': 11, 'l2_leaf_reg': 0.7426043315209818, 'min_child_samples': 8}. Best is trial 247 with value: 0.1863413750580257.
[I 2025-03-09 17:17:18,750] Trial 489 finished with value: 0.19079766138569526 and parameters: {'learning_rate': 0.019999623145588275, 'depth': 12, 'l2_leaf_reg': 2.039074995955081, 'min_child_samples': 4}. Best is trial 247 with value: 0.1863413750580257.
[I 2025-03-09 17:17:21,082] Trial 490 finished with value: 0.19114489664401188 and parameters: {'learning_rate': 0.019655802400295394, 'depth': 10, 'l2_leaf_reg': 0.5467889895092466, 'min_child_samples': 8}. Best is trial 247 with value: 0.1863413750580257.
[I 2025-03-09 17:17:30,899] Trial 491 finished with value: 0.20747405730899054 and parameters: {'learning_rate': 0.019993338032907246, 'depth': 14, 'l2_leaf_reg': 0.4047718499114623, 'min_child_samples': 8}. Best is trial 247 with value: 0.1863413750580257.
[I 2025-03-09 17:17:33,809] Trial 492 finished with value: 0.18935894015916283 and parameters: {'learning_rate': 0.01928248685902662, 'depth': 11, 'l2_leaf_reg': 0.48601513074151553, 'min_child_samples': 16}. Best is trial 247 with value: 0.1863413750580257.
[I 2025-03-09 17:17:36,875] Trial 493 finished with value: 0.18671968608462475 and parameters: {'learning_rate': 0.019995252007664138, 'depth': 11, 'l2_leaf_reg': 0.8089008669609656, 'min_child_samples': 8}. Best is trial 247 with value: 0.1863413750580257.
[I 2025-03-09 17:17:40,865] Trial 494 finished with value: 0.19054839066073095 and parameters: {'learning_rate': 0.01998581159932116, 'depth': 12, 'l2_leaf_reg': 0.9645474479102003, 'min_child_samples': 8}. Best is trial 247 with value: 0.1863413750580257.
[I 2025-03-09 17:17:43,864] Trial 495 finished with value: 0.18870635931046792 and parameters: {'learning_rate': 0.01967096287175516, 'depth': 11, 'l2_leaf_reg': 0.8148612560744416, 'min_child_samples': 8}. Best is trial 247 with value: 0.1863413750580257.
[I 2025-03-09 17:17:46,525] Trial 496 finished with value: 0.190021625638485 and parameters: {'learning_rate': 0.019622296695273215, 'depth': 10, 'l2_leaf_reg': 0.9448712170718645, 'min_child_samples': 4}. Best is trial 247 with value: 0.1863413750580257.
[I 2025-03-09 17:17:50,048] Trial 497 finished with value: 0.1865450751039882 and parameters: {'learning_rate': 0.01998046370740423, 'depth': 11, 'l2_leaf_reg': 0.22196889072337744, 'min_child_samples': 8}. Best is trial 247 with value: 0.1863413750580257.
[I 2025-03-09 17:17:53,397] Trial 498 finished with value: 0.18754326650481765 and parameters: {'learning_rate': 0.01905869509212552, 'depth': 11, 'l2_leaf_reg': 0.18825734317223194, 'min_child_samples': 8}. Best is trial 247 with value: 0.1863413750580257.
[I 2025-03-09 17:17:56,470] Trial 499 finished with value: 0.18761364783267725 and parameters: {'learning_rate': 0.01962710060092683, 'depth': 11, 'l2_leaf_reg': 0.21342321703495076, 'min_child_samples': 8}. Best is trial 247 with value: 0.1863413750580257.
2025-03-09 17:17:56,470 - __main__ - INFO - Best RMSE: 0.1863
2025-03-09 17:17:56,471 - __main__ - INFO - Best parameters: {'learning_rate': 0.019959040431335926, 'depth': 11, 'l2_leaf_reg': 0.5000310377961875, 'min_child_samples': 8}
2025-03-09 17:17:56,471 - __main__ - INFO - Starting c_std_y optimization...
2025-03-09 17:17:56,472 - __main__ - INFO - Starting hyperparameter optimization for c_std_y
[I 2025-03-09 17:17:56,472] A new study created in memory with name: catboost-c_std_y-seed42
[I 2025-03-09 17:18:30,466] Trial 0 finished with value: 0.5818035843351965 and parameters: {'learning_rate': 0.013490729960734176, 'depth': 16, 'l2_leaf_reg': 1.4149347170475808, 'min_child_samples': 4}. Best is trial 0 with value: 0.5818035843351965.
[I 2025-03-09 17:18:31,511] Trial 1 finished with value: 0.7429800331178822 and parameters: {'learning_rate': 0.010021323949380961, 'depth': 3, 'l2_leaf_reg': 0.949026855013095, 'min_child_samples': 8}. Best is trial 0 with value: 0.5818035843351965.
[I 2025-03-09 17:18:32,923] Trial 2 finished with value: 0.6169007154819209 and parameters: {'learning_rate': 0.018031577001206597, 'depth': 3, 'l2_leaf_reg': 1.819988364893744, 'min_child_samples': 1}. Best is trial 0 with value: 0.5818035843351965.
[I 2025-03-09 17:18:35,332] Trial 3 finished with value: 0.6146368222875211 and parameters: {'learning_rate': 0.005989610556692921, 'depth': 10, 'l2_leaf_reg': 2.240341521959766, 'min_child_samples': 4}. Best is trial 0 with value: 0.5818035843351965.
[I 2025-03-09 17:18:36,930] Trial 4 finished with value: 1.2994574812903106 and parameters: {'learning_rate': 0.0011735918183754966, 'depth': 6, 'l2_leaf_reg': 0.4349500905083332, 'min_child_samples': 1}. Best is trial 0 with value: 0.5818035843351965.
[I 2025-03-09 17:18:46,463] Trial 5 finished with value: 0.5851208211141109 and parameters: {'learning_rate': 0.007448627036390364, 'depth': 14, 'l2_leaf_reg': 0.33240444242923983, 'min_child_samples': 8}. Best is trial 0 with value: 0.5818035843351965.
[I 2025-03-09 17:18:47,934] Trial 6 finished with value: 0.9963549213470267 and parameters: {'learning_rate': 0.0027988260146354915, 'depth': 6, 'l2_leaf_reg': 0.7719060836333583, 'min_child_samples': 32}. Best is trial 0 with value: 0.5818035843351965.
[I 2025-03-09 17:18:50,481] Trial 7 finished with value: 0.47569530547042643 and parameters: {'learning_rate': 0.018213449833737388, 'depth': 10, 'l2_leaf_reg': 2.8514090435829935, 'min_child_samples': 4}. Best is trial 7 with value: 0.47569530547042643.
[I 2025-03-09 17:18:51,927] Trial 8 finished with value: 0.5308686288221881 and parameters: {'learning_rate': 0.01892811916303663, 'depth': 5, 'l2_leaf_reg': 1.9594265976384029, 'min_child_samples': 16}. Best is trial 7 with value: 0.47569530547042643.
[I 2025-03-09 17:18:53,397] Trial 9 finished with value: 0.5212699750309341 and parameters: {'learning_rate': 0.015260975466151927, 'depth': 6, 'l2_leaf_reg': 0.007834044615824931, 'min_child_samples': 32}. Best is trial 7 with value: 0.47569530547042643.
[I 2025-03-09 17:18:56,486] Trial 10 finished with value: 0.4902443665937347 and parameters: {'learning_rate': 0.013556825671648075, 'depth': 11, 'l2_leaf_reg': 2.993657333962461, 'min_child_samples': 4}. Best is trial 7 with value: 0.47569530547042643.
[I 2025-03-09 17:18:59,595] Trial 11 finished with value: 0.4852645643938805 and parameters: {'learning_rate': 0.014575075015765802, 'depth': 11, 'l2_leaf_reg': 2.9945322922172553, 'min_child_samples': 4}. Best is trial 7 with value: 0.47569530547042643.
[I 2025-03-09 17:19:03,470] Trial 12 finished with value: 0.4813527652485855 and parameters: {'learning_rate': 0.01675770812350236, 'depth': 12, 'l2_leaf_reg': 2.9844400053335476, 'min_child_samples': 4}. Best is trial 7 with value: 0.47569530547042643.
[I 2025-03-09 17:19:09,195] Trial 13 finished with value: 0.48977228660085365 and parameters: {'learning_rate': 0.01939511582378467, 'depth': 13, 'l2_leaf_reg': 2.4594901378346714, 'min_child_samples': 4}. Best is trial 7 with value: 0.47569530547042643.
[I 2025-03-09 17:19:11,500] Trial 14 finished with value: 0.4809694582185613 and parameters: {'learning_rate': 0.016407631413526816, 'depth': 9, 'l2_leaf_reg': 2.5792522794132773, 'min_child_samples': 16}. Best is trial 7 with value: 0.47569530547042643.
[I 2025-03-09 17:19:13,519] Trial 15 finished with value: 0.5101006707213402 and parameters: {'learning_rate': 0.01181538861540657, 'depth': 8, 'l2_leaf_reg': 2.5257897541549554, 'min_child_samples': 16}. Best is trial 7 with value: 0.47569530547042643.
[I 2025-03-09 17:19:15,865] Trial 16 finished with value: 0.4791279131013824 and parameters: {'learning_rate': 0.016800283940921923, 'depth': 9, 'l2_leaf_reg': 2.5726917929512276, 'min_child_samples': 16}. Best is trial 7 with value: 0.47569530547042643.
[I 2025-03-09 17:19:18,102] Trial 17 finished with value: 0.520029713458321 and parameters: {'learning_rate': 0.010849657110091145, 'depth': 8, 'l2_leaf_reg': 1.6237934034817596, 'min_child_samples': 16}. Best is trial 7 with value: 0.47569530547042643.
[I 2025-03-09 17:19:19,524] Trial 18 finished with value: 0.9374156619007855 and parameters: {'learning_rate': 0.01982451352247391, 'depth': 1, 'l2_leaf_reg': 1.3167988028438509, 'min_child_samples': 16}. Best is trial 7 with value: 0.47569530547042643.
[I 2025-03-09 17:19:37,472] Trial 19 finished with value: 0.5465388745217807 and parameters: {'learning_rate': 0.016738838079232612, 'depth': 15, 'l2_leaf_reg': 2.1907848249318143, 'min_child_samples': 1}. Best is trial 7 with value: 0.47569530547042643.
[I 2025-03-09 17:19:39,167] Trial 20 finished with value: 0.563387580018128 and parameters: {'learning_rate': 0.007701957244474266, 'depth': 9, 'l2_leaf_reg': 2.6669998148696825, 'min_child_samples': 32}. Best is trial 7 with value: 0.47569530547042643.
[I 2025-03-09 17:19:41,312] Trial 21 finished with value: 0.48195710327950597 and parameters: {'learning_rate': 0.016224342254949693, 'depth': 9, 'l2_leaf_reg': 2.671945341620082, 'min_child_samples': 16}. Best is trial 7 with value: 0.47569530547042643.
[I 2025-03-09 17:19:43,821] Trial 22 finished with value: 0.4768760642899154 and parameters: {'learning_rate': 0.01732756427916688, 'depth': 10, 'l2_leaf_reg': 2.20374662830843, 'min_child_samples': 16}. Best is trial 7 with value: 0.47569530547042643.
[I 2025-03-09 17:19:46,569] Trial 23 finished with value: 0.49419847526650706 and parameters: {'learning_rate': 0.012579133762942205, 'depth': 11, 'l2_leaf_reg': 2.210514438363367, 'min_child_samples': 16}. Best is trial 7 with value: 0.47569530547042643.
