[I 2025-03-09 16:10:40,986] Trial 338 finished with value: 0.28191656535249837 and parameters: {'learning_rate': 0.019025785369495358, 'depth': 12, 'l2_leaf_reg': 1.5562269101496737, 'min_child_samples': 8}. Best is trial 334 with value: 0.27179757584345515.
[I 2025-03-09 16:10:51,362] Trial 339 finished with value: 0.27841893570432996 and parameters: {'learning_rate': 0.01838572177895618, 'depth': 14, 'l2_leaf_reg': 1.6501999565573198, 'min_child_samples': 8}. Best is trial 334 with value: 0.27179757584345515.
[I 2025-03-09 16:10:57,811] Trial 340 finished with value: 0.2799547737143224 and parameters: {'learning_rate': 0.019562968264865203, 'depth': 13, 'l2_leaf_reg': 1.1280610408325318, 'min_child_samples': 8}. Best is trial 334 with value: 0.27179757584345515.
[I 2025-03-09 16:11:05,313] Trial 341 finished with value: 0.2757695634712938 and parameters: {'learning_rate': 0.01872940098248382, 'depth': 13, 'l2_leaf_reg': 1.9905820034865869, 'min_child_samples': 16}. Best is trial 334 with value: 0.27179757584345515.
[I 2025-03-09 16:11:15,656] Trial 342 finished with value: 0.2783937658128291 and parameters: {'learning_rate': 0.01924593609796627, 'depth': 14, 'l2_leaf_reg': 1.2024726770759604, 'min_child_samples': 8}. Best is trial 334 with value: 0.27179757584345515.
[I 2025-03-09 16:11:21,538] Trial 343 finished with value: 0.27757053754395744 and parameters: {'learning_rate': 0.019586015772734312, 'depth': 13, 'l2_leaf_reg': 1.7829463471861224, 'min_child_samples': 8}. Best is trial 334 with value: 0.27179757584345515.
[I 2025-03-09 16:11:27,563] Trial 344 finished with value: 0.27550798418047606 and parameters: {'learning_rate': 0.01908824166258925, 'depth': 13, 'l2_leaf_reg': 1.3363297460864765, 'min_child_samples': 8}. Best is trial 334 with value: 0.27179757584345515.
[I 2025-03-09 16:11:33,576] Trial 345 finished with value: 0.27278410322286034 and parameters: {'learning_rate': 0.019661176068474784, 'depth': 13, 'l2_leaf_reg': 1.8462394082374576, 'min_child_samples': 8}. Best is trial 334 with value: 0.27179757584345515.
[I 2025-03-09 16:11:37,423] Trial 346 finished with value: 0.2802270366749326 and parameters: {'learning_rate': 0.018550077805629724, 'depth': 12, 'l2_leaf_reg': 1.9392590300514494, 'min_child_samples': 16}. Best is trial 334 with value: 0.27179757584345515.
[I 2025-03-09 16:11:43,535] Trial 347 finished with value: 0.2762282072130625 and parameters: {'learning_rate': 0.019388782182580104, 'depth': 13, 'l2_leaf_reg': 1.8381842632283274, 'min_child_samples': 8}. Best is trial 334 with value: 0.27179757584345515.
[I 2025-03-09 16:11:53,134] Trial 348 finished with value: 0.4978351935847004 and parameters: {'learning_rate': 0.0003448432688616023, 'depth': 14, 'l2_leaf_reg': 1.889244684297224, 'min_child_samples': 8}. Best is trial 334 with value: 0.27179757584345515.
[I 2025-03-09 16:11:56,908] Trial 349 finished with value: 0.2782370992958842 and parameters: {'learning_rate': 0.018878885388991278, 'depth': 12, 'l2_leaf_reg': 1.7371728482768252, 'min_child_samples': 8}. Best is trial 334 with value: 0.27179757584345515.
[I 2025-03-09 16:12:02,618] Trial 350 finished with value: 0.27543307046041404 and parameters: {'learning_rate': 0.019610035358480427, 'depth': 13, 'l2_leaf_reg': 2.1374041892418516, 'min_child_samples': 8}. Best is trial 334 with value: 0.27179757584345515.
[I 2025-03-09 16:12:08,496] Trial 351 finished with value: 0.27656562228576576 and parameters: {'learning_rate': 0.018022375733302527, 'depth': 13, 'l2_leaf_reg': 1.8166396769595856, 'min_child_samples': 16}. Best is trial 334 with value: 0.27179757584345515.
[I 2025-03-09 16:12:14,490] Trial 352 finished with value: 0.27508019496782604 and parameters: {'learning_rate': 0.019339933860495657, 'depth': 13, 'l2_leaf_reg': 1.6645181699311977, 'min_child_samples': 8}. Best is trial 334 with value: 0.27179757584345515.
[I 2025-03-09 16:12:18,345] Trial 353 finished with value: 0.2826059183274958 and parameters: {'learning_rate': 0.01902304880717018, 'depth': 12, 'l2_leaf_reg': 1.4905462822683049, 'min_child_samples': 8}. Best is trial 334 with value: 0.27179757584345515.
[I 2025-03-09 16:12:36,084] Trial 354 finished with value: 0.2874027828691485 and parameters: {'learning_rate': 0.019645037854867427, 'depth': 15, 'l2_leaf_reg': 1.9275352580047307, 'min_child_samples': 8}. Best is trial 334 with value: 0.27179757584345515.
[I 2025-03-09 16:12:45,546] Trial 355 finished with value: 0.2788340778349415 and parameters: {'learning_rate': 0.01849949589724452, 'depth': 14, 'l2_leaf_reg': 1.76496210800018, 'min_child_samples': 8}. Best is trial 334 with value: 0.27179757584345515.
[I 2025-03-09 16:12:51,580] Trial 356 finished with value: 0.2767655088952582 and parameters: {'learning_rate': 0.019599631472503508, 'depth': 13, 'l2_leaf_reg': 2.067714769911709, 'min_child_samples': 16}. Best is trial 334 with value: 0.27179757584345515.
[I 2025-03-09 16:12:57,496] Trial 357 finished with value: 0.27350679088306723 and parameters: {'learning_rate': 0.01998895049277697, 'depth': 13, 'l2_leaf_reg': 1.580536221863433, 'min_child_samples': 8}. Best is trial 334 with value: 0.27179757584345515.
[I 2025-03-09 16:13:00,472] Trial 358 finished with value: 0.2859622017143513 and parameters: {'learning_rate': 0.019192680361054128, 'depth': 11, 'l2_leaf_reg': 1.5797845067623753, 'min_child_samples': 1}. Best is trial 334 with value: 0.27179757584345515.
[I 2025-03-09 16:13:06,312] Trial 359 finished with value: 0.275365364906507 and parameters: {'learning_rate': 0.01880270334140575, 'depth': 13, 'l2_leaf_reg': 1.5281337426939603, 'min_child_samples': 8}. Best is trial 334 with value: 0.27179757584345515.
[I 2025-03-09 16:13:15,887] Trial 360 finished with value: 0.2780235903307881 and parameters: {'learning_rate': 0.01999249515151362, 'depth': 14, 'l2_leaf_reg': 1.4114129595478997, 'min_child_samples': 8}. Best is trial 334 with value: 0.27179757584345515.
[I 2025-03-09 16:13:21,713] Trial 361 finished with value: 0.27579883415051587 and parameters: {'learning_rate': 0.018311742077956192, 'depth': 13, 'l2_leaf_reg': 1.4464777584134059, 'min_child_samples': 8}. Best is trial 334 with value: 0.27179757584345515.
[I 2025-03-09 16:13:25,689] Trial 362 finished with value: 0.27911176132335364 and parameters: {'learning_rate': 0.019365844113535317, 'depth': 12, 'l2_leaf_reg': 1.8377266330167794, 'min_child_samples': 16}. Best is trial 334 with value: 0.27179757584345515.
[I 2025-03-09 16:13:31,649] Trial 363 finished with value: 0.2789040042952664 and parameters: {'learning_rate': 0.01964096823239121, 'depth': 13, 'l2_leaf_reg': 1.9802083657117153, 'min_child_samples': 8}. Best is trial 334 with value: 0.27179757584345515.
[I 2025-03-09 16:13:37,481] Trial 364 finished with value: 0.2782003165646542 and parameters: {'learning_rate': 0.01896336558585519, 'depth': 13, 'l2_leaf_reg': 1.5841996741244384, 'min_child_samples': 8}. Best is trial 334 with value: 0.27179757584345515.
[I 2025-03-09 16:13:41,601] Trial 365 finished with value: 0.2813354307082747 and parameters: {'learning_rate': 0.019998035377128104, 'depth': 12, 'l2_leaf_reg': 1.3654824981795344, 'min_child_samples': 8}. Best is trial 334 with value: 0.27179757584345515.
[I 2025-03-09 16:13:47,557] Trial 366 finished with value: 0.2778236492494539 and parameters: {'learning_rate': 0.019159034183546045, 'depth': 13, 'l2_leaf_reg': 1.528460159843694, 'min_child_samples': 16}. Best is trial 334 with value: 0.27179757584345515.
[I 2025-03-09 16:13:57,456] Trial 367 finished with value: 0.2782157463256037 and parameters: {'learning_rate': 0.01958262947649004, 'depth': 14, 'l2_leaf_reg': 1.6450026270496478, 'min_child_samples': 8}. Best is trial 334 with value: 0.27179757584345515.
[I 2025-03-09 16:14:03,495] Trial 368 finished with value: 0.27561410668156483 and parameters: {'learning_rate': 0.01779734530894586, 'depth': 13, 'l2_leaf_reg': 1.8807012409438713, 'min_child_samples': 8}. Best is trial 334 with value: 0.27179757584345515.
[I 2025-03-09 16:14:05,868] Trial 369 finished with value: 0.29005038956776474 and parameters: {'learning_rate': 0.018524981284757564, 'depth': 10, 'l2_leaf_reg': 1.2892913252747176, 'min_child_samples': 8}. Best is trial 334 with value: 0.27179757584345515.
[I 2025-03-09 16:14:12,002] Trial 370 finished with value: 0.27694807365254326 and parameters: {'learning_rate': 0.01928362327082518, 'depth': 13, 'l2_leaf_reg': 1.4668819332574412, 'min_child_samples': 8}. Best is trial 334 with value: 0.27179757584345515.
[I 2025-03-09 16:14:17,984] Trial 371 finished with value: 0.27682721153530265 and parameters: {'learning_rate': 0.01871798600587144, 'depth': 13, 'l2_leaf_reg': 1.7539233818987858, 'min_child_samples': 16}. Best is trial 334 with value: 0.27179757584345515.
[I 2025-03-09 16:14:27,580] Trial 372 finished with value: 0.27702322296850795 and parameters: {'learning_rate': 0.019678001536037985, 'depth': 14, 'l2_leaf_reg': 2.179852406852942, 'min_child_samples': 8}. Best is trial 334 with value: 0.27179757584345515.
[I 2025-03-09 16:14:33,381] Trial 373 finished with value: 0.27690194621539926 and parameters: {'learning_rate': 0.019618619498108985, 'depth': 13, 'l2_leaf_reg': 1.6324716273559587, 'min_child_samples': 8}. Best is trial 334 with value: 0.27179757584345515.
[I 2025-03-09 16:14:37,392] Trial 374 finished with value: 0.2781884853695939 and parameters: {'learning_rate': 0.019100878811600018, 'depth': 12, 'l2_leaf_reg': 2.44600122295119, 'min_child_samples': 8}. Best is trial 334 with value: 0.27179757584345515.
[I 2025-03-09 16:14:43,365] Trial 375 finished with value: 0.2764228844966058 and parameters: {'learning_rate': 0.019999784514730834, 'depth': 13, 'l2_leaf_reg': 2.3289341644844157, 'min_child_samples': 8}. Best is trial 334 with value: 0.27179757584345515.
[I 2025-03-09 16:14:53,190] Trial 376 finished with value: 0.28189367339743254 and parameters: {'learning_rate': 0.018242381375705212, 'depth': 14, 'l2_leaf_reg': 1.361729727994979, 'min_child_samples': 16}. Best is trial 334 with value: 0.27179757584345515.
[I 2025-03-09 16:15:26,887] Trial 377 finished with value: 0.29823863752055996 and parameters: {'learning_rate': 0.01933355694225883, 'depth': 16, 'l2_leaf_reg': 1.9330335421109772, 'min_child_samples': 8}. Best is trial 334 with value: 0.27179757584345515.
[I 2025-03-09 16:15:32,531] Trial 378 finished with value: 0.2739957450515285 and parameters: {'learning_rate': 0.018924291557032583, 'depth': 13, 'l2_leaf_reg': 1.7181155646755308, 'min_child_samples': 8}. Best is trial 334 with value: 0.27179757584345515.
[I 2025-03-09 16:15:36,414] Trial 379 finished with value: 0.2793013433070834 and parameters: {'learning_rate': 0.019998534192631437, 'depth': 12, 'l2_leaf_reg': 1.2704251096583834, 'min_child_samples': 8}. Best is trial 334 with value: 0.27179757584345515.
[I 2025-03-09 16:15:42,461] Trial 380 finished with value: 0.28548709733936034 and parameters: {'learning_rate': 0.010198829127965419, 'depth': 13, 'l2_leaf_reg': 1.8504800343415542, 'min_child_samples': 1}. Best is trial 334 with value: 0.27179757584345515.
[I 2025-03-09 16:15:48,184] Trial 381 finished with value: 0.2790867187873789 and parameters: {'learning_rate': 0.019618113292063047, 'depth': 13, 'l2_leaf_reg': 1.993257094436484, 'min_child_samples': 8}. Best is trial 334 with value: 0.27179757584345515.
[I 2025-03-09 16:15:54,052] Trial 382 finished with value: 0.2737607502414454 and parameters: {'learning_rate': 0.01872911233471719, 'depth': 13, 'l2_leaf_reg': 1.5552642849247809, 'min_child_samples': 16}. Best is trial 334 with value: 0.27179757584345515.
[I 2025-03-09 16:15:59,961] Trial 383 finished with value: 0.27503026744448233 and parameters: {'learning_rate': 0.018097063864339857, 'depth': 13, 'l2_leaf_reg': 1.4800221116991803, 'min_child_samples': 16}. Best is trial 334 with value: 0.27179757584345515.
[I 2025-03-09 16:16:09,553] Trial 384 finished with value: 0.28074272240472564 and parameters: {'learning_rate': 0.018479601175267306, 'depth': 14, 'l2_leaf_reg': 1.7968840374904016, 'min_child_samples': 16}. Best is trial 334 with value: 0.27179757584345515.
[I 2025-03-09 16:16:13,474] Trial 385 finished with value: 0.2779831827440279 and parameters: {'learning_rate': 0.01879281664245096, 'depth': 12, 'l2_leaf_reg': 1.3119481429490976, 'min_child_samples': 16}. Best is trial 334 with value: 0.27179757584345515.
[I 2025-03-09 16:16:15,067] Trial 386 finished with value: 0.31604480372484006 and parameters: {'learning_rate': 0.01916476923755153, 'depth': 6, 'l2_leaf_reg': 1.4104225670415544, 'min_child_samples': 16}. Best is trial 334 with value: 0.27179757584345515.
[I 2025-03-09 16:16:20,988] Trial 387 finished with value: 0.2782322092557396 and parameters: {'learning_rate': 0.017587022912134192, 'depth': 13, 'l2_leaf_reg': 1.560873232456553, 'min_child_samples': 16}. Best is trial 334 with value: 0.27179757584345515.
[I 2025-03-09 16:16:27,045] Trial 388 finished with value: 0.2771631197828595 and parameters: {'learning_rate': 0.018662674540860208, 'depth': 13, 'l2_leaf_reg': 1.9026691882253726, 'min_child_samples': 16}. Best is trial 334 with value: 0.27179757584345515.
[I 2025-03-09 16:16:29,901] Trial 389 finished with value: 0.28800785436932036 and parameters: {'learning_rate': 0.018252003735170885, 'depth': 11, 'l2_leaf_reg': 2.083256583912367, 'min_child_samples': 16}. Best is trial 334 with value: 0.27179757584345515.
[I 2025-03-09 16:16:35,841] Trial 390 finished with value: 0.2753105767832972 and parameters: {'learning_rate': 0.019246453819674138, 'depth': 13, 'l2_leaf_reg': 1.6837599762480153, 'min_child_samples': 32}. Best is trial 334 with value: 0.27179757584345515.
[I 2025-03-09 16:16:39,850] Trial 391 finished with value: 0.2817091200805518 and parameters: {'learning_rate': 0.01942541148817711, 'depth': 12, 'l2_leaf_reg': 1.254352592827637, 'min_child_samples': 16}. Best is trial 334 with value: 0.27179757584345515.
[I 2025-03-09 16:16:49,491] Trial 392 finished with value: 0.27785944091893966 and parameters: {'learning_rate': 0.0188261606485339, 'depth': 14, 'l2_leaf_reg': 1.7741774235669587, 'min_child_samples': 32}. Best is trial 334 with value: 0.27179757584345515.
[I 2025-03-09 16:16:55,421] Trial 393 finished with value: 0.2767283267310913 and parameters: {'learning_rate': 0.01959799043282958, 'depth': 13, 'l2_leaf_reg': 1.5246388352511357, 'min_child_samples': 16}. Best is trial 334 with value: 0.27179757584345515.
[I 2025-03-09 16:17:01,202] Trial 394 finished with value: 0.27745895720834973 and parameters: {'learning_rate': 0.01901597677584025, 'depth': 13, 'l2_leaf_reg': 1.62123857081263, 'min_child_samples': 8}. Best is trial 334 with value: 0.27179757584345515.
[I 2025-03-09 16:17:11,027] Trial 395 finished with value: 0.2799269168100741 and parameters: {'learning_rate': 0.017937052872587074, 'depth': 14, 'l2_leaf_reg': 1.1472483388220314, 'min_child_samples': 8}. Best is trial 334 with value: 0.27179757584345515.
[I 2025-03-09 16:17:14,869] Trial 396 finished with value: 0.279444177848052 and parameters: {'learning_rate': 0.01860458434373581, 'depth': 12, 'l2_leaf_reg': 1.36712909246285, 'min_child_samples': 8}. Best is trial 334 with value: 0.27179757584345515.
[I 2025-03-09 16:17:20,592] Trial 397 finished with value: 0.27547312002545193 and parameters: {'learning_rate': 0.019288002697537433, 'depth': 13, 'l2_leaf_reg': 2.570502363458063, 'min_child_samples': 16}. Best is trial 334 with value: 0.27179757584345515.
[I 2025-03-09 16:17:30,330] Trial 398 finished with value: 0.2788572912120065 and parameters: {'learning_rate': 0.019655544664524596, 'depth': 14, 'l2_leaf_reg': 1.8508542850013545, 'min_child_samples': 8}. Best is trial 334 with value: 0.27179757584345515.
[I 2025-03-09 16:17:36,242] Trial 399 finished with value: 0.27645590370525647 and parameters: {'learning_rate': 0.018968516068253165, 'depth': 13, 'l2_leaf_reg': 1.2324420021338953, 'min_child_samples': 8}. Best is trial 334 with value: 0.27179757584345515.
[I 2025-03-09 16:17:42,241] Trial 400 finished with value: 0.27761884112537527 and parameters: {'learning_rate': 0.01963770367088849, 'depth': 13, 'l2_leaf_reg': 2.027642593849293, 'min_child_samples': 32}. Best is trial 334 with value: 0.27179757584345515.
[I 2025-03-09 16:17:48,075] Trial 401 finished with value: 0.2748723610020706 and parameters: {'learning_rate': 0.019997900145835412, 'depth': 13, 'l2_leaf_reg': 1.4304960836022607, 'min_child_samples': 8}. Best is trial 334 with value: 0.27179757584345515.
[I 2025-03-09 16:17:57,756] Trial 402 finished with value: 0.2781548483458803 and parameters: {'learning_rate': 0.018324791858627947, 'depth': 14, 'l2_leaf_reg': 1.730042204407616, 'min_child_samples': 8}. Best is trial 334 with value: 0.27179757584345515.
[I 2025-03-09 16:18:03,659] Trial 403 finished with value: 0.2805863026387938 and parameters: {'learning_rate': 0.012456761712251227, 'depth': 13, 'l2_leaf_reg': 1.0101881115302733, 'min_child_samples': 16}. Best is trial 334 with value: 0.27179757584345515.
[I 2025-03-09 16:18:09,430] Trial 404 finished with value: 0.2760902270737161 and parameters: {'learning_rate': 0.019282600211181743, 'depth': 13, 'l2_leaf_reg': 1.0632010740458753, 'min_child_samples': 8}. Best is trial 334 with value: 0.27179757584345515.
[I 2025-03-09 16:18:13,335] Trial 405 finished with value: 0.2792947364760476 and parameters: {'learning_rate': 0.019680526904463567, 'depth': 12, 'l2_leaf_reg': 1.9487254168081956, 'min_child_samples': 8}. Best is trial 334 with value: 0.27179757584345515.
[I 2025-03-09 16:18:14,603] Trial 406 finished with value: 0.3933031034185059 and parameters: {'learning_rate': 0.018834473211606747, 'depth': 2, 'l2_leaf_reg': 1.3206541274968315, 'min_child_samples': 1}. Best is trial 334 with value: 0.27179757584345515.
[I 2025-03-09 16:18:20,534] Trial 407 finished with value: 0.2761057632238263 and parameters: {'learning_rate': 0.01934545470557822, 'depth': 13, 'l2_leaf_reg': 1.804898382464671, 'min_child_samples': 8}. Best is trial 334 with value: 0.27179757584345515.
[I 2025-03-09 16:18:24,518] Trial 408 finished with value: 0.27809389128002376 and parameters: {'learning_rate': 0.019979681125436497, 'depth': 12, 'l2_leaf_reg': 1.6918772562396422, 'min_child_samples': 16}. Best is trial 334 with value: 0.27179757584345515.
[I 2025-03-09 16:18:30,426] Trial 409 finished with value: 0.2747493416672225 and parameters: {'learning_rate': 0.01854984121362987, 'depth': 13, 'l2_leaf_reg': 1.5069141415152483, 'min_child_samples': 8}. Best is trial 334 with value: 0.27179757584345515.
[I 2025-03-09 16:18:34,468] Trial 410 finished with value: 0.28101013849843626 and parameters: {'learning_rate': 0.019137972166284958, 'depth': 12, 'l2_leaf_reg': 1.8976195039049621, 'min_child_samples': 8}. Best is trial 334 with value: 0.27179757584345515.
[I 2025-03-09 16:18:44,156] Trial 411 finished with value: 0.2794655034519207 and parameters: {'learning_rate': 0.019652975515971723, 'depth': 14, 'l2_leaf_reg': 1.5904953778960815, 'min_child_samples': 32}. Best is trial 334 with value: 0.27179757584345515.
[I 2025-03-09 16:18:50,061] Trial 412 finished with value: 0.2779378180993801 and parameters: {'learning_rate': 0.018929593608408016, 'depth': 13, 'l2_leaf_reg': 1.2212845573458473, 'min_child_samples': 8}. Best is trial 334 with value: 0.27179757584345515.
[I 2025-03-09 16:18:55,933] Trial 413 finished with value: 0.2750379117424181 and parameters: {'learning_rate': 0.019339025231378405, 'depth': 13, 'l2_leaf_reg': 1.374982897956358, 'min_child_samples': 16}. Best is trial 334 with value: 0.27179757584345515.
[I 2025-03-09 16:19:05,774] Trial 414 finished with value: 0.27977582646062366 and parameters: {'learning_rate': 0.018058898723494612, 'depth': 14, 'l2_leaf_reg': 1.655273748778233, 'min_child_samples': 8}. Best is trial 334 with value: 0.27179757584345515.
[I 2025-03-09 16:19:11,816] Trial 415 finished with value: 0.27633229263978604 and parameters: {'learning_rate': 0.019413892545560005, 'depth': 13, 'l2_leaf_reg': 1.857607642948494, 'min_child_samples': 8}. Best is trial 334 with value: 0.27179757584345515.
[I 2025-03-09 16:19:17,681] Trial 416 finished with value: 0.2760412201219901 and parameters: {'learning_rate': 0.019690987518907545, 'depth': 13, 'l2_leaf_reg': 1.3071037847766225, 'min_child_samples': 8}. Best is trial 334 with value: 0.27179757584345515.
[I 2025-03-09 16:19:21,731] Trial 417 finished with value: 0.27959267357748296 and parameters: {'learning_rate': 0.01855887912976301, 'depth': 12, 'l2_leaf_reg': 2.1361279586780304, 'min_child_samples': 8}. Best is trial 334 with value: 0.27179757584345515.
[I 2025-03-09 16:19:39,472] Trial 418 finished with value: 0.2903756951624356 and parameters: {'learning_rate': 0.018974496787786784, 'depth': 15, 'l2_leaf_reg': 2.4988439464492678, 'min_child_samples': 16}. Best is trial 334 with value: 0.27179757584345515.
[I 2025-03-09 16:19:45,282] Trial 419 finished with value: 0.2737205844420913 and parameters: {'learning_rate': 0.01999122881427369, 'depth': 13, 'l2_leaf_reg': 1.4336539240090636, 'min_child_samples': 8}. Best is trial 334 with value: 0.27179757584345515.
[I 2025-03-09 16:19:51,072] Trial 420 finished with value: 0.272595652324756 and parameters: {'learning_rate': 0.01997746140227788, 'depth': 13, 'l2_leaf_reg': 1.4555769412860546, 'min_child_samples': 8}. Best is trial 334 with value: 0.27179757584345515.
[I 2025-03-09 16:19:57,001] Trial 421 finished with value: 0.27635212798634917 and parameters: {'learning_rate': 0.01993273521631574, 'depth': 13, 'l2_leaf_reg': 1.4597216749395603, 'min_child_samples': 8}. Best is trial 334 with value: 0.27179757584345515.
[I 2025-03-09 16:20:06,587] Trial 422 finished with value: 0.27920971682856716 and parameters: {'learning_rate': 0.019962740835977173, 'depth': 14, 'l2_leaf_reg': 1.9764584044586808, 'min_child_samples': 8}. Best is trial 334 with value: 0.27179757584345515.
