[I 2025-03-09 16:39:00,383] Trial 262 finished with value: 2.0059499585908696 and parameters: {'learning_rate': 0.016833922654958325, 'depth': 10, 'l2_leaf_reg': 0.04253443907671976, 'min_child_samples': 4}. Best is trial 220 with value: 1.9988687190693495.
[I 2025-03-09 16:39:02,314] Trial 263 finished with value: 2.001844033907412 and parameters: {'learning_rate': 0.016369940942563534, 'depth': 10, 'l2_leaf_reg': 0.20722433864055734, 'min_child_samples': 1}. Best is trial 220 with value: 1.9988687190693495.
[I 2025-03-09 16:39:04,293] Trial 264 finished with value: 2.0027840864656414 and parameters: {'learning_rate': 0.01676897907614318, 'depth': 9, 'l2_leaf_reg': 0.1551967355994257, 'min_child_samples': 1}. Best is trial 220 with value: 1.9988687190693495.
[I 2025-03-09 16:39:06,352] Trial 265 finished with value: 2.001987286462202 and parameters: {'learning_rate': 0.015607827673578134, 'depth': 10, 'l2_leaf_reg': 0.011211567134299584, 'min_child_samples': 1}. Best is trial 220 with value: 1.9988687190693495.
[I 2025-03-09 16:39:08,587] Trial 266 finished with value: 2.0067171765293317 and parameters: {'learning_rate': 0.016168341721313286, 'depth': 10, 'l2_leaf_reg': 0.10649429244707713, 'min_child_samples': 4}. Best is trial 220 with value: 1.9988687190693495.
[I 2025-03-09 16:39:10,734] Trial 267 finished with value: 2.003051455001917 and parameters: {'learning_rate': 0.016741373535636216, 'depth': 10, 'l2_leaf_reg': 0.2590370839568384, 'min_child_samples': 1}. Best is trial 220 with value: 1.9988687190693495.
[I 2025-03-09 16:39:13,100] Trial 268 finished with value: 2.0066147592753314 and parameters: {'learning_rate': 0.015263915512408556, 'depth': 11, 'l2_leaf_reg': 0.1936576540929164, 'min_child_samples': 4}. Best is trial 220 with value: 1.9988687190693495.
[I 2025-03-09 16:39:15,023] Trial 269 finished with value: 2.004945509842026 and parameters: {'learning_rate': 0.017003340062884682, 'depth': 10, 'l2_leaf_reg': 0.09760310108495993, 'min_child_samples': 4}. Best is trial 220 with value: 1.9988687190693495.
[I 2025-03-09 16:39:16,204] Trial 270 finished with value: 2.0143021553736498 and parameters: {'learning_rate': 0.016236472130404356, 'depth': 5, 'l2_leaf_reg': 0.04769696525427146, 'min_child_samples': 4}. Best is trial 220 with value: 1.9988687190693495.
[I 2025-03-09 16:39:18,051] Trial 271 finished with value: 2.0025362352816902 and parameters: {'learning_rate': 0.016657423419816686, 'depth': 9, 'l2_leaf_reg': 0.29658762602368227, 'min_child_samples': 32}. Best is trial 220 with value: 1.9988687190693495.
[I 2025-03-09 16:39:20,176] Trial 272 finished with value: 2.0031972664503295 and parameters: {'learning_rate': 0.015836691388184367, 'depth': 10, 'l2_leaf_reg': 0.16257859667520105, 'min_child_samples': 4}. Best is trial 220 with value: 1.9988687190693495.
[I 2025-03-09 16:39:22,422] Trial 273 finished with value: 2.0077515293012116 and parameters: {'learning_rate': 0.017130484366916325, 'depth': 11, 'l2_leaf_reg': 0.009420222048082015, 'min_child_samples': 4}. Best is trial 220 with value: 1.9988687190693495.
[I 2025-03-09 16:39:24,434] Trial 274 finished with value: 1.9993947020275853 and parameters: {'learning_rate': 0.016423774754576837, 'depth': 10, 'l2_leaf_reg': 0.23213535897322024, 'min_child_samples': 1}. Best is trial 220 with value: 1.9988687190693495.
[I 2025-03-09 16:39:26,017] Trial 275 finished with value: 2.0033681426953436 and parameters: {'learning_rate': 0.01638054827030276, 'depth': 9, 'l2_leaf_reg': 0.13117726831663284, 'min_child_samples': 1}. Best is trial 220 with value: 1.9988687190693495.
[I 2025-03-09 16:39:28,010] Trial 276 finished with value: 2.003681465221545 and parameters: {'learning_rate': 0.015796452451878, 'depth': 10, 'l2_leaf_reg': 0.24200203249315555, 'min_child_samples': 1}. Best is trial 220 with value: 1.9988687190693495.
[I 2025-03-09 16:39:30,030] Trial 277 finished with value: 2.0070051888503997 and parameters: {'learning_rate': 0.01495133022807525, 'depth': 10, 'l2_leaf_reg': 0.10133333635481451, 'min_child_samples': 1}. Best is trial 220 with value: 1.9988687190693495.
[I 2025-03-09 16:39:32,006] Trial 278 finished with value: 2.0027460594681106 and parameters: {'learning_rate': 0.016640373348182483, 'depth': 10, 'l2_leaf_reg': 0.0016630403415578098, 'min_child_samples': 1}. Best is trial 220 with value: 1.9988687190693495.
[I 2025-03-09 16:39:34,003] Trial 279 finished with value: 2.0024926231562565 and parameters: {'learning_rate': 0.016143576568634257, 'depth': 10, 'l2_leaf_reg': 0.2183256231516622, 'min_child_samples': 1}. Best is trial 220 with value: 1.9988687190693495.
[I 2025-03-09 16:39:35,747] Trial 280 finished with value: 2.011930757205973 and parameters: {'learning_rate': 0.01709333359867542, 'depth': 9, 'l2_leaf_reg': 0.1761670096710796, 'min_child_samples': 4}. Best is trial 220 with value: 1.9988687190693495.
[I 2025-03-09 16:39:37,840] Trial 281 finished with value: 2.0044196553542393 and parameters: {'learning_rate': 0.015409888143101772, 'depth': 10, 'l2_leaf_reg': 0.07591365149525416, 'min_child_samples': 1}. Best is trial 220 with value: 1.9988687190693495.
[I 2025-03-09 16:39:39,754] Trial 282 finished with value: 2.007326048556422 and parameters: {'learning_rate': 0.014470443583019566, 'depth': 10, 'l2_leaf_reg': 0.1611922492008846, 'min_child_samples': 4}. Best is trial 220 with value: 1.9988687190693495.
[I 2025-03-09 16:39:42,441] Trial 283 finished with value: 2.005985627605545 and parameters: {'learning_rate': 0.01155989535218761, 'depth': 11, 'l2_leaf_reg': 0.24366708303651854, 'min_child_samples': 4}. Best is trial 220 with value: 1.9988687190693495.
[I 2025-03-09 16:39:44,339] Trial 284 finished with value: 2.0087949739871327 and parameters: {'learning_rate': 0.016767746692730356, 'depth': 10, 'l2_leaf_reg': 0.3128473364609671, 'min_child_samples': 4}. Best is trial 220 with value: 1.9988687190693495.
[I 2025-03-09 16:39:46,662] Trial 285 finished with value: 2.0040543943558817 and parameters: {'learning_rate': 0.017546646140143646, 'depth': 11, 'l2_leaf_reg': 0.06841576822880077, 'min_child_samples': 4}. Best is trial 220 with value: 1.9988687190693495.
[I 2025-03-09 16:39:48,137] Trial 286 finished with value: 2.011904069597862 and parameters: {'learning_rate': 0.01625139041328651, 'depth': 9, 'l2_leaf_reg': 0.1352429136698125, 'min_child_samples': 4}. Best is trial 220 with value: 1.9988687190693495.
[I 2025-03-09 16:39:50,206] Trial 287 finished with value: 2.005362032131914 and parameters: {'learning_rate': 0.017204562071833795, 'depth': 10, 'l2_leaf_reg': 0.1923158961182713, 'min_child_samples': 4}. Best is trial 220 with value: 1.9988687190693495.
[I 2025-03-09 16:39:52,575] Trial 288 finished with value: 2.0028694184608735 and parameters: {'learning_rate': 0.010673454503866638, 'depth': 10, 'l2_leaf_reg': 0.058924821165563426, 'min_child_samples': 4}. Best is trial 220 with value: 1.9988687190693495.
[I 2025-03-09 16:39:54,964] Trial 289 finished with value: 2.003776849557066 and parameters: {'learning_rate': 0.016594370472250396, 'depth': 11, 'l2_leaf_reg': 0.13681771420186067, 'min_child_samples': 1}. Best is trial 220 with value: 1.9988687190693495.
[I 2025-03-09 16:39:56,972] Trial 290 finished with value: 2.0036972026546955 and parameters: {'learning_rate': 0.01579795236850085, 'depth': 10, 'l2_leaf_reg': 0.2815546494700408, 'min_child_samples': 32}. Best is trial 220 with value: 1.9988687190693495.
[I 2025-03-09 16:39:59,357] Trial 291 finished with value: 2.00488194075678 and parameters: {'learning_rate': 0.016886841787793243, 'depth': 11, 'l2_leaf_reg': 0.09076340696703292, 'min_child_samples': 16}. Best is trial 220 with value: 1.9988687190693495.
[I 2025-03-09 16:40:01,279] Trial 292 finished with value: 2.0094856497973934 and parameters: {'learning_rate': 0.01757183263115878, 'depth': 10, 'l2_leaf_reg': 0.22950893397393957, 'min_child_samples': 4}. Best is trial 220 with value: 1.9988687190693495.
[I 2025-03-09 16:40:03,081] Trial 293 finished with value: 2.0047115553652994 and parameters: {'learning_rate': 0.017135257789884117, 'depth': 10, 'l2_leaf_reg': 0.1250108314419916, 'min_child_samples': 4}. Best is trial 220 with value: 1.9988687190693495.
[I 2025-03-09 16:40:04,929] Trial 294 finished with value: 2.00336969062898 and parameters: {'learning_rate': 0.01638103818986298, 'depth': 9, 'l2_leaf_reg': 0.002858199413930257, 'min_child_samples': 4}. Best is trial 220 with value: 1.9988687190693495.
[I 2025-03-09 16:40:06,813] Trial 295 finished with value: 2.0032316331507065 and parameters: {'learning_rate': 0.017960302123623515, 'depth': 10, 'l2_leaf_reg': 0.22673567087830498, 'min_child_samples': 16}. Best is trial 220 with value: 1.9988687190693495.
[I 2025-03-09 16:40:09,180] Trial 296 finished with value: 2.0072929404427806 and parameters: {'learning_rate': 0.01598779140234237, 'depth': 11, 'l2_leaf_reg': 0.054999065330838565, 'min_child_samples': 4}. Best is trial 220 with value: 1.9988687190693495.
[I 2025-03-09 16:40:11,639] Trial 297 finished with value: 2.0493650520190214 and parameters: {'learning_rate': 0.002183610909413476, 'depth': 10, 'l2_leaf_reg': 0.30365659359046826, 'min_child_samples': 4}. Best is trial 220 with value: 1.9988687190693495.
[I 2025-03-09 16:40:14,361] Trial 298 finished with value: 2.00472199594046 and parameters: {'learning_rate': 0.01741196920105527, 'depth': 11, 'l2_leaf_reg': 0.18160726075357808, 'min_child_samples': 16}. Best is trial 220 with value: 1.9988687190693495.
[I 2025-03-09 16:40:18,155] Trial 299 finished with value: 2.006222627314705 and parameters: {'learning_rate': 0.013408408793208103, 'depth': 12, 'l2_leaf_reg': 0.13495934583750185, 'min_child_samples': 4}. Best is trial 220 with value: 1.9988687190693495.
[I 2025-03-09 16:40:19,804] Trial 300 finished with value: 2.004651188516972 and parameters: {'learning_rate': 0.016861445780037634, 'depth': 9, 'l2_leaf_reg': 0.06537502166790161, 'min_child_samples': 4}. Best is trial 220 with value: 1.9988687190693495.
[I 2025-03-09 16:40:21,768] Trial 301 finished with value: 2.0073953635543185 and parameters: {'learning_rate': 0.018214300766020253, 'depth': 10, 'l2_leaf_reg': 2.8127012656609196, 'min_child_samples': 1}. Best is trial 220 with value: 1.9988687190693495.
[I 2025-03-09 16:40:24,063] Trial 302 finished with value: 2.006838223167074 and parameters: {'learning_rate': 0.016398495857452677, 'depth': 11, 'l2_leaf_reg': 0.3243071365516013, 'min_child_samples': 4}. Best is trial 220 with value: 1.9988687190693495.
[I 2025-03-09 16:40:25,805] Trial 303 finished with value: 2.003622475555508 and parameters: {'learning_rate': 0.017544120537649033, 'depth': 10, 'l2_leaf_reg': 0.19517580690131908, 'min_child_samples': 16}. Best is trial 220 with value: 1.9988687190693495.
[I 2025-03-09 16:40:27,858] Trial 304 finished with value: 2.0006042399422572 and parameters: {'learning_rate': 0.015562464849211553, 'depth': 10, 'l2_leaf_reg': 0.09969982366952287, 'min_child_samples': 4}. Best is trial 220 with value: 1.9988687190693495.
[I 2025-03-09 16:40:30,314] Trial 305 finished with value: 2.0151412257607983 and parameters: {'learning_rate': 0.015404547648712475, 'depth': 11, 'l2_leaf_reg': 0.12074597427245715, 'min_child_samples': 4}. Best is trial 220 with value: 1.9988687190693495.
[I 2025-03-09 16:40:32,423] Trial 306 finished with value: 2.0030032862679286 and parameters: {'learning_rate': 0.01566396944545485, 'depth': 10, 'l2_leaf_reg': 0.24901449713097148, 'min_child_samples': 4}. Best is trial 220 with value: 1.9988687190693495.
[I 2025-03-09 16:40:34,529] Trial 307 finished with value: 2.0115442721467094 and parameters: {'learning_rate': 0.014761768648084001, 'depth': 9, 'l2_leaf_reg': 0.38158725157603085, 'min_child_samples': 4}. Best is trial 220 with value: 1.9988687190693495.
[I 2025-03-09 16:40:37,263] Trial 308 finished with value: 2.006551352961802 and parameters: {'learning_rate': 0.015215268721667698, 'depth': 11, 'l2_leaf_reg': 0.17883956546305732, 'min_child_samples': 4}. Best is trial 220 with value: 1.9988687190693495.
[I 2025-03-09 16:40:39,310] Trial 309 finished with value: 2.001968785114136 and parameters: {'learning_rate': 0.01598624089624725, 'depth': 10, 'l2_leaf_reg': 0.10155361599567049, 'min_child_samples': 4}. Best is trial 220 with value: 1.9988687190693495.
[I 2025-03-09 16:40:42,158] Trial 310 finished with value: 2.002261167871916 and parameters: {'learning_rate': 0.01428262853163582, 'depth': 11, 'l2_leaf_reg': 0.24191856939800158, 'min_child_samples': 4}. Best is trial 220 with value: 1.9988687190693495.
[I 2025-03-09 16:40:44,528] Trial 311 finished with value: 2.001388199373675 and parameters: {'learning_rate': 0.016455495182897448, 'depth': 10, 'l2_leaf_reg': 0.16432998720651026, 'min_child_samples': 4}. Best is trial 220 with value: 1.9988687190693495.
[I 2025-03-09 16:40:47,398] Trial 312 finished with value: 2.0109993458685023 and parameters: {'learning_rate': 0.01618604442081315, 'depth': 12, 'l2_leaf_reg': 0.27750223234468846, 'min_child_samples': 4}. Best is trial 220 with value: 1.9988687190693495.
[I 2025-03-09 16:40:49,045] Trial 313 finished with value: 2.0106924508685364 and parameters: {'learning_rate': 0.015667839908763845, 'depth': 9, 'l2_leaf_reg': 0.1718676623184745, 'min_child_samples': 4}. Best is trial 220 with value: 1.9988687190693495.
[I 2025-03-09 16:40:51,022] Trial 314 finished with value: 2.0030046685880447 and parameters: {'learning_rate': 0.01659002212415071, 'depth': 10, 'l2_leaf_reg': 0.21408055940274143, 'min_child_samples': 4}. Best is trial 220 with value: 1.9988687190693495.
[I 2025-03-09 16:40:52,501] Trial 315 finished with value: 2.0049730590792545 and parameters: {'learning_rate': 0.016405092410177104, 'depth': 7, 'l2_leaf_reg': 0.3304897366411659, 'min_child_samples': 4}. Best is trial 220 with value: 1.9988687190693495.
[I 2025-03-09 16:40:54,637] Trial 316 finished with value: 2.012321390624258 and parameters: {'learning_rate': 0.015059434704340851, 'depth': 10, 'l2_leaf_reg': 0.14258574842634586, 'min_child_samples': 4}. Best is trial 220 with value: 1.9988687190693495.
[I 2025-03-09 16:40:56,514] Trial 317 finished with value: 2.0019532425400315 and parameters: {'learning_rate': 0.0160102832932469, 'depth': 10, 'l2_leaf_reg': 0.4216361140310767, 'min_child_samples': 4}. Best is trial 220 with value: 1.9988687190693495.
[I 2025-03-09 16:40:58,975] Trial 318 finished with value: 2.0010818465548006 and parameters: {'learning_rate': 0.016854154725305555, 'depth': 11, 'l2_leaf_reg': 2.0959984264428964, 'min_child_samples': 4}. Best is trial 220 with value: 1.9988687190693495.
[I 2025-03-09 16:41:00,922] Trial 319 finished with value: 2.0049336497775605 and parameters: {'learning_rate': 0.016847343256060493, 'depth': 10, 'l2_leaf_reg': 0.2793884280899671, 'min_child_samples': 4}. Best is trial 220 with value: 1.9988687190693495.
[I 2025-03-09 16:41:03,333] Trial 320 finished with value: 2.0084993787819627 and parameters: {'learning_rate': 0.01548626662207022, 'depth': 11, 'l2_leaf_reg': 0.07842979288324196, 'min_child_samples': 4}. Best is trial 220 with value: 1.9988687190693495.
[I 2025-03-09 16:41:05,060] Trial 321 finished with value: 2.0089465251955323 and parameters: {'learning_rate': 0.016437586278336188, 'depth': 9, 'l2_leaf_reg': 0.21503560030405147, 'min_child_samples': 1}. Best is trial 220 with value: 1.9988687190693495.
[I 2025-03-09 16:41:07,375] Trial 322 finished with value: 2.0072460113370747 and parameters: {'learning_rate': 0.01600004889571243, 'depth': 11, 'l2_leaf_reg': 2.6682424256942374, 'min_child_samples': 4}. Best is trial 220 with value: 1.9988687190693495.
[I 2025-03-09 16:41:09,781] Trial 323 finished with value: 2.146626890015071 and parameters: {'learning_rate': 0.00033974226322321804, 'depth': 10, 'l2_leaf_reg': 0.0012519101174060918, 'min_child_samples': 4}. Best is trial 220 with value: 1.9988687190693495.
[I 2025-03-09 16:41:11,216] Trial 324 finished with value: 2.020346042637764 and parameters: {'learning_rate': 0.017103348418274794, 'depth': 6, 'l2_leaf_reg': 0.3505712369407224, 'min_child_samples': 4}. Best is trial 220 with value: 1.9988687190693495.
[I 2025-03-09 16:41:13,664] Trial 325 finished with value: 2.003071797080491 and parameters: {'learning_rate': 0.00841401186557197, 'depth': 10, 'l2_leaf_reg': 0.10699267447212343, 'min_child_samples': 4}. Best is trial 220 with value: 1.9988687190693495.
[I 2025-03-09 16:41:16,103] Trial 326 finished with value: 2.0052234825863495 and parameters: {'learning_rate': 0.01665230553439549, 'depth': 11, 'l2_leaf_reg': 0.17932745758595808, 'min_child_samples': 32}. Best is trial 220 with value: 1.9988687190693495.
[I 2025-03-09 16:41:18,232] Trial 327 finished with value: 2.001211104198341 and parameters: {'learning_rate': 0.01397296959401852, 'depth': 10, 'l2_leaf_reg': 0.05797244472367387, 'min_child_samples': 4}. Best is trial 220 with value: 1.9988687190693495.
[I 2025-03-09 16:41:19,851] Trial 328 finished with value: 2.009310090340542 and parameters: {'learning_rate': 0.014118785159605277, 'depth': 8, 'l2_leaf_reg': 0.05822998573415787, 'min_child_samples': 4}. Best is trial 220 with value: 1.9988687190693495.
[I 2025-03-09 16:41:21,650] Trial 329 finished with value: 2.0062138703762598 and parameters: {'learning_rate': 0.01468438379359076, 'depth': 9, 'l2_leaf_reg': 0.06289951027298994, 'min_child_samples': 1}. Best is trial 220 with value: 1.9988687190693495.
[I 2025-03-09 16:41:25,140] Trial 330 finished with value: 2.0092612354229065 and parameters: {'learning_rate': 0.013545618780238662, 'depth': 12, 'l2_leaf_reg': 1.929711109028929, 'min_child_samples': 4}. Best is trial 220 with value: 1.9988687190693495.
[I 2025-03-09 16:41:27,678] Trial 331 finished with value: 2.0071330838331667 and parameters: {'learning_rate': 0.014642041532317912, 'depth': 11, 'l2_leaf_reg': 0.08774367057809065, 'min_child_samples': 4}. Best is trial 220 with value: 1.9988687190693495.
[I 2025-03-09 16:41:29,612] Trial 332 finished with value: 2.0071457713422673 and parameters: {'learning_rate': 0.015056909019433705, 'depth': 10, 'l2_leaf_reg': 0.004701775966441446, 'min_child_samples': 4}. Best is trial 220 with value: 1.9988687190693495.
[I 2025-03-09 16:41:31,346] Trial 333 finished with value: 2.0082280119599383 and parameters: {'learning_rate': 0.018903064870286198, 'depth': 10, 'l2_leaf_reg': 0.12471646698994243, 'min_child_samples': 4}. Best is trial 220 with value: 1.9988687190693495.
[I 2025-03-09 16:41:33,931] Trial 334 finished with value: 2.0040658986088515 and parameters: {'learning_rate': 0.01409094574401544, 'depth': 11, 'l2_leaf_reg': 0.2658401876030172, 'min_child_samples': 4}. Best is trial 220 with value: 1.9988687190693495.
[I 2025-03-09 16:41:35,886] Trial 335 finished with value: 2.005563761398071 and parameters: {'learning_rate': 0.01198730680047178, 'depth': 9, 'l2_leaf_reg': 0.4516471872372361, 'min_child_samples': 8}. Best is trial 220 with value: 1.9988687190693495.
[I 2025-03-09 16:41:38,027] Trial 336 finished with value: 2.0053827554644195 and parameters: {'learning_rate': 0.015534949529711784, 'depth': 10, 'l2_leaf_reg': 0.047101512681337554, 'min_child_samples': 4}. Best is trial 220 with value: 1.9988687190693495.
[I 2025-03-09 16:41:39,914] Trial 337 finished with value: 2.0062576114425266 and parameters: {'learning_rate': 0.013865011114494601, 'depth': 10, 'l2_leaf_reg': 0.20886334407827062, 'min_child_samples': 4}. Best is trial 220 with value: 1.9988687190693495.
[I 2025-03-09 16:41:42,158] Trial 338 finished with value: 2.005683000199451 and parameters: {'learning_rate': 0.0172183753918591, 'depth': 11, 'l2_leaf_reg': 0.127712303333954, 'min_child_samples': 1}. Best is trial 220 with value: 1.9988687190693495.
[I 2025-03-09 16:41:44,042] Trial 339 finished with value: 2.008133900718951 and parameters: {'learning_rate': 0.016958342158267366, 'depth': 10, 'l2_leaf_reg': 0.33256620108938484, 'min_child_samples': 4}. Best is trial 220 with value: 1.9988687190693495.
[I 2025-03-09 16:41:48,587] Trial 340 finished with value: 2.0123578594123375 and parameters: {'learning_rate': 0.01603945457130381, 'depth': 13, 'l2_leaf_reg': 2.011312737787535, 'min_child_samples': 4}. Best is trial 220 with value: 1.9988687190693495.
[I 2025-03-09 16:41:51,964] Trial 341 finished with value: 2.0075038824669567 and parameters: {'learning_rate': 0.015208744196961313, 'depth': 12, 'l2_leaf_reg': 0.0546401173115411, 'min_child_samples': 4}. Best is trial 220 with value: 1.9988687190693495.
[I 2025-03-09 16:41:54,371] Trial 342 finished with value: 2.0009201673519628 and parameters: {'learning_rate': 0.01729131797190218, 'depth': 11, 'l2_leaf_reg': 2.095886132675264, 'min_child_samples': 4}. Best is trial 220 with value: 1.9988687190693495.
[I 2025-03-09 16:41:56,349] Trial 343 finished with value: 1.9983458979079192 and parameters: {'learning_rate': 0.015756235415871032, 'depth': 10, 'l2_leaf_reg': 0.0002475034126976977, 'min_child_samples': 4}. Best is trial 343 with value: 1.9983458979079192.
[I 2025-03-09 16:41:58,804] Trial 344 finished with value: 2.0079207360920166 and parameters: {'learning_rate': 0.015664807423551814, 'depth': 11, 'l2_leaf_reg': 0.047710036691536215, 'min_child_samples': 4}. Best is trial 343 with value: 1.9983458979079192.
[I 2025-03-09 16:42:00,855] Trial 345 finished with value: 2.002021476449931 and parameters: {'learning_rate': 0.0162090101679658, 'depth': 10, 'l2_leaf_reg': 2.1361581319238736, 'min_child_samples': 4}. Best is trial 343 with value: 1.9983458979079192.
[I 2025-03-09 16:42:03,442] Trial 346 finished with value: 2.004852850271683 and parameters: {'learning_rate': 0.016625631764821337, 'depth': 11, 'l2_leaf_reg': 2.2087050160673676, 'min_child_samples': 1}. Best is trial 343 with value: 1.9983458979079192.
