[I 2025-03-09 16:35:42,278] Trial 177 finished with value: 2.0019217566360727 and parameters: {'learning_rate': 0.017267092916980267, 'depth': 11, 'l2_leaf_reg': 0.2513797817460536, 'min_child_samples': 4}. Best is trial 168 with value: 1.9996791640577156.
[I 2025-03-09 16:35:45,725] Trial 178 finished with value: 2.0076421290932447 and parameters: {'learning_rate': 0.019035972610037154, 'depth': 12, 'l2_leaf_reg': 0.23816017627421374, 'min_child_samples': 4}. Best is trial 168 with value: 1.9996791640577156.
[I 2025-03-09 16:35:48,088] Trial 179 finished with value: 2.005630811574937 and parameters: {'learning_rate': 0.017330524535152173, 'depth': 11, 'l2_leaf_reg': 0.3739679851545201, 'min_child_samples': 4}. Best is trial 168 with value: 1.9996791640577156.
[I 2025-03-09 16:35:51,102] Trial 180 finished with value: 2.004302343908506 and parameters: {'learning_rate': 0.013046537439197727, 'depth': 11, 'l2_leaf_reg': 0.12350559597071653, 'min_child_samples': 4}. Best is trial 168 with value: 1.9996791640577156.
[I 2025-03-09 16:35:54,071] Trial 181 finished with value: 2.0075372183089764 and parameters: {'learning_rate': 0.007415480110083252, 'depth': 11, 'l2_leaf_reg': 0.28889720856945356, 'min_child_samples': 4}. Best is trial 168 with value: 1.9996791640577156.
[I 2025-03-09 16:35:56,397] Trial 182 finished with value: 2.00626850295856 and parameters: {'learning_rate': 0.017767295151810754, 'depth': 11, 'l2_leaf_reg': 0.08294558160703654, 'min_child_samples': 4}. Best is trial 168 with value: 1.9996791640577156.
[I 2025-03-09 16:35:59,478] Trial 183 finished with value: 2.010407321903329 and parameters: {'learning_rate': 0.016743866846919322, 'depth': 12, 'l2_leaf_reg': 0.20656790664904606, 'min_child_samples': 4}. Best is trial 168 with value: 1.9996791640577156.
[I 2025-03-09 16:36:01,553] Trial 184 finished with value: 2.005505315661722 and parameters: {'learning_rate': 0.01817934419266822, 'depth': 10, 'l2_leaf_reg': 0.4867628930734559, 'min_child_samples': 4}. Best is trial 168 with value: 1.9996791640577156.
[I 2025-03-09 16:36:03,776] Trial 185 finished with value: 2.004299784272707 and parameters: {'learning_rate': 0.017288286018919935, 'depth': 11, 'l2_leaf_reg': 0.789590620785674, 'min_child_samples': 4}. Best is trial 168 with value: 1.9996791640577156.
[I 2025-03-09 16:36:05,764] Trial 186 finished with value: 2.001087361009154 and parameters: {'learning_rate': 0.016463899150562837, 'depth': 10, 'l2_leaf_reg': 0.1499623226010346, 'min_child_samples': 4}. Best is trial 168 with value: 1.9996791640577156.
[I 2025-03-09 16:36:08,209] Trial 187 finished with value: 2.002500999807564 and parameters: {'learning_rate': 0.016459032568468177, 'depth': 11, 'l2_leaf_reg': 0.14803025676767184, 'min_child_samples': 4}. Best is trial 168 with value: 1.9996791640577156.
[I 2025-03-09 16:36:10,042] Trial 188 finished with value: 2.005948821475437 and parameters: {'learning_rate': 0.01785013565924302, 'depth': 10, 'l2_leaf_reg': 0.075900141602044, 'min_child_samples': 4}. Best is trial 168 with value: 1.9996791640577156.
[I 2025-03-09 16:36:11,957] Trial 189 finished with value: 2.011611277976636 and parameters: {'learning_rate': 0.016944971682521976, 'depth': 10, 'l2_leaf_reg': 0.6340846614777952, 'min_child_samples': 4}. Best is trial 168 with value: 1.9996791640577156.
[I 2025-03-09 16:36:14,514] Trial 190 finished with value: 2.008161093724717 and parameters: {'learning_rate': 0.018506180240865807, 'depth': 11, 'l2_leaf_reg': 0.2628606348419746, 'min_child_samples': 4}. Best is trial 168 with value: 1.9996791640577156.
[I 2025-03-09 16:36:16,381] Trial 191 finished with value: 2.006416412974595 and parameters: {'learning_rate': 0.01748368673940164, 'depth': 10, 'l2_leaf_reg': 0.7205515275207559, 'min_child_samples': 4}. Best is trial 168 with value: 1.9996791640577156.
[I 2025-03-09 16:36:18,855] Trial 192 finished with value: 2.0048318681161557 and parameters: {'learning_rate': 0.016472873041195362, 'depth': 11, 'l2_leaf_reg': 0.9227586696197457, 'min_child_samples': 4}. Best is trial 168 with value: 1.9996791640577156.
[I 2025-03-09 16:36:20,883] Trial 193 finished with value: 2.0048175972437066 and parameters: {'learning_rate': 0.014174647971808544, 'depth': 10, 'l2_leaf_reg': 0.1810705477157492, 'min_child_samples': 32}. Best is trial 168 with value: 1.9996791640577156.
[I 2025-03-09 16:36:23,159] Trial 194 finished with value: 2.004992830100369 and parameters: {'learning_rate': 0.015474607417728796, 'depth': 10, 'l2_leaf_reg': 0.00273801377381703, 'min_child_samples': 4}. Best is trial 168 with value: 1.9996791640577156.
[I 2025-03-09 16:36:25,098] Trial 195 finished with value: 2.0110464038052362 and parameters: {'learning_rate': 0.017075170261168823, 'depth': 11, 'l2_leaf_reg': 0.4120570970768068, 'min_child_samples': 8}. Best is trial 168 with value: 1.9996791640577156.
[I 2025-03-09 16:36:27,581] Trial 196 finished with value: 2.0068564025604028 and parameters: {'learning_rate': 0.017738052013743996, 'depth': 11, 'l2_leaf_reg': 0.3236068677674246, 'min_child_samples': 4}. Best is trial 168 with value: 1.9996791640577156.
[I 2025-03-09 16:36:29,568] Trial 197 finished with value: 2.0044755950843642 and parameters: {'learning_rate': 0.01617544656864664, 'depth': 10, 'l2_leaf_reg': 2.5235595154268267, 'min_child_samples': 4}. Best is trial 168 with value: 1.9996791640577156.
[I 2025-03-09 16:36:32,283] Trial 198 finished with value: 2.0148122830466115 and parameters: {'learning_rate': 0.01818813996436662, 'depth': 12, 'l2_leaf_reg': 0.11322030983123801, 'min_child_samples': 1}. Best is trial 168 with value: 1.9996791640577156.
[I 2025-03-09 16:36:34,182] Trial 199 finished with value: 2.0024586056769316 and parameters: {'learning_rate': 0.016728012201299474, 'depth': 10, 'l2_leaf_reg': 0.2273373030421776, 'min_child_samples': 4}. Best is trial 168 with value: 1.9996791640577156.
[I 2025-03-09 16:36:36,594] Trial 200 finished with value: 2.0059539920880196 and parameters: {'learning_rate': 0.015025640679611584, 'depth': 11, 'l2_leaf_reg': 0.06218043080558382, 'min_child_samples': 4}. Best is trial 168 with value: 1.9996791640577156.
[I 2025-03-09 16:36:38,565] Trial 201 finished with value: 2.0059725438336 and parameters: {'learning_rate': 0.017401731964135664, 'depth': 10, 'l2_leaf_reg': 0.04188348550597652, 'min_child_samples': 16}. Best is trial 168 with value: 1.9996791640577156.
[I 2025-03-09 16:36:40,549] Trial 202 finished with value: 2.003864547613327 and parameters: {'learning_rate': 0.01752439668163992, 'depth': 10, 'l2_leaf_reg': 0.14464754913731592, 'min_child_samples': 16}. Best is trial 168 with value: 1.9996791640577156.
[I 2025-03-09 16:36:42,876] Trial 203 finished with value: 2.006028672464085 and parameters: {'learning_rate': 0.016994418907062707, 'depth': 11, 'l2_leaf_reg': 0.006565202151789774, 'min_child_samples': 16}. Best is trial 168 with value: 1.9996791640577156.
[I 2025-03-09 16:36:44,913] Trial 204 finished with value: 2.0012599646643965 and parameters: {'learning_rate': 0.018673282492609633, 'depth': 10, 'l2_leaf_reg': 0.09775445186948166, 'min_child_samples': 4}. Best is trial 168 with value: 1.9996791640577156.
[I 2025-03-09 16:36:46,744] Trial 205 finished with value: 2.008636395359326 and parameters: {'learning_rate': 0.01879385552347477, 'depth': 10, 'l2_leaf_reg': 0.20476333132571217, 'min_child_samples': 4}. Best is trial 168 with value: 1.9996791640577156.
[I 2025-03-09 16:36:48,301] Trial 206 finished with value: 2.0108097862431715 and parameters: {'learning_rate': 0.019138503988942474, 'depth': 9, 'l2_leaf_reg': 0.10372150630787863, 'min_child_samples': 4}. Best is trial 168 with value: 1.9996791640577156.
[I 2025-03-09 16:36:50,685] Trial 207 finished with value: 2.009757158315118 and parameters: {'learning_rate': 0.018445329339687913, 'depth': 11, 'l2_leaf_reg': 0.14420831354575905, 'min_child_samples': 4}. Best is trial 168 with value: 1.9996791640577156.
[I 2025-03-09 16:36:52,741] Trial 208 finished with value: 2.003235394425108 and parameters: {'learning_rate': 0.017957529315968182, 'depth': 10, 'l2_leaf_reg': 0.2721043432390485, 'min_child_samples': 4}. Best is trial 168 with value: 1.9996791640577156.
[I 2025-03-09 16:36:54,743] Trial 209 finished with value: 2.00448703199436 and parameters: {'learning_rate': 0.015994750890208163, 'depth': 10, 'l2_leaf_reg': 0.9992647590043724, 'min_child_samples': 4}. Best is trial 168 with value: 1.9996791640577156.
[I 2025-03-09 16:36:57,153] Trial 210 finished with value: 2.00455059086279 and parameters: {'learning_rate': 0.016443299765639734, 'depth': 11, 'l2_leaf_reg': 2.2761819176061544, 'min_child_samples': 4}. Best is trial 168 with value: 1.9996791640577156.
[I 2025-03-09 16:36:58,847] Trial 211 finished with value: 2.01364091838689 and parameters: {'learning_rate': 0.01730091787650962, 'depth': 9, 'l2_leaf_reg': 0.06988641494324566, 'min_child_samples': 8}. Best is trial 168 with value: 1.9996791640577156.
[I 2025-03-09 16:37:00,974] Trial 212 finished with value: 2.0014549038080434 and parameters: {'learning_rate': 0.017765028475543992, 'depth': 10, 'l2_leaf_reg': 0.001061302410319623, 'min_child_samples': 16}. Best is trial 168 with value: 1.9996791640577156.
[I 2025-03-09 16:37:02,901] Trial 213 finished with value: 2.0056177169039198 and parameters: {'learning_rate': 0.018098492262819062, 'depth': 10, 'l2_leaf_reg': 0.06035388108668471, 'min_child_samples': 16}. Best is trial 168 with value: 1.9996791640577156.
[I 2025-03-09 16:37:05,064] Trial 214 finished with value: 2.010939406702331 and parameters: {'learning_rate': 0.017711698022347153, 'depth': 11, 'l2_leaf_reg': 0.1866593913629434, 'min_child_samples': 16}. Best is trial 168 with value: 1.9996791640577156.
[I 2025-03-09 16:37:06,913] Trial 215 finished with value: 2.006630616447094 and parameters: {'learning_rate': 0.01851348776892066, 'depth': 10, 'l2_leaf_reg': 0.0038834989408728995, 'min_child_samples': 4}. Best is trial 168 with value: 1.9996791640577156.
[I 2025-03-09 16:37:09,198] Trial 216 finished with value: 1.999512229231989 and parameters: {'learning_rate': 0.017071288058588933, 'depth': 10, 'l2_leaf_reg': 0.11480489158233848, 'min_child_samples': 4}. Best is trial 216 with value: 1.999512229231989.
[I 2025-03-09 16:37:11,708] Trial 217 finished with value: 2.0028616394281946 and parameters: {'learning_rate': 0.01720405678588385, 'depth': 11, 'l2_leaf_reg': 0.10001468398404256, 'min_child_samples': 4}. Best is trial 216 with value: 1.999512229231989.
[I 2025-03-09 16:37:13,890] Trial 218 finished with value: 2.0052370199450213 and parameters: {'learning_rate': 0.017727163015514164, 'depth': 10, 'l2_leaf_reg': 0.14709784929999922, 'min_child_samples': 4}. Best is trial 216 with value: 1.999512229231989.
[I 2025-03-09 16:37:15,451] Trial 219 finished with value: 2.0064217255886945 and parameters: {'learning_rate': 0.019420234137770324, 'depth': 9, 'l2_leaf_reg': 0.34987189992146817, 'min_child_samples': 4}. Best is trial 216 with value: 1.999512229231989.
[I 2025-03-09 16:37:17,315] Trial 220 finished with value: 1.9988687190693495 and parameters: {'learning_rate': 0.018189010794034725, 'depth': 10, 'l2_leaf_reg': 0.2214299366277553, 'min_child_samples': 4}. Best is trial 220 with value: 1.9988687190693495.
[I 2025-03-09 16:37:19,238] Trial 221 finished with value: 2.005549561541827 and parameters: {'learning_rate': 0.01815149457689944, 'depth': 10, 'l2_leaf_reg': 0.22153055383669382, 'min_child_samples': 4}. Best is trial 220 with value: 1.9988687190693495.
[I 2025-03-09 16:37:21,055] Trial 222 finished with value: 2.004361753625821 and parameters: {'learning_rate': 0.01874469778094582, 'depth': 10, 'l2_leaf_reg': 0.06433817158389331, 'min_child_samples': 4}. Best is trial 220 with value: 1.9988687190693495.
[I 2025-03-09 16:37:23,557] Trial 223 finished with value: 2.006100674588597 and parameters: {'learning_rate': 0.012383634822809481, 'depth': 11, 'l2_leaf_reg': 0.1433712033212061, 'min_child_samples': 4}. Best is trial 220 with value: 1.9988687190693495.
[I 2025-03-09 16:37:25,896] Trial 224 finished with value: 2.004188043306238 and parameters: {'learning_rate': 0.016829667669677167, 'depth': 11, 'l2_leaf_reg': 0.2842474847525309, 'min_child_samples': 4}. Best is trial 220 with value: 1.9988687190693495.
[I 2025-03-09 16:37:27,693] Trial 225 finished with value: 2.0088356356887407 and parameters: {'learning_rate': 0.01741110080020765, 'depth': 10, 'l2_leaf_reg': 0.10403592647597662, 'min_child_samples': 4}. Best is trial 220 with value: 1.9988687190693495.
[I 2025-03-09 16:37:45,726] Trial 226 finished with value: 2.0303846740476046 and parameters: {'learning_rate': 0.009675381799626338, 'depth': 15, 'l2_leaf_reg': 0.21876341973830468, 'min_child_samples': 16}. Best is trial 220 with value: 1.9988687190693495.
[I 2025-03-09 16:37:47,237] Trial 227 finished with value: 2.007730600299755 and parameters: {'learning_rate': 0.018132607074594406, 'depth': 10, 'l2_leaf_reg': 0.002222419945353513, 'min_child_samples': 4}. Best is trial 220 with value: 1.9988687190693495.
[I 2025-03-09 16:37:48,878] Trial 228 finished with value: 2.008125290365816 and parameters: {'learning_rate': 0.01774928218426631, 'depth': 9, 'l2_leaf_reg': 0.5398128831280242, 'min_child_samples': 32}. Best is trial 220 with value: 1.9988687190693495.
[I 2025-03-09 16:37:51,362] Trial 229 finished with value: 2.0053513184604785 and parameters: {'learning_rate': 0.017006822448887727, 'depth': 11, 'l2_leaf_reg': 0.16577567784357328, 'min_child_samples': 16}. Best is trial 220 with value: 1.9988687190693495.
[I 2025-03-09 16:37:53,202] Trial 230 finished with value: 2.0054591138502156 and parameters: {'learning_rate': 0.01836270672886331, 'depth': 10, 'l2_leaf_reg': 0.0829002712449371, 'min_child_samples': 4}. Best is trial 220 with value: 1.9988687190693495.
[I 2025-03-09 16:37:55,283] Trial 231 finished with value: 1.9993709095291852 and parameters: {'learning_rate': 0.016432584987138496, 'depth': 10, 'l2_leaf_reg': 0.3215777799834971, 'min_child_samples': 4}. Best is trial 220 with value: 1.9988687190693495.
[I 2025-03-09 16:37:57,264] Trial 232 finished with value: 2.004691232820914 and parameters: {'learning_rate': 0.016674259256525978, 'depth': 10, 'l2_leaf_reg': 0.3489971814513828, 'min_child_samples': 4}. Best is trial 220 with value: 1.9988687190693495.
[I 2025-03-09 16:37:59,329] Trial 233 finished with value: 2.001092831656095 and parameters: {'learning_rate': 0.017351807503995568, 'depth': 10, 'l2_leaf_reg': 0.29089352249159034, 'min_child_samples': 4}. Best is trial 220 with value: 1.9988687190693495.
[I 2025-03-09 16:38:01,347] Trial 234 finished with value: 2.0012247649329513 and parameters: {'learning_rate': 0.017217046877968517, 'depth': 10, 'l2_leaf_reg': 0.27945932974072224, 'min_child_samples': 4}. Best is trial 220 with value: 1.9988687190693495.
[I 2025-03-09 16:38:03,337] Trial 235 finished with value: 2.0053531819748125 and parameters: {'learning_rate': 0.01721280579316819, 'depth': 10, 'l2_leaf_reg': 0.2973310967159844, 'min_child_samples': 4}. Best is trial 220 with value: 1.9988687190693495.
[I 2025-03-09 16:38:05,839] Trial 236 finished with value: 2.0030645906119573 and parameters: {'learning_rate': 0.01669365380328912, 'depth': 11, 'l2_leaf_reg': 0.40533859935778216, 'min_child_samples': 4}. Best is trial 220 with value: 1.9988687190693495.
[I 2025-03-09 16:38:07,658] Trial 237 finished with value: 2.0087325789346373 and parameters: {'learning_rate': 0.01742577265193201, 'depth': 10, 'l2_leaf_reg': 0.260909875784087, 'min_child_samples': 4}. Best is trial 220 with value: 1.9988687190693495.
[I 2025-03-09 16:38:09,914] Trial 238 finished with value: 2.006300749166785 and parameters: {'learning_rate': 0.01695293504119041, 'depth': 11, 'l2_leaf_reg': 0.3370598237078053, 'min_child_samples': 4}. Best is trial 220 with value: 1.9988687190693495.
[I 2025-03-09 16:38:11,521] Trial 239 finished with value: 2.0100105441918994 and parameters: {'learning_rate': 0.016350585373585285, 'depth': 9, 'l2_leaf_reg': 0.22775510125537363, 'min_child_samples': 4}. Best is trial 220 with value: 1.9988687190693495.
[I 2025-03-09 16:38:13,899] Trial 240 finished with value: 2.0084933440681683 and parameters: {'learning_rate': 0.01768049790205853, 'depth': 11, 'l2_leaf_reg': 0.19064868645223812, 'min_child_samples': 4}. Best is trial 220 with value: 1.9988687190693495.
[I 2025-03-09 16:38:15,740] Trial 241 finished with value: 2.0041776647145317 and parameters: {'learning_rate': 0.017234634235127486, 'depth': 10, 'l2_leaf_reg': 0.4566001783918129, 'min_child_samples': 4}. Best is trial 220 with value: 1.9988687190693495.
[I 2025-03-09 16:38:17,663] Trial 242 finished with value: 2.005190182610738 and parameters: {'learning_rate': 0.017855163749499883, 'depth': 10, 'l2_leaf_reg': 0.2758970236773234, 'min_child_samples': 4}. Best is trial 220 with value: 1.9988687190693495.
[I 2025-03-09 16:38:19,490] Trial 243 finished with value: 2.00525793534301 and parameters: {'learning_rate': 0.017451070201982957, 'depth': 10, 'l2_leaf_reg': 1.6092425472593392, 'min_child_samples': 4}. Best is trial 220 with value: 1.9988687190693495.
[I 2025-03-09 16:38:21,530] Trial 244 finished with value: 2.0065888958228415 and parameters: {'learning_rate': 0.016979071273342947, 'depth': 10, 'l2_leaf_reg': 0.12879679067650104, 'min_child_samples': 4}. Best is trial 220 with value: 1.9988687190693495.
[I 2025-03-09 16:38:24,707] Trial 245 finished with value: 2.0064866533933725 and parameters: {'learning_rate': 0.0055217938745241125, 'depth': 11, 'l2_leaf_reg': 0.3715640680411349, 'min_child_samples': 4}. Best is trial 220 with value: 1.9988687190693495.
[I 2025-03-09 16:38:27,188] Trial 246 finished with value: 2.0072619620179193 and parameters: {'learning_rate': 0.01792518669993873, 'depth': 11, 'l2_leaf_reg': 0.06071415345453956, 'min_child_samples': 4}. Best is trial 220 with value: 1.9988687190693495.
[I 2025-03-09 16:38:29,258] Trial 247 finished with value: 1.9993599618081332 and parameters: {'learning_rate': 0.016438350698979858, 'depth': 10, 'l2_leaf_reg': 0.17800386080554859, 'min_child_samples': 4}. Best is trial 220 with value: 1.9988687190693495.
[I 2025-03-09 16:38:31,226] Trial 248 finished with value: 2.001084940374218 and parameters: {'learning_rate': 0.016466306414728717, 'depth': 10, 'l2_leaf_reg': 0.1702309275390126, 'min_child_samples': 4}. Best is trial 220 with value: 1.9988687190693495.
[I 2025-03-09 16:38:33,286] Trial 249 finished with value: 2.0045168014810253 and parameters: {'learning_rate': 0.016414832950809748, 'depth': 10, 'l2_leaf_reg': 0.17097521419321565, 'min_child_samples': 4}. Best is trial 220 with value: 1.9988687190693495.
[I 2025-03-09 16:38:36,346] Trial 250 finished with value: 2.0060437398467124 and parameters: {'learning_rate': 0.015767891087632536, 'depth': 12, 'l2_leaf_reg': 0.2120334425207638, 'min_child_samples': 4}. Best is trial 220 with value: 1.9988687190693495.
[I 2025-03-09 16:38:38,881] Trial 251 finished with value: 2.0007379996154184 and parameters: {'learning_rate': 0.01617955506485618, 'depth': 11, 'l2_leaf_reg': 0.11708621811204381, 'min_child_samples': 4}. Best is trial 220 with value: 1.9988687190693495.
[I 2025-03-09 16:38:40,556] Trial 252 finished with value: 2.0072748218453347 and parameters: {'learning_rate': 0.016365380105732907, 'depth': 9, 'l2_leaf_reg': 0.11210580987801694, 'min_child_samples': 4}. Best is trial 220 with value: 1.9988687190693495.
[I 2025-03-09 16:38:42,575] Trial 253 finished with value: 2.0035753492246986 and parameters: {'learning_rate': 0.015804679928167767, 'depth': 10, 'l2_leaf_reg': 0.05000025289715719, 'min_child_samples': 4}. Best is trial 220 with value: 1.9988687190693495.
[I 2025-03-09 16:38:44,541] Trial 254 finished with value: 1.9991234425773303 and parameters: {'learning_rate': 0.016041129732315695, 'depth': 10, 'l2_leaf_reg': 0.14478657190065794, 'min_child_samples': 4}. Best is trial 220 with value: 1.9988687190693495.
[I 2025-03-09 16:38:46,618] Trial 255 finished with value: 2.002860879128152 and parameters: {'learning_rate': 0.016019669257187355, 'depth': 10, 'l2_leaf_reg': 0.14822652144306908, 'min_child_samples': 4}. Best is trial 220 with value: 1.9988687190693495.
[I 2025-03-09 16:38:48,843] Trial 256 finished with value: 2.004494930651163 and parameters: {'learning_rate': 0.01546150274750504, 'depth': 10, 'l2_leaf_reg': 0.11174249473277899, 'min_child_samples': 4}. Best is trial 220 with value: 1.9988687190693495.
[I 2025-03-09 16:38:50,552] Trial 257 finished with value: 2.003915148517224 and parameters: {'learning_rate': 0.016483119674441504, 'depth': 9, 'l2_leaf_reg': 0.03709536386753019, 'min_child_samples': 4}. Best is trial 220 with value: 1.9988687190693495.
[I 2025-03-09 16:38:52,352] Trial 258 finished with value: 2.002264274218434 and parameters: {'learning_rate': 0.016076585615733135, 'depth': 10, 'l2_leaf_reg': 0.17450832852886397, 'min_child_samples': 4}. Best is trial 220 with value: 1.9988687190693495.
[I 2025-03-09 16:38:54,486] Trial 259 finished with value: 2.0012019116088604 and parameters: {'learning_rate': 0.016606754056103977, 'depth': 10, 'l2_leaf_reg': 0.08464552816743741, 'min_child_samples': 1}. Best is trial 220 with value: 1.9988687190693495.
[I 2025-03-09 16:38:56,191] Trial 260 finished with value: 2.0087365822662457 and parameters: {'learning_rate': 0.016586466548018992, 'depth': 9, 'l2_leaf_reg': 0.06624580394475789, 'min_child_samples': 4}. Best is trial 220 with value: 1.9988687190693495.
[I 2025-03-09 16:38:58,432] Trial 261 finished with value: 2.0031033454526845 and parameters: {'learning_rate': 0.016000186343835612, 'depth': 10, 'l2_leaf_reg': 0.10276465156698868, 'min_child_samples': 1}. Best is trial 220 with value: 1.9988687190693495.
