2025-03-09 15:33:18,521 - __main__ - INFO - Loading data...
2025-03-09 15:33:25,926 - __main__ - INFO - Loaded data from /app/nse/ml/output_19_01_2025_2: X shape=(2322432, 10), y shape=(2322432, 4)
2025-03-09 15:33:25,927 - __main__ - INFO - Preprocessing and splitting data...
2025-03-09 15:33:29,571 - __main__ - INFO - Starting hyperparameter optimization...
2025-03-09 15:33:29,572 - __main__ - INFO - Starting c_delta_z optimization...
2025-03-09 15:33:29,572 - __main__ - INFO - Starting hyperparameter optimization for c_delta_z
[I 2025-03-09 15:33:29,572] A new study created in memory with name: catboost-c_delta_z-seed42
[I 2025-03-09 15:33:40,154] Trial 0 finished with value: 0.2782366643809254 and parameters: {'learning_rate': 0.018008913445451927, 'depth': 14, 'l2_leaf_reg': 2.214720453430342, 'min_child_samples': 1}. Best is trial 0 with value: 0.2782366643809254.
[I 2025-03-09 15:33:41,255] Trial 1 finished with value: 0.44116427087162147 and parameters: {'learning_rate': 0.006808311698728311, 'depth': 2, 'l2_leaf_reg': 0.6214933019608015, 'min_child_samples': 16}. Best is trial 0 with value: 0.2782366643809254.
[I 2025-03-09 15:33:42,797] Trial 2 finished with value: 0.4106138400579525 and parameters: {'learning_rate': 0.012671130785603354, 'depth': 2, 'l2_leaf_reg': 2.8858764233107164, 'min_child_samples': 32}. Best is trial 0 with value: 0.2782366643809254.
[I 2025-03-09 15:33:44,792] Trial 3 finished with value: 0.2971512210341887 and parameters: {'learning_rate': 0.01850541099085572, 'depth': 8, 'l2_leaf_reg': 2.910365448784469, 'min_child_samples': 16}. Best is trial 0 with value: 0.2782366643809254.
[I 2025-03-09 15:33:46,103] Trial 4 finished with value: 0.49846427566413315 and parameters: {'learning_rate': 0.0015483966019660914, 'depth': 2, 'l2_leaf_reg': 1.4040093725985714, 'min_child_samples': 8}. Best is trial 0 with value: 0.2782366643809254.
[I 2025-03-09 15:33:47,686] Trial 5 finished with value: 0.4135592795845845 and parameters: {'learning_rate': 0.002771354607329412, 'depth': 5, 'l2_leaf_reg': 2.5835789360620613, 'min_child_samples': 32}. Best is trial 0 with value: 0.2782366643809254.
[I 2025-03-09 15:33:50,710] Trial 6 finished with value: 0.3181041668299463 and parameters: {'learning_rate': 0.005105874037829642, 'depth': 11, 'l2_leaf_reg': 1.3928539128647062, 'min_child_samples': 32}. Best is trial 0 with value: 0.2782366643809254.
[I 2025-03-09 15:34:08,748] Trial 7 finished with value: 0.28468371820203764 and parameters: {'learning_rate': 0.018151439588994695, 'depth': 15, 'l2_leaf_reg': 2.133849599471319, 'min_child_samples': 8}. Best is trial 0 with value: 0.2782366643809254.
[I 2025-03-09 15:34:12,406] Trial 8 finished with value: 0.2814028733120709 and parameters: {'learning_rate': 0.018740215498706754, 'depth': 12, 'l2_leaf_reg': 0.37900728497845704, 'min_child_samples': 32}. Best is trial 0 with value: 0.2782366643809254.
[I 2025-03-09 15:34:13,951] Trial 9 finished with value: 0.4360098192164472 and parameters: {'learning_rate': 0.001930363155060272, 'depth': 5, 'l2_leaf_reg': 2.2052912506929045, 'min_child_samples': 1}. Best is trial 0 with value: 0.2782366643809254.
[I 2025-03-09 15:34:48,099] Trial 10 finished with value: 0.29953976290665024 and parameters: {'learning_rate': 0.013190997777658402, 'depth': 16, 'l2_leaf_reg': 1.8980981389035514, 'min_child_samples': 1}. Best is trial 0 with value: 0.2782366643809254.
[I 2025-03-09 15:34:52,022] Trial 11 finished with value: 0.27868078370494764 and parameters: {'learning_rate': 0.019873781866187663, 'depth': 12, 'l2_leaf_reg': 0.029146747259248706, 'min_child_samples': 4}. Best is trial 0 with value: 0.2782366643809254.
[I 2025-03-09 15:34:58,026] Trial 12 finished with value: 0.2777818248243218 and parameters: {'learning_rate': 0.01463607677213338, 'depth': 13, 'l2_leaf_reg': 0.9520841636471146, 'min_child_samples': 4}. Best is trial 12 with value: 0.2777818248243218.
[I 2025-03-09 15:35:07,635] Trial 13 finished with value: 0.2823825331544504 and parameters: {'learning_rate': 0.014346705540806321, 'depth': 14, 'l2_leaf_reg': 0.9015539415858196, 'min_child_samples': 4}. Best is trial 12 with value: 0.2777818248243218.
[I 2025-03-09 15:35:10,115] Trial 14 finished with value: 0.29110795069638634 and parameters: {'learning_rate': 0.015265676590254452, 'depth': 10, 'l2_leaf_reg': 1.0599688721073175, 'min_child_samples': 1}. Best is trial 12 with value: 0.2777818248243218.
[I 2025-03-09 15:35:19,832] Trial 15 finished with value: 0.28800678633350674 and parameters: {'learning_rate': 0.009372928803759473, 'depth': 14, 'l2_leaf_reg': 1.751039268804682, 'min_child_samples': 4}. Best is trial 12 with value: 0.2777818248243218.
[I 2025-03-09 15:35:21,435] Trial 16 finished with value: 0.2983056951794432 and parameters: {'learning_rate': 0.016556834523811903, 'depth': 8, 'l2_leaf_reg': 1.0848007467579865, 'min_child_samples': 4}. Best is trial 12 with value: 0.2777818248243218.
[I 2025-03-09 15:35:27,408] Trial 17 finished with value: 0.28272494370240686 and parameters: {'learning_rate': 0.011246655176845336, 'depth': 13, 'l2_leaf_reg': 2.3790301630815716, 'min_child_samples': 1}. Best is trial 12 with value: 0.2777818248243218.
[I 2025-03-09 15:35:29,939] Trial 18 finished with value: 0.2902057935144253 and parameters: {'learning_rate': 0.016250760308161527, 'depth': 10, 'l2_leaf_reg': 1.7232062001615867, 'min_child_samples': 4}. Best is trial 12 with value: 0.2777818248243218.
[I 2025-03-09 15:36:04,059] Trial 19 finished with value: 0.30735014087854157 and parameters: {'learning_rate': 0.009873789008760037, 'depth': 16, 'l2_leaf_reg': 0.5616115168900595, 'min_child_samples': 1}. Best is trial 12 with value: 0.2777818248243218.
[I 2025-03-09 15:36:05,480] Trial 20 finished with value: 0.31698830737307354 and parameters: {'learning_rate': 0.01675453524993925, 'depth': 6, 'l2_leaf_reg': 1.4799070750601027, 'min_child_samples': 8}. Best is trial 12 with value: 0.2777818248243218.
[I 2025-03-09 15:36:09,575] Trial 21 finished with value: 0.2808216806284601 and parameters: {'learning_rate': 0.01995927184003166, 'depth': 12, 'l2_leaf_reg': 0.018335535107365436, 'min_child_samples': 4}. Best is trial 12 with value: 0.2777818248243218.
[I 2025-03-09 15:36:15,606] Trial 22 finished with value: 0.27748112670975167 and parameters: {'learning_rate': 0.01939944218489325, 'depth': 13, 'l2_leaf_reg': 0.00042821596983425025, 'min_child_samples': 4}. Best is trial 22 with value: 0.27748112670975167.
[I 2025-03-09 15:36:25,524] Trial 23 finished with value: 0.27936325832008546 and parameters: {'learning_rate': 0.01747172322244123, 'depth': 14, 'l2_leaf_reg': 0.33093347764949677, 'min_child_samples': 4}. Best is trial 22 with value: 0.27748112670975167.
[I 2025-03-09 15:36:27,852] Trial 24 finished with value: 0.28968200065540783 and parameters: {'learning_rate': 0.014410880504224545, 'depth': 10, 'l2_leaf_reg': 0.849334532594332, 'min_child_samples': 4}. Best is trial 22 with value: 0.27748112670975167.
[I 2025-03-09 15:36:33,733] Trial 25 finished with value: 0.28033567474906357 and parameters: {'learning_rate': 0.01211013756263541, 'depth': 13, 'l2_leaf_reg': 2.5845993385977017, 'min_child_samples': 16}. Best is trial 22 with value: 0.27748112670975167.
[I 2025-03-09 15:36:51,870] Trial 26 finished with value: 0.28912656088205874 and parameters: {'learning_rate': 0.015182882217714098, 'depth': 15, 'l2_leaf_reg': 1.227793701954583, 'min_child_samples': 1}. Best is trial 22 with value: 0.27748112670975167.
[I 2025-03-09 15:36:53,556] Trial 27 finished with value: 0.2930729137805811 and parameters: {'learning_rate': 0.01871494090412018, 'depth': 9, 'l2_leaf_reg': 1.9462469218897722, 'min_child_samples': 4}. Best is trial 22 with value: 0.27748112670975167.
[I 2025-03-09 15:36:59,604] Trial 28 finished with value: 0.2961525050471444 and parameters: {'learning_rate': 0.007619027439877494, 'depth': 13, 'l2_leaf_reg': 0.25089569142427515, 'min_child_samples': 4}. Best is trial 22 with value: 0.27748112670975167.
[I 2025-03-09 15:37:17,574] Trial 29 finished with value: 0.28858117165721514 and parameters: {'learning_rate': 0.015600838106052648, 'depth': 15, 'l2_leaf_reg': 0.6628282823575485, 'min_child_samples': 16}. Best is trial 22 with value: 0.27748112670975167.
[I 2025-03-09 15:37:20,345] Trial 30 finished with value: 0.2881093263236308 and parameters: {'learning_rate': 0.013937774530453645, 'depth': 11, 'l2_leaf_reg': 0.7011921070270964, 'min_child_samples': 1}. Best is trial 22 with value: 0.27748112670975167.
[I 2025-03-09 15:37:24,268] Trial 31 finished with value: 0.27967436839288845 and parameters: {'learning_rate': 0.0194820170217428, 'depth': 12, 'l2_leaf_reg': 0.1442580368505726, 'min_child_samples': 4}. Best is trial 22 with value: 0.27748112670975167.
[I 2025-03-09 15:37:30,115] Trial 32 finished with value: 0.2765371485637652 and parameters: {'learning_rate': 0.017287976389339297, 'depth': 13, 'l2_leaf_reg': 0.04265550218775334, 'min_child_samples': 4}. Best is trial 32 with value: 0.2765371485637652.
[I 2025-03-09 15:37:39,865] Trial 33 finished with value: 0.27911313337321547 and parameters: {'learning_rate': 0.018011743490962743, 'depth': 14, 'l2_leaf_reg': 0.4785347386843791, 'min_child_samples': 4}. Best is trial 32 with value: 0.2765371485637652.
[I 2025-03-09 15:38:13,890] Trial 34 finished with value: 0.296141806454072 and parameters: {'learning_rate': 0.017338828511066762, 'depth': 16, 'l2_leaf_reg': 0.16154526325719995, 'min_child_samples': 16}. Best is trial 32 with value: 0.2765371485637652.
[I 2025-03-09 15:38:16,623] Trial 35 finished with value: 0.2885928975176202 and parameters: {'learning_rate': 0.016335740682352932, 'depth': 11, 'l2_leaf_reg': 2.7608430766363297, 'min_child_samples': 8}. Best is trial 32 with value: 0.2765371485637652.
[I 2025-03-09 15:38:22,423] Trial 36 finished with value: 0.2813525651184485 and parameters: {'learning_rate': 0.011656705970482097, 'depth': 13, 'l2_leaf_reg': 1.6077435180738464, 'min_child_samples': 4}. Best is trial 32 with value: 0.2765371485637652.
[I 2025-03-09 15:38:40,266] Trial 37 finished with value: 0.2882959872747504 and parameters: {'learning_rate': 0.013229055571330578, 'depth': 15, 'l2_leaf_reg': 0.8112907270029363, 'min_child_samples': 32}. Best is trial 32 with value: 0.2765371485637652.
[I 2025-03-09 15:38:42,006] Trial 38 finished with value: 0.29222468967505055 and parameters: {'learning_rate': 0.018826316837039263, 'depth': 9, 'l2_leaf_reg': 0.4292308118939337, 'min_child_samples': 4}. Best is trial 32 with value: 0.2765371485637652.
[I 2025-03-09 15:38:43,279] Trial 39 finished with value: 0.3638819616721169 and parameters: {'learning_rate': 0.017702732940521767, 'depth': 3, 'l2_leaf_reg': 1.3508463682376544, 'min_child_samples': 32}. Best is trial 32 with value: 0.2765371485637652.
[I 2025-03-09 15:38:44,517] Trial 40 finished with value: 0.4532088791791957 and parameters: {'learning_rate': 0.015563133890473452, 'depth': 1, 'l2_leaf_reg': 2.1581920720082204, 'min_child_samples': 8}. Best is trial 32 with value: 0.2765371485637652.
[I 2025-03-09 15:38:48,575] Trial 41 finished with value: 0.279433163574469 and parameters: {'learning_rate': 0.019840944352842962, 'depth': 12, 'l2_leaf_reg': 0.01787286136416366, 'min_child_samples': 4}. Best is trial 32 with value: 0.2765371485637652.
[I 2025-03-09 15:38:54,453] Trial 42 finished with value: 0.507731726584841 and parameters: {'learning_rate': 0.00020828119995051214, 'depth': 13, 'l2_leaf_reg': 0.20088918469402334, 'min_child_samples': 4}. Best is trial 32 with value: 0.2765371485637652.
[I 2025-03-09 15:38:58,466] Trial 43 finished with value: 0.2796043516971767 and parameters: {'learning_rate': 0.01888879832418868, 'depth': 12, 'l2_leaf_reg': 0.02151839838772851, 'min_child_samples': 4}. Best is trial 32 with value: 0.2765371485637652.
[I 2025-03-09 15:39:08,154] Trial 44 finished with value: 0.3265744949701882 and parameters: {'learning_rate': 0.004682442923898778, 'depth': 14, 'l2_leaf_reg': 0.3557123058228009, 'min_child_samples': 4}. Best is trial 32 with value: 0.2765371485637652.
[I 2025-03-09 15:39:10,993] Trial 45 finished with value: 0.2864421144897254 and parameters: {'learning_rate': 0.017058133612487123, 'depth': 11, 'l2_leaf_reg': 2.9536832711649197, 'min_child_samples': 1}. Best is trial 32 with value: 0.2765371485637652.
[I 2025-03-09 15:39:20,776] Trial 46 finished with value: 0.2790183535600389 and parameters: {'learning_rate': 0.019058171330687473, 'depth': 14, 'l2_leaf_reg': 0.5204754649408326, 'min_child_samples': 4}. Best is trial 32 with value: 0.2765371485637652.
[I 2025-03-09 15:39:22,436] Trial 47 finished with value: 0.3079805877611411 and parameters: {'learning_rate': 0.018059835709162114, 'depth': 7, 'l2_leaf_reg': 0.30282828473318024, 'min_child_samples': 32}. Best is trial 32 with value: 0.2765371485637652.
[I 2025-03-09 15:39:25,405] Trial 48 finished with value: 0.2831956316275885 and parameters: {'learning_rate': 0.019986349839928967, 'depth': 11, 'l2_leaf_reg': 1.0870288301172821, 'min_child_samples': 1}. Best is trial 32 with value: 0.2765371485637652.
[I 2025-03-09 15:39:43,451] Trial 49 finished with value: 0.2867189959460133 and parameters: {'learning_rate': 0.018363598839020973, 'depth': 15, 'l2_leaf_reg': 2.400400402937825, 'min_child_samples': 4}. Best is trial 32 with value: 0.2765371485637652.
[I 2025-03-09 15:39:49,143] Trial 50 finished with value: 0.27673923574678544 and parameters: {'learning_rate': 0.015973455744457573, 'depth': 13, 'l2_leaf_reg': 0.19996054365628463, 'min_child_samples': 4}. Best is trial 32 with value: 0.2765371485637652.
[I 2025-03-09 15:39:55,070] Trial 51 finished with value: 0.27634183219044656 and parameters: {'learning_rate': 0.014760601850322727, 'depth': 13, 'l2_leaf_reg': 0.11909524424007299, 'min_child_samples': 4}. Best is trial 51 with value: 0.27634183219044656.
[I 2025-03-09 15:40:00,865] Trial 52 finished with value: 0.27655388281313104 and parameters: {'learning_rate': 0.014657584358352424, 'depth': 13, 'l2_leaf_reg': 0.15698319856198176, 'min_child_samples': 4}. Best is trial 51 with value: 0.27634183219044656.
[I 2025-03-09 15:40:06,780] Trial 53 finished with value: 0.27671408079709164 and parameters: {'learning_rate': 0.014685621316604664, 'depth': 13, 'l2_leaf_reg': 0.1578247299538167, 'min_child_samples': 4}. Best is trial 51 with value: 0.27634183219044656.
[I 2025-03-09 15:40:12,506] Trial 54 finished with value: 0.27936848463480113 and parameters: {'learning_rate': 0.013600603219532189, 'depth': 13, 'l2_leaf_reg': 0.1798567014588099, 'min_child_samples': 4}. Best is trial 51 with value: 0.27634183219044656.
[I 2025-03-09 15:40:16,571] Trial 55 finished with value: 0.2821453976538652 and parameters: {'learning_rate': 0.012546552434888525, 'depth': 12, 'l2_leaf_reg': 0.14480254129213205, 'min_child_samples': 4}. Best is trial 51 with value: 0.27634183219044656.
[I 2025-03-09 15:40:18,998] Trial 56 finished with value: 0.28930185538888814 and parameters: {'learning_rate': 0.01594119542026767, 'depth': 10, 'l2_leaf_reg': 0.4368919682041327, 'min_child_samples': 4}. Best is trial 51 with value: 0.27634183219044656.
[I 2025-03-09 15:40:28,949] Trial 57 finished with value: 0.280742041753668 and parameters: {'learning_rate': 0.015195558648803544, 'depth': 14, 'l2_leaf_reg': 0.09051861465518388, 'min_child_samples': 4}. Best is trial 51 with value: 0.27634183219044656.
[I 2025-03-09 15:40:34,601] Trial 58 finished with value: 0.27460347422574777 and parameters: {'learning_rate': 0.014350555616858503, 'depth': 13, 'l2_leaf_reg': 0.2669092980424012, 'min_child_samples': 4}. Best is trial 58 with value: 0.27460347422574777.
[I 2025-03-09 15:41:08,632] Trial 59 finished with value: 0.30280862278882376 and parameters: {'learning_rate': 0.010983392861702666, 'depth': 16, 'l2_leaf_reg': 0.26394162072613836, 'min_child_samples': 4}. Best is trial 58 with value: 0.27460347422574777.
[I 2025-03-09 15:41:11,426] Trial 60 finished with value: 0.28475594509255525 and parameters: {'learning_rate': 0.014598497518527667, 'depth': 11, 'l2_leaf_reg': 0.6153452932523074, 'min_child_samples': 16}. Best is trial 58 with value: 0.27460347422574777.
[I 2025-03-09 15:41:17,220] Trial 61 finished with value: 0.2766092574031862 and parameters: {'learning_rate': 0.01410399546792325, 'depth': 13, 'l2_leaf_reg': 0.2834766397944871, 'min_child_samples': 4}. Best is trial 58 with value: 0.27460347422574777.
[I 2025-03-09 15:41:21,185] Trial 62 finished with value: 0.2834879888970112 and parameters: {'learning_rate': 0.012768010584828605, 'depth': 12, 'l2_leaf_reg': 0.33746430548631434, 'min_child_samples': 4}. Best is trial 58 with value: 0.27460347422574777.
[I 2025-03-09 15:41:31,037] Trial 63 finished with value: 0.2792518575937067 and parameters: {'learning_rate': 0.013946956458401393, 'depth': 14, 'l2_leaf_reg': 0.2437336144116797, 'min_child_samples': 4}. Best is trial 58 with value: 0.27460347422574777.
[I 2025-03-09 15:41:36,760] Trial 64 finished with value: 0.27739332012732065 and parameters: {'learning_rate': 0.014980776620185245, 'depth': 13, 'l2_leaf_reg': 0.5500457596502069, 'min_child_samples': 4}. Best is trial 58 with value: 0.27460347422574777.
[I 2025-03-09 15:41:54,409] Trial 65 finished with value: 0.2865899418961439 and parameters: {'learning_rate': 0.016403383771587725, 'depth': 15, 'l2_leaf_reg': 0.08867342675804404, 'min_child_samples': 4}. Best is trial 58 with value: 0.27460347422574777.
[I 2025-03-09 15:42:03,911] Trial 66 finished with value: 0.2818733254747642 and parameters: {'learning_rate': 0.013520651353079775, 'depth': 14, 'l2_leaf_reg': 0.7141852273232723, 'min_child_samples': 8}. Best is trial 58 with value: 0.27460347422574777.
[I 2025-03-09 15:42:07,699] Trial 67 finished with value: 0.2850322631063159 and parameters: {'learning_rate': 0.010722000643397036, 'depth': 12, 'l2_leaf_reg': 0.3867652515677762, 'min_child_samples': 4}. Best is trial 58 with value: 0.27460347422574777.
[I 2025-03-09 15:42:13,588] Trial 68 finished with value: 0.2906633977115669 and parameters: {'learning_rate': 0.00835434110038424, 'depth': 13, 'l2_leaf_reg': 0.0935493373571761, 'min_child_samples': 4}. Best is trial 58 with value: 0.27460347422574777.
[I 2025-03-09 15:42:31,587] Trial 69 finished with value: 0.28882427742491057 and parameters: {'learning_rate': 0.014295498135466014, 'depth': 15, 'l2_leaf_reg': 0.260956285706673, 'min_child_samples': 4}. Best is trial 58 with value: 0.27460347422574777.
[I 2025-03-09 15:42:37,172] Trial 70 finished with value: 0.27651086891175636 and parameters: {'learning_rate': 0.016884302873749413, 'depth': 13, 'l2_leaf_reg': 0.47737296091394676, 'min_child_samples': 4}. Best is trial 58 with value: 0.27460347422574777.
[I 2025-03-09 15:42:43,043] Trial 71 finished with value: 0.2761132525532019 and parameters: {'learning_rate': 0.016782586807171252, 'depth': 13, 'l2_leaf_reg': 0.46058210213762474, 'min_child_samples': 4}. Best is trial 58 with value: 0.27460347422574777.
[I 2025-03-09 15:42:47,017] Trial 72 finished with value: 0.28403146551588015 and parameters: {'learning_rate': 0.01270043542913709, 'depth': 12, 'l2_leaf_reg': 0.4484679764443549, 'min_child_samples': 4}. Best is trial 58 with value: 0.27460347422574777.
[I 2025-03-09 15:42:56,832] Trial 73 finished with value: 0.28024751944710846 and parameters: {'learning_rate': 0.01679750236189427, 'depth': 14, 'l2_leaf_reg': 0.57289383383012, 'min_child_samples': 4}. Best is trial 58 with value: 0.27460347422574777.
[I 2025-03-09 15:43:02,478] Trial 74 finished with value: 0.27775459920952544 and parameters: {'learning_rate': 0.014880213592761588, 'depth': 13, 'l2_leaf_reg': 0.3481385300822445, 'min_child_samples': 4}. Best is trial 58 with value: 0.27460347422574777.
[I 2025-03-09 15:43:05,405] Trial 75 finished with value: 0.2830624704312643 and parameters: {'learning_rate': 0.017339901306764712, 'depth': 11, 'l2_leaf_reg': 0.7819890063070981, 'min_child_samples': 16}. Best is trial 58 with value: 0.27460347422574777.
[I 2025-03-09 15:43:09,349] Trial 76 finished with value: 0.28192623984222337 and parameters: {'learning_rate': 0.015769612040517272, 'depth': 12, 'l2_leaf_reg': 0.08575837179467487, 'min_child_samples': 4}. Best is trial 58 with value: 0.27460347422574777.
[I 2025-03-09 15:43:10,801] Trial 77 finished with value: 0.34916486199619484 and parameters: {'learning_rate': 0.014027429444721084, 'depth': 4, 'l2_leaf_reg': 0.48302338709134535, 'min_child_samples': 4}. Best is trial 58 with value: 0.27460347422574777.
[I 2025-03-09 15:43:16,875] Trial 78 finished with value: 0.28207608042149696 and parameters: {'learning_rate': 0.011881419250124061, 'depth': 13, 'l2_leaf_reg': 0.9571479332001835, 'min_child_samples': 32}. Best is trial 58 with value: 0.27460347422574777.
[I 2025-03-09 15:43:19,466] Trial 79 finished with value: 0.2896156710259815 and parameters: {'learning_rate': 0.016850594308230174, 'depth': 10, 'l2_leaf_reg': 0.23626675658697793, 'min_child_samples': 8}. Best is trial 58 with value: 0.27460347422574777.
[I 2025-03-09 15:43:29,037] Trial 80 finished with value: 0.28082553994038834 and parameters: {'learning_rate': 0.015385447341483954, 'depth': 14, 'l2_leaf_reg': 0.3887804857371375, 'min_child_samples': 4}. Best is trial 58 with value: 0.27460347422574777.
[I 2025-03-09 15:43:34,840] Trial 81 finished with value: 0.277093150581951 and parameters: {'learning_rate': 0.01624520623767868, 'depth': 13, 'l2_leaf_reg': 0.16939927864049525, 'min_child_samples': 4}. Best is trial 58 with value: 0.27460347422574777.
[I 2025-03-09 15:43:38,848] Trial 82 finished with value: 0.27927774582287634 and parameters: {'learning_rate': 0.015882500719473842, 'depth': 12, 'l2_leaf_reg': 0.29510696245798357, 'min_child_samples': 4}. Best is trial 58 with value: 0.27460347422574777.
