[I 2025-03-09 17:09:42,575] Trial 356 finished with value: 0.18710457435128383 and parameters: {'learning_rate': 0.01998419058696714, 'depth': 11, 'l2_leaf_reg': 0.2789471957551861, 'min_child_samples': 8}. Best is trial 247 with value: 0.1863413750580257.
[I 2025-03-09 17:09:46,476] Trial 357 finished with value: 0.1912735158978885 and parameters: {'learning_rate': 0.01874142381202837, 'depth': 12, 'l2_leaf_reg': 0.4002419435998755, 'min_child_samples': 8}. Best is trial 247 with value: 0.1863413750580257.
[I 2025-03-09 17:09:49,376] Trial 358 finished with value: 0.18983676154603354 and parameters: {'learning_rate': 0.01933186621863277, 'depth': 11, 'l2_leaf_reg': 0.32457796691699164, 'min_child_samples': 8}. Best is trial 247 with value: 0.1863413750580257.
[I 2025-03-09 17:09:52,330] Trial 359 finished with value: 0.18790724388507257 and parameters: {'learning_rate': 0.01953104792778474, 'depth': 11, 'l2_leaf_reg': 0.28101451210315254, 'min_child_samples': 8}. Best is trial 247 with value: 0.1863413750580257.
[I 2025-03-09 17:09:55,290] Trial 360 finished with value: 0.18764600808006132 and parameters: {'learning_rate': 0.01999309433396196, 'depth': 11, 'l2_leaf_reg': 0.6229982937106681, 'min_child_samples': 1}. Best is trial 247 with value: 0.1863413750580257.
[I 2025-03-09 17:09:59,297] Trial 361 finished with value: 0.19105476104239716 and parameters: {'learning_rate': 0.01908433526067359, 'depth': 12, 'l2_leaf_reg': 0.4221449529263216, 'min_child_samples': 16}. Best is trial 247 with value: 0.1863413750580257.
[I 2025-03-09 17:10:02,062] Trial 362 finished with value: 0.3412393137057596 and parameters: {'learning_rate': 0.00491359512971587, 'depth': 11, 'l2_leaf_reg': 2.6257431899575674, 'min_child_samples': 8}. Best is trial 247 with value: 0.1863413750580257.
[I 2025-03-09 17:10:05,086] Trial 363 finished with value: 0.18743390431103893 and parameters: {'learning_rate': 0.019629706390127143, 'depth': 11, 'l2_leaf_reg': 0.35775062576944944, 'min_child_samples': 4}. Best is trial 247 with value: 0.1863413750580257.
[I 2025-03-09 17:10:07,501] Trial 364 finished with value: 0.19179642939220748 and parameters: {'learning_rate': 0.019284729607707336, 'depth': 10, 'l2_leaf_reg': 0.5111289418074205, 'min_child_samples': 8}. Best is trial 247 with value: 0.1863413750580257.
[I 2025-03-09 17:10:10,524] Trial 365 finished with value: 0.18817038270398553 and parameters: {'learning_rate': 0.019985118171440507, 'depth': 11, 'l2_leaf_reg': 0.42398556697303386, 'min_child_samples': 8}. Best is trial 247 with value: 0.1863413750580257.
[I 2025-03-09 17:10:13,546] Trial 366 finished with value: 0.18870948507035365 and parameters: {'learning_rate': 0.01951858866831594, 'depth': 11, 'l2_leaf_reg': 0.6543668388557907, 'min_child_samples': 32}. Best is trial 247 with value: 0.1863413750580257.
[I 2025-03-09 17:10:17,553] Trial 367 finished with value: 0.19233303810087263 and parameters: {'learning_rate': 0.018596444611073043, 'depth': 12, 'l2_leaf_reg': 2.0888708883572833, 'min_child_samples': 8}. Best is trial 247 with value: 0.1863413750580257.
[I 2025-03-09 17:10:20,017] Trial 368 finished with value: 0.19229260729021316 and parameters: {'learning_rate': 0.01895804267085225, 'depth': 10, 'l2_leaf_reg': 0.7143873697760419, 'min_child_samples': 8}. Best is trial 247 with value: 0.1863413750580257.
[I 2025-03-09 17:10:23,077] Trial 369 finished with value: 0.18686993261107002 and parameters: {'learning_rate': 0.019989073607383223, 'depth': 11, 'l2_leaf_reg': 0.2803294707799254, 'min_child_samples': 8}. Best is trial 247 with value: 0.1863413750580257.
[I 2025-03-09 17:10:25,078] Trial 370 finished with value: 0.19684033070630647 and parameters: {'learning_rate': 0.01959711074784326, 'depth': 9, 'l2_leaf_reg': 0.29031994585699644, 'min_child_samples': 1}. Best is trial 247 with value: 0.1863413750580257.
[I 2025-03-09 17:10:28,117] Trial 371 finished with value: 0.18742128789661758 and parameters: {'learning_rate': 0.019629691945545518, 'depth': 11, 'l2_leaf_reg': 0.2694077334915876, 'min_child_samples': 8}. Best is trial 247 with value: 0.1863413750580257.
[I 2025-03-09 17:10:31,300] Trial 372 finished with value: 0.187574654222181 and parameters: {'learning_rate': 0.019996624959842266, 'depth': 11, 'l2_leaf_reg': 0.34226000968881365, 'min_child_samples': 8}. Best is trial 247 with value: 0.1863413750580257.
[I 2025-03-09 17:10:35,296] Trial 373 finished with value: 0.19204060393203212 and parameters: {'learning_rate': 0.019208607713131653, 'depth': 12, 'l2_leaf_reg': 0.16664174065074278, 'min_child_samples': 4}. Best is trial 247 with value: 0.1863413750580257.
[I 2025-03-09 17:10:37,521] Trial 374 finished with value: 0.19066829219183248 and parameters: {'learning_rate': 0.019354218650711564, 'depth': 10, 'l2_leaf_reg': 0.367533742560189, 'min_child_samples': 8}. Best is trial 247 with value: 0.1863413750580257.
[I 2025-03-09 17:10:40,436] Trial 375 finished with value: 0.18837454940464224 and parameters: {'learning_rate': 0.019662758578359297, 'depth': 11, 'l2_leaf_reg': 0.20812365173990255, 'min_child_samples': 8}. Best is trial 247 with value: 0.1863413750580257.
[I 2025-03-09 17:10:43,727] Trial 376 finished with value: 0.18767340152047704 and parameters: {'learning_rate': 0.019996929699722027, 'depth': 11, 'l2_leaf_reg': 0.8439972801973231, 'min_child_samples': 8}. Best is trial 247 with value: 0.1863413750580257.
[I 2025-03-09 17:10:46,702] Trial 377 finished with value: 0.2084721679694206 and parameters: {'learning_rate': 0.01099029273840166, 'depth': 11, 'l2_leaf_reg': 0.24980455899180976, 'min_child_samples': 8}. Best is trial 247 with value: 0.1863413750580257.
[I 2025-03-09 17:10:50,614] Trial 378 finished with value: 0.1905107375478461 and parameters: {'learning_rate': 0.018798523724733607, 'depth': 12, 'l2_leaf_reg': 0.3165850809914773, 'min_child_samples': 8}. Best is trial 247 with value: 0.1863413750580257.
[I 2025-03-09 17:10:53,734] Trial 379 finished with value: 0.18849805679003834 and parameters: {'learning_rate': 0.019265253246508452, 'depth': 11, 'l2_leaf_reg': 0.11029845669148658, 'min_child_samples': 1}. Best is trial 247 with value: 0.1863413750580257.
[I 2025-03-09 17:10:59,618] Trial 380 finished with value: 0.1957241863246736 and parameters: {'learning_rate': 0.019667092545722933, 'depth': 13, 'l2_leaf_reg': 0.39694729867487893, 'min_child_samples': 8}. Best is trial 247 with value: 0.1863413750580257.
[I 2025-03-09 17:11:01,253] Trial 381 finished with value: 0.2388394621516815 and parameters: {'learning_rate': 0.018276213330369745, 'depth': 6, 'l2_leaf_reg': 0.46644637903250463, 'min_child_samples': 8}. Best is trial 247 with value: 0.1863413750580257.
[I 2025-03-09 17:11:03,711] Trial 382 finished with value: 0.19211709272371308 and parameters: {'learning_rate': 0.01890548927507022, 'depth': 10, 'l2_leaf_reg': 0.28160111338676264, 'min_child_samples': 4}. Best is trial 247 with value: 0.1863413750580257.
[I 2025-03-09 17:11:07,783] Trial 383 finished with value: 0.19131102894384527 and parameters: {'learning_rate': 0.01964888637078595, 'depth': 12, 'l2_leaf_reg': 0.3443839025554207, 'min_child_samples': 8}. Best is trial 247 with value: 0.1863413750580257.
[I 2025-03-09 17:11:10,947] Trial 384 finished with value: 0.18807503264060788 and parameters: {'learning_rate': 0.019980983852311642, 'depth': 11, 'l2_leaf_reg': 0.4308749127461341, 'min_child_samples': 8}. Best is trial 247 with value: 0.1863413750580257.
[I 2025-03-09 17:11:14,102] Trial 385 finished with value: 0.18927278570998984 and parameters: {'learning_rate': 0.01928130142716107, 'depth': 11, 'l2_leaf_reg': 0.026705843611425334, 'min_child_samples': 16}. Best is trial 247 with value: 0.1863413750580257.
[I 2025-03-09 17:11:16,377] Trial 386 finished with value: 0.19099931091966155 and parameters: {'learning_rate': 0.019624349741227478, 'depth': 10, 'l2_leaf_reg': 0.5807557381387086, 'min_child_samples': 8}. Best is trial 247 with value: 0.1863413750580257.
[I 2025-03-09 17:11:19,564] Trial 387 finished with value: 0.18812655564459504 and parameters: {'learning_rate': 0.019030305241198094, 'depth': 11, 'l2_leaf_reg': 2.16494368311189, 'min_child_samples': 8}. Best is trial 247 with value: 0.1863413750580257.
[I 2025-03-09 17:11:22,470] Trial 388 finished with value: 0.18957004658665752 and parameters: {'learning_rate': 0.01934604490361066, 'depth': 11, 'l2_leaf_reg': 0.7410659607218553, 'min_child_samples': 8}. Best is trial 247 with value: 0.1863413750580257.
[I 2025-03-09 17:11:25,795] Trial 389 finished with value: 0.1878995578883768 and parameters: {'learning_rate': 0.019975465359167714, 'depth': 11, 'l2_leaf_reg': 0.6580974489376559, 'min_child_samples': 1}. Best is trial 247 with value: 0.1863413750580257.
[I 2025-03-09 17:11:28,138] Trial 390 finished with value: 0.7128844200094367 and parameters: {'learning_rate': 0.0012309028269565248, 'depth': 10, 'l2_leaf_reg': 0.20981414103607743, 'min_child_samples': 8}. Best is trial 247 with value: 0.1863413750580257.
[I 2025-03-09 17:11:31,314] Trial 391 finished with value: 0.18994927252685037 and parameters: {'learning_rate': 0.01854112570566989, 'depth': 11, 'l2_leaf_reg': 0.48038488844402594, 'min_child_samples': 8}. Best is trial 247 with value: 0.1863413750580257.
[I 2025-03-09 17:11:35,309] Trial 392 finished with value: 0.19218250134538262 and parameters: {'learning_rate': 0.01960605846605904, 'depth': 12, 'l2_leaf_reg': 0.37896616448019493, 'min_child_samples': 4}. Best is trial 247 with value: 0.1863413750580257.
[I 2025-03-09 17:11:37,549] Trial 393 finished with value: 0.19199608512783692 and parameters: {'learning_rate': 0.019311861287702167, 'depth': 10, 'l2_leaf_reg': 0.5883328350424256, 'min_child_samples': 32}. Best is trial 247 with value: 0.1863413750580257.
[I 2025-03-09 17:11:40,638] Trial 394 finished with value: 0.1864369693109335 and parameters: {'learning_rate': 0.019991025680242674, 'depth': 11, 'l2_leaf_reg': 0.2797259221791526, 'min_child_samples': 8}. Best is trial 247 with value: 0.1863413750580257.
[I 2025-03-09 17:11:43,416] Trial 395 finished with value: 0.19673013293715988 and parameters: {'learning_rate': 0.01451816615175492, 'depth': 11, 'l2_leaf_reg': 0.16685074784359213, 'min_child_samples': 8}. Best is trial 247 with value: 0.1863413750580257.
[I 2025-03-09 17:11:47,499] Trial 396 finished with value: 0.18894455714868352 and parameters: {'learning_rate': 0.019964701139498987, 'depth': 12, 'l2_leaf_reg': 0.2809073486902045, 'min_child_samples': 8}. Best is trial 247 with value: 0.1863413750580257.
[I 2025-03-09 17:11:50,576] Trial 397 finished with value: 0.18771560541338392 and parameters: {'learning_rate': 0.01970178152001422, 'depth': 11, 'l2_leaf_reg': 0.24572045335510048, 'min_child_samples': 8}. Best is trial 247 with value: 0.1863413750580257.
[I 2025-03-09 17:11:53,593] Trial 398 finished with value: 0.2872479046259718 and parameters: {'learning_rate': 0.006163793475046845, 'depth': 11, 'l2_leaf_reg': 0.07350790531629503, 'min_child_samples': 8}. Best is trial 247 with value: 0.1863413750580257.
[I 2025-03-09 17:11:56,572] Trial 399 finished with value: 0.18729267347088402 and parameters: {'learning_rate': 0.01998028783997037, 'depth': 11, 'l2_leaf_reg': 0.6422852973353836, 'min_child_samples': 8}. Best is trial 247 with value: 0.1863413750580257.
[I 2025-03-09 17:12:00,757] Trial 400 finished with value: 0.1899582913964005 and parameters: {'learning_rate': 0.019978919783093373, 'depth': 12, 'l2_leaf_reg': 0.5190403364251222, 'min_child_samples': 8}. Best is trial 247 with value: 0.1863413750580257.
[I 2025-03-09 17:12:03,613] Trial 401 finished with value: 0.18755994999829279 and parameters: {'learning_rate': 0.019625992607217205, 'depth': 11, 'l2_leaf_reg': 0.7891944607601077, 'min_child_samples': 8}. Best is trial 247 with value: 0.1863413750580257.
[I 2025-03-09 17:12:06,093] Trial 402 finished with value: 0.18955214098283948 and parameters: {'learning_rate': 0.019986069334922193, 'depth': 10, 'l2_leaf_reg': 0.44050946589694306, 'min_child_samples': 8}. Best is trial 247 with value: 0.1863413750580257.
[I 2025-03-09 17:12:09,162] Trial 403 finished with value: 0.1884187263687906 and parameters: {'learning_rate': 0.01958813886771671, 'depth': 11, 'l2_leaf_reg': 1.2471434008410098, 'min_child_samples': 8}. Best is trial 247 with value: 0.1863413750580257.
[I 2025-03-09 17:12:12,135] Trial 404 finished with value: 0.18819645958870992 and parameters: {'learning_rate': 0.01966364098421309, 'depth': 11, 'l2_leaf_reg': 0.3152147189881054, 'min_child_samples': 8}. Best is trial 247 with value: 0.1863413750580257.
[I 2025-03-09 17:12:15,073] Trial 405 finished with value: 0.18872670686806725 and parameters: {'learning_rate': 0.019283843464099223, 'depth': 11, 'l2_leaf_reg': 0.6965591708540237, 'min_child_samples': 8}. Best is trial 247 with value: 0.1863413750580257.
[I 2025-03-09 17:12:19,153] Trial 406 finished with value: 0.19036744834293234 and parameters: {'learning_rate': 0.019998694840658998, 'depth': 12, 'l2_leaf_reg': 0.6322338731249902, 'min_child_samples': 8}. Best is trial 247 with value: 0.1863413750580257.
[I 2025-03-09 17:12:22,151] Trial 407 finished with value: 0.1977379897255665 and parameters: {'learning_rate': 0.013916433336901742, 'depth': 11, 'l2_leaf_reg': 2.2311304535257146, 'min_child_samples': 8}. Best is trial 247 with value: 0.1863413750580257.
[I 2025-03-09 17:12:24,627] Trial 408 finished with value: 0.1906153773787271 and parameters: {'learning_rate': 0.019986326151490822, 'depth': 10, 'l2_leaf_reg': 2.044836242092098, 'min_child_samples': 8}. Best is trial 247 with value: 0.1863413750580257.
[I 2025-03-09 17:12:27,517] Trial 409 finished with value: 0.18803931734231213 and parameters: {'learning_rate': 0.019049219086678504, 'depth': 11, 'l2_leaf_reg': 0.1497136753476438, 'min_child_samples': 4}. Best is trial 247 with value: 0.1863413750580257.
[I 2025-03-09 17:12:29,451] Trial 410 finished with value: 0.20654537700624498 and parameters: {'learning_rate': 0.019605869941459412, 'depth': 8, 'l2_leaf_reg': 0.39469889513990764, 'min_child_samples': 8}. Best is trial 247 with value: 0.1863413750580257.
[I 2025-03-09 17:12:32,356] Trial 411 finished with value: 0.18893048032006018 and parameters: {'learning_rate': 0.019314627501408926, 'depth': 11, 'l2_leaf_reg': 0.5456198680292274, 'min_child_samples': 8}. Best is trial 247 with value: 0.1863413750580257.
[I 2025-03-09 17:12:34,735] Trial 412 finished with value: 0.19207432998143759 and parameters: {'learning_rate': 0.019654252741432256, 'depth': 10, 'l2_leaf_reg': 0.4641373516263669, 'min_child_samples': 8}. Best is trial 247 with value: 0.1863413750580257.
[I 2025-03-09 17:12:37,591] Trial 413 finished with value: 0.1873405316267449 and parameters: {'learning_rate': 0.019967906645129305, 'depth': 11, 'l2_leaf_reg': 0.21643192894288704, 'min_child_samples': 8}. Best is trial 247 with value: 0.1863413750580257.
[I 2025-03-09 17:12:41,709] Trial 414 finished with value: 0.1893023464813825 and parameters: {'learning_rate': 0.019333430432412715, 'depth': 12, 'l2_leaf_reg': 0.30476780443883544, 'min_child_samples': 8}. Best is trial 247 with value: 0.1863413750580257.
[I 2025-03-09 17:12:45,670] Trial 415 finished with value: 0.19030565220616502 and parameters: {'learning_rate': 0.019995297156911954, 'depth': 12, 'l2_leaf_reg': 0.5808301130524677, 'min_child_samples': 8}. Best is trial 247 with value: 0.1863413750580257.
[I 2025-03-09 17:12:48,650] Trial 416 finished with value: 0.18913240107543464 and parameters: {'learning_rate': 0.0189244712139797, 'depth': 11, 'l2_leaf_reg': 0.4969913752065218, 'min_child_samples': 8}. Best is trial 247 with value: 0.1863413750580257.
[I 2025-03-09 17:12:51,645] Trial 417 finished with value: 0.18901206506036994 and parameters: {'learning_rate': 0.019570981843155026, 'depth': 11, 'l2_leaf_reg': 0.35228356594471893, 'min_child_samples': 4}. Best is trial 247 with value: 0.1863413750580257.
[I 2025-03-09 17:12:54,615] Trial 418 finished with value: 0.18752342030540134 and parameters: {'learning_rate': 0.01999971013259851, 'depth': 11, 'l2_leaf_reg': 1.912808524651069, 'min_child_samples': 16}. Best is trial 247 with value: 0.1863413750580257.
[I 2025-03-09 17:12:58,750] Trial 419 finished with value: 0.19200385547699286 and parameters: {'learning_rate': 0.019093120706460694, 'depth': 12, 'l2_leaf_reg': 0.4166025139237564, 'min_child_samples': 8}. Best is trial 247 with value: 0.1863413750580257.
[I 2025-03-09 17:13:01,194] Trial 420 finished with value: 0.19129941632696212 and parameters: {'learning_rate': 0.019595659784957094, 'depth': 10, 'l2_leaf_reg': 0.7438884067593449, 'min_child_samples': 8}. Best is trial 247 with value: 0.1863413750580257.
[I 2025-03-09 17:13:04,442] Trial 421 finished with value: 0.187883716635304 and parameters: {'learning_rate': 0.019335232535629365, 'depth': 11, 'l2_leaf_reg': 0.2676444127592065, 'min_child_samples': 8}. Best is trial 247 with value: 0.1863413750580257.
[I 2025-03-09 17:13:07,300] Trial 422 finished with value: 0.18796329510680407 and parameters: {'learning_rate': 0.019988603722697992, 'depth': 11, 'l2_leaf_reg': 0.6317088373734109, 'min_child_samples': 8}. Best is trial 247 with value: 0.1863413750580257.
[I 2025-03-09 17:13:09,796] Trial 423 finished with value: 0.1930565798833666 and parameters: {'learning_rate': 0.018750403147826274, 'depth': 10, 'l2_leaf_reg': 0.49343986941189855, 'min_child_samples': 8}. Best is trial 247 with value: 0.1863413750580257.
[I 2025-03-09 17:13:12,598] Trial 424 finished with value: 0.1890603753155136 and parameters: {'learning_rate': 0.019469317435642074, 'depth': 11, 'l2_leaf_reg': 0.8970112696141233, 'min_child_samples': 32}. Best is trial 247 with value: 0.1863413750580257.
[I 2025-03-09 17:13:15,522] Trial 425 finished with value: 0.18909523225943375 and parameters: {'learning_rate': 0.0196537674285261, 'depth': 11, 'l2_leaf_reg': 0.36791872142382864, 'min_child_samples': 8}. Best is trial 247 with value: 0.1863413750580257.
[I 2025-03-09 17:13:17,883] Trial 426 finished with value: 0.19326741025702177 and parameters: {'learning_rate': 0.01912775453313122, 'depth': 10, 'l2_leaf_reg': 0.22344002313781638, 'min_child_samples': 8}. Best is trial 247 with value: 0.1863413750580257.
[I 2025-03-09 17:13:35,615] Trial 427 finished with value: 0.23062433342087219 and parameters: {'learning_rate': 0.01998703792185317, 'depth': 15, 'l2_leaf_reg': 0.13365863937818911, 'min_child_samples': 4}. Best is trial 247 with value: 0.1863413750580257.
[I 2025-03-09 17:13:39,438] Trial 428 finished with value: 0.18995374262154466 and parameters: {'learning_rate': 0.019998059287389888, 'depth': 12, 'l2_leaf_reg': 1.3212586850450525, 'min_child_samples': 8}. Best is trial 247 with value: 0.1863413750580257.
[I 2025-03-09 17:13:42,570] Trial 429 finished with value: 0.18999674483711815 and parameters: {'learning_rate': 0.01936201961205828, 'depth': 11, 'l2_leaf_reg': 0.5504794056942077, 'min_child_samples': 8}. Best is trial 247 with value: 0.1863413750580257.
[I 2025-03-09 17:13:45,639] Trial 430 finished with value: 0.18834325119649065 and parameters: {'learning_rate': 0.019585626708322867, 'depth': 11, 'l2_leaf_reg': 0.6887304485056164, 'min_child_samples': 8}. Best is trial 247 with value: 0.1863413750580257.
[I 2025-03-09 17:13:48,739] Trial 431 finished with value: 0.18861616514692303 and parameters: {'learning_rate': 0.01872519062810016, 'depth': 11, 'l2_leaf_reg': 0.4293780348182857, 'min_child_samples': 8}. Best is trial 247 with value: 0.1863413750580257.
[I 2025-03-09 17:13:52,654] Trial 432 finished with value: 0.19161216318141203 and parameters: {'learning_rate': 0.01961922506369921, 'depth': 12, 'l2_leaf_reg': 0.3239873083325171, 'min_child_samples': 8}. Best is trial 247 with value: 0.1863413750580257.
[I 2025-03-09 17:13:55,228] Trial 433 finished with value: 0.190436381618642 and parameters: {'learning_rate': 0.019057647866047835, 'depth': 10, 'l2_leaf_reg': 2.114208749420438, 'min_child_samples': 8}. Best is trial 247 with value: 0.1863413750580257.
[I 2025-03-09 17:13:57,961] Trial 434 finished with value: 0.18897122699988445 and parameters: {'learning_rate': 0.01966588396259441, 'depth': 11, 'l2_leaf_reg': 0.836917474662187, 'min_child_samples': 8}. Best is trial 247 with value: 0.1863413750580257.
[I 2025-03-09 17:14:00,954] Trial 435 finished with value: 0.1866421210416042 and parameters: {'learning_rate': 0.019991748011710497, 'depth': 11, 'l2_leaf_reg': 0.6067256893961491, 'min_child_samples': 4}. Best is trial 247 with value: 0.1863413750580257.
[I 2025-03-09 17:14:03,899] Trial 436 finished with value: 0.18867290237131407 and parameters: {'learning_rate': 0.019240994024960902, 'depth': 11, 'l2_leaf_reg': 0.508119254702075, 'min_child_samples': 4}. Best is trial 247 with value: 0.1863413750580257.
[I 2025-03-09 17:14:06,838] Trial 437 finished with value: 0.18788007775782165 and parameters: {'learning_rate': 0.019607696800199897, 'depth': 11, 'l2_leaf_reg': 0.5658045392051435, 'min_child_samples': 4}. Best is trial 247 with value: 0.1863413750580257.
[I 2025-03-09 17:14:09,186] Trial 438 finished with value: 0.19266201505888914 and parameters: {'learning_rate': 0.018980525632097397, 'depth': 10, 'l2_leaf_reg': 0.4484715988083997, 'min_child_samples': 4}. Best is trial 247 with value: 0.1863413750580257.
[I 2025-03-09 17:14:13,306] Trial 439 finished with value: 0.18994390332909383 and parameters: {'learning_rate': 0.019993395981438913, 'depth': 12, 'l2_leaf_reg': 0.2819560935751355, 'min_child_samples': 4}. Best is trial 247 with value: 0.1863413750580257.
[I 2025-03-09 17:14:16,616] Trial 440 finished with value: 0.18953200799113198 and parameters: {'learning_rate': 0.01934077432203411, 'depth': 11, 'l2_leaf_reg': 0.38406714615186366, 'min_child_samples': 4}. Best is trial 247 with value: 0.1863413750580257.
