[I 2025-03-09 16:02:13,163] Trial 253 finished with value: 0.27921487215576324 and parameters: {'learning_rate': 0.01865887936303656, 'depth': 14, 'l2_leaf_reg': 1.511516136637675, 'min_child_samples': 8}. Best is trial 229 with value: 0.27262694555267564.
[I 2025-03-09 16:02:18,837] Trial 254 finished with value: 0.27425724075086155 and parameters: {'learning_rate': 0.01907947290455156, 'depth': 13, 'l2_leaf_reg': 1.3342492058191526, 'min_child_samples': 8}. Best is trial 229 with value: 0.27262694555267564.
[I 2025-03-09 16:02:22,813] Trial 255 finished with value: 0.27945169993552205 and parameters: {'learning_rate': 0.018095080576526854, 'depth': 12, 'l2_leaf_reg': 1.3237848603921254, 'min_child_samples': 8}. Best is trial 229 with value: 0.27262694555267564.
[I 2025-03-09 16:02:28,614] Trial 256 finished with value: 0.2968033473824741 and parameters: {'learning_rate': 0.00733989952486922, 'depth': 13, 'l2_leaf_reg': 1.1904137731451512, 'min_child_samples': 8}. Best is trial 229 with value: 0.27262694555267564.
[I 2025-03-09 16:02:38,380] Trial 257 finished with value: 0.2803659234170297 and parameters: {'learning_rate': 0.018953297408599388, 'depth': 14, 'l2_leaf_reg': 1.2590028239255215, 'min_child_samples': 8}. Best is trial 229 with value: 0.27262694555267564.
[I 2025-03-09 16:02:43,934] Trial 258 finished with value: 0.27745106537731734 and parameters: {'learning_rate': 0.018540200603165035, 'depth': 13, 'l2_leaf_reg': 1.3660488757016305, 'min_child_samples': 8}. Best is trial 229 with value: 0.27262694555267564.
[I 2025-03-09 16:02:49,805] Trial 259 finished with value: 0.2744610142168077 and parameters: {'learning_rate': 0.01918812224568036, 'depth': 13, 'l2_leaf_reg': 1.4533653183176802, 'min_child_samples': 8}. Best is trial 229 with value: 0.27262694555267564.
[I 2025-03-09 16:02:53,679] Trial 260 finished with value: 0.2784140282594471 and parameters: {'learning_rate': 0.019591896283546215, 'depth': 12, 'l2_leaf_reg': 1.380983652184956, 'min_child_samples': 8}. Best is trial 229 with value: 0.27262694555267564.
[I 2025-03-09 16:02:59,738] Trial 261 finished with value: 0.27692094574699927 and parameters: {'learning_rate': 0.018956672701246412, 'depth': 13, 'l2_leaf_reg': 1.1220564863790485, 'min_child_samples': 8}. Best is trial 229 with value: 0.27262694555267564.
[I 2025-03-09 16:03:05,539] Trial 262 finished with value: 0.2780860124772401 and parameters: {'learning_rate': 0.018172651292341097, 'depth': 13, 'l2_leaf_reg': 1.4808910284481829, 'min_child_samples': 8}. Best is trial 229 with value: 0.27262694555267564.
[I 2025-03-09 16:03:15,395] Trial 263 finished with value: 0.27894617105071223 and parameters: {'learning_rate': 0.01926735176233222, 'depth': 14, 'l2_leaf_reg': 1.3127195894760249, 'min_child_samples': 8}. Best is trial 229 with value: 0.27262694555267564.
[I 2025-03-09 16:03:21,030] Trial 264 finished with value: 0.2759317854811597 and parameters: {'learning_rate': 0.018637654936005055, 'depth': 13, 'l2_leaf_reg': 1.2439876519958173, 'min_child_samples': 8}. Best is trial 229 with value: 0.27262694555267564.
[I 2025-03-09 16:03:24,820] Trial 265 finished with value: 0.2829832144696219 and parameters: {'learning_rate': 0.01961836623277077, 'depth': 12, 'l2_leaf_reg': 1.3884141066473374, 'min_child_samples': 8}. Best is trial 229 with value: 0.27262694555267564.
[I 2025-03-09 16:03:30,786] Trial 266 finished with value: 0.27674832486416645 and parameters: {'learning_rate': 0.01968183082004625, 'depth': 13, 'l2_leaf_reg': 1.322608642315156, 'min_child_samples': 8}. Best is trial 229 with value: 0.27262694555267564.
[I 2025-03-09 16:03:40,511] Trial 267 finished with value: 0.2759355856258798 and parameters: {'learning_rate': 0.019010202474526918, 'depth': 14, 'l2_leaf_reg': 1.48106528125472, 'min_child_samples': 8}. Best is trial 229 with value: 0.27262694555267564.
[I 2025-03-09 16:03:44,233] Trial 268 finished with value: 0.27842530892889916 and parameters: {'learning_rate': 0.01844709274040214, 'depth': 12, 'l2_leaf_reg': 1.4354160062690262, 'min_child_samples': 8}. Best is trial 229 with value: 0.27262694555267564.
[I 2025-03-09 16:03:49,969] Trial 269 finished with value: 0.27756996081141677 and parameters: {'learning_rate': 0.019186073535213156, 'depth': 13, 'l2_leaf_reg': 1.224411023794262, 'min_child_samples': 8}. Best is trial 229 with value: 0.27262694555267564.
[I 2025-03-09 16:03:55,924] Trial 270 finished with value: 0.2748261364504973 and parameters: {'learning_rate': 0.01997823636768553, 'depth': 13, 'l2_leaf_reg': 1.544612162418153, 'min_child_samples': 8}. Best is trial 229 with value: 0.27262694555267564.
[I 2025-03-09 16:04:05,580] Trial 271 finished with value: 0.2782373322702497 and parameters: {'learning_rate': 0.018008868113456807, 'depth': 14, 'l2_leaf_reg': 2.2285924887964317, 'min_child_samples': 8}. Best is trial 229 with value: 0.27262694555267564.
[I 2025-03-09 16:04:11,169] Trial 272 finished with value: 0.27821973665842187 and parameters: {'learning_rate': 0.01876198437404132, 'depth': 13, 'l2_leaf_reg': 1.7458782735726934, 'min_child_samples': 8}. Best is trial 229 with value: 0.27262694555267564.
[I 2025-03-09 16:04:17,405] Trial 273 finished with value: 0.2766048689561344 and parameters: {'learning_rate': 0.019337268975669678, 'depth': 13, 'l2_leaf_reg': 1.335063808840399, 'min_child_samples': 1}. Best is trial 229 with value: 0.27262694555267564.
[I 2025-03-09 16:04:23,360] Trial 274 finished with value: 0.2782508942630225 and parameters: {'learning_rate': 0.019593268130070403, 'depth': 13, 'l2_leaf_reg': 1.2894332529889887, 'min_child_samples': 8}. Best is trial 229 with value: 0.27262694555267564.
[I 2025-03-09 16:04:25,503] Trial 275 finished with value: 0.2928824113133464 and parameters: {'learning_rate': 0.018975871960204872, 'depth': 9, 'l2_leaf_reg': 1.4068229790746805, 'min_child_samples': 8}. Best is trial 229 with value: 0.27262694555267564.
[I 2025-03-09 16:04:29,567] Trial 276 finished with value: 0.27838888475745943 and parameters: {'learning_rate': 0.018524153773999553, 'depth': 12, 'l2_leaf_reg': 1.502572156004678, 'min_child_samples': 8}. Best is trial 229 with value: 0.27262694555267564.
[I 2025-03-09 16:04:35,391] Trial 277 finished with value: 0.2751259148717384 and parameters: {'learning_rate': 0.019328386737719923, 'depth': 13, 'l2_leaf_reg': 1.6697247343816706, 'min_child_samples': 8}. Best is trial 229 with value: 0.27262694555267564.
[I 2025-03-09 16:04:45,148] Trial 278 finished with value: 0.27632293433028066 and parameters: {'learning_rate': 0.019712037093028947, 'depth': 14, 'l2_leaf_reg': 1.3864683664616972, 'min_child_samples': 8}. Best is trial 229 with value: 0.27262694555267564.
[I 2025-03-09 16:04:50,873] Trial 279 finished with value: 0.2739606422067906 and parameters: {'learning_rate': 0.019996029506797235, 'depth': 13, 'l2_leaf_reg': 1.2049621425780186, 'min_child_samples': 8}. Best is trial 229 with value: 0.27262694555267564.
[I 2025-03-09 16:04:54,807] Trial 280 finished with value: 0.2807011753905067 and parameters: {'learning_rate': 0.01966431786720789, 'depth': 12, 'l2_leaf_reg': 1.0651536742229077, 'min_child_samples': 8}. Best is trial 229 with value: 0.27262694555267564.
[I 2025-03-09 16:05:00,843] Trial 281 finished with value: 0.2730557173310937 and parameters: {'learning_rate': 0.01993484130698497, 'depth': 13, 'l2_leaf_reg': 1.2027103809366193, 'min_child_samples': 8}. Best is trial 229 with value: 0.27262694555267564.
[I 2025-03-09 16:05:06,515] Trial 282 finished with value: 0.2736527432778514 and parameters: {'learning_rate': 0.019938666781594623, 'depth': 13, 'l2_leaf_reg': 1.1915079948060368, 'min_child_samples': 8}. Best is trial 229 with value: 0.27262694555267564.
[I 2025-03-09 16:05:12,399] Trial 283 finished with value: 0.2749171211541596 and parameters: {'learning_rate': 0.01991813317600876, 'depth': 13, 'l2_leaf_reg': 1.208118382759617, 'min_child_samples': 8}. Best is trial 229 with value: 0.27262694555267564.
[I 2025-03-09 16:05:22,225] Trial 284 finished with value: 0.2797851373920231 and parameters: {'learning_rate': 0.019953416367987083, 'depth': 14, 'l2_leaf_reg': 1.159537555277217, 'min_child_samples': 8}. Best is trial 229 with value: 0.27262694555267564.
[I 2025-03-09 16:05:28,275] Trial 285 finished with value: 0.2769275493993355 and parameters: {'learning_rate': 0.019628562942048202, 'depth': 13, 'l2_leaf_reg': 1.0806533101303837, 'min_child_samples': 8}. Best is trial 229 with value: 0.27262694555267564.
[I 2025-03-09 16:05:37,884] Trial 286 finished with value: 0.2776562744441207 and parameters: {'learning_rate': 0.01946375135717732, 'depth': 14, 'l2_leaf_reg': 1.1109035285664832, 'min_child_samples': 8}. Best is trial 229 with value: 0.27262694555267564.
[I 2025-03-09 16:05:39,288] Trial 287 finished with value: 0.33930893675296303 and parameters: {'learning_rate': 0.019980117096813473, 'depth': 4, 'l2_leaf_reg': 1.1880791381239937, 'min_child_samples': 8}. Best is trial 229 with value: 0.27262694555267564.
[I 2025-03-09 16:05:43,417] Trial 288 finished with value: 0.2799092394242926 and parameters: {'learning_rate': 0.019377861298666463, 'depth': 12, 'l2_leaf_reg': 1.2504341795973735, 'min_child_samples': 1}. Best is trial 229 with value: 0.27262694555267564.
[I 2025-03-09 16:05:49,186] Trial 289 finished with value: 0.2762582063464122 and parameters: {'learning_rate': 0.01999721036905335, 'depth': 13, 'l2_leaf_reg': 1.2536561345870652, 'min_child_samples': 8}. Best is trial 229 with value: 0.27262694555267564.
[I 2025-03-09 16:05:55,063] Trial 290 finished with value: 0.27561373798443134 and parameters: {'learning_rate': 0.019573546728174795, 'depth': 13, 'l2_leaf_reg': 1.158840412525874, 'min_child_samples': 8}. Best is trial 229 with value: 0.27262694555267564.
[I 2025-03-09 16:05:59,207] Trial 291 finished with value: 0.2768999574095512 and parameters: {'learning_rate': 0.019322071988601978, 'depth': 12, 'l2_leaf_reg': 1.2801462731302327, 'min_child_samples': 8}. Best is trial 229 with value: 0.27262694555267564.
[I 2025-03-09 16:06:05,038] Trial 292 finished with value: 0.2730321181605823 and parameters: {'learning_rate': 0.0199572763213638, 'depth': 13, 'l2_leaf_reg': 1.7748809409375401, 'min_child_samples': 8}. Best is trial 229 with value: 0.27262694555267564.
[I 2025-03-09 16:06:10,651] Trial 293 finished with value: 0.3137730823239709 and parameters: {'learning_rate': 0.005395662808437003, 'depth': 13, 'l2_leaf_reg': 1.7765780372231954, 'min_child_samples': 8}. Best is trial 229 with value: 0.27262694555267564.
[I 2025-03-09 16:06:16,626] Trial 294 finished with value: 0.2762818369821582 and parameters: {'learning_rate': 0.019671805505765083, 'depth': 13, 'l2_leaf_reg': 1.7520066175767097, 'min_child_samples': 8}. Best is trial 229 with value: 0.27262694555267564.
[I 2025-03-09 16:06:22,757] Trial 295 finished with value: 0.2735242820675632 and parameters: {'learning_rate': 0.01998862958201862, 'depth': 13, 'l2_leaf_reg': 1.7964845239058869, 'min_child_samples': 8}. Best is trial 229 with value: 0.27262694555267564.
[I 2025-03-09 16:06:24,486] Trial 296 finished with value: 0.2972824722873063 and parameters: {'learning_rate': 0.01995838004375386, 'depth': 8, 'l2_leaf_reg': 1.7193588426330213, 'min_child_samples': 8}. Best is trial 229 with value: 0.27262694555267564.
[I 2025-03-09 16:06:34,394] Trial 297 finished with value: 0.2795763736897753 and parameters: {'learning_rate': 0.019965219193120474, 'depth': 14, 'l2_leaf_reg': 1.7961008716994225, 'min_child_samples': 8}. Best is trial 229 with value: 0.27262694555267564.
[I 2025-03-09 16:06:38,326] Trial 298 finished with value: 0.2808276330829925 and parameters: {'learning_rate': 0.01999397180690016, 'depth': 12, 'l2_leaf_reg': 1.845158657378051, 'min_child_samples': 8}. Best is trial 229 with value: 0.27262694555267564.
[I 2025-03-09 16:06:44,397] Trial 299 finished with value: 0.27728249003751476 and parameters: {'learning_rate': 0.019473432319858524, 'depth': 13, 'l2_leaf_reg': 1.6604755686397208, 'min_child_samples': 8}. Best is trial 229 with value: 0.27262694555267564.
[I 2025-03-09 16:06:50,277] Trial 300 finished with value: 0.27637132032871775 and parameters: {'learning_rate': 0.019625480231498935, 'depth': 13, 'l2_leaf_reg': 2.6292888686707814, 'min_child_samples': 8}. Best is trial 229 with value: 0.27262694555267564.
[I 2025-03-09 16:06:56,265] Trial 301 finished with value: 0.27647449234814925 and parameters: {'learning_rate': 0.019309503739971357, 'depth': 13, 'l2_leaf_reg': 1.940103449164554, 'min_child_samples': 8}. Best is trial 229 with value: 0.27262694555267564.
[I 2025-03-09 16:07:00,303] Trial 302 finished with value: 0.28115776859138464 and parameters: {'learning_rate': 0.019989928464860817, 'depth': 12, 'l2_leaf_reg': 1.7630957421054223, 'min_child_samples': 8}. Best is trial 229 with value: 0.27262694555267564.
[I 2025-03-09 16:07:10,006] Trial 303 finished with value: 0.34157422525522874 and parameters: {'learning_rate': 0.0038807869671529356, 'depth': 14, 'l2_leaf_reg': 1.0019744673075217, 'min_child_samples': 8}. Best is trial 229 with value: 0.27262694555267564.
[I 2025-03-09 16:07:15,924] Trial 304 finished with value: 0.2742542562177844 and parameters: {'learning_rate': 0.019596767362074007, 'depth': 13, 'l2_leaf_reg': 1.8212307814146107, 'min_child_samples': 8}. Best is trial 229 with value: 0.27262694555267564.
[I 2025-03-09 16:07:25,524] Trial 305 finished with value: 0.2803759204003223 and parameters: {'learning_rate': 0.019069704029686836, 'depth': 14, 'l2_leaf_reg': 1.8910061418668722, 'min_child_samples': 8}. Best is trial 229 with value: 0.27262694555267564.
[I 2025-03-09 16:07:31,142] Trial 306 finished with value: 0.2760607976352069 and parameters: {'learning_rate': 0.019617244889256504, 'depth': 13, 'l2_leaf_reg': 1.7240269463148157, 'min_child_samples': 8}. Best is trial 229 with value: 0.27262694555267564.
[I 2025-03-09 16:07:37,079] Trial 307 finished with value: 0.27728231867984265 and parameters: {'learning_rate': 0.019273647432316514, 'depth': 13, 'l2_leaf_reg': 1.6179104716195598, 'min_child_samples': 8}. Best is trial 229 with value: 0.27262694555267564.
[I 2025-03-09 16:07:39,473] Trial 308 finished with value: 0.28996654834021696 and parameters: {'learning_rate': 0.01999204164039465, 'depth': 10, 'l2_leaf_reg': 1.9626280135214336, 'min_child_samples': 8}. Best is trial 229 with value: 0.27262694555267564.
[I 2025-03-09 16:07:45,282] Trial 309 finished with value: 0.2763313920402857 and parameters: {'learning_rate': 0.019568148577719123, 'depth': 13, 'l2_leaf_reg': 1.1972968789598806, 'min_child_samples': 8}. Best is trial 229 with value: 0.27262694555267564.
[I 2025-03-09 16:07:49,258] Trial 310 finished with value: 0.28219573295566125 and parameters: {'learning_rate': 0.01913400576246446, 'depth': 12, 'l2_leaf_reg': 1.678862099739391, 'min_child_samples': 8}. Best is trial 229 with value: 0.27262694555267564.
[I 2025-03-09 16:07:59,101] Trial 311 finished with value: 0.29131247595729687 and parameters: {'learning_rate': 0.008941492840281118, 'depth': 14, 'l2_leaf_reg': 1.79918292583484, 'min_child_samples': 1}. Best is trial 229 with value: 0.27262694555267564.
[I 2025-03-09 16:08:04,756] Trial 312 finished with value: 0.2774316202555974 and parameters: {'learning_rate': 0.019668359936267157, 'depth': 13, 'l2_leaf_reg': 1.502247467323363, 'min_child_samples': 8}. Best is trial 229 with value: 0.27262694555267564.
[I 2025-03-09 16:08:14,459] Trial 313 finished with value: 0.276864198549051 and parameters: {'learning_rate': 0.018969769927712918, 'depth': 14, 'l2_leaf_reg': 1.5518311224039019, 'min_child_samples': 8}. Best is trial 229 with value: 0.27262694555267564.
[I 2025-03-09 16:08:20,171] Trial 314 finished with value: 0.2762356597572258 and parameters: {'learning_rate': 0.01934117317561983, 'depth': 13, 'l2_leaf_reg': 2.0873600159088315, 'min_child_samples': 8}. Best is trial 229 with value: 0.27262694555267564.
[I 2025-03-09 16:08:25,932] Trial 315 finished with value: 0.27287329755772466 and parameters: {'learning_rate': 0.01998504032313173, 'depth': 13, 'l2_leaf_reg': 1.6315305553494632, 'min_child_samples': 8}. Best is trial 229 with value: 0.27262694555267564.
[I 2025-03-09 16:08:30,030] Trial 316 finished with value: 0.2784857334362331 and parameters: {'learning_rate': 0.019984310132672514, 'depth': 12, 'l2_leaf_reg': 1.6346678767031018, 'min_child_samples': 8}. Best is trial 229 with value: 0.27262694555267564.
[I 2025-03-09 16:08:31,743] Trial 317 finished with value: 0.30444870160520326 and parameters: {'learning_rate': 0.019495366879925296, 'depth': 7, 'l2_leaf_reg': 1.7023639380682323, 'min_child_samples': 8}. Best is trial 229 with value: 0.27262694555267564.
[I 2025-03-09 16:08:37,606] Trial 318 finished with value: 0.27553638106856165 and parameters: {'learning_rate': 0.01964551194762614, 'depth': 13, 'l2_leaf_reg': 1.7614963019891776, 'min_child_samples': 8}. Best is trial 229 with value: 0.27262694555267564.
[I 2025-03-09 16:08:41,425] Trial 319 finished with value: 0.2813041514473093 and parameters: {'learning_rate': 0.019985442004991166, 'depth': 12, 'l2_leaf_reg': 1.1143640306191847, 'min_child_samples': 8}. Best is trial 229 with value: 0.27262694555267564.
[I 2025-03-09 16:08:47,372] Trial 320 finished with value: 0.2759974565927503 and parameters: {'learning_rate': 0.019258391922929732, 'depth': 13, 'l2_leaf_reg': 1.8714870153176675, 'min_child_samples': 8}. Best is trial 229 with value: 0.27262694555267564.
[I 2025-03-09 16:08:53,200] Trial 321 finished with value: 0.27724481408339346 and parameters: {'learning_rate': 0.01962530316484597, 'depth': 13, 'l2_leaf_reg': 1.6011342657371253, 'min_child_samples': 16}. Best is trial 229 with value: 0.27262694555267564.
[I 2025-03-09 16:08:59,275] Trial 322 finished with value: 0.41518215610963566 and parameters: {'learning_rate': 0.001631148757615046, 'depth': 13, 'l2_leaf_reg': 2.8825203930887335, 'min_child_samples': 8}. Best is trial 229 with value: 0.27262694555267564.
[I 2025-03-09 16:09:09,170] Trial 323 finished with value: 0.277152868701805 and parameters: {'learning_rate': 0.019292486789715582, 'depth': 14, 'l2_leaf_reg': 1.223849133088654, 'min_child_samples': 8}. Best is trial 229 with value: 0.27262694555267564.
[I 2025-03-09 16:09:14,875] Trial 324 finished with value: 0.2747201183444328 and parameters: {'learning_rate': 0.019999368916563582, 'depth': 13, 'l2_leaf_reg': 1.710032327279552, 'min_child_samples': 8}. Best is trial 229 with value: 0.27262694555267564.
[I 2025-03-09 16:09:20,847] Trial 325 finished with value: 0.2779152074737568 and parameters: {'learning_rate': 0.01963899682770711, 'depth': 13, 'l2_leaf_reg': 1.834343833575787, 'min_child_samples': 16}. Best is trial 229 with value: 0.27262694555267564.
[I 2025-03-09 16:09:24,684] Trial 326 finished with value: 0.2800106433964503 and parameters: {'learning_rate': 0.01885394084644104, 'depth': 12, 'l2_leaf_reg': 1.6574340471081042, 'min_child_samples': 8}. Best is trial 229 with value: 0.27262694555267564.
[I 2025-03-09 16:09:30,639] Trial 327 finished with value: 0.27446949444626423 and parameters: {'learning_rate': 0.019288958334120327, 'depth': 13, 'l2_leaf_reg': 1.9579989566160743, 'min_child_samples': 8}. Best is trial 229 with value: 0.27262694555267564.
[I 2025-03-09 16:09:40,256] Trial 328 finished with value: 0.2773795697025382 and parameters: {'learning_rate': 0.019991751215359833, 'depth': 14, 'l2_leaf_reg': 1.2944410011320007, 'min_child_samples': 8}. Best is trial 229 with value: 0.27262694555267564.
[I 2025-03-09 16:09:46,199] Trial 329 finished with value: 0.2746774122189629 and parameters: {'learning_rate': 0.01895382436445617, 'depth': 13, 'l2_leaf_reg': 1.5942047649754965, 'min_child_samples': 1}. Best is trial 229 with value: 0.27262694555267564.
[I 2025-03-09 16:09:50,101] Trial 330 finished with value: 0.27775080426432763 and parameters: {'learning_rate': 0.01956527625478194, 'depth': 12, 'l2_leaf_reg': 1.1796826597152996, 'min_child_samples': 16}. Best is trial 229 with value: 0.27262694555267564.
[I 2025-03-09 16:09:56,185] Trial 331 finished with value: 0.27765958126713347 and parameters: {'learning_rate': 0.01835446963825377, 'depth': 13, 'l2_leaf_reg': 1.8004402451826882, 'min_child_samples': 8}. Best is trial 229 with value: 0.27262694555267564.
[I 2025-03-09 16:10:02,035] Trial 332 finished with value: 0.27447679942574404 and parameters: {'learning_rate': 0.019994396943233926, 'depth': 13, 'l2_leaf_reg': 1.341843928613903, 'min_child_samples': 8}. Best is trial 229 with value: 0.27262694555267564.
[I 2025-03-09 16:10:11,741] Trial 333 finished with value: 0.30377419825383656 and parameters: {'learning_rate': 0.006630781205070494, 'depth': 14, 'l2_leaf_reg': 1.7233888426420714, 'min_child_samples': 8}. Best is trial 229 with value: 0.27262694555267564.
[I 2025-03-09 16:10:17,479] Trial 334 finished with value: 0.27179757584345515 and parameters: {'learning_rate': 0.019217333238925122, 'depth': 13, 'l2_leaf_reg': 1.9304013252134218, 'min_child_samples': 8}. Best is trial 334 with value: 0.27179757584345515.
[I 2025-03-09 16:10:23,365] Trial 335 finished with value: 0.2779998905764277 and parameters: {'learning_rate': 0.018815883706204652, 'depth': 13, 'l2_leaf_reg': 1.2607372805887727, 'min_child_samples': 8}. Best is trial 334 with value: 0.27179757584345515.
[I 2025-03-09 16:10:27,357] Trial 336 finished with value: 0.2764851422501932 and parameters: {'learning_rate': 0.017873760049775093, 'depth': 12, 'l2_leaf_reg': 1.8929191517396933, 'min_child_samples': 8}. Best is trial 334 with value: 0.27179757584345515.
[I 2025-03-09 16:10:35,532] Trial 337 finished with value: 0.27635389514342285 and parameters: {'learning_rate': 0.019288672542591867, 'depth': 13, 'l2_leaf_reg': 2.032875915633753, 'min_child_samples': 8}. Best is trial 334 with value: 0.27179757584345515.
