[I 2025-03-09 17:00:07,984] Trial 186 finished with value: 0.18989326402574883 and parameters: {'learning_rate': 0.019982049550210206, 'depth': 10, 'l2_leaf_reg': 0.10639011038649288, 'min_child_samples': 8}. Best is trial 174 with value: 0.18667901186179775.
[I 2025-03-09 17:00:11,902] Trial 187 finished with value: 0.1924353557571841 and parameters: {'learning_rate': 0.018861099557156556, 'depth': 12, 'l2_leaf_reg': 0.3608525088998782, 'min_child_samples': 8}. Best is trial 174 with value: 0.18667901186179775.
[I 2025-03-09 17:00:14,698] Trial 188 finished with value: 0.19019087923198338 and parameters: {'learning_rate': 0.019380424712260574, 'depth': 11, 'l2_leaf_reg': 0.2501818703257536, 'min_child_samples': 8}. Best is trial 174 with value: 0.18667901186179775.
[I 2025-03-09 17:00:17,305] Trial 189 finished with value: 0.1917776256906973 and parameters: {'learning_rate': 0.01955973333283071, 'depth': 10, 'l2_leaf_reg': 0.25922270912795714, 'min_child_samples': 16}. Best is trial 174 with value: 0.18667901186179775.
[I 2025-03-09 17:00:20,221] Trial 190 finished with value: 0.20199394237366125 and parameters: {'learning_rate': 0.0122573622881364, 'depth': 11, 'l2_leaf_reg': 0.4528489821999714, 'min_child_samples': 8}. Best is trial 174 with value: 0.18667901186179775.
[I 2025-03-09 17:00:23,359] Trial 191 finished with value: 0.1874292978754443 and parameters: {'learning_rate': 0.019971082774177477, 'depth': 11, 'l2_leaf_reg': 0.2972225752593723, 'min_child_samples': 8}. Best is trial 174 with value: 0.18667901186179775.
[I 2025-03-09 17:00:26,414] Trial 192 finished with value: 0.1874399210820465 and parameters: {'learning_rate': 0.01999381271188411, 'depth': 11, 'l2_leaf_reg': 0.31530081685987293, 'min_child_samples': 8}. Best is trial 174 with value: 0.18667901186179775.
[I 2025-03-09 17:00:29,338] Trial 193 finished with value: 0.1875834827828231 and parameters: {'learning_rate': 0.019979945769435424, 'depth': 11, 'l2_leaf_reg': 0.29085280954926784, 'min_child_samples': 8}. Best is trial 174 with value: 0.18667901186179775.
[I 2025-03-09 17:00:32,470] Trial 194 finished with value: 0.18712908829232094 and parameters: {'learning_rate': 0.01997665216142154, 'depth': 11, 'l2_leaf_reg': 0.32531630453346744, 'min_child_samples': 8}. Best is trial 174 with value: 0.18667901186179775.
[I 2025-03-09 17:00:36,463] Trial 195 finished with value: 0.19219356664246862 and parameters: {'learning_rate': 0.01911100980915692, 'depth': 12, 'l2_leaf_reg': 0.36447425351929597, 'min_child_samples': 8}. Best is trial 174 with value: 0.18667901186179775.
[I 2025-03-09 17:00:39,554] Trial 196 finished with value: 0.1875864282389454 and parameters: {'learning_rate': 0.01999505114757453, 'depth': 11, 'l2_leaf_reg': 0.13700757535919733, 'min_child_samples': 8}. Best is trial 174 with value: 0.18667901186179775.
[I 2025-03-09 17:00:42,538] Trial 197 finished with value: 0.18790677206971934 and parameters: {'learning_rate': 0.019541525238503627, 'depth': 11, 'l2_leaf_reg': 0.4133441893094784, 'min_child_samples': 8}. Best is trial 174 with value: 0.18667901186179775.
[I 2025-03-09 17:00:46,629] Trial 198 finished with value: 0.19194252911867027 and parameters: {'learning_rate': 0.01904752544413618, 'depth': 12, 'l2_leaf_reg': 0.3346190756565042, 'min_child_samples': 8}. Best is trial 174 with value: 0.18667901186179775.
[I 2025-03-09 17:00:49,538] Trial 199 finished with value: 0.21267301341182498 and parameters: {'learning_rate': 0.010507861340255782, 'depth': 11, 'l2_leaf_reg': 0.4804337175875898, 'min_child_samples': 8}. Best is trial 174 with value: 0.18667901186179775.
[I 2025-03-09 17:00:52,027] Trial 200 finished with value: 0.19083405351064225 and parameters: {'learning_rate': 0.019656608940766755, 'depth': 10, 'l2_leaf_reg': 0.5666514230952722, 'min_child_samples': 8}. Best is trial 174 with value: 0.18667901186179775.
[I 2025-03-09 17:00:55,154] Trial 201 finished with value: 0.18885984784774745 and parameters: {'learning_rate': 0.019910421191651533, 'depth': 11, 'l2_leaf_reg': 0.3223130648513948, 'min_child_samples': 8}. Best is trial 174 with value: 0.18667901186179775.
[I 2025-03-09 17:00:58,206] Trial 202 finished with value: 0.18857606543109484 and parameters: {'learning_rate': 0.019278779431250326, 'depth': 11, 'l2_leaf_reg': 0.18418385449411, 'min_child_samples': 8}. Best is trial 174 with value: 0.18667901186179775.
[I 2025-03-09 17:01:01,008] Trial 203 finished with value: 0.1877516326984962 and parameters: {'learning_rate': 0.019990551406386576, 'depth': 11, 'l2_leaf_reg': 0.27252533019402947, 'min_child_samples': 8}. Best is trial 174 with value: 0.18667901186179775.
[I 2025-03-09 17:01:04,010] Trial 204 finished with value: 0.18881783342013997 and parameters: {'learning_rate': 0.019588903890363257, 'depth': 11, 'l2_leaf_reg': 0.2908193657501259, 'min_child_samples': 8}. Best is trial 174 with value: 0.18667901186179775.
[I 2025-03-09 17:01:07,037] Trial 205 finished with value: 0.18905249370187865 and parameters: {'learning_rate': 0.019286946414183246, 'depth': 11, 'l2_leaf_reg': 0.4071614671199814, 'min_child_samples': 8}. Best is trial 174 with value: 0.18667901186179775.
[I 2025-03-09 17:01:40,860] Trial 206 finished with value: 0.2582869775483562 and parameters: {'learning_rate': 0.01965682016996445, 'depth': 16, 'l2_leaf_reg': 0.5057664098071291, 'min_child_samples': 8}. Best is trial 174 with value: 0.18667901186179775.
[I 2025-03-09 17:01:43,013] Trial 207 finished with value: 0.19124230550041282 and parameters: {'learning_rate': 0.019974063154314815, 'depth': 10, 'l2_leaf_reg': 0.6662267504119246, 'min_child_samples': 32}. Best is trial 174 with value: 0.18667901186179775.
[I 2025-03-09 17:01:47,071] Trial 208 finished with value: 0.19148473471300348 and parameters: {'learning_rate': 0.018751843055165536, 'depth': 12, 'l2_leaf_reg': 0.3782210412293049, 'min_child_samples': 8}. Best is trial 174 with value: 0.18667901186179775.
[I 2025-03-09 17:01:50,041] Trial 209 finished with value: 0.18917555028102212 and parameters: {'learning_rate': 0.019154678428343765, 'depth': 11, 'l2_leaf_reg': 0.5572163743655317, 'min_child_samples': 8}. Best is trial 174 with value: 0.18667901186179775.
[I 2025-03-09 17:01:53,151] Trial 210 finished with value: 0.18812974508071825 and parameters: {'learning_rate': 0.01960259220018361, 'depth': 11, 'l2_leaf_reg': 0.4555536994837863, 'min_child_samples': 8}. Best is trial 174 with value: 0.18667901186179775.
[I 2025-03-09 17:01:56,076] Trial 211 finished with value: 0.18705489755676288 and parameters: {'learning_rate': 0.01996644617381145, 'depth': 11, 'l2_leaf_reg': 0.12285755894758511, 'min_child_samples': 8}. Best is trial 174 with value: 0.18667901186179775.
[I 2025-03-09 17:01:59,163] Trial 212 finished with value: 0.18776467009978903 and parameters: {'learning_rate': 0.019985948632078438, 'depth': 11, 'l2_leaf_reg': 0.21913069579413613, 'min_child_samples': 8}. Best is trial 174 with value: 0.18667901186179775.
[I 2025-03-09 17:02:02,243] Trial 213 finished with value: 0.187428353753074 and parameters: {'learning_rate': 0.01998645282270696, 'depth': 11, 'l2_leaf_reg': 0.28836502786972806, 'min_child_samples': 8}. Best is trial 174 with value: 0.18667901186179775.
[I 2025-03-09 17:02:04,990] Trial 214 finished with value: 0.1883471585034241 and parameters: {'learning_rate': 0.019503157629243133, 'depth': 11, 'l2_leaf_reg': 0.1616906663430615, 'min_child_samples': 8}. Best is trial 174 with value: 0.18667901186179775.
[I 2025-03-09 17:02:07,469] Trial 215 finished with value: 0.1925080744999367 and parameters: {'learning_rate': 0.019259929131978742, 'depth': 10, 'l2_leaf_reg': 0.05909423180549504, 'min_child_samples': 8}. Best is trial 174 with value: 0.18667901186179775.
[I 2025-03-09 17:02:11,485] Trial 216 finished with value: 0.19005514595272185 and parameters: {'learning_rate': 0.019996427487520035, 'depth': 12, 'l2_leaf_reg': 0.6544958329508599, 'min_child_samples': 8}. Best is trial 174 with value: 0.18667901186179775.
[I 2025-03-09 17:02:14,476] Trial 217 finished with value: 0.1881654664512656 and parameters: {'learning_rate': 0.01892590599316627, 'depth': 11, 'l2_leaf_reg': 0.6084388705314209, 'min_child_samples': 8}. Best is trial 174 with value: 0.18667901186179775.
[I 2025-03-09 17:02:17,745] Trial 218 finished with value: 0.18733092846799046 and parameters: {'learning_rate': 0.019529918453261578, 'depth': 11, 'l2_leaf_reg': 0.3402390271910931, 'min_child_samples': 1}. Best is trial 174 with value: 0.18667901186179775.
[I 2025-03-09 17:02:21,765] Trial 219 finished with value: 0.19139077199775445 and parameters: {'learning_rate': 0.01952199809722429, 'depth': 12, 'l2_leaf_reg': 0.35669405527849474, 'min_child_samples': 1}. Best is trial 174 with value: 0.18667901186179775.
[I 2025-03-09 17:02:24,714] Trial 220 finished with value: 0.18912284283008515 and parameters: {'learning_rate': 0.019001539279564335, 'depth': 11, 'l2_leaf_reg': 0.12169148545688263, 'min_child_samples': 1}. Best is trial 174 with value: 0.18667901186179775.
[I 2025-03-09 17:02:27,542] Trial 221 finished with value: 0.18788532083289594 and parameters: {'learning_rate': 0.019594495339686966, 'depth': 11, 'l2_leaf_reg': 0.2989715727613333, 'min_child_samples': 1}. Best is trial 174 with value: 0.18667901186179775.
[I 2025-03-09 17:02:30,637] Trial 222 finished with value: 0.18833989532704026 and parameters: {'learning_rate': 0.019636609201843992, 'depth': 11, 'l2_leaf_reg': 0.4280108970746162, 'min_child_samples': 1}. Best is trial 174 with value: 0.18667901186179775.
[I 2025-03-09 17:02:33,585] Trial 223 finished with value: 0.19020281810861292 and parameters: {'learning_rate': 0.0194058637905533, 'depth': 11, 'l2_leaf_reg': 0.5253021697134101, 'min_child_samples': 8}. Best is trial 174 with value: 0.18667901186179775.
[I 2025-03-09 17:02:36,051] Trial 224 finished with value: 0.18969876378467904 and parameters: {'learning_rate': 0.019986912138192658, 'depth': 10, 'l2_leaf_reg': 0.20044881786905736, 'min_child_samples': 8}. Best is trial 174 with value: 0.18667901186179775.
[I 2025-03-09 17:02:39,141] Trial 225 finished with value: 0.1901223099980209 and parameters: {'learning_rate': 0.019266843475801532, 'depth': 11, 'l2_leaf_reg': 0.5870307675765785, 'min_child_samples': 8}. Best is trial 174 with value: 0.18667901186179775.
[I 2025-03-09 17:02:40,224] Trial 226 finished with value: 0.5453895047515704 and parameters: {'learning_rate': 0.019990151913433143, 'depth': 1, 'l2_leaf_reg': 2.987560723661771, 'min_child_samples': 8}. Best is trial 174 with value: 0.18667901186179775.
[I 2025-03-09 17:02:43,035] Trial 227 finished with value: 0.18847685650071494 and parameters: {'learning_rate': 0.019630155879097378, 'depth': 11, 'l2_leaf_reg': 0.2607439337893976, 'min_child_samples': 8}. Best is trial 174 with value: 0.18667901186179775.
[I 2025-03-09 17:02:46,212] Trial 228 finished with value: 0.18798691491845726 and parameters: {'learning_rate': 0.019195145448975874, 'depth': 11, 'l2_leaf_reg': 0.48509233344543634, 'min_child_samples': 8}. Best is trial 174 with value: 0.18667901186179775.
[I 2025-03-09 17:02:48,531] Trial 229 finished with value: 0.19121388735858447 and parameters: {'learning_rate': 0.01965086463550708, 'depth': 10, 'l2_leaf_reg': 0.6921947687683975, 'min_child_samples': 8}. Best is trial 174 with value: 0.18667901186179775.
[I 2025-03-09 17:02:51,401] Trial 230 finished with value: 0.25643207458861644 and parameters: {'learning_rate': 0.0072536928030600195, 'depth': 11, 'l2_leaf_reg': 0.360490619055287, 'min_child_samples': 16}. Best is trial 174 with value: 0.18667901186179775.
[I 2025-03-09 17:02:54,254] Trial 231 finished with value: 0.18851328995248784 and parameters: {'learning_rate': 0.019949511701309465, 'depth': 11, 'l2_leaf_reg': 0.30396016253437164, 'min_child_samples': 8}. Best is trial 174 with value: 0.18667901186179775.
[I 2025-03-09 17:02:57,363] Trial 232 finished with value: 0.18705823888559048 and parameters: {'learning_rate': 0.019974769630743693, 'depth': 11, 'l2_leaf_reg': 0.2652684494369981, 'min_child_samples': 8}. Best is trial 174 with value: 0.18667901186179775.
[I 2025-03-09 17:03:00,341] Trial 233 finished with value: 0.18832350557347038 and parameters: {'learning_rate': 0.019602644974864383, 'depth': 11, 'l2_leaf_reg': 0.22727027736599748, 'min_child_samples': 8}. Best is trial 174 with value: 0.18667901186179775.
[I 2025-03-09 17:03:03,570] Trial 234 finished with value: 0.1890561979987376 and parameters: {'learning_rate': 0.019353556827837293, 'depth': 11, 'l2_leaf_reg': 0.05910308066030312, 'min_child_samples': 8}. Best is trial 174 with value: 0.18667901186179775.
[I 2025-03-09 17:03:07,672] Trial 235 finished with value: 0.190290907120496 and parameters: {'learning_rate': 0.01963852921300265, 'depth': 12, 'l2_leaf_reg': 0.17637543450243517, 'min_child_samples': 8}. Best is trial 174 with value: 0.18667901186179775.
[I 2025-03-09 17:03:10,695] Trial 236 finished with value: 0.18708265300856217 and parameters: {'learning_rate': 0.019974273950509228, 'depth': 11, 'l2_leaf_reg': 0.4161484612395365, 'min_child_samples': 1}. Best is trial 174 with value: 0.18667901186179775.
[I 2025-03-09 17:03:13,745] Trial 237 finished with value: 0.1891147700844043 and parameters: {'learning_rate': 0.018886641830632173, 'depth': 11, 'l2_leaf_reg': 0.3673733588856517, 'min_child_samples': 1}. Best is trial 174 with value: 0.18667901186179775.
[I 2025-03-09 17:03:16,827] Trial 238 finished with value: 0.18810905537058945 and parameters: {'learning_rate': 0.019211623267721037, 'depth': 11, 'l2_leaf_reg': 0.4014933409179747, 'min_child_samples': 1}. Best is trial 174 with value: 0.18667901186179775.
[I 2025-03-09 17:03:19,271] Trial 239 finished with value: 0.19048966993514935 and parameters: {'learning_rate': 0.019999240917794925, 'depth': 10, 'l2_leaf_reg': 0.3022175128875877, 'min_child_samples': 1}. Best is trial 174 with value: 0.18667901186179775.
[I 2025-03-09 17:03:23,334] Trial 240 finished with value: 0.18935485822813777 and parameters: {'learning_rate': 0.019571702689287145, 'depth': 12, 'l2_leaf_reg': 0.44619103529019805, 'min_child_samples': 1}. Best is trial 174 with value: 0.18667901186179775.
[I 2025-03-09 17:03:26,202] Trial 241 finished with value: 0.18785746388677318 and parameters: {'learning_rate': 0.019680808992922884, 'depth': 11, 'l2_leaf_reg': 0.6132378228325268, 'min_child_samples': 8}. Best is trial 174 with value: 0.18667901186179775.
[I 2025-03-09 17:03:29,197] Trial 242 finished with value: 0.18734280193211225 and parameters: {'learning_rate': 0.019961025021742327, 'depth': 11, 'l2_leaf_reg': 0.5355718683362979, 'min_child_samples': 8}. Best is trial 174 with value: 0.18667901186179775.
[I 2025-03-09 17:03:32,312] Trial 243 finished with value: 0.18866144846238136 and parameters: {'learning_rate': 0.019578133262485135, 'depth': 11, 'l2_leaf_reg': 0.32552869514610494, 'min_child_samples': 32}. Best is trial 174 with value: 0.18667901186179775.
[I 2025-03-09 17:03:35,072] Trial 244 finished with value: 0.1879651238060592 and parameters: {'learning_rate': 0.01922954957806511, 'depth': 11, 'l2_leaf_reg': 0.24731456548145297, 'min_child_samples': 8}. Best is trial 174 with value: 0.18667901186179775.
[I 2025-03-09 17:03:38,107] Trial 245 finished with value: 0.1877448929567079 and parameters: {'learning_rate': 0.019690584601165823, 'depth': 11, 'l2_leaf_reg': 0.6766344348738814, 'min_child_samples': 8}. Best is trial 174 with value: 0.18667901186179775.
[I 2025-03-09 17:03:41,254] Trial 246 finished with value: 0.18860749121594206 and parameters: {'learning_rate': 0.01929750649472064, 'depth': 11, 'l2_leaf_reg': 2.7161777068423456, 'min_child_samples': 8}. Best is trial 174 with value: 0.18667901186179775.
[I 2025-03-09 17:03:44,012] Trial 247 finished with value: 0.1863413750580257 and parameters: {'learning_rate': 0.019959040431335926, 'depth': 11, 'l2_leaf_reg': 0.5000310377961875, 'min_child_samples': 8}. Best is trial 247 with value: 0.1863413750580257.
[I 2025-03-09 17:03:48,070] Trial 248 finished with value: 0.19114249043782755 and parameters: {'learning_rate': 0.019712039136545845, 'depth': 12, 'l2_leaf_reg': 0.5049588713441936, 'min_child_samples': 1}. Best is trial 247 with value: 0.1863413750580257.
[I 2025-03-09 17:03:50,587] Trial 249 finished with value: 0.1912942583607481 and parameters: {'learning_rate': 0.019974388195379993, 'depth': 10, 'l2_leaf_reg': 0.4416328074785001, 'min_child_samples': 8}. Best is trial 247 with value: 0.1863413750580257.
[I 2025-03-09 17:03:53,515] Trial 250 finished with value: 0.18901765171817422 and parameters: {'learning_rate': 0.01883590928741109, 'depth': 11, 'l2_leaf_reg': 0.5546826129951385, 'min_child_samples': 8}. Best is trial 247 with value: 0.1863413750580257.
[I 2025-03-09 17:03:56,327] Trial 251 finished with value: 0.1890252833928076 and parameters: {'learning_rate': 0.019311004156468376, 'depth': 11, 'l2_leaf_reg': 0.4091263126605873, 'min_child_samples': 8}. Best is trial 247 with value: 0.1863413750580257.
[I 2025-03-09 17:03:59,352] Trial 252 finished with value: 0.18739420862254155 and parameters: {'learning_rate': 0.01999813940637261, 'depth': 11, 'l2_leaf_reg': 0.4774013031789513, 'min_child_samples': 8}. Best is trial 247 with value: 0.1863413750580257.
[I 2025-03-09 17:04:03,411] Trial 253 finished with value: 0.1902193981420837 and parameters: {'learning_rate': 0.01962859453634234, 'depth': 12, 'l2_leaf_reg': 2.068631676231498, 'min_child_samples': 8}. Best is trial 247 with value: 0.1863413750580257.
[I 2025-03-09 17:04:21,174] Trial 254 finished with value: 0.23360214140662633 and parameters: {'learning_rate': 0.018891920596835338, 'depth': 15, 'l2_leaf_reg': 0.3786954505209274, 'min_child_samples': 8}. Best is trial 247 with value: 0.1863413750580257.
[I 2025-03-09 17:04:23,933] Trial 255 finished with value: 0.18693047223507137 and parameters: {'learning_rate': 0.019991345330195944, 'depth': 11, 'l2_leaf_reg': 0.49233435097100925, 'min_child_samples': 8}. Best is trial 247 with value: 0.1863413750580257.
[I 2025-03-09 17:04:26,309] Trial 256 finished with value: 0.19153613203188372 and parameters: {'learning_rate': 0.019299856594295717, 'depth': 10, 'l2_leaf_reg': 0.45682452827189735, 'min_child_samples': 8}. Best is trial 247 with value: 0.1863413750580257.
[I 2025-03-09 17:04:29,275] Trial 257 finished with value: 0.18772531731712785 and parameters: {'learning_rate': 0.019630112855762178, 'depth': 11, 'l2_leaf_reg': 0.49093379930093445, 'min_child_samples': 1}. Best is trial 247 with value: 0.1863413750580257.
[I 2025-03-09 17:04:32,602] Trial 258 finished with value: 0.18875376849523667 and parameters: {'learning_rate': 0.01853754700324978, 'depth': 11, 'l2_leaf_reg': 0.5076814894848931, 'min_child_samples': 8}. Best is trial 247 with value: 0.1863413750580257.
[I 2025-03-09 17:04:34,943] Trial 259 finished with value: 0.620128661264198 and parameters: {'learning_rate': 0.001840620628050479, 'depth': 10, 'l2_leaf_reg': 0.5680843722102508, 'min_child_samples': 8}. Best is trial 247 with value: 0.1863413750580257.
[I 2025-03-09 17:04:38,890] Trial 260 finished with value: 0.19028895185330172 and parameters: {'learning_rate': 0.019996864653029415, 'depth': 12, 'l2_leaf_reg': 0.17532228036557426, 'min_child_samples': 8}. Best is trial 247 with value: 0.1863413750580257.
[I 2025-03-09 17:04:41,923] Trial 261 finished with value: 0.1889018283874808 and parameters: {'learning_rate': 0.019094276599098445, 'depth': 11, 'l2_leaf_reg': 0.40461738818953535, 'min_child_samples': 16}. Best is trial 247 with value: 0.1863413750580257.
[I 2025-03-09 17:04:44,846] Trial 262 finished with value: 0.1903173895500063 and parameters: {'learning_rate': 0.019466101286023923, 'depth': 11, 'l2_leaf_reg': 0.2557765736017464, 'min_child_samples': 8}. Best is trial 247 with value: 0.1863413750580257.
[I 2025-03-09 17:04:46,341] Trial 263 finished with value: 0.4030520823490544 and parameters: {'learning_rate': 0.0196000403149824, 'depth': 2, 'l2_leaf_reg': 0.48177361309589317, 'min_child_samples': 8}. Best is trial 247 with value: 0.1863413750580257.
[I 2025-03-09 17:04:49,358] Trial 264 finished with value: 0.1871805275672968 and parameters: {'learning_rate': 0.019114370402530202, 'depth': 11, 'l2_leaf_reg': 0.3422629855228404, 'min_child_samples': 8}. Best is trial 247 with value: 0.1863413750580257.
[I 2025-03-09 17:04:52,469] Trial 265 finished with value: 0.1894548501896406 and parameters: {'learning_rate': 0.018754923803825884, 'depth': 11, 'l2_leaf_reg': 0.5468911712648479, 'min_child_samples': 8}. Best is trial 247 with value: 0.1863413750580257.
[I 2025-03-09 17:04:55,442] Trial 266 finished with value: 0.18756115406721177 and parameters: {'learning_rate': 0.019089402062081484, 'depth': 11, 'l2_leaf_reg': 2.482764030485356, 'min_child_samples': 8}. Best is trial 247 with value: 0.1863413750580257.
[I 2025-03-09 17:04:59,604] Trial 267 finished with value: 0.18998238859440594 and parameters: {'learning_rate': 0.01999543374708215, 'depth': 12, 'l2_leaf_reg': 0.3523035167955034, 'min_child_samples': 32}. Best is trial 247 with value: 0.1863413750580257.
[I 2025-03-09 17:05:01,982] Trial 268 finished with value: 0.19218120542983608 and parameters: {'learning_rate': 0.01928604025721771, 'depth': 10, 'l2_leaf_reg': 0.42937647395288553, 'min_child_samples': 8}. Best is trial 247 with value: 0.1863413750580257.
[I 2025-03-09 17:05:05,143] Trial 269 finished with value: 0.19446716713039522 and parameters: {'learning_rate': 0.01508918140659538, 'depth': 11, 'l2_leaf_reg': 0.5084318024940017, 'min_child_samples': 1}. Best is trial 247 with value: 0.1863413750580257.
[I 2025-03-09 17:05:08,987] Trial 270 finished with value: 0.19053040632260487 and parameters: {'learning_rate': 0.019591575909706158, 'depth': 12, 'l2_leaf_reg': 0.6293335231293001, 'min_child_samples': 8}. Best is trial 247 with value: 0.1863413750580257.
