[I 2025-03-09 16:28:04,630] Trial 6 finished with value: 2.018569277062393 and parameters: {'learning_rate': 0.01277113477472467, 'depth': 5, 'l2_leaf_reg': 2.7487795051379984, 'min_child_samples': 1}. Best is trial 5 with value: 2.008295760931098.
[I 2025-03-09 16:28:05,919] Trial 7 finished with value: 2.1025884809951094 and parameters: {'learning_rate': 0.006518406475644705, 'depth': 1, 'l2_leaf_reg': 0.15941324494187536, 'min_child_samples': 16}. Best is trial 5 with value: 2.008295760931098.
[I 2025-03-09 16:28:07,247] Trial 8 finished with value: 2.107510578931896 and parameters: {'learning_rate': 0.0022707194128104933, 'depth': 2, 'l2_leaf_reg': 0.6664212251413364, 'min_child_samples': 32}. Best is trial 5 with value: 2.008295760931098.
[I 2025-03-09 16:28:08,918] Trial 9 finished with value: 2.011677161261469 and parameters: {'learning_rate': 0.008695497921474312, 'depth': 6, 'l2_leaf_reg': 2.2468517319945223, 'min_child_samples': 1}. Best is trial 5 with value: 2.008295760931098.
[I 2025-03-09 16:28:33,108] Trial 10 finished with value: 2.0339860780150714 and parameters: {'learning_rate': 0.01453664687400379, 'depth': 16, 'l2_leaf_reg': 2.891939809277293, 'min_child_samples': 4}. Best is trial 5 with value: 2.008295760931098.
[I 2025-03-09 16:28:34,418] Trial 11 finished with value: 2.0087865866722137 and parameters: {'learning_rate': 0.013991932079752877, 'depth': 7, 'l2_leaf_reg': 2.1069511201190294, 'min_child_samples': 4}. Best is trial 5 with value: 2.008295760931098.
[I 2025-03-09 16:28:36,270] Trial 12 finished with value: 2.009398884019533 and parameters: {'learning_rate': 0.016722546736004238, 'depth': 9, 'l2_leaf_reg': 2.397812610232013, 'min_child_samples': 4}. Best is trial 5 with value: 2.008295760931098.
[I 2025-03-09 16:28:38,872] Trial 13 finished with value: 2.007010085393738 and parameters: {'learning_rate': 0.012190885314845771, 'depth': 11, 'l2_leaf_reg': 1.8556948788322076, 'min_child_samples': 4}. Best is trial 13 with value: 2.007010085393738.
[I 2025-03-09 16:28:42,526] Trial 14 finished with value: 2.0138226058534427 and parameters: {'learning_rate': 0.011346885080781301, 'depth': 12, 'l2_leaf_reg': 1.521388364069305, 'min_child_samples': 4}. Best is trial 13 with value: 2.007010085393738.
[I 2025-03-09 16:28:44,893] Trial 15 finished with value: 2.0016088062455477 and parameters: {'learning_rate': 0.017270641272702413, 'depth': 11, 'l2_leaf_reg': 1.5816049662155667, 'min_child_samples': 4}. Best is trial 15 with value: 2.0016088062455477.
[I 2025-03-09 16:28:47,836] Trial 16 finished with value: 2.0070320505141015 and parameters: {'learning_rate': 0.018621613050536785, 'depth': 12, 'l2_leaf_reg': 1.5907760757843752, 'min_child_samples': 4}. Best is trial 15 with value: 2.0016088062455477.
[I 2025-03-09 16:28:59,280] Trial 17 finished with value: 2.0304510617136926 and parameters: {'learning_rate': 0.017139089380017083, 'depth': 15, 'l2_leaf_reg': 1.7205986428260063, 'min_child_samples': 4}. Best is trial 15 with value: 2.0016088062455477.
[I 2025-03-09 16:29:01,481] Trial 18 finished with value: 2.005688680863728 and parameters: {'learning_rate': 0.012204951165515015, 'depth': 10, 'l2_leaf_reg': 1.2622552450349382, 'min_child_samples': 4}. Best is trial 15 with value: 2.0016088062455477.
[I 2025-03-09 16:29:08,683] Trial 19 finished with value: 2.0248156772597095 and parameters: {'learning_rate': 0.016680018190499135, 'depth': 14, 'l2_leaf_reg': 0.46037813225235924, 'min_child_samples': 16}. Best is trial 15 with value: 2.0016088062455477.
[I 2025-03-09 16:29:11,115] Trial 20 finished with value: 2.003045533792398 and parameters: {'learning_rate': 0.010262268529843145, 'depth': 10, 'l2_leaf_reg': 1.282679816462052, 'min_child_samples': 8}. Best is trial 15 with value: 2.0016088062455477.
[I 2025-03-09 16:29:13,415] Trial 21 finished with value: 2.007088723422833 and parameters: {'learning_rate': 0.010200792409942174, 'depth': 10, 'l2_leaf_reg': 1.271152888863769, 'min_child_samples': 8}. Best is trial 15 with value: 2.0016088062455477.
[I 2025-03-09 16:29:15,668] Trial 22 finished with value: 2.0079160419156237 and parameters: {'learning_rate': 0.005935555210392497, 'depth': 9, 'l2_leaf_reg': 1.1734540454368985, 'min_child_samples': 8}. Best is trial 15 with value: 2.0016088062455477.
[I 2025-03-09 16:29:18,503] Trial 23 finished with value: 2.0076525668465357 and parameters: {'learning_rate': 0.010466105515279172, 'depth': 11, 'l2_leaf_reg': 0.756608423635547, 'min_child_samples': 8}. Best is trial 15 with value: 2.0016088062455477.
[I 2025-03-09 16:29:24,639] Trial 24 finished with value: 2.138644342919081 and parameters: {'learning_rate': 0.00047212304372274035, 'depth': 13, 'l2_leaf_reg': 1.4690893865605488, 'min_child_samples': 32}. Best is trial 15 with value: 2.0016088062455477.
[I 2025-03-09 16:29:26,681] Trial 25 finished with value: 2.002376792840294 and parameters: {'learning_rate': 0.015691002940365927, 'depth': 10, 'l2_leaf_reg': 1.3378764903529918, 'min_child_samples': 8}. Best is trial 15 with value: 2.0016088062455477.
[I 2025-03-09 16:29:28,294] Trial 26 finished with value: 2.007392677354367 and parameters: {'learning_rate': 0.015677732520612664, 'depth': 8, 'l2_leaf_reg': 0.8304686782752146, 'min_child_samples': 8}. Best is trial 15 with value: 2.0016088062455477.
[I 2025-03-09 16:29:31,273] Trial 27 finished with value: 2.005573248688215 and parameters: {'learning_rate': 0.018292909298664322, 'depth': 12, 'l2_leaf_reg': 0.4310295636111485, 'min_child_samples': 8}. Best is trial 15 with value: 2.0016088062455477.
[I 2025-03-09 16:29:39,216] Trial 28 finished with value: 2.0218790613959072 and parameters: {'learning_rate': 0.013642250059390642, 'depth': 14, 'l2_leaf_reg': 1.4099225336230112, 'min_child_samples': 8}. Best is trial 15 with value: 2.0016088062455477.
[I 2025-03-09 16:29:40,353] Trial 29 finished with value: 2.005533400869712 and parameters: {'learning_rate': 0.019428015488242995, 'depth': 7, 'l2_leaf_reg': 1.0605436743958923, 'min_child_samples': 32}. Best is trial 15 with value: 2.0016088062455477.
[I 2025-03-09 16:29:42,095] Trial 30 finished with value: 2.0112446325563567 and parameters: {'learning_rate': 0.0174567182676012, 'depth': 9, 'l2_leaf_reg': 1.6876101916831592, 'min_child_samples': 8}. Best is trial 15 with value: 2.0016088062455477.
[I 2025-03-09 16:29:43,387] Trial 31 finished with value: 2.005131242107712 and parameters: {'learning_rate': 0.019942770340393826, 'depth': 7, 'l2_leaf_reg': 1.0375979876200403, 'min_child_samples': 32}. Best is trial 15 with value: 2.0016088062455477.
[I 2025-03-09 16:29:45,852] Trial 32 finished with value: 2.0080974101654605 and parameters: {'learning_rate': 0.015503549399109726, 'depth': 11, 'l2_leaf_reg': 0.9016907220298249, 'min_child_samples': 32}. Best is trial 15 with value: 2.0016088062455477.
[I 2025-03-09 16:29:47,500] Trial 33 finished with value: 2.003536474571088 and parameters: {'learning_rate': 0.01817532446963228, 'depth': 8, 'l2_leaf_reg': 1.4174761153634028, 'min_child_samples': 32}. Best is trial 15 with value: 2.0016088062455477.
[I 2025-03-09 16:29:49,490] Trial 34 finished with value: 2.0075172387524898 and parameters: {'learning_rate': 0.01795012619629352, 'depth': 10, 'l2_leaf_reg': 1.8407209471344739, 'min_child_samples': 32}. Best is trial 15 with value: 2.0016088062455477.
[I 2025-03-09 16:29:51,118] Trial 35 finished with value: 2.0090854966524883 and parameters: {'learning_rate': 0.016333470848325857, 'depth': 8, 'l2_leaf_reg': 1.3683297500940113, 'min_child_samples': 1}. Best is trial 15 with value: 2.0016088062455477.
[I 2025-03-09 16:29:52,638] Trial 36 finished with value: 2.015354652580166 and parameters: {'learning_rate': 0.008939546492298951, 'depth': 6, 'l2_leaf_reg': 2.011923050976036, 'min_child_samples': 8}. Best is trial 15 with value: 2.0016088062455477.
[I 2025-03-09 16:29:58,652] Trial 37 finished with value: 2.010598697755174 and parameters: {'learning_rate': 0.006380829553230788, 'depth': 13, 'l2_leaf_reg': 1.6309315563119124, 'min_child_samples': 16}. Best is trial 15 with value: 2.0016088062455477.
[I 2025-03-09 16:30:01,068] Trial 38 finished with value: 2.0097688116646446 and parameters: {'learning_rate': 0.013338423891477491, 'depth': 11, 'l2_leaf_reg': 1.1381562434442931, 'min_child_samples': 8}. Best is trial 15 with value: 2.0016088062455477.
[I 2025-03-09 16:30:02,359] Trial 39 finished with value: 2.018414054853117 and parameters: {'learning_rate': 0.015230790654468872, 'depth': 5, 'l2_leaf_reg': 1.3504470564139306, 'min_child_samples': 32}. Best is trial 15 with value: 2.0016088062455477.
[I 2025-03-09 16:30:04,444] Trial 40 finished with value: 2.015280889972167 and parameters: {'learning_rate': 0.004628161976023299, 'depth': 9, 'l2_leaf_reg': 1.7508495229442709, 'min_child_samples': 1}. Best is trial 15 with value: 2.0016088062455477.
[I 2025-03-09 16:30:05,972] Trial 41 finished with value: 2.013608962730111 and parameters: {'learning_rate': 0.01937257368302855, 'depth': 6, 'l2_leaf_reg': 1.066311092657894, 'min_child_samples': 32}. Best is trial 15 with value: 2.0016088062455477.
[I 2025-03-09 16:30:07,182] Trial 42 finished with value: 2.021274525381776 and parameters: {'learning_rate': 0.019947397738697033, 'depth': 4, 'l2_leaf_reg': 0.6572153223835107, 'min_child_samples': 32}. Best is trial 15 with value: 2.0016088062455477.
[I 2025-03-09 16:30:08,642] Trial 43 finished with value: 2.011150842878707 and parameters: {'learning_rate': 0.018588450731338937, 'depth': 8, 'l2_leaf_reg': 0.9642158285663837, 'min_child_samples': 32}. Best is trial 15 with value: 2.0016088062455477.
[I 2025-03-09 16:30:10,207] Trial 44 finished with value: 2.012381634661741 and parameters: {'learning_rate': 0.01874722542263252, 'depth': 7, 'l2_leaf_reg': 1.5269109127340397, 'min_child_samples': 32}. Best is trial 15 with value: 2.0016088062455477.
[I 2025-03-09 16:30:12,258] Trial 45 finished with value: 2.0024265000270804 and parameters: {'learning_rate': 0.017566561960034952, 'depth': 10, 'l2_leaf_reg': 0.002732485883323754, 'min_child_samples': 16}. Best is trial 15 with value: 2.0016088062455477.
[I 2025-03-09 16:30:14,452] Trial 46 finished with value: 2.001109072631698 and parameters: {'learning_rate': 0.014433749315336253, 'depth': 10, 'l2_leaf_reg': 0.0023489111613634577, 'min_child_samples': 16}. Best is trial 46 with value: 2.001109072631698.
[I 2025-03-09 16:30:16,393] Trial 47 finished with value: 2.0012048556758595 and parameters: {'learning_rate': 0.014708538185150733, 'depth': 10, 'l2_leaf_reg': 0.037577370776260444, 'min_child_samples': 16}. Best is trial 46 with value: 2.001109072631698.
[I 2025-03-09 16:30:19,498] Trial 48 finished with value: 2.0089472571849667 and parameters: {'learning_rate': 0.015901099351340053, 'depth': 12, 'l2_leaf_reg': 0.06851186890092381, 'min_child_samples': 16}. Best is trial 46 with value: 2.001109072631698.
[I 2025-03-09 16:30:21,937] Trial 49 finished with value: 2.0101879579388435 and parameters: {'learning_rate': 0.014149235693952732, 'depth': 11, 'l2_leaf_reg': 0.2581360313802561, 'min_child_samples': 16}. Best is trial 46 with value: 2.001109072631698.
[I 2025-03-09 16:30:23,683] Trial 50 finished with value: 2.009730453026835 and parameters: {'learning_rate': 0.014651165104802494, 'depth': 9, 'l2_leaf_reg': 0.00649450457844751, 'min_child_samples': 16}. Best is trial 46 with value: 2.001109072631698.
[I 2025-03-09 16:30:25,771] Trial 51 finished with value: 2.0028970791234966 and parameters: {'learning_rate': 0.011352754928476257, 'depth': 10, 'l2_leaf_reg': 0.22002994127170747, 'min_child_samples': 16}. Best is trial 46 with value: 2.001109072631698.
[I 2025-03-09 16:30:28,087] Trial 52 finished with value: 2.004809878418214 and parameters: {'learning_rate': 0.012823159833158937, 'depth': 10, 'l2_leaf_reg': 0.26666026004420884, 'min_child_samples': 16}. Best is trial 46 with value: 2.001109072631698.
[I 2025-03-09 16:30:31,517] Trial 53 finished with value: 2.0108953938226986 and parameters: {'learning_rate': 0.011593021709842435, 'depth': 12, 'l2_leaf_reg': 0.1311816692224857, 'min_child_samples': 16}. Best is trial 46 with value: 2.001109072631698.
[I 2025-03-09 16:30:33,585] Trial 54 finished with value: 2.002620073600439 and parameters: {'learning_rate': 0.017171452659338646, 'depth': 10, 'l2_leaf_reg': 0.43220359923715135, 'min_child_samples': 16}. Best is trial 46 with value: 2.001109072631698.
[I 2025-03-09 16:30:36,042] Trial 55 finished with value: 2.0028775074962506 and parameters: {'learning_rate': 0.017334014081193477, 'depth': 11, 'l2_leaf_reg': 0.4301522111896394, 'min_child_samples': 16}. Best is trial 46 with value: 2.001109072631698.
[I 2025-03-09 16:30:37,626] Trial 56 finished with value: 2.0085469464123973 and parameters: {'learning_rate': 0.01660370885833118, 'depth': 9, 'l2_leaf_reg': 0.5562222406122822, 'min_child_samples': 16}. Best is trial 46 with value: 2.001109072631698.
[I 2025-03-09 16:30:39,734] Trial 57 finished with value: 2.0031661342476035 and parameters: {'learning_rate': 0.014782297342455357, 'depth': 10, 'l2_leaf_reg': 0.013156594986695767, 'min_child_samples': 16}. Best is trial 46 with value: 2.001109072631698.
[I 2025-03-09 16:30:44,767] Trial 58 finished with value: 2.009783630083562 and parameters: {'learning_rate': 0.01613011992755624, 'depth': 13, 'l2_leaf_reg': 0.3840481765145167, 'min_child_samples': 16}. Best is trial 46 with value: 2.001109072631698.
[I 2025-03-09 16:30:47,185] Trial 59 finished with value: 2.001466541076081 and parameters: {'learning_rate': 0.017492975140295873, 'depth': 11, 'l2_leaf_reg': 0.32792265941685156, 'min_child_samples': 4}. Best is trial 46 with value: 2.001109072631698.
[I 2025-03-09 16:30:54,586] Trial 60 finished with value: 2.0223036971579673 and parameters: {'learning_rate': 0.015305648461476749, 'depth': 14, 'l2_leaf_reg': 0.3191603637888547, 'min_child_samples': 4}. Best is trial 46 with value: 2.001109072631698.
[I 2025-03-09 16:30:56,473] Trial 61 finished with value: 2.0015592995391813 and parameters: {'learning_rate': 0.017443080114204233, 'depth': 11, 'l2_leaf_reg': 0.15208247121406337, 'min_child_samples': 4}. Best is trial 46 with value: 2.001109072631698.
[I 2025-03-09 16:30:59,148] Trial 62 finished with value: 2.004122923914543 and parameters: {'learning_rate': 0.017824369159636668, 'depth': 11, 'l2_leaf_reg': 0.14827461517165902, 'min_child_samples': 4}. Best is trial 46 with value: 2.001109072631698.
[I 2025-03-09 16:31:02,010] Trial 63 finished with value: 2.0120536912498674 and parameters: {'learning_rate': 0.018975746235513388, 'depth': 12, 'l2_leaf_reg': 0.11470685256410225, 'min_child_samples': 4}. Best is trial 46 with value: 2.001109072631698.
[I 2025-03-09 16:31:04,662] Trial 64 finished with value: 2.000981740690687 and parameters: {'learning_rate': 0.01697488538446105, 'depth': 11, 'l2_leaf_reg': 0.5814313215973588, 'min_child_samples': 4}. Best is trial 64 with value: 2.000981740690687.
[I 2025-03-09 16:31:09,246] Trial 65 finished with value: 2.0134679406218745 and parameters: {'learning_rate': 0.016692881728037626, 'depth': 13, 'l2_leaf_reg': 0.5186813762855511, 'min_child_samples': 4}. Best is trial 64 with value: 2.000981740690687.
[I 2025-03-09 16:31:11,853] Trial 66 finished with value: 2.00786737090655 and parameters: {'learning_rate': 0.014061047271926726, 'depth': 11, 'l2_leaf_reg': 0.34151546529319254, 'min_child_samples': 4}. Best is trial 64 with value: 2.000981740690687.
[I 2025-03-09 16:31:14,766] Trial 67 finished with value: 2.0112997115224815 and parameters: {'learning_rate': 0.01688230908019177, 'depth': 12, 'l2_leaf_reg': 0.6026577586339047, 'min_child_samples': 4}. Best is trial 64 with value: 2.000981740690687.
[I 2025-03-09 16:31:17,264] Trial 68 finished with value: 2.002928895881168 and parameters: {'learning_rate': 0.013188876782667277, 'depth': 11, 'l2_leaf_reg': 2.6354281900283043, 'min_child_samples': 4}. Best is trial 64 with value: 2.000981740690687.
[I 2025-03-09 16:31:19,265] Trial 69 finished with value: 2.010893026642876 and parameters: {'learning_rate': 0.015803988488101404, 'depth': 9, 'l2_leaf_reg': 0.729353166446041, 'min_child_samples': 4}. Best is trial 64 with value: 2.000981740690687.
[I 2025-03-09 16:31:22,602] Trial 70 finished with value: 2.0113534717608115 and parameters: {'learning_rate': 0.012384647020749158, 'depth': 12, 'l2_leaf_reg': 0.20131709272853762, 'min_child_samples': 4}. Best is trial 64 with value: 2.000981740690687.
[I 2025-03-09 16:31:24,464] Trial 71 finished with value: 2.003129944478594 and parameters: {'learning_rate': 0.017532840224337515, 'depth': 10, 'l2_leaf_reg': 0.014519526191231352, 'min_child_samples': 4}. Best is trial 64 with value: 2.000981740690687.
[I 2025-03-09 16:31:26,435] Trial 72 finished with value: 2.0000467409652036 and parameters: {'learning_rate': 0.018001996570878594, 'depth': 10, 'l2_leaf_reg': 0.28454366731708636, 'min_child_samples': 4}. Best is trial 72 with value: 2.0000467409652036.
[I 2025-03-09 16:31:29,001] Trial 73 finished with value: 2.0071394099509967 and parameters: {'learning_rate': 0.015047156359364561, 'depth': 11, 'l2_leaf_reg': 0.2851094304818456, 'min_child_samples': 4}. Best is trial 72 with value: 2.0000467409652036.
[I 2025-03-09 16:31:30,897] Trial 74 finished with value: 2.0038914994351287 and parameters: {'learning_rate': 0.018072229991208288, 'depth': 9, 'l2_leaf_reg': 0.1765544204096012, 'min_child_samples': 4}. Best is trial 72 with value: 2.0000467409652036.
[I 2025-03-09 16:31:32,112] Trial 75 finished with value: 2.078658518681697 and parameters: {'learning_rate': 0.016284343973395114, 'depth': 1, 'l2_leaf_reg': 0.10578482840133946, 'min_child_samples': 4}. Best is trial 72 with value: 2.0000467409652036.
[I 2025-03-09 16:31:34,540] Trial 76 finished with value: 2.0061072816187844 and parameters: {'learning_rate': 0.01887718889334393, 'depth': 11, 'l2_leaf_reg': 0.5070958797543418, 'min_child_samples': 4}. Best is trial 72 with value: 2.0000467409652036.
[I 2025-03-09 16:31:36,437] Trial 77 finished with value: 2.0072599478245894 and parameters: {'learning_rate': 0.019356812516093717, 'depth': 10, 'l2_leaf_reg': 0.3549023946036909, 'min_child_samples': 1}. Best is trial 72 with value: 2.0000467409652036.
[I 2025-03-09 16:31:39,674] Trial 78 finished with value: 2.006802482598705 and parameters: {'learning_rate': 0.01560523141074351, 'depth': 12, 'l2_leaf_reg': 2.140371571174083, 'min_child_samples': 4}. Best is trial 72 with value: 2.0000467409652036.
[I 2025-03-09 16:31:41,795] Trial 79 finished with value: 2.005340780425671 and parameters: {'learning_rate': 0.014342982420628073, 'depth': 10, 'l2_leaf_reg': 0.22097197720967554, 'min_child_samples': 4}. Best is trial 72 with value: 2.0000467409652036.
[I 2025-03-09 16:31:43,618] Trial 80 finished with value: 2.003640096121757 and parameters: {'learning_rate': 0.016992714414794507, 'depth': 9, 'l2_leaf_reg': 0.8628744026086028, 'min_child_samples': 8}. Best is trial 72 with value: 2.0000467409652036.
[I 2025-03-09 16:31:45,169] Trial 81 finished with value: 2.0110677570830173 and parameters: {'learning_rate': 0.017684150845408506, 'depth': 10, 'l2_leaf_reg': 0.08042845470495433, 'min_child_samples': 16}. Best is trial 72 with value: 2.0000467409652036.
[I 2025-03-09 16:31:47,335] Trial 82 finished with value: 2.009323216689194 and parameters: {'learning_rate': 0.018338002765159036, 'depth': 11, 'l2_leaf_reg': 0.07786196410807503, 'min_child_samples': 4}. Best is trial 72 with value: 2.0000467409652036.
[I 2025-03-09 16:31:48,851] Trial 83 finished with value: 2.010519559828207 and parameters: {'learning_rate': 0.01627294920298614, 'depth': 8, 'l2_leaf_reg': 0.1616604469742491, 'min_child_samples': 1}. Best is trial 72 with value: 2.0000467409652036.
[I 2025-03-09 16:31:50,653] Trial 84 finished with value: 2.0038658223034918 and parameters: {'learning_rate': 0.017522178965675844, 'depth': 10, 'l2_leaf_reg': 0.2926306216597077, 'min_child_samples': 4}. Best is trial 72 with value: 2.0000467409652036.
[I 2025-03-09 16:31:53,110] Trial 85 finished with value: 2.003332217694609 and parameters: {'learning_rate': 0.018116901738288303, 'depth': 11, 'l2_leaf_reg': 0.6002850148503875, 'min_child_samples': 16}. Best is trial 72 with value: 2.0000467409652036.
[I 2025-03-09 16:31:54,937] Trial 86 finished with value: 2.002743858215173 and parameters: {'learning_rate': 0.01368526781541441, 'depth': 9, 'l2_leaf_reg': 1.8123063488243638, 'min_child_samples': 8}. Best is trial 72 with value: 2.0000467409652036.
[I 2025-03-09 16:31:59,447] Trial 87 finished with value: 2.014686026120492 and parameters: {'learning_rate': 0.016917897741381648, 'depth': 13, 'l2_leaf_reg': 1.5760863967686376, 'min_child_samples': 16}. Best is trial 72 with value: 2.0000467409652036.
[I 2025-03-09 16:32:02,084] Trial 88 finished with value: 2.004884573538547 and parameters: {'learning_rate': 0.009283092396829262, 'depth': 10, 'l2_leaf_reg': 1.973042010727239, 'min_child_samples': 4}. Best is trial 72 with value: 2.0000467409652036.
[I 2025-03-09 16:32:04,397] Trial 89 finished with value: 2.0070435189375107 and parameters: {'learning_rate': 0.01910447048410687, 'depth': 11, 'l2_leaf_reg': 0.004887773892399083, 'min_child_samples': 16}. Best is trial 72 with value: 2.0000467409652036.
[I 2025-03-09 16:32:08,415] Trial 90 finished with value: 2.0114291369474575 and parameters: {'learning_rate': 0.007957297051325477, 'depth': 12, 'l2_leaf_reg': 0.23334743098436384, 'min_child_samples': 8}. Best is trial 72 with value: 2.0000467409652036.
[I 2025-03-09 16:32:10,282] Trial 91 finished with value: 2.0077430824941365 and parameters: {'learning_rate': 0.017314821166790936, 'depth': 9, 'l2_leaf_reg': 0.43733276879815935, 'min_child_samples': 16}. Best is trial 72 with value: 2.0000467409652036.
