[I 2025-03-09 17:39:36,925] Trial 450 finished with value: 0.47904519288800046 and parameters: {'learning_rate': 0.019538286348164294, 'depth': 8, 'l2_leaf_reg': 1.0803391145836443, 'min_child_samples': 1}. Best is trial 376 with value: 0.4690500608124332.
[I 2025-03-09 17:39:39,402] Trial 451 finished with value: 0.47538141228472613 and parameters: {'learning_rate': 0.018912728639265422, 'depth': 10, 'l2_leaf_reg': 0.26674388328226306, 'min_child_samples': 1}. Best is trial 376 with value: 0.4690500608124332.
[I 2025-03-09 17:39:42,564] Trial 452 finished with value: 0.4760870795149398 and parameters: {'learning_rate': 0.019632801136408164, 'depth': 11, 'l2_leaf_reg': 0.057201270221403026, 'min_child_samples': 1}. Best is trial 376 with value: 0.4690500608124332.
[I 2025-03-09 17:39:45,004] Trial 453 finished with value: 0.47516033230045107 and parameters: {'learning_rate': 0.019267910485070188, 'depth': 10, 'l2_leaf_reg': 0.18667630505043295, 'min_child_samples': 1}. Best is trial 376 with value: 0.4690500608124332.
[I 2025-03-09 17:39:49,058] Trial 454 finished with value: 0.4754331277451503 and parameters: {'learning_rate': 0.019608667052091102, 'depth': 12, 'l2_leaf_reg': 0.1004215346266956, 'min_child_samples': 8}. Best is trial 376 with value: 0.4690500608124332.
[I 2025-03-09 17:39:51,452] Trial 455 finished with value: 0.471155946087862 and parameters: {'learning_rate': 0.019996215378375048, 'depth': 10, 'l2_leaf_reg': 0.053029447140406596, 'min_child_samples': 1}. Best is trial 376 with value: 0.4690500608124332.
[I 2025-03-09 17:39:53,736] Trial 456 finished with value: 0.4710871472752859 and parameters: {'learning_rate': 0.01999336982433721, 'depth': 10, 'l2_leaf_reg': 1.0191338450050804, 'min_child_samples': 1}. Best is trial 376 with value: 0.4690500608124332.
[I 2025-03-09 17:39:55,862] Trial 457 finished with value: 0.47616339467987046 and parameters: {'learning_rate': 0.01881961572886084, 'depth': 9, 'l2_leaf_reg': 0.5104896687077614, 'min_child_samples': 1}. Best is trial 376 with value: 0.4690500608124332.
[I 2025-03-09 17:40:02,112] Trial 458 finished with value: 0.4919392791854767 and parameters: {'learning_rate': 0.01961053870451221, 'depth': 13, 'l2_leaf_reg': 0.17220288991667101, 'min_child_samples': 1}. Best is trial 376 with value: 0.4690500608124332.
[I 2025-03-09 17:40:04,507] Trial 459 finished with value: 0.4758269740267876 and parameters: {'learning_rate': 0.01793744344247187, 'depth': 10, 'l2_leaf_reg': 0.9132631150226169, 'min_child_samples': 1}. Best is trial 376 with value: 0.4690500608124332.
[I 2025-03-09 17:40:07,169] Trial 460 finished with value: 0.47464659979187784 and parameters: {'learning_rate': 0.019219914104417795, 'depth': 10, 'l2_leaf_reg': 0.23979238188758237, 'min_child_samples': 1}. Best is trial 376 with value: 0.4690500608124332.
[I 2025-03-09 17:40:10,317] Trial 461 finished with value: 0.4745922334439732 and parameters: {'learning_rate': 0.01998393632483353, 'depth': 11, 'l2_leaf_reg': 1.262956908156539, 'min_child_samples': 1}. Best is trial 376 with value: 0.4690500608124332.
[I 2025-03-09 17:40:12,781] Trial 462 finished with value: 0.4727974567805069 and parameters: {'learning_rate': 0.019598763501384127, 'depth': 10, 'l2_leaf_reg': 1.613259575706014, 'min_child_samples': 1}. Best is trial 376 with value: 0.4690500608124332.
[I 2025-03-09 17:40:14,782] Trial 463 finished with value: 0.477102335595477 and parameters: {'learning_rate': 0.01920449948900646, 'depth': 9, 'l2_leaf_reg': 0.13842911272999167, 'min_child_samples': 1}. Best is trial 376 with value: 0.4690500608124332.
[I 2025-03-09 17:40:17,237] Trial 464 finished with value: 0.4722113670172986 and parameters: {'learning_rate': 0.019636538500799435, 'depth': 10, 'l2_leaf_reg': 1.181805818411561, 'min_child_samples': 1}. Best is trial 376 with value: 0.4690500608124332.
[I 2025-03-09 17:40:19,747] Trial 465 finished with value: 0.47595146251354264 and parameters: {'learning_rate': 0.01880347876288155, 'depth': 10, 'l2_leaf_reg': 0.8256556944674823, 'min_child_samples': 1}. Best is trial 376 with value: 0.4690500608124332.
[I 2025-03-09 17:40:22,944] Trial 466 finished with value: 0.47626359204806684 and parameters: {'learning_rate': 0.019305179449995713, 'depth': 11, 'l2_leaf_reg': 0.665276279231626, 'min_child_samples': 1}. Best is trial 376 with value: 0.4690500608124332.
[I 2025-03-09 17:40:25,425] Trial 467 finished with value: 0.47415029305889916 and parameters: {'learning_rate': 0.019669545955052273, 'depth': 10, 'l2_leaf_reg': 1.3710286540641317, 'min_child_samples': 1}. Best is trial 376 with value: 0.4690500608124332.
[I 2025-03-09 17:40:27,594] Trial 468 finished with value: 0.47760123704136215 and parameters: {'learning_rate': 0.01966423365061493, 'depth': 9, 'l2_leaf_reg': 0.09009213057704472, 'min_child_samples': 4}. Best is trial 376 with value: 0.4690500608124332.
[I 2025-03-09 17:40:30,009] Trial 469 finished with value: 0.4761698305117366 and parameters: {'learning_rate': 0.01853226962058848, 'depth': 10, 'l2_leaf_reg': 0.17741182794694757, 'min_child_samples': 1}. Best is trial 376 with value: 0.4690500608124332.
[I 2025-03-09 17:40:32,360] Trial 470 finished with value: 0.47155384445321025 and parameters: {'learning_rate': 0.01997479439692588, 'depth': 10, 'l2_leaf_reg': 0.07670954133047178, 'min_child_samples': 1}. Best is trial 376 with value: 0.4690500608124332.
[I 2025-03-09 17:40:34,875] Trial 471 finished with value: 0.4736990073298521 and parameters: {'learning_rate': 0.01999959808929906, 'depth': 10, 'l2_leaf_reg': 0.13465899409482743, 'min_child_samples': 1}. Best is trial 376 with value: 0.4690500608124332.
[I 2025-03-09 17:40:37,672] Trial 472 finished with value: 0.47683927488743144 and parameters: {'learning_rate': 0.019080506140382616, 'depth': 11, 'l2_leaf_reg': 0.3331437233162806, 'min_child_samples': 1}. Best is trial 376 with value: 0.4690500608124332.
[I 2025-03-09 17:40:40,013] Trial 473 finished with value: 0.4751512014109735 and parameters: {'learning_rate': 0.01674685500105554, 'depth': 10, 'l2_leaf_reg': 1.0300871622339205, 'min_child_samples': 8}. Best is trial 376 with value: 0.4690500608124332.
[I 2025-03-09 17:40:42,466] Trial 474 finished with value: 0.4768112658376437 and parameters: {'learning_rate': 0.019339077817487803, 'depth': 10, 'l2_leaf_reg': 0.05554401664256278, 'min_child_samples': 1}. Best is trial 376 with value: 0.4690500608124332.
[I 2025-03-09 17:40:44,466] Trial 475 finished with value: 0.4761604082799078 and parameters: {'learning_rate': 0.01962920020876565, 'depth': 9, 'l2_leaf_reg': 0.22972878084487897, 'min_child_samples': 1}. Best is trial 376 with value: 0.4690500608124332.
[I 2025-03-09 17:40:47,078] Trial 476 finished with value: 0.4755379535201812 and parameters: {'learning_rate': 0.01905642805067268, 'depth': 10, 'l2_leaf_reg': 0.05392328395535445, 'min_child_samples': 1}. Best is trial 376 with value: 0.4690500608124332.
[I 2025-03-09 17:40:50,237] Trial 477 finished with value: 0.4762059071868577 and parameters: {'learning_rate': 0.019609810843751095, 'depth': 11, 'l2_leaf_reg': 0.13946067339617396, 'min_child_samples': 1}. Best is trial 376 with value: 0.4690500608124332.
[I 2025-03-09 17:40:52,380] Trial 478 finished with value: 0.4751904451545921 and parameters: {'learning_rate': 0.019985973337042082, 'depth': 9, 'l2_leaf_reg': 0.10006384926908465, 'min_child_samples': 1}. Best is trial 376 with value: 0.4690500608124332.
[I 2025-03-09 17:40:54,666] Trial 479 finished with value: 0.4748180539524665 and parameters: {'learning_rate': 0.019329953870930925, 'depth': 10, 'l2_leaf_reg': 0.4457850628438244, 'min_child_samples': 1}. Best is trial 376 with value: 0.4690500608124332.
[I 2025-03-09 17:40:57,164] Trial 480 finished with value: 0.4751510493533037 and parameters: {'learning_rate': 0.018924945055079623, 'depth': 10, 'l2_leaf_reg': 0.2970706480722318, 'min_child_samples': 1}. Best is trial 376 with value: 0.4690500608124332.
[I 2025-03-09 17:41:00,119] Trial 481 finished with value: 0.4840242002086994 and parameters: {'learning_rate': 0.014807697023673185, 'depth': 11, 'l2_leaf_reg': 0.20732696495165318, 'min_child_samples': 8}. Best is trial 376 with value: 0.4690500608124332.
[I 2025-03-09 17:41:02,481] Trial 482 finished with value: 0.4728792844554596 and parameters: {'learning_rate': 0.019606737463689575, 'depth': 10, 'l2_leaf_reg': 1.5090647836018038, 'min_child_samples': 1}. Best is trial 376 with value: 0.4690500608124332.
[I 2025-03-09 17:41:04,774] Trial 483 finished with value: 0.4755093643272382 and parameters: {'learning_rate': 0.01928869129775715, 'depth': 9, 'l2_leaf_reg': 0.06410312542447341, 'min_child_samples': 16}. Best is trial 376 with value: 0.4690500608124332.
[I 2025-03-09 17:41:07,053] Trial 484 finished with value: 0.4710954257633895 and parameters: {'learning_rate': 0.019973969306999163, 'depth': 10, 'l2_leaf_reg': 0.002280357570419854, 'min_child_samples': 1}. Best is trial 376 with value: 0.4690500608124332.
[I 2025-03-09 17:41:09,570] Trial 485 finished with value: 0.4774163520277649 and parameters: {'learning_rate': 0.018338063967119775, 'depth': 10, 'l2_leaf_reg': 0.12025124245424114, 'min_child_samples': 1}. Best is trial 376 with value: 0.4690500608124332.
[I 2025-03-09 17:41:11,970] Trial 486 finished with value: 0.9597821899425147 and parameters: {'learning_rate': 0.002514476404132624, 'depth': 10, 'l2_leaf_reg': 0.7260975459878835, 'min_child_samples': 1}. Best is trial 376 with value: 0.4690500608124332.
[I 2025-03-09 17:41:15,072] Trial 487 finished with value: 0.47841195455590085 and parameters: {'learning_rate': 0.019651617720814724, 'depth': 11, 'l2_leaf_reg': 0.05822239332877585, 'min_child_samples': 1}. Best is trial 376 with value: 0.4690500608124332.
[I 2025-03-09 17:41:17,666] Trial 488 finished with value: 0.4693419943541801 and parameters: {'learning_rate': 0.019984760577461968, 'depth': 10, 'l2_leaf_reg': 0.1693402275922422, 'min_child_samples': 1}. Best is trial 376 with value: 0.4690500608124332.
[I 2025-03-09 17:41:19,890] Trial 489 finished with value: 0.47629296237332197 and parameters: {'learning_rate': 0.019978148711352575, 'depth': 9, 'l2_leaf_reg': 0.25669844719171064, 'min_child_samples': 1}. Best is trial 376 with value: 0.4690500608124332.
[I 2025-03-09 17:41:22,886] Trial 490 finished with value: 0.47634252340477906 and parameters: {'learning_rate': 0.019972621124234986, 'depth': 11, 'l2_leaf_reg': 0.18915587194775585, 'min_child_samples': 1}. Best is trial 376 with value: 0.4690500608124332.
[I 2025-03-09 17:41:25,345] Trial 491 finished with value: 0.4713783708700983 and parameters: {'learning_rate': 0.01998850430580217, 'depth': 10, 'l2_leaf_reg': 0.1748756130001894, 'min_child_samples': 1}. Best is trial 376 with value: 0.4690500608124332.
[I 2025-03-09 17:41:27,854] Trial 492 finished with value: 0.47674089863510727 and parameters: {'learning_rate': 0.01927059116726061, 'depth': 10, 'l2_leaf_reg': 0.1367434109868923, 'min_child_samples': 8}. Best is trial 376 with value: 0.4690500608124332.
[I 2025-03-09 17:41:30,179] Trial 493 finished with value: 0.4753841471211317 and parameters: {'learning_rate': 0.018767926403158955, 'depth': 10, 'l2_leaf_reg': 0.39820631892501535, 'min_child_samples': 1}. Best is trial 376 with value: 0.4690500608124332.
[I 2025-03-09 17:41:32,220] Trial 494 finished with value: 0.4774763489168309 and parameters: {'learning_rate': 0.019389913511931537, 'depth': 9, 'l2_leaf_reg': 0.27324943293685866, 'min_child_samples': 1}. Best is trial 376 with value: 0.4690500608124332.
[I 2025-03-09 17:41:35,325] Trial 495 finished with value: 0.4977326758486229 and parameters: {'learning_rate': 0.01154095233648093, 'depth': 11, 'l2_leaf_reg': 0.9530697145049863, 'min_child_samples': 1}. Best is trial 376 with value: 0.4690500608124332.
[I 2025-03-09 17:41:37,893] Trial 496 finished with value: 0.4712147367021336 and parameters: {'learning_rate': 0.019650002357151565, 'depth': 10, 'l2_leaf_reg': 0.0019771676079534464, 'min_child_samples': 1}. Best is trial 376 with value: 0.4690500608124332.
[I 2025-03-09 17:41:40,472] Trial 497 finished with value: 0.4759457825776202 and parameters: {'learning_rate': 0.018989817319720596, 'depth': 10, 'l2_leaf_reg': 0.03892952876029043, 'min_child_samples': 1}. Best is trial 376 with value: 0.4690500608124332.
[I 2025-03-09 17:41:42,765] Trial 498 finished with value: 0.4718240438024002 and parameters: {'learning_rate': 0.019577439343755627, 'depth': 10, 'l2_leaf_reg': 0.006205660896892694, 'min_child_samples': 1}. Best is trial 376 with value: 0.4690500608124332.
[I 2025-03-09 17:41:44,447] Trial 499 finished with value: 0.4908908507891764 and parameters: {'learning_rate': 0.01933719402202861, 'depth': 7, 'l2_leaf_reg': 0.05018896413771971, 'min_child_samples': 1}. Best is trial 376 with value: 0.4690500608124332.
2025-03-09 17:41:44,447 - __main__ - INFO - Best RMSE: 0.4691
2025-03-09 17:41:44,447 - __main__ - INFO - Best parameters: {'learning_rate': 0.019986946433768846, 'depth': 10, 'l2_leaf_reg': 0.05307958771793123, 'min_child_samples': 1}
2025-03-09 17:41:44,447 - __main__ - INFO - Training final models...
2025-03-09 17:41:44,458 - __main__ - INFO - Training models for all target variables
2025-03-09 17:41:44,514 - __main__ - INFO - Training model for c_delta_y
2025-03-09 17:41:46,744 - __main__ - INFO - Training model for c_delta_z
2025-03-09 17:41:54,152 - __main__ - INFO - Training model for c_std_y
2025-03-09 17:41:58,422 - __main__ - INFO - Training model for c_std_z
2025-03-09 17:42:07,098 - __main__ - INFO - Evaluating models...
2025-03-09 17:42:19,645 - __main__ - INFO - c_delta_y - RMSE: 28.5105, R²: 0.0407
2025-03-09 17:42:19,647 - __main__ - INFO - c_delta_z - RMSE: 28.2324, R²: 0.6528
2025-03-09 17:42:19,650 - __main__ - INFO - c_std_y - RMSE: 18.4059, R²: 0.8935
2025-03-09 17:42:19,652 - __main__ - INFO - c_std_z - RMSE: 13.8729, R²: 0.9162
2025-03-09 17:42:31,874 - __main__ - INFO - Saving models...
2025-03-09 17:42:31,916 - __main__ - INFO - Model for c_delta_y saved to ./outputs/models/catboost_c_delta_y.cbm
2025-03-09 17:42:32,278 - __main__ - INFO - Model for c_delta_z saved to ./outputs/models/catboost_c_delta_z.cbm
2025-03-09 17:42:32,363 - __main__ - INFO - Model for c_std_y saved to ./outputs/models/catboost_c_std_y.cbm
2025-03-09 17:42:32,674 - __main__ - INFO - Model for c_std_z saved to ./outputs/models/catboost_c_std_z.cbm
2025-03-09 17:42:32,676 - __main__ - INFO - Target preprocessor saved to ./outputs/models/target_preprocessor.pkl
2025-03-09 17:42:32,676 - __main__ - INFO - Pipeline completed successfully!
(2312849, 11) (2312849, 4)
Split shapes: train: X(1340101, 11), y(1340101, 4), test: X(459344, 11), y(459344, 4), valid: X(366729, 11), y(366729, 4), eval: X(146675, 11), y(146675, 4)
                mse        r2      rmse
c_delta_z  0.084721  0.746793  0.291069
c_delta_y  4.515445  0.116937  2.124958
c_std_z    0.034166  0.965223  0.184840
c_std_y    0.206046  0.928017  0.453923
                  mse        r2       rmse
c_delta_z  797.069249  0.652780  28.232415
c_delta_y  812.845870  0.040653  28.510452
c_std_z    192.458367  0.916215  13.872936
c_std_y    338.776993  0.893500  18.405896
2025-03-09 17:55:45,048 - __main__ - INFO - Loading data...
2025-03-09 17:55:52,312 - __main__ - INFO - Loaded data from /app/nse/ml/output_19_01_2025_2: X shape=(2322432, 10), y shape=(2322432, 4)
2025-03-09 17:55:52,312 - __main__ - INFO - Preprocessing and splitting data...
2025-03-09 17:55:55,904 - __main__ - INFO - Starting hyperparameter optimization...
2025-03-09 17:55:55,904 - __main__ - INFO - Starting c_delta_z optimization...
2025-03-09 17:55:55,905 - __main__ - INFO - Starting hyperparameter optimization for c_delta_z
[I 2025-03-09 17:55:55,905] A new study created in memory with name: catboost-c_delta_z-seed42
Default metric period is 5 because R2 is/are not implemented for GPU
Metric R2 is not implemented on GPU. Will use CPU for metric computation, this could significantly affect learning time
[I 2025-03-09 17:55:58,948] Trial 0 finished with value: 0.2997183631433206 and parameters: {'learning_rate': 0.015820907085781002, 'depth': 8, 'l2_leaf_reg': 1.5876024807828062, 'min_child_samples': 4}. Best is trial 0 with value: 0.2997183631433206.
Default metric period is 5 because R2 is/are not implemented for GPU
Metric R2 is not implemented on GPU. Will use CPU for metric computation, this could significantly affect learning time
[I 2025-03-09 17:56:01,321] Trial 1 finished with value: 0.35768087110744123 and parameters: {'learning_rate': 0.007618082137109328, 'depth': 5, 'l2_leaf_reg': 1.8930739529134133, 'min_child_samples': 8}. Best is trial 0 with value: 0.2997183631433206.
Default metric period is 5 because R2 is/are not implemented for GPU
Metric R2 is not implemented on GPU. Will use CPU for metric computation, this could significantly affect learning time
[I 2025-03-09 17:56:11,895] Trial 2 finished with value: 0.28678669373110904 and parameters: {'learning_rate': 0.010331982018230467, 'depth': 14, 'l2_leaf_reg': 1.2379185365166796, 'min_child_samples': 16}. Best is trial 2 with value: 0.28678669373110904.
Default metric period is 5 because R2 is/are not implemented for GPU
Metric R2 is not implemented on GPU. Will use CPU for metric computation, this could significantly affect learning time
[I 2025-03-09 17:56:13,994] Trial 3 finished with value: 0.3441135357716846 and parameters: {'learning_rate': 0.01689726133834584, 'depth': 4, 'l2_leaf_reg': 0.16749641523751335, 'min_child_samples': 1}. Best is trial 2 with value: 0.28678669373110904.
Default metric period is 5 because R2 is/are not implemented for GPU
Metric R2 is not implemented on GPU. Will use CPU for metric computation, this could significantly affect learning time
[W 2025-03-09 17:56:15,617] Trial 4 failed with parameters: {'learning_rate': 0.003095721849405359, 'depth': 5, 'l2_leaf_reg': 2.5129808183133466, 'min_child_samples': 32} because of the following error: KeyboardInterrupt('').
Traceback (most recent call last):
  File "/usr/local/lib/python3.10/dist-packages/optuna/study/_optimize.py", line 197, in _run_trial
    value_or_values = func(trial)
  File "/app/nse/catboost/catboost_ml.py", line 370, in objective
    regressor.fit(
  File "/usr/local/lib/python3.10/dist-packages/catboost/core.py", line 5873, in fit
    return self._fit(X, y, cat_features, text_features, embedding_features, None, graph, sample_weight, None, None, None, None, baseline,
  File "/usr/local/lib/python3.10/dist-packages/catboost/core.py", line 2410, in _fit
    self._train(
  File "/usr/local/lib/python3.10/dist-packages/catboost/core.py", line 1790, in _train
    self._object._train(train_pool, test_pool, params, allow_clear_pool, init_model._object if init_model else None)
  File "_catboost.pyx", line 5017, in _catboost._CatBoost._train
  File "_catboost.pyx", line 5066, in _catboost._CatBoost._train
KeyboardInterrupt
[W 2025-03-09 17:56:15,644] Trial 4 failed with value None.
(2312849, 11) (2312849, 4)
Split shapes: train: X(1340101, 11), y(1340101, 4), test: X(459344, 11), y(459344, 4), valid: X(366729, 11), y(366729, 4), eval: X(146675, 11), y(146675, 4)
Traceback (most recent call last):
  File "/app/nse/catboost/catboost_ml.py", line 628, in <module>
    main()
  File "/app/nse/catboost/catboost_ml.py", line 593, in main
    optimizer.optimize()
  File "/app/nse/catboost/catboost_ml.py", line 387, in optimize
    self.study.optimize(self.objective, n_trials=self.n_trials)
  File "/usr/local/lib/python3.10/dist-packages/optuna/study/study.py", line 475, in optimize
    _optimize(
  File "/usr/local/lib/python3.10/dist-packages/optuna/study/_optimize.py", line 63, in _optimize
    _optimize_sequential(
  File "/usr/local/lib/python3.10/dist-packages/optuna/study/_optimize.py", line 160, in _optimize_sequential
    frozen_trial = _run_trial(study, func, catch)
  File "/usr/local/lib/python3.10/dist-packages/optuna/study/_optimize.py", line 248, in _run_trial
    raise func_err
  File "/usr/local/lib/python3.10/dist-packages/optuna/study/_optimize.py", line 197, in _run_trial
    value_or_values = func(trial)
  File "/app/nse/catboost/catboost_ml.py", line 370, in objective
    regressor.fit(
  File "/usr/local/lib/python3.10/dist-packages/catboost/core.py", line 5873, in fit
    return self._fit(X, y, cat_features, text_features, embedding_features, None, graph, sample_weight, None, None, None, None, baseline,
  File "/usr/local/lib/python3.10/dist-packages/catboost/core.py", line 2410, in _fit
    self._train(
  File "/usr/local/lib/python3.10/dist-packages/catboost/core.py", line 1790, in _train
    self._object._train(train_pool, test_pool, params, allow_clear_pool, init_model._object if init_model else None)
  File "_catboost.pyx", line 5017, in _catboost._CatBoost._train
  File "_catboost.pyx", line 5066, in _catboost._CatBoost._train
KeyboardInterrupt
