[I 2025-03-09 16:42:04,949] Trial 347 finished with value: 2.010782242571695 and parameters: {'learning_rate': 0.0157982469523038, 'depth': 9, 'l2_leaf_reg': 2.114251466872522, 'min_child_samples': 4}. Best is trial 343 with value: 1.9983458979079192.
[I 2025-03-09 16:42:06,726] Trial 348 finished with value: 2.00419699842757 and parameters: {'learning_rate': 0.014742354629595967, 'depth': 10, 'l2_leaf_reg': 2.503160471934199, 'min_child_samples': 4}. Best is trial 343 with value: 1.9983458979079192.
[I 2025-03-09 16:42:08,777] Trial 349 finished with value: 2.0057930047949184 and parameters: {'learning_rate': 0.015430809303434885, 'depth': 10, 'l2_leaf_reg': 0.016290046957793177, 'min_child_samples': 4}. Best is trial 343 with value: 1.9983458979079192.
[I 2025-03-09 16:42:11,251] Trial 350 finished with value: 2.0060352941402875 and parameters: {'learning_rate': 0.016117432373261034, 'depth': 11, 'l2_leaf_reg': 2.105578641380453, 'min_child_samples': 32}. Best is trial 343 with value: 1.9983458979079192.
[I 2025-03-09 16:42:13,370] Trial 351 finished with value: 2.0061322100919226 and parameters: {'learning_rate': 0.016863084700079804, 'depth': 10, 'l2_leaf_reg': 2.0527312038546723, 'min_child_samples': 4}. Best is trial 343 with value: 1.9983458979079192.
[I 2025-03-09 16:42:15,266] Trial 352 finished with value: 2.004331241789264 and parameters: {'learning_rate': 0.014443838645649482, 'depth': 10, 'l2_leaf_reg': 0.10166680389158068, 'min_child_samples': 4}. Best is trial 343 with value: 1.9983458979079192.
[I 2025-03-09 16:42:18,017] Trial 353 finished with value: 2.0024966977320013 and parameters: {'learning_rate': 0.016399603279990852, 'depth': 11, 'l2_leaf_reg': 0.009127504979582248, 'min_child_samples': 4}. Best is trial 343 with value: 1.9983458979079192.
[I 2025-03-09 16:42:19,617] Trial 354 finished with value: 2.0112725176798913 and parameters: {'learning_rate': 0.01719999430413656, 'depth': 9, 'l2_leaf_reg': 2.0704812652410856, 'min_child_samples': 1}. Best is trial 343 with value: 1.9983458979079192.
[I 2025-03-09 16:42:21,753] Trial 355 finished with value: 2.007534994731246 and parameters: {'learning_rate': 0.015072747524283836, 'depth': 10, 'l2_leaf_reg': 0.12305912490516252, 'min_child_samples': 4}. Best is trial 343 with value: 1.9983458979079192.
[I 2025-03-09 16:42:24,368] Trial 356 finished with value: 2.008864335088076 and parameters: {'learning_rate': 0.015956256076233008, 'depth': 11, 'l2_leaf_reg': 2.341564532818064, 'min_child_samples': 8}. Best is trial 343 with value: 1.9983458979079192.
[I 2025-03-09 16:42:26,490] Trial 357 finished with value: 2.0022629818135864 and parameters: {'learning_rate': 0.016715282344055813, 'depth': 10, 'l2_leaf_reg': 2.1658143971611756, 'min_child_samples': 4}. Best is trial 343 with value: 1.9983458979079192.
[I 2025-03-09 16:42:28,326] Trial 358 finished with value: 2.0067777201599593 and parameters: {'learning_rate': 0.017438226411776364, 'depth': 9, 'l2_leaf_reg': 2.2320468729349114, 'min_child_samples': 4}. Best is trial 343 with value: 1.9983458979079192.
[I 2025-03-09 16:42:30,181] Trial 359 finished with value: 2.003892827144523 and parameters: {'learning_rate': 0.016993997870950964, 'depth': 10, 'l2_leaf_reg': 0.0032764683180263113, 'min_child_samples': 4}. Best is trial 343 with value: 1.9983458979079192.
[I 2025-03-09 16:42:32,452] Trial 360 finished with value: 2.006231959722647 and parameters: {'learning_rate': 0.016399012447689654, 'depth': 11, 'l2_leaf_reg': 1.8565639251875545, 'min_child_samples': 4}. Best is trial 343 with value: 1.9983458979079192.
[I 2025-03-09 16:42:34,336] Trial 361 finished with value: 2.003008269005296 and parameters: {'learning_rate': 0.01566089993790615, 'depth': 10, 'l2_leaf_reg': 0.08419866542794759, 'min_child_samples': 4}. Best is trial 343 with value: 1.9983458979079192.
[I 2025-03-09 16:42:37,528] Trial 362 finished with value: 2.0070255744426087 and parameters: {'learning_rate': 0.017480067272995278, 'depth': 12, 'l2_leaf_reg': 0.1714354339892698, 'min_child_samples': 1}. Best is trial 343 with value: 1.9983458979079192.
[I 2025-03-09 16:42:39,854] Trial 363 finished with value: 2.008218830614774 and parameters: {'learning_rate': 0.012763058704472535, 'depth': 11, 'l2_leaf_reg': 0.15351300681124674, 'min_child_samples': 4}. Best is trial 343 with value: 1.9983458979079192.
[I 2025-03-09 16:42:42,006] Trial 364 finished with value: 2.0011240431049377 and parameters: {'learning_rate': 0.01626093348075892, 'depth': 10, 'l2_leaf_reg': 0.5055210047222208, 'min_child_samples': 16}. Best is trial 343 with value: 1.9983458979079192.
[I 2025-03-09 16:42:43,215] Trial 365 finished with value: 2.0791348992830927 and parameters: {'learning_rate': 0.016085108416257, 'depth': 1, 'l2_leaf_reg': 0.620464095471661, 'min_child_samples': 16}. Best is trial 343 with value: 1.9983458979079192.
[I 2025-03-09 16:42:45,343] Trial 366 finished with value: 2.0024584888001264 and parameters: {'learning_rate': 0.015264053698438177, 'depth': 10, 'l2_leaf_reg': 0.4739047432767622, 'min_child_samples': 16}. Best is trial 343 with value: 1.9983458979079192.
[I 2025-03-09 16:42:47,185] Trial 367 finished with value: 2.0047604452886247 and parameters: {'learning_rate': 0.016366656474726064, 'depth': 10, 'l2_leaf_reg': 1.9928852543200033, 'min_child_samples': 16}. Best is trial 343 with value: 1.9983458979079192.
[I 2025-03-09 16:42:48,750] Trial 368 finished with value: 2.0093197568502457 and parameters: {'learning_rate': 0.015760393226029793, 'depth': 9, 'l2_leaf_reg': 0.6370184981207612, 'min_child_samples': 16}. Best is trial 343 with value: 1.9983458979079192.
[I 2025-03-09 16:42:50,994] Trial 369 finished with value: 2.005762904809986 and parameters: {'learning_rate': 0.01667114186481138, 'depth': 11, 'l2_leaf_reg': 0.5632005142142341, 'min_child_samples': 16}. Best is trial 343 with value: 1.9983458979079192.
[I 2025-03-09 16:42:52,228] Trial 370 finished with value: 2.030210692699122 and parameters: {'learning_rate': 0.01617809196469014, 'depth': 3, 'l2_leaf_reg': 0.5181689068711988, 'min_child_samples': 16}. Best is trial 343 with value: 1.9983458979079192.
[I 2025-03-09 16:42:54,047] Trial 371 finished with value: 2.00368536200763 and parameters: {'learning_rate': 0.015779108530675646, 'depth': 10, 'l2_leaf_reg': 1.385625308258494, 'min_child_samples': 16}. Best is trial 343 with value: 1.9983458979079192.
[I 2025-03-09 16:43:01,523] Trial 372 finished with value: 2.016865303276194 and parameters: {'learning_rate': 0.016596547901468726, 'depth': 14, 'l2_leaf_reg': 0.05421238195204364, 'min_child_samples': 16}. Best is trial 343 with value: 1.9983458979079192.
[I 2025-03-09 16:43:04,115] Trial 373 finished with value: 2.0059867389732227 and parameters: {'learning_rate': 0.014846544005829186, 'depth': 11, 'l2_leaf_reg': 0.60270228986382, 'min_child_samples': 1}. Best is trial 343 with value: 1.9983458979079192.
[I 2025-03-09 16:43:06,574] Trial 374 finished with value: 2.0061944374219496 and parameters: {'learning_rate': 0.0071369212417524835, 'depth': 10, 'l2_leaf_reg': 0.10776016703613076, 'min_child_samples': 32}. Best is trial 343 with value: 1.9983458979079192.
[I 2025-03-09 16:43:08,506] Trial 375 finished with value: 2.0082154310333546 and parameters: {'learning_rate': 0.01691642432468384, 'depth': 10, 'l2_leaf_reg': 0.40274848464841945, 'min_child_samples': 16}. Best is trial 343 with value: 1.9983458979079192.
[I 2025-03-09 16:43:11,588] Trial 376 finished with value: 2.0161267819169106 and parameters: {'learning_rate': 0.015342516866991712, 'depth': 12, 'l2_leaf_reg': 0.5064451822220926, 'min_child_samples': 4}. Best is trial 343 with value: 1.9983458979079192.
[I 2025-03-09 16:43:13,410] Trial 377 finished with value: 2.0119883091749267 and parameters: {'learning_rate': 0.016200645590095396, 'depth': 9, 'l2_leaf_reg': 0.20152682222246304, 'min_child_samples': 4}. Best is trial 343 with value: 1.9983458979079192.
[I 2025-03-09 16:43:15,720] Trial 378 finished with value: 2.007286244995069 and parameters: {'learning_rate': 0.016962495155694066, 'depth': 11, 'l2_leaf_reg': 0.004178234178911583, 'min_child_samples': 4}. Best is trial 343 with value: 1.9983458979079192.
[I 2025-03-09 16:43:18,362] Trial 379 finished with value: 2.0068064165225006 and parameters: {'learning_rate': 0.01792358897683916, 'depth': 11, 'l2_leaf_reg': 0.08822365264503076, 'min_child_samples': 4}. Best is trial 343 with value: 1.9983458979079192.
[I 2025-03-09 16:43:20,490] Trial 380 finished with value: 2.00368690065492 and parameters: {'learning_rate': 0.015791998173127864, 'depth': 10, 'l2_leaf_reg': 0.1665527702425351, 'min_child_samples': 16}. Best is trial 343 with value: 1.9983458979079192.
[I 2025-03-09 16:43:22,749] Trial 381 finished with value: 2.002746418258574 and parameters: {'learning_rate': 0.01663923485156203, 'depth': 10, 'l2_leaf_reg': 0.06055587298113725, 'min_child_samples': 4}. Best is trial 343 with value: 1.9983458979079192.
[I 2025-03-09 16:43:24,441] Trial 382 finished with value: 2.006733739817695 and parameters: {'learning_rate': 0.017624927795420756, 'depth': 9, 'l2_leaf_reg': 1.2901940154363427, 'min_child_samples': 8}. Best is trial 343 with value: 1.9983458979079192.
[I 2025-03-09 16:43:26,920] Trial 383 finished with value: 2.0085285507867083 and parameters: {'learning_rate': 0.01442022435433172, 'depth': 11, 'l2_leaf_reg': 0.24120503146695793, 'min_child_samples': 1}. Best is trial 343 with value: 1.9983458979079192.
[I 2025-03-09 16:43:28,863] Trial 384 finished with value: 1.9996013684057077 and parameters: {'learning_rate': 0.016278061428023124, 'depth': 10, 'l2_leaf_reg': 0.13984135987255286, 'min_child_samples': 4}. Best is trial 343 with value: 1.9983458979079192.
[I 2025-03-09 16:43:30,889] Trial 385 finished with value: 2.0103246836209854 and parameters: {'learning_rate': 0.01639390401301929, 'depth': 10, 'l2_leaf_reg': 0.15554882778947624, 'min_child_samples': 4}. Best is trial 343 with value: 1.9983458979079192.
[I 2025-03-09 16:43:33,495] Trial 386 finished with value: 2.0077480307875795 and parameters: {'learning_rate': 0.015912982658635888, 'depth': 11, 'l2_leaf_reg': 2.9923447866242254, 'min_child_samples': 16}. Best is trial 343 with value: 1.9983458979079192.
[I 2025-03-09 16:43:35,251] Trial 387 finished with value: 2.0070389993676874 and parameters: {'learning_rate': 0.017141299817601905, 'depth': 10, 'l2_leaf_reg': 0.7219350395801392, 'min_child_samples': 4}. Best is trial 343 with value: 1.9983458979079192.
[I 2025-03-09 16:43:37,302] Trial 388 finished with value: 2.0051550924307384 and parameters: {'learning_rate': 0.01623184987128604, 'depth': 10, 'l2_leaf_reg': 0.29982235953933223, 'min_child_samples': 4}. Best is trial 343 with value: 1.9983458979079192.
[I 2025-03-09 16:43:39,994] Trial 389 finished with value: 2.0013990911554136 and parameters: {'learning_rate': 0.016703027558713602, 'depth': 11, 'l2_leaf_reg': 0.2237095559269384, 'min_child_samples': 4}. Best is trial 343 with value: 1.9983458979079192.
[I 2025-03-09 16:43:41,730] Trial 390 finished with value: 2.005992400210572 and parameters: {'learning_rate': 0.015609643190688544, 'depth': 10, 'l2_leaf_reg': 1.1422230524806711, 'min_child_samples': 4}. Best is trial 343 with value: 1.9983458979079192.
[I 2025-03-09 16:43:43,447] Trial 391 finished with value: 2.0087399291442276 and parameters: {'learning_rate': 0.017274716324396634, 'depth': 9, 'l2_leaf_reg': 0.13646628479498382, 'min_child_samples': 16}. Best is trial 343 with value: 1.9983458979079192.
[I 2025-03-09 16:43:45,389] Trial 392 finished with value: 1.9993899076170498 and parameters: {'learning_rate': 0.016427734000141903, 'depth': 10, 'l2_leaf_reg': 0.4159141127044843, 'min_child_samples': 4}. Best is trial 343 with value: 1.9983458979079192.
[I 2025-03-09 16:43:48,275] Trial 393 finished with value: 2.0104377023190207 and parameters: {'learning_rate': 0.01650284404782422, 'depth': 12, 'l2_leaf_reg': 0.3759476889971491, 'min_child_samples': 4}. Best is trial 343 with value: 1.9983458979079192.
[I 2025-03-09 16:43:50,268] Trial 394 finished with value: 2.008697093557219 and parameters: {'learning_rate': 0.016859537967930056, 'depth': 10, 'l2_leaf_reg': 0.5321295411574735, 'min_child_samples': 4}. Best is trial 343 with value: 1.9983458979079192.
[I 2025-03-09 16:43:52,718] Trial 395 finished with value: 2.0038040275975244 and parameters: {'learning_rate': 0.01622711516409151, 'depth': 11, 'l2_leaf_reg': 0.475673483564491, 'min_child_samples': 4}. Best is trial 343 with value: 1.9983458979079192.
[I 2025-03-09 16:43:55,143] Trial 396 finished with value: 2.0031855174149076 and parameters: {'learning_rate': 0.018205993527832927, 'depth': 11, 'l2_leaf_reg': 0.41741513735178604, 'min_child_samples': 4}. Best is trial 343 with value: 1.9983458979079192.
[I 2025-03-09 16:43:57,018] Trial 397 finished with value: 2.002618814284477 and parameters: {'learning_rate': 0.01717018645481798, 'depth': 10, 'l2_leaf_reg': 0.5708041189298517, 'min_child_samples': 4}. Best is trial 343 with value: 1.9983458979079192.
[I 2025-03-09 16:44:01,545] Trial 398 finished with value: 2.0152294196252267 and parameters: {'learning_rate': 0.01603584118450427, 'depth': 13, 'l2_leaf_reg': 0.3530626670790675, 'min_child_samples': 4}. Best is trial 343 with value: 1.9983458979079192.
[I 2025-03-09 16:44:02,909] Trial 399 finished with value: 2.0102117770621026 and parameters: {'learning_rate': 0.0177275012523652, 'depth': 8, 'l2_leaf_reg': 0.3915437677453807, 'min_child_samples': 4}. Best is trial 343 with value: 1.9983458979079192.
[I 2025-03-09 16:44:04,597] Trial 400 finished with value: 2.001921931543027 and parameters: {'learning_rate': 0.01662723101115297, 'depth': 9, 'l2_leaf_reg': 0.45265195545200876, 'min_child_samples': 1}. Best is trial 343 with value: 1.9983458979079192.
[I 2025-03-09 16:44:06,435] Trial 401 finished with value: 2.0105215526955993 and parameters: {'learning_rate': 0.016926846990431784, 'depth': 10, 'l2_leaf_reg': 0.31859747025179724, 'min_child_samples': 4}. Best is trial 343 with value: 1.9983458979079192.
[I 2025-03-09 16:44:08,522] Trial 402 finished with value: 2.0021950632052747 and parameters: {'learning_rate': 0.016333706829524695, 'depth': 10, 'l2_leaf_reg': 0.2697756684794175, 'min_child_samples': 4}. Best is trial 343 with value: 1.9983458979079192.
[I 2025-03-09 16:44:10,886] Trial 403 finished with value: 2.0009973721131047 and parameters: {'learning_rate': 0.01739579120256507, 'depth': 11, 'l2_leaf_reg': 0.2053752854584754, 'min_child_samples': 4}. Best is trial 343 with value: 1.9983458979079192.
[I 2025-03-09 16:44:13,323] Trial 404 finished with value: 2.0048827878873197 and parameters: {'learning_rate': 0.017514733176431468, 'depth': 11, 'l2_leaf_reg': 0.2689201491659419, 'min_child_samples': 4}. Best is trial 343 with value: 1.9983458979079192.
[I 2025-03-09 16:44:16,234] Trial 405 finished with value: 2.0076484921486935 and parameters: {'learning_rate': 0.01809242107252536, 'depth': 12, 'l2_leaf_reg': 0.33977797093900436, 'min_child_samples': 4}. Best is trial 343 with value: 1.9983458979079192.
[I 2025-03-09 16:44:19,362] Trial 406 finished with value: 2.0088740903522493 and parameters: {'learning_rate': 0.01738500949891256, 'depth': 12, 'l2_leaf_reg': 0.23967035769379358, 'min_child_samples': 4}. Best is trial 343 with value: 1.9983458979079192.
[I 2025-03-09 16:44:21,696] Trial 407 finished with value: 2.0036195654792177 and parameters: {'learning_rate': 0.017817134224100577, 'depth': 11, 'l2_leaf_reg': 0.4680614913836286, 'min_child_samples': 4}. Best is trial 343 with value: 1.9983458979079192.
[I 2025-03-09 16:44:24,406] Trial 408 finished with value: 2.0050506801273484 and parameters: {'learning_rate': 0.011055306935042362, 'depth': 11, 'l2_leaf_reg': 0.19990408850519525, 'min_child_samples': 4}. Best is trial 343 with value: 1.9983458979079192.
[I 2025-03-09 16:44:26,852] Trial 409 finished with value: 2.006993308203712 and parameters: {'learning_rate': 0.018458773582445895, 'depth': 11, 'l2_leaf_reg': 1.935475643076803, 'min_child_samples': 4}. Best is trial 343 with value: 1.9983458979079192.
[I 2025-03-09 16:44:29,154] Trial 410 finished with value: 2.0095235757408862 and parameters: {'learning_rate': 0.017162738964466802, 'depth': 11, 'l2_leaf_reg': 0.42477922400297224, 'min_child_samples': 4}. Best is trial 343 with value: 1.9983458979079192.
[I 2025-03-09 16:44:31,539] Trial 411 finished with value: 2.0055720146174147 and parameters: {'learning_rate': 0.017032664966865653, 'depth': 11, 'l2_leaf_reg': 0.3184373546801405, 'min_child_samples': 4}. Best is trial 343 with value: 1.9983458979079192.
[I 2025-03-09 16:44:34,585] Trial 412 finished with value: 2.011160690360204 and parameters: {'learning_rate': 0.005000193327690343, 'depth': 11, 'l2_leaf_reg': 0.19883368421229786, 'min_child_samples': 32}. Best is trial 343 with value: 1.9983458979079192.
[I 2025-03-09 16:44:37,697] Trial 413 finished with value: 2.010099879039101 and parameters: {'learning_rate': 0.015959914032238863, 'depth': 12, 'l2_leaf_reg': 0.28566202695577736, 'min_child_samples': 4}. Best is trial 343 with value: 1.9983458979079192.
[I 2025-03-09 16:44:39,246] Trial 414 finished with value: 2.0066811157693425 and parameters: {'learning_rate': 0.017499302193622567, 'depth': 9, 'l2_leaf_reg': 0.17796872594728913, 'min_child_samples': 4}. Best is trial 343 with value: 1.9983458979079192.
[I 2025-03-09 16:44:41,426] Trial 415 finished with value: 2.0104310117210145 and parameters: {'learning_rate': 0.00984341200596349, 'depth': 10, 'l2_leaf_reg': 0.21909974851680783, 'min_child_samples': 4}. Best is trial 343 with value: 1.9983458979079192.
[I 2025-03-09 16:44:43,459] Trial 416 finished with value: 2.0017982818824303 and parameters: {'learning_rate': 0.016637238187246346, 'depth': 10, 'l2_leaf_reg': 0.3691933673338055, 'min_child_samples': 4}. Best is trial 343 with value: 1.9983458979079192.
[I 2025-03-09 16:44:45,671] Trial 417 finished with value: 2.007104037438709 and parameters: {'learning_rate': 0.01795770358826321, 'depth': 11, 'l2_leaf_reg': 2.0559508615178004, 'min_child_samples': 4}. Best is trial 343 with value: 1.9983458979079192.
[I 2025-03-09 16:44:48,275] Trial 418 finished with value: 2.008675335798626 and parameters: {'learning_rate': 0.015621500133220764, 'depth': 11, 'l2_leaf_reg': 0.5539046205641511, 'min_child_samples': 4}. Best is trial 343 with value: 1.9983458979079192.
[I 2025-03-09 16:44:50,017] Trial 419 finished with value: 2.0091268375033313 and parameters: {'learning_rate': 0.016146722523191548, 'depth': 10, 'l2_leaf_reg': 2.1804518098876855, 'min_child_samples': 4}. Best is trial 343 with value: 1.9983458979079192.
[I 2025-03-09 16:44:51,244] Trial 420 finished with value: 2.0288497466137057 and parameters: {'learning_rate': 0.01690144362363281, 'depth': 4, 'l2_leaf_reg': 1.7575439362015453, 'min_child_samples': 8}. Best is trial 343 with value: 1.9983458979079192.
[I 2025-03-09 16:44:53,276] Trial 421 finished with value: 2.0013882299886627 and parameters: {'learning_rate': 0.01645562390600531, 'depth': 10, 'l2_leaf_reg': 0.15295029929782814, 'min_child_samples': 4}. Best is trial 343 with value: 1.9983458979079192.
[I 2025-03-09 16:44:55,617] Trial 422 finished with value: 2.0078429382966614 and parameters: {'learning_rate': 0.017419957475639524, 'depth': 11, 'l2_leaf_reg': 0.25697237651567406, 'min_child_samples': 4}. Best is trial 343 with value: 1.9983458979079192.
[I 2025-03-09 16:45:17,104] Trial 423 finished with value: 2.0336686320072412 and parameters: {'learning_rate': 0.018465378536988836, 'depth': 16, 'l2_leaf_reg': 0.12325479792601057, 'min_child_samples': 4}. Best is trial 343 with value: 1.9983458979079192.
[I 2025-03-09 16:45:18,690] Trial 424 finished with value: 2.0054745170011534 and parameters: {'learning_rate': 0.017785657922804874, 'depth': 9, 'l2_leaf_reg': 0.2969391332687594, 'min_child_samples': 4}. Best is trial 343 with value: 1.9983458979079192.
[I 2025-03-09 16:45:20,821] Trial 425 finished with value: 2.0081246506472503 and parameters: {'learning_rate': 0.016966964193926157, 'depth': 10, 'l2_leaf_reg': 0.4967212514705888, 'min_child_samples': 4}. Best is trial 343 with value: 1.9983458979079192.
[I 2025-03-09 16:45:23,282] Trial 426 finished with value: 2.0029313421039983 and parameters: {'learning_rate': 0.015902404939534997, 'depth': 11, 'l2_leaf_reg': 0.1899734182896235, 'min_child_samples': 4}. Best is trial 343 with value: 1.9983458979079192.
[I 2025-03-09 16:45:25,326] Trial 427 finished with value: 2.003721460969684 and parameters: {'learning_rate': 0.015473059439011743, 'depth': 10, 'l2_leaf_reg': 0.12910278794463603, 'min_child_samples': 4}. Best is trial 343 with value: 1.9983458979079192.
[I 2025-03-09 16:45:27,952] Trial 428 finished with value: 2.025087148911438 and parameters: {'learning_rate': 0.0034605668990091076, 'depth': 10, 'l2_leaf_reg': 0.39736760795046855, 'min_child_samples': 4}. Best is trial 343 with value: 1.9983458979079192.
[I 2025-03-09 16:45:30,312] Trial 429 finished with value: 2.0038881915668694 and parameters: {'learning_rate': 0.01641075448989216, 'depth': 11, 'l2_leaf_reg': 0.23675505938369118, 'min_child_samples': 4}. Best is trial 343 with value: 1.9983458979079192.
[I 2025-03-09 16:45:33,739] Trial 430 finished with value: 2.0048267664950536 and parameters: {'learning_rate': 0.01683101149369122, 'depth': 12, 'l2_leaf_reg': 2.2798461784340756, 'min_child_samples': 4}. Best is trial 343 with value: 1.9983458979079192.
[I 2025-03-09 16:45:35,573] Trial 431 finished with value: 2.0103644117258117 and parameters: {'learning_rate': 0.01723419936639088, 'depth': 9, 'l2_leaf_reg': 2.45326263046017, 'min_child_samples': 32}. Best is trial 343 with value: 1.9983458979079192.
