[I 2025-03-09 16:20:12,506] Trial 423 finished with value: 0.27601820168976404 and parameters: {'learning_rate': 0.019663842505910904, 'depth': 13, 'l2_leaf_reg': 1.4205039198346112, 'min_child_samples': 8}. Best is trial 334 with value: 0.27179757584345515.
[I 2025-03-09 16:20:18,286] Trial 424 finished with value: 0.2739108274464472 and parameters: {'learning_rate': 0.01995080669377616, 'depth': 13, 'l2_leaf_reg': 1.5467473577862916, 'min_child_samples': 8}. Best is trial 334 with value: 0.27179757584345515.
[I 2025-03-09 16:20:22,383] Trial 425 finished with value: 0.28205947824242195 and parameters: {'learning_rate': 0.01998051197844679, 'depth': 12, 'l2_leaf_reg': 1.4518870193490763, 'min_child_samples': 8}. Best is trial 334 with value: 0.27179757584345515.
[I 2025-03-09 16:20:28,085] Trial 426 finished with value: 0.27944636984644017 and parameters: {'learning_rate': 0.019471832302180005, 'depth': 13, 'l2_leaf_reg': 1.7506180611384703, 'min_child_samples': 8}. Best is trial 334 with value: 0.27179757584345515.
[I 2025-03-09 16:20:34,042] Trial 427 finished with value: 0.2784388740779721 and parameters: {'learning_rate': 0.019612921217378804, 'depth': 13, 'l2_leaf_reg': 1.3815060192404756, 'min_child_samples': 8}. Best is trial 334 with value: 0.27179757584345515.
[I 2025-03-09 16:20:37,794] Trial 428 finished with value: 0.2773590111513006 and parameters: {'learning_rate': 0.019377101503584487, 'depth': 12, 'l2_leaf_reg': 2.242084723639529, 'min_child_samples': 8}. Best is trial 334 with value: 0.27179757584345515.
[I 2025-03-09 16:20:43,725] Trial 429 finished with value: 0.27454657326535375 and parameters: {'learning_rate': 0.01998121800877503, 'depth': 13, 'l2_leaf_reg': 1.8159892500650092, 'min_child_samples': 8}. Best is trial 334 with value: 0.27179757584345515.
[I 2025-03-09 16:20:53,384] Trial 430 finished with value: 0.2795474888766837 and parameters: {'learning_rate': 0.01917847940823981, 'depth': 14, 'l2_leaf_reg': 1.6062630931000592, 'min_child_samples': 16}. Best is trial 334 with value: 0.27179757584345515.
[I 2025-03-09 16:20:59,194] Trial 431 finished with value: 0.27713753335370245 and parameters: {'learning_rate': 0.019611003443703347, 'depth': 13, 'l2_leaf_reg': 1.5117719896043242, 'min_child_samples': 8}. Best is trial 334 with value: 0.27179757584345515.
[I 2025-03-09 16:21:09,088] Trial 432 finished with value: 0.27644927619635495 and parameters: {'learning_rate': 0.017742218042354374, 'depth': 14, 'l2_leaf_reg': 2.0578501715955353, 'min_child_samples': 8}. Best is trial 334 with value: 0.27179757584345515.
[I 2025-03-09 16:21:12,949] Trial 433 finished with value: 0.2808734393242111 and parameters: {'learning_rate': 0.019261368976729528, 'depth': 12, 'l2_leaf_reg': 1.2713587173219507, 'min_child_samples': 8}. Best is trial 334 with value: 0.27179757584345515.
[I 2025-03-09 16:21:18,916] Trial 434 finished with value: 0.2730367622946978 and parameters: {'learning_rate': 0.01965257351647969, 'depth': 13, 'l2_leaf_reg': 1.9279605008196168, 'min_child_samples': 16}. Best is trial 334 with value: 0.27179757584345515.
[I 2025-03-09 16:21:24,746] Trial 435 finished with value: 0.27406718126907326 and parameters: {'learning_rate': 0.019988295710500585, 'depth': 13, 'l2_leaf_reg': 1.906909163747706, 'min_child_samples': 16}. Best is trial 334 with value: 0.27179757584345515.
[I 2025-03-09 16:21:30,615] Trial 436 finished with value: 0.27965868853272696 and parameters: {'learning_rate': 0.019614712422168782, 'depth': 13, 'l2_leaf_reg': 2.0124664639616077, 'min_child_samples': 16}. Best is trial 334 with value: 0.27179757584345515.
[I 2025-03-09 16:21:36,466] Trial 437 finished with value: 0.27609123252128004 and parameters: {'learning_rate': 0.019615759016873912, 'depth': 13, 'l2_leaf_reg': 1.9397730121491297, 'min_child_samples': 16}. Best is trial 334 with value: 0.27179757584345515.
[I 2025-03-09 16:21:42,343] Trial 438 finished with value: 0.27716890106942543 and parameters: {'learning_rate': 0.019993176356920914, 'depth': 13, 'l2_leaf_reg': 1.9855793356616738, 'min_child_samples': 16}. Best is trial 334 with value: 0.27179757584345515.
[I 2025-03-09 16:21:52,008] Trial 439 finished with value: 0.2801590726662268 and parameters: {'learning_rate': 0.018941624629160755, 'depth': 14, 'l2_leaf_reg': 1.8722273601626918, 'min_child_samples': 16}. Best is trial 334 with value: 0.27179757584345515.
[I 2025-03-09 16:21:55,932] Trial 440 finished with value: 0.27800157223914784 and parameters: {'learning_rate': 0.019604607096014623, 'depth': 12, 'l2_leaf_reg': 1.8428689162404468, 'min_child_samples': 16}. Best is trial 334 with value: 0.27179757584345515.
[I 2025-03-09 16:22:01,942] Trial 441 finished with value: 0.3718248914744537 and parameters: {'learning_rate': 0.0026479860398503467, 'depth': 13, 'l2_leaf_reg': 1.792481704158675, 'min_child_samples': 16}. Best is trial 334 with value: 0.27179757584345515.
[I 2025-03-09 16:22:04,013] Trial 442 finished with value: 0.2921465807858996 and parameters: {'learning_rate': 0.019271193005228206, 'depth': 9, 'l2_leaf_reg': 2.4018539663996408, 'min_child_samples': 16}. Best is trial 334 with value: 0.27179757584345515.
[I 2025-03-09 16:22:13,901] Trial 443 finished with value: 0.27878040754581096 and parameters: {'learning_rate': 0.018697337710355325, 'depth': 14, 'l2_leaf_reg': 1.9398835305170974, 'min_child_samples': 16}. Best is trial 334 with value: 0.27179757584345515.
[I 2025-03-09 16:22:19,818] Trial 444 finished with value: 0.274749875143279 and parameters: {'learning_rate': 0.019978729093879464, 'depth': 13, 'l2_leaf_reg': 1.1513245124897444, 'min_child_samples': 1}. Best is trial 334 with value: 0.27179757584345515.
[I 2025-03-09 16:22:25,524] Trial 445 finished with value: 0.27564420186673244 and parameters: {'learning_rate': 0.019341120738650748, 'depth': 13, 'l2_leaf_reg': 2.6958857786115624, 'min_child_samples': 16}. Best is trial 334 with value: 0.27179757584345515.
[I 2025-03-09 16:22:29,533] Trial 446 finished with value: 0.29513111922621876 and parameters: {'learning_rate': 0.007933429839847905, 'depth': 12, 'l2_leaf_reg': 2.0909668691933643, 'min_child_samples': 8}. Best is trial 334 with value: 0.27179757584345515.
[I 2025-03-09 16:22:35,280] Trial 447 finished with value: 0.27820617865722663 and parameters: {'learning_rate': 0.019627409843931732, 'depth': 13, 'l2_leaf_reg': 1.7496937347633674, 'min_child_samples': 16}. Best is trial 334 with value: 0.27179757584345515.
[I 2025-03-09 16:22:36,797] Trial 448 finished with value: 0.34056613230515814 and parameters: {'learning_rate': 0.019009999912065836, 'depth': 4, 'l2_leaf_reg': 1.88994016943234, 'min_child_samples': 8}. Best is trial 334 with value: 0.27179757584345515.
[I 2025-03-09 16:22:42,781] Trial 449 finished with value: 0.27726412217383767 and parameters: {'learning_rate': 0.019552597702494824, 'depth': 13, 'l2_leaf_reg': 1.3440243165405272, 'min_child_samples': 8}. Best is trial 334 with value: 0.27179757584345515.
[I 2025-03-09 16:22:46,707] Trial 450 finished with value: 0.27990047500169324 and parameters: {'learning_rate': 0.019977154749670257, 'depth': 12, 'l2_leaf_reg': 1.698132332633849, 'min_child_samples': 8}. Best is trial 334 with value: 0.27179757584345515.
[I 2025-03-09 16:22:56,599] Trial 451 finished with value: 0.280890213057867 and parameters: {'learning_rate': 0.018676511785891196, 'depth': 14, 'l2_leaf_reg': 1.8284672650496683, 'min_child_samples': 16}. Best is trial 334 with value: 0.27179757584345515.
[I 2025-03-09 16:23:02,422] Trial 452 finished with value: 0.2751123354504058 and parameters: {'learning_rate': 0.019212956969629075, 'depth': 13, 'l2_leaf_reg': 1.2235008753676664, 'min_child_samples': 8}. Best is trial 334 with value: 0.27179757584345515.
[I 2025-03-09 16:23:08,157] Trial 453 finished with value: 0.27705836054417005 and parameters: {'learning_rate': 0.01969257531633191, 'depth': 13, 'l2_leaf_reg': 2.02414827958934, 'min_child_samples': 8}. Best is trial 334 with value: 0.27179757584345515.
[I 2025-03-09 16:23:17,922] Trial 454 finished with value: 0.2794284220400716 and parameters: {'learning_rate': 0.018102132996205285, 'depth': 14, 'l2_leaf_reg': 1.9211311802349227, 'min_child_samples': 8}. Best is trial 334 with value: 0.27179757584345515.
[I 2025-03-09 16:23:23,881] Trial 455 finished with value: 0.27288990246723166 and parameters: {'learning_rate': 0.01923375168640477, 'depth': 13, 'l2_leaf_reg': 1.772431160129356, 'min_child_samples': 16}. Best is trial 334 with value: 0.27179757584345515.
[I 2025-03-09 16:23:29,791] Trial 456 finished with value: 0.27660240825285665 and parameters: {'learning_rate': 0.0193559885090311, 'depth': 13, 'l2_leaf_reg': 1.7764334274403903, 'min_child_samples': 8}. Best is trial 334 with value: 0.27179757584345515.
[I 2025-03-09 16:23:35,771] Trial 457 finished with value: 0.27571813556091285 and parameters: {'learning_rate': 0.019636549592510075, 'depth': 13, 'l2_leaf_reg': 1.8553637072794256, 'min_child_samples': 8}. Best is trial 334 with value: 0.27179757584345515.
[I 2025-03-09 16:23:39,538] Trial 458 finished with value: 0.2767946038729209 and parameters: {'learning_rate': 0.019113665330187688, 'depth': 12, 'l2_leaf_reg': 1.7170013982536383, 'min_child_samples': 8}. Best is trial 334 with value: 0.27179757584345515.
[I 2025-03-09 16:23:45,551] Trial 459 finished with value: 0.27715036520354785 and parameters: {'learning_rate': 0.019654858763263436, 'depth': 13, 'l2_leaf_reg': 1.7678491910276055, 'min_child_samples': 16}. Best is trial 334 with value: 0.27179757584345515.
[I 2025-03-09 16:23:54,987] Trial 460 finished with value: 0.3287388954325711 and parameters: {'learning_rate': 0.004639407392637398, 'depth': 14, 'l2_leaf_reg': 1.8875292448652046, 'min_child_samples': 8}. Best is trial 334 with value: 0.27179757584345515.
[I 2025-03-09 16:24:00,929] Trial 461 finished with value: 0.2731210332602411 and parameters: {'learning_rate': 0.01925949162300075, 'depth': 13, 'l2_leaf_reg': 1.8205049719410504, 'min_child_samples': 8}. Best is trial 334 with value: 0.27179757584345515.
[I 2025-03-09 16:24:04,810] Trial 462 finished with value: 0.27672550270752494 and parameters: {'learning_rate': 0.018973976465075797, 'depth': 12, 'l2_leaf_reg': 1.7996106986943556, 'min_child_samples': 8}. Best is trial 334 with value: 0.27179757584345515.
[I 2025-03-09 16:24:10,700] Trial 463 finished with value: 0.2783058375787486 and parameters: {'learning_rate': 0.018365878339912354, 'depth': 13, 'l2_leaf_reg': 1.8574588255666478, 'min_child_samples': 1}. Best is trial 334 with value: 0.27179757584345515.
[I 2025-03-09 16:24:16,330] Trial 464 finished with value: 0.27588679282182504 and parameters: {'learning_rate': 0.0192415514166291, 'depth': 13, 'l2_leaf_reg': 1.9740401902264806, 'min_child_samples': 16}. Best is trial 334 with value: 0.27179757584345515.
[I 2025-03-09 16:24:26,107] Trial 465 finished with value: 0.27782249138991755 and parameters: {'learning_rate': 0.01874974836025631, 'depth': 14, 'l2_leaf_reg': 2.181806582629271, 'min_child_samples': 8}. Best is trial 334 with value: 0.27179757584345515.
[I 2025-03-09 16:24:31,876] Trial 466 finished with value: 0.27521867727389127 and parameters: {'learning_rate': 0.019329935918529592, 'depth': 13, 'l2_leaf_reg': 1.8071578640353239, 'min_child_samples': 8}. Best is trial 334 with value: 0.27179757584345515.
[I 2025-03-09 16:24:37,796] Trial 467 finished with value: 0.27854689035143115 and parameters: {'learning_rate': 0.019022981141691996, 'depth': 13, 'l2_leaf_reg': 1.7283677972448883, 'min_child_samples': 16}. Best is trial 334 with value: 0.27179757584345515.
[I 2025-03-09 16:24:41,820] Trial 468 finished with value: 0.2809055019461919 and parameters: {'learning_rate': 0.019988640882390087, 'depth': 12, 'l2_leaf_reg': 1.9137145410492233, 'min_child_samples': 8}. Best is trial 334 with value: 0.27179757584345515.
[I 2025-03-09 16:24:59,589] Trial 469 finished with value: 0.28601402563411565 and parameters: {'learning_rate': 0.018367934070527094, 'depth': 15, 'l2_leaf_reg': 1.6868262807727108, 'min_child_samples': 8}. Best is trial 334 with value: 0.27179757584345515.
[I 2025-03-09 16:25:09,045] Trial 470 finished with value: 0.27774250867229 and parameters: {'learning_rate': 0.01941470731699776, 'depth': 14, 'l2_leaf_reg': 1.821881823707084, 'min_child_samples': 8}. Best is trial 334 with value: 0.27179757584345515.
[I 2025-03-09 16:25:14,981] Trial 471 finished with value: 0.279865424414979 and parameters: {'learning_rate': 0.01961052441047503, 'depth': 13, 'l2_leaf_reg': 1.77024991698151, 'min_child_samples': 16}. Best is trial 334 with value: 0.27179757584345515.
[I 2025-03-09 16:25:18,954] Trial 472 finished with value: 0.28173601005037 and parameters: {'learning_rate': 0.013062044190449996, 'depth': 12, 'l2_leaf_reg': 1.0983459851974942, 'min_child_samples': 4}. Best is trial 334 with value: 0.27179757584345515.
[I 2025-03-09 16:25:20,845] Trial 473 finished with value: 0.2975620435985811 and parameters: {'learning_rate': 0.019026669324108934, 'depth': 8, 'l2_leaf_reg': 1.8768181319830657, 'min_child_samples': 8}. Best is trial 334 with value: 0.27179757584345515.
[I 2025-03-09 16:25:26,690] Trial 474 finished with value: 0.27506025379293464 and parameters: {'learning_rate': 0.019991219003659674, 'depth': 13, 'l2_leaf_reg': 2.3125986295929493, 'min_child_samples': 8}. Best is trial 334 with value: 0.27179757584345515.
[I 2025-03-09 16:25:32,550] Trial 475 finished with value: 0.2773399659146013 and parameters: {'learning_rate': 0.018566559704003498, 'depth': 13, 'l2_leaf_reg': 1.95812458377569, 'min_child_samples': 8}. Best is trial 334 with value: 0.27179757584345515.
[I 2025-03-09 16:25:35,520] Trial 476 finished with value: 0.28418412943850013 and parameters: {'learning_rate': 0.01736628448980637, 'depth': 11, 'l2_leaf_reg': 1.1751280790843444, 'min_child_samples': 16}. Best is trial 334 with value: 0.27179757584345515.
[I 2025-03-09 16:25:41,368] Trial 477 finished with value: 0.2818726138584974 and parameters: {'learning_rate': 0.011613934960493306, 'depth': 13, 'l2_leaf_reg': 1.6593970575380772, 'min_child_samples': 8}. Best is trial 334 with value: 0.27179757584345515.
[I 2025-03-09 16:25:45,050] Trial 478 finished with value: 0.28405691711525505 and parameters: {'learning_rate': 0.01928209227636004, 'depth': 12, 'l2_leaf_reg': 1.7155825448784123, 'min_child_samples': 8}. Best is trial 334 with value: 0.27179757584345515.
[I 2025-03-09 16:25:50,897] Trial 479 finished with value: 0.27852665094090534 and parameters: {'learning_rate': 0.019605895864043633, 'depth': 13, 'l2_leaf_reg': 2.023180747445062, 'min_child_samples': 16}. Best is trial 334 with value: 0.27179757584345515.
[I 2025-03-09 16:26:00,732] Trial 480 finished with value: 0.2786206251061129 and parameters: {'learning_rate': 0.018755432410291085, 'depth': 14, 'l2_leaf_reg': 1.8479460469786337, 'min_child_samples': 8}. Best is trial 334 with value: 0.27179757584345515.
[I 2025-03-09 16:26:06,484] Trial 481 finished with value: 0.27205475284805114 and parameters: {'learning_rate': 0.019995745019525432, 'depth': 13, 'l2_leaf_reg': 1.2975052118367862, 'min_child_samples': 8}. Best is trial 334 with value: 0.27179757584345515.
[I 2025-03-09 16:26:12,196] Trial 482 finished with value: 0.2776381793328426 and parameters: {'learning_rate': 0.0196186234108387, 'depth': 13, 'l2_leaf_reg': 1.2554112498342802, 'min_child_samples': 8}. Best is trial 334 with value: 0.27179757584345515.
[I 2025-03-09 16:26:18,082] Trial 483 finished with value: 0.27755374385770587 and parameters: {'learning_rate': 0.01970085399466225, 'depth': 13, 'l2_leaf_reg': 1.181513887787617, 'min_child_samples': 16}. Best is trial 334 with value: 0.27179757584345515.
[I 2025-03-09 16:26:23,825] Trial 484 finished with value: 0.27310738510749843 and parameters: {'learning_rate': 0.019989434219626675, 'depth': 13, 'l2_leaf_reg': 1.7624958482412627, 'min_child_samples': 8}. Best is trial 334 with value: 0.27179757584345515.
[I 2025-03-09 16:26:33,640] Trial 485 finished with value: 0.27722115645712914 and parameters: {'learning_rate': 0.01963856351398358, 'depth': 14, 'l2_leaf_reg': 1.7514235705051038, 'min_child_samples': 8}. Best is trial 334 with value: 0.27179757584345515.
[I 2025-03-09 16:26:37,535] Trial 486 finished with value: 0.27953509182165914 and parameters: {'learning_rate': 0.019959087369914533, 'depth': 12, 'l2_leaf_reg': 1.8291656399323915, 'min_child_samples': 8}. Best is trial 334 with value: 0.27179757584345515.
[I 2025-03-09 16:26:39,078] Trial 487 finished with value: 0.32990606666682853 and parameters: {'learning_rate': 0.019320121740798942, 'depth': 5, 'l2_leaf_reg': 1.771063661242534, 'min_child_samples': 1}. Best is trial 334 with value: 0.27179757584345515.
[I 2025-03-09 16:26:45,002] Trial 488 finished with value: 0.27410564231155415 and parameters: {'learning_rate': 0.01997033292009242, 'depth': 13, 'l2_leaf_reg': 1.646980914356741, 'min_child_samples': 8}. Best is trial 334 with value: 0.27179757584345515.
[I 2025-03-09 16:26:50,868] Trial 489 finished with value: 0.2798236398156894 and parameters: {'learning_rate': 0.013722279954025817, 'depth': 13, 'l2_leaf_reg': 1.7278468281701063, 'min_child_samples': 16}. Best is trial 334 with value: 0.27179757584345515.
[I 2025-03-09 16:27:00,444] Trial 490 finished with value: 0.2781520836811277 and parameters: {'learning_rate': 0.019355655684540285, 'depth': 14, 'l2_leaf_reg': 1.944908304391358, 'min_child_samples': 8}. Best is trial 334 with value: 0.27179757584345515.
[I 2025-03-09 16:27:10,022] Trial 491 finished with value: 0.2776952455667006 and parameters: {'learning_rate': 0.019997360300935626, 'depth': 14, 'l2_leaf_reg': 1.8019437769959927, 'min_child_samples': 8}. Best is trial 334 with value: 0.27179757584345515.
[I 2025-03-09 16:27:15,626] Trial 492 finished with value: 0.27686900314736984 and parameters: {'learning_rate': 0.018997514750642798, 'depth': 13, 'l2_leaf_reg': 1.9108644656279945, 'min_child_samples': 16}. Best is trial 334 with value: 0.27179757584345515.
[I 2025-03-09 16:27:19,814] Trial 493 finished with value: 0.28139361067411767 and parameters: {'learning_rate': 0.019619374868159217, 'depth': 12, 'l2_leaf_reg': 1.6780829609294163, 'min_child_samples': 8}. Best is trial 334 with value: 0.27179757584345515.
[I 2025-03-09 16:27:25,809] Trial 494 finished with value: 0.2778676248199041 and parameters: {'learning_rate': 0.018992164094505267, 'depth': 13, 'l2_leaf_reg': 1.8630366817186004, 'min_child_samples': 8}. Best is trial 334 with value: 0.27179757584345515.
[I 2025-03-09 16:27:31,740] Trial 495 finished with value: 0.27704533240660495 and parameters: {'learning_rate': 0.019568570226851642, 'depth': 13, 'l2_leaf_reg': 2.0544652680903637, 'min_child_samples': 4}. Best is trial 334 with value: 0.27179757584345515.
[I 2025-03-09 16:27:35,598] Trial 496 finished with value: 0.28061732826427366 and parameters: {'learning_rate': 0.01821883736224469, 'depth': 12, 'l2_leaf_reg': 1.7918687746034727, 'min_child_samples': 8}. Best is trial 334 with value: 0.27179757584345515.
[I 2025-03-09 16:27:41,320] Trial 497 finished with value: 0.3025936920393906 and parameters: {'learning_rate': 0.006563953087924648, 'depth': 13, 'l2_leaf_reg': 1.7328303441495048, 'min_child_samples': 16}. Best is trial 334 with value: 0.27179757584345515.
[I 2025-03-09 16:27:47,283] Trial 498 finished with value: 0.2766992572756377 and parameters: {'learning_rate': 0.01933321442820689, 'depth': 13, 'l2_leaf_reg': 1.9759420088572022, 'min_child_samples': 8}. Best is trial 334 with value: 0.27179757584345515.
[I 2025-03-09 16:27:48,844] Trial 499 finished with value: 0.3230095019873654 and parameters: {'learning_rate': 0.009664857739829918, 'depth': 7, 'l2_leaf_reg': 1.6425458758872287, 'min_child_samples': 8}. Best is trial 334 with value: 0.27179757584345515.
2025-03-09 16:27:48,844 - __main__ - INFO - Best RMSE: 0.2718
2025-03-09 16:27:48,845 - __main__ - INFO - Best parameters: {'learning_rate': 0.019217333238925122, 'depth': 13, 'l2_leaf_reg': 1.9304013252134218, 'min_child_samples': 8}
2025-03-09 16:27:48,845 - __main__ - INFO - Starting c_delta_y optimization...
2025-03-09 16:27:48,847 - __main__ - INFO - Starting hyperparameter optimization for c_delta_y
[I 2025-03-09 16:27:48,847] A new study created in memory with name: catboost-c_delta_y-seed42
[I 2025-03-09 16:27:50,506] Trial 0 finished with value: 2.031401445117587 and parameters: {'learning_rate': 0.003241360193879252, 'depth': 8, 'l2_leaf_reg': 0.9894929418310603, 'min_child_samples': 32}. Best is trial 0 with value: 2.031401445117587.
[I 2025-03-09 16:27:56,517] Trial 1 finished with value: 2.016711196009611 and parameters: {'learning_rate': 0.008162457442259132, 'depth': 13, 'l2_leaf_reg': 1.9087997451107592, 'min_child_samples': 1}. Best is trial 1 with value: 2.016711196009611.
[I 2025-03-09 16:27:58,012] Trial 2 finished with value: 2.0614861733193726 and parameters: {'learning_rate': 0.008073220281672615, 'depth': 2, 'l2_leaf_reg': 1.9272193600577672, 'min_child_samples': 8}. Best is trial 1 with value: 2.016711196009611.
[I 2025-03-09 16:27:59,232] Trial 3 finished with value: 2.0218566126282957 and parameters: {'learning_rate': 0.019793039033833632, 'depth': 4, 'l2_leaf_reg': 1.2342289310909602, 'min_child_samples': 16}. Best is trial 1 with value: 2.016711196009611.
[I 2025-03-09 16:28:01,748] Trial 4 finished with value: 2.0252495274139206 and parameters: {'learning_rate': 0.003453892466008006, 'depth': 10, 'l2_leaf_reg': 1.0136675989480533, 'min_child_samples': 8}. Best is trial 1 with value: 2.016711196009611.
[I 2025-03-09 16:28:03,252] Trial 5 finished with value: 2.008295760931098 and parameters: {'learning_rate': 0.014819856495845714, 'depth': 7, 'l2_leaf_reg': 2.3496116358844015, 'min_child_samples': 4}. Best is trial 5 with value: 2.008295760931098.
