[I 2025-03-09 17:35:51,183] Trial 365 finished with value: 0.47229496462356596 and parameters: {'learning_rate': 0.019998530292426653, 'depth': 10, 'l2_leaf_reg': 0.056955813825306525, 'min_child_samples': 1}. Best is trial 205 with value: 0.4692997984893127.
[I 2025-03-09 17:35:53,213] Trial 366 finished with value: 0.4775920346193478 and parameters: {'learning_rate': 0.018922920792404457, 'depth': 9, 'l2_leaf_reg': 0.0023093227311051265, 'min_child_samples': 1}. Best is trial 205 with value: 0.4692997984893127.
[I 2025-03-09 17:35:55,929] Trial 367 finished with value: 0.47540631412859036 and parameters: {'learning_rate': 0.019378784416372894, 'depth': 10, 'l2_leaf_reg': 0.20821719690360374, 'min_child_samples': 1}. Best is trial 205 with value: 0.4692997984893127.
[I 2025-03-09 17:35:58,392] Trial 368 finished with value: 0.4739935064406839 and parameters: {'learning_rate': 0.019656988695605986, 'depth': 10, 'l2_leaf_reg': 0.10993325684611817, 'min_child_samples': 1}. Best is trial 205 with value: 0.4692997984893127.
[I 2025-03-09 17:36:01,487] Trial 369 finished with value: 0.4767570030259129 and parameters: {'learning_rate': 0.01926858569031258, 'depth': 11, 'l2_leaf_reg': 0.05914382188601013, 'min_child_samples': 16}. Best is trial 205 with value: 0.4692997984893127.
[I 2025-03-09 17:36:03,859] Trial 370 finished with value: 0.4717891694908843 and parameters: {'learning_rate': 0.01963563368766926, 'depth': 10, 'l2_leaf_reg': 0.30019772007114803, 'min_child_samples': 1}. Best is trial 205 with value: 0.4692997984893127.
[I 2025-03-09 17:36:05,997] Trial 371 finished with value: 0.47734090785915345 and parameters: {'learning_rate': 0.01868485834627071, 'depth': 9, 'l2_leaf_reg': 0.16244811480334578, 'min_child_samples': 32}. Best is trial 205 with value: 0.4692997984893127.
[I 2025-03-09 17:36:08,426] Trial 372 finished with value: 0.4745303691306565 and parameters: {'learning_rate': 0.019045119990920453, 'depth': 10, 'l2_leaf_reg': 0.0020886953902295997, 'min_child_samples': 1}. Best is trial 205 with value: 0.4692997984893127.
[I 2025-03-09 17:36:11,477] Trial 373 finished with value: 0.4772255335825549 and parameters: {'learning_rate': 0.019993907196245053, 'depth': 11, 'l2_leaf_reg': 0.10718719320936182, 'min_child_samples': 1}. Best is trial 205 with value: 0.4692997984893127.
[I 2025-03-09 17:36:13,748] Trial 374 finished with value: 0.47240710507225037 and parameters: {'learning_rate': 0.019561845241093525, 'depth': 10, 'l2_leaf_reg': 0.07265100363374134, 'min_child_samples': 1}. Best is trial 205 with value: 0.4692997984893127.
[I 2025-03-09 17:36:16,333] Trial 375 finished with value: 0.47465059263159426 and parameters: {'learning_rate': 0.019312173500980894, 'depth': 10, 'l2_leaf_reg': 0.18120961702365218, 'min_child_samples': 8}. Best is trial 205 with value: 0.4692997984893127.
[I 2025-03-09 17:36:18,923] Trial 376 finished with value: 0.4690500608124332 and parameters: {'learning_rate': 0.019986946433768846, 'depth': 10, 'l2_leaf_reg': 0.05307958771793123, 'min_child_samples': 1}. Best is trial 376 with value: 0.4690500608124332.
[I 2025-03-09 17:36:21,213] Trial 377 finished with value: 0.47278911769513277 and parameters: {'learning_rate': 0.019666917834467133, 'depth': 10, 'l2_leaf_reg': 0.13427680902690872, 'min_child_samples': 1}. Best is trial 376 with value: 0.4690500608124332.
[I 2025-03-09 17:36:23,840] Trial 378 finished with value: 0.47345893433230996 and parameters: {'learning_rate': 0.01967789084429917, 'depth': 10, 'l2_leaf_reg': 0.048524238422936336, 'min_child_samples': 1}. Best is trial 376 with value: 0.4690500608124332.
[I 2025-03-09 17:36:26,049] Trial 379 finished with value: 0.4761915272845928 and parameters: {'learning_rate': 0.019990220647677744, 'depth': 9, 'l2_leaf_reg': 0.049523377208350434, 'min_child_samples': 1}. Best is trial 376 with value: 0.4690500608124332.
[I 2025-03-09 17:36:28,880] Trial 380 finished with value: 0.4798775452173848 and parameters: {'learning_rate': 0.01999841879259268, 'depth': 11, 'l2_leaf_reg': 0.24079490954919577, 'min_child_samples': 1}. Best is trial 376 with value: 0.4690500608124332.
[I 2025-03-09 17:36:31,087] Trial 381 finished with value: 0.4778430047399138 and parameters: {'learning_rate': 0.019073877027249758, 'depth': 9, 'l2_leaf_reg': 0.0035226646189734645, 'min_child_samples': 1}. Best is trial 376 with value: 0.4690500608124332.
[I 2025-03-09 17:36:33,570] Trial 382 finished with value: 0.47541869267898046 and parameters: {'learning_rate': 0.019323102322773185, 'depth': 10, 'l2_leaf_reg': 0.10648536722529982, 'min_child_samples': 4}. Best is trial 376 with value: 0.4690500608124332.
[I 2025-03-09 17:36:36,139] Trial 383 finished with value: 0.4772400921014958 and parameters: {'learning_rate': 0.018512321746814164, 'depth': 10, 'l2_leaf_reg': 0.15607308105009796, 'min_child_samples': 1}. Best is trial 376 with value: 0.4690500608124332.
[I 2025-03-09 17:36:38,714] Trial 384 finished with value: 0.4726979657817201 and parameters: {'learning_rate': 0.019639676136723145, 'depth': 10, 'l2_leaf_reg': 0.001221078841598007, 'min_child_samples': 1}. Best is trial 376 with value: 0.4690500608124332.
[I 2025-03-09 17:36:40,709] Trial 385 finished with value: 0.4759907222645534 and parameters: {'learning_rate': 0.019281602478118144, 'depth': 9, 'l2_leaf_reg': 0.10019691412543812, 'min_child_samples': 8}. Best is trial 376 with value: 0.4690500608124332.
[I 2025-03-09 17:36:43,214] Trial 386 finished with value: 0.4716861137442472 and parameters: {'learning_rate': 0.019982440666299933, 'depth': 10, 'l2_leaf_reg': 0.2109064755284295, 'min_child_samples': 1}. Best is trial 376 with value: 0.4690500608124332.
[I 2025-03-09 17:36:46,460] Trial 387 finished with value: 0.4777775862967167 and parameters: {'learning_rate': 0.018805898766617996, 'depth': 11, 'l2_leaf_reg': 0.05351972119869242, 'min_child_samples': 1}. Best is trial 376 with value: 0.4690500608124332.
[I 2025-03-09 17:36:48,326] Trial 388 finished with value: 0.47861977786317467 and parameters: {'learning_rate': 0.019997755838768328, 'depth': 8, 'l2_leaf_reg': 0.12327564074423121, 'min_child_samples': 32}. Best is trial 376 with value: 0.4690500608124332.
[I 2025-03-09 17:36:50,739] Trial 389 finished with value: 0.47376245684131374 and parameters: {'learning_rate': 0.019398516023298115, 'depth': 10, 'l2_leaf_reg': 0.05025640194604239, 'min_child_samples': 1}. Best is trial 376 with value: 0.4690500608124332.
[I 2025-03-09 17:36:52,764] Trial 390 finished with value: 0.48922874440370395 and parameters: {'learning_rate': 0.01961841805991792, 'depth': 7, 'l2_leaf_reg': 0.15167105969707367, 'min_child_samples': 1}. Best is trial 376 with value: 0.4690500608124332.
[I 2025-03-09 17:36:55,169] Trial 391 finished with value: 0.47625025586425146 and parameters: {'learning_rate': 0.019016092518101345, 'depth': 10, 'l2_leaf_reg': 0.09592760355344317, 'min_child_samples': 1}. Best is trial 376 with value: 0.4690500608124332.
[I 2025-03-09 17:36:58,260] Trial 392 finished with value: 0.4783082154720654 and parameters: {'learning_rate': 0.01963773972820761, 'depth': 11, 'l2_leaf_reg': 0.002120860869253954, 'min_child_samples': 1}. Best is trial 376 with value: 0.4690500608124332.
[I 2025-03-09 17:37:02,197] Trial 393 finished with value: 0.5024146131967633 and parameters: {'learning_rate': 0.010959640849642219, 'depth': 12, 'l2_leaf_reg': 0.2887542855544408, 'min_child_samples': 1}. Best is trial 376 with value: 0.4690500608124332.
[I 2025-03-09 17:37:04,332] Trial 394 finished with value: 0.5871462620506783 and parameters: {'learning_rate': 0.006944295317326647, 'depth': 9, 'l2_leaf_reg': 0.1978518160535363, 'min_child_samples': 1}. Best is trial 376 with value: 0.4690500608124332.
[I 2025-03-09 17:37:06,893] Trial 395 finished with value: 0.4739692830124728 and parameters: {'learning_rate': 0.01932212801086689, 'depth': 10, 'l2_leaf_reg': 0.0568078238443404, 'min_child_samples': 8}. Best is trial 376 with value: 0.4690500608124332.
[I 2025-03-09 17:37:09,681] Trial 396 finished with value: 0.4799242252536798 and parameters: {'learning_rate': 0.01999695508336322, 'depth': 11, 'l2_leaf_reg': 0.0009541747354001318, 'min_child_samples': 16}. Best is trial 376 with value: 0.4690500608124332.
[I 2025-03-09 17:37:12,308] Trial 397 finished with value: 0.47146912559596715 and parameters: {'learning_rate': 0.01964384604624852, 'depth': 10, 'l2_leaf_reg': 0.10954347597420347, 'min_child_samples': 1}. Best is trial 376 with value: 0.4690500608124332.
[I 2025-03-09 17:37:14,559] Trial 398 finished with value: 0.4763268717115115 and parameters: {'learning_rate': 0.018201844154007777, 'depth': 10, 'l2_leaf_reg': 0.0989956721393353, 'min_child_samples': 1}. Best is trial 376 with value: 0.4690500608124332.
[I 2025-03-09 17:37:17,022] Trial 399 finished with value: 0.47565158446278977 and parameters: {'learning_rate': 0.0189465868250754, 'depth': 10, 'l2_leaf_reg': 0.00020717044190314148, 'min_child_samples': 1}. Best is trial 376 with value: 0.4690500608124332.
[I 2025-03-09 17:37:19,405] Trial 400 finished with value: 0.47154478539857914 and parameters: {'learning_rate': 0.019641285193956824, 'depth': 10, 'l2_leaf_reg': 0.09576467641010225, 'min_child_samples': 32}. Best is trial 376 with value: 0.4690500608124332.
[I 2025-03-09 17:37:21,447] Trial 401 finished with value: 0.4993070704343159 and parameters: {'learning_rate': 0.012298364984476244, 'depth': 9, 'l2_leaf_reg': 0.14855922177806424, 'min_child_samples': 1}. Best is trial 376 with value: 0.4690500608124332.
[I 2025-03-09 17:37:23,898] Trial 402 finished with value: 0.47579759904331725 and parameters: {'learning_rate': 0.019264356610470407, 'depth': 10, 'l2_leaf_reg': 0.051844563274047774, 'min_child_samples': 1}. Best is trial 376 with value: 0.4690500608124332.
[I 2025-03-09 17:37:26,897] Trial 403 finished with value: 0.47863506734060174 and parameters: {'learning_rate': 0.019655273091325472, 'depth': 11, 'l2_leaf_reg': 0.05948680488818984, 'min_child_samples': 1}. Best is trial 376 with value: 0.4690500608124332.
[I 2025-03-09 17:37:29,036] Trial 404 finished with value: 0.47733304183802455 and parameters: {'learning_rate': 0.018592895766546026, 'depth': 9, 'l2_leaf_reg': 0.12203627104886924, 'min_child_samples': 8}. Best is trial 376 with value: 0.4690500608124332.
[I 2025-03-09 17:37:30,649] Trial 405 finished with value: 0.7186605043828963 and parameters: {'learning_rate': 0.019282239848592318, 'depth': 2, 'l2_leaf_reg': 0.05644655653166414, 'min_child_samples': 1}. Best is trial 376 with value: 0.4690500608124332.
[I 2025-03-09 17:37:33,297] Trial 406 finished with value: 0.47242980642848853 and parameters: {'learning_rate': 0.0196233421039373, 'depth': 10, 'l2_leaf_reg': 0.16223028103884674, 'min_child_samples': 1}. Best is trial 376 with value: 0.4690500608124332.
[I 2025-03-09 17:37:35,542] Trial 407 finished with value: 0.47041035726663555 and parameters: {'learning_rate': 0.01999609446276715, 'depth': 10, 'l2_leaf_reg': 0.10265893192452025, 'min_child_samples': 1}. Best is trial 376 with value: 0.4690500608124332.
[I 2025-03-09 17:37:38,049] Trial 408 finished with value: 0.4716262572540544 and parameters: {'learning_rate': 0.0199924167389814, 'depth': 10, 'l2_leaf_reg': 0.0005341148663150844, 'min_child_samples': 1}. Best is trial 376 with value: 0.4690500608124332.
[I 2025-03-09 17:37:41,017] Trial 409 finished with value: 0.47721753754942847 and parameters: {'learning_rate': 0.01904519159578755, 'depth': 11, 'l2_leaf_reg': 0.059672638643404274, 'min_child_samples': 1}. Best is trial 376 with value: 0.4690500608124332.
[I 2025-03-09 17:37:43,469] Trial 410 finished with value: 0.4731405007144113 and parameters: {'learning_rate': 0.019664663090619355, 'depth': 10, 'l2_leaf_reg': 0.1565212181099272, 'min_child_samples': 1}. Best is trial 376 with value: 0.4690500608124332.
[I 2025-03-09 17:37:46,027] Trial 411 finished with value: 0.47108826870717674 and parameters: {'learning_rate': 0.01999305459927069, 'depth': 10, 'l2_leaf_reg': 1.0519706910454092, 'min_child_samples': 1}. Best is trial 376 with value: 0.4690500608124332.
[I 2025-03-09 17:37:48,068] Trial 412 finished with value: 0.47913392137449046 and parameters: {'learning_rate': 0.019306398923757344, 'depth': 9, 'l2_leaf_reg': 1.8201887305134588, 'min_child_samples': 4}. Best is trial 376 with value: 0.4690500608124332.
[I 2025-03-09 17:37:51,208] Trial 413 finished with value: 0.4771105531189211 and parameters: {'learning_rate': 0.01967297655934601, 'depth': 11, 'l2_leaf_reg': 0.7518565909229147, 'min_child_samples': 1}. Best is trial 376 with value: 0.4690500608124332.
[I 2025-03-09 17:37:52,697] Trial 414 finished with value: 0.5546174707422739 and parameters: {'learning_rate': 0.019977486895063398, 'depth': 4, 'l2_leaf_reg': 0.9779040788546149, 'min_child_samples': 1}. Best is trial 376 with value: 0.4690500608124332.
[I 2025-03-09 17:37:55,153] Trial 415 finished with value: 0.4754855683476976 and parameters: {'learning_rate': 0.0188587881606104, 'depth': 10, 'l2_leaf_reg': 0.25352662960109107, 'min_child_samples': 8}. Best is trial 376 with value: 0.4690500608124332.
[I 2025-03-09 17:37:57,604] Trial 416 finished with value: 0.4743731660797827 and parameters: {'learning_rate': 0.019329060800642766, 'depth': 10, 'l2_leaf_reg': 0.837837106685451, 'min_child_samples': 32}. Best is trial 376 with value: 0.4690500608124332.
[I 2025-03-09 17:38:00,045] Trial 417 finished with value: 0.47712144010249513 and parameters: {'learning_rate': 0.01965830636230881, 'depth': 9, 'l2_leaf_reg': 0.1996359482497014, 'min_child_samples': 1}. Best is trial 376 with value: 0.4690500608124332.
[I 2025-03-09 17:38:02,406] Trial 418 finished with value: 0.4718831362705306 and parameters: {'learning_rate': 0.019979052284614687, 'depth': 10, 'l2_leaf_reg': 0.1027415400610017, 'min_child_samples': 1}. Best is trial 376 with value: 0.4690500608124332.
[I 2025-03-09 17:38:05,449] Trial 419 finished with value: 0.47713499389446523 and parameters: {'learning_rate': 0.01927933340175663, 'depth': 11, 'l2_leaf_reg': 0.5661701502976934, 'min_child_samples': 1}. Best is trial 376 with value: 0.4690500608124332.
[I 2025-03-09 17:38:07,908] Trial 420 finished with value: 0.4728177692640275 and parameters: {'learning_rate': 0.019986361561828283, 'depth': 10, 'l2_leaf_reg': 1.1433370799434743, 'min_child_samples': 1}. Best is trial 376 with value: 0.4690500608124332.
[I 2025-03-09 17:38:10,373] Trial 421 finished with value: 0.4711558879184082 and parameters: {'learning_rate': 0.01999658246571919, 'depth': 10, 'l2_leaf_reg': 0.056156769463560574, 'min_child_samples': 1}. Best is trial 376 with value: 0.4690500608124332.
[I 2025-03-09 17:38:12,908] Trial 422 finished with value: 0.47180461539729457 and parameters: {'learning_rate': 0.019997633749815554, 'depth': 10, 'l2_leaf_reg': 0.05406029457825781, 'min_child_samples': 16}. Best is trial 376 with value: 0.4690500608124332.
[I 2025-03-09 17:38:15,107] Trial 423 finished with value: 0.47601566042053745 and parameters: {'learning_rate': 0.01893025297834551, 'depth': 9, 'l2_leaf_reg': 1.4197324508392228, 'min_child_samples': 1}. Best is trial 376 with value: 0.4690500608124332.
[I 2025-03-09 17:38:17,457] Trial 424 finished with value: 0.472924731232862 and parameters: {'learning_rate': 0.019382915543409155, 'depth': 10, 'l2_leaf_reg': 0.049481953541160625, 'min_child_samples': 1}. Best is trial 376 with value: 0.4690500608124332.
[I 2025-03-09 17:38:20,458] Trial 425 finished with value: 0.47648272222337046 and parameters: {'learning_rate': 0.01941173910381848, 'depth': 11, 'l2_leaf_reg': 0.14999058299094842, 'min_child_samples': 8}. Best is trial 376 with value: 0.4690500608124332.
[I 2025-03-09 17:38:22,579] Trial 426 finished with value: 0.47609848214137956 and parameters: {'learning_rate': 0.019652727700722922, 'depth': 9, 'l2_leaf_reg': 0.056437249713942324, 'min_child_samples': 1}. Best is trial 376 with value: 0.4690500608124332.
[I 2025-03-09 17:38:24,906] Trial 427 finished with value: 0.47635579342815826 and parameters: {'learning_rate': 0.01867289379423612, 'depth': 10, 'l2_leaf_reg': 0.10166826944808721, 'min_child_samples': 1}. Best is trial 376 with value: 0.4690500608124332.
[I 2025-03-09 17:38:27,300] Trial 428 finished with value: 0.4720271958895972 and parameters: {'learning_rate': 0.019991999903441474, 'depth': 10, 'l2_leaf_reg': 0.007230964575086798, 'min_child_samples': 1}. Best is trial 376 with value: 0.4690500608124332.
[I 2025-03-09 17:38:30,493] Trial 429 finished with value: 0.4790708258013966 and parameters: {'learning_rate': 0.019042306593224558, 'depth': 11, 'l2_leaf_reg': 1.7534512131560875, 'min_child_samples': 1}. Best is trial 376 with value: 0.4690500608124332.
[I 2025-03-09 17:38:32,944] Trial 430 finished with value: 0.510328115453428 and parameters: {'learning_rate': 0.0102121164834127, 'depth': 10, 'l2_leaf_reg': 2.025251533003546, 'min_child_samples': 32}. Best is trial 376 with value: 0.4690500608124332.
[I 2025-03-09 17:38:35,471] Trial 431 finished with value: 0.47366403498485554 and parameters: {'learning_rate': 0.019426137338439592, 'depth': 10, 'l2_leaf_reg': 0.17782892299755676, 'min_child_samples': 1}. Best is trial 376 with value: 0.4690500608124332.
[I 2025-03-09 17:38:38,107] Trial 432 finished with value: 0.47074351578542745 and parameters: {'learning_rate': 0.019647853025872464, 'depth': 10, 'l2_leaf_reg': 0.0006752970825296273, 'min_child_samples': 1}. Best is trial 376 with value: 0.4690500608124332.
[I 2025-03-09 17:38:40,239] Trial 433 finished with value: 0.47783897955660315 and parameters: {'learning_rate': 0.01902587126227613, 'depth': 9, 'l2_leaf_reg': 0.0036805196169299864, 'min_child_samples': 4}. Best is trial 376 with value: 0.4690500608124332.
[I 2025-03-09 17:38:42,812] Trial 434 finished with value: 0.47537881837945867 and parameters: {'learning_rate': 0.018236321876521525, 'depth': 10, 'l2_leaf_reg': 0.05549523555531999, 'min_child_samples': 1}. Best is trial 376 with value: 0.4690500608124332.
[I 2025-03-09 17:38:45,020] Trial 435 finished with value: 0.5369332970322178 and parameters: {'learning_rate': 0.008481104932253217, 'depth': 10, 'l2_leaf_reg': 2.175857567904734, 'min_child_samples': 1}. Best is trial 376 with value: 0.4690500608124332.
[I 2025-03-09 17:39:02,975] Trial 436 finished with value: 0.5469107354657377 and parameters: {'learning_rate': 0.019532923190423213, 'depth': 15, 'l2_leaf_reg': 1.2879798046014712, 'min_child_samples': 8}. Best is trial 376 with value: 0.4690500608124332.
[I 2025-03-09 17:39:05,169] Trial 437 finished with value: 0.4750386361378997 and parameters: {'learning_rate': 0.019223855992889543, 'depth': 10, 'l2_leaf_reg': 0.0010645394459579127, 'min_child_samples': 1}. Best is trial 376 with value: 0.4690500608124332.
[I 2025-03-09 17:39:08,179] Trial 438 finished with value: 0.47907314293156533 and parameters: {'learning_rate': 0.018648965244547327, 'depth': 11, 'l2_leaf_reg': 0.10413594286340572, 'min_child_samples': 1}. Best is trial 376 with value: 0.4690500608124332.
[I 2025-03-09 17:39:10,351] Trial 439 finished with value: 0.4739826556530026 and parameters: {'learning_rate': 0.0199998634466405, 'depth': 9, 'l2_leaf_reg': 0.09721654465864855, 'min_child_samples': 1}. Best is trial 376 with value: 0.4690500608124332.
[I 2025-03-09 17:39:12,744] Trial 440 finished with value: 0.47323409854942466 and parameters: {'learning_rate': 0.01956468053027665, 'depth': 10, 'l2_leaf_reg': 0.05468030934489839, 'min_child_samples': 1}. Best is trial 376 with value: 0.4690500608124332.
[I 2025-03-09 17:39:15,215] Trial 441 finished with value: 0.47287802836078424 and parameters: {'learning_rate': 0.01957026038970937, 'depth': 10, 'l2_leaf_reg': 0.1400285325860165, 'min_child_samples': 1}. Best is trial 376 with value: 0.4690500608124332.
[I 2025-03-09 17:39:17,715] Trial 442 finished with value: 0.4766527767365814 and parameters: {'learning_rate': 0.019038907071322927, 'depth': 10, 'l2_leaf_reg': 0.002861116417257799, 'min_child_samples': 1}. Best is trial 376 with value: 0.4690500608124332.
[I 2025-03-09 17:39:20,686] Trial 443 finished with value: 0.4778274454176641 and parameters: {'learning_rate': 0.0196476526713799, 'depth': 11, 'l2_leaf_reg': 0.34211167363255585, 'min_child_samples': 1}. Best is trial 376 with value: 0.4690500608124332.
[I 2025-03-09 17:39:22,609] Trial 444 finished with value: 0.4842022513503527 and parameters: {'learning_rate': 0.015557238050946654, 'depth': 9, 'l2_leaf_reg': 0.2189698479654058, 'min_child_samples': 32}. Best is trial 376 with value: 0.4690500608124332.
[I 2025-03-09 17:39:25,032] Trial 445 finished with value: 0.4726049380267512 and parameters: {'learning_rate': 0.019186942859274008, 'depth': 10, 'l2_leaf_reg': 0.06155754538094394, 'min_child_samples': 8}. Best is trial 376 with value: 0.4690500608124332.
[I 2025-03-09 17:39:27,929] Trial 446 finished with value: 0.47685975088961496 and parameters: {'learning_rate': 0.01999399510609652, 'depth': 11, 'l2_leaf_reg': 0.6186941555766072, 'min_child_samples': 1}. Best is trial 376 with value: 0.4690500608124332.
[I 2025-03-09 17:39:30,483] Trial 447 finished with value: 0.471749183777167 and parameters: {'learning_rate': 0.019999592181765828, 'depth': 10, 'l2_leaf_reg': 0.001388028959248036, 'min_child_samples': 1}. Best is trial 376 with value: 0.4690500608124332.
[I 2025-03-09 17:39:32,540] Trial 448 finished with value: 0.47749513473555866 and parameters: {'learning_rate': 0.018479038887108442, 'depth': 9, 'l2_leaf_reg': 0.1445496247457377, 'min_child_samples': 1}. Best is trial 376 with value: 0.4690500608124332.
[I 2025-03-09 17:39:35,235] Trial 449 finished with value: 0.47365848121547677 and parameters: {'learning_rate': 0.01935905617298721, 'depth': 10, 'l2_leaf_reg': 0.10942600111146611, 'min_child_samples': 16}. Best is trial 376 with value: 0.4690500608124332.
