[I 2025-03-09 15:53:13,795] Trial 168 finished with value: 0.29598967761039 and parameters: {'learning_rate': 0.018818508479228585, 'depth': 8, 'l2_leaf_reg': 2.2884423963649003, 'min_child_samples': 16}. Best is trial 156 with value: 0.2732039951108717.
[I 2025-03-09 15:53:17,675] Trial 169 finished with value: 0.28191066648782553 and parameters: {'learning_rate': 0.01760400827891809, 'depth': 12, 'l2_leaf_reg': 2.004181168166499, 'min_child_samples': 1}. Best is trial 156 with value: 0.2732039951108717.
[I 2025-03-09 15:53:27,564] Trial 170 finished with value: 0.2815695441846522 and parameters: {'learning_rate': 0.018367430815011156, 'depth': 14, 'l2_leaf_reg': 2.4711150853306703, 'min_child_samples': 16}. Best is trial 156 with value: 0.2732039951108717.
[I 2025-03-09 15:53:33,608] Trial 171 finished with value: 0.2758428752522269 and parameters: {'learning_rate': 0.019907687278172687, 'depth': 13, 'l2_leaf_reg': 2.1309700893343395, 'min_child_samples': 16}. Best is trial 156 with value: 0.2732039951108717.
[I 2025-03-09 15:53:39,442] Trial 172 finished with value: 0.273234742311232 and parameters: {'learning_rate': 0.019961607641544643, 'depth': 13, 'l2_leaf_reg': 2.1622583807762847, 'min_child_samples': 16}. Best is trial 156 with value: 0.2732039951108717.
[I 2025-03-09 15:53:45,238] Trial 173 finished with value: 0.2775284358343655 and parameters: {'learning_rate': 0.019497610809528585, 'depth': 13, 'l2_leaf_reg': 2.399581635700224, 'min_child_samples': 16}. Best is trial 156 with value: 0.2732039951108717.
[I 2025-03-09 15:53:49,264] Trial 174 finished with value: 0.2810109005717852 and parameters: {'learning_rate': 0.019137820312803342, 'depth': 12, 'l2_leaf_reg': 1.9252378405068158, 'min_child_samples': 16}. Best is trial 156 with value: 0.2732039951108717.
[I 2025-03-09 15:53:55,285] Trial 175 finished with value: 0.27900969595258635 and parameters: {'learning_rate': 0.019554594538952513, 'depth': 13, 'l2_leaf_reg': 2.335883096953122, 'min_child_samples': 8}. Best is trial 156 with value: 0.2732039951108717.
[I 2025-03-09 15:54:04,807] Trial 176 finished with value: 0.36747185051229747 and parameters: {'learning_rate': 0.002892440429893746, 'depth': 14, 'l2_leaf_reg': 2.176654809611118, 'min_child_samples': 16}. Best is trial 156 with value: 0.2732039951108717.
[I 2025-03-09 15:54:10,706] Trial 177 finished with value: 0.27538375588753033 and parameters: {'learning_rate': 0.01914548285185116, 'depth': 13, 'l2_leaf_reg': 1.8711894238668014, 'min_child_samples': 16}. Best is trial 156 with value: 0.2732039951108717.
[I 2025-03-09 15:54:16,541] Trial 178 finished with value: 0.27465135120896084 and parameters: {'learning_rate': 0.018648915202810593, 'depth': 13, 'l2_leaf_reg': 1.883072646819511, 'min_child_samples': 16}. Best is trial 156 with value: 0.2732039951108717.
[I 2025-03-09 15:54:22,567] Trial 179 finished with value: 0.27330398155698715 and parameters: {'learning_rate': 0.018054351968298025, 'depth': 13, 'l2_leaf_reg': 1.9023300318094982, 'min_child_samples': 16}. Best is trial 156 with value: 0.2732039951108717.
[I 2025-03-09 15:54:32,227] Trial 180 finished with value: 0.2801889039034816 and parameters: {'learning_rate': 0.017924116062061415, 'depth': 14, 'l2_leaf_reg': 1.7149193353401806, 'min_child_samples': 16}. Best is trial 156 with value: 0.2732039951108717.
[I 2025-03-09 15:54:38,108] Trial 181 finished with value: 0.27533684489462873 and parameters: {'learning_rate': 0.018477281374127876, 'depth': 13, 'l2_leaf_reg': 1.8528408924307656, 'min_child_samples': 16}. Best is trial 156 with value: 0.2732039951108717.
[I 2025-03-09 15:54:43,824] Trial 182 finished with value: 0.27471116783978466 and parameters: {'learning_rate': 0.018527113743752138, 'depth': 13, 'l2_leaf_reg': 1.8426130248250896, 'min_child_samples': 16}. Best is trial 156 with value: 0.2732039951108717.
[I 2025-03-09 15:54:49,777] Trial 183 finished with value: 0.27490765004081225 and parameters: {'learning_rate': 0.017328857623038135, 'depth': 13, 'l2_leaf_reg': 1.9193044520875164, 'min_child_samples': 16}. Best is trial 156 with value: 0.2732039951108717.
[I 2025-03-09 15:54:55,829] Trial 184 finished with value: 0.2777277232767531 and parameters: {'learning_rate': 0.01817269986731948, 'depth': 13, 'l2_leaf_reg': 2.0074274377742762, 'min_child_samples': 16}. Best is trial 156 with value: 0.2732039951108717.
[I 2025-03-09 15:55:01,599] Trial 185 finished with value: 0.2769125192789456 and parameters: {'learning_rate': 0.017506495988122078, 'depth': 13, 'l2_leaf_reg': 1.9234117015830368, 'min_child_samples': 16}. Best is trial 156 with value: 0.2732039951108717.
[I 2025-03-09 15:55:11,395] Trial 186 finished with value: 0.2809147309669531 and parameters: {'learning_rate': 0.018729592848886943, 'depth': 14, 'l2_leaf_reg': 2.0689358990166253, 'min_child_samples': 16}. Best is trial 156 with value: 0.2732039951108717.
[I 2025-03-09 15:55:15,189] Trial 187 finished with value: 0.2758412899752251 and parameters: {'learning_rate': 0.019649940789742852, 'depth': 12, 'l2_leaf_reg': 1.7694402632189097, 'min_child_samples': 16}. Best is trial 156 with value: 0.2732039951108717.
[I 2025-03-09 15:55:21,091] Trial 188 finished with value: 0.2749638895692011 and parameters: {'learning_rate': 0.01996595351108088, 'depth': 13, 'l2_leaf_reg': 1.8285938682842553, 'min_child_samples': 16}. Best is trial 156 with value: 0.2732039951108717.
[I 2025-03-09 15:55:26,973] Trial 189 finished with value: 0.27687841891843545 and parameters: {'learning_rate': 0.018819895110509986, 'depth': 13, 'l2_leaf_reg': 1.8513007501054315, 'min_child_samples': 16}. Best is trial 156 with value: 0.2732039951108717.
[I 2025-03-09 15:55:33,109] Trial 190 finished with value: 0.2770683361358449 and parameters: {'learning_rate': 0.018050868593585893, 'depth': 13, 'l2_leaf_reg': 1.9217971354763674, 'min_child_samples': 16}. Best is trial 156 with value: 0.2732039951108717.
[I 2025-03-09 15:55:38,862] Trial 191 finished with value: 0.2782422582041909 and parameters: {'learning_rate': 0.019650884446017796, 'depth': 13, 'l2_leaf_reg': 1.8080318537160611, 'min_child_samples': 16}. Best is trial 156 with value: 0.2732039951108717.
[I 2025-03-09 15:55:39,837] Trial 192 finished with value: 0.44664859254943495 and parameters: {'learning_rate': 0.019927214354772717, 'depth': 1, 'l2_leaf_reg': 1.9602007479733556, 'min_child_samples': 16}. Best is trial 156 with value: 0.2732039951108717.
[I 2025-03-09 15:55:45,805] Trial 193 finished with value: 0.2768859019897987 and parameters: {'learning_rate': 0.019404939594011274, 'depth': 13, 'l2_leaf_reg': 1.7226795846843406, 'min_child_samples': 16}. Best is trial 156 with value: 0.2732039951108717.
[I 2025-03-09 15:55:52,018] Trial 194 finished with value: 0.2735724461072589 and parameters: {'learning_rate': 0.01854210998479494, 'depth': 13, 'l2_leaf_reg': 1.869459181668531, 'min_child_samples': 16}. Best is trial 156 with value: 0.2732039951108717.
[I 2025-03-09 15:56:02,057] Trial 195 finished with value: 0.27758068208952114 and parameters: {'learning_rate': 0.018380372470429784, 'depth': 14, 'l2_leaf_reg': 1.8876972667650218, 'min_child_samples': 16}. Best is trial 156 with value: 0.2732039951108717.
[I 2025-03-09 15:56:07,594] Trial 196 finished with value: 0.27364316933630517 and parameters: {'learning_rate': 0.01740915046902094, 'depth': 13, 'l2_leaf_reg': 2.0306353483479946, 'min_child_samples': 8}. Best is trial 156 with value: 0.2732039951108717.
[I 2025-03-09 15:56:13,349] Trial 197 finished with value: 0.2751617250768252 and parameters: {'learning_rate': 0.01859437851908243, 'depth': 13, 'l2_leaf_reg': 1.9956240327951311, 'min_child_samples': 8}. Best is trial 156 with value: 0.2732039951108717.
[I 2025-03-09 15:56:17,228] Trial 198 finished with value: 0.27926462284212433 and parameters: {'learning_rate': 0.017633772534536227, 'depth': 12, 'l2_leaf_reg': 2.030646334314748, 'min_child_samples': 16}. Best is trial 156 with value: 0.2732039951108717.
[I 2025-03-09 15:56:26,981] Trial 199 finished with value: 0.2894964423081141 and parameters: {'learning_rate': 0.010493621164034026, 'depth': 14, 'l2_leaf_reg': 1.8156082040377877, 'min_child_samples': 8}. Best is trial 156 with value: 0.2732039951108717.
[I 2025-03-09 15:56:28,157] Trial 200 finished with value: 0.3296390656769924 and parameters: {'learning_rate': 0.018963366106519122, 'depth': 5, 'l2_leaf_reg': 2.126035273221621, 'min_child_samples': 8}. Best is trial 156 with value: 0.2732039951108717.
[I 2025-03-09 15:56:34,159] Trial 201 finished with value: 0.2754861622327901 and parameters: {'learning_rate': 0.017365227439232134, 'depth': 13, 'l2_leaf_reg': 1.8919271930492405, 'min_child_samples': 1}. Best is trial 156 with value: 0.2732039951108717.
[I 2025-03-09 15:56:40,096] Trial 202 finished with value: 0.2727660480795777 and parameters: {'learning_rate': 0.019996080962582232, 'depth': 13, 'l2_leaf_reg': 1.6772370885473045, 'min_child_samples': 8}. Best is trial 202 with value: 0.2727660480795777.
[I 2025-03-09 15:56:45,930] Trial 203 finished with value: 0.2753451914668535 and parameters: {'learning_rate': 0.019253320598102235, 'depth': 13, 'l2_leaf_reg': 1.6280941134244455, 'min_child_samples': 8}. Best is trial 202 with value: 0.2727660480795777.
[I 2025-03-09 15:56:51,877] Trial 204 finished with value: 0.2739068357321248 and parameters: {'learning_rate': 0.019975570748929392, 'depth': 13, 'l2_leaf_reg': 1.6820959703412481, 'min_child_samples': 8}. Best is trial 202 with value: 0.2727660480795777.
[I 2025-03-09 15:56:57,805] Trial 205 finished with value: 0.27389061761032024 and parameters: {'learning_rate': 0.019880702920563476, 'depth': 13, 'l2_leaf_reg': 1.5837723682928793, 'min_child_samples': 8}. Best is trial 202 with value: 0.2727660480795777.
[I 2025-03-09 15:57:03,703] Trial 206 finished with value: 0.27461614174846255 and parameters: {'learning_rate': 0.019977142146311664, 'depth': 13, 'l2_leaf_reg': 1.5435729864910321, 'min_child_samples': 8}. Best is trial 202 with value: 0.2727660480795777.
[I 2025-03-09 15:57:07,576] Trial 207 finished with value: 0.27985256168289063 and parameters: {'learning_rate': 0.019393585484899344, 'depth': 12, 'l2_leaf_reg': 1.6816456750852913, 'min_child_samples': 8}. Best is trial 202 with value: 0.2727660480795777.
[I 2025-03-09 15:57:17,291] Trial 208 finished with value: 0.2780170603255508 and parameters: {'learning_rate': 0.019924035009330165, 'depth': 14, 'l2_leaf_reg': 1.5523561822318281, 'min_child_samples': 8}. Best is trial 202 with value: 0.2727660480795777.
[I 2025-03-09 15:57:23,096] Trial 209 finished with value: 0.2753196522426542 and parameters: {'learning_rate': 0.019974610361564414, 'depth': 13, 'l2_leaf_reg': 1.4622346686146805, 'min_child_samples': 8}. Best is trial 202 with value: 0.2727660480795777.
[I 2025-03-09 15:57:24,454] Trial 210 finished with value: 0.31691188189847547 and parameters: {'learning_rate': 0.018913564604928074, 'depth': 6, 'l2_leaf_reg': 1.7481127507635061, 'min_child_samples': 8}. Best is trial 202 with value: 0.2727660480795777.
[I 2025-03-09 15:57:30,253] Trial 211 finished with value: 0.2777627997833263 and parameters: {'learning_rate': 0.019454226116745892, 'depth': 13, 'l2_leaf_reg': 1.3727029611778678, 'min_child_samples': 8}. Best is trial 202 with value: 0.2727660480795777.
[I 2025-03-09 15:57:36,110] Trial 212 finished with value: 0.2768822923454666 and parameters: {'learning_rate': 0.01958744450142997, 'depth': 13, 'l2_leaf_reg': 1.5813297245693516, 'min_child_samples': 8}. Best is trial 202 with value: 0.2727660480795777.
[I 2025-03-09 15:57:42,239] Trial 213 finished with value: 0.27417135664081566 and parameters: {'learning_rate': 0.018695488547955046, 'depth': 13, 'l2_leaf_reg': 1.5878275416746663, 'min_child_samples': 8}. Best is trial 202 with value: 0.2727660480795777.
[I 2025-03-09 15:57:48,190] Trial 214 finished with value: 0.2753207241050515 and parameters: {'learning_rate': 0.018743122049618106, 'depth': 13, 'l2_leaf_reg': 1.6150425324647308, 'min_child_samples': 8}. Best is trial 202 with value: 0.2727660480795777.
[I 2025-03-09 15:57:51,962] Trial 215 finished with value: 0.28140452715517744 and parameters: {'learning_rate': 0.01999415441124807, 'depth': 12, 'l2_leaf_reg': 1.6801795007351092, 'min_child_samples': 8}. Best is trial 202 with value: 0.2727660480795777.
[I 2025-03-09 15:57:57,888] Trial 216 finished with value: 0.27379061623584666 and parameters: {'learning_rate': 0.01915356412949543, 'depth': 13, 'l2_leaf_reg': 1.539380500465367, 'min_child_samples': 8}. Best is trial 202 with value: 0.2727660480795777.
[I 2025-03-09 15:58:07,375] Trial 217 finished with value: 0.2802834733661343 and parameters: {'learning_rate': 0.019152835432810447, 'depth': 14, 'l2_leaf_reg': 1.5683413857941204, 'min_child_samples': 8}. Best is trial 202 with value: 0.2727660480795777.
[I 2025-03-09 15:58:13,255] Trial 218 finished with value: 0.27595582083837483 and parameters: {'learning_rate': 0.019343217572401913, 'depth': 13, 'l2_leaf_reg': 1.5078563087229797, 'min_child_samples': 8}. Best is trial 202 with value: 0.2727660480795777.
[I 2025-03-09 15:58:17,185] Trial 219 finished with value: 0.28190751652566987 and parameters: {'learning_rate': 0.018512608208566275, 'depth': 12, 'l2_leaf_reg': 1.650888241979614, 'min_child_samples': 8}. Best is trial 202 with value: 0.2727660480795777.
[I 2025-03-09 15:58:23,160] Trial 220 finished with value: 0.27401706641089063 and parameters: {'learning_rate': 0.01892003827612952, 'depth': 13, 'l2_leaf_reg': 1.4347393858246018, 'min_child_samples': 8}. Best is trial 202 with value: 0.2727660480795777.
[I 2025-03-09 15:58:28,986] Trial 221 finished with value: 0.2753114259138249 and parameters: {'learning_rate': 0.0189065560126661, 'depth': 13, 'l2_leaf_reg': 1.535927259798279, 'min_child_samples': 8}. Best is trial 202 with value: 0.2727660480795777.
[I 2025-03-09 15:58:35,291] Trial 222 finished with value: 0.2772606449070606 and parameters: {'learning_rate': 0.01959592376569211, 'depth': 13, 'l2_leaf_reg': 1.44087102334592, 'min_child_samples': 8}. Best is trial 202 with value: 0.2727660480795777.
[I 2025-03-09 15:58:41,240] Trial 223 finished with value: 0.2822942202739326 and parameters: {'learning_rate': 0.011367371045120298, 'depth': 13, 'l2_leaf_reg': 1.7016684677133365, 'min_child_samples': 8}. Best is trial 202 with value: 0.2727660480795777.
[I 2025-03-09 15:58:53,297] Trial 224 finished with value: 0.27459926428182174 and parameters: {'learning_rate': 0.019128319834520863, 'depth': 13, 'l2_leaf_reg': 1.60183037579534, 'min_child_samples': 8}. Best is trial 202 with value: 0.2727660480795777.
[I 2025-03-09 15:59:23,464] Trial 225 finished with value: 0.27523066137925833 and parameters: {'learning_rate': 0.019156356483134206, 'depth': 13, 'l2_leaf_reg': 1.5896082441051607, 'min_child_samples': 8}. Best is trial 202 with value: 0.2727660480795777.
[I 2025-03-09 15:59:33,123] Trial 226 finished with value: 0.2771517608114304 and parameters: {'learning_rate': 0.019994446330291047, 'depth': 14, 'l2_leaf_reg': 1.618949929187482, 'min_child_samples': 8}. Best is trial 202 with value: 0.2727660480795777.
[I 2025-03-09 15:59:38,888] Trial 227 finished with value: 0.2738014233012317 and parameters: {'learning_rate': 0.019506067145833254, 'depth': 13, 'l2_leaf_reg': 1.4953999178005521, 'min_child_samples': 8}. Best is trial 202 with value: 0.2727660480795777.
[I 2025-03-09 15:59:42,900] Trial 228 finished with value: 0.27631605101589457 and parameters: {'learning_rate': 0.01954688659424706, 'depth': 12, 'l2_leaf_reg': 1.3755664983111169, 'min_child_samples': 8}. Best is trial 202 with value: 0.2727660480795777.
[I 2025-03-09 15:59:48,830] Trial 229 finished with value: 0.27262694555267564 and parameters: {'learning_rate': 0.019213499508389877, 'depth': 13, 'l2_leaf_reg': 1.3004369420679782, 'min_child_samples': 8}. Best is trial 229 with value: 0.27262694555267564.
[I 2025-03-09 15:59:54,762] Trial 230 finished with value: 0.27345081475831623 and parameters: {'learning_rate': 0.019175701302511547, 'depth': 13, 'l2_leaf_reg': 1.314062945005522, 'min_child_samples': 8}. Best is trial 229 with value: 0.27262694555267564.
[I 2025-03-09 16:00:00,386] Trial 231 finished with value: 0.2740480417004974 and parameters: {'learning_rate': 0.019114322820486293, 'depth': 13, 'l2_leaf_reg': 1.288498129430817, 'min_child_samples': 8}. Best is trial 229 with value: 0.27262694555267564.
[I 2025-03-09 16:00:06,290] Trial 232 finished with value: 0.2733559227626766 and parameters: {'learning_rate': 0.019118196830181542, 'depth': 13, 'l2_leaf_reg': 1.2971333696174396, 'min_child_samples': 8}. Best is trial 229 with value: 0.27262694555267564.
[I 2025-03-09 16:00:12,411] Trial 233 finished with value: 0.27786981601306426 and parameters: {'learning_rate': 0.01928663494790687, 'depth': 13, 'l2_leaf_reg': 1.2296801992313402, 'min_child_samples': 8}. Best is trial 229 with value: 0.27262694555267564.
[I 2025-03-09 16:00:18,180] Trial 234 finished with value: 0.27319889830627375 and parameters: {'learning_rate': 0.018946869479987027, 'depth': 13, 'l2_leaf_reg': 1.314973250215037, 'min_child_samples': 8}. Best is trial 229 with value: 0.27262694555267564.
[I 2025-03-09 16:00:19,509] Trial 235 finished with value: 0.39308815977114797 and parameters: {'learning_rate': 0.018897653803763546, 'depth': 2, 'l2_leaf_reg': 1.2956977284448303, 'min_child_samples': 8}. Best is trial 229 with value: 0.27262694555267564.
[I 2025-03-09 16:00:25,464] Trial 236 finished with value: 0.2781629038842478 and parameters: {'learning_rate': 0.01944846238502229, 'depth': 13, 'l2_leaf_reg': 1.2071563728654873, 'min_child_samples': 8}. Best is trial 229 with value: 0.27262694555267564.
[I 2025-03-09 16:00:35,403] Trial 237 finished with value: 0.28012759865433806 and parameters: {'learning_rate': 0.018162105134791492, 'depth': 14, 'l2_leaf_reg': 1.302579153497454, 'min_child_samples': 8}. Best is trial 229 with value: 0.27262694555267564.
[I 2025-03-09 16:00:41,236] Trial 238 finished with value: 0.27555051569226147 and parameters: {'learning_rate': 0.01898316961787708, 'depth': 13, 'l2_leaf_reg': 1.1470091762055943, 'min_child_samples': 8}. Best is trial 229 with value: 0.27262694555267564.
[I 2025-03-09 16:00:47,178] Trial 239 finished with value: 0.2772471999869503 and parameters: {'learning_rate': 0.01958219771856174, 'depth': 13, 'l2_leaf_reg': 1.3959719365602286, 'min_child_samples': 8}. Best is trial 229 with value: 0.27262694555267564.
[I 2025-03-09 16:00:53,200] Trial 240 finished with value: 0.27457263430563866 and parameters: {'learning_rate': 0.01921979687128205, 'depth': 13, 'l2_leaf_reg': 1.2483043163853518, 'min_child_samples': 8}. Best is trial 229 with value: 0.27262694555267564.
[I 2025-03-09 16:00:59,072] Trial 241 finished with value: 0.2754420918128448 and parameters: {'learning_rate': 0.0187560149312215, 'depth': 13, 'l2_leaf_reg': 1.3406296149541954, 'min_child_samples': 8}. Best is trial 229 with value: 0.27262694555267564.
[I 2025-03-09 16:01:04,963] Trial 242 finished with value: 0.27805941096578185 and parameters: {'learning_rate': 0.019628598161345504, 'depth': 13, 'l2_leaf_reg': 1.420110671508613, 'min_child_samples': 8}. Best is trial 229 with value: 0.27262694555267564.
[I 2025-03-09 16:01:10,904] Trial 243 finished with value: 0.2747310818696568 and parameters: {'learning_rate': 0.018260543264657612, 'depth': 13, 'l2_leaf_reg': 1.478292659626958, 'min_child_samples': 8}. Best is trial 229 with value: 0.27262694555267564.
[I 2025-03-09 16:01:16,838] Trial 244 finished with value: 0.273704775799437 and parameters: {'learning_rate': 0.01922420202645895, 'depth': 13, 'l2_leaf_reg': 1.3358252866871618, 'min_child_samples': 8}. Best is trial 229 with value: 0.27262694555267564.
[I 2025-03-09 16:01:20,570] Trial 245 finished with value: 0.27988272555371474 and parameters: {'learning_rate': 0.01923663698050424, 'depth': 12, 'l2_leaf_reg': 1.353412409767058, 'min_child_samples': 8}. Best is trial 229 with value: 0.27262694555267564.
[I 2025-03-09 16:01:26,518] Trial 246 finished with value: 0.2744753451224891 and parameters: {'learning_rate': 0.018853298045654717, 'depth': 13, 'l2_leaf_reg': 1.2873376961248466, 'min_child_samples': 8}. Best is trial 229 with value: 0.27262694555267564.
[I 2025-03-09 16:01:36,289] Trial 247 finished with value: 0.27857886665571013 and parameters: {'learning_rate': 0.019517458511259616, 'depth': 14, 'l2_leaf_reg': 1.1572044698215138, 'min_child_samples': 8}. Best is trial 229 with value: 0.27262694555267564.
[I 2025-03-09 16:01:42,139] Trial 248 finished with value: 0.2744850315031439 and parameters: {'learning_rate': 0.0199856206241309, 'depth': 13, 'l2_leaf_reg': 1.3428974248914414, 'min_child_samples': 8}. Best is trial 229 with value: 0.27262694555267564.
[I 2025-03-09 16:01:48,010] Trial 249 finished with value: 0.27414678711056106 and parameters: {'learning_rate': 0.018589183503000282, 'depth': 13, 'l2_leaf_reg': 1.4072773122122155, 'min_child_samples': 8}. Best is trial 229 with value: 0.27262694555267564.
[I 2025-03-09 16:01:51,823] Trial 250 finished with value: 0.27939702884574236 and parameters: {'learning_rate': 0.01842236835714912, 'depth': 12, 'l2_leaf_reg': 1.4265627744005687, 'min_child_samples': 8}. Best is trial 229 with value: 0.27262694555267564.
[I 2025-03-09 16:01:57,632] Trial 251 finished with value: 0.27633794370780285 and parameters: {'learning_rate': 0.019255795483563702, 'depth': 13, 'l2_leaf_reg': 1.4093918757106152, 'min_child_samples': 8}. Best is trial 229 with value: 0.27262694555267564.
[I 2025-03-09 16:02:03,314] Trial 252 finished with value: 0.27854048451844504 and parameters: {'learning_rate': 0.019605947064651623, 'depth': 13, 'l2_leaf_reg': 1.254020152273586, 'min_child_samples': 8}. Best is trial 229 with value: 0.27262694555267564.
