[I 2025-03-09 16:55:44,910] Trial 101 finished with value: 0.18916365932746068 and parameters: {'learning_rate': 0.01901430279373803, 'depth': 11, 'l2_leaf_reg': 2.0096790648455425, 'min_child_samples': 4}. Best is trial 100 with value: 0.18673831502092916.
[I 2025-03-09 16:55:47,930] Trial 102 finished with value: 0.5306445298876137 and parameters: {'learning_rate': 0.0025178995284942498, 'depth': 11, 'l2_leaf_reg': 1.7636539272526415, 'min_child_samples': 4}. Best is trial 100 with value: 0.18673831502092916.
[I 2025-03-09 16:55:50,340] Trial 103 finished with value: 0.1908030824058599 and parameters: {'learning_rate': 0.01999675376324682, 'depth': 10, 'l2_leaf_reg': 2.2961395784007546, 'min_child_samples': 4}. Best is trial 100 with value: 0.18673831502092916.
[I 2025-03-09 16:55:54,423] Trial 104 finished with value: 0.1913942599293033 and parameters: {'learning_rate': 0.018195369820159613, 'depth': 12, 'l2_leaf_reg': 2.1392899544744686, 'min_child_samples': 4}. Best is trial 100 with value: 0.18673831502092916.
[I 2025-03-09 16:56:00,351] Trial 105 finished with value: 0.19456004456076711 and parameters: {'learning_rate': 0.01858889503989332, 'depth': 13, 'l2_leaf_reg': 1.5599587233333332, 'min_child_samples': 4}. Best is trial 100 with value: 0.18673831502092916.
[I 2025-03-09 16:56:03,168] Trial 106 finished with value: 0.18900333135550676 and parameters: {'learning_rate': 0.019281224670189057, 'depth': 11, 'l2_leaf_reg': 1.9627322968625454, 'min_child_samples': 1}. Best is trial 100 with value: 0.18673831502092916.
[I 2025-03-09 16:56:05,353] Trial 107 finished with value: 0.1977211171769554 and parameters: {'learning_rate': 0.019644990220103957, 'depth': 9, 'l2_leaf_reg': 1.2619701912949925, 'min_child_samples': 4}. Best is trial 100 with value: 0.18673831502092916.
[I 2025-03-09 16:56:07,959] Trial 108 finished with value: 0.1929183202647614 and parameters: {'learning_rate': 0.017921685265088503, 'depth': 10, 'l2_leaf_reg': 1.862235006304167, 'min_child_samples': 4}. Best is trial 100 with value: 0.18673831502092916.
[I 2025-03-09 16:56:09,450] Trial 109 finished with value: 0.30508153181072845 and parameters: {'learning_rate': 0.017403987000912467, 'depth': 4, 'l2_leaf_reg': 1.4637188960992833, 'min_child_samples': 4}. Best is trial 100 with value: 0.18673831502092916.
[I 2025-03-09 16:56:13,229] Trial 110 finished with value: 0.1929930970718268 and parameters: {'learning_rate': 0.0188716786531721, 'depth': 12, 'l2_leaf_reg': 0.8189807825156843, 'min_child_samples': 4}. Best is trial 100 with value: 0.18673831502092916.
[I 2025-03-09 16:56:16,394] Trial 111 finished with value: 0.18804109466693714 and parameters: {'learning_rate': 0.019106842170022453, 'depth': 11, 'l2_leaf_reg': 1.623776389719814, 'min_child_samples': 4}. Best is trial 100 with value: 0.18673831502092916.
[I 2025-03-09 16:56:19,365] Trial 112 finished with value: 0.18860864811951208 and parameters: {'learning_rate': 0.019126178361262174, 'depth': 11, 'l2_leaf_reg': 1.7549696280511973, 'min_child_samples': 4}. Best is trial 100 with value: 0.18673831502092916.
[I 2025-03-09 16:56:22,492] Trial 113 finished with value: 0.18768490875775218 and parameters: {'learning_rate': 0.0199883622845133, 'depth': 11, 'l2_leaf_reg': 1.6208270861483751, 'min_child_samples': 4}. Best is trial 100 with value: 0.18673831502092916.
[I 2025-03-09 16:56:24,949] Trial 114 finished with value: 0.19220315926796028 and parameters: {'learning_rate': 0.01852633046284471, 'depth': 10, 'l2_leaf_reg': 1.7961717934254886, 'min_child_samples': 4}. Best is trial 100 with value: 0.18673831502092916.
[I 2025-03-09 16:56:28,045] Trial 115 finished with value: 0.1883034897894584 and parameters: {'learning_rate': 0.01995062462912049, 'depth': 11, 'l2_leaf_reg': 1.621024596769101, 'min_child_samples': 8}. Best is trial 100 with value: 0.18673831502092916.
[I 2025-03-09 16:56:31,878] Trial 116 finished with value: 0.18924528347598985 and parameters: {'learning_rate': 0.01987650899038561, 'depth': 12, 'l2_leaf_reg': 1.3710439877529232, 'min_child_samples': 8}. Best is trial 100 with value: 0.18673831502092916.
[I 2025-03-09 16:56:37,893] Trial 117 finished with value: 0.19475589407867483 and parameters: {'learning_rate': 0.019729690375379992, 'depth': 13, 'l2_leaf_reg': 1.6161855425072325, 'min_child_samples': 8}. Best is trial 100 with value: 0.18673831502092916.
[I 2025-03-09 16:56:40,675] Trial 118 finished with value: 0.18874627170037117 and parameters: {'learning_rate': 0.01914735253289969, 'depth': 11, 'l2_leaf_reg': 0.9281881064060913, 'min_child_samples': 8}. Best is trial 100 with value: 0.18673831502092916.
[I 2025-03-09 16:56:44,700] Trial 119 finished with value: 0.1925797017451643 and parameters: {'learning_rate': 0.019598869448527585, 'depth': 12, 'l2_leaf_reg': 1.5771821143142823, 'min_child_samples': 8}. Best is trial 100 with value: 0.18673831502092916.
[I 2025-03-09 16:56:47,070] Trial 120 finished with value: 0.18881724069322917 and parameters: {'learning_rate': 0.019983588851342902, 'depth': 10, 'l2_leaf_reg': 1.4468806600635982, 'min_child_samples': 16}. Best is trial 100 with value: 0.18673831502092916.
[I 2025-03-09 16:56:50,011] Trial 121 finished with value: 0.18808022060803598 and parameters: {'learning_rate': 0.01901822521332873, 'depth': 11, 'l2_leaf_reg': 1.0453261028545364, 'min_child_samples': 8}. Best is trial 100 with value: 0.18673831502092916.
[I 2025-03-09 16:56:53,151] Trial 122 finished with value: 0.18939346787369518 and parameters: {'learning_rate': 0.018990469299050967, 'depth': 11, 'l2_leaf_reg': 1.0563553178458747, 'min_child_samples': 8}. Best is trial 100 with value: 0.18673831502092916.
[I 2025-03-09 16:56:56,045] Trial 123 finished with value: 0.1904603184467966 and parameters: {'learning_rate': 0.01803791810257517, 'depth': 11, 'l2_leaf_reg': 1.7113051546642495, 'min_child_samples': 8}. Best is trial 100 with value: 0.18673831502092916.
[I 2025-03-09 16:57:00,090] Trial 124 finished with value: 0.19108267713590657 and parameters: {'learning_rate': 0.019254266321015498, 'depth': 12, 'l2_leaf_reg': 1.1769985511900882, 'min_child_samples': 8}. Best is trial 100 with value: 0.18673831502092916.
[I 2025-03-09 16:57:03,110] Trial 125 finished with value: 0.18938541229066305 and parameters: {'learning_rate': 0.018336350634064892, 'depth': 11, 'l2_leaf_reg': 1.5105617144989003, 'min_child_samples': 8}. Best is trial 100 with value: 0.18673831502092916.
[I 2025-03-09 16:57:05,457] Trial 126 finished with value: 0.19330463362752062 and parameters: {'learning_rate': 0.018811013938457313, 'depth': 10, 'l2_leaf_reg': 0.9971273483004749, 'min_child_samples': 32}. Best is trial 100 with value: 0.18673831502092916.
[I 2025-03-09 16:57:08,608] Trial 127 finished with value: 0.18770224740199054 and parameters: {'learning_rate': 0.019976433348149383, 'depth': 11, 'l2_leaf_reg': 0.8887964074779897, 'min_child_samples': 8}. Best is trial 100 with value: 0.18673831502092916.
[I 2025-03-09 16:57:12,669] Trial 128 finished with value: 0.19082792650550015 and parameters: {'learning_rate': 0.01957855659331192, 'depth': 12, 'l2_leaf_reg': 1.1262643008680853, 'min_child_samples': 8}. Best is trial 100 with value: 0.18673831502092916.
[I 2025-03-09 16:57:15,875] Trial 129 finished with value: 0.1869360734345071 and parameters: {'learning_rate': 0.019930996648327707, 'depth': 11, 'l2_leaf_reg': 0.8222589024229716, 'min_child_samples': 8}. Best is trial 100 with value: 0.18673831502092916.
[I 2025-03-09 16:57:18,429] Trial 130 finished with value: 0.1896141971554948 and parameters: {'learning_rate': 0.019996670801624657, 'depth': 10, 'l2_leaf_reg': 0.9106663418340085, 'min_child_samples': 8}. Best is trial 100 with value: 0.18673831502092916.
[I 2025-03-09 16:57:21,629] Trial 131 finished with value: 0.18958768249494556 and parameters: {'learning_rate': 0.019443555953284234, 'depth': 11, 'l2_leaf_reg': 0.8159080137532125, 'min_child_samples': 8}. Best is trial 100 with value: 0.18673831502092916.
[I 2025-03-09 16:57:24,636] Trial 132 finished with value: 0.1874942405098812 and parameters: {'learning_rate': 0.019982434770603314, 'depth': 11, 'l2_leaf_reg': 0.5978114648680051, 'min_child_samples': 8}. Best is trial 100 with value: 0.18673831502092916.
[I 2025-03-09 16:57:27,510] Trial 133 finished with value: 0.1877086906668921 and parameters: {'learning_rate': 0.019683036456209977, 'depth': 11, 'l2_leaf_reg': 0.7443409032921001, 'min_child_samples': 8}. Best is trial 100 with value: 0.18673831502092916.
[I 2025-03-09 16:57:31,517] Trial 134 finished with value: 0.19219596011347925 and parameters: {'learning_rate': 0.019691163882190894, 'depth': 12, 'l2_leaf_reg': 0.76568271131364, 'min_child_samples': 8}. Best is trial 100 with value: 0.18673831502092916.
[I 2025-03-09 16:57:34,651] Trial 135 finished with value: 0.18806596966486966 and parameters: {'learning_rate': 0.019999879267889032, 'depth': 11, 'l2_leaf_reg': 0.6467719357144678, 'min_child_samples': 8}. Best is trial 100 with value: 0.18673831502092916.
[I 2025-03-09 16:57:37,049] Trial 136 finished with value: 0.19054343134894533 and parameters: {'learning_rate': 0.01999696868123615, 'depth': 10, 'l2_leaf_reg': 0.6151526653097339, 'min_child_samples': 8}. Best is trial 100 with value: 0.18673831502092916.
[I 2025-03-09 16:57:40,098] Trial 137 finished with value: 0.18888342825178245 and parameters: {'learning_rate': 0.018820882316444746, 'depth': 11, 'l2_leaf_reg': 0.5350038046014418, 'min_child_samples': 8}. Best is trial 100 with value: 0.18673831502092916.
[I 2025-03-09 16:57:43,071] Trial 138 finished with value: 0.1889752159452537 and parameters: {'learning_rate': 0.019414821604734102, 'depth': 11, 'l2_leaf_reg': 0.44054559435392915, 'min_child_samples': 8}. Best is trial 100 with value: 0.18673831502092916.
[I 2025-03-09 16:57:47,045] Trial 139 finished with value: 0.1913376804411757 and parameters: {'learning_rate': 0.01852654244320865, 'depth': 12, 'l2_leaf_reg': 0.5872057050499339, 'min_child_samples': 8}. Best is trial 100 with value: 0.18673831502092916.
[I 2025-03-09 16:57:49,396] Trial 140 finished with value: 0.1916016775460039 and parameters: {'learning_rate': 0.01942570126845571, 'depth': 10, 'l2_leaf_reg': 0.6666414301746645, 'min_child_samples': 8}. Best is trial 100 with value: 0.18673831502092916.
[I 2025-03-09 16:57:52,541] Trial 141 finished with value: 0.18751024092905558 and parameters: {'learning_rate': 0.01997140452957796, 'depth': 11, 'l2_leaf_reg': 0.7113978057656614, 'min_child_samples': 8}. Best is trial 100 with value: 0.18673831502092916.
[I 2025-03-09 16:57:56,641] Trial 142 finished with value: 0.19278176053073953 and parameters: {'learning_rate': 0.01905208159114973, 'depth': 12, 'l2_leaf_reg': 0.6839492242024169, 'min_child_samples': 8}. Best is trial 100 with value: 0.18673831502092916.
[I 2025-03-09 16:57:59,745] Trial 143 finished with value: 0.1886176746175499 and parameters: {'learning_rate': 0.019603038886511454, 'depth': 11, 'l2_leaf_reg': 0.7297738527727166, 'min_child_samples': 8}. Best is trial 100 with value: 0.18673831502092916.
[I 2025-03-09 16:58:02,481] Trial 144 finished with value: 0.18793259180179578 and parameters: {'learning_rate': 0.019631734797018578, 'depth': 11, 'l2_leaf_reg': 0.8595279059670984, 'min_child_samples': 8}. Best is trial 100 with value: 0.18673831502092916.
[I 2025-03-09 16:58:05,620] Trial 145 finished with value: 0.19668535008271196 and parameters: {'learning_rate': 0.013715716178116172, 'depth': 11, 'l2_leaf_reg': 0.8361559525510296, 'min_child_samples': 8}. Best is trial 100 with value: 0.18673831502092916.
[I 2025-03-09 16:58:08,094] Trial 146 finished with value: 0.1922172019821315 and parameters: {'learning_rate': 0.018791324606758752, 'depth': 10, 'l2_leaf_reg': 0.3365730401041961, 'min_child_samples': 8}. Best is trial 100 with value: 0.18673831502092916.
[I 2025-03-09 16:58:10,236] Trial 147 finished with value: 0.19726461882827762 and parameters: {'learning_rate': 0.019304531773194265, 'depth': 9, 'l2_leaf_reg': 0.8846928621774844, 'min_child_samples': 8}. Best is trial 100 with value: 0.18673831502092916.
[I 2025-03-09 16:58:13,371] Trial 148 finished with value: 0.18673116659140007 and parameters: {'learning_rate': 0.01999217109923918, 'depth': 11, 'l2_leaf_reg': 0.7397343407724961, 'min_child_samples': 8}. Best is trial 148 with value: 0.18673116659140007.
[I 2025-03-09 16:58:16,506] Trial 149 finished with value: 0.18934560674461282 and parameters: {'learning_rate': 0.01965981500858279, 'depth': 11, 'l2_leaf_reg': 0.7628673442785339, 'min_child_samples': 8}. Best is trial 148 with value: 0.18673116659140007.
[I 2025-03-09 16:58:19,156] Trial 150 finished with value: 0.19071157361199445 and parameters: {'learning_rate': 0.01993891289578706, 'depth': 10, 'l2_leaf_reg': 0.4420516119547563, 'min_child_samples': 8}. Best is trial 148 with value: 0.18673116659140007.
[I 2025-03-09 16:58:22,123] Trial 151 finished with value: 0.18778742356179223 and parameters: {'learning_rate': 0.01917272873341261, 'depth': 11, 'l2_leaf_reg': 0.6100648871561463, 'min_child_samples': 8}. Best is trial 148 with value: 0.18673116659140007.
[I 2025-03-09 16:58:25,072] Trial 152 finished with value: 0.18721651286046506 and parameters: {'learning_rate': 0.019991027120909464, 'depth': 11, 'l2_leaf_reg': 0.5923550611858542, 'min_child_samples': 8}. Best is trial 148 with value: 0.18673116659140007.
[I 2025-03-09 16:58:28,211] Trial 153 finished with value: 0.1876182793233727 and parameters: {'learning_rate': 0.019572500899890148, 'depth': 11, 'l2_leaf_reg': 0.22757988009328523, 'min_child_samples': 8}. Best is trial 148 with value: 0.18673116659140007.
[I 2025-03-09 16:58:31,162] Trial 154 finished with value: 0.18726119299259664 and parameters: {'learning_rate': 0.019512858161697077, 'depth': 11, 'l2_leaf_reg': 0.5320047480322032, 'min_child_samples': 8}. Best is trial 148 with value: 0.18673116659140007.
[I 2025-03-09 16:58:35,199] Trial 155 finished with value: 0.19034486783987295 and parameters: {'learning_rate': 0.019497248241429874, 'depth': 12, 'l2_leaf_reg': 0.20551407359787113, 'min_child_samples': 8}. Best is trial 148 with value: 0.18673116659140007.
[I 2025-03-09 16:58:37,594] Trial 156 finished with value: 0.19134805152055642 and parameters: {'learning_rate': 0.019552553140041708, 'depth': 10, 'l2_leaf_reg': 0.013505011165729497, 'min_child_samples': 8}. Best is trial 148 with value: 0.18673116659140007.
[I 2025-03-09 16:58:40,607] Trial 157 finished with value: 0.18863359238822022 and parameters: {'learning_rate': 0.018468950106588496, 'depth': 11, 'l2_leaf_reg': 0.555640287654641, 'min_child_samples': 8}. Best is trial 148 with value: 0.18673116659140007.
[I 2025-03-09 16:58:43,726] Trial 158 finished with value: 0.18899085916403655 and parameters: {'learning_rate': 0.019659129641525865, 'depth': 11, 'l2_leaf_reg': 0.25320622524391856, 'min_child_samples': 8}. Best is trial 148 with value: 0.18673116659140007.
[I 2025-03-09 16:58:46,144] Trial 159 finished with value: 0.19080058881332548 and parameters: {'learning_rate': 0.01998393971891045, 'depth': 10, 'l2_leaf_reg': 0.7079741567503994, 'min_child_samples': 8}. Best is trial 148 with value: 0.18673116659140007.
[I 2025-03-09 16:58:50,271] Trial 160 finished with value: 0.19164309785095474 and parameters: {'learning_rate': 0.019242695532342265, 'depth': 12, 'l2_leaf_reg': 0.487778688803032, 'min_child_samples': 8}. Best is trial 148 with value: 0.18673116659140007.
[I 2025-03-09 16:58:53,203] Trial 161 finished with value: 0.1890481721349603 and parameters: {'learning_rate': 0.018926603602765917, 'depth': 11, 'l2_leaf_reg': 0.575661861567796, 'min_child_samples': 8}. Best is trial 148 with value: 0.18673116659140007.
[I 2025-03-09 16:58:56,351] Trial 162 finished with value: 0.1890573492684462 and parameters: {'learning_rate': 0.019270324902746994, 'depth': 11, 'l2_leaf_reg': 0.6221329750012979, 'min_child_samples': 8}. Best is trial 148 with value: 0.18673116659140007.
[I 2025-03-09 16:58:59,198] Trial 163 finished with value: 0.18898566759215524 and parameters: {'learning_rate': 0.018223244435988956, 'depth': 11, 'l2_leaf_reg': 0.3891997750398325, 'min_child_samples': 8}. Best is trial 148 with value: 0.18673116659140007.
[I 2025-03-09 16:59:02,051] Trial 164 finished with value: 0.189119678346504 and parameters: {'learning_rate': 0.018822973879725455, 'depth': 11, 'l2_leaf_reg': 0.7648773619093753, 'min_child_samples': 8}. Best is trial 148 with value: 0.18673116659140007.
[I 2025-03-09 16:59:04,574] Trial 165 finished with value: 0.1924757124446954 and parameters: {'learning_rate': 0.01958970382464078, 'depth': 10, 'l2_leaf_reg': 0.8520945175020798, 'min_child_samples': 1}. Best is trial 148 with value: 0.18673116659140007.
[I 2025-03-09 16:59:07,662] Trial 166 finished with value: 0.189572634074247 and parameters: {'learning_rate': 0.01925245058215599, 'depth': 11, 'l2_leaf_reg': 0.10463835256751935, 'min_child_samples': 8}. Best is trial 148 with value: 0.18673116659140007.
[I 2025-03-09 16:59:11,529] Trial 167 finished with value: 0.19204402676919693 and parameters: {'learning_rate': 0.018628852895779608, 'depth': 12, 'l2_leaf_reg': 0.9712085430453479, 'min_child_samples': 8}. Best is trial 148 with value: 0.18673116659140007.
[I 2025-03-09 16:59:14,556] Trial 168 finished with value: 0.1871204092493101 and parameters: {'learning_rate': 0.019949516816725885, 'depth': 11, 'l2_leaf_reg': 0.721836120396786, 'min_child_samples': 8}. Best is trial 148 with value: 0.18673116659140007.
[I 2025-03-09 16:59:16,363] Trial 169 finished with value: 0.21771834191910863 and parameters: {'learning_rate': 0.019670231736393446, 'depth': 7, 'l2_leaf_reg': 0.7137280688554899, 'min_child_samples': 8}. Best is trial 148 with value: 0.18673116659140007.
[I 2025-03-09 16:59:18,778] Trial 170 finished with value: 0.19069235617433253 and parameters: {'learning_rate': 0.019983022426006053, 'depth': 10, 'l2_leaf_reg': 0.7753312112923093, 'min_child_samples': 8}. Best is trial 148 with value: 0.18673116659140007.
[I 2025-03-09 16:59:21,889] Trial 171 finished with value: 0.18729721084481554 and parameters: {'learning_rate': 0.01917342718409388, 'depth': 11, 'l2_leaf_reg': 0.6429222658533795, 'min_child_samples': 8}. Best is trial 148 with value: 0.18673116659140007.
[I 2025-03-09 16:59:25,002] Trial 172 finished with value: 0.18756995690529285 and parameters: {'learning_rate': 0.019994812120684196, 'depth': 11, 'l2_leaf_reg': 0.5360430455711224, 'min_child_samples': 8}. Best is trial 148 with value: 0.18673116659140007.
[I 2025-03-09 16:59:27,850] Trial 173 finished with value: 0.421066850883836 and parameters: {'learning_rate': 0.0036691644193100736, 'depth': 11, 'l2_leaf_reg': 0.481197463576227, 'min_child_samples': 8}. Best is trial 148 with value: 0.18673116659140007.
[I 2025-03-09 16:59:30,901] Trial 174 finished with value: 0.18667901186179775 and parameters: {'learning_rate': 0.01997621520552308, 'depth': 11, 'l2_leaf_reg': 0.5396526275802178, 'min_child_samples': 8}. Best is trial 174 with value: 0.18667901186179775.
[I 2025-03-09 16:59:34,910] Trial 175 finished with value: 0.18938549238434377 and parameters: {'learning_rate': 0.019950924070695007, 'depth': 12, 'l2_leaf_reg': 0.5361914657824877, 'min_child_samples': 8}. Best is trial 174 with value: 0.18667901186179775.
[I 2025-03-09 16:59:38,010] Trial 176 finished with value: 0.18834218967129115 and parameters: {'learning_rate': 0.01998663007982946, 'depth': 11, 'l2_leaf_reg': 0.6291865822869138, 'min_child_samples': 8}. Best is trial 174 with value: 0.18667901186179775.
[I 2025-03-09 16:59:42,118] Trial 177 finished with value: 0.19130658520258328 and parameters: {'learning_rate': 0.019319719895851677, 'depth': 12, 'l2_leaf_reg': 0.4033898917114256, 'min_child_samples': 8}. Best is trial 174 with value: 0.18667901186179775.
[I 2025-03-09 16:59:44,894] Trial 178 finished with value: 0.18738441956711288 and parameters: {'learning_rate': 0.019552505500946282, 'depth': 11, 'l2_leaf_reg': 0.5564666705487522, 'min_child_samples': 8}. Best is trial 174 with value: 0.18667901186179775.
[I 2025-03-09 16:59:48,030] Trial 179 finished with value: 0.1873893333614244 and parameters: {'learning_rate': 0.019631858928363402, 'depth': 11, 'l2_leaf_reg': 0.28787746864956193, 'min_child_samples': 8}. Best is trial 174 with value: 0.18667901186179775.
[I 2025-03-09 16:59:50,200] Trial 180 finished with value: 0.19226391581740213 and parameters: {'learning_rate': 0.01964139809230119, 'depth': 10, 'l2_leaf_reg': 0.3056432767990042, 'min_child_samples': 8}. Best is trial 174 with value: 0.18667901186179775.
[I 2025-03-09 16:59:53,302] Trial 181 finished with value: 0.18832949371777524 and parameters: {'learning_rate': 0.019591859735854138, 'depth': 11, 'l2_leaf_reg': 0.5318270726053378, 'min_child_samples': 8}. Best is trial 174 with value: 0.18667901186179775.
[I 2025-03-09 16:59:56,286] Trial 182 finished with value: 0.18735166627272531 and parameters: {'learning_rate': 0.01999836870866574, 'depth': 11, 'l2_leaf_reg': 0.21127064110712432, 'min_child_samples': 8}. Best is trial 174 with value: 0.18667901186179775.
[I 2025-03-09 16:59:59,325] Trial 183 finished with value: 0.18729015127798476 and parameters: {'learning_rate': 0.019969435721702643, 'depth': 11, 'l2_leaf_reg': 0.27969362205317944, 'min_child_samples': 8}. Best is trial 174 with value: 0.18667901186179775.
[I 2025-03-09 17:00:02,474] Trial 184 finished with value: 0.18713362591452168 and parameters: {'learning_rate': 0.019900583132773583, 'depth': 11, 'l2_leaf_reg': 0.41247962171863395, 'min_child_samples': 8}. Best is trial 174 with value: 0.18667901186179775.
[I 2025-03-09 17:00:05,418] Trial 185 finished with value: 0.18916787358166953 and parameters: {'learning_rate': 0.01941209551562551, 'depth': 11, 'l2_leaf_reg': 0.18882976042450764, 'min_child_samples': 8}. Best is trial 174 with value: 0.18667901186179775.
