[I 2025-03-16 12:56:06,993] Trial 154 finished with value: 1.5727979565392567 and parameters: {'learning_rate': 0.017235061364444765, 'depth': 11, 'l2_leaf_reg': 2.5864887587854954, 'min_child_samples': 16}. Best is trial 137 with value: 1.515214593519208.
[I 2025-03-16 12:56:12,204] Trial 155 finished with value: 1.547338287543709 and parameters: {'learning_rate': 0.017530916268017227, 'depth': 12, 'l2_leaf_reg': 2.392978537810225, 'min_child_samples': 16}. Best is trial 137 with value: 1.515214593519208.
[I 2025-03-16 12:56:18,304] Trial 156 finished with value: 1.5397569388822498 and parameters: {'learning_rate': 0.0159548779655248, 'depth': 12, 'l2_leaf_reg': 2.20105634626909, 'min_child_samples': 16}. Best is trial 137 with value: 1.515214593519208.
[I 2025-03-16 12:56:27,201] Trial 157 finished with value: 1.539178745203806 and parameters: {'learning_rate': 0.016840231802371913, 'depth': 13, 'l2_leaf_reg': 0.18313181938167133, 'min_child_samples': 8}. Best is trial 137 with value: 1.515214593519208.
[I 2025-03-16 12:56:30,803] Trial 158 finished with value: 1.5630457218730762 and parameters: {'learning_rate': 0.018107903014507015, 'depth': 11, 'l2_leaf_reg': 2.093027949259252, 'min_child_samples': 16}. Best is trial 137 with value: 1.515214593519208.
[I 2025-03-16 12:56:46,551] Trial 159 finished with value: 1.5574290537721158 and parameters: {'learning_rate': 0.012093391503613335, 'depth': 14, 'l2_leaf_reg': 2.4452822840285213, 'min_child_samples': 32}. Best is trial 137 with value: 1.515214593519208.
[I 2025-03-16 12:56:52,332] Trial 160 finished with value: 1.5552492753165155 and parameters: {'learning_rate': 0.014615591286876983, 'depth': 12, 'l2_leaf_reg': 2.541892271401474, 'min_child_samples': 1}. Best is trial 137 with value: 1.515214593519208.
[I 2025-03-16 12:56:57,087] Trial 161 finished with value: 1.5544774911995098 and parameters: {'learning_rate': 0.018620146217595022, 'depth': 12, 'l2_leaf_reg': 0.1582221522652512, 'min_child_samples': 32}. Best is trial 137 with value: 1.515214593519208.
[I 2025-03-16 12:57:04,842] Trial 162 finished with value: 1.5486361566399816 and parameters: {'learning_rate': 0.017969658102803942, 'depth': 13, 'l2_leaf_reg': 2.258881283209498, 'min_child_samples': 16}. Best is trial 137 with value: 1.515214593519208.
[I 2025-03-16 12:57:09,757] Trial 163 finished with value: 1.5446708232992519 and parameters: {'learning_rate': 0.017080431459063714, 'depth': 12, 'l2_leaf_reg': 0.03923641076268786, 'min_child_samples': 32}. Best is trial 137 with value: 1.515214593519208.
[I 2025-03-16 12:57:15,730] Trial 164 finished with value: 1.5327662003637235 and parameters: {'learning_rate': 0.017638709106330766, 'depth': 12, 'l2_leaf_reg': 0.36066279812980395, 'min_child_samples': 16}. Best is trial 137 with value: 1.515214593519208.
[I 2025-03-16 12:57:19,852] Trial 165 finished with value: 1.9170083402813682 and parameters: {'learning_rate': 0.002291197323607914, 'depth': 11, 'l2_leaf_reg': 2.7301677030043807, 'min_child_samples': 32}. Best is trial 137 with value: 1.515214593519208.
[I 2025-03-16 12:57:27,097] Trial 166 finished with value: 1.5553793719954858 and parameters: {'learning_rate': 0.01822982337042123, 'depth': 13, 'l2_leaf_reg': 0.09901859568822854, 'min_child_samples': 16}. Best is trial 137 with value: 1.515214593519208.
[I 2025-03-16 12:57:32,546] Trial 167 finished with value: 1.5539848636274 and parameters: {'learning_rate': 0.016662236936173466, 'depth': 12, 'l2_leaf_reg': 0.2533527645122811, 'min_child_samples': 32}. Best is trial 137 with value: 1.515214593519208.
[I 2025-03-16 12:57:40,159] Trial 168 finished with value: 1.5387778696289915 and parameters: {'learning_rate': 0.018753042764068747, 'depth': 13, 'l2_leaf_reg': 0.4643485488057161, 'min_child_samples': 16}. Best is trial 137 with value: 1.515214593519208.
[I 2025-03-16 12:57:44,385] Trial 169 finished with value: 1.568096095536555 and parameters: {'learning_rate': 0.008334931047304163, 'depth': 11, 'l2_leaf_reg': 1.696462989358439, 'min_child_samples': 1}. Best is trial 137 with value: 1.515214593519208.
[I 2025-03-16 12:57:50,483] Trial 170 finished with value: 1.546627186254981 and parameters: {'learning_rate': 0.017349238006386665, 'depth': 12, 'l2_leaf_reg': 1.7957945774471498, 'min_child_samples': 32}. Best is trial 137 with value: 1.515214593519208.
[I 2025-03-16 12:57:56,590] Trial 171 finished with value: 1.5411154373715477 and parameters: {'learning_rate': 0.016053944945775764, 'depth': 12, 'l2_leaf_reg': 1.6567698142862088, 'min_child_samples': 16}. Best is trial 137 with value: 1.515214593519208.
[I 2025-03-16 12:58:02,759] Trial 172 finished with value: 1.5363407947617607 and parameters: {'learning_rate': 0.016220228121329044, 'depth': 12, 'l2_leaf_reg': 1.5216862357689078, 'min_child_samples': 16}. Best is trial 137 with value: 1.515214593519208.
[I 2025-03-16 12:58:09,158] Trial 173 finished with value: 1.5325436530847862 and parameters: {'learning_rate': 0.01583830005374123, 'depth': 12, 'l2_leaf_reg': 1.550446522561132, 'min_child_samples': 16}. Best is trial 137 with value: 1.515214593519208.
[I 2025-03-16 12:58:15,458] Trial 174 finished with value: 1.53471925357107 and parameters: {'learning_rate': 0.015183253635884198, 'depth': 12, 'l2_leaf_reg': 1.5943812512814939, 'min_child_samples': 16}. Best is trial 137 with value: 1.515214593519208.
[I 2025-03-16 12:58:24,604] Trial 175 finished with value: 1.5432950680554203 and parameters: {'learning_rate': 0.01675333497136649, 'depth': 13, 'l2_leaf_reg': 0.21229117080039434, 'min_child_samples': 16}. Best is trial 137 with value: 1.515214593519208.
[I 2025-03-16 12:58:28,527] Trial 176 finished with value: 1.5592607607560662 and parameters: {'learning_rate': 0.016383456453159577, 'depth': 11, 'l2_leaf_reg': 0.3120947599879813, 'min_child_samples': 16}. Best is trial 137 with value: 1.515214593519208.
[I 2025-03-16 12:58:34,679] Trial 177 finished with value: 1.625141594486458 and parameters: {'learning_rate': 0.005424536547485489, 'depth': 12, 'l2_leaf_reg': 1.5970012357175358, 'min_child_samples': 8}. Best is trial 137 with value: 1.515214593519208.
[I 2025-03-16 12:58:42,644] Trial 178 finished with value: 1.5444791254493777 and parameters: {'learning_rate': 0.017178589343695875, 'depth': 13, 'l2_leaf_reg': 1.7638534260414127, 'min_child_samples': 32}. Best is trial 137 with value: 1.515214593519208.
[I 2025-03-16 12:58:48,327] Trial 179 finished with value: 1.5334266006108836 and parameters: {'learning_rate': 0.017732750691933565, 'depth': 12, 'l2_leaf_reg': 1.470401732705845, 'min_child_samples': 16}. Best is trial 137 with value: 1.515214593519208.
[I 2025-03-16 12:58:51,847] Trial 180 finished with value: 1.5692266789486848 and parameters: {'learning_rate': 0.018268826475445175, 'depth': 11, 'l2_leaf_reg': 0.41019827813903703, 'min_child_samples': 32}. Best is trial 137 with value: 1.515214593519208.
[I 2025-03-16 12:58:57,564] Trial 181 finished with value: 1.5352978987925077 and parameters: {'learning_rate': 0.019120815593684806, 'depth': 12, 'l2_leaf_reg': 1.0335160485785906, 'min_child_samples': 4}. Best is trial 137 with value: 1.515214593519208.
[I 2025-03-16 12:59:02,170] Trial 182 finished with value: 1.5510861316569236 and parameters: {'learning_rate': 0.018432079696317886, 'depth': 12, 'l2_leaf_reg': 2.0200044022972086, 'min_child_samples': 4}. Best is trial 137 with value: 1.515214593519208.
[I 2025-03-16 12:59:07,923] Trial 183 finished with value: 1.5358052004111389 and parameters: {'learning_rate': 0.01782487674634361, 'depth': 12, 'l2_leaf_reg': 0.14531966203837648, 'min_child_samples': 4}. Best is trial 137 with value: 1.515214593519208.
[I 2025-03-16 12:59:09,982] Trial 184 finished with value: 1.7456307600126295 and parameters: {'learning_rate': 0.017425762381550147, 'depth': 5, 'l2_leaf_reg': 1.1660885911071035, 'min_child_samples': 16}. Best is trial 137 with value: 1.515214593519208.
[I 2025-03-16 12:59:16,270] Trial 185 finished with value: 1.5296504556878943 and parameters: {'learning_rate': 0.016881970511530817, 'depth': 12, 'l2_leaf_reg': 1.3311575077729005, 'min_child_samples': 4}. Best is trial 137 with value: 1.515214593519208.
[I 2025-03-16 12:59:22,606] Trial 186 finished with value: 1.530469581763258 and parameters: {'learning_rate': 0.016847934557990538, 'depth': 12, 'l2_leaf_reg': 1.4491943104465452, 'min_child_samples': 4}. Best is trial 137 with value: 1.515214593519208.
[I 2025-03-16 12:59:26,747] Trial 187 finished with value: 1.548810210219162 and parameters: {'learning_rate': 0.016918819502577637, 'depth': 11, 'l2_leaf_reg': 0.29010267768952214, 'min_child_samples': 4}. Best is trial 137 with value: 1.515214593519208.
[I 2025-03-16 12:59:35,574] Trial 188 finished with value: 1.5433554461849786 and parameters: {'learning_rate': 0.016826252748563666, 'depth': 13, 'l2_leaf_reg': 1.2816936429347279, 'min_child_samples': 4}. Best is trial 137 with value: 1.515214593519208.
[I 2025-03-16 12:59:40,921] Trial 189 finished with value: 1.5500928807709118 and parameters: {'learning_rate': 0.016334795518662036, 'depth': 12, 'l2_leaf_reg': 1.4429030563754375, 'min_child_samples': 4}. Best is trial 137 with value: 1.515214593519208.
[I 2025-03-16 12:59:47,200] Trial 190 finished with value: 1.5349566898085385 and parameters: {'learning_rate': 0.017268448093068853, 'depth': 12, 'l2_leaf_reg': 1.3490217857026692, 'min_child_samples': 4}. Best is trial 137 with value: 1.515214593519208.
[I 2025-03-16 12:59:53,067] Trial 191 finished with value: 1.5443687781690982 and parameters: {'learning_rate': 0.015771619506037376, 'depth': 12, 'l2_leaf_reg': 1.4472566762073857, 'min_child_samples': 1}. Best is trial 137 with value: 1.515214593519208.
[I 2025-03-16 12:59:58,412] Trial 192 finished with value: 1.5494870102772595 and parameters: {'learning_rate': 0.01646281288840318, 'depth': 12, 'l2_leaf_reg': 1.5688239576940801, 'min_child_samples': 32}. Best is trial 137 with value: 1.515214593519208.
[I 2025-03-16 13:00:04,709] Trial 193 finished with value: 1.539551996357499 and parameters: {'learning_rate': 0.015634084648202085, 'depth': 12, 'l2_leaf_reg': 1.5085739153524542, 'min_child_samples': 4}. Best is trial 137 with value: 1.515214593519208.
[I 2025-03-16 13:00:14,412] Trial 194 finished with value: 1.5417774142845104 and parameters: {'learning_rate': 0.0160724853179644, 'depth': 13, 'l2_leaf_reg': 1.6430216425652229, 'min_child_samples': 16}. Best is trial 137 with value: 1.515214593519208.
[I 2025-03-16 13:00:18,604] Trial 195 finished with value: 1.5440128951912104 and parameters: {'learning_rate': 0.016914615504381746, 'depth': 11, 'l2_leaf_reg': 1.2992946593302697, 'min_child_samples': 32}. Best is trial 137 with value: 1.515214593519208.
[I 2025-03-16 13:00:24,789] Trial 196 finished with value: 1.5474515211532633 and parameters: {'learning_rate': 0.017541687593930717, 'depth': 12, 'l2_leaf_reg': 2.3976421087104676, 'min_child_samples': 16}. Best is trial 137 with value: 1.515214593519208.
[I 2025-03-16 13:00:47,930] Trial 197 finished with value: 1.5758753464699309 and parameters: {'learning_rate': 0.01797131898037005, 'depth': 15, 'l2_leaf_reg': 1.3957926153989404, 'min_child_samples': 4}. Best is trial 137 with value: 1.515214593519208.
[I 2025-03-16 13:00:51,853] Trial 198 finished with value: 1.5425339545383754 and parameters: {'learning_rate': 0.018748698906925598, 'depth': 11, 'l2_leaf_reg': 2.2843296838760083, 'min_child_samples': 16}. Best is trial 137 with value: 1.515214593519208.
[I 2025-03-16 13:00:58,208] Trial 199 finished with value: 1.537488082083448 and parameters: {'learning_rate': 0.01665830539227994, 'depth': 12, 'l2_leaf_reg': 0.08108502725846117, 'min_child_samples': 32}. Best is trial 137 with value: 1.515214593519208.
2025-03-16 13:00:58,209 - __main__ - INFO - Best RMSE: 1.5152
2025-03-16 13:00:58,209 - __main__ - INFO - Best parameters: {'learning_rate': 0.017212904299454507, 'depth': 12, 'l2_leaf_reg': 1.7273001327737767, 'min_child_samples': 16}
2025-03-16 13:00:58,209 - __main__ - INFO - {'learning_rate': 0.017212904299454507, 'depth': 12, 'l2_leaf_reg': 1.7273001327737767, 'min_child_samples': 16, 'grow_policy': 'SymmetricTree', 'iterations': 500, 'use_best_model': True, 'eval_metric': 'RMSE', 'loss_function': 'RMSE', 'od_type': 'iter', 'od_wait': 20, 'task_type': 'GPU', 'random_state': 42, 'logging_level': 'Silent'}
2025-03-16 13:00:58,209 - __main__ - INFO - Starting c_delta_y optimization...
2025-03-16 13:00:58,210 - __main__ - INFO - Starting hyperparameter optimization for c_delta_y
[I 2025-03-16 13:00:58,210] A new study created in memory with name: catboost-c_delta_y-seed42
[I 2025-03-16 13:01:43,563] Trial 0 finished with value: 2.0764697661011775 and parameters: {'learning_rate': 0.008753048031109406, 'depth': 16, 'l2_leaf_reg': 1.5081675903325547, 'min_child_samples': 1}. Best is trial 0 with value: 2.0764697661011775.
[I 2025-03-16 13:01:45,071] Trial 1 finished with value: 2.0591541867106824 and parameters: {'learning_rate': 0.013394730914099534, 'depth': 9, 'l2_leaf_reg': 0.9888754215910855, 'min_child_samples': 32}. Best is trial 1 with value: 2.0591541867106824.
[I 2025-03-16 13:01:48,256] Trial 2 finished with value: 2.051966364816866 and parameters: {'learning_rate': 0.01086100494238591, 'depth': 11, 'l2_leaf_reg': 2.815196747939326, 'min_child_samples': 8}. Best is trial 2 with value: 2.051966364816866.
[I 2025-03-16 13:02:00,506] Trial 3 finished with value: 2.0719788577012297 and parameters: {'learning_rate': 0.019194179129174115, 'depth': 15, 'l2_leaf_reg': 1.4258538680320345, 'min_child_samples': 32}. Best is trial 2 with value: 2.051966364816866.
[I 2025-03-16 13:02:02,589] Trial 4 finished with value: 2.0806924448884154 and parameters: {'learning_rate': 0.002069227450991107, 'depth': 7, 'l2_leaf_reg': 2.585068820853237, 'min_child_samples': 8}. Best is trial 2 with value: 2.051966364816866.
[I 2025-03-16 13:02:04,491] Trial 5 finished with value: 2.0618681805548467 and parameters: {'learning_rate': 0.016554077485088425, 'depth': 9, 'l2_leaf_reg': 1.673843970957709, 'min_child_samples': 1}. Best is trial 2 with value: 2.051966364816866.
[I 2025-03-16 13:02:06,008] Trial 6 finished with value: 2.1146414994434357 and parameters: {'learning_rate': 0.004672431750062261, 'depth': 2, 'l2_leaf_reg': 1.6384095066825306, 'min_child_samples': 4}. Best is trial 2 with value: 2.051966364816866.
[I 2025-03-16 13:02:08,174] Trial 7 finished with value: 2.0661964986823897 and parameters: {'learning_rate': 0.004992738829518198, 'depth': 6, 'l2_leaf_reg': 0.07740692054918918, 'min_child_samples': 32}. Best is trial 2 with value: 2.051966364816866.
[I 2025-03-16 13:02:09,802] Trial 8 finished with value: 2.1577939896554796 and parameters: {'learning_rate': 0.0042739866706570364, 'depth': 1, 'l2_leaf_reg': 0.1151133233816316, 'min_child_samples': 32}. Best is trial 2 with value: 2.051966364816866.
[I 2025-03-16 13:02:11,709] Trial 9 finished with value: 2.1172428154019616 and parameters: {'learning_rate': 0.004355833956422288, 'depth': 2, 'l2_leaf_reg': 2.696533598852869, 'min_child_samples': 1}. Best is trial 2 with value: 2.051966364816866.
[I 2025-03-16 13:02:15,632] Trial 10 finished with value: 2.057142080508238 and parameters: {'learning_rate': 0.009638244607414312, 'depth': 12, 'l2_leaf_reg': 2.998990580661909, 'min_child_samples': 8}. Best is trial 2 with value: 2.051966364816866.
[I 2025-03-16 13:02:19,680] Trial 11 finished with value: 2.05967875504664 and parameters: {'learning_rate': 0.010331412312816255, 'depth': 12, 'l2_leaf_reg': 2.819342510825753, 'min_child_samples': 8}. Best is trial 2 with value: 2.051966364816866.
[I 2025-03-16 13:02:23,543] Trial 12 finished with value: 2.054063598932117 and parameters: {'learning_rate': 0.009980836591637605, 'depth': 12, 'l2_leaf_reg': 2.1621615577731994, 'min_child_samples': 8}. Best is trial 2 with value: 2.051966364816866.
[I 2025-03-16 13:02:27,350] Trial 13 finished with value: 2.058109014540325 and parameters: {'learning_rate': 0.012563123553165403, 'depth': 12, 'l2_leaf_reg': 2.211077707651304, 'min_child_samples': 16}. Best is trial 2 with value: 2.051966364816866.
[I 2025-03-16 13:02:35,203] Trial 14 finished with value: 2.0655711859879005 and parameters: {'learning_rate': 0.013926890067006195, 'depth': 14, 'l2_leaf_reg': 2.114744057656715, 'min_child_samples': 8}. Best is trial 2 with value: 2.051966364816866.
[I 2025-03-16 13:02:37,855] Trial 15 finished with value: 2.052177660099737 and parameters: {'learning_rate': 0.007206864308881064, 'depth': 10, 'l2_leaf_reg': 2.276877854074184, 'min_child_samples': 8}. Best is trial 2 with value: 2.051966364816866.
[I 2025-03-16 13:02:39,717] Trial 16 finished with value: 2.0694188977069303 and parameters: {'learning_rate': 0.007012549245201759, 'depth': 5, 'l2_leaf_reg': 2.4255074085585004, 'min_child_samples': 16}. Best is trial 2 with value: 2.051966364816866.
[I 2025-03-16 13:02:43,046] Trial 17 finished with value: 2.217933929095888 and parameters: {'learning_rate': 0.00012029885395944961, 'depth': 10, 'l2_leaf_reg': 1.9302911502423572, 'min_child_samples': 4}. Best is trial 2 with value: 2.051966364816866.
[I 2025-03-16 13:02:45,654] Trial 18 finished with value: 2.0523348991633448 and parameters: {'learning_rate': 0.007280277534606349, 'depth': 10, 'l2_leaf_reg': 0.7725109640048333, 'min_child_samples': 8}. Best is trial 2 with value: 2.051966364816866.
[I 2025-03-16 13:02:47,223] Trial 19 finished with value: 2.0608147711819473 and parameters: {'learning_rate': 0.012111298249188699, 'depth': 7, 'l2_leaf_reg': 2.4213380092040353, 'min_child_samples': 8}. Best is trial 2 with value: 2.051966364816866.
[I 2025-03-16 13:02:48,620] Trial 20 finished with value: 2.0749543305487115 and parameters: {'learning_rate': 0.01568281155991038, 'depth': 4, 'l2_leaf_reg': 2.9564263481535993, 'min_child_samples': 8}. Best is trial 2 with value: 2.051966364816866.
[I 2025-03-16 13:02:51,469] Trial 21 finished with value: 2.0534890222247775 and parameters: {'learning_rate': 0.007086524023337054, 'depth': 10, 'l2_leaf_reg': 0.6749830486039358, 'min_child_samples': 8}. Best is trial 2 with value: 2.051966364816866.
[I 2025-03-16 13:02:55,193] Trial 22 finished with value: 2.050617868306262 and parameters: {'learning_rate': 0.008080705128036493, 'depth': 11, 'l2_leaf_reg': 1.0177983103611947, 'min_child_samples': 8}. Best is trial 22 with value: 2.050617868306262.
[I 2025-03-16 13:03:06,866] Trial 23 finished with value: 2.0658926916947835 and parameters: {'learning_rate': 0.008108576037494618, 'depth': 14, 'l2_leaf_reg': 1.1419724955623876, 'min_child_samples': 8}. Best is trial 22 with value: 2.050617868306262.
[I 2025-03-16 13:03:10,559] Trial 24 finished with value: 2.051994673143287 and parameters: {'learning_rate': 0.006348421737993276, 'depth': 11, 'l2_leaf_reg': 0.4211706981626806, 'min_child_samples': 4}. Best is trial 22 with value: 2.050617868306262.
[I 2025-03-16 13:03:19,504] Trial 25 finished with value: 2.0622543829190976 and parameters: {'learning_rate': 0.005832151261303341, 'depth': 13, 'l2_leaf_reg': 0.3833923098201506, 'min_child_samples': 4}. Best is trial 22 with value: 2.050617868306262.
[I 2025-03-16 13:03:22,017] Trial 26 finished with value: 2.0612201640368752 and parameters: {'learning_rate': 0.0031198308967481203, 'depth': 8, 'l2_leaf_reg': 0.45414774729294916, 'min_child_samples': 4}. Best is trial 22 with value: 2.050617868306262.
[I 2025-03-16 13:03:24,872] Trial 27 finished with value: 2.0506457895716204 and parameters: {'learning_rate': 0.011140830269503224, 'depth': 11, 'l2_leaf_reg': 0.913682006147561, 'min_child_samples': 4}. Best is trial 22 with value: 2.050617868306262.
[I 2025-03-16 13:03:35,777] Trial 28 finished with value: 2.064000218571118 and parameters: {'learning_rate': 0.011228976526174663, 'depth': 14, 'l2_leaf_reg': 1.1776656472417424, 'min_child_samples': 16}. Best is trial 22 with value: 2.050617868306262.
[I 2025-03-16 13:04:03,633] Trial 29 finished with value: 2.0731144256617244 and parameters: {'learning_rate': 0.014129319428391364, 'depth': 16, 'l2_leaf_reg': 1.3215423528969659, 'min_child_samples': 1}. Best is trial 22 with value: 2.050617868306262.
[I 2025-03-16 13:04:05,764] Trial 30 finished with value: 2.0504654120289136 and parameters: {'learning_rate': 0.00887041473881987, 'depth': 8, 'l2_leaf_reg': 0.9010697320117765, 'min_child_samples': 4}. Best is trial 30 with value: 2.0504654120289136.
[I 2025-03-16 13:04:07,650] Trial 31 finished with value: 2.060480618208723 and parameters: {'learning_rate': 0.009179355524004836, 'depth': 8, 'l2_leaf_reg': 0.8518127171378321, 'min_child_samples': 4}. Best is trial 30 with value: 2.0504654120289136.
[I 2025-03-16 13:04:10,664] Trial 32 finished with value: 2.0465512116838447 and parameters: {'learning_rate': 0.011697916459688578, 'depth': 11, 'l2_leaf_reg': 1.0398288147928032, 'min_child_samples': 4}. Best is trial 32 with value: 2.0465512116838447.
[I 2025-03-16 13:04:13,855] Trial 33 finished with value: 2.0499698773990804 and parameters: {'learning_rate': 0.008399184189705318, 'depth': 11, 'l2_leaf_reg': 1.0052894978178635, 'min_child_samples': 4}. Best is trial 32 with value: 2.0465512116838447.
[I 2025-03-16 13:04:16,167] Trial 34 finished with value: 2.055890722474088 and parameters: {'learning_rate': 0.008584512337993797, 'depth': 9, 'l2_leaf_reg': 1.0808967282261372, 'min_child_samples': 4}. Best is trial 32 with value: 2.0465512116838447.
[I 2025-03-16 13:04:18,004] Trial 35 finished with value: 2.055674022811268 and parameters: {'learning_rate': 0.008584979416544862, 'depth': 7, 'l2_leaf_reg': 0.6241877157245647, 'min_child_samples': 4}. Best is trial 32 with value: 2.0465512116838447.
