[I 2025-03-16 13:04:20,647] Trial 36 finished with value: 2.0519431951074814 and parameters: {'learning_rate': 0.015120843450148917, 'depth': 11, 'l2_leaf_reg': 1.3186967760286898, 'min_child_samples': 4}. Best is trial 32 with value: 2.0465512116838447.
[I 2025-03-16 13:04:22,507] Trial 37 finished with value: 2.05461629479975 and parameters: {'learning_rate': 0.0126996240508805, 'depth': 9, 'l2_leaf_reg': 1.5642221551716904, 'min_child_samples': 4}. Best is trial 32 with value: 2.0465512116838447.
[I 2025-03-16 13:04:27,095] Trial 38 finished with value: 2.06301879884509 and parameters: {'learning_rate': 0.018072806249094225, 'depth': 13, 'l2_leaf_reg': 1.2359836151084027, 'min_child_samples': 4}. Best is trial 32 with value: 2.0465512116838447.
[I 2025-03-16 13:04:29,018] Trial 39 finished with value: 2.057157739749454 and parameters: {'learning_rate': 0.011721660448222898, 'depth': 8, 'l2_leaf_reg': 0.9700751285800364, 'min_child_samples': 32}. Best is trial 32 with value: 2.0465512116838447.
[I 2025-03-16 13:04:31,071] Trial 40 finished with value: 2.0671894443220875 and parameters: {'learning_rate': 0.00574618948928262, 'depth': 6, 'l2_leaf_reg': 1.4515479245095526, 'min_child_samples': 1}. Best is trial 32 with value: 2.0465512116838447.
[I 2025-03-16 13:04:34,008] Trial 41 finished with value: 2.052453913529144 and parameters: {'learning_rate': 0.010489848707140923, 'depth': 11, 'l2_leaf_reg': 0.9610501980883349, 'min_child_samples': 4}. Best is trial 32 with value: 2.0465512116838447.
[I 2025-03-16 13:04:40,018] Trial 42 finished with value: 2.059955683816891 and parameters: {'learning_rate': 0.0111149612016875, 'depth': 13, 'l2_leaf_reg': 0.8686885522402217, 'min_child_samples': 4}. Best is trial 32 with value: 2.0465512116838447.
[I 2025-03-16 13:04:42,081] Trial 43 finished with value: 2.0561712153732894 and parameters: {'learning_rate': 0.009302416364537698, 'depth': 9, 'l2_leaf_reg': 0.6012029627598519, 'min_child_samples': 4}. Best is trial 32 with value: 2.0465512116838447.
[I 2025-03-16 13:04:45,693] Trial 44 finished with value: 2.0539721212412996 and parameters: {'learning_rate': 0.008002477985849257, 'depth': 11, 'l2_leaf_reg': 1.8265185165286284, 'min_child_samples': 4}. Best is trial 32 with value: 2.0465512116838447.
[I 2025-03-16 13:04:47,923] Trial 45 finished with value: 2.0502952279048543 and parameters: {'learning_rate': 0.013369104538898769, 'depth': 10, 'l2_leaf_reg': 0.22921342784394527, 'min_child_samples': 32}. Best is trial 32 with value: 2.0465512116838447.
[I 2025-03-16 13:04:50,245] Trial 46 finished with value: 2.059762885104882 and parameters: {'learning_rate': 0.013085082248117011, 'depth': 10, 'l2_leaf_reg': 0.3080706451635845, 'min_child_samples': 32}. Best is trial 32 with value: 2.0465512116838447.
[I 2025-03-16 13:04:53,462] Trial 47 finished with value: 2.063937178476203 and parameters: {'learning_rate': 0.014373194272980089, 'depth': 12, 'l2_leaf_reg': 1.0539354038707047, 'min_child_samples': 32}. Best is trial 32 with value: 2.0465512116838447.
[I 2025-03-16 13:04:55,095] Trial 48 finished with value: 2.059907561519279 and parameters: {'learning_rate': 0.016934119749542897, 'depth': 8, 'l2_leaf_reg': 0.20194193616482647, 'min_child_samples': 16}. Best is trial 32 with value: 2.0465512116838447.
[I 2025-03-16 13:04:56,504] Trial 49 finished with value: 2.0661234134846853 and parameters: {'learning_rate': 0.010326839810455396, 'depth': 6, 'l2_leaf_reg': 0.5035937003622386, 'min_child_samples': 32}. Best is trial 32 with value: 2.0465512116838447.
[I 2025-03-16 13:04:59,423] Trial 50 finished with value: 2.0578732134335005 and parameters: {'learning_rate': 0.0032517358712277223, 'depth': 9, 'l2_leaf_reg': 0.20969969033575123, 'min_child_samples': 32}. Best is trial 32 with value: 2.0465512116838447.
[I 2025-03-16 13:05:02,532] Trial 51 finished with value: 2.0503458040315965 and parameters: {'learning_rate': 0.011918808563260276, 'depth': 11, 'l2_leaf_reg': 0.7632466780554973, 'min_child_samples': 4}. Best is trial 32 with value: 2.0465512116838447.
[I 2025-03-16 13:05:05,931] Trial 52 finished with value: 2.0612906032797653 and parameters: {'learning_rate': 0.013548032113857425, 'depth': 12, 'l2_leaf_reg': 0.8049081007763081, 'min_child_samples': 4}. Best is trial 32 with value: 2.0465512116838447.
[I 2025-03-16 13:05:07,943] Trial 53 finished with value: 2.059784749644518 and parameters: {'learning_rate': 0.011842033705163674, 'depth': 10, 'l2_leaf_reg': 0.7236702627131606, 'min_child_samples': 1}. Best is trial 32 with value: 2.0465512116838447.
[I 2025-03-16 13:05:14,393] Trial 54 finished with value: 2.059449103173324 and parameters: {'learning_rate': 0.009795794765866799, 'depth': 13, 'l2_leaf_reg': 1.3347259542002186, 'min_child_samples': 32}. Best is trial 32 with value: 2.0465512116838447.
[I 2025-03-16 13:05:18,118] Trial 55 finished with value: 2.0519785472636434 and parameters: {'learning_rate': 0.007676037053922346, 'depth': 11, 'l2_leaf_reg': 0.5903922962419625, 'min_child_samples': 4}. Best is trial 32 with value: 2.0465512116838447.
[I 2025-03-16 13:05:20,649] Trial 56 finished with value: 2.0450266658301763 and parameters: {'learning_rate': 0.012128640932225996, 'depth': 10, 'l2_leaf_reg': 1.026891194431022, 'min_child_samples': 4}. Best is trial 56 with value: 2.0450266658301763.
[I 2025-03-16 13:05:22,025] Trial 57 finished with value: 2.0536442834507365 and parameters: {'learning_rate': 0.012432741479849336, 'depth': 7, 'l2_leaf_reg': 0.7460393438494443, 'min_child_samples': 4}. Best is trial 56 with value: 2.0450266658301763.
[I 2025-03-16 13:05:24,412] Trial 58 finished with value: 2.0496823524737566 and parameters: {'learning_rate': 0.014861789440975067, 'depth': 10, 'l2_leaf_reg': 0.017042797557422662, 'min_child_samples': 4}. Best is trial 56 with value: 2.0450266658301763.
[I 2025-03-16 13:05:26,481] Trial 59 finished with value: 2.051170855932839 and parameters: {'learning_rate': 0.015552875785338352, 'depth': 10, 'l2_leaf_reg': 0.009143628060069606, 'min_child_samples': 4}. Best is trial 56 with value: 2.0450266658301763.
[I 2025-03-16 13:05:29,858] Trial 60 finished with value: 2.057737935975539 and parameters: {'learning_rate': 0.014801257786795417, 'depth': 12, 'l2_leaf_reg': 0.12649694469798545, 'min_child_samples': 4}. Best is trial 56 with value: 2.0450266658301763.
[I 2025-03-16 13:05:31,969] Trial 61 finished with value: 2.0559751323701483 and parameters: {'learning_rate': 0.013255561730393687, 'depth': 9, 'l2_leaf_reg': 0.2853936521848363, 'min_child_samples': 4}. Best is trial 56 with value: 2.0450266658301763.
[I 2025-03-16 13:05:34,124] Trial 62 finished with value: 2.0509340968860172 and parameters: {'learning_rate': 0.01659690932286751, 'depth': 10, 'l2_leaf_reg': 0.004518146276040183, 'min_child_samples': 4}. Best is trial 56 with value: 2.0450266658301763.
[I 2025-03-16 13:05:38,205] Trial 63 finished with value: 2.0573224879587784 and parameters: {'learning_rate': 0.011695273363923526, 'depth': 12, 'l2_leaf_reg': 0.5178297757505413, 'min_child_samples': 4}. Best is trial 56 with value: 2.0450266658301763.
[I 2025-03-16 13:05:40,260] Trial 64 finished with value: 2.053760537401941 and parameters: {'learning_rate': 0.013882036984626759, 'depth': 10, 'l2_leaf_reg': 1.1420358207866903, 'min_child_samples': 16}. Best is trial 56 with value: 2.0450266658301763.
[I 2025-03-16 13:05:42,099] Trial 65 finished with value: 2.0587694192645083 and parameters: {'learning_rate': 0.010500748593500999, 'depth': 9, 'l2_leaf_reg': 1.2136805582121768, 'min_child_samples': 4}. Best is trial 56 with value: 2.0450266658301763.
[I 2025-03-16 13:05:44,717] Trial 66 finished with value: 2.054195339074434 and parameters: {'learning_rate': 0.013097920571158595, 'depth': 11, 'l2_leaf_reg': 0.30423448016711524, 'min_child_samples': 4}. Best is trial 56 with value: 2.0450266658301763.
[I 2025-03-16 13:05:46,318] Trial 67 finished with value: 2.062975666020534 and parameters: {'learning_rate': 0.019515929011557846, 'depth': 8, 'l2_leaf_reg': 1.7625790546485314, 'min_child_samples': 4}. Best is trial 56 with value: 2.0450266658301763.
[I 2025-03-16 13:05:48,810] Trial 68 finished with value: 2.053252065256818 and parameters: {'learning_rate': 0.009202862415669437, 'depth': 10, 'l2_leaf_reg': 1.0506545430767613, 'min_child_samples': 32}. Best is trial 56 with value: 2.0450266658301763.
[I 2025-03-16 13:05:50,106] Trial 69 finished with value: 2.07998573686867 and parameters: {'learning_rate': 0.01752486477650245, 'depth': 3, 'l2_leaf_reg': 1.5482784835272563, 'min_child_samples': 4}. Best is trial 56 with value: 2.0450266658301763.
[I 2025-03-16 13:05:53,344] Trial 70 finished with value: 2.051851347816039 and parameters: {'learning_rate': 0.01229018994106629, 'depth': 11, 'l2_leaf_reg': 0.8774452960642375, 'min_child_samples': 1}. Best is trial 56 with value: 2.0450266658301763.
[I 2025-03-16 13:05:56,777] Trial 71 finished with value: 2.055473673804784 and parameters: {'learning_rate': 0.006756631674193168, 'depth': 11, 'l2_leaf_reg': 1.0196944330832816, 'min_child_samples': 8}. Best is trial 56 with value: 2.0450266658301763.
[I 2025-03-16 13:06:01,005] Trial 72 finished with value: 2.0580175702846852 and parameters: {'learning_rate': 0.008469066849465792, 'depth': 12, 'l2_leaf_reg': 1.2765848372124926, 'min_child_samples': 8}. Best is trial 56 with value: 2.0450266658301763.
[I 2025-03-16 13:06:02,721] Trial 73 finished with value: 2.0582499659555786 and parameters: {'learning_rate': 0.010960833096036684, 'depth': 9, 'l2_leaf_reg': 0.9249077114000727, 'min_child_samples': 8}. Best is trial 56 with value: 2.0450266658301763.
[I 2025-03-16 13:06:05,009] Trial 74 finished with value: 2.0569032960267593 and parameters: {'learning_rate': 0.009870668419187139, 'depth': 10, 'l2_leaf_reg': 1.4096494142914746, 'min_child_samples': 4}. Best is trial 56 with value: 2.0450266658301763.
[I 2025-03-16 13:06:09,766] Trial 75 finished with value: 2.0588462104423266 and parameters: {'learning_rate': 0.0159671010332937, 'depth': 13, 'l2_leaf_reg': 0.6743358797215098, 'min_child_samples': 4}. Best is trial 56 with value: 2.0450266658301763.
[I 2025-03-16 13:06:12,719] Trial 76 finished with value: 2.0485603379977775 and parameters: {'learning_rate': 0.011667625641468338, 'depth': 11, 'l2_leaf_reg': 0.7877260735975106, 'min_child_samples': 16}. Best is trial 56 with value: 2.0450266658301763.
[I 2025-03-16 13:06:14,816] Trial 77 finished with value: 2.056645961489262 and parameters: {'learning_rate': 0.011523931700154276, 'depth': 8, 'l2_leaf_reg': 0.7790985242546692, 'min_child_samples': 16}. Best is trial 56 with value: 2.0450266658301763.
[I 2025-03-16 13:06:18,260] Trial 78 finished with value: 2.0582479218966325 and parameters: {'learning_rate': 0.014619260544373408, 'depth': 12, 'l2_leaf_reg': 1.1004788788503146, 'min_child_samples': 16}. Best is trial 56 with value: 2.0450266658301763.
[I 2025-03-16 13:06:21,113] Trial 79 finished with value: 2.051108254133047 and parameters: {'learning_rate': 0.012177895269400371, 'depth': 11, 'l2_leaf_reg': 0.3957114313894198, 'min_child_samples': 16}. Best is trial 56 with value: 2.0450266658301763.
[I 2025-03-16 13:06:22,973] Trial 80 finished with value: 2.0607110626274174 and parameters: {'learning_rate': 0.012659653362811104, 'depth': 9, 'l2_leaf_reg': 0.1101276420899373, 'min_child_samples': 16}. Best is trial 56 with value: 2.0450266658301763.
[I 2025-03-16 13:06:26,548] Trial 81 finished with value: 2.051185030664814 and parameters: {'learning_rate': 0.007642843734973407, 'depth': 11, 'l2_leaf_reg': 0.9615147602541672, 'min_child_samples': 8}. Best is trial 56 with value: 2.0450266658301763.
[I 2025-03-16 13:06:28,629] Trial 82 finished with value: 2.0581066946256112 and parameters: {'learning_rate': 0.01385804991848388, 'depth': 10, 'l2_leaf_reg': 0.8387458355886909, 'min_child_samples': 4}. Best is trial 56 with value: 2.0450266658301763.
[I 2025-03-16 13:06:31,073] Trial 83 finished with value: 2.0506200980345426 and parameters: {'learning_rate': 0.010617715490472704, 'depth': 10, 'l2_leaf_reg': 0.6739320887505525, 'min_child_samples': 32}. Best is trial 56 with value: 2.0450266658301763.
[I 2025-03-16 13:06:34,387] Trial 84 finished with value: 2.0489849604912966 and parameters: {'learning_rate': 0.00897041074062863, 'depth': 11, 'l2_leaf_reg': 1.1463905102881409, 'min_child_samples': 4}. Best is trial 56 with value: 2.0450266658301763.
[I 2025-03-16 13:06:39,073] Trial 85 finished with value: 2.055557644501105 and parameters: {'learning_rate': 0.008744362677465919, 'depth': 12, 'l2_leaf_reg': 1.147132590365842, 'min_child_samples': 4}. Best is trial 56 with value: 2.0450266658301763.
[I 2025-03-16 13:06:41,946] Trial 86 finished with value: 2.0531522671958866 and parameters: {'learning_rate': 0.009527380696430767, 'depth': 11, 'l2_leaf_reg': 0.5307898542254943, 'min_child_samples': 4}. Best is trial 56 with value: 2.0450266658301763.
[I 2025-03-16 13:06:47,871] Trial 87 finished with value: 2.063425449922613 and parameters: {'learning_rate': 0.012961507098684964, 'depth': 13, 'l2_leaf_reg': 1.4035776394021104, 'min_child_samples': 4}. Best is trial 56 with value: 2.0450266658301763.
[I 2025-03-16 13:06:49,953] Trial 88 finished with value: 2.0609395581862437 and parameters: {'learning_rate': 0.011402889093797325, 'depth': 9, 'l2_leaf_reg': 0.999681144311119, 'min_child_samples': 4}. Best is trial 56 with value: 2.0450266658301763.
[I 2025-03-16 13:06:51,570] Trial 89 finished with value: 2.0619373147343083 and parameters: {'learning_rate': 0.00997465563140183, 'depth': 7, 'l2_leaf_reg': 0.19393299949460605, 'min_child_samples': 4}. Best is trial 56 with value: 2.0450266658301763.
[I 2025-03-16 13:07:00,666] Trial 90 finished with value: 2.0665808831380352 and parameters: {'learning_rate': 0.013500908801282477, 'depth': 14, 'l2_leaf_reg': 1.2608390262467482, 'min_child_samples': 16}. Best is trial 56 with value: 2.0450266658301763.
[I 2025-03-16 13:07:04,025] Trial 91 finished with value: 2.047380923451156 and parameters: {'learning_rate': 0.009039681146750347, 'depth': 11, 'l2_leaf_reg': 0.8958113933639378, 'min_child_samples': 1}. Best is trial 56 with value: 2.0450266658301763.
[I 2025-03-16 13:07:06,766] Trial 92 finished with value: 2.04779264109209 and parameters: {'learning_rate': 0.009146464486233666, 'depth': 10, 'l2_leaf_reg': 0.79039814397014, 'min_child_samples': 1}. Best is trial 56 with value: 2.0450266658301763.
[I 2025-03-16 13:07:09,542] Trial 93 finished with value: 2.0514799497034466 and parameters: {'learning_rate': 0.008138684089176642, 'depth': 10, 'l2_leaf_reg': 0.7169405015195303, 'min_child_samples': 1}. Best is trial 56 with value: 2.0450266658301763.
[I 2025-03-16 13:07:12,650] Trial 94 finished with value: 2.049128754480292 and parameters: {'learning_rate': 0.010991441105987829, 'depth': 11, 'l2_leaf_reg': 0.7989737931984773, 'min_child_samples': 1}. Best is trial 56 with value: 2.0450266658301763.
[I 2025-03-16 13:07:16,503] Trial 95 finished with value: 2.0612531390387496 and parameters: {'learning_rate': 0.010977608354366068, 'depth': 12, 'l2_leaf_reg': 0.8285913247743162, 'min_child_samples': 1}. Best is trial 56 with value: 2.0450266658301763.
[I 2025-03-16 13:07:19,453] Trial 96 finished with value: 2.052146439270781 and parameters: {'learning_rate': 0.00910674680289129, 'depth': 11, 'l2_leaf_reg': 0.9265950875707034, 'min_child_samples': 1}. Best is trial 56 with value: 2.0450266658301763.
[I 2025-03-16 13:07:21,940] Trial 97 finished with value: 2.0515713901776227 and parameters: {'learning_rate': 0.010403565205518042, 'depth': 10, 'l2_leaf_reg': 1.1074737049668957, 'min_child_samples': 1}. Best is trial 56 with value: 2.0450266658301763.
[I 2025-03-16 13:07:26,015] Trial 98 finished with value: 2.0479137554615456 and parameters: {'learning_rate': 0.0061806261869452195, 'depth': 11, 'l2_leaf_reg': 1.201225107370718, 'min_child_samples': 1}. Best is trial 56 with value: 2.0450266658301763.
[I 2025-03-16 13:07:31,469] Trial 99 finished with value: 2.0560610651676736 and parameters: {'learning_rate': 0.005480344532238889, 'depth': 12, 'l2_leaf_reg': 1.0582685441791655, 'min_child_samples': 1}. Best is trial 56 with value: 2.0450266658301763.
[I 2025-03-16 13:07:35,426] Trial 100 finished with value: 2.050613749977615 and parameters: {'learning_rate': 0.006173007922491128, 'depth': 11, 'l2_leaf_reg': 1.1922848811509115, 'min_child_samples': 1}. Best is trial 56 with value: 2.0450266658301763.
[I 2025-03-16 13:07:38,896] Trial 101 finished with value: 2.0518963348351944 and parameters: {'learning_rate': 0.003938323151341733, 'depth': 10, 'l2_leaf_reg': 0.9755927394382365, 'min_child_samples': 1}. Best is trial 56 with value: 2.0450266658301763.
[I 2025-03-16 13:07:43,295] Trial 102 finished with value: 2.053730537532221 and parameters: {'learning_rate': 0.00491937057441608, 'depth': 11, 'l2_leaf_reg': 0.6238600290653555, 'min_child_samples': 1}. Best is trial 56 with value: 2.0450266658301763.
[I 2025-03-16 13:07:46,643] Trial 103 finished with value: 2.0551050656295105 and parameters: {'learning_rate': 0.007416985781016393, 'depth': 11, 'l2_leaf_reg': 1.338631108132546, 'min_child_samples': 1}. Best is trial 56 with value: 2.0450266658301763.
[I 2025-03-16 13:07:49,766] Trial 104 finished with value: 2.050320674178378 and parameters: {'learning_rate': 0.006919655636238161, 'depth': 10, 'l2_leaf_reg': 0.8831415264327298, 'min_child_samples': 1}. Best is trial 56 with value: 2.0450266658301763.
[I 2025-03-16 13:07:53,678] Trial 105 finished with value: 2.0596395828938214 and parameters: {'learning_rate': 0.009508824159681985, 'depth': 12, 'l2_leaf_reg': 0.4642665053301707, 'min_child_samples': 1}. Best is trial 56 with value: 2.0450266658301763.
[I 2025-03-16 13:07:55,920] Trial 106 finished with value: 2.053383589439513 and parameters: {'learning_rate': 0.010239670378222885, 'depth': 10, 'l2_leaf_reg': 1.193949793249678, 'min_child_samples': 1}. Best is trial 56 with value: 2.0450266658301763.
[I 2025-03-16 13:07:57,874] Trial 107 finished with value: 2.05710134174477 and parameters: {'learning_rate': 0.010827385371589966, 'depth': 9, 'l2_leaf_reg': 1.1039407645527022, 'min_child_samples': 1}. Best is trial 56 with value: 2.0450266658301763.
[I 2025-03-16 13:07:59,558] Trial 108 finished with value: 2.1385443758096305 and parameters: {'learning_rate': 0.008301065132970084, 'depth': 1, 'l2_leaf_reg': 1.6421808352757563, 'min_child_samples': 32}. Best is trial 56 with value: 2.0450266658301763.
[I 2025-03-16 13:08:02,509] Trial 109 finished with value: 2.048157209619789 and parameters: {'learning_rate': 0.015025790801684875, 'depth': 11, 'l2_leaf_reg': 1.0158537100364695, 'min_child_samples': 1}. Best is trial 56 with value: 2.0450266658301763.
[I 2025-03-16 13:08:08,622] Trial 110 finished with value: 2.1305661363381434 and parameters: {'learning_rate': 0.0009434860539683319, 'depth': 12, 'l2_leaf_reg': 1.9786600322940657, 'min_child_samples': 1}. Best is trial 56 with value: 2.0450266658301763.
[I 2025-03-16 13:08:11,383] Trial 111 finished with value: 2.050106336337375 and parameters: {'learning_rate': 0.01541769629476598, 'depth': 11, 'l2_leaf_reg': 1.0168469988522946, 'min_child_samples': 1}. Best is trial 56 with value: 2.0450266658301763.
[I 2025-03-16 13:08:14,046] Trial 112 finished with value: 2.0530613535764726 and parameters: {'learning_rate': 0.015280280729508485, 'depth': 11, 'l2_leaf_reg': 1.0301706799929287, 'min_child_samples': 1}. Best is trial 56 with value: 2.0450266658301763.
[I 2025-03-16 13:08:16,555] Trial 113 finished with value: 2.048567242456766 and parameters: {'learning_rate': 0.016028054600349624, 'depth': 11, 'l2_leaf_reg': 0.9187434740118143, 'min_child_samples': 1}. Best is trial 56 with value: 2.0450266658301763.
[I 2025-03-16 13:08:19,284] Trial 114 finished with value: 2.0494413426231652 and parameters: {'learning_rate': 0.01635570625453093, 'depth': 11, 'l2_leaf_reg': 0.9139667093225141, 'min_child_samples': 1}. Best is trial 56 with value: 2.0450266658301763.
[I 2025-03-16 13:08:21,857] Trial 115 finished with value: 2.047777587388547 and parameters: {'learning_rate': 0.017275936091054454, 'depth': 11, 'l2_leaf_reg': 0.7790686252844194, 'min_child_samples': 1}. Best is trial 56 with value: 2.0450266658301763.
[I 2025-03-16 13:08:24,688] Trial 116 finished with value: 2.063862236768398 and parameters: {'learning_rate': 0.018081305478152426, 'depth': 12, 'l2_leaf_reg': 0.7922727446611191, 'min_child_samples': 1}. Best is trial 56 with value: 2.0450266658301763.
[I 2025-03-16 13:08:27,299] Trial 117 finished with value: 2.048966355885334 and parameters: {'learning_rate': 0.01629099729563601, 'depth': 11, 'l2_leaf_reg': 0.9301710327772927, 'min_child_samples': 1}. Best is trial 56 with value: 2.0450266658301763.
[I 2025-03-16 13:08:29,807] Trial 118 finished with value: 2.04753927492003 and parameters: {'learning_rate': 0.018728305231807494, 'depth': 11, 'l2_leaf_reg': 0.7283895824830076, 'min_child_samples': 1}. Best is trial 56 with value: 2.0450266658301763.
[I 2025-03-16 13:08:32,883] Trial 119 finished with value: 2.0599696132318965 and parameters: {'learning_rate': 0.018013009139896494, 'depth': 12, 'l2_leaf_reg': 0.7267326259018108, 'min_child_samples': 1}. Best is trial 56 with value: 2.0450266658301763.
[I 2025-03-16 13:08:37,130] Trial 120 finished with value: 2.0580444358680623 and parameters: {'learning_rate': 0.017612974078003534, 'depth': 13, 'l2_leaf_reg': 0.5651971596280566, 'min_child_samples': 1}. Best is trial 56 with value: 2.0450266658301763.
[I 2025-03-16 13:08:39,655] Trial 121 finished with value: 2.0432514984082597 and parameters: {'learning_rate': 0.018750016392671036, 'depth': 11, 'l2_leaf_reg': 0.8440256122964152, 'min_child_samples': 1}. Best is trial 121 with value: 2.0432514984082597.
