[I 2025-03-16 13:30:01,378] Trial 175 finished with value: 0.19839489881757386 and parameters: {'learning_rate': 0.007893947645101627, 'depth': 11, 'l2_leaf_reg': 1.2038339123637154, 'min_child_samples': 32}. Best is trial 113 with value: 0.18170753352453936.
[I 2025-03-16 13:30:04,932] Trial 176 finished with value: 0.18346454943970342 and parameters: {'learning_rate': 0.01966266274823136, 'depth': 10, 'l2_leaf_reg': 1.6792097537292063, 'min_child_samples': 16}. Best is trial 113 with value: 0.18170753352453936.
[I 2025-03-16 13:30:09,504] Trial 177 finished with value: 0.18171773205401592 and parameters: {'learning_rate': 0.01999949889309682, 'depth': 11, 'l2_leaf_reg': 1.4651416657350647, 'min_child_samples': 16}. Best is trial 113 with value: 0.18170753352453936.
[I 2025-03-16 13:30:15,911] Trial 178 finished with value: 0.18594501158632742 and parameters: {'learning_rate': 0.019517810312428958, 'depth': 12, 'l2_leaf_reg': 1.4625063892841519, 'min_child_samples': 16}. Best is trial 113 with value: 0.18170753352453936.
[I 2025-03-16 13:30:19,412] Trial 179 finished with value: 0.18497516022350105 and parameters: {'learning_rate': 0.01928181413251381, 'depth': 10, 'l2_leaf_reg': 1.5244131700114347, 'min_child_samples': 16}. Best is trial 113 with value: 0.18170753352453936.
[I 2025-03-16 13:30:24,151] Trial 180 finished with value: 0.18333211342697467 and parameters: {'learning_rate': 0.019999256592583062, 'depth': 11, 'l2_leaf_reg': 1.7450846997720397, 'min_child_samples': 16}. Best is trial 113 with value: 0.18170753352453936.
[I 2025-03-16 13:30:28,994] Trial 181 finished with value: 0.183623532978598 and parameters: {'learning_rate': 0.018784546691625527, 'depth': 11, 'l2_leaf_reg': 1.3054485649408436, 'min_child_samples': 16}. Best is trial 113 with value: 0.18170753352453936.
[I 2025-03-16 13:30:33,406] Trial 182 finished with value: 0.18255847144817272 and parameters: {'learning_rate': 0.018975326071293125, 'depth': 11, 'l2_leaf_reg': 0.44162763828190976, 'min_child_samples': 1}. Best is trial 113 with value: 0.18170753352453936.
[I 2025-03-16 13:30:38,010] Trial 183 finished with value: 0.18374134544591642 and parameters: {'learning_rate': 0.018411064956908127, 'depth': 11, 'l2_leaf_reg': 0.518608848645912, 'min_child_samples': 1}. Best is trial 113 with value: 0.18170753352453936.
[I 2025-03-16 13:30:42,795] Trial 184 finished with value: 0.18237281217535464 and parameters: {'learning_rate': 0.019994379830815832, 'depth': 11, 'l2_leaf_reg': 0.3020623695648692, 'min_child_samples': 1}. Best is trial 113 with value: 0.18170753352453936.
[I 2025-03-16 13:30:47,342] Trial 185 finished with value: 0.1832982184367863 and parameters: {'learning_rate': 0.019639258986329757, 'depth': 11, 'l2_leaf_reg': 0.37630595520702625, 'min_child_samples': 1}. Best is trial 113 with value: 0.18170753352453936.
[I 2025-03-16 13:30:49,516] Trial 186 finished with value: 0.21646805520444526 and parameters: {'learning_rate': 0.01926665274590911, 'depth': 6, 'l2_leaf_reg': 0.309570317319374, 'min_child_samples': 1}. Best is trial 113 with value: 0.18170753352453936.
[I 2025-03-16 13:30:55,642] Trial 187 finished with value: 0.18505457106093537 and parameters: {'learning_rate': 0.019715320446545177, 'depth': 12, 'l2_leaf_reg': 0.5086193364960117, 'min_child_samples': 1}. Best is trial 113 with value: 0.18170753352453936.
[I 2025-03-16 13:30:59,171] Trial 188 finished with value: 0.18472692035354646 and parameters: {'learning_rate': 0.019977655663061568, 'depth': 10, 'l2_leaf_reg': 0.12955415222322333, 'min_child_samples': 1}. Best is trial 113 with value: 0.18170753352453936.
[I 2025-03-16 13:31:05,545] Trial 189 finished with value: 0.18709711666585283 and parameters: {'learning_rate': 0.019206048228475773, 'depth': 12, 'l2_leaf_reg': 0.43627955533126533, 'min_child_samples': 1}. Best is trial 113 with value: 0.18170753352453936.
[I 2025-03-16 13:31:09,883] Trial 190 finished with value: 0.2186749269039196 and parameters: {'learning_rate': 0.00586037290449879, 'depth': 11, 'l2_leaf_reg': 1.4200707477651946, 'min_child_samples': 1}. Best is trial 113 with value: 0.18170753352453936.
[I 2025-03-16 13:31:14,521] Trial 191 finished with value: 0.18202036904381577 and parameters: {'learning_rate': 0.019044031801668544, 'depth': 11, 'l2_leaf_reg': 0.2170662973745895, 'min_child_samples': 16}. Best is trial 113 with value: 0.18170753352453936.
[I 2025-03-16 13:31:19,246] Trial 192 finished with value: 0.18334455018948007 and parameters: {'learning_rate': 0.019040313506129863, 'depth': 11, 'l2_leaf_reg': 0.17887569560175948, 'min_child_samples': 16}. Best is trial 113 with value: 0.18170753352453936.
[I 2025-03-16 13:31:24,060] Trial 193 finished with value: 0.18378186853946604 and parameters: {'learning_rate': 0.019482716260454606, 'depth': 11, 'l2_leaf_reg': 0.3548988503187412, 'min_child_samples': 1}. Best is trial 113 with value: 0.18170753352453936.
[I 2025-03-16 13:31:27,755] Trial 194 finished with value: 0.1848592687226406 and parameters: {'learning_rate': 0.019974365270376205, 'depth': 10, 'l2_leaf_reg': 0.1091554049884288, 'min_child_samples': 16}. Best is trial 113 with value: 0.18170753352453936.
[I 2025-03-16 13:31:32,295] Trial 195 finished with value: 0.18388421385593726 and parameters: {'learning_rate': 0.018909178466391584, 'depth': 11, 'l2_leaf_reg': 0.28618260067370516, 'min_child_samples': 16}. Best is trial 113 with value: 0.18170753352453936.
[I 2025-03-16 13:31:37,176] Trial 196 finished with value: 0.18308357275332698 and parameters: {'learning_rate': 0.019509325216032863, 'depth': 11, 'l2_leaf_reg': 0.7195141518533797, 'min_child_samples': 16}. Best is trial 113 with value: 0.18170753352453936.
[I 2025-03-16 13:31:43,225] Trial 197 finished with value: 0.18839496765540498 and parameters: {'learning_rate': 0.01819561174468021, 'depth': 12, 'l2_leaf_reg': 0.2508928337962647, 'min_child_samples': 16}. Best is trial 113 with value: 0.18170753352453936.
[I 2025-03-16 13:31:47,748] Trial 198 finished with value: 0.18380545392266492 and parameters: {'learning_rate': 0.018953711534972446, 'depth': 11, 'l2_leaf_reg': 1.6027397128592002, 'min_child_samples': 16}. Best is trial 113 with value: 0.18170753352453936.
[I 2025-03-16 13:31:52,353] Trial 199 finished with value: 0.18396764873640392 and parameters: {'learning_rate': 0.01938472757519949, 'depth': 11, 'l2_leaf_reg': 0.09520424597971028, 'min_child_samples': 1}. Best is trial 113 with value: 0.18170753352453936.
2025-03-16 13:31:52,353 - __main__ - INFO - Best RMSE: 0.1817
2025-03-16 13:31:52,353 - __main__ - INFO - Best parameters: {'learning_rate': 0.01992727484308405, 'depth': 11, 'l2_leaf_reg': 1.5020135515521515, 'min_child_samples': 16}
2025-03-16 13:31:52,353 - __main__ - INFO - {'learning_rate': 0.01992727484308405, 'depth': 11, 'l2_leaf_reg': 1.5020135515521515, 'min_child_samples': 16, 'grow_policy': 'SymmetricTree', 'iterations': 500, 'use_best_model': True, 'eval_metric': 'RMSE', 'loss_function': 'RMSE', 'od_type': 'iter', 'od_wait': 20, 'task_type': 'GPU', 'random_state': 42, 'logging_level': 'Silent'}
2025-03-16 13:31:52,354 - __main__ - INFO - Starting c_std_y optimization...
2025-03-16 13:31:52,354 - __main__ - INFO - Starting hyperparameter optimization for c_std_y
[I 2025-03-16 13:31:52,354] A new study created in memory with name: catboost-c_std_y-seed42
[I 2025-03-16 13:32:08,482] Trial 0 finished with value: 0.5117865541224552 and parameters: {'learning_rate': 0.011501943037817871, 'depth': 14, 'l2_leaf_reg': 2.0882792406074002, 'min_child_samples': 1}. Best is trial 0 with value: 0.5117865541224552.
[I 2025-03-16 13:32:37,704] Trial 1 finished with value: 0.5410737503817177 and parameters: {'learning_rate': 0.01967272106445298, 'depth': 15, 'l2_leaf_reg': 0.3078376739818033, 'min_child_samples': 4}. Best is trial 0 with value: 0.5117865541224552.
[I 2025-03-16 13:32:40,344] Trial 2 finished with value: 0.5126892004328 and parameters: {'learning_rate': 0.006458859613228915, 'depth': 9, 'l2_leaf_reg': 0.13411275357747232, 'min_child_samples': 4}. Best is trial 0 with value: 0.5117865541224552.
[I 2025-03-16 13:32:46,110] Trial 3 finished with value: 0.48151734906061733 and parameters: {'learning_rate': 0.01834638371371763, 'depth': 12, 'l2_leaf_reg': 1.9861322646839912, 'min_child_samples': 4}. Best is trial 3 with value: 0.48151734906061733.
[I 2025-03-16 13:32:48,498] Trial 4 finished with value: 0.47076363552138134 and parameters: {'learning_rate': 0.017430665381272487, 'depth': 8, 'l2_leaf_reg': 2.0315456898773157, 'min_child_samples': 32}. Best is trial 4 with value: 0.47076363552138134.
[I 2025-03-16 13:32:50,356] Trial 5 finished with value: 0.5763719740194044 and parameters: {'learning_rate': 0.01477662954291167, 'depth': 3, 'l2_leaf_reg': 2.7900724135966812, 'min_child_samples': 32}. Best is trial 4 with value: 0.47076363552138134.
[I 2025-03-16 13:32:51,749] Trial 6 finished with value: 0.9021259451858608 and parameters: {'learning_rate': 0.013880560847437183, 'depth': 1, 'l2_leaf_reg': 2.47626760995011, 'min_child_samples': 8}. Best is trial 4 with value: 0.47076363552138134.
[I 2025-03-16 13:33:47,605] Trial 7 finished with value: 0.9866942262256477 and parameters: {'learning_rate': 0.0016159611936011125, 'depth': 16, 'l2_leaf_reg': 1.8768937968654433, 'min_child_samples': 16}. Best is trial 4 with value: 0.47076363552138134.
[I 2025-03-16 13:33:49,535] Trial 8 finished with value: 0.47798608429602696 and parameters: {'learning_rate': 0.01669620145622594, 'depth': 7, 'l2_leaf_reg': 1.1110990263696574, 'min_child_samples': 16}. Best is trial 4 with value: 0.47076363552138134.
[I 2025-03-16 13:34:05,781] Trial 9 finished with value: 0.5127855623396153 and parameters: {'learning_rate': 0.011782111332826438, 'depth': 14, 'l2_leaf_reg': 0.024531334793965187, 'min_child_samples': 32}. Best is trial 4 with value: 0.47076363552138134.
[I 2025-03-16 13:34:07,708] Trial 10 finished with value: 0.5248724913929289 and parameters: {'learning_rate': 0.0072461051699229135, 'depth': 7, 'l2_leaf_reg': 1.1125291921458518, 'min_child_samples': 32}. Best is trial 4 with value: 0.47076363552138134.
[I 2025-03-16 13:34:10,307] Trial 11 finished with value: 0.4778419915315448 and parameters: {'learning_rate': 0.01710794075732532, 'depth': 7, 'l2_leaf_reg': 0.9489289578485224, 'min_child_samples': 16}. Best is trial 4 with value: 0.47076363552138134.
[I 2025-03-16 13:34:14,085] Trial 12 finished with value: 0.4697103988153801 and parameters: {'learning_rate': 0.015674848434115905, 'depth': 10, 'l2_leaf_reg': 1.1553991702210655, 'min_child_samples': 16}. Best is trial 12 with value: 0.4697103988153801.
[I 2025-03-16 13:34:17,629] Trial 13 finished with value: 0.4701262296931292 and parameters: {'learning_rate': 0.014647301890649944, 'depth': 10, 'l2_leaf_reg': 1.5266242016853744, 'min_child_samples': 8}. Best is trial 12 with value: 0.4697103988153801.
[I 2025-03-16 13:34:21,218] Trial 14 finished with value: 0.4843719167633184 and parameters: {'learning_rate': 0.008759248081123674, 'depth': 10, 'l2_leaf_reg': 1.5146935646004618, 'min_child_samples': 8}. Best is trial 12 with value: 0.4697103988153801.
[I 2025-03-16 13:34:25,970] Trial 15 finished with value: 0.4749583222788221 and parameters: {'learning_rate': 0.013888932763178097, 'depth': 11, 'l2_leaf_reg': 0.6915906528384639, 'min_child_samples': 8}. Best is trial 12 with value: 0.4697103988153801.
[I 2025-03-16 13:34:28,222] Trial 16 finished with value: 0.5294814516049848 and parameters: {'learning_rate': 0.011564617611850023, 'depth': 5, 'l2_leaf_reg': 1.4215129325366156, 'min_child_samples': 1}. Best is trial 12 with value: 0.4697103988153801.
[I 2025-03-16 13:34:34,567] Trial 17 finished with value: 0.47638867086003284 and parameters: {'learning_rate': 0.01529315500131168, 'depth': 12, 'l2_leaf_reg': 1.5478080492857043, 'min_child_samples': 8}. Best is trial 12 with value: 0.4697103988153801.
[I 2025-03-16 13:34:36,589] Trial 18 finished with value: 0.7294393830691862 and parameters: {'learning_rate': 0.003876789009181733, 'depth': 5, 'l2_leaf_reg': 0.650565692079355, 'min_child_samples': 16}. Best is trial 12 with value: 0.4697103988153801.
[I 2025-03-16 13:34:42,672] Trial 19 finished with value: 0.4790545604666242 and parameters: {'learning_rate': 0.010244134213305925, 'depth': 12, 'l2_leaf_reg': 1.3614604959741217, 'min_child_samples': 8}. Best is trial 12 with value: 0.4697103988153801.
[I 2025-03-16 13:34:46,638] Trial 20 finished with value: 0.46818326280832745 and parameters: {'learning_rate': 0.01962439027676493, 'depth': 10, 'l2_leaf_reg': 0.6731384925712236, 'min_child_samples': 16}. Best is trial 20 with value: 0.46818326280832745.
[I 2025-03-16 13:34:50,126] Trial 21 finished with value: 0.4727567797308248 and parameters: {'learning_rate': 0.019339242389536167, 'depth': 10, 'l2_leaf_reg': 0.6842754082319353, 'min_child_samples': 16}. Best is trial 20 with value: 0.46818326280832745.
[I 2025-03-16 13:34:53,253] Trial 22 finished with value: 0.46957785715648265 and parameters: {'learning_rate': 0.015644357289909844, 'depth': 9, 'l2_leaf_reg': 0.45566163280972605, 'min_child_samples': 16}. Best is trial 20 with value: 0.46818326280832745.
[I 2025-03-16 13:34:56,511] Trial 23 finished with value: 0.4718070072470741 and parameters: {'learning_rate': 0.016178859347814357, 'depth': 9, 'l2_leaf_reg': 0.8592215053673716, 'min_child_samples': 16}. Best is trial 20 with value: 0.46818326280832745.
[I 2025-03-16 13:35:04,758] Trial 24 finished with value: 0.4889517089199036 and parameters: {'learning_rate': 0.019917197383478087, 'depth': 13, 'l2_leaf_reg': 0.4185110402496641, 'min_child_samples': 16}. Best is trial 20 with value: 0.46818326280832745.
[I 2025-03-16 13:35:06,722] Trial 25 finished with value: 0.5213838914389396 and parameters: {'learning_rate': 0.01298164591810546, 'depth': 5, 'l2_leaf_reg': 0.427914326346267, 'min_child_samples': 16}. Best is trial 20 with value: 0.46818326280832745.
[I 2025-03-16 13:35:09,337] Trial 26 finished with value: 0.46867847825494463 and parameters: {'learning_rate': 0.018425417502705977, 'depth': 8, 'l2_leaf_reg': 1.169770888501711, 'min_child_samples': 16}. Best is trial 20 with value: 0.46818326280832745.
[I 2025-03-16 13:35:12,070] Trial 27 finished with value: 0.4686137105604133 and parameters: {'learning_rate': 0.01857842043553285, 'depth': 8, 'l2_leaf_reg': 0.5575335436201435, 'min_child_samples': 16}. Best is trial 20 with value: 0.46818326280832745.
[I 2025-03-16 13:35:14,266] Trial 28 finished with value: 0.48619813539810414 and parameters: {'learning_rate': 0.01813794239697358, 'depth': 6, 'l2_leaf_reg': 0.8324781566274444, 'min_child_samples': 1}. Best is trial 20 with value: 0.46818326280832745.
[I 2025-03-16 13:35:16,128] Trial 29 finished with value: 0.555957166880265 and parameters: {'learning_rate': 0.01820942962248613, 'depth': 3, 'l2_leaf_reg': 0.20538691676394738, 'min_child_samples': 16}. Best is trial 20 with value: 0.46818326280832745.
[I 2025-03-16 13:35:18,867] Trial 30 finished with value: 0.4699058698217693 and parameters: {'learning_rate': 0.018308247864725454, 'depth': 8, 'l2_leaf_reg': 1.7078580597280135, 'min_child_samples': 16}. Best is trial 20 with value: 0.46818326280832745.
[I 2025-03-16 13:35:21,581] Trial 31 finished with value: 0.4689335322083145 and parameters: {'learning_rate': 0.019832414377468615, 'depth': 8, 'l2_leaf_reg': 0.5131213427359518, 'min_child_samples': 16}. Best is trial 20 with value: 0.46818326280832745.
[I 2025-03-16 13:35:24,330] Trial 32 finished with value: 0.4686118466834572 and parameters: {'learning_rate': 0.019918648374112082, 'depth': 8, 'l2_leaf_reg': 0.5359764673856872, 'min_child_samples': 16}. Best is trial 20 with value: 0.46818326280832745.
[I 2025-03-16 13:35:26,590] Trial 33 finished with value: 0.48397563669772453 and parameters: {'learning_rate': 0.018930463864046804, 'depth': 6, 'l2_leaf_reg': 1.198747613995675, 'min_child_samples': 4}. Best is trial 20 with value: 0.46818326280832745.
[I 2025-03-16 13:35:31,549] Trial 34 finished with value: 0.47565619104496526 and parameters: {'learning_rate': 0.017595494998957403, 'depth': 11, 'l2_leaf_reg': 0.9997529435824017, 'min_child_samples': 1}. Best is trial 20 with value: 0.46818326280832745.
[I 2025-03-16 13:35:34,685] Trial 35 finished with value: 0.4693148097087337 and parameters: {'learning_rate': 0.019876736216200043, 'depth': 9, 'l2_leaf_reg': 0.2665100871467666, 'min_child_samples': 16}. Best is trial 20 with value: 0.46818326280832745.
[I 2025-03-16 13:35:36,999] Trial 36 finished with value: 0.48854168861530234 and parameters: {'learning_rate': 0.01677038794684164, 'depth': 6, 'l2_leaf_reg': 0.6107525667223064, 'min_child_samples': 4}. Best is trial 20 with value: 0.46818326280832745.
[I 2025-03-16 13:35:39,746] Trial 37 finished with value: 0.47014819503711713 and parameters: {'learning_rate': 0.018771087650642938, 'depth': 8, 'l2_leaf_reg': 0.8182926370368976, 'min_child_samples': 16}. Best is trial 20 with value: 0.46818326280832745.
[I 2025-03-16 13:35:44,147] Trial 38 finished with value: 1.5202250283535181 and parameters: {'learning_rate': 0.0001923750523017357, 'depth': 11, 'l2_leaf_reg': 0.014363082134242644, 'min_child_samples': 16}. Best is trial 20 with value: 0.46818326280832745.
[I 2025-03-16 13:35:46,316] Trial 39 finished with value: 0.4762731697449617 and parameters: {'learning_rate': 0.01746695885449821, 'depth': 7, 'l2_leaf_reg': 1.2728148510836086, 'min_child_samples': 4}. Best is trial 20 with value: 0.46818326280832745.
[I 2025-03-16 13:35:48,949] Trial 40 finished with value: 0.477625572224621 and parameters: {'learning_rate': 0.012794221715055898, 'depth': 8, 'l2_leaf_reg': 2.991745039148375, 'min_child_samples': 16}. Best is trial 20 with value: 0.46818326280832745.
[I 2025-03-16 13:35:51,389] Trial 41 finished with value: 0.46891058722122736 and parameters: {'learning_rate': 0.01992512582485798, 'depth': 8, 'l2_leaf_reg': 0.546390401715174, 'min_child_samples': 16}. Best is trial 20 with value: 0.46818326280832745.
[I 2025-03-16 13:35:54,554] Trial 42 finished with value: 0.4696912314889862 and parameters: {'learning_rate': 0.018881442041643205, 'depth': 9, 'l2_leaf_reg': 0.2970520617354035, 'min_child_samples': 16}. Best is trial 20 with value: 0.46818326280832745.
[I 2025-03-16 13:35:57,055] Trial 43 finished with value: 0.4792574458679154 and parameters: {'learning_rate': 0.016467678207974193, 'depth': 7, 'l2_leaf_reg': 2.3622009740805363, 'min_child_samples': 32}. Best is trial 20 with value: 0.46818326280832745.
[I 2025-03-16 13:35:59,017] Trial 44 finished with value: 0.524866846225307 and parameters: {'learning_rate': 0.017800096490210377, 'depth': 4, 'l2_leaf_reg': 0.9723031182197276, 'min_child_samples': 16}. Best is trial 20 with value: 0.46818326280832745.
[I 2025-03-16 13:36:02,203] Trial 45 finished with value: 0.46994511034754916 and parameters: {'learning_rate': 0.019216046675793227, 'depth': 9, 'l2_leaf_reg': 0.11948554340665013, 'min_child_samples': 16}. Best is trial 20 with value: 0.46818326280832745.
[I 2025-03-16 13:36:06,085] Trial 46 finished with value: 0.46683319906498566 and parameters: {'learning_rate': 0.019998416025431523, 'depth': 10, 'l2_leaf_reg': 0.5645307601412666, 'min_child_samples': 16}. Best is trial 46 with value: 0.46683319906498566.
[I 2025-03-16 13:36:15,221] Trial 47 finished with value: 0.5440655875686189 and parameters: {'learning_rate': 0.004987753708409841, 'depth': 13, 'l2_leaf_reg': 0.3697544935689161, 'min_child_samples': 32}. Best is trial 46 with value: 0.46683319906498566.
[I 2025-03-16 13:36:18,825] Trial 48 finished with value: 0.4696801086710551 and parameters: {'learning_rate': 0.01716027617113948, 'depth': 10, 'l2_leaf_reg': 0.7194679643232916, 'min_child_samples': 16}. Best is trial 46 with value: 0.46683319906498566.
[I 2025-03-16 13:36:23,452] Trial 49 finished with value: 0.4747300897793287 and parameters: {'learning_rate': 0.01431250443414886, 'depth': 11, 'l2_leaf_reg': 1.024743577783273, 'min_child_samples': 1}. Best is trial 46 with value: 0.46683319906498566.
[I 2025-03-16 13:36:29,698] Trial 50 finished with value: 0.4757211088727723 and parameters: {'learning_rate': 0.01851274840989337, 'depth': 12, 'l2_leaf_reg': 0.799519695448714, 'min_child_samples': 16}. Best is trial 46 with value: 0.46683319906498566.
[I 2025-03-16 13:36:32,656] Trial 51 finished with value: 0.4669397130332008 and parameters: {'learning_rate': 0.019381336047337144, 'depth': 8, 'l2_leaf_reg': 0.49711629848708627, 'min_child_samples': 16}. Best is trial 46 with value: 0.46683319906498566.
[I 2025-03-16 13:36:36,450] Trial 52 finished with value: 0.46996169923159914 and parameters: {'learning_rate': 0.019239846709470935, 'depth': 10, 'l2_leaf_reg': 0.5765850777205145, 'min_child_samples': 16}. Best is trial 46 with value: 0.46683319906498566.
[I 2025-03-16 13:36:38,890] Trial 53 finished with value: 0.4771603951011001 and parameters: {'learning_rate': 0.01742336273205351, 'depth': 7, 'l2_leaf_reg': 0.15299980399302882, 'min_child_samples': 16}. Best is trial 46 with value: 0.46683319906498566.
[I 2025-03-16 13:36:41,856] Trial 54 finished with value: 0.47021870233895147 and parameters: {'learning_rate': 0.016120659873992686, 'depth': 9, 'l2_leaf_reg': 0.3809085196660308, 'min_child_samples': 16}. Best is trial 46 with value: 0.46683319906498566.
[I 2025-03-16 13:36:43,925] Trial 55 finished with value: 0.485864823833548 and parameters: {'learning_rate': 0.018442728797375352, 'depth': 6, 'l2_leaf_reg': 0.7250211371766918, 'min_child_samples': 16}. Best is trial 46 with value: 0.46683319906498566.
[I 2025-03-16 13:36:47,864] Trial 56 finished with value: 0.4699988095462858 and parameters: {'learning_rate': 0.015030393637375234, 'depth': 10, 'l2_leaf_reg': 0.5469127267007996, 'min_child_samples': 16}. Best is trial 46 with value: 0.46683319906498566.
