[I 2025-03-16 13:08:42,121] Trial 122 finished with value: 2.0477352267812816 and parameters: {'learning_rate': 0.016866402469859005, 'depth': 11, 'l2_leaf_reg': 0.8552441910467323, 'min_child_samples': 1}. Best is trial 121 with value: 2.0432514984082597.
[I 2025-03-16 13:08:45,115] Trial 123 finished with value: 2.0570963131131355 and parameters: {'learning_rate': 0.01873179072783614, 'depth': 12, 'l2_leaf_reg': 0.849001909168883, 'min_child_samples': 1}. Best is trial 121 with value: 2.0432514984082597.
[I 2025-03-16 13:08:47,308] Trial 124 finished with value: 2.050719051103021 and parameters: {'learning_rate': 0.01897811242423778, 'depth': 11, 'l2_leaf_reg': 0.6525304789883019, 'min_child_samples': 1}. Best is trial 121 with value: 2.0432514984082597.
[I 2025-03-16 13:08:49,343] Trial 125 finished with value: 2.0486314964529413 and parameters: {'learning_rate': 0.01696121712585733, 'depth': 10, 'l2_leaf_reg': 0.9484529257984131, 'min_child_samples': 1}. Best is trial 121 with value: 2.0432514984082597.
[I 2025-03-16 13:08:51,218] Trial 126 finished with value: 2.0580243347185414 and parameters: {'learning_rate': 0.01712792527163354, 'depth': 10, 'l2_leaf_reg': 0.7325056248554894, 'min_child_samples': 1}. Best is trial 121 with value: 2.0432514984082597.
[I 2025-03-16 13:08:53,665] Trial 127 finished with value: 2.0538650475544697 and parameters: {'learning_rate': 0.017050353024882076, 'depth': 10, 'l2_leaf_reg': 0.8640337260240829, 'min_child_samples': 1}. Best is trial 121 with value: 2.0432514984082597.
[I 2025-03-16 13:08:55,952] Trial 128 finished with value: 2.049693158589528 and parameters: {'learning_rate': 0.018787177183801868, 'depth': 11, 'l2_leaf_reg': 0.7966110151224437, 'min_child_samples': 1}. Best is trial 121 with value: 2.0432514984082597.
[I 2025-03-16 13:08:59,661] Trial 129 finished with value: 2.0550584889135597 and parameters: {'learning_rate': 0.01588985976794439, 'depth': 12, 'l2_leaf_reg': 0.9423220089328845, 'min_child_samples': 1}. Best is trial 121 with value: 2.0432514984082597.
[I 2025-03-16 13:09:01,508] Trial 130 finished with value: 2.0556948801036024 and parameters: {'learning_rate': 0.01772545986630665, 'depth': 10, 'l2_leaf_reg': 0.7237137117257028, 'min_child_samples': 1}. Best is trial 121 with value: 2.0432514984082597.
[I 2025-03-16 13:09:03,601] Trial 131 finished with value: 2.0512822772315604 and parameters: {'learning_rate': 0.01950587886375205, 'depth': 11, 'l2_leaf_reg': 0.8967680607975836, 'min_child_samples': 1}. Best is trial 121 with value: 2.0432514984082597.
[I 2025-03-16 13:09:05,721] Trial 132 finished with value: 2.054720138379409 and parameters: {'learning_rate': 0.016365024880162077, 'depth': 10, 'l2_leaf_reg': 0.9643864811103389, 'min_child_samples': 1}. Best is trial 121 with value: 2.0432514984082597.
[I 2025-03-16 13:09:08,394] Trial 133 finished with value: 2.0497790443607355 and parameters: {'learning_rate': 0.01666785118021652, 'depth': 11, 'l2_leaf_reg': 0.8354892667055271, 'min_child_samples': 1}. Best is trial 121 with value: 2.0432514984082597.
[I 2025-03-16 13:09:10,961] Trial 134 finished with value: 2.049792191351631 and parameters: {'learning_rate': 0.01824713064652588, 'depth': 11, 'l2_leaf_reg': 1.0393321766615153, 'min_child_samples': 1}. Best is trial 121 with value: 2.0432514984082597.
[I 2025-03-16 13:09:14,534] Trial 135 finished with value: 2.0548161414273003 and parameters: {'learning_rate': 0.019840858329976688, 'depth': 12, 'l2_leaf_reg': 0.675487811157633, 'min_child_samples': 1}. Best is trial 121 with value: 2.0432514984082597.
[I 2025-03-16 13:09:16,431] Trial 136 finished with value: 2.051039238864735 and parameters: {'learning_rate': 0.015989378788634014, 'depth': 10, 'l2_leaf_reg': 0.9199370811877633, 'min_child_samples': 1}. Best is trial 121 with value: 2.0432514984082597.
[I 2025-03-16 13:09:18,924] Trial 137 finished with value: 2.049862677407134 and parameters: {'learning_rate': 0.018514859860320046, 'depth': 11, 'l2_leaf_reg': 1.0879470728531753, 'min_child_samples': 16}. Best is trial 121 with value: 2.0432514984082597.
[I 2025-03-16 13:09:22,079] Trial 138 finished with value: 2.0596149906434666 and parameters: {'learning_rate': 0.01745092239446678, 'depth': 12, 'l2_leaf_reg': 0.7684634632194813, 'min_child_samples': 1}. Best is trial 121 with value: 2.0432514984082597.
[I 2025-03-16 13:09:23,736] Trial 139 finished with value: 2.063425721126399 and parameters: {'learning_rate': 0.0169908676265216, 'depth': 9, 'l2_leaf_reg': 0.9644020738143345, 'min_child_samples': 1}. Best is trial 121 with value: 2.0432514984082597.
[I 2025-03-16 13:09:26,314] Trial 140 finished with value: 2.0535383545627077 and parameters: {'learning_rate': 0.016147203148761974, 'depth': 11, 'l2_leaf_reg': 0.8638819051356701, 'min_child_samples': 1}. Best is trial 121 with value: 2.0432514984082597.
[I 2025-03-16 13:09:28,870] Trial 141 finished with value: 2.0559175250673927 and parameters: {'learning_rate': 0.017325638050067184, 'depth': 11, 'l2_leaf_reg': 1.1775476544820762, 'min_child_samples': 1}. Best is trial 121 with value: 2.0432514984082597.
[I 2025-03-16 13:09:30,996] Trial 142 finished with value: 2.051860206065117 and parameters: {'learning_rate': 0.01680482848004448, 'depth': 10, 'l2_leaf_reg': 0.9998656373492606, 'min_child_samples': 1}. Best is trial 121 with value: 2.0432514984082597.
[I 2025-03-16 13:09:33,413] Trial 143 finished with value: 2.052815701493872 and parameters: {'learning_rate': 0.01939836261407871, 'depth': 11, 'l2_leaf_reg': 1.0748449433996712, 'min_child_samples': 16}. Best is trial 121 with value: 2.0432514984082597.
[I 2025-03-16 13:09:36,262] Trial 144 finished with value: 2.048992072589708 and parameters: {'learning_rate': 0.014383912780095992, 'depth': 11, 'l2_leaf_reg': 1.1301448304663082, 'min_child_samples': 1}. Best is trial 121 with value: 2.0432514984082597.
[I 2025-03-16 13:09:38,428] Trial 145 finished with value: 2.0524161775981895 and parameters: {'learning_rate': 0.016593999784864952, 'depth': 10, 'l2_leaf_reg': 1.266889486974814, 'min_child_samples': 1}. Best is trial 121 with value: 2.0432514984082597.
[I 2025-03-16 13:09:41,109] Trial 146 finished with value: 2.050079383137204 and parameters: {'learning_rate': 0.01847608006514933, 'depth': 11, 'l2_leaf_reg': 0.8245386684642738, 'min_child_samples': 1}. Best is trial 121 with value: 2.0432514984082597.
[I 2025-03-16 13:09:44,127] Trial 147 finished with value: 2.0635394868069477 and parameters: {'learning_rate': 0.015628869047690855, 'depth': 12, 'l2_leaf_reg': 0.5856973218894035, 'min_child_samples': 1}. Best is trial 121 with value: 2.0432514984082597.
[I 2025-03-16 13:09:46,290] Trial 148 finished with value: 2.056102620575967 and parameters: {'learning_rate': 0.019968485569035202, 'depth': 10, 'l2_leaf_reg': 0.896136716891898, 'min_child_samples': 1}. Best is trial 121 with value: 2.0432514984082597.
[I 2025-03-16 13:09:48,931] Trial 149 finished with value: 2.0502737266744657 and parameters: {'learning_rate': 0.019133697249826446, 'depth': 11, 'l2_leaf_reg': 0.9977298799126051, 'min_child_samples': 16}. Best is trial 121 with value: 2.0432514984082597.
[I 2025-03-16 13:09:51,529] Trial 150 finished with value: 2.052230040353943 and parameters: {'learning_rate': 0.015028826321678228, 'depth': 11, 'l2_leaf_reg': 0.6490123917496191, 'min_child_samples': 1}. Best is trial 121 with value: 2.0432514984082597.
[I 2025-03-16 13:09:54,446] Trial 151 finished with value: 2.0548266798169483 and parameters: {'learning_rate': 0.008850542549820617, 'depth': 11, 'l2_leaf_reg': 1.1657296082667563, 'min_child_samples': 1}. Best is trial 121 with value: 2.0432514984082597.
[I 2025-03-16 13:09:56,552] Trial 152 finished with value: 2.05619235169333 and parameters: {'learning_rate': 0.017918680161196507, 'depth': 10, 'l2_leaf_reg': 1.1134728837389087, 'min_child_samples': 1}. Best is trial 121 with value: 2.0432514984082597.
[I 2025-03-16 13:09:59,185] Trial 153 finished with value: 2.051486727575213 and parameters: {'learning_rate': 0.01575790985782271, 'depth': 11, 'l2_leaf_reg': 0.7805488389779633, 'min_child_samples': 1}. Best is trial 121 with value: 2.0432514984082597.
[I 2025-03-16 13:10:01,692] Trial 154 finished with value: 2.0524542677756616 and parameters: {'learning_rate': 0.014020482027799715, 'depth': 11, 'l2_leaf_reg': 0.9304667398702352, 'min_child_samples': 1}. Best is trial 121 with value: 2.0432514984082597.
[I 2025-03-16 13:10:04,952] Trial 155 finished with value: 2.059485278460019 and parameters: {'learning_rate': 0.016389059597527806, 'depth': 12, 'l2_leaf_reg': 1.047500620388312, 'min_child_samples': 1}. Best is trial 121 with value: 2.0432514984082597.
[I 2025-03-16 13:10:08,395] Trial 156 finished with value: 2.0579152702655987 and parameters: {'learning_rate': 0.014572339431439565, 'depth': 12, 'l2_leaf_reg': 0.6992672879845911, 'min_child_samples': 1}. Best is trial 121 with value: 2.0432514984082597.
[I 2025-03-16 13:10:11,215] Trial 157 finished with value: 2.05265970784309 and parameters: {'learning_rate': 0.014260244242615096, 'depth': 11, 'l2_leaf_reg': 1.2298835775060477, 'min_child_samples': 1}. Best is trial 121 with value: 2.0432514984082597.
[I 2025-03-16 13:10:13,595] Trial 158 finished with value: 2.0515464094402227 and parameters: {'learning_rate': 0.011971897484488441, 'depth': 10, 'l2_leaf_reg': 1.1363758603655973, 'min_child_samples': 1}. Best is trial 121 with value: 2.0432514984082597.
[I 2025-03-16 13:10:16,310] Trial 159 finished with value: 2.048456069066114 and parameters: {'learning_rate': 0.015406067349434779, 'depth': 11, 'l2_leaf_reg': 2.6554686598416364, 'min_child_samples': 1}. Best is trial 121 with value: 2.0432514984082597.
[I 2025-03-16 13:10:18,439] Trial 160 finished with value: 2.0502171752352916 and parameters: {'learning_rate': 0.015143386868876516, 'depth': 10, 'l2_leaf_reg': 2.7242158131929632, 'min_child_samples': 16}. Best is trial 121 with value: 2.0432514984082597.
[I 2025-03-16 13:10:21,172] Trial 161 finished with value: 2.047405311497585 and parameters: {'learning_rate': 0.016086876558320123, 'depth': 11, 'l2_leaf_reg': 2.481494877504284, 'min_child_samples': 1}. Best is trial 121 with value: 2.0432514984082597.
[I 2025-03-16 13:10:23,632] Trial 162 finished with value: 2.05052400419212 and parameters: {'learning_rate': 0.017192938456927646, 'depth': 11, 'l2_leaf_reg': 2.3510916853140653, 'min_child_samples': 1}. Best is trial 121 with value: 2.0432514984082597.
[I 2025-03-16 13:10:27,053] Trial 163 finished with value: 2.0586136310965806 and parameters: {'learning_rate': 0.01628251780285018, 'depth': 12, 'l2_leaf_reg': 2.666170125170723, 'min_child_samples': 1}. Best is trial 121 with value: 2.0432514984082597.
[I 2025-03-16 13:10:29,758] Trial 164 finished with value: 2.047903457165698 and parameters: {'learning_rate': 0.01550000942144303, 'depth': 11, 'l2_leaf_reg': 2.724835909834947, 'min_child_samples': 1}. Best is trial 121 with value: 2.0432514984082597.
[I 2025-03-16 13:10:32,068] Trial 165 finished with value: 2.0529154074761307 and parameters: {'learning_rate': 0.015570370597831156, 'depth': 11, 'l2_leaf_reg': 2.821003836966739, 'min_child_samples': 1}. Best is trial 121 with value: 2.0432514984082597.
[I 2025-03-16 13:10:35,183] Trial 166 finished with value: 2.0491306333876373 and parameters: {'learning_rate': 0.015366682745850135, 'depth': 11, 'l2_leaf_reg': 2.8442914380947633, 'min_child_samples': 1}. Best is trial 121 with value: 2.0432514984082597.
[I 2025-03-16 13:10:37,356] Trial 167 finished with value: 2.051697983573353 and parameters: {'learning_rate': 0.016016747613115518, 'depth': 10, 'l2_leaf_reg': 2.6524188965685616, 'min_child_samples': 1}. Best is trial 121 with value: 2.0432514984082597.
[I 2025-03-16 13:10:40,758] Trial 168 finished with value: 2.057264511932441 and parameters: {'learning_rate': 0.016712255128772474, 'depth': 12, 'l2_leaf_reg': 2.4927743385325107, 'min_child_samples': 1}. Best is trial 121 with value: 2.0432514984082597.
[I 2025-03-16 13:10:42,728] Trial 169 finished with value: 2.054177143356581 and parameters: {'learning_rate': 0.01752947360175046, 'depth': 10, 'l2_leaf_reg': 2.5816456690225063, 'min_child_samples': 1}. Best is trial 121 with value: 2.0432514984082597.
[I 2025-03-16 13:10:44,525] Trial 170 finished with value: 2.0579805029633476 and parameters: {'learning_rate': 0.014775555151064733, 'depth': 9, 'l2_leaf_reg': 2.454788592032026, 'min_child_samples': 1}. Best is trial 121 with value: 2.0432514984082597.
[I 2025-03-16 13:10:47,972] Trial 171 finished with value: 2.0481887282556004 and parameters: {'learning_rate': 0.009091933292431109, 'depth': 11, 'l2_leaf_reg': 2.6055585600831237, 'min_child_samples': 1}. Best is trial 121 with value: 2.0432514984082597.
[I 2025-03-16 13:10:51,165] Trial 172 finished with value: 2.050702905875661 and parameters: {'learning_rate': 0.009655499465224822, 'depth': 11, 'l2_leaf_reg': 2.744025683680559, 'min_child_samples': 1}. Best is trial 121 with value: 2.0432514984082597.
[I 2025-03-16 13:10:55,812] Trial 173 finished with value: 2.063546464301105 and parameters: {'learning_rate': 0.002666030391006811, 'depth': 11, 'l2_leaf_reg': 2.597516569452682, 'min_child_samples': 1}. Best is trial 121 with value: 2.0432514984082597.
[I 2025-03-16 13:10:58,418] Trial 174 finished with value: 2.0495668474471764 and parameters: {'learning_rate': 0.016968726666560106, 'depth': 11, 'l2_leaf_reg': 2.8537631361775193, 'min_child_samples': 1}. Best is trial 121 with value: 2.0432514984082597.
[I 2025-03-16 13:11:25,507] Trial 175 finished with value: 2.078212509401956 and parameters: {'learning_rate': 0.011391083128819993, 'depth': 16, 'l2_leaf_reg': 2.55541963279551, 'min_child_samples': 1}. Best is trial 121 with value: 2.0432514984082597.
[I 2025-03-16 13:11:27,799] Trial 176 finished with value: 2.050345174746183 and parameters: {'learning_rate': 0.01580454814389484, 'depth': 11, 'l2_leaf_reg': 2.5233049361295152, 'min_child_samples': 1}. Best is trial 121 with value: 2.0432514984082597.
[I 2025-03-16 13:11:31,876] Trial 177 finished with value: 2.0623538426629437 and parameters: {'learning_rate': 0.007828424724251326, 'depth': 12, 'l2_leaf_reg': 2.9055765775052635, 'min_child_samples': 8}. Best is trial 121 with value: 2.0432514984082597.
[I 2025-03-16 13:11:33,235] Trial 178 finished with value: 2.115733662249982 and parameters: {'learning_rate': 0.012785215879543567, 'depth': 2, 'l2_leaf_reg': 2.6474442964293, 'min_child_samples': 1}. Best is trial 121 with value: 2.0432514984082597.
[I 2025-03-16 13:11:35,867] Trial 179 finished with value: 2.048198592711665 and parameters: {'learning_rate': 0.01647385995793612, 'depth': 11, 'l2_leaf_reg': 2.1086293524211825, 'min_child_samples': 1}. Best is trial 121 with value: 2.0432514984082597.
[I 2025-03-16 13:11:38,347] Trial 180 finished with value: 2.0559493008511986 and parameters: {'learning_rate': 0.010001628208644578, 'depth': 10, 'l2_leaf_reg': 2.374511146572072, 'min_child_samples': 1}. Best is trial 121 with value: 2.0432514984082597.
[I 2025-03-16 13:11:40,985] Trial 181 finished with value: 2.04719563694966 and parameters: {'learning_rate': 0.016319857813313132, 'depth': 11, 'l2_leaf_reg': 0.8439754770798547, 'min_child_samples': 1}. Best is trial 121 with value: 2.0432514984082597.
[I 2025-03-16 13:11:43,654] Trial 182 finished with value: 2.055564902303432 and parameters: {'learning_rate': 0.015205787707044881, 'depth': 11, 'l2_leaf_reg': 2.7431851723380425, 'min_child_samples': 1}. Best is trial 121 with value: 2.0432514984082597.
[I 2025-03-16 13:11:46,962] Trial 183 finished with value: 2.058455550275731 and parameters: {'learning_rate': 0.016585679133809324, 'depth': 12, 'l2_leaf_reg': 2.1488620281270903, 'min_child_samples': 1}. Best is trial 121 with value: 2.0432514984082597.
[I 2025-03-16 13:11:49,482] Trial 184 finished with value: 2.0534477265021547 and parameters: {'learning_rate': 0.016002956314152553, 'depth': 11, 'l2_leaf_reg': 2.0335256209484958, 'min_child_samples': 1}. Best is trial 121 with value: 2.0432514984082597.
[I 2025-03-16 13:11:52,045] Trial 185 finished with value: 2.0477765610307523 and parameters: {'learning_rate': 0.01727707254031141, 'depth': 11, 'l2_leaf_reg': 0.8370084869907755, 'min_child_samples': 1}. Best is trial 121 with value: 2.0432514984082597.
[I 2025-03-16 13:11:54,897] Trial 186 finished with value: 2.0596119595460576 and parameters: {'learning_rate': 0.018157053536383902, 'depth': 12, 'l2_leaf_reg': 2.9977035053912644, 'min_child_samples': 1}. Best is trial 121 with value: 2.0432514984082597.
[I 2025-03-16 13:11:58,402] Trial 187 finished with value: 2.04854683848285 and parameters: {'learning_rate': 0.009319654536657153, 'depth': 11, 'l2_leaf_reg': 0.8098947262310046, 'min_child_samples': 1}. Best is trial 121 with value: 2.0432514984082597.
[I 2025-03-16 13:12:02,058] Trial 188 finished with value: 2.0485463028507906 and parameters: {'learning_rate': 0.009320190525866297, 'depth': 11, 'l2_leaf_reg': 0.8182851705719388, 'min_child_samples': 1}. Best is trial 121 with value: 2.0432514984082597.
[I 2025-03-16 13:12:05,406] Trial 189 finished with value: 2.0462178813198557 and parameters: {'learning_rate': 0.009377510026844687, 'depth': 11, 'l2_leaf_reg': 0.8521967136107099, 'min_child_samples': 1}. Best is trial 121 with value: 2.0432514984082597.
[I 2025-03-16 13:12:08,948] Trial 190 finished with value: 2.0497851080003953 and parameters: {'learning_rate': 0.008677736296337946, 'depth': 11, 'l2_leaf_reg': 2.2833281286884093, 'min_child_samples': 1}. Best is trial 121 with value: 2.0432514984082597.
[I 2025-03-16 13:12:11,988] Trial 191 finished with value: 2.0551522488579135 and parameters: {'learning_rate': 0.00952831248014839, 'depth': 11, 'l2_leaf_reg': 1.8502578161548047, 'min_child_samples': 1}. Best is trial 121 with value: 2.0432514984082597.
[I 2025-03-16 13:12:15,120] Trial 192 finished with value: 2.049043952220194 and parameters: {'learning_rate': 0.009328258221825037, 'depth': 11, 'l2_leaf_reg': 0.8344561964736806, 'min_child_samples': 1}. Best is trial 121 with value: 2.0432514984082597.
[I 2025-03-16 13:12:19,073] Trial 193 finished with value: 2.0566764510983915 and parameters: {'learning_rate': 0.008883268780928127, 'depth': 12, 'l2_leaf_reg': 0.7509805836823139, 'min_child_samples': 1}. Best is trial 121 with value: 2.0432514984082597.
[I 2025-03-16 13:12:22,509] Trial 194 finished with value: 2.051239849569201 and parameters: {'learning_rate': 0.009270767465880703, 'depth': 11, 'l2_leaf_reg': 0.859211613963834, 'min_child_samples': 1}. Best is trial 121 with value: 2.0432514984082597.
[I 2025-03-16 13:12:25,956] Trial 195 finished with value: 2.0513931701787955 and parameters: {'learning_rate': 0.008356536864105287, 'depth': 11, 'l2_leaf_reg': 0.794973883512956, 'min_child_samples': 1}. Best is trial 121 with value: 2.0432514984082597.
[I 2025-03-16 13:12:29,576] Trial 196 finished with value: 2.0480787127775453 and parameters: {'learning_rate': 0.009884916416909112, 'depth': 11, 'l2_leaf_reg': 0.7173575970794266, 'min_child_samples': 1}. Best is trial 121 with value: 2.0432514984082597.
[I 2025-03-16 13:12:33,519] Trial 197 finished with value: 2.0613337622816594 and parameters: {'learning_rate': 0.010256806241109709, 'depth': 12, 'l2_leaf_reg': 0.7415756353182342, 'min_child_samples': 1}. Best is trial 121 with value: 2.0432514984082597.
[I 2025-03-16 13:12:36,891] Trial 198 finished with value: 2.0486985497823933 and parameters: {'learning_rate': 0.009785883441654313, 'depth': 11, 'l2_leaf_reg': 0.6854890795002824, 'min_child_samples': 1}. Best is trial 121 with value: 2.0432514984082597.
[I 2025-03-16 13:12:39,330] Trial 199 finished with value: 2.0532039442754053 and parameters: {'learning_rate': 0.010095524202984622, 'depth': 10, 'l2_leaf_reg': 2.616077659139789, 'min_child_samples': 1}. Best is trial 121 with value: 2.0432514984082597.
2025-03-16 13:12:39,330 - __main__ - INFO - Best RMSE: 2.0433
2025-03-16 13:12:39,331 - __main__ - INFO - Best parameters: {'learning_rate': 0.018750016392671036, 'depth': 11, 'l2_leaf_reg': 0.8440256122964152, 'min_child_samples': 1}
2025-03-16 13:12:39,331 - __main__ - INFO - {'learning_rate': 0.018750016392671036, 'depth': 11, 'l2_leaf_reg': 0.8440256122964152, 'min_child_samples': 1, 'grow_policy': 'SymmetricTree', 'iterations': 500, 'use_best_model': True, 'eval_metric': 'RMSE', 'loss_function': 'RMSE', 'od_type': 'iter', 'od_wait': 20, 'task_type': 'GPU', 'random_state': 42, 'logging_level': 'Silent'}
2025-03-16 13:12:39,331 - __main__ - INFO - Starting c_std_z optimization...
2025-03-16 13:12:39,332 - __main__ - INFO - Starting hyperparameter optimization for c_std_z
[I 2025-03-16 13:12:39,332] A new study created in memory with name: catboost-c_std_z-seed42
[I 2025-03-16 13:12:42,717] Trial 0 finished with value: 0.2686719453854476 and parameters: {'learning_rate': 0.004254395601622155, 'depth': 10, 'l2_leaf_reg': 1.5421915090388993, 'min_child_samples': 32}. Best is trial 0 with value: 0.2686719453854476.
[I 2025-03-16 13:12:44,833] Trial 1 finished with value: 0.5518608941305525 and parameters: {'learning_rate': 0.0017707360349559405, 'depth': 6, 'l2_leaf_reg': 2.3885731255957925, 'min_child_samples': 1}. Best is trial 0 with value: 0.2686719453854476.
[I 2025-03-16 13:12:54,243] Trial 2 finished with value: 0.25193571775116563 and parameters: {'learning_rate': 0.004637063167114017, 'depth': 13, 'l2_leaf_reg': 0.6696391284323481, 'min_child_samples': 16}. Best is trial 2 with value: 0.25193571775116563.
[I 2025-03-16 13:12:55,762] Trial 3 finished with value: 0.29470358187451867 and parameters: {'learning_rate': 0.019983141258695894, 'depth': 3, 'l2_leaf_reg': 2.846866413075723, 'min_child_samples': 8}. Best is trial 2 with value: 0.25193571775116563.
