[I 2025-03-16 12:47:03,200] Trial 68 finished with value: 1.5466639382807428 and parameters: {'learning_rate': 0.018012278499982253, 'depth': 12, 'l2_leaf_reg': 0.1593051994966705, 'min_child_samples': 16}. Best is trial 19 with value: 1.5236163635284494.
[I 2025-03-16 12:47:06,181] Trial 69 finished with value: 1.597119362421965 and parameters: {'learning_rate': 0.013909834337716045, 'depth': 10, 'l2_leaf_reg': 0.6173162016715066, 'min_child_samples': 16}. Best is trial 19 with value: 1.5236163635284494.
[I 2025-03-16 12:47:10,802] Trial 70 finished with value: 1.5412803813011156 and parameters: {'learning_rate': 0.014617758089416599, 'depth': 11, 'l2_leaf_reg': 0.814724738765861, 'min_child_samples': 16}. Best is trial 19 with value: 1.5236163635284494.
[I 2025-03-16 12:47:12,060] Trial 71 finished with value: 2.356931302771862 and parameters: {'learning_rate': 0.01841347412169264, 'depth': 1, 'l2_leaf_reg': 0.41640113095642056, 'min_child_samples': 16}. Best is trial 19 with value: 1.5236163635284494.
[I 2025-03-16 12:47:21,626] Trial 72 finished with value: 1.5411572935712377 and parameters: {'learning_rate': 0.017419997876239192, 'depth': 13, 'l2_leaf_reg': 0.23840937296922482, 'min_child_samples': 8}. Best is trial 19 with value: 1.5236163635284494.
[I 2025-03-16 12:47:27,548] Trial 73 finished with value: 1.5298933544806408 and parameters: {'learning_rate': 0.0167741207686629, 'depth': 12, 'l2_leaf_reg': 0.03885623908513097, 'min_child_samples': 4}. Best is trial 19 with value: 1.5236163635284494.
[I 2025-03-16 12:47:33,962] Trial 74 finished with value: 1.5269850005150252 and parameters: {'learning_rate': 0.016808861367173394, 'depth': 12, 'l2_leaf_reg': 0.06597521624147112, 'min_child_samples': 32}. Best is trial 19 with value: 1.5236163635284494.
[I 2025-03-16 12:47:38,373] Trial 75 finished with value: 1.5517913852386533 and parameters: {'learning_rate': 0.015659656109623533, 'depth': 11, 'l2_leaf_reg': 0.013417420700413907, 'min_child_samples': 32}. Best is trial 19 with value: 1.5236163635284494.
[I 2025-03-16 12:47:44,622] Trial 76 finished with value: 1.5386192006600607 and parameters: {'learning_rate': 0.016914418777595284, 'depth': 12, 'l2_leaf_reg': 0.1091188897356418, 'min_child_samples': 32}. Best is trial 19 with value: 1.5236163635284494.
[I 2025-03-16 12:47:47,667] Trial 77 finished with value: 1.586598008113686 and parameters: {'learning_rate': 0.014921708884569226, 'depth': 9, 'l2_leaf_reg': 0.3371567367926703, 'min_child_samples': 32}. Best is trial 19 with value: 1.5236163635284494.
[I 2025-03-16 12:48:12,699] Trial 78 finished with value: 1.5751014677987027 and parameters: {'learning_rate': 0.01632166134060286, 'depth': 15, 'l2_leaf_reg': 0.07628257993772099, 'min_child_samples': 32}. Best is trial 19 with value: 1.5236163635284494.
[I 2025-03-16 12:48:18,488] Trial 79 finished with value: 1.702805356113697 and parameters: {'learning_rate': 0.003832720792261421, 'depth': 12, 'l2_leaf_reg': 0.27408452719048837, 'min_child_samples': 32}. Best is trial 19 with value: 1.5236163635284494.
[I 2025-03-16 12:48:20,368] Trial 80 finished with value: 1.884677638272782 and parameters: {'learning_rate': 0.009092825451386906, 'depth': 4, 'l2_leaf_reg': 0.48801804208849564, 'min_child_samples': 16}. Best is trial 19 with value: 1.5236163635284494.
[I 2025-03-16 12:48:36,233] Trial 81 finished with value: 1.5523757115074275 and parameters: {'learning_rate': 0.01839622943961169, 'depth': 14, 'l2_leaf_reg': 0.1720640726048784, 'min_child_samples': 4}. Best is trial 19 with value: 1.5236163635284494.
[I 2025-03-16 12:48:40,569] Trial 82 finished with value: 1.5400175943740624 and parameters: {'learning_rate': 0.01777602721760093, 'depth': 11, 'l2_leaf_reg': 0.3911318940028776, 'min_child_samples': 32}. Best is trial 19 with value: 1.5236163635284494.
[I 2025-03-16 12:48:45,673] Trial 83 finished with value: 1.5494315137053456 and parameters: {'learning_rate': 0.017073628135107728, 'depth': 12, 'l2_leaf_reg': 0.011007438264709651, 'min_child_samples': 1}. Best is trial 19 with value: 1.5236163635284494.
[I 2025-03-16 12:48:53,840] Trial 84 finished with value: 1.5315119269604298 and parameters: {'learning_rate': 0.018877891265750745, 'depth': 13, 'l2_leaf_reg': 0.6476575332040713, 'min_child_samples': 4}. Best is trial 19 with value: 1.5236163635284494.
[I 2025-03-16 12:49:03,424] Trial 85 finished with value: 1.5364312918787837 and parameters: {'learning_rate': 0.019494228275652586, 'depth': 13, 'l2_leaf_reg': 0.23584427140673658, 'min_child_samples': 32}. Best is trial 19 with value: 1.5236163635284494.
[I 2025-03-16 12:49:19,338] Trial 86 finished with value: 1.5555096627896052 and parameters: {'learning_rate': 0.018780819968053274, 'depth': 14, 'l2_leaf_reg': 0.6452153027288114, 'min_child_samples': 4}. Best is trial 19 with value: 1.5236163635284494.
[I 2025-03-16 12:49:22,455] Trial 87 finished with value: 1.5654274801033754 and parameters: {'learning_rate': 0.01755222297122164, 'depth': 11, 'l2_leaf_reg': 0.5120252028675913, 'min_child_samples': 8}. Best is trial 19 with value: 1.5236163635284494.
[I 2025-03-16 12:49:31,902] Trial 88 finished with value: 1.5941508195719458 and parameters: {'learning_rate': 0.006463916447432615, 'depth': 13, 'l2_leaf_reg': 0.35496893112648154, 'min_child_samples': 32}. Best is trial 19 with value: 1.5236163635284494.
[I 2025-03-16 12:49:34,850] Trial 89 finished with value: 1.5751642816508233 and parameters: {'learning_rate': 0.01665886425491086, 'depth': 10, 'l2_leaf_reg': 0.12235968497942856, 'min_child_samples': 4}. Best is trial 19 with value: 1.5236163635284494.
[I 2025-03-16 12:49:41,259] Trial 90 finished with value: 1.530500272331354 and parameters: {'learning_rate': 0.015891840263451775, 'depth': 12, 'l2_leaf_reg': 0.2819822340394805, 'min_child_samples': 16}. Best is trial 19 with value: 1.5236163635284494.
[I 2025-03-16 12:49:47,599] Trial 91 finished with value: 1.5314648345105413 and parameters: {'learning_rate': 0.016127628066709896, 'depth': 12, 'l2_leaf_reg': 0.2930850201974151, 'min_child_samples': 16}. Best is trial 19 with value: 1.5236163635284494.
[I 2025-03-16 12:49:53,154] Trial 92 finished with value: 1.5401584505314538 and parameters: {'learning_rate': 0.01702972867631167, 'depth': 12, 'l2_leaf_reg': 0.24193373084527686, 'min_child_samples': 16}. Best is trial 19 with value: 1.5236163635284494.
[I 2025-03-16 12:49:57,712] Trial 93 finished with value: 1.543575610273309 and parameters: {'learning_rate': 0.01586846359193686, 'depth': 11, 'l2_leaf_reg': 0.43096216460013304, 'min_child_samples': 16}. Best is trial 19 with value: 1.5236163635284494.
[I 2025-03-16 12:50:07,123] Trial 94 finished with value: 2.7621254803657003 and parameters: {'learning_rate': 0.00022153712112686283, 'depth': 13, 'l2_leaf_reg': 0.1798903847641128, 'min_child_samples': 16}. Best is trial 19 with value: 1.5236163635284494.
[I 2025-03-16 12:50:13,150] Trial 95 finished with value: 1.541787275408453 and parameters: {'learning_rate': 0.015357020887687936, 'depth': 12, 'l2_leaf_reg': 0.07893163537210479, 'min_child_samples': 16}. Best is trial 19 with value: 1.5236163635284494.
[I 2025-03-16 12:50:21,412] Trial 96 finished with value: 1.540663186290534 and parameters: {'learning_rate': 0.016227495774237537, 'depth': 13, 'l2_leaf_reg': 0.3126047858794834, 'min_child_samples': 16}. Best is trial 19 with value: 1.5236163635284494.
[I 2025-03-16 12:50:26,636] Trial 97 finished with value: 1.5487341280758058 and parameters: {'learning_rate': 0.01882270880184916, 'depth': 12, 'l2_leaf_reg': 0.5551324859285974, 'min_child_samples': 16}. Best is trial 19 with value: 1.5236163635284494.
[I 2025-03-16 12:50:34,732] Trial 98 finished with value: 1.5466555484508215 and parameters: {'learning_rate': 0.01954134030704939, 'depth': 13, 'l2_leaf_reg': 0.6995423581868732, 'min_child_samples': 16}. Best is trial 19 with value: 1.5236163635284494.
[I 2025-03-16 12:50:38,912] Trial 99 finished with value: 1.5535444370701097 and parameters: {'learning_rate': 0.01434832118184297, 'depth': 11, 'l2_leaf_reg': 0.12526429870534253, 'min_child_samples': 32}. Best is trial 19 with value: 1.5236163635284494.
[I 2025-03-16 12:50:54,694] Trial 100 finished with value: 1.5576013988471522 and parameters: {'learning_rate': 0.011033113513697807, 'depth': 14, 'l2_leaf_reg': 1.0345319074803954, 'min_child_samples': 16}. Best is trial 19 with value: 1.5236163635284494.
[I 2025-03-16 12:50:59,955] Trial 101 finished with value: 1.5375890765534819 and parameters: {'learning_rate': 0.01821122044765153, 'depth': 12, 'l2_leaf_reg': 0.3666088404468117, 'min_child_samples': 4}. Best is trial 19 with value: 1.5236163635284494.
[I 2025-03-16 12:51:06,159] Trial 102 finished with value: 1.5410645804854481 and parameters: {'learning_rate': 0.01340314172167336, 'depth': 12, 'l2_leaf_reg': 0.2854271765281668, 'min_child_samples': 32}. Best is trial 19 with value: 1.5236163635284494.
[I 2025-03-16 12:51:10,914] Trial 103 finished with value: 1.551411005727071 and parameters: {'learning_rate': 0.0177143474450636, 'depth': 12, 'l2_leaf_reg': 0.21878691277451712, 'min_child_samples': 4}. Best is trial 19 with value: 1.5236163635284494.
[I 2025-03-16 12:51:14,079] Trial 104 finished with value: 1.561786712755505 and parameters: {'learning_rate': 0.019988289488502356, 'depth': 11, 'l2_leaf_reg': 0.46116279985743047, 'min_child_samples': 16}. Best is trial 19 with value: 1.5236163635284494.
[I 2025-03-16 12:51:23,260] Trial 105 finished with value: 1.5403059151642096 and parameters: {'learning_rate': 0.017149293765587815, 'depth': 13, 'l2_leaf_reg': 0.02008179097114199, 'min_child_samples': 32}. Best is trial 19 with value: 1.5236163635284494.
[I 2025-03-16 12:51:29,674] Trial 106 finished with value: 1.5414861926456558 and parameters: {'learning_rate': 0.01655349174900054, 'depth': 12, 'l2_leaf_reg': 2.847827489545807, 'min_child_samples': 1}. Best is trial 19 with value: 1.5236163635284494.
[I 2025-03-16 12:51:37,348] Trial 107 finished with value: 1.5473090301464187 and parameters: {'learning_rate': 0.018016170298365226, 'depth': 13, 'l2_leaf_reg': 0.3013663176208009, 'min_child_samples': 4}. Best is trial 19 with value: 1.5236163635284494.
[I 2025-03-16 12:51:41,715] Trial 108 finished with value: 1.5475750331982567 and parameters: {'learning_rate': 0.018500991198326672, 'depth': 11, 'l2_leaf_reg': 1.4171802142205328, 'min_child_samples': 32}. Best is trial 19 with value: 1.5236163635284494.
[I 2025-03-16 12:51:47,022] Trial 109 finished with value: 1.54936812769459 and parameters: {'learning_rate': 0.019021608031613974, 'depth': 12, 'l2_leaf_reg': 0.824355819552955, 'min_child_samples': 8}. Best is trial 19 with value: 1.5236163635284494.
[I 2025-03-16 12:51:59,384] Trial 110 finished with value: 1.5639963066494749 and parameters: {'learning_rate': 0.017280983200567642, 'depth': 14, 'l2_leaf_reg': 0.5845365183387123, 'min_child_samples': 16}. Best is trial 19 with value: 1.5236163635284494.
[I 2025-03-16 12:52:03,853] Trial 111 finished with value: 1.5459144020486866 and parameters: {'learning_rate': 0.017734192183381504, 'depth': 11, 'l2_leaf_reg': 1.1655747283196474, 'min_child_samples': 4}. Best is trial 19 with value: 1.5236163635284494.
[I 2025-03-16 12:52:08,491] Trial 112 finished with value: 1.5598576657713066 and parameters: {'learning_rate': 0.018414288517514168, 'depth': 12, 'l2_leaf_reg': 0.9841314668871254, 'min_child_samples': 4}. Best is trial 19 with value: 1.5236163635284494.
[I 2025-03-16 12:52:16,460] Trial 113 finished with value: 1.5488045684606389 and parameters: {'learning_rate': 0.016758872269073008, 'depth': 13, 'l2_leaf_reg': 0.7690795400737458, 'min_child_samples': 4}. Best is trial 19 with value: 1.5236163635284494.
[I 2025-03-16 12:52:22,468] Trial 114 finished with value: 1.5400912044680284 and parameters: {'learning_rate': 0.015750061688843284, 'depth': 12, 'l2_leaf_reg': 0.19885007766255186, 'min_child_samples': 4}. Best is trial 19 with value: 1.5236163635284494.
[I 2025-03-16 12:52:24,948] Trial 115 finished with value: 1.6557073482970406 and parameters: {'learning_rate': 0.017429846413516883, 'depth': 7, 'l2_leaf_reg': 0.5159849113042532, 'min_child_samples': 32}. Best is trial 19 with value: 1.5236163635284494.
[I 2025-03-16 12:52:27,838] Trial 116 finished with value: 1.5864546029640108 and parameters: {'learning_rate': 0.015153761842570848, 'depth': 10, 'l2_leaf_reg': 0.38545165692201555, 'min_child_samples': 4}. Best is trial 19 with value: 1.5236163635284494.
[I 2025-03-16 12:52:35,547] Trial 117 finished with value: 1.5379461412955333 and parameters: {'learning_rate': 0.01807919862627429, 'depth': 13, 'l2_leaf_reg': 0.12273677973445213, 'min_child_samples': 32}. Best is trial 19 with value: 1.5236163635284494.
[I 2025-03-16 12:52:41,301] Trial 118 finished with value: 1.5380082971445492 and parameters: {'learning_rate': 0.016282757238055598, 'depth': 12, 'l2_leaf_reg': 0.6390221576706303, 'min_child_samples': 4}. Best is trial 19 with value: 1.5236163635284494.
[I 2025-03-16 12:52:45,741] Trial 119 finished with value: 1.54380191195412 and parameters: {'learning_rate': 0.01858781202167137, 'depth': 11, 'l2_leaf_reg': 0.42968848205337506, 'min_child_samples': 32}. Best is trial 19 with value: 1.5236163635284494.
[I 2025-03-16 12:52:53,820] Trial 120 finished with value: 1.5353429049240472 and parameters: {'learning_rate': 0.019394112986687598, 'depth': 13, 'l2_leaf_reg': 0.8713539699555588, 'min_child_samples': 16}. Best is trial 19 with value: 1.5236163635284494.
[I 2025-03-16 12:53:01,069] Trial 121 finished with value: 1.5511881209366012 and parameters: {'learning_rate': 0.018841752025982286, 'depth': 13, 'l2_leaf_reg': 2.4725371577523365, 'min_child_samples': 4}. Best is trial 19 with value: 1.5236163635284494.
[I 2025-03-16 12:53:06,959] Trial 122 finished with value: 1.5411293520357283 and parameters: {'learning_rate': 0.019162557276377647, 'depth': 12, 'l2_leaf_reg': 2.190766484294802, 'min_child_samples': 4}. Best is trial 19 with value: 1.5236163635284494.
[I 2025-03-16 12:53:11,823] Trial 123 finished with value: 1.5369499523625272 and parameters: {'learning_rate': 0.017921285109689558, 'depth': 12, 'l2_leaf_reg': 1.2411206233221304, 'min_child_samples': 4}. Best is trial 19 with value: 1.5236163635284494.
[I 2025-03-16 12:53:20,005] Trial 124 finished with value: 1.547566874769824 and parameters: {'learning_rate': 0.017544724856419214, 'depth': 13, 'l2_leaf_reg': 0.2663845003067305, 'min_child_samples': 4}. Best is trial 19 with value: 1.5236163635284494.
[I 2025-03-16 12:53:23,463] Trial 125 finished with value: 1.5630020360713366 and parameters: {'learning_rate': 0.01957605561232772, 'depth': 11, 'l2_leaf_reg': 1.8954446771080808, 'min_child_samples': 4}. Best is trial 19 with value: 1.5236163635284494.
[I 2025-03-16 12:53:29,622] Trial 126 finished with value: 1.5282686515528563 and parameters: {'learning_rate': 0.016850267166182264, 'depth': 12, 'l2_leaf_reg': 1.6854959758813828, 'min_child_samples': 32}. Best is trial 19 with value: 1.5236163635284494.
[I 2025-03-16 12:53:35,915] Trial 127 finished with value: 1.5405720285416322 and parameters: {'learning_rate': 0.01700419369576035, 'depth': 12, 'l2_leaf_reg': 1.0991584057265458, 'min_child_samples': 32}. Best is trial 19 with value: 1.5236163635284494.
[I 2025-03-16 12:53:38,435] Trial 128 finished with value: 1.616254342659534 and parameters: {'learning_rate': 0.015637065212737684, 'depth': 8, 'l2_leaf_reg': 0.07324354081323531, 'min_child_samples': 32}. Best is trial 19 with value: 1.5236163635284494.
[I 2025-03-16 12:53:44,215] Trial 129 finished with value: 1.5489049862003503 and parameters: {'learning_rate': 0.01655192986873494, 'depth': 12, 'l2_leaf_reg': 1.6317208817659785, 'min_child_samples': 32}. Best is trial 19 with value: 1.5236163635284494.
[I 2025-03-16 12:53:47,670] Trial 130 finished with value: 1.566623509378808 and parameters: {'learning_rate': 0.018172928814038154, 'depth': 11, 'l2_leaf_reg': 0.32692820696239083, 'min_child_samples': 32}. Best is trial 19 with value: 1.5236163635284494.
[I 2025-03-16 12:53:55,463] Trial 131 finished with value: 1.5374457957204672 and parameters: {'learning_rate': 0.018979590354712538, 'depth': 13, 'l2_leaf_reg': 1.74232964159932, 'min_child_samples': 32}. Best is trial 19 with value: 1.5236163635284494.
[I 2025-03-16 12:54:01,414] Trial 132 finished with value: 1.531339997715618 and parameters: {'learning_rate': 0.01615806162516345, 'depth': 12, 'l2_leaf_reg': 1.4513116926550416, 'min_child_samples': 1}. Best is trial 19 with value: 1.5236163635284494.
[I 2025-03-16 12:54:07,682] Trial 133 finished with value: 1.5295711611090612 and parameters: {'learning_rate': 0.01718694837625788, 'depth': 12, 'l2_leaf_reg': 1.9831758162137147, 'min_child_samples': 16}. Best is trial 19 with value: 1.5236163635284494.
[I 2025-03-16 12:54:13,549] Trial 134 finished with value: 1.5510962266759414 and parameters: {'learning_rate': 0.014938026332281567, 'depth': 12, 'l2_leaf_reg': 1.5532041188121697, 'min_child_samples': 1}. Best is trial 19 with value: 1.5236163635284494.
[I 2025-03-16 12:54:16,985] Trial 135 finished with value: 1.5790934572397046 and parameters: {'learning_rate': 0.016847630102618794, 'depth': 11, 'l2_leaf_reg': 1.4053789658065914, 'min_child_samples': 1}. Best is trial 19 with value: 1.5236163635284494.
[I 2025-03-16 12:54:23,038] Trial 136 finished with value: 1.5370945330126922 and parameters: {'learning_rate': 0.01628634782286099, 'depth': 12, 'l2_leaf_reg': 2.0327075658456555, 'min_child_samples': 1}. Best is trial 19 with value: 1.5236163635284494.
[I 2025-03-16 12:54:29,281] Trial 137 finished with value: 1.515214593519208 and parameters: {'learning_rate': 0.017212904299454507, 'depth': 12, 'l2_leaf_reg': 1.7273001327737767, 'min_child_samples': 16}. Best is trial 137 with value: 1.515214593519208.
[I 2025-03-16 12:54:31,339] Trial 138 finished with value: 1.688183384473063 and parameters: {'learning_rate': 0.017382414372382617, 'depth': 6, 'l2_leaf_reg': 1.7023840882652197, 'min_child_samples': 16}. Best is trial 137 with value: 1.515214593519208.
[I 2025-03-16 12:54:37,752] Trial 139 finished with value: 1.5236610338248007 and parameters: {'learning_rate': 0.016141229554543588, 'depth': 12, 'l2_leaf_reg': 1.9016547655478084, 'min_child_samples': 16}. Best is trial 137 with value: 1.515214593519208.
[I 2025-03-16 12:54:42,263] Trial 140 finished with value: 1.5462757162538463 and parameters: {'learning_rate': 0.015613724972114126, 'depth': 11, 'l2_leaf_reg': 1.8957326737656204, 'min_child_samples': 16}. Best is trial 137 with value: 1.515214593519208.
[I 2025-03-16 12:54:48,432] Trial 141 finished with value: 1.5446154371924794 and parameters: {'learning_rate': 0.016007901442250668, 'depth': 12, 'l2_leaf_reg': 1.8449775309387177, 'min_child_samples': 16}. Best is trial 137 with value: 1.515214593519208.
[I 2025-03-16 12:54:54,503] Trial 142 finished with value: 1.532268649454269 and parameters: {'learning_rate': 0.016043362316377083, 'depth': 12, 'l2_leaf_reg': 1.5818153432778432, 'min_child_samples': 16}. Best is trial 137 with value: 1.515214593519208.
[I 2025-03-16 12:55:03,266] Trial 143 finished with value: 1.549902068952318 and parameters: {'learning_rate': 0.01660402526977858, 'depth': 13, 'l2_leaf_reg': 1.9670933917375457, 'min_child_samples': 16}. Best is trial 137 with value: 1.515214593519208.
[I 2025-03-16 12:55:09,143] Trial 144 finished with value: 1.544619539204304 and parameters: {'learning_rate': 0.01699689921457263, 'depth': 12, 'l2_leaf_reg': 1.7378645067834384, 'min_child_samples': 16}. Best is trial 137 with value: 1.515214593519208.
[I 2025-03-16 12:55:12,719] Trial 145 finished with value: 1.5682352496923515 and parameters: {'learning_rate': 0.017211568182444115, 'depth': 11, 'l2_leaf_reg': 2.075475493849528, 'min_child_samples': 16}. Best is trial 137 with value: 1.515214593519208.
[I 2025-03-16 12:55:19,260] Trial 146 finished with value: 1.533689540518091 and parameters: {'learning_rate': 0.015341554503362926, 'depth': 12, 'l2_leaf_reg': 1.789270223451225, 'min_child_samples': 16}. Best is trial 137 with value: 1.515214593519208.
[I 2025-03-16 12:55:27,367] Trial 147 finished with value: 1.543826366598811 and parameters: {'learning_rate': 0.017687341758449437, 'depth': 13, 'l2_leaf_reg': 1.6564463721745533, 'min_child_samples': 16}. Best is trial 137 with value: 1.515214593519208.
[I 2025-03-16 12:55:32,640] Trial 148 finished with value: 1.552040753542275 and parameters: {'learning_rate': 0.016271322352727394, 'depth': 12, 'l2_leaf_reg': 1.5083096456794545, 'min_child_samples': 1}. Best is trial 137 with value: 1.515214593519208.
[I 2025-03-16 12:55:37,205] Trial 149 finished with value: 1.5534020201103567 and parameters: {'learning_rate': 0.016574426438482275, 'depth': 11, 'l2_leaf_reg': 1.8611478479986103, 'min_child_samples': 16}. Best is trial 137 with value: 1.515214593519208.
[I 2025-03-16 12:55:46,755] Trial 150 finished with value: 1.5447391594611364 and parameters: {'learning_rate': 0.010151670001302588, 'depth': 13, 'l2_leaf_reg': 1.3617642100725842, 'min_child_samples': 16}. Best is trial 137 with value: 1.515214593519208.
[I 2025-03-16 12:55:52,006] Trial 151 finished with value: 1.5419464291382166 and parameters: {'learning_rate': 0.01783759252870922, 'depth': 12, 'l2_leaf_reg': 1.942387970984585, 'min_child_samples': 32}. Best is trial 137 with value: 1.515214593519208.
[I 2025-03-16 12:55:57,748] Trial 152 finished with value: 1.529479578563936 and parameters: {'learning_rate': 0.01829522087949977, 'depth': 12, 'l2_leaf_reg': 2.388180924040229, 'min_child_samples': 16}. Best is trial 137 with value: 1.515214593519208.
[I 2025-03-16 12:56:03,759] Trial 153 finished with value: 1.5381758584065637 and parameters: {'learning_rate': 0.01840580472735286, 'depth': 12, 'l2_leaf_reg': 2.339157125318919, 'min_child_samples': 16}. Best is trial 137 with value: 1.515214593519208.
