2025-03-16 12:32:56,733 - __main__ - INFO - Loading data...
2025-03-16 12:32:59,629 - __main__ - INFO - Loaded data from /app/nse/ml/output_19_01_2025_2: X shape=(2322432, 10), y shape=(2322432, 4)
2025-03-16 12:32:59,629 - __main__ - INFO - Preprocessing and splitting data...
2025-03-16 12:33:03,552 - __main__ - INFO - Starting hyperparameter optimization...
2025-03-16 12:33:03,552 - __main__ - INFO - Starting c_delta_z optimization...
2025-03-16 12:33:03,552 - __main__ - INFO - Starting hyperparameter optimization for c_delta_z
[I 2025-03-16 12:33:03,552] A new study created in memory with name: catboost-c_delta_z-seed42
[W 2025-03-16 12:33:03,742] Trial 0 failed with parameters: {'learning_rate': 0.0024502161182114275, 'depth': 6, 'l2_leaf_reg': 2.441143631374148, 'min_child_samples': 4} because of the following error: CatBoostError('catboost/cuda/cuda_lib/cuda_base.h:281: CUDA error 100: no CUDA-capable device is detected').
Traceback (most recent call last):
  File "/usr/local/lib/python3.10/dist-packages/optuna/study/_optimize.py", line 197, in _run_trial
    value_or_values = func(trial)
  File "/app/nse/catboost/catboost_ml.py", line 373, in objective
    regressor.fit(
  File "/usr/local/lib/python3.10/dist-packages/catboost/core.py", line 5873, in fit
    return self._fit(X, y, cat_features, text_features, embedding_features, None, graph, sample_weight, None, None, None, None, baseline,
  File "/usr/local/lib/python3.10/dist-packages/catboost/core.py", line 2410, in _fit
    self._train(
  File "/usr/local/lib/python3.10/dist-packages/catboost/core.py", line 1790, in _train
    self._object._train(train_pool, test_pool, params, allow_clear_pool, init_model._object if init_model else None)
  File "_catboost.pyx", line 5017, in _catboost._CatBoost._train
  File "_catboost.pyx", line 5066, in _catboost._CatBoost._train
_catboost.CatBoostError: catboost/cuda/cuda_lib/cuda_base.h:281: CUDA error 100: no CUDA-capable device is detected
[W 2025-03-16 12:33:03,744] Trial 0 failed with value None.
(2312849, 11) (2312849, 4)
Split shapes: train: X(1340101, 11), y(1340101, 4), test: X(459344, 11), y(459344, 4), valid: X(366729, 11), y(366729, 4), eval: X(146675, 11), y(146675, 4)
Traceback (most recent call last):
  File "/app/nse/catboost/catboost_ml.py", line 636, in <module>
    main()
  File "/app/nse/catboost/catboost_ml.py", line 599, in main
    optimizer.optimize()
  File "/app/nse/catboost/catboost_ml.py", line 390, in optimize
    self.study.optimize(self.objective, n_trials=self.n_trials)
  File "/usr/local/lib/python3.10/dist-packages/optuna/study/study.py", line 475, in optimize
    _optimize(
  File "/usr/local/lib/python3.10/dist-packages/optuna/study/_optimize.py", line 63, in _optimize
    _optimize_sequential(
  File "/usr/local/lib/python3.10/dist-packages/optuna/study/_optimize.py", line 160, in _optimize_sequential
    frozen_trial = _run_trial(study, func, catch)
  File "/usr/local/lib/python3.10/dist-packages/optuna/study/_optimize.py", line 248, in _run_trial
    raise func_err
  File "/usr/local/lib/python3.10/dist-packages/optuna/study/_optimize.py", line 197, in _run_trial
    value_or_values = func(trial)
  File "/app/nse/catboost/catboost_ml.py", line 373, in objective
    regressor.fit(
  File "/usr/local/lib/python3.10/dist-packages/catboost/core.py", line 5873, in fit
    return self._fit(X, y, cat_features, text_features, embedding_features, None, graph, sample_weight, None, None, None, None, baseline,
  File "/usr/local/lib/python3.10/dist-packages/catboost/core.py", line 2410, in _fit
    self._train(
  File "/usr/local/lib/python3.10/dist-packages/catboost/core.py", line 1790, in _train
    self._object._train(train_pool, test_pool, params, allow_clear_pool, init_model._object if init_model else None)
  File "_catboost.pyx", line 5017, in _catboost._CatBoost._train
  File "_catboost.pyx", line 5066, in _catboost._CatBoost._train
_catboost.CatBoostError: catboost/cuda/cuda_lib/cuda_base.h:281: CUDA error 100: no CUDA-capable device is detected
2025-03-16 12:36:14,196 - __main__ - INFO - Loading data...
2025-03-16 12:36:17,120 - __main__ - INFO - Loaded data from /app/nse/ml/output_19_01_2025_2: X shape=(2322432, 10), y shape=(2322432, 4)
2025-03-16 12:36:17,120 - __main__ - INFO - Preprocessing and splitting data...
2025-03-16 12:36:21,017 - __main__ - INFO - Starting hyperparameter optimization...
2025-03-16 12:36:21,017 - __main__ - INFO - Starting c_delta_z optimization...
2025-03-16 12:36:21,017 - __main__ - INFO - Starting hyperparameter optimization for c_delta_z
[I 2025-03-16 12:36:21,017] A new study created in memory with name: catboost-c_delta_z-seed42
[I 2025-03-16 12:36:24,007] Trial 0 finished with value: 1.6881138721388207 and parameters: {'learning_rate': 0.011359403132539749, 'depth': 7, 'l2_leaf_reg': 2.1453974418045183, 'min_child_samples': 8}. Best is trial 0 with value: 1.6881138721388207.
[I 2025-03-16 12:36:26,486] Trial 1 finished with value: 1.8322137751732133 and parameters: {'learning_rate': 0.0057604993262719015, 'depth': 6, 'l2_leaf_reg': 2.9486203648282703, 'min_child_samples': 16}. Best is trial 0 with value: 1.6881138721388207.
[I 2025-03-16 12:36:28,212] Trial 2 finished with value: 2.598133484619806 and parameters: {'learning_rate': 0.004824000781413466, 'depth': 1, 'l2_leaf_reg': 1.6006826273988444, 'min_child_samples': 16}. Best is trial 0 with value: 1.6881138721388207.
[I 2025-03-16 12:36:59,087] Trial 3 finished with value: 1.5839851831657428 and parameters: {'learning_rate': 0.011472777703298024, 'depth': 15, 'l2_leaf_reg': 1.6680671501935291, 'min_child_samples': 16}. Best is trial 3 with value: 1.5839851831657428.
[I 2025-03-16 12:37:00,601] Trial 4 finished with value: 2.4125887800676393 and parameters: {'learning_rate': 0.004324987980710611, 'depth': 2, 'l2_leaf_reg': 0.762634759268641, 'min_child_samples': 1}. Best is trial 3 with value: 1.5839851831657428.
[I 2025-03-16 12:37:59,270] Trial 5 finished with value: 1.618125067441092 and parameters: {'learning_rate': 0.013855906042602865, 'depth': 16, 'l2_leaf_reg': 0.7377713994315671, 'min_child_samples': 16}. Best is trial 3 with value: 1.5839851831657428.
[I 2025-03-16 12:38:01,398] Trial 6 finished with value: 1.757305751233721 and parameters: {'learning_rate': 0.015719436081923187, 'depth': 5, 'l2_leaf_reg': 2.834920832775309, 'min_child_samples': 4}. Best is trial 3 with value: 1.5839851831657428.
[I 2025-03-16 12:38:03,376] Trial 7 finished with value: 2.2074699564093763 and parameters: {'learning_rate': 0.009318878838133928, 'depth': 2, 'l2_leaf_reg': 1.9246856354108324, 'min_child_samples': 1}. Best is trial 3 with value: 1.5839851831657428.
[I 2025-03-16 12:38:05,605] Trial 8 finished with value: 1.882332650343972 and parameters: {'learning_rate': 0.009214866110873562, 'depth': 4, 'l2_leaf_reg': 1.727615041273846, 'min_child_samples': 8}. Best is trial 3 with value: 1.5839851831657428.
[I 2025-03-16 12:38:07,722] Trial 9 finished with value: 1.9538214409460692 and parameters: {'learning_rate': 0.011801680675684796, 'depth': 3, 'l2_leaf_reg': 2.374414214402609, 'min_child_samples': 8}. Best is trial 3 with value: 1.5839851831657428.
[I 2025-03-16 12:38:16,078] Trial 10 finished with value: 1.548503539642723 and parameters: {'learning_rate': 0.019777109867769403, 'depth': 13, 'l2_leaf_reg': 0.17022937155857476, 'min_child_samples': 32}. Best is trial 10 with value: 1.548503539642723.
[I 2025-03-16 12:38:24,402] Trial 11 finished with value: 1.5413760070174312 and parameters: {'learning_rate': 0.019876435092602514, 'depth': 13, 'l2_leaf_reg': 0.0811554592711059, 'min_child_samples': 32}. Best is trial 11 with value: 1.5413760070174312.
[I 2025-03-16 12:38:29,920] Trial 12 finished with value: 1.5413257744924842 and parameters: {'learning_rate': 0.01960990132300739, 'depth': 12, 'l2_leaf_reg': 0.07144567271452315, 'min_child_samples': 32}. Best is trial 12 with value: 1.5413257744924842.
[I 2025-03-16 12:38:33,865] Trial 13 finished with value: 1.5465251712400458 and parameters: {'learning_rate': 0.019830409326670802, 'depth': 11, 'l2_leaf_reg': 0.08179733194642314, 'min_child_samples': 32}. Best is trial 12 with value: 1.5413257744924842.
[I 2025-03-16 12:38:36,426] Trial 14 finished with value: 1.5879945297635236 and parameters: {'learning_rate': 0.016622064407688337, 'depth': 10, 'l2_leaf_reg': 0.6995496629642286, 'min_child_samples': 32}. Best is trial 12 with value: 1.5413257744924842.
[I 2025-03-16 12:38:42,502] Trial 15 finished with value: 1.5274066709770764 and parameters: {'learning_rate': 0.017303161585894813, 'depth': 12, 'l2_leaf_reg': 1.077514559723369, 'min_child_samples': 32}. Best is trial 15 with value: 1.5274066709770764.
[I 2025-03-16 12:38:45,746] Trial 16 finished with value: 2.4157017998918935 and parameters: {'learning_rate': 0.0008439999932446807, 'depth': 10, 'l2_leaf_reg': 1.1943977234541447, 'min_child_samples': 32}. Best is trial 15 with value: 1.5274066709770764.
[I 2025-03-16 12:38:54,611] Trial 17 finished with value: 1.547122288205487 and parameters: {'learning_rate': 0.017054182584603915, 'depth': 13, 'l2_leaf_reg': 1.2002953103139786, 'min_child_samples': 4}. Best is trial 15 with value: 1.5274066709770764.
[I 2025-03-16 12:38:57,116] Trial 18 finished with value: 1.6198982729306548 and parameters: {'learning_rate': 0.014987406923052022, 'depth': 9, 'l2_leaf_reg': 1.1268955657130053, 'min_child_samples': 32}. Best is trial 15 with value: 1.5274066709770764.
[I 2025-03-16 12:39:03,361] Trial 19 finished with value: 1.5236163635284494 and parameters: {'learning_rate': 0.017449446810340583, 'depth': 12, 'l2_leaf_reg': 0.45541685202508564, 'min_child_samples': 32}. Best is trial 19 with value: 1.5236163635284494.
[I 2025-03-16 12:39:05,981] Trial 20 finished with value: 1.624765282022736 and parameters: {'learning_rate': 0.01750964651142189, 'depth': 8, 'l2_leaf_reg': 0.53806998680015, 'min_child_samples': 32}. Best is trial 19 with value: 1.5236163635284494.
[I 2025-03-16 12:39:11,657] Trial 21 finished with value: 1.5359875811567814 and parameters: {'learning_rate': 0.018055736571858032, 'depth': 12, 'l2_leaf_reg': 0.43706148073540285, 'min_child_samples': 32}. Best is trial 19 with value: 1.5236163635284494.
[I 2025-03-16 12:39:41,258] Trial 22 finished with value: 1.570186107149339 and parameters: {'learning_rate': 0.013348649973462204, 'depth': 15, 'l2_leaf_reg': 0.39976860253713403, 'min_child_samples': 32}. Best is trial 19 with value: 1.5236163635284494.
[I 2025-03-16 12:39:44,546] Trial 23 finished with value: 1.5456518093064944 and parameters: {'learning_rate': 0.017922000478349385, 'depth': 11, 'l2_leaf_reg': 1.0256335893661468, 'min_child_samples': 32}. Best is trial 19 with value: 1.5236163635284494.
[I 2025-03-16 12:39:59,962] Trial 24 finished with value: 1.555828408912506 and parameters: {'learning_rate': 0.014629612565376527, 'depth': 14, 'l2_leaf_reg': 0.47348961841753634, 'min_child_samples': 32}. Best is trial 19 with value: 1.5236163635284494.
[I 2025-03-16 12:40:05,957] Trial 25 finished with value: 1.5323801807958275 and parameters: {'learning_rate': 0.018096555461321866, 'depth': 12, 'l2_leaf_reg': 0.9386272126366011, 'min_child_samples': 4}. Best is trial 19 with value: 1.5236163635284494.
[I 2025-03-16 12:40:08,750] Trial 26 finished with value: 1.5986878587694155 and parameters: {'learning_rate': 0.015771591252893416, 'depth': 10, 'l2_leaf_reg': 1.3283526164545318, 'min_child_samples': 4}. Best is trial 19 with value: 1.5236163635284494.
[I 2025-03-16 12:40:24,619] Trial 27 finished with value: 1.5469016046311492 and parameters: {'learning_rate': 0.018707428746586346, 'depth': 14, 'l2_leaf_reg': 0.930203705251462, 'min_child_samples': 4}. Best is trial 19 with value: 1.5236163635284494.
[I 2025-03-16 12:40:26,957] Trial 28 finished with value: 1.6635952363731956 and parameters: {'learning_rate': 0.008104496208282455, 'depth': 8, 'l2_leaf_reg': 1.4286481908082356, 'min_child_samples': 4}. Best is trial 19 with value: 1.5236163635284494.
[I 2025-03-16 12:40:33,473] Trial 29 finished with value: 1.543034378976258 and parameters: {'learning_rate': 0.012984992189424106, 'depth': 12, 'l2_leaf_reg': 0.9120875545872897, 'min_child_samples': 1}. Best is trial 19 with value: 1.5236163635284494.
[I 2025-03-16 12:40:35,805] Trial 30 finished with value: 1.6590330505985245 and parameters: {'learning_rate': 0.016253472125205056, 'depth': 7, 'l2_leaf_reg': 2.06325110930209, 'min_child_samples': 8}. Best is trial 19 with value: 1.5236163635284494.
[I 2025-03-16 12:40:42,015] Trial 31 finished with value: 1.5320432462303772 and parameters: {'learning_rate': 0.018137034291983108, 'depth': 12, 'l2_leaf_reg': 0.330059145001391, 'min_child_samples': 4}. Best is trial 19 with value: 1.5236163635284494.
[I 2025-03-16 12:40:45,958] Trial 32 finished with value: 1.551999983025218 and parameters: {'learning_rate': 0.01814884597370828, 'depth': 11, 'l2_leaf_reg': 0.31271349122467074, 'min_child_samples': 4}. Best is trial 19 with value: 1.5236163635284494.
[I 2025-03-16 12:40:49,014] Trial 33 finished with value: 1.5868115699072123 and parameters: {'learning_rate': 0.014643582513393079, 'depth': 9, 'l2_leaf_reg': 0.6897052273514396, 'min_child_samples': 4}. Best is trial 19 with value: 1.5236163635284494.
[I 2025-03-16 12:41:01,538] Trial 34 finished with value: 1.5688605509833828 and parameters: {'learning_rate': 0.01685632836510123, 'depth': 14, 'l2_leaf_reg': 0.628623302810214, 'min_child_samples': 4}. Best is trial 19 with value: 1.5236163635284494.
[I 2025-03-16 12:41:29,772] Trial 35 finished with value: 1.5609171882616129 and parameters: {'learning_rate': 0.018456894560060083, 'depth': 15, 'l2_leaf_reg': 0.8812760096686472, 'min_child_samples': 16}. Best is trial 19 with value: 1.5236163635284494.
[I 2025-03-16 12:42:26,884] Trial 36 finished with value: 1.6079914399200064 and parameters: {'learning_rate': 0.012715878523739118, 'depth': 16, 'l2_leaf_reg': 1.512311816010704, 'min_child_samples': 4}. Best is trial 19 with value: 1.5236163635284494.
[I 2025-03-16 12:42:32,857] Trial 37 finished with value: 1.5373582204562692 and parameters: {'learning_rate': 0.010715795573634349, 'depth': 12, 'l2_leaf_reg': 0.2684527694340357, 'min_child_samples': 1}. Best is trial 19 with value: 1.5236163635284494.
[I 2025-03-16 12:42:37,154] Trial 38 finished with value: 1.5921548291309848 and parameters: {'learning_rate': 0.007052771048665351, 'depth': 11, 'l2_leaf_reg': 0.567773395953264, 'min_child_samples': 16}. Best is trial 19 with value: 1.5236163635284494.
[I 2025-03-16 12:42:39,235] Trial 39 finished with value: 1.695964556664533 and parameters: {'learning_rate': 0.015421959202045633, 'depth': 6, 'l2_leaf_reg': 0.8188125910175746, 'min_child_samples': 4}. Best is trial 19 with value: 1.5236163635284494.
[I 2025-03-16 12:42:48,785] Trial 40 finished with value: 1.7961673226502248 and parameters: {'learning_rate': 0.002955489511607628, 'depth': 13, 'l2_leaf_reg': 1.0817279512971707, 'min_child_samples': 8}. Best is trial 19 with value: 1.5236163635284494.
[I 2025-03-16 12:42:54,397] Trial 41 finished with value: 1.5308833520986014 and parameters: {'learning_rate': 0.018824078877697593, 'depth': 12, 'l2_leaf_reg': 0.32762406486111434, 'min_child_samples': 32}. Best is trial 19 with value: 1.5236163635284494.
[I 2025-03-16 12:42:57,869] Trial 42 finished with value: 1.5549387889276653 and parameters: {'learning_rate': 0.018694051325193875, 'depth': 10, 'l2_leaf_reg': 0.3689956402333834, 'min_child_samples': 32}. Best is trial 19 with value: 1.5236163635284494.
[I 2025-03-16 12:43:02,968] Trial 43 finished with value: 1.5358333986338837 and parameters: {'learning_rate': 0.017212076949748, 'depth': 12, 'l2_leaf_reg': 0.3122246488438866, 'min_child_samples': 32}. Best is trial 19 with value: 1.5236163635284494.
[I 2025-03-16 12:43:16,394] Trial 44 finished with value: 1.5592746677633431 and parameters: {'learning_rate': 0.01887132722791474, 'depth': 14, 'l2_leaf_reg': 0.21175402357443307, 'min_child_samples': 1}. Best is trial 19 with value: 1.5236163635284494.
[I 2025-03-16 12:43:42,130] Trial 45 finished with value: 1.5745642817791174 and parameters: {'learning_rate': 0.016094964201281647, 'depth': 15, 'l2_leaf_reg': 0.012605321929362312, 'min_child_samples': 16}. Best is trial 19 with value: 1.5236163635284494.
[I 2025-03-16 12:43:52,827] Trial 46 finished with value: 1.535143130751782 and parameters: {'learning_rate': 0.019043139133852603, 'depth': 13, 'l2_leaf_reg': 1.7936516306968135, 'min_child_samples': 4}. Best is trial 19 with value: 1.5236163635284494.
[I 2025-03-16 12:43:58,686] Trial 47 finished with value: 1.552842421735749 and parameters: {'learning_rate': 0.017259258140551507, 'depth': 11, 'l2_leaf_reg': 0.7470546456740503, 'min_child_samples': 32}. Best is trial 19 with value: 1.5236163635284494.
[I 2025-03-16 12:44:02,569] Trial 48 finished with value: 1.5846447833139636 and parameters: {'learning_rate': 0.014098937353008031, 'depth': 9, 'l2_leaf_reg': 2.596491747088395, 'min_child_samples': 8}. Best is trial 19 with value: 1.5236163635284494.
[I 2025-03-16 12:44:08,923] Trial 49 finished with value: 1.5430346812766098 and parameters: {'learning_rate': 0.012123438093451643, 'depth': 12, 'l2_leaf_reg': 1.3079943846331021, 'min_child_samples': 32}. Best is trial 19 with value: 1.5236163635284494.
[I 2025-03-16 12:44:16,896] Trial 50 finished with value: 1.5442769522356155 and parameters: {'learning_rate': 0.019294363723355436, 'depth': 13, 'l2_leaf_reg': 0.1585590563135409, 'min_child_samples': 4}. Best is trial 19 with value: 1.5236163635284494.
[I 2025-03-16 12:44:24,057] Trial 51 finished with value: 1.5475073068024998 and parameters: {'learning_rate': 0.019901137501779364, 'depth': 13, 'l2_leaf_reg': 1.795222153152766, 'min_child_samples': 4}. Best is trial 19 with value: 1.5236163635284494.
[I 2025-03-16 12:44:31,802] Trial 52 finished with value: 1.5414532737053452 and parameters: {'learning_rate': 0.017648165284420002, 'depth': 13, 'l2_leaf_reg': 1.623435170973333, 'min_child_samples': 4}. Best is trial 19 with value: 1.5236163635284494.
[I 2025-03-16 12:44:35,028] Trial 53 finished with value: 1.56199643988148 and parameters: {'learning_rate': 0.019224895834861516, 'depth': 11, 'l2_leaf_reg': 1.8151861939063674, 'min_child_samples': 4}. Best is trial 19 with value: 1.5236163635284494.
[I 2025-03-16 12:44:41,204] Trial 54 finished with value: 1.5408474451121081 and parameters: {'learning_rate': 0.01647151969018162, 'depth': 12, 'l2_leaf_reg': 2.14818460299741, 'min_child_samples': 32}. Best is trial 19 with value: 1.5236163635284494.
[I 2025-03-16 12:45:37,761] Trial 55 finished with value: 1.5955100798351507 and parameters: {'learning_rate': 0.017850163665271722, 'depth': 16, 'l2_leaf_reg': 0.5583063639548504, 'min_child_samples': 4}. Best is trial 19 with value: 1.5236163635284494.
[I 2025-03-16 12:45:51,695] Trial 56 finished with value: 1.5542235099136992 and parameters: {'learning_rate': 0.015309014035605788, 'depth': 14, 'l2_leaf_reg': 0.9659912039023849, 'min_child_samples': 32}. Best is trial 19 with value: 1.5236163635284494.
[I 2025-03-16 12:45:54,440] Trial 57 finished with value: 1.5772566036476698 and parameters: {'learning_rate': 0.019122222965153444, 'depth': 10, 'l2_leaf_reg': 1.9912736801575246, 'min_child_samples': 32}. Best is trial 19 with value: 1.5236163635284494.
[I 2025-03-16 12:46:02,539] Trial 58 finished with value: 1.5417888327340334 and parameters: {'learning_rate': 0.016864463311049113, 'depth': 13, 'l2_leaf_reg': 0.46590247686166897, 'min_child_samples': 4}. Best is trial 19 with value: 1.5236163635284494.
[I 2025-03-16 12:46:07,900] Trial 59 finished with value: 1.5306516551920997 and parameters: {'learning_rate': 0.01817195698016331, 'depth': 12, 'l2_leaf_reg': 2.3359810205706357, 'min_child_samples': 32}. Best is trial 19 with value: 1.5236163635284494.
[I 2025-03-16 12:46:11,279] Trial 60 finished with value: 1.5659822689597325 and parameters: {'learning_rate': 0.018147209397769183, 'depth': 11, 'l2_leaf_reg': 2.7168078355533996, 'min_child_samples': 32}. Best is trial 19 with value: 1.5236163635284494.
[I 2025-03-16 12:46:16,653] Trial 61 finished with value: 1.5355890302838522 and parameters: {'learning_rate': 0.019796465311393584, 'depth': 12, 'l2_leaf_reg': 2.309358859491809, 'min_child_samples': 32}. Best is trial 19 with value: 1.5236163635284494.
[I 2025-03-16 12:46:32,509] Trial 62 finished with value: 1.5553958789277922 and parameters: {'learning_rate': 0.01750620175834114, 'depth': 14, 'l2_leaf_reg': 2.4596617692256153, 'min_child_samples': 32}. Best is trial 19 with value: 1.5236163635284494.
[I 2025-03-16 12:46:40,589] Trial 63 finished with value: 1.5396909758555803 and parameters: {'learning_rate': 0.018586650136274828, 'depth': 13, 'l2_leaf_reg': 2.9564465795075905, 'min_child_samples': 32}. Best is trial 19 with value: 1.5236163635284494.
[I 2025-03-16 12:46:43,126] Trial 64 finished with value: 1.5946198689405193 and parameters: {'learning_rate': 0.015959292856858046, 'depth': 10, 'l2_leaf_reg': 1.2416016213002898, 'min_child_samples': 32}. Best is trial 19 with value: 1.5236163635284494.
[I 2025-03-16 12:46:49,162] Trial 65 finished with value: 1.5463104333732096 and parameters: {'learning_rate': 0.016541107062100366, 'depth': 12, 'l2_leaf_reg': 1.5141307164260687, 'min_child_samples': 1}. Best is trial 19 with value: 1.5236163635284494.
[I 2025-03-16 12:46:52,319] Trial 66 finished with value: 1.5646562192414888 and parameters: {'learning_rate': 0.0192466798521875, 'depth': 11, 'l2_leaf_reg': 2.253764741135263, 'min_child_samples': 4}. Best is trial 19 with value: 1.5236163635284494.
[I 2025-03-16 12:46:57,861] Trial 67 finished with value: 1.5303473447487232 and parameters: {'learning_rate': 0.018167021005333503, 'depth': 12, 'l2_leaf_reg': 0.1853869739291768, 'min_child_samples': 16}. Best is trial 19 with value: 1.5236163635284494.
