[I 2025-03-16 13:36:50,496] Trial 57 finished with value: 0.49785479645158204 and parameters: {'learning_rate': 0.008292971447279385, 'depth': 8, 'l2_leaf_reg': 1.71654841265438, 'min_child_samples': 32}. Best is trial 46 with value: 0.46683319906498566.
[I 2025-03-16 13:36:52,960] Trial 58 finished with value: 0.4744521681837278 and parameters: {'learning_rate': 0.019112848428105338, 'depth': 7, 'l2_leaf_reg': 0.8736452612649295, 'min_child_samples': 16}. Best is trial 46 with value: 0.46683319906498566.
[I 2025-03-16 13:37:49,256] Trial 59 finished with value: 0.5653447049789005 and parameters: {'learning_rate': 0.016872948999935272, 'depth': 16, 'l2_leaf_reg': 1.089121308483847, 'min_child_samples': 8}. Best is trial 46 with value: 0.46683319906498566.
[I 2025-03-16 13:37:50,541] Trial 60 finished with value: 0.8486749695396281 and parameters: {'learning_rate': 0.017808149639636027, 'depth': 1, 'l2_leaf_reg': 0.2518241064652996, 'min_child_samples': 4}. Best is trial 46 with value: 0.46683319906498566.
[I 2025-03-16 13:37:53,251] Trial 61 finished with value: 0.46702918229760537 and parameters: {'learning_rate': 0.019978020118015086, 'depth': 8, 'l2_leaf_reg': 0.5236553232021477, 'min_child_samples': 16}. Best is trial 46 with value: 0.46683319906498566.
[I 2025-03-16 13:37:56,429] Trial 62 finished with value: 0.46802155073394913 and parameters: {'learning_rate': 0.01992732434910031, 'depth': 9, 'l2_leaf_reg': 0.4871016509331668, 'min_child_samples': 16}. Best is trial 46 with value: 0.46683319906498566.
[I 2025-03-16 13:37:59,464] Trial 63 finished with value: 0.4684299015754661 and parameters: {'learning_rate': 0.019897880646085914, 'depth': 9, 'l2_leaf_reg': 0.3433993824983025, 'min_child_samples': 16}. Best is trial 46 with value: 0.46683319906498566.
[I 2025-03-16 13:38:03,180] Trial 64 finished with value: 0.4654596070125906 and parameters: {'learning_rate': 0.019934481008169424, 'depth': 10, 'l2_leaf_reg': 0.10034809678475665, 'min_child_samples': 16}. Best is trial 64 with value: 0.4654596070125906.
[I 2025-03-16 13:38:07,818] Trial 65 finished with value: 0.4732655865063313 and parameters: {'learning_rate': 0.019387407423570938, 'depth': 11, 'l2_leaf_reg': 0.13865357493005215, 'min_child_samples': 16}. Best is trial 64 with value: 0.4654596070125906.
[I 2025-03-16 13:38:11,359] Trial 66 finished with value: 0.46869439853600764 and parameters: {'learning_rate': 0.019430455530231344, 'depth': 10, 'l2_leaf_reg': 0.36492623027697313, 'min_child_samples': 16}. Best is trial 64 with value: 0.4654596070125906.
[I 2025-03-16 13:38:14,527] Trial 67 finished with value: 0.46715535419341525 and parameters: {'learning_rate': 0.019939529795696923, 'depth': 9, 'l2_leaf_reg': 0.08633687964663417, 'min_child_samples': 1}. Best is trial 64 with value: 0.4654596070125906.
[I 2025-03-16 13:38:23,792] Trial 68 finished with value: 0.48832902522185456 and parameters: {'learning_rate': 0.01893520769231046, 'depth': 13, 'l2_leaf_reg': 0.10722288038805028, 'min_child_samples': 1}. Best is trial 64 with value: 0.4654596070125906.
[I 2025-03-16 13:38:27,453] Trial 69 finished with value: 0.46917716974185775 and parameters: {'learning_rate': 0.017805086228058275, 'depth': 10, 'l2_leaf_reg': 0.44469381699545424, 'min_child_samples': 1}. Best is trial 64 with value: 0.4654596070125906.
[I 2025-03-16 13:38:33,879] Trial 70 finished with value: 0.480661603610542 and parameters: {'learning_rate': 0.01009708265292311, 'depth': 12, 'l2_leaf_reg': 0.010157587181366834, 'min_child_samples': 1}. Best is trial 64 with value: 0.4654596070125906.
[I 2025-03-16 13:38:36,906] Trial 71 finished with value: 0.4676336832806577 and parameters: {'learning_rate': 0.019807785486685853, 'depth': 9, 'l2_leaf_reg': 0.31593558377222175, 'min_child_samples': 1}. Best is trial 64 with value: 0.4654596070125906.
[I 2025-03-16 13:38:39,917] Trial 72 finished with value: 0.4691728008568231 and parameters: {'learning_rate': 0.019492286991842227, 'depth': 9, 'l2_leaf_reg': 0.1691469384351596, 'min_child_samples': 1}. Best is trial 64 with value: 0.4654596070125906.
[I 2025-03-16 13:38:44,590] Trial 73 finished with value: 0.4715739310396157 and parameters: {'learning_rate': 0.018166951876602718, 'depth': 11, 'l2_leaf_reg': 0.6349891024460881, 'min_child_samples': 1}. Best is trial 64 with value: 0.4654596070125906.
[I 2025-03-16 13:38:48,267] Trial 74 finished with value: 0.47016903941322896 and parameters: {'learning_rate': 0.01891530560844025, 'depth': 10, 'l2_leaf_reg': 0.2440102858743651, 'min_child_samples': 1}. Best is trial 64 with value: 0.4654596070125906.
[I 2025-03-16 13:38:51,129] Trial 75 finished with value: 0.4682260805528377 and parameters: {'learning_rate': 0.019889030342515795, 'depth': 9, 'l2_leaf_reg': 0.4461879902133909, 'min_child_samples': 1}. Best is trial 64 with value: 0.4654596070125906.
[I 2025-03-16 13:38:55,804] Trial 76 finished with value: 0.4746530042382923 and parameters: {'learning_rate': 0.01930641835141942, 'depth': 11, 'l2_leaf_reg': 0.054868934081803544, 'min_child_samples': 8}. Best is trial 64 with value: 0.4654596070125906.
[I 2025-03-16 13:38:59,624] Trial 77 finished with value: 0.4685860363076325 and parameters: {'learning_rate': 0.018182238221947193, 'depth': 10, 'l2_leaf_reg': 0.3151806734669555, 'min_child_samples': 1}. Best is trial 64 with value: 0.4654596070125906.
[I 2025-03-16 13:39:02,624] Trial 78 finished with value: 0.47068036485374914 and parameters: {'learning_rate': 0.01593887573833585, 'depth': 9, 'l2_leaf_reg': 0.4900636492336052, 'min_child_samples': 1}. Best is trial 64 with value: 0.4654596070125906.
[I 2025-03-16 13:39:05,362] Trial 79 finished with value: 0.46880230793119393 and parameters: {'learning_rate': 0.018665463804452144, 'depth': 8, 'l2_leaf_reg': 0.22215425282381032, 'min_child_samples': 4}. Best is trial 64 with value: 0.4654596070125906.
[I 2025-03-16 13:39:08,725] Trial 80 finished with value: 0.47052457974515693 and parameters: {'learning_rate': 0.017120366347065083, 'depth': 9, 'l2_leaf_reg': 0.6674792087652692, 'min_child_samples': 16}. Best is trial 64 with value: 0.4654596070125906.
[I 2025-03-16 13:39:11,699] Trial 81 finished with value: 0.4677292061240019 and parameters: {'learning_rate': 0.019968826873330184, 'depth': 9, 'l2_leaf_reg': 0.4825061002689401, 'min_child_samples': 1}. Best is trial 64 with value: 0.4654596070125906.
[I 2025-03-16 13:39:15,027] Trial 82 finished with value: 0.4683034209643718 and parameters: {'learning_rate': 0.01997559948694982, 'depth': 9, 'l2_leaf_reg': 0.7604711778403515, 'min_child_samples': 1}. Best is trial 64 with value: 0.4654596070125906.
[I 2025-03-16 13:39:17,764] Trial 83 finished with value: 0.46843265599301825 and parameters: {'learning_rate': 0.019507630690404548, 'depth': 8, 'l2_leaf_reg': 0.4723396899241134, 'min_child_samples': 1}. Best is trial 64 with value: 0.4654596070125906.
[I 2025-03-16 13:39:20,168] Trial 84 finished with value: 0.47634725242039583 and parameters: {'learning_rate': 0.0188194049631138, 'depth': 7, 'l2_leaf_reg': 0.09178214395280461, 'min_child_samples': 1}. Best is trial 64 with value: 0.4654596070125906.
[I 2025-03-16 13:39:24,760] Trial 85 finished with value: 0.4715896075190777 and parameters: {'learning_rate': 0.01798202590702799, 'depth': 10, 'l2_leaf_reg': 0.2882540763954788, 'min_child_samples': 16}. Best is trial 64 with value: 0.4654596070125906.
[I 2025-03-16 13:39:29,437] Trial 86 finished with value: 0.4676227947260001 and parameters: {'learning_rate': 0.01943403770269941, 'depth': 9, 'l2_leaf_reg': 0.919447189821896, 'min_child_samples': 1}. Best is trial 64 with value: 0.4654596070125906.
[I 2025-03-16 13:39:32,914] Trial 87 finished with value: 0.46852103920051935 and parameters: {'learning_rate': 0.019417847796132724, 'depth': 8, 'l2_leaf_reg': 0.9242248319678381, 'min_child_samples': 1}. Best is trial 64 with value: 0.4654596070125906.
[I 2025-03-16 13:39:36,212] Trial 88 finished with value: 0.46860430636669637 and parameters: {'learning_rate': 0.018600163556408537, 'depth': 9, 'l2_leaf_reg': 0.3987075143204266, 'min_child_samples': 1}. Best is trial 64 with value: 0.4654596070125906.
[I 2025-03-16 13:39:41,014] Trial 89 finished with value: 0.47378812668660947 and parameters: {'learning_rate': 0.017404190289609406, 'depth': 11, 'l2_leaf_reg': 0.6312511876260272, 'min_child_samples': 1}. Best is trial 64 with value: 0.4654596070125906.
[I 2025-03-16 13:39:44,505] Trial 90 finished with value: 0.47366963552708974 and parameters: {'learning_rate': 0.011187370716850536, 'depth': 10, 'l2_leaf_reg': 0.18512376488782706, 'min_child_samples': 32}. Best is trial 64 with value: 0.4654596070125906.
[I 2025-03-16 13:39:47,337] Trial 91 finished with value: 0.4695596924042151 and parameters: {'learning_rate': 0.01955451191371255, 'depth': 9, 'l2_leaf_reg': 0.5948637245133159, 'min_child_samples': 1}. Best is trial 64 with value: 0.4654596070125906.
[I 2025-03-16 13:39:51,163] Trial 92 finished with value: 0.4685215974256223 and parameters: {'learning_rate': 0.019070421616594887, 'depth': 10, 'l2_leaf_reg': 0.49243193759325077, 'min_child_samples': 16}. Best is trial 64 with value: 0.4654596070125906.
[I 2025-03-16 13:39:53,756] Trial 93 finished with value: 0.46830535660966627 and parameters: {'learning_rate': 0.019987776193818203, 'depth': 8, 'l2_leaf_reg': 0.764009741375427, 'min_child_samples': 16}. Best is trial 64 with value: 0.4654596070125906.
[I 2025-03-16 13:39:56,196] Trial 94 finished with value: 0.4778369004174596 and parameters: {'learning_rate': 0.01846065142966697, 'depth': 7, 'l2_leaf_reg': 0.33365713157939375, 'min_child_samples': 8}. Best is trial 64 with value: 0.4654596070125906.
[I 2025-03-16 13:39:58,967] Trial 95 finished with value: 0.5364710358804159 and parameters: {'learning_rate': 0.005359584583852069, 'depth': 9, 'l2_leaf_reg': 2.168054564328396, 'min_child_samples': 16}. Best is trial 64 with value: 0.4654596070125906.
[I 2025-03-16 13:40:02,678] Trial 96 finished with value: 0.47031252950015157 and parameters: {'learning_rate': 0.019085301724333984, 'depth': 10, 'l2_leaf_reg': 0.532762210832183, 'min_child_samples': 1}. Best is trial 64 with value: 0.4654596070125906.
[I 2025-03-16 13:40:07,197] Trial 97 finished with value: 0.4734114703156118 and parameters: {'learning_rate': 0.01943045809710725, 'depth': 11, 'l2_leaf_reg': 0.67121960341969, 'min_child_samples': 16}. Best is trial 64 with value: 0.4654596070125906.
[I 2025-03-16 13:40:09,774] Trial 98 finished with value: 0.4694356833546105 and parameters: {'learning_rate': 0.01812213513770648, 'depth': 8, 'l2_leaf_reg': 0.41095899953497717, 'min_child_samples': 16}. Best is trial 64 with value: 0.4654596070125906.
[I 2025-03-16 13:40:12,345] Trial 99 finished with value: 0.7055781379468248 and parameters: {'learning_rate': 0.002972486915893569, 'depth': 8, 'l2_leaf_reg': 0.8698171505201214, 'min_child_samples': 4}. Best is trial 64 with value: 0.4654596070125906.
[I 2025-03-16 13:40:15,513] Trial 100 finished with value: 0.4692332001422598 and parameters: {'learning_rate': 0.019634455534025916, 'depth': 9, 'l2_leaf_reg': 0.05927860413537844, 'min_child_samples': 32}. Best is trial 64 with value: 0.4654596070125906.
[I 2025-03-16 13:40:18,788] Trial 101 finished with value: 0.4668574560927883 and parameters: {'learning_rate': 0.019973471110011604, 'depth': 9, 'l2_leaf_reg': 0.45111260900861533, 'min_child_samples': 1}. Best is trial 64 with value: 0.4654596070125906.
[I 2025-03-16 13:40:21,569] Trial 102 finished with value: 0.4687281092517063 and parameters: {'learning_rate': 0.018899177761760363, 'depth': 9, 'l2_leaf_reg': 0.579263079130272, 'min_child_samples': 1}. Best is trial 64 with value: 0.4654596070125906.
[I 2025-03-16 13:40:25,344] Trial 103 finished with value: 0.4683037100112872 and parameters: {'learning_rate': 0.019947495685250827, 'depth': 10, 'l2_leaf_reg': 0.2105880720409381, 'min_child_samples': 1}. Best is trial 64 with value: 0.4654596070125906.
[I 2025-03-16 13:40:28,408] Trial 104 finished with value: 0.4673324624844939 and parameters: {'learning_rate': 0.018589700589859648, 'depth': 9, 'l2_leaf_reg': 0.2917807884074529, 'min_child_samples': 1}. Best is trial 64 with value: 0.4654596070125906.
[I 2025-03-16 13:40:56,481] Trial 105 finished with value: 0.5425344716293186 and parameters: {'learning_rate': 0.018592267354396824, 'depth': 15, 'l2_leaf_reg': 0.2908555127068726, 'min_child_samples': 1}. Best is trial 64 with value: 0.4654596070125906.
[I 2025-03-16 13:40:58,794] Trial 106 finished with value: 0.47030973733990095 and parameters: {'learning_rate': 0.019157509243855727, 'depth': 8, 'l2_leaf_reg': 0.36932317171894447, 'min_child_samples': 1}. Best is trial 64 with value: 0.4654596070125906.
[I 2025-03-16 13:41:00,586] Trial 107 finished with value: 0.635917304126256 and parameters: {'learning_rate': 0.019643935624780277, 'depth': 2, 'l2_leaf_reg': 0.2537183904009187, 'min_child_samples': 1}. Best is trial 64 with value: 0.4654596070125906.
[I 2025-03-16 13:41:03,773] Trial 108 finished with value: 0.46877399395701363 and parameters: {'learning_rate': 0.017661273399253552, 'depth': 9, 'l2_leaf_reg': 0.17175418678234722, 'min_child_samples': 1}. Best is trial 64 with value: 0.4654596070125906.
[I 2025-03-16 13:41:06,261] Trial 109 finished with value: 0.47629664787474046 and parameters: {'learning_rate': 0.018295392259605706, 'depth': 7, 'l2_leaf_reg': 0.5023406277909579, 'min_child_samples': 1}. Best is trial 64 with value: 0.4654596070125906.
[I 2025-03-16 13:41:09,163] Trial 110 finished with value: 0.4691415696643368 and parameters: {'learning_rate': 0.01912158543018589, 'depth': 9, 'l2_leaf_reg': 0.09072589816840845, 'min_child_samples': 1}. Best is trial 64 with value: 0.4654596070125906.
[I 2025-03-16 13:41:12,940] Trial 111 finished with value: 0.4668813375155419 and parameters: {'learning_rate': 0.01952180775101512, 'depth': 10, 'l2_leaf_reg': 0.43169999215886806, 'min_child_samples': 16}. Best is trial 64 with value: 0.4654596070125906.
[I 2025-03-16 13:41:16,464] Trial 112 finished with value: 0.46724988323006844 and parameters: {'learning_rate': 0.01959457068692933, 'depth': 10, 'l2_leaf_reg': 0.42914708053213535, 'min_child_samples': 16}. Best is trial 64 with value: 0.4654596070125906.
[I 2025-03-16 13:41:20,172] Trial 113 finished with value: 0.4659291162551423 and parameters: {'learning_rate': 0.019601687679754554, 'depth': 10, 'l2_leaf_reg': 0.3224386304163691, 'min_child_samples': 16}. Best is trial 64 with value: 0.4654596070125906.
[I 2025-03-16 13:41:23,983] Trial 114 finished with value: 0.47082247434412716 and parameters: {'learning_rate': 0.018808035996059014, 'depth': 10, 'l2_leaf_reg': 0.3245402805929525, 'min_child_samples': 16}. Best is trial 64 with value: 0.4654596070125906.
[I 2025-03-16 13:41:28,555] Trial 115 finished with value: 0.4762387688296077 and parameters: {'learning_rate': 0.019495916250339702, 'depth': 11, 'l2_leaf_reg': 0.0011982571758561017, 'min_child_samples': 16}. Best is trial 64 with value: 0.4654596070125906.
[I 2025-03-16 13:41:32,386] Trial 116 finished with value: 0.46750049818102096 and parameters: {'learning_rate': 0.0166199276291117, 'depth': 10, 'l2_leaf_reg': 0.4183234281559318, 'min_child_samples': 16}. Best is trial 64 with value: 0.4654596070125906.
[I 2025-03-16 13:41:38,772] Trial 117 finished with value: 0.47581805425737406 and parameters: {'learning_rate': 0.016450833976164397, 'depth': 12, 'l2_leaf_reg': 0.41472583489157877, 'min_child_samples': 16}. Best is trial 64 with value: 0.4654596070125906.
[I 2025-03-16 13:41:42,312] Trial 118 finished with value: 0.47101413301384965 and parameters: {'learning_rate': 0.018583341441788904, 'depth': 10, 'l2_leaf_reg': 0.22502346022820266, 'min_child_samples': 16}. Best is trial 64 with value: 0.4654596070125906.
[I 2025-03-16 13:41:46,993] Trial 119 finished with value: 0.4739051441677087 and parameters: {'learning_rate': 0.017849581219727302, 'depth': 11, 'l2_leaf_reg': 0.1431451596689953, 'min_child_samples': 16}. Best is trial 64 with value: 0.4654596070125906.
[I 2025-03-16 13:41:50,506] Trial 120 finished with value: 0.48587892986503434 and parameters: {'learning_rate': 0.008535083299516728, 'depth': 10, 'l2_leaf_reg': 0.5707552750237291, 'min_child_samples': 16}. Best is trial 64 with value: 0.4654596070125906.
[I 2025-03-16 13:41:54,277] Trial 121 finished with value: 0.4676653934542372 and parameters: {'learning_rate': 0.01950845783398851, 'depth': 10, 'l2_leaf_reg': 0.35910907433113265, 'min_child_samples': 16}. Best is trial 64 with value: 0.4654596070125906.
[I 2025-03-16 13:41:57,790] Trial 122 finished with value: 0.47165753591971105 and parameters: {'learning_rate': 0.013159368618377992, 'depth': 10, 'l2_leaf_reg': 0.28004167215182896, 'min_child_samples': 16}. Best is trial 64 with value: 0.4654596070125906.
[I 2025-03-16 13:42:02,370] Trial 123 finished with value: 0.48230401144290247 and parameters: {'learning_rate': 0.009480276043844129, 'depth': 11, 'l2_leaf_reg': 0.4059854946899799, 'min_child_samples': 16}. Best is trial 64 with value: 0.4654596070125906.
[I 2025-03-16 13:42:05,489] Trial 124 finished with value: 0.46845940524604884 and parameters: {'learning_rate': 0.019047134928775234, 'depth': 9, 'l2_leaf_reg': 0.4581597545996292, 'min_child_samples': 16}. Best is trial 64 with value: 0.4654596070125906.
[I 2025-03-16 13:42:08,983] Trial 125 finished with value: 0.46804825102098013 and parameters: {'learning_rate': 0.01964802224058573, 'depth': 10, 'l2_leaf_reg': 0.3422319396478403, 'min_child_samples': 8}. Best is trial 64 with value: 0.4654596070125906.
[I 2025-03-16 13:42:11,744] Trial 126 finished with value: 0.46745732883912017 and parameters: {'learning_rate': 0.019231840058747587, 'depth': 8, 'l2_leaf_reg': 1.410862297565617, 'min_child_samples': 16}. Best is trial 64 with value: 0.4654596070125906.
[I 2025-03-16 13:42:14,480] Trial 127 finished with value: 0.47063624627526884 and parameters: {'learning_rate': 0.018253619141024198, 'depth': 8, 'l2_leaf_reg': 2.0848429152465315, 'min_child_samples': 16}. Best is trial 64 with value: 0.4654596070125906.
[I 2025-03-16 13:42:16,702] Trial 128 finished with value: 0.4764818749082545 and parameters: {'learning_rate': 0.017366860138890782, 'depth': 7, 'l2_leaf_reg': 1.2997805587898181, 'min_child_samples': 16}. Best is trial 64 with value: 0.4654596070125906.
[I 2025-03-16 13:42:19,441] Trial 129 finished with value: 0.46951432332508225 and parameters: {'learning_rate': 0.019163608176623728, 'depth': 8, 'l2_leaf_reg': 1.4834059457821611, 'min_child_samples': 16}. Best is trial 64 with value: 0.4654596070125906.
[I 2025-03-16 13:42:24,027] Trial 130 finished with value: 0.473857916683348 and parameters: {'learning_rate': 0.01862482845199687, 'depth': 11, 'l2_leaf_reg': 0.5404021695104508, 'min_child_samples': 16}. Best is trial 64 with value: 0.4654596070125906.
[I 2025-03-16 13:42:27,160] Trial 131 finished with value: 0.46781337311038773 and parameters: {'learning_rate': 0.019973191312709932, 'depth': 9, 'l2_leaf_reg': 1.9330105483150337, 'min_child_samples': 16}. Best is trial 64 with value: 0.4654596070125906.
[I 2025-03-16 13:42:30,298] Trial 132 finished with value: 0.46728816369358184 and parameters: {'learning_rate': 0.019260643154866322, 'depth': 9, 'l2_leaf_reg': 2.7319677790541963, 'min_child_samples': 16}. Best is trial 64 with value: 0.4654596070125906.
[I 2025-03-16 13:42:34,307] Trial 133 finished with value: 0.46892945986827805 and parameters: {'learning_rate': 0.019382395109067158, 'depth': 10, 'l2_leaf_reg': 0.7032485606204346, 'min_child_samples': 16}. Best is trial 64 with value: 0.4654596070125906.
[I 2025-03-16 13:42:36,669] Trial 134 finished with value: 0.4686418774856776 and parameters: {'learning_rate': 0.018846449383727242, 'depth': 8, 'l2_leaf_reg': 1.8447550582644137, 'min_child_samples': 16}. Best is trial 64 with value: 0.4654596070125906.
[I 2025-03-16 13:42:39,779] Trial 135 finished with value: 0.4682410350991081 and parameters: {'learning_rate': 0.01802334656325824, 'depth': 9, 'l2_leaf_reg': 2.8497069438508684, 'min_child_samples': 16}. Best is trial 64 with value: 0.4654596070125906.
[I 2025-03-16 13:42:43,358] Trial 136 finished with value: 0.4930183636932969 and parameters: {'learning_rate': 0.0074133705865775225, 'depth': 10, 'l2_leaf_reg': 2.3705409149843923, 'min_child_samples': 16}. Best is trial 64 with value: 0.4654596070125906.
[I 2025-03-16 13:42:46,227] Trial 137 finished with value: 0.4695644464464255 and parameters: {'learning_rate': 0.019382824721979327, 'depth': 9, 'l2_leaf_reg': 2.6167729920766667, 'min_child_samples': 16}. Best is trial 64 with value: 0.4654596070125906.
[I 2025-03-16 13:42:48,859] Trial 138 finished with value: 0.46896608806534057 and parameters: {'learning_rate': 0.01844083106625961, 'depth': 8, 'l2_leaf_reg': 1.5876526358990608, 'min_child_samples': 4}. Best is trial 64 with value: 0.4654596070125906.
[I 2025-03-16 13:42:52,618] Trial 139 finished with value: 0.46977479243028275 and parameters: {'learning_rate': 0.019047840892676998, 'depth': 10, 'l2_leaf_reg': 1.0604518424147784, 'min_child_samples': 16}. Best is trial 64 with value: 0.4654596070125906.
[I 2025-03-16 13:42:55,745] Trial 140 finished with value: 0.4691413595138811 and parameters: {'learning_rate': 0.019633903839133188, 'depth': 9, 'l2_leaf_reg': 1.163439015353882, 'min_child_samples': 32}. Best is trial 64 with value: 0.4654596070125906.
[I 2025-03-16 13:42:58,611] Trial 141 finished with value: 0.4678499633299193 and parameters: {'learning_rate': 0.01967185652290816, 'depth': 9, 'l2_leaf_reg': 0.43942463154919476, 'min_child_samples': 16}. Best is trial 64 with value: 0.4654596070125906.
