[I 2025-03-16 13:22:21,191] Trial 90 finished with value: 0.37421229274738155 and parameters: {'learning_rate': 0.01511232403855702, 'depth': 2, 'l2_leaf_reg': 2.7502107788799073, 'min_child_samples': 16}. Best is trial 10 with value: 0.18197680338750274.
[I 2025-03-16 13:22:25,926] Trial 91 finished with value: 0.18550618243031725 and parameters: {'learning_rate': 0.015764874545687674, 'depth': 11, 'l2_leaf_reg': 2.6683968827248186, 'min_child_samples': 4}. Best is trial 10 with value: 0.18197680338750274.
[I 2025-03-16 13:22:30,444] Trial 92 finished with value: 0.1850481915660629 and parameters: {'learning_rate': 0.01797928233538821, 'depth': 11, 'l2_leaf_reg': 2.541749849748236, 'min_child_samples': 4}. Best is trial 10 with value: 0.18197680338750274.
[I 2025-03-16 13:22:34,906] Trial 93 finished with value: 0.18423971719517593 and parameters: {'learning_rate': 0.016443598221621836, 'depth': 11, 'l2_leaf_reg': 2.945496975628591, 'min_child_samples': 4}. Best is trial 10 with value: 0.18197680338750274.
[I 2025-03-16 13:22:41,342] Trial 94 finished with value: 0.18858785300328124 and parameters: {'learning_rate': 0.01661091025560922, 'depth': 12, 'l2_leaf_reg': 2.845200220028461, 'min_child_samples': 4}. Best is trial 10 with value: 0.18197680338750274.
[I 2025-03-16 13:22:45,883] Trial 95 finished with value: 0.1848283839659121 and parameters: {'learning_rate': 0.017568741364523587, 'depth': 11, 'l2_leaf_reg': 2.978192313868644, 'min_child_samples': 4}. Best is trial 10 with value: 0.18197680338750274.
[I 2025-03-16 13:22:49,651] Trial 96 finished with value: 0.18628331022312514 and parameters: {'learning_rate': 0.018585307416432117, 'depth': 10, 'l2_leaf_reg': 2.945280121679712, 'min_child_samples': 32}. Best is trial 10 with value: 0.18197680338750274.
[I 2025-03-16 13:22:52,674] Trial 97 finished with value: 0.188612447678395 and parameters: {'learning_rate': 0.019603593765732605, 'depth': 9, 'l2_leaf_reg': 2.873066043299302, 'min_child_samples': 4}. Best is trial 10 with value: 0.18197680338750274.
[I 2025-03-16 13:23:02,363] Trial 98 finished with value: 0.19419156052999142 and parameters: {'learning_rate': 0.01595637655267059, 'depth': 13, 'l2_leaf_reg': 1.043737393575082, 'min_child_samples': 8}. Best is trial 10 with value: 0.18197680338750274.
[I 2025-03-16 13:23:08,616] Trial 99 finished with value: 0.18943834173383794 and parameters: {'learning_rate': 0.017158098827718966, 'depth': 12, 'l2_leaf_reg': 2.7694751821405084, 'min_child_samples': 4}. Best is trial 10 with value: 0.18197680338750274.
[I 2025-03-16 13:23:13,120] Trial 100 finished with value: 0.18219485296743917 and parameters: {'learning_rate': 0.01891264625928273, 'depth': 11, 'l2_leaf_reg': 1.7660731608467355, 'min_child_samples': 16}. Best is trial 10 with value: 0.18197680338750274.
[I 2025-03-16 13:23:17,742] Trial 101 finished with value: 0.18355523786166716 and parameters: {'learning_rate': 0.019087015505369464, 'depth': 11, 'l2_leaf_reg': 1.4224383264305567, 'min_child_samples': 16}. Best is trial 10 with value: 0.18197680338750274.
[I 2025-03-16 13:23:21,541] Trial 102 finished with value: 0.1843460877846481 and parameters: {'learning_rate': 0.018932707395984832, 'depth': 10, 'l2_leaf_reg': 1.2871078117417645, 'min_child_samples': 16}. Best is trial 10 with value: 0.18197680338750274.
[I 2025-03-16 13:23:25,074] Trial 103 finished with value: 0.18609945889505514 and parameters: {'learning_rate': 0.01889010807247415, 'depth': 10, 'l2_leaf_reg': 1.4000871481466217, 'min_child_samples': 16}. Best is trial 10 with value: 0.18197680338750274.
[I 2025-03-16 13:23:28,655] Trial 104 finished with value: 0.18437035559287424 and parameters: {'learning_rate': 0.0194288007201972, 'depth': 10, 'l2_leaf_reg': 1.1472487659762012, 'min_child_samples': 16}. Best is trial 10 with value: 0.18197680338750274.
[I 2025-03-16 13:23:32,324] Trial 105 finished with value: 0.1833537492654111 and parameters: {'learning_rate': 0.019995938683900084, 'depth': 10, 'l2_leaf_reg': 1.2293590338129954, 'min_child_samples': 16}. Best is trial 10 with value: 0.18197680338750274.
[I 2025-03-16 13:23:35,140] Trial 106 finished with value: 0.18991442855742363 and parameters: {'learning_rate': 0.019882906377375515, 'depth': 9, 'l2_leaf_reg': 1.318382728606116, 'min_child_samples': 16}. Best is trial 10 with value: 0.18197680338750274.
[I 2025-03-16 13:23:39,734] Trial 107 finished with value: 0.18225639633425203 and parameters: {'learning_rate': 0.019186949172584178, 'depth': 11, 'l2_leaf_reg': 1.6645895193233635, 'min_child_samples': 16}. Best is trial 10 with value: 0.18197680338750274.
[I 2025-03-16 13:23:46,085] Trial 108 finished with value: 0.1883267400675237 and parameters: {'learning_rate': 0.0184947624175954, 'depth': 12, 'l2_leaf_reg': 1.7003674313193409, 'min_child_samples': 16}. Best is trial 10 with value: 0.18197680338750274.
[I 2025-03-16 13:23:50,728] Trial 109 finished with value: 0.1819536418921571 and parameters: {'learning_rate': 0.019134091239160364, 'depth': 11, 'l2_leaf_reg': 1.5952405768533455, 'min_child_samples': 16}. Best is trial 109 with value: 0.1819536418921571.
[I 2025-03-16 13:23:55,259] Trial 110 finished with value: 0.18343150697837451 and parameters: {'learning_rate': 0.01919140042864704, 'depth': 11, 'l2_leaf_reg': 1.53570110209798, 'min_child_samples': 16}. Best is trial 109 with value: 0.1819536418921571.
[I 2025-03-16 13:23:59,813] Trial 111 finished with value: 0.18381180431518354 and parameters: {'learning_rate': 0.019101273809884536, 'depth': 11, 'l2_leaf_reg': 1.5864171356641499, 'min_child_samples': 16}. Best is trial 109 with value: 0.1819536418921571.
[I 2025-03-16 13:24:06,022] Trial 112 finished with value: 0.1871708362183909 and parameters: {'learning_rate': 0.01915739407432061, 'depth': 12, 'l2_leaf_reg': 1.5694783899057796, 'min_child_samples': 16}. Best is trial 109 with value: 0.1819536418921571.
[I 2025-03-16 13:24:10,593] Trial 113 finished with value: 0.18170753352453936 and parameters: {'learning_rate': 0.01992727484308405, 'depth': 11, 'l2_leaf_reg': 1.5020135515521515, 'min_child_samples': 16}. Best is trial 113 with value: 0.18170753352453936.
[I 2025-03-16 13:24:15,095] Trial 114 finished with value: 0.18432454443623192 and parameters: {'learning_rate': 0.019616670733173913, 'depth': 11, 'l2_leaf_reg': 1.7901098020521695, 'min_child_samples': 16}. Best is trial 113 with value: 0.18170753352453936.
[I 2025-03-16 13:24:19,550] Trial 115 finished with value: 0.18259032795270275 and parameters: {'learning_rate': 0.019946274138325084, 'depth': 11, 'l2_leaf_reg': 1.450938219008822, 'min_child_samples': 16}. Best is trial 113 with value: 0.18170753352453936.
[I 2025-03-16 13:24:23,382] Trial 116 finished with value: 0.1861250653564177 and parameters: {'learning_rate': 0.01993629426176545, 'depth': 10, 'l2_leaf_reg': 1.4729613408496982, 'min_child_samples': 16}. Best is trial 113 with value: 0.18170753352453936.
[I 2025-03-16 13:24:29,621] Trial 117 finished with value: 0.1861405001407031 and parameters: {'learning_rate': 0.01814936819715392, 'depth': 12, 'l2_leaf_reg': 1.4245802418020987, 'min_child_samples': 16}. Best is trial 113 with value: 0.18170753352453936.
[I 2025-03-16 13:24:35,768] Trial 118 finished with value: 0.18750407184369824 and parameters: {'learning_rate': 0.019614150877760417, 'depth': 12, 'l2_leaf_reg': 1.8109172944110794, 'min_child_samples': 16}. Best is trial 113 with value: 0.18170753352453936.
[I 2025-03-16 13:24:39,415] Trial 119 finished with value: 0.18525882700612692 and parameters: {'learning_rate': 0.018605783222241292, 'depth': 10, 'l2_leaf_reg': 1.6403079215060783, 'min_child_samples': 16}. Best is trial 113 with value: 0.18170753352453936.
[I 2025-03-16 13:24:43,970] Trial 120 finished with value: 0.18263884484481827 and parameters: {'learning_rate': 0.01945475304004999, 'depth': 11, 'l2_leaf_reg': 1.4945891206955364, 'min_child_samples': 16}. Best is trial 113 with value: 0.18170753352453936.
[I 2025-03-16 13:24:48,786] Trial 121 finished with value: 0.18314975224246832 and parameters: {'learning_rate': 0.01998964664246565, 'depth': 11, 'l2_leaf_reg': 1.5052512251242813, 'min_child_samples': 16}. Best is trial 113 with value: 0.18170753352453936.
[I 2025-03-16 13:24:53,411] Trial 122 finished with value: 0.18418921973471414 and parameters: {'learning_rate': 0.01956385645310919, 'depth': 11, 'l2_leaf_reg': 1.501803812635052, 'min_child_samples': 16}. Best is trial 113 with value: 0.18170753352453936.
[I 2025-03-16 13:24:58,040] Trial 123 finished with value: 0.18448833599546718 and parameters: {'learning_rate': 0.01991060401217279, 'depth': 11, 'l2_leaf_reg': 1.2231933048524914, 'min_child_samples': 16}. Best is trial 113 with value: 0.18170753352453936.
[I 2025-03-16 13:25:01,906] Trial 124 finished with value: 0.18652843641860695 and parameters: {'learning_rate': 0.019342261812940135, 'depth': 10, 'l2_leaf_reg': 1.6066217173437836, 'min_child_samples': 16}. Best is trial 113 with value: 0.18170753352453936.
[I 2025-03-16 13:25:08,406] Trial 125 finished with value: 0.18679802479811863 and parameters: {'learning_rate': 0.018253150568925014, 'depth': 12, 'l2_leaf_reg': 1.7048662107025938, 'min_child_samples': 16}. Best is trial 113 with value: 0.18170753352453936.
[I 2025-03-16 13:25:12,864] Trial 126 finished with value: 0.18244156202259249 and parameters: {'learning_rate': 0.01998797513930556, 'depth': 11, 'l2_leaf_reg': 1.3408021875056089, 'min_child_samples': 16}. Best is trial 113 with value: 0.18170753352453936.
[I 2025-03-16 13:25:16,488] Trial 127 finished with value: 0.18477113470308004 and parameters: {'learning_rate': 0.01875626958166699, 'depth': 10, 'l2_leaf_reg': 1.3288108806099987, 'min_child_samples': 16}. Best is trial 113 with value: 0.18170753352453936.
[I 2025-03-16 13:25:22,987] Trial 128 finished with value: 0.1851904657693451 and parameters: {'learning_rate': 0.01994782468233183, 'depth': 12, 'l2_leaf_reg': 1.1454238452735221, 'min_child_samples': 16}. Best is trial 113 with value: 0.18170753352453936.
[I 2025-03-16 13:25:26,101] Trial 129 finished with value: 0.18887178482643704 and parameters: {'learning_rate': 0.019374231918658787, 'depth': 9, 'l2_leaf_reg': 1.4712209138382335, 'min_child_samples': 16}. Best is trial 113 with value: 0.18170753352453936.
[I 2025-03-16 13:25:30,622] Trial 130 finished with value: 0.18245650539727667 and parameters: {'learning_rate': 0.019980487957223902, 'depth': 11, 'l2_leaf_reg': 2.057784683116221, 'min_child_samples': 16}. Best is trial 113 with value: 0.18170753352453936.
[I 2025-03-16 13:25:35,212] Trial 131 finished with value: 0.1837681303444846 and parameters: {'learning_rate': 0.019589973618540587, 'depth': 11, 'l2_leaf_reg': 1.9738719669520086, 'min_child_samples': 16}. Best is trial 113 with value: 0.18170753352453936.
[I 2025-03-16 13:25:39,602] Trial 132 finished with value: 0.18288918806200904 and parameters: {'learning_rate': 0.018814134132069938, 'depth': 11, 'l2_leaf_reg': 1.358909239709992, 'min_child_samples': 16}. Best is trial 113 with value: 0.18170753352453936.
[I 2025-03-16 13:25:44,405] Trial 133 finished with value: 0.18478267990026373 and parameters: {'learning_rate': 0.01796146647725353, 'depth': 11, 'l2_leaf_reg': 2.0795131761861265, 'min_child_samples': 16}. Best is trial 113 with value: 0.18170753352453936.
[I 2025-03-16 13:25:49,037] Trial 134 finished with value: 0.1828079493462248 and parameters: {'learning_rate': 0.01881713973423288, 'depth': 11, 'l2_leaf_reg': 1.3624210601397655, 'min_child_samples': 16}. Best is trial 113 with value: 0.18170753352453936.
[I 2025-03-16 13:25:58,527] Trial 135 finished with value: 0.19359018736087785 and parameters: {'learning_rate': 0.01886522966580436, 'depth': 13, 'l2_leaf_reg': 1.3586984481438253, 'min_child_samples': 16}. Best is trial 113 with value: 0.18170753352453936.
[I 2025-03-16 13:26:02,939] Trial 136 finished with value: 0.18375516222256563 and parameters: {'learning_rate': 0.018637609258266637, 'depth': 11, 'l2_leaf_reg': 1.8347774213363437, 'min_child_samples': 16}. Best is trial 113 with value: 0.18170753352453936.
[I 2025-03-16 13:26:58,933] Trial 137 finished with value: 0.26334995043554543 and parameters: {'learning_rate': 0.019118357009093093, 'depth': 16, 'l2_leaf_reg': 1.5262801509782586, 'min_child_samples': 16}. Best is trial 113 with value: 0.18170753352453936.
[I 2025-03-16 13:27:04,874] Trial 138 finished with value: 0.18631132841575387 and parameters: {'learning_rate': 0.01951532410946588, 'depth': 12, 'l2_leaf_reg': 1.7210621408516031, 'min_child_samples': 1}. Best is trial 113 with value: 0.18170753352453936.
[I 2025-03-16 13:27:09,306] Trial 139 finished with value: 0.1836415304896676 and parameters: {'learning_rate': 0.018282532432804997, 'depth': 11, 'l2_leaf_reg': 1.4385681937440795, 'min_child_samples': 16}. Best is trial 113 with value: 0.18170753352453936.
[I 2025-03-16 13:27:15,675] Trial 140 finished with value: 0.1884015520275005 and parameters: {'learning_rate': 0.017843965491955143, 'depth': 12, 'l2_leaf_reg': 1.665192148814134, 'min_child_samples': 16}. Best is trial 113 with value: 0.18170753352453936.
[I 2025-03-16 13:27:20,047] Trial 141 finished with value: 0.18234338223669433 and parameters: {'learning_rate': 0.01893824917609816, 'depth': 11, 'l2_leaf_reg': 1.27847787977305, 'min_child_samples': 16}. Best is trial 113 with value: 0.18170753352453936.
[I 2025-03-16 13:27:24,742] Trial 142 finished with value: 0.18365188265905377 and parameters: {'learning_rate': 0.019018063336330843, 'depth': 11, 'l2_leaf_reg': 1.291452935059358, 'min_child_samples': 16}. Best is trial 113 with value: 0.18170753352453936.
[I 2025-03-16 13:27:29,423] Trial 143 finished with value: 0.18262887814042683 and parameters: {'learning_rate': 0.01999689689183472, 'depth': 11, 'l2_leaf_reg': 1.3706987889815765, 'min_child_samples': 16}. Best is trial 113 with value: 0.18170753352453936.
[I 2025-03-16 13:27:34,052] Trial 144 finished with value: 0.1829662174133552 and parameters: {'learning_rate': 0.019524094422164545, 'depth': 11, 'l2_leaf_reg': 1.1424177343954056, 'min_child_samples': 16}. Best is trial 113 with value: 0.18170753352453936.
[I 2025-03-16 13:27:37,736] Trial 145 finished with value: 0.18486613425650317 and parameters: {'learning_rate': 0.01939803672358042, 'depth': 10, 'l2_leaf_reg': 0.9694787623563454, 'min_child_samples': 16}. Best is trial 113 with value: 0.18170753352453936.
[I 2025-03-16 13:27:42,394] Trial 146 finished with value: 0.18219980915107098 and parameters: {'learning_rate': 0.018654840682417725, 'depth': 11, 'l2_leaf_reg': 1.370766168708157, 'min_child_samples': 16}. Best is trial 113 with value: 0.18170753352453936.
[I 2025-03-16 13:27:48,756] Trial 147 finished with value: 0.18708360804933807 and parameters: {'learning_rate': 0.01858269741405536, 'depth': 12, 'l2_leaf_reg': 1.3742343622403763, 'min_child_samples': 16}. Best is trial 113 with value: 0.18170753352453936.
[I 2025-03-16 13:27:53,275] Trial 148 finished with value: 0.18247516045883158 and parameters: {'learning_rate': 0.018850829843736133, 'depth': 11, 'l2_leaf_reg': 1.1930544276310442, 'min_child_samples': 16}. Best is trial 113 with value: 0.18170753352453936.
[I 2025-03-16 13:27:57,049] Trial 149 finished with value: 0.18525834402428165 and parameters: {'learning_rate': 0.018165587481095407, 'depth': 10, 'l2_leaf_reg': 1.2185298835102498, 'min_child_samples': 16}. Best is trial 113 with value: 0.18170753352453936.
[I 2025-03-16 13:28:03,448] Trial 150 finished with value: 0.18772015958802427 and parameters: {'learning_rate': 0.017473910803484958, 'depth': 12, 'l2_leaf_reg': 0.8280932047042331, 'min_child_samples': 16}. Best is trial 113 with value: 0.18170753352453936.
[I 2025-03-16 13:28:08,062] Trial 151 finished with value: 0.18361015979063414 and parameters: {'learning_rate': 0.0188759681866457, 'depth': 11, 'l2_leaf_reg': 1.2714920895105775, 'min_child_samples': 16}. Best is trial 113 with value: 0.18170753352453936.
[I 2025-03-16 13:28:12,493] Trial 152 finished with value: 0.2755132959223433 and parameters: {'learning_rate': 0.0039280845712505, 'depth': 11, 'l2_leaf_reg': 1.1804525941544697, 'min_child_samples': 16}. Best is trial 113 with value: 0.18170753352453936.
[I 2025-03-16 13:28:17,413] Trial 153 finished with value: 0.18299069488552372 and parameters: {'learning_rate': 0.01915678281254351, 'depth': 11, 'l2_leaf_reg': 1.3643373830358578, 'min_child_samples': 16}. Best is trial 113 with value: 0.18170753352453936.
[I 2025-03-16 13:28:21,967] Trial 154 finished with value: 0.18371504272616576 and parameters: {'learning_rate': 0.0184665260175496, 'depth': 11, 'l2_leaf_reg': 1.568226831546907, 'min_child_samples': 16}. Best is trial 113 with value: 0.18170753352453936.
[I 2025-03-16 13:28:26,297] Trial 155 finished with value: 0.19125208635095975 and parameters: {'learning_rate': 0.010309229074854048, 'depth': 11, 'l2_leaf_reg': 1.466551210267181, 'min_child_samples': 16}. Best is trial 113 with value: 0.18170753352453936.
[I 2025-03-16 13:28:29,860] Trial 156 finished with value: 0.18533237042205516 and parameters: {'learning_rate': 0.019579862177214365, 'depth': 10, 'l2_leaf_reg': 1.028517653412984, 'min_child_samples': 16}. Best is trial 113 with value: 0.18170753352453936.
[I 2025-03-16 13:28:34,501] Trial 157 finished with value: 0.18288118749096333 and parameters: {'learning_rate': 0.018811636026191462, 'depth': 11, 'l2_leaf_reg': 1.33417234794248, 'min_child_samples': 32}. Best is trial 113 with value: 0.18170753352453936.
[I 2025-03-16 13:28:40,745] Trial 158 finished with value: 0.18761231148300256 and parameters: {'learning_rate': 0.019208049679194195, 'depth': 12, 'l2_leaf_reg': 1.4058187216913844, 'min_child_samples': 32}. Best is trial 113 with value: 0.18170753352453936.
[I 2025-03-16 13:28:44,505] Trial 159 finished with value: 0.18601810917447117 and parameters: {'learning_rate': 0.017799335485615325, 'depth': 10, 'l2_leaf_reg': 1.2964678451301692, 'min_child_samples': 32}. Best is trial 113 with value: 0.18170753352453936.
[I 2025-03-16 13:28:50,752] Trial 160 finished with value: 0.18498286899133745 and parameters: {'learning_rate': 0.019928742828711182, 'depth': 12, 'l2_leaf_reg': 1.1002640980011047, 'min_child_samples': 32}. Best is trial 113 with value: 0.18170753352453936.
[I 2025-03-16 13:28:55,499] Trial 161 finished with value: 0.18307507379177007 and parameters: {'learning_rate': 0.018768350824763528, 'depth': 11, 'l2_leaf_reg': 1.3385553133736396, 'min_child_samples': 32}. Best is trial 113 with value: 0.18170753352453936.
[I 2025-03-16 13:29:00,113] Trial 162 finished with value: 0.18265510844656402 and parameters: {'learning_rate': 0.018986095022092593, 'depth': 11, 'l2_leaf_reg': 1.6240926583261313, 'min_child_samples': 16}. Best is trial 113 with value: 0.18170753352453936.
[I 2025-03-16 13:29:04,749] Trial 163 finished with value: 0.1829826552425476 and parameters: {'learning_rate': 0.018281490360111206, 'depth': 11, 'l2_leaf_reg': 1.600723046380084, 'min_child_samples': 16}. Best is trial 113 with value: 0.18170753352453936.
[I 2025-03-16 13:29:09,281] Trial 164 finished with value: 0.18319885149691892 and parameters: {'learning_rate': 0.01958597838985352, 'depth': 11, 'l2_leaf_reg': 1.6526135312579502, 'min_child_samples': 16}. Best is trial 113 with value: 0.18170753352453936.
[I 2025-03-16 13:29:12,941] Trial 165 finished with value: 0.18616679481503198 and parameters: {'learning_rate': 0.019113322521030218, 'depth': 10, 'l2_leaf_reg': 1.903500959459794, 'min_child_samples': 16}. Best is trial 113 with value: 0.18170753352453936.
[I 2025-03-16 13:29:17,526] Trial 166 finished with value: 0.1828510366028888 and parameters: {'learning_rate': 0.0184870458407049, 'depth': 11, 'l2_leaf_reg': 1.5141104630104343, 'min_child_samples': 16}. Best is trial 113 with value: 0.18170753352453936.
[I 2025-03-16 13:29:22,111] Trial 167 finished with value: 0.18356916251740862 and parameters: {'learning_rate': 0.0196093570658391, 'depth': 11, 'l2_leaf_reg': 1.7747786644049053, 'min_child_samples': 16}. Best is trial 113 with value: 0.18170753352453936.
[I 2025-03-16 13:29:28,339] Trial 168 finished with value: 0.18746640597099423 and parameters: {'learning_rate': 0.018383601924288312, 'depth': 12, 'l2_leaf_reg': 1.4849550888313423, 'min_child_samples': 16}. Best is trial 113 with value: 0.18170753352453936.
[I 2025-03-16 13:29:31,953] Trial 169 finished with value: 0.18424057248742612 and parameters: {'learning_rate': 0.01996064466945674, 'depth': 10, 'l2_leaf_reg': 1.5312788978976426, 'min_child_samples': 16}. Best is trial 113 with value: 0.18170753352453936.
[I 2025-03-16 13:29:38,336] Trial 170 finished with value: 0.18839815048863146 and parameters: {'learning_rate': 0.017964431108540124, 'depth': 12, 'l2_leaf_reg': 1.4393925427914773, 'min_child_samples': 16}. Best is trial 113 with value: 0.18170753352453936.
[I 2025-03-16 13:29:42,937] Trial 171 finished with value: 0.18389108513001587 and parameters: {'learning_rate': 0.01888132233552312, 'depth': 11, 'l2_leaf_reg': 1.6038274671511135, 'min_child_samples': 16}. Best is trial 113 with value: 0.18170753352453936.
[I 2025-03-16 13:29:47,528] Trial 172 finished with value: 0.1833526350131718 and parameters: {'learning_rate': 0.01918359149483072, 'depth': 11, 'l2_leaf_reg': 1.252368914414846, 'min_child_samples': 16}. Best is trial 113 with value: 0.18170753352453936.
[I 2025-03-16 13:29:52,195] Trial 173 finished with value: 0.1835883935911077 and parameters: {'learning_rate': 0.0186049579528308, 'depth': 11, 'l2_leaf_reg': 1.5472929165302862, 'min_child_samples': 16}. Best is trial 113 with value: 0.18170753352453936.
[I 2025-03-16 13:29:56,841] Trial 174 finished with value: 0.18374422387612005 and parameters: {'learning_rate': 0.0192770113089999, 'depth': 11, 'l2_leaf_reg': 1.3893388742754682, 'min_child_samples': 16}. Best is trial 113 with value: 0.18170753352453936.
