[I 2025-03-16 13:43:01,743] Trial 142 finished with value: 0.46969547374917503 and parameters: {'learning_rate': 0.019196840611281293, 'depth': 9, 'l2_leaf_reg': 0.6259455829390383, 'min_child_samples': 1}. Best is trial 64 with value: 0.4654596070125906.
[I 2025-03-16 13:43:04,384] Trial 143 finished with value: 0.46905959076532944 and parameters: {'learning_rate': 0.0199065641384777, 'depth': 8, 'l2_leaf_reg': 1.3941001227156093, 'min_child_samples': 16}. Best is trial 64 with value: 0.4654596070125906.
[I 2025-03-16 13:43:08,181] Trial 144 finished with value: 0.4677950746377304 and parameters: {'learning_rate': 0.01999847409565977, 'depth': 10, 'l2_leaf_reg': 0.26698982035114543, 'min_child_samples': 1}. Best is trial 64 with value: 0.4654596070125906.
[I 2025-03-16 13:43:11,323] Trial 145 finished with value: 0.46831816330953746 and parameters: {'learning_rate': 0.01872765009373002, 'depth': 9, 'l2_leaf_reg': 1.6183162658907715, 'min_child_samples': 16}. Best is trial 64 with value: 0.4654596070125906.
[I 2025-03-16 13:43:13,899] Trial 146 finished with value: 0.4683267957819356 and parameters: {'learning_rate': 0.019292577386052667, 'depth': 8, 'l2_leaf_reg': 0.20405665131706935, 'min_child_samples': 16}. Best is trial 64 with value: 0.4654596070125906.
[I 2025-03-16 13:43:17,538] Trial 147 finished with value: 0.471503705496906 and parameters: {'learning_rate': 0.01885079909228087, 'depth': 10, 'l2_leaf_reg': 0.09403117865323685, 'min_child_samples': 1}. Best is trial 64 with value: 0.4654596070125906.
[I 2025-03-16 13:43:22,399] Trial 148 finished with value: 0.47313359895212903 and parameters: {'learning_rate': 0.019559251932610926, 'depth': 11, 'l2_leaf_reg': 1.2362956167617543, 'min_child_samples': 8}. Best is trial 64 with value: 0.4654596070125906.
[I 2025-03-16 13:43:25,284] Trial 149 finished with value: 0.4710250931360988 and parameters: {'learning_rate': 0.018293947842004058, 'depth': 9, 'l2_leaf_reg': 2.1999079428518775, 'min_child_samples': 16}. Best is trial 64 with value: 0.4654596070125906.
[I 2025-03-16 13:43:29,193] Trial 150 finished with value: 0.4718871833891637 and parameters: {'learning_rate': 0.019115282881174117, 'depth': 10, 'l2_leaf_reg': 0.3147177693006657, 'min_child_samples': 1}. Best is trial 64 with value: 0.4654596070125906.
[I 2025-03-16 13:43:32,839] Trial 151 finished with value: 0.4705573603026706 and parameters: {'learning_rate': 0.019532542531200247, 'depth': 10, 'l2_leaf_reg': 0.37456788125475, 'min_child_samples': 16}. Best is trial 64 with value: 0.4654596070125906.
[I 2025-03-16 13:43:36,626] Trial 152 finished with value: 0.46829963811925446 and parameters: {'learning_rate': 0.01997287067524903, 'depth': 10, 'l2_leaf_reg': 0.3822005503862977, 'min_child_samples': 16}. Best is trial 64 with value: 0.4654596070125906.
[I 2025-03-16 13:43:39,772] Trial 153 finished with value: 0.4676167309305116 and parameters: {'learning_rate': 0.019513808100638647, 'depth': 9, 'l2_leaf_reg': 0.5140430796018296, 'min_child_samples': 16}. Best is trial 64 with value: 0.4654596070125906.
[I 2025-03-16 13:43:42,920] Trial 154 finished with value: 0.46863199421756385 and parameters: {'learning_rate': 0.018879531909071667, 'depth': 9, 'l2_leaf_reg': 0.5309981785462862, 'min_child_samples': 16}. Best is trial 64 with value: 0.4654596070125906.
[I 2025-03-16 13:43:45,251] Trial 155 finished with value: 0.4744520796031209 and parameters: {'learning_rate': 0.019543868882762674, 'depth': 7, 'l2_leaf_reg': 0.4600414694686561, 'min_child_samples': 16}. Best is trial 64 with value: 0.4654596070125906.
[I 2025-03-16 13:43:48,004] Trial 156 finished with value: 0.46948518011983165 and parameters: {'learning_rate': 0.017829215902889432, 'depth': 8, 'l2_leaf_reg': 0.5884233217949997, 'min_child_samples': 16}. Best is trial 64 with value: 0.4654596070125906.
[I 2025-03-16 13:43:51,223] Trial 157 finished with value: 0.4687257744750476 and parameters: {'learning_rate': 0.018547658666631307, 'depth': 9, 'l2_leaf_reg': 0.17225246414646916, 'min_child_samples': 1}. Best is trial 64 with value: 0.4654596070125906.
[I 2025-03-16 13:43:54,160] Trial 158 finished with value: 0.46948702907005657 and parameters: {'learning_rate': 0.019295537585277415, 'depth': 9, 'l2_leaf_reg': 0.5162494467280709, 'min_child_samples': 16}. Best is trial 64 with value: 0.4654596070125906.
[I 2025-03-16 13:43:57,411] Trial 159 finished with value: 0.4694515172192259 and parameters: {'learning_rate': 0.019667732415553234, 'depth': 9, 'l2_leaf_reg': 0.7709060936979277, 'min_child_samples': 4}. Best is trial 64 with value: 0.4654596070125906.
[I 2025-03-16 13:44:00,217] Trial 160 finished with value: 0.4715728023555606 and parameters: {'learning_rate': 0.016882168137164928, 'depth': 8, 'l2_leaf_reg': 1.7946760550915348, 'min_child_samples': 16}. Best is trial 64 with value: 0.4654596070125906.
[I 2025-03-16 13:44:04,016] Trial 161 finished with value: 0.4662117104111483 and parameters: {'learning_rate': 0.019584062830932333, 'depth': 10, 'l2_leaf_reg': 0.36903852482649896, 'min_child_samples': 16}. Best is trial 64 with value: 0.4654596070125906.
[I 2025-03-16 13:44:07,512] Trial 162 finished with value: 0.46919162816610255 and parameters: {'learning_rate': 0.01915180385681805, 'depth': 10, 'l2_leaf_reg': 0.4402655244075552, 'min_child_samples': 16}. Best is trial 64 with value: 0.4654596070125906.
[I 2025-03-16 13:44:11,151] Trial 163 finished with value: 0.467378571093525 and parameters: {'learning_rate': 0.019660770117436693, 'depth': 10, 'l2_leaf_reg': 0.26744569965960435, 'min_child_samples': 16}. Best is trial 64 with value: 0.4654596070125906.
[I 2025-03-16 13:44:15,834] Trial 164 finished with value: 0.475717161767715 and parameters: {'learning_rate': 0.018659497001000357, 'depth': 11, 'l2_leaf_reg': 0.24560923093493456, 'min_child_samples': 16}. Best is trial 64 with value: 0.4654596070125906.
[I 2025-03-16 13:44:19,612] Trial 165 finished with value: 0.4682999038441402 and parameters: {'learning_rate': 0.019972239573823766, 'depth': 10, 'l2_leaf_reg': 0.4129767720972102, 'min_child_samples': 16}. Best is trial 64 with value: 0.4654596070125906.
[I 2025-03-16 13:44:24,044] Trial 166 finished with value: 0.4753465722346161 and parameters: {'learning_rate': 0.019336689816828723, 'depth': 11, 'l2_leaf_reg': 0.3111373713263632, 'min_child_samples': 16}. Best is trial 64 with value: 0.4654596070125906.
[I 2025-03-16 13:44:27,813] Trial 167 finished with value: 0.47075297903452834 and parameters: {'learning_rate': 0.018927393186021903, 'depth': 10, 'l2_leaf_reg': 0.49637262702396523, 'min_child_samples': 16}. Best is trial 64 with value: 0.4654596070125906.
[I 2025-03-16 13:44:31,670] Trial 168 finished with value: 0.47003851440071376 and parameters: {'learning_rate': 0.01818430912642621, 'depth': 10, 'l2_leaf_reg': 0.6328308709356734, 'min_child_samples': 16}. Best is trial 64 with value: 0.4654596070125906.
[I 2025-03-16 13:44:36,753] Trial 169 finished with value: 0.4735687664578774 and parameters: {'learning_rate': 0.01960443468415736, 'depth': 11, 'l2_leaf_reg': 0.13374784470571616, 'min_child_samples': 16}. Best is trial 64 with value: 0.4654596070125906.
[I 2025-03-16 13:44:40,754] Trial 170 finished with value: 0.4693538699025668 and parameters: {'learning_rate': 0.01883266447640357, 'depth': 10, 'l2_leaf_reg': 0.24103370723488082, 'min_child_samples': 16}. Best is trial 64 with value: 0.4654596070125906.
[I 2025-03-16 13:44:44,036] Trial 171 finished with value: 0.46527281712179075 and parameters: {'learning_rate': 0.019917799106094893, 'depth': 9, 'l2_leaf_reg': 0.3472166875970816, 'min_child_samples': 1}. Best is trial 171 with value: 0.46527281712179075.
[I 2025-03-16 13:44:47,693] Trial 172 finished with value: 0.4701308362426115 and parameters: {'learning_rate': 0.01967216285736933, 'depth': 9, 'l2_leaf_reg': 0.34711037816301776, 'min_child_samples': 16}. Best is trial 171 with value: 0.46527281712179075.
[I 2025-03-16 13:44:51,245] Trial 173 finished with value: 0.47002614584911695 and parameters: {'learning_rate': 0.01933370222005757, 'depth': 9, 'l2_leaf_reg': 0.5527597233349745, 'min_child_samples': 32}. Best is trial 171 with value: 0.46527281712179075.
[I 2025-03-16 13:44:54,119] Trial 174 finished with value: 0.4671853387581562 and parameters: {'learning_rate': 0.019961163655866466, 'depth': 8, 'l2_leaf_reg': 0.4379507917035042, 'min_child_samples': 1}. Best is trial 171 with value: 0.46527281712179075.
[I 2025-03-16 13:44:57,519] Trial 175 finished with value: 0.46992247159271394 and parameters: {'learning_rate': 0.019988598244379024, 'depth': 8, 'l2_leaf_reg': 0.40652644072015814, 'min_child_samples': 16}. Best is trial 171 with value: 0.46527281712179075.
[I 2025-03-16 13:45:00,451] Trial 176 finished with value: 0.46788542674868777 and parameters: {'learning_rate': 0.019144557169445537, 'depth': 8, 'l2_leaf_reg': 0.05040753803812719, 'min_child_samples': 1}. Best is trial 171 with value: 0.46527281712179075.
[I 2025-03-16 13:45:03,652] Trial 177 finished with value: 0.46963419351266444 and parameters: {'learning_rate': 0.019982104303323325, 'depth': 8, 'l2_leaf_reg': 0.4706167909569874, 'min_child_samples': 16}. Best is trial 171 with value: 0.46527281712179075.
[I 2025-03-16 13:45:07,254] Trial 178 finished with value: 0.4709135541991233 and parameters: {'learning_rate': 0.015365437291509902, 'depth': 9, 'l2_leaf_reg': 2.547049875790369, 'min_child_samples': 16}. Best is trial 171 with value: 0.46527281712179075.
[I 2025-03-16 13:45:10,121] Trial 179 finished with value: 0.47694843166640044 and parameters: {'learning_rate': 0.01958089134128988, 'depth': 7, 'l2_leaf_reg': 0.28750594271602736, 'min_child_samples': 1}. Best is trial 171 with value: 0.46527281712179075.
[I 2025-03-16 13:45:14,406] Trial 180 finished with value: 0.4692622093966286 and parameters: {'learning_rate': 0.018485725220407263, 'depth': 10, 'l2_leaf_reg': 0.37628372779113295, 'min_child_samples': 16}. Best is trial 171 with value: 0.46527281712179075.
[I 2025-03-16 13:45:17,941] Trial 181 finished with value: 0.46932011506152205 and parameters: {'learning_rate': 0.019205703485343478, 'depth': 9, 'l2_leaf_reg': 0.44163084650182344, 'min_child_samples': 1}. Best is trial 171 with value: 0.46527281712179075.
[I 2025-03-16 13:45:21,979] Trial 182 finished with value: 0.46839289959364866 and parameters: {'learning_rate': 0.019632297987615305, 'depth': 10, 'l2_leaf_reg': 0.5075261863245796, 'min_child_samples': 1}. Best is trial 171 with value: 0.46527281712179075.
[I 2025-03-16 13:45:25,293] Trial 183 finished with value: 0.4673336034776909 and parameters: {'learning_rate': 0.019963800481048184, 'depth': 9, 'l2_leaf_reg': 0.1866406962774647, 'min_child_samples': 1}. Best is trial 171 with value: 0.46527281712179075.
[I 2025-03-16 13:45:28,651] Trial 184 finished with value: 0.4675391077814971 and parameters: {'learning_rate': 0.0199818924491498, 'depth': 9, 'l2_leaf_reg': 0.20478396030019658, 'min_child_samples': 1}. Best is trial 171 with value: 0.46527281712179075.
[I 2025-03-16 13:45:31,727] Trial 185 finished with value: 0.4687038948891053 and parameters: {'learning_rate': 0.019989010324474782, 'depth': 8, 'l2_leaf_reg': 0.14918735193836435, 'min_child_samples': 1}. Best is trial 171 with value: 0.46527281712179075.
[I 2025-03-16 13:45:34,773] Trial 186 finished with value: 0.46978071487548806 and parameters: {'learning_rate': 0.019045556938901385, 'depth': 8, 'l2_leaf_reg': 0.21002262618288708, 'min_child_samples': 1}. Best is trial 171 with value: 0.46527281712179075.
[I 2025-03-16 13:45:38,845] Trial 187 finished with value: 0.46639263954109056 and parameters: {'learning_rate': 0.019996962879149843, 'depth': 10, 'l2_leaf_reg': 0.1043923869441212, 'min_child_samples': 1}. Best is trial 171 with value: 0.46527281712179075.
[I 2025-03-16 13:45:42,903] Trial 188 finished with value: 0.4665557473457731 and parameters: {'learning_rate': 0.01957314738101629, 'depth': 10, 'l2_leaf_reg': 0.11550207150990452, 'min_child_samples': 1}. Best is trial 171 with value: 0.46527281712179075.
[I 2025-03-16 13:45:46,955] Trial 189 finished with value: 0.4676205598033614 and parameters: {'learning_rate': 0.019561636932145663, 'depth': 10, 'l2_leaf_reg': 0.06421280052617236, 'min_child_samples': 1}. Best is trial 171 with value: 0.46527281712179075.
[I 2025-03-16 13:45:51,946] Trial 190 finished with value: 0.47519794686336786 and parameters: {'learning_rate': 0.019125293015353276, 'depth': 11, 'l2_leaf_reg': 0.10443156982906224, 'min_child_samples': 1}. Best is trial 171 with value: 0.46527281712179075.
[I 2025-03-16 13:45:55,918] Trial 191 finished with value: 0.4668534873178379 and parameters: {'learning_rate': 0.01997629322590015, 'depth': 10, 'l2_leaf_reg': 0.14459689385245, 'min_child_samples': 1}. Best is trial 171 with value: 0.46527281712179075.
[I 2025-03-16 13:46:00,006] Trial 192 finished with value: 0.46456973091473464 and parameters: {'learning_rate': 0.019987729977212466, 'depth': 10, 'l2_leaf_reg': 0.019258828879938905, 'min_child_samples': 1}. Best is trial 192 with value: 0.46456973091473464.
[I 2025-03-16 13:46:03,968] Trial 193 finished with value: 0.46756740559289717 and parameters: {'learning_rate': 0.01962702280883059, 'depth': 10, 'l2_leaf_reg': 0.012818117460435985, 'min_child_samples': 1}. Best is trial 192 with value: 0.46456973091473464.
[I 2025-03-16 13:46:08,120] Trial 194 finished with value: 0.46528943431572134 and parameters: {'learning_rate': 0.019986951781540266, 'depth': 10, 'l2_leaf_reg': 0.11450652257589601, 'min_child_samples': 1}. Best is trial 192 with value: 0.46456973091473464.
[I 2025-03-16 13:46:12,141] Trial 195 finished with value: 0.4672947625270487 and parameters: {'learning_rate': 0.01989428386193564, 'depth': 10, 'l2_leaf_reg': 0.08700437717112225, 'min_child_samples': 1}. Best is trial 192 with value: 0.46456973091473464.
[I 2025-03-16 13:46:16,732] Trial 196 finished with value: 0.47451124123811345 and parameters: {'learning_rate': 0.019973861859228607, 'depth': 11, 'l2_leaf_reg': 0.007153157628417381, 'min_child_samples': 1}. Best is trial 192 with value: 0.46456973091473464.
[I 2025-03-16 13:46:20,248] Trial 197 finished with value: 0.4724224377405724 and parameters: {'learning_rate': 0.012131574712562196, 'depth': 10, 'l2_leaf_reg': 0.10629142767023171, 'min_child_samples': 1}. Best is trial 192 with value: 0.46456973091473464.
[I 2025-03-16 13:46:24,224] Trial 198 finished with value: 0.46935126402330374 and parameters: {'learning_rate': 0.019378142565261564, 'depth': 10, 'l2_leaf_reg': 0.0512474657232974, 'min_child_samples': 1}. Best is trial 192 with value: 0.46456973091473464.
[I 2025-03-16 13:46:27,737] Trial 199 finished with value: 0.46610622735933416 and parameters: {'learning_rate': 0.0199921135580515, 'depth': 10, 'l2_leaf_reg': 0.14077267072474647, 'min_child_samples': 1}. Best is trial 192 with value: 0.46456973091473464.
2025-03-16 13:46:27,737 - __main__ - INFO - Best RMSE: 0.4646
2025-03-16 13:46:27,737 - __main__ - INFO - Best parameters: {'learning_rate': 0.019987729977212466, 'depth': 10, 'l2_leaf_reg': 0.019258828879938905, 'min_child_samples': 1}
2025-03-16 13:46:27,738 - __main__ - INFO - {'learning_rate': 0.019987729977212466, 'depth': 10, 'l2_leaf_reg': 0.019258828879938905, 'min_child_samples': 1, 'grow_policy': 'SymmetricTree', 'iterations': 500, 'use_best_model': True, 'eval_metric': 'RMSE', 'loss_function': 'RMSE', 'od_type': 'iter', 'od_wait': 20, 'task_type': 'GPU', 'random_state': 42, 'logging_level': 'Silent'}
2025-03-16 13:46:27,738 - __main__ - INFO - Training final models...
2025-03-16 13:46:27,758 - __main__ - INFO - Training models for all target variables
2025-03-16 13:46:27,760 - __main__ - INFO - Training model for c_delta_y
2025-03-16 13:46:29,964 - __main__ - INFO - Training model for c_delta_z
2025-03-16 13:46:36,275 - __main__ - INFO - Training model for c_std_y
2025-03-16 13:46:40,056 - __main__ - INFO - Training model for c_std_z
2025-03-16 13:46:45,097 - __main__ - INFO - Saving models...
2025-03-16 13:46:45,133 - __main__ - INFO - Model for c_delta_y saved to ./outputs_13_03_2025/models/catboost_c_delta_y.cbm
2025-03-16 13:46:45,396 - __main__ - INFO - Model for c_delta_z saved to ./outputs_13_03_2025/models/catboost_c_delta_z.cbm
2025-03-16 13:46:45,471 - __main__ - INFO - Model for c_std_y saved to ./outputs_13_03_2025/models/catboost_c_std_y.cbm
2025-03-16 13:46:45,627 - __main__ - INFO - Model for c_std_z saved to ./outputs_13_03_2025/models/catboost_c_std_z.cbm
2025-03-16 13:46:45,629 - __main__ - INFO - Target preprocessor saved to ./outputs_13_03_2025/models/target_preprocessor.pkl
2025-03-16 13:46:45,629 - __main__ - INFO - Evaluating models...
(2312849, 11) (2312849, 4)
Split shapes: train: X(1340101, 11), y(1340101, 4), test: X(459344, 11), y(459344, 4), valid: X(366729, 11), y(366729, 4), eval: X(146675, 11), y(146675, 4)
                mse        r2      rmse
c_delta_z  2.114162  0.764278  1.454016
c_delta_y  4.728815  0.120775  2.174584
c_std_z    0.035768  0.963592  0.189124
c_std_y    0.206092  0.928001  0.453974
Traceback (most recent call last):
  File "/app/nse/catboost/catboost_ml.py", line 636, in <module>
    main()
  File "/app/nse/catboost/catboost_ml.py", line 626, in main
    metrics = trainer.evaluate()
  File "/app/nse/catboost/catboost_ml.py", line 521, in evaluate
    return metrics
NameError: name 'metrics' is not defined
