[I 2025-03-16 13:12:58,234] Trial 4 finished with value: 0.21693841518127305 and parameters: {'learning_rate': 0.012015128033751023, 'depth': 7, 'l2_leaf_reg': 0.3295546446730232, 'min_child_samples': 16}. Best is trial 4 with value: 0.21693841518127305.
[I 2025-03-16 13:13:27,353] Trial 5 finished with value: 0.4666224130213194 and parameters: {'learning_rate': 0.002048601958401197, 'depth': 15, 'l2_leaf_reg': 1.524975209562242, 'min_child_samples': 32}. Best is trial 4 with value: 0.21693841518127305.
[I 2025-03-16 13:14:22,938] Trial 6 finished with value: 0.30390128528012467 and parameters: {'learning_rate': 0.004978102763005889, 'depth': 16, 'l2_leaf_reg': 1.892121196314113, 'min_child_samples': 32}. Best is trial 4 with value: 0.21693841518127305.
[I 2025-03-16 13:14:24,367] Trial 7 finished with value: 0.33084889225485553 and parameters: {'learning_rate': 0.011953942103375755, 'depth': 3, 'l2_leaf_reg': 1.6490871845245467, 'min_child_samples': 8}. Best is trial 4 with value: 0.21693841518127305.
[I 2025-03-16 13:14:25,962] Trial 8 finished with value: 0.6943824278568524 and parameters: {'learning_rate': 0.0013977875704601576, 'depth': 3, 'l2_leaf_reg': 0.5307832602228337, 'min_child_samples': 32}. Best is trial 4 with value: 0.21693841518127305.
[I 2025-03-16 13:14:32,376] Trial 9 finished with value: 0.18819071636657816 and parameters: {'learning_rate': 0.016670386012845494, 'depth': 12, 'l2_leaf_reg': 2.99239085255979, 'min_child_samples': 1}. Best is trial 9 with value: 0.18819071636657816.
[I 2025-03-16 13:14:36,988] Trial 10 finished with value: 0.18197680338750274 and parameters: {'learning_rate': 0.018934516357420397, 'depth': 11, 'l2_leaf_reg': 2.97464551150256, 'min_child_samples': 1}. Best is trial 10 with value: 0.18197680338750274.
[I 2025-03-16 13:14:41,385] Trial 11 finished with value: 0.18322176652483319 and parameters: {'learning_rate': 0.019646764157416285, 'depth': 11, 'l2_leaf_reg': 2.905472949178445, 'min_child_samples': 1}. Best is trial 10 with value: 0.18197680338750274.
[I 2025-03-16 13:14:45,001] Trial 12 finished with value: 0.18605350967697495 and parameters: {'learning_rate': 0.019392328503021677, 'depth': 10, 'l2_leaf_reg': 2.3828507035116537, 'min_child_samples': 4}. Best is trial 10 with value: 0.18197680338750274.
[I 2025-03-16 13:14:54,616] Trial 13 finished with value: 0.1957421045037497 and parameters: {'learning_rate': 0.015781426967119976, 'depth': 13, 'l2_leaf_reg': 2.350192950053668, 'min_child_samples': 1}. Best is trial 10 with value: 0.18197680338750274.
[I 2025-03-16 13:14:57,529] Trial 14 finished with value: 0.19139606840777912 and parameters: {'learning_rate': 0.015978120153504066, 'depth': 9, 'l2_leaf_reg': 0.9043180852500454, 'min_child_samples': 1}. Best is trial 10 with value: 0.18197680338750274.
[I 2025-03-16 13:14:59,976] Trial 15 finished with value: 0.22731323909367934 and parameters: {'learning_rate': 0.00932140719021683, 'depth': 7, 'l2_leaf_reg': 2.701163437947785, 'min_child_samples': 1}. Best is trial 10 with value: 0.18197680338750274.
[I 2025-03-16 13:15:04,547] Trial 16 finished with value: 0.18543083611330147 and parameters: {'learning_rate': 0.017701543046493334, 'depth': 11, 'l2_leaf_reg': 2.00560193725073, 'min_child_samples': 4}. Best is trial 10 with value: 0.18197680338750274.
[I 2025-03-16 13:15:20,866] Trial 17 finished with value: 0.20760479839934104 and parameters: {'learning_rate': 0.013562786890920114, 'depth': 14, 'l2_leaf_reg': 1.0597005012185525, 'min_child_samples': 1}. Best is trial 10 with value: 0.18197680338750274.
[I 2025-03-16 13:15:23,039] Trial 18 finished with value: 0.21619654300377714 and parameters: {'learning_rate': 0.008757726920072085, 'depth': 8, 'l2_leaf_reg': 0.02536444660142889, 'min_child_samples': 1}. Best is trial 10 with value: 0.18197680338750274.
[I 2025-03-16 13:15:25,117] Trial 19 finished with value: 0.2540390677345294 and parameters: {'learning_rate': 0.014234508648249537, 'depth': 5, 'l2_leaf_reg': 2.566007962130397, 'min_child_samples': 1}. Best is trial 10 with value: 0.18197680338750274.
[I 2025-03-16 13:15:26,807] Trial 20 finished with value: 0.4864989193399717 and parameters: {'learning_rate': 0.018695868236452296, 'depth': 1, 'l2_leaf_reg': 2.06140798871623, 'min_child_samples': 4}. Best is trial 10 with value: 0.18197680338750274.
[I 2025-03-16 13:15:31,296] Trial 21 finished with value: 0.18571305324941698 and parameters: {'learning_rate': 0.01794159728275248, 'depth': 11, 'l2_leaf_reg': 1.9549614491433736, 'min_child_samples': 4}. Best is trial 10 with value: 0.18197680338750274.
[I 2025-03-16 13:15:35,947] Trial 22 finished with value: 0.1853747759748058 and parameters: {'learning_rate': 0.017401490797334978, 'depth': 11, 'l2_leaf_reg': 2.9897285052971783, 'min_child_samples': 4}. Best is trial 10 with value: 0.18197680338750274.
[I 2025-03-16 13:15:42,183] Trial 23 finished with value: 0.18625851868482582 and parameters: {'learning_rate': 0.01997914219485406, 'depth': 12, 'l2_leaf_reg': 2.9115393400071237, 'min_child_samples': 4}. Best is trial 10 with value: 0.18197680338750274.
[I 2025-03-16 13:15:45,211] Trial 24 finished with value: 0.19230019628665823 and parameters: {'learning_rate': 0.014882617109501083, 'depth': 9, 'l2_leaf_reg': 2.6501933613022604, 'min_child_samples': 8}. Best is trial 10 with value: 0.18197680338750274.
[I 2025-03-16 13:15:49,638] Trial 25 finished with value: 0.1841778173313912 and parameters: {'learning_rate': 0.01744265012125648, 'depth': 11, 'l2_leaf_reg': 2.987756810483145, 'min_child_samples': 16}. Best is trial 10 with value: 0.18197680338750274.
[I 2025-03-16 13:16:05,897] Trial 26 finished with value: 0.20812152746560716 and parameters: {'learning_rate': 0.012762975412205982, 'depth': 14, 'l2_leaf_reg': 2.2658804232684, 'min_child_samples': 16}. Best is trial 10 with value: 0.18197680338750274.
[I 2025-03-16 13:16:09,044] Trial 27 finished with value: 0.20615497957812232 and parameters: {'learning_rate': 0.007516945473711255, 'depth': 10, 'l2_leaf_reg': 2.6793968952686815, 'min_child_samples': 16}. Best is trial 10 with value: 0.18197680338750274.
[I 2025-03-16 13:16:15,459] Trial 28 finished with value: 0.18692639198764352 and parameters: {'learning_rate': 0.0181739108035616, 'depth': 12, 'l2_leaf_reg': 1.2430498635109826, 'min_child_samples': 16}. Best is trial 10 with value: 0.18197680338750274.
[I 2025-03-16 13:16:18,068] Trial 29 finished with value: 0.20694625216773777 and parameters: {'learning_rate': 0.01103394381529612, 'depth': 8, 'l2_leaf_reg': 2.55209738028058, 'min_child_samples': 16}. Best is trial 10 with value: 0.18197680338750274.
[I 2025-03-16 13:16:21,697] Trial 30 finished with value: 0.1867145438066175 and parameters: {'learning_rate': 0.015258763457584345, 'depth': 10, 'l2_leaf_reg': 2.17260017783876, 'min_child_samples': 1}. Best is trial 10 with value: 0.18197680338750274.
[I 2025-03-16 13:16:26,454] Trial 31 finished with value: 0.18506948905632845 and parameters: {'learning_rate': 0.01697553792033558, 'depth': 11, 'l2_leaf_reg': 2.995255664018908, 'min_child_samples': 4}. Best is trial 10 with value: 0.18197680338750274.
[I 2025-03-16 13:16:36,333] Trial 32 finished with value: 0.19262008389110485 and parameters: {'learning_rate': 0.01682247148474449, 'depth': 13, 'l2_leaf_reg': 2.7755660665159025, 'min_child_samples': 1}. Best is trial 10 with value: 0.18197680338750274.
[I 2025-03-16 13:16:39,848] Trial 33 finished with value: 0.18556259696034796 and parameters: {'learning_rate': 0.01878436141718799, 'depth': 10, 'l2_leaf_reg': 2.5325192165590127, 'min_child_samples': 16}. Best is trial 10 with value: 0.18197680338750274.
[I 2025-03-16 13:16:44,720] Trial 34 finished with value: 0.18452847397165642 and parameters: {'learning_rate': 0.016749392250142367, 'depth': 11, 'l2_leaf_reg': 2.8036292912007363, 'min_child_samples': 8}. Best is trial 10 with value: 0.18197680338750274.
[I 2025-03-16 13:16:54,402] Trial 35 finished with value: 0.19020693706997757 and parameters: {'learning_rate': 0.019158692721242678, 'depth': 13, 'l2_leaf_reg': 2.4608238754332565, 'min_child_samples': 8}. Best is trial 10 with value: 0.18197680338750274.
[I 2025-03-16 13:16:57,103] Trial 36 finished with value: 0.1931470355811494 and parameters: {'learning_rate': 0.013955480960066562, 'depth': 9, 'l2_leaf_reg': 2.802388784651791, 'min_child_samples': 8}. Best is trial 10 with value: 0.18197680338750274.
[I 2025-03-16 13:17:13,099] Trial 37 finished with value: 0.20579295524460092 and parameters: {'learning_rate': 0.016405839248376023, 'depth': 14, 'l2_leaf_reg': 2.853519906068772, 'min_child_samples': 8}. Best is trial 10 with value: 0.18197680338750274.
[I 2025-03-16 13:17:19,060] Trial 38 finished with value: 0.1875466359496129 and parameters: {'learning_rate': 0.01970592857208725, 'depth': 12, 'l2_leaf_reg': 1.6482761245307742, 'min_child_samples': 8}. Best is trial 10 with value: 0.18197680338750274.
[I 2025-03-16 13:17:21,431] Trial 39 finished with value: 0.2705008362998612 and parameters: {'learning_rate': 0.005764673166350116, 'depth': 7, 'l2_leaf_reg': 2.7277394677251525, 'min_child_samples': 32}. Best is trial 10 with value: 0.18197680338750274.
[I 2025-03-16 13:17:51,008] Trial 40 finished with value: 0.2286573535753932 and parameters: {'learning_rate': 0.018201974862371847, 'depth': 15, 'l2_leaf_reg': 1.747569804499257, 'min_child_samples': 16}. Best is trial 10 with value: 0.18197680338750274.
[I 2025-03-16 13:17:55,322] Trial 41 finished with value: 0.18494807252309461 and parameters: {'learning_rate': 0.017221008236539794, 'depth': 11, 'l2_leaf_reg': 2.999978895329449, 'min_child_samples': 1}. Best is trial 10 with value: 0.18197680338750274.
[I 2025-03-16 13:17:59,952] Trial 42 finished with value: 0.18599978227879396 and parameters: {'learning_rate': 0.015312600910703711, 'depth': 11, 'l2_leaf_reg': 2.8718711894199633, 'min_child_samples': 1}. Best is trial 10 with value: 0.18197680338750274.
[I 2025-03-16 13:18:05,886] Trial 43 finished with value: 0.1871847604890944 and parameters: {'learning_rate': 0.017344778596989272, 'depth': 12, 'l2_leaf_reg': 2.6179236949371485, 'min_child_samples': 1}. Best is trial 10 with value: 0.18197680338750274.
[I 2025-03-16 13:18:09,368] Trial 44 finished with value: 0.34293456475280587 and parameters: {'learning_rate': 0.0030320841350157546, 'depth': 10, 'l2_leaf_reg': 2.865673664492967, 'min_child_samples': 1}. Best is trial 10 with value: 0.18197680338750274.
[I 2025-03-16 13:18:12,501] Trial 45 finished with value: 0.18940565129357645 and parameters: {'learning_rate': 0.018775475845207293, 'depth': 9, 'l2_leaf_reg': 2.4110163523179153, 'min_child_samples': 32}. Best is trial 10 with value: 0.18197680338750274.
[I 2025-03-16 13:18:22,238] Trial 46 finished with value: 0.19373579586914474 and parameters: {'learning_rate': 0.016038282079612925, 'depth': 13, 'l2_leaf_reg': 2.9934026988857783, 'min_child_samples': 1}. Best is trial 10 with value: 0.18197680338750274.
[I 2025-03-16 13:18:26,473] Trial 47 finished with value: 0.18686415611997634 and parameters: {'learning_rate': 0.012947388507768155, 'depth': 11, 'l2_leaf_reg': 2.179430066418115, 'min_child_samples': 8}. Best is trial 10 with value: 0.18197680338750274.
[I 2025-03-16 13:18:29,039] Trial 48 finished with value: 0.20106839535825358 and parameters: {'learning_rate': 0.014635915349986671, 'depth': 8, 'l2_leaf_reg': 1.3797834430443938, 'min_child_samples': 1}. Best is trial 10 with value: 0.18197680338750274.
[I 2025-03-16 13:18:31,261] Trial 49 finished with value: 0.2162774945490633 and parameters: {'learning_rate': 0.01938822698437675, 'depth': 6, 'l2_leaf_reg': 2.7507104804399374, 'min_child_samples': 1}. Best is trial 10 with value: 0.18197680338750274.
[I 2025-03-16 13:18:37,508] Trial 50 finished with value: 0.19196979983910767 and parameters: {'learning_rate': 0.01106656608903289, 'depth': 12, 'l2_leaf_reg': 2.50967556552396, 'min_child_samples': 1}. Best is trial 10 with value: 0.18197680338750274.
[I 2025-03-16 13:18:42,220] Trial 51 finished with value: 0.18645354807984832 and parameters: {'learning_rate': 0.016912728412521293, 'depth': 11, 'l2_leaf_reg': 2.978959020196727, 'min_child_samples': 4}. Best is trial 10 with value: 0.18197680338750274.
[I 2025-03-16 13:18:45,902] Trial 52 finished with value: 0.186294726987775 and parameters: {'learning_rate': 0.017558220028988655, 'depth': 10, 'l2_leaf_reg': 2.8404194710673205, 'min_child_samples': 4}. Best is trial 10 with value: 0.18197680338750274.
[I 2025-03-16 13:18:50,475] Trial 53 finished with value: 0.18625941024184886 and parameters: {'learning_rate': 0.016062477842946166, 'depth': 11, 'l2_leaf_reg': 2.7046081654468237, 'min_child_samples': 32}. Best is trial 10 with value: 0.18197680338750274.
[I 2025-03-16 13:18:53,580] Trial 54 finished with value: 0.18998984627172588 and parameters: {'learning_rate': 0.016868401188411167, 'depth': 9, 'l2_leaf_reg': 2.9867311657895135, 'min_child_samples': 16}. Best is trial 10 with value: 0.18197680338750274.
[I 2025-03-16 13:19:22,649] Trial 55 finished with value: 0.8990058139471371 and parameters: {'learning_rate': 0.00016626551442378533, 'depth': 15, 'l2_leaf_reg': 0.719329161919336, 'min_child_samples': 8}. Best is trial 10 with value: 0.18197680338750274.
[I 2025-03-16 13:19:28,633] Trial 56 finished with value: 0.18720573199728868 and parameters: {'learning_rate': 0.018171999312566738, 'depth': 12, 'l2_leaf_reg': 2.3281029260672335, 'min_child_samples': 4}. Best is trial 10 with value: 0.18197680338750274.
[I 2025-03-16 13:19:37,997] Trial 57 finished with value: 0.19161974414085572 and parameters: {'learning_rate': 0.01984915779054975, 'depth': 13, 'l2_leaf_reg': 2.891684047468888, 'min_child_samples': 1}. Best is trial 10 with value: 0.18197680338750274.
[I 2025-03-16 13:19:42,420] Trial 58 finished with value: 0.18594308383313168 and parameters: {'learning_rate': 0.015611599057505015, 'depth': 11, 'l2_leaf_reg': 2.6584915164192577, 'min_child_samples': 1}. Best is trial 10 with value: 0.18197680338750274.
[I 2025-03-16 13:19:58,556] Trial 59 finished with value: 0.20695134371730387 and parameters: {'learning_rate': 0.01891928927511762, 'depth': 14, 'l2_leaf_reg': 2.781360157975171, 'min_child_samples': 4}. Best is trial 10 with value: 0.18197680338750274.
[I 2025-03-16 13:20:02,132] Trial 60 finished with value: 0.1860119692269375 and parameters: {'learning_rate': 0.01738922076139243, 'depth': 10, 'l2_leaf_reg': 2.912218638643047, 'min_child_samples': 16}. Best is trial 10 with value: 0.18197680338750274.
[I 2025-03-16 13:20:06,854] Trial 61 finished with value: 0.18216486746592342 and parameters: {'learning_rate': 0.01825038166069532, 'depth': 11, 'l2_leaf_reg': 2.9846653097058886, 'min_child_samples': 4}. Best is trial 10 with value: 0.18197680338750274.
[I 2025-03-16 13:20:11,504] Trial 62 finished with value: 0.18330715232984962 and parameters: {'learning_rate': 0.01842016215223332, 'depth': 11, 'l2_leaf_reg': 2.615992384527304, 'min_child_samples': 4}. Best is trial 10 with value: 0.18197680338750274.
[I 2025-03-16 13:20:17,798] Trial 63 finished with value: 0.1879072453032311 and parameters: {'learning_rate': 0.01838864431963683, 'depth': 12, 'l2_leaf_reg': 2.5762448810247127, 'min_child_samples': 4}. Best is trial 10 with value: 0.18197680338750274.
[I 2025-03-16 13:20:21,548] Trial 64 finished with value: 0.18681582173547395 and parameters: {'learning_rate': 0.01776361918060903, 'depth': 10, 'l2_leaf_reg': 2.772810689453119, 'min_child_samples': 4}. Best is trial 10 with value: 0.18197680338750274.
[I 2025-03-16 13:20:24,227] Trial 65 finished with value: 0.19518512723688192 and parameters: {'learning_rate': 0.019132912879866834, 'depth': 8, 'l2_leaf_reg': 2.657369721837854, 'min_child_samples': 4}. Best is trial 10 with value: 0.18197680338750274.
[I 2025-03-16 13:20:34,004] Trial 66 finished with value: 0.18948978588390947 and parameters: {'learning_rate': 0.019936648087114532, 'depth': 13, 'l2_leaf_reg': 2.9049229976415476, 'min_child_samples': 1}. Best is trial 10 with value: 0.18197680338750274.
[I 2025-03-16 13:20:39,998] Trial 67 finished with value: 0.18758604694629458 and parameters: {'learning_rate': 0.01629354295253037, 'depth': 12, 'l2_leaf_reg': 2.793524180816611, 'min_child_samples': 8}. Best is trial 10 with value: 0.18197680338750274.
[I 2025-03-16 13:20:43,608] Trial 68 finished with value: 0.18664625521161624 and parameters: {'learning_rate': 0.01832532172749819, 'depth': 10, 'l2_leaf_reg': 2.450262413595125, 'min_child_samples': 16}. Best is trial 10 with value: 0.18197680338750274.
[I 2025-03-16 13:20:46,733] Trial 69 finished with value: 0.18879200600400464 and parameters: {'learning_rate': 0.019386792259998488, 'depth': 9, 'l2_leaf_reg': 2.6058766423878894, 'min_child_samples': 1}. Best is trial 10 with value: 0.18197680338750274.
[I 2025-03-16 13:20:51,335] Trial 70 finished with value: 0.18455670638453886 and parameters: {'learning_rate': 0.014866259673789269, 'depth': 11, 'l2_leaf_reg': 2.914248821765487, 'min_child_samples': 4}. Best is trial 10 with value: 0.18197680338750274.
[I 2025-03-16 13:20:55,895] Trial 71 finished with value: 0.18630023956067535 and parameters: {'learning_rate': 0.01771130547484063, 'depth': 11, 'l2_leaf_reg': 2.922753509414889, 'min_child_samples': 4}. Best is trial 10 with value: 0.18197680338750274.
[I 2025-03-16 13:21:00,576] Trial 72 finished with value: 0.18419327612508643 and parameters: {'learning_rate': 0.016468034762476866, 'depth': 11, 'l2_leaf_reg': 2.715669508106167, 'min_child_samples': 4}. Best is trial 10 with value: 0.18197680338750274.
[I 2025-03-16 13:21:05,288] Trial 73 finished with value: 0.18561586315901962 and parameters: {'learning_rate': 0.014961667105620906, 'depth': 11, 'l2_leaf_reg': 0.007468129483563679, 'min_child_samples': 4}. Best is trial 10 with value: 0.18197680338750274.
[I 2025-03-16 13:21:08,948] Trial 74 finished with value: 0.18761278444910395 and parameters: {'learning_rate': 0.01414295285787421, 'depth': 10, 'l2_leaf_reg': 2.7100689098335424, 'min_child_samples': 4}. Best is trial 10 with value: 0.18197680338750274.
[I 2025-03-16 13:21:15,223] Trial 75 finished with value: 0.1890328650701954 and parameters: {'learning_rate': 0.016582911927074128, 'depth': 12, 'l2_leaf_reg': 2.808560681434306, 'min_child_samples': 4}. Best is trial 10 with value: 0.18197680338750274.
[I 2025-03-16 13:21:20,030] Trial 76 finished with value: 0.18457176175693177 and parameters: {'learning_rate': 0.01566249212834118, 'depth': 11, 'l2_leaf_reg': 2.295228605025338, 'min_child_samples': 4}. Best is trial 10 with value: 0.18197680338750274.
[I 2025-03-16 13:21:29,487] Trial 77 finished with value: 0.1919019753438578 and parameters: {'learning_rate': 0.018481069355515224, 'depth': 13, 'l2_leaf_reg': 0.21869244761105078, 'min_child_samples': 4}. Best is trial 10 with value: 0.18197680338750274.
[I 2025-03-16 13:21:32,575] Trial 78 finished with value: 0.18949152015089238 and parameters: {'learning_rate': 0.017894853849032968, 'depth': 9, 'l2_leaf_reg': 2.49937046546214, 'min_child_samples': 4}. Best is trial 10 with value: 0.18197680338750274.
[I 2025-03-16 13:21:39,201] Trial 79 finished with value: 0.18756906360249545 and parameters: {'learning_rate': 0.019289708894755495, 'depth': 12, 'l2_leaf_reg': 2.9098953218345507, 'min_child_samples': 32}. Best is trial 10 with value: 0.18197680338750274.
[I 2025-03-16 13:21:40,835] Trial 80 finished with value: 0.2680071592628493 and parameters: {'learning_rate': 0.01875590370656157, 'depth': 4, 'l2_leaf_reg': 2.608431923210181, 'min_child_samples': 8}. Best is trial 10 with value: 0.18197680338750274.
[I 2025-03-16 13:21:45,563] Trial 81 finished with value: 0.18470234347523584 and parameters: {'learning_rate': 0.015491887864460938, 'depth': 11, 'l2_leaf_reg': 2.2932604272483816, 'min_child_samples': 4}. Best is trial 10 with value: 0.18197680338750274.
[I 2025-03-16 13:21:49,055] Trial 82 finished with value: 0.20673258722455762 and parameters: {'learning_rate': 0.007381998413520708, 'depth': 10, 'l2_leaf_reg': 2.716152101939617, 'min_child_samples': 4}. Best is trial 10 with value: 0.18197680338750274.
[I 2025-03-16 13:21:53,597] Trial 83 finished with value: 0.18518475407585155 and parameters: {'learning_rate': 0.014664094260713084, 'depth': 11, 'l2_leaf_reg': 2.8351079854031003, 'min_child_samples': 4}. Best is trial 10 with value: 0.18197680338750274.
[I 2025-03-16 13:21:55,234] Trial 84 finished with value: 0.5292401615529753 and parameters: {'learning_rate': 0.013401316434973668, 'depth': 1, 'l2_leaf_reg': 2.4267042361253384, 'min_child_samples': 4}. Best is trial 10 with value: 0.18197680338750274.
[I 2025-03-16 13:22:01,487] Trial 85 finished with value: 0.18733221595698418 and parameters: {'learning_rate': 0.016253762445289227, 'depth': 12, 'l2_leaf_reg': 2.917842133777101, 'min_child_samples': 4}. Best is trial 10 with value: 0.18197680338750274.
[I 2025-03-16 13:22:05,249] Trial 86 finished with value: 0.18739351434687795 and parameters: {'learning_rate': 0.01681948485240795, 'depth': 10, 'l2_leaf_reg': 2.1755187130322127, 'min_child_samples': 16}. Best is trial 10 with value: 0.18197680338750274.
[I 2025-03-16 13:22:09,836] Trial 87 finished with value: 0.18459794426937776 and parameters: {'learning_rate': 0.01565744263773933, 'depth': 11, 'l2_leaf_reg': 2.557985403638333, 'min_child_samples': 4}. Best is trial 10 with value: 0.18197680338750274.
[I 2025-03-16 13:22:16,167] Trial 88 finished with value: 0.19043399320974078 and parameters: {'learning_rate': 0.012073901969352395, 'depth': 12, 'l2_leaf_reg': 1.9068728702973874, 'min_child_samples': 8}. Best is trial 10 with value: 0.18197680338750274.
[I 2025-03-16 13:22:19,717] Trial 89 finished with value: 0.18603248049665666 and parameters: {'learning_rate': 0.017147095662953256, 'depth': 10, 'l2_leaf_reg': 2.8329635098779984, 'min_child_samples': 4}. Best is trial 10 with value: 0.18197680338750274.
