[I 2025-03-30 09:47:25,679] Trial 120 finished with value: 2.315668603024359 and parameters: {'learning_rate': 0.01998948672230213, 'depth': 15, 'l2_leaf_reg': 0.06864789264898735, 'min_child_samples': 32}. Best is trial 86 with value: 2.260246001413123.
[I 2025-03-30 09:48:23,592] Trial 121 finished with value: 2.2664650121092333 and parameters: {'learning_rate': 0.019152051693480596, 'depth': 16, 'l2_leaf_reg': 0.0014722037725416132, 'min_child_samples': 8}. Best is trial 86 with value: 2.260246001413123.
[I 2025-03-30 09:49:21,461] Trial 122 finished with value: 2.2724694957994367 and parameters: {'learning_rate': 0.019089424027161843, 'depth': 16, 'l2_leaf_reg': 0.004476609268932797, 'min_child_samples': 8}. Best is trial 86 with value: 2.260246001413123.
[I 2025-03-30 09:50:19,235] Trial 123 finished with value: 2.3292290104403577 and parameters: {'learning_rate': 0.018115695483514424, 'depth': 16, 'l2_leaf_reg': 0.1259546558535118, 'min_child_samples': 8}. Best is trial 86 with value: 2.260246001413123.
[I 2025-03-30 09:51:16,918] Trial 124 finished with value: 2.3091949454397804 and parameters: {'learning_rate': 0.01889916695661915, 'depth': 16, 'l2_leaf_reg': 0.07210978695229177, 'min_child_samples': 8}. Best is trial 86 with value: 2.260246001413123.
[I 2025-03-30 09:52:14,386] Trial 125 finished with value: 2.302899837021148 and parameters: {'learning_rate': 0.006688278292097914, 'depth': 16, 'l2_leaf_reg': 0.002965389340071624, 'min_child_samples': 4}. Best is trial 86 with value: 2.260246001413123.
[I 2025-03-30 09:53:12,142] Trial 126 finished with value: 2.337867600513379 and parameters: {'learning_rate': 0.019228763278488287, 'depth': 16, 'l2_leaf_reg': 0.1910183211442916, 'min_child_samples': 8}. Best is trial 86 with value: 2.260246001413123.
[I 2025-03-30 09:54:09,818] Trial 127 finished with value: 2.3310057230987202 and parameters: {'learning_rate': 0.01722640519767695, 'depth': 16, 'l2_leaf_reg': 0.1146468620576386, 'min_child_samples': 8}. Best is trial 86 with value: 2.260246001413123.
[I 2025-03-30 09:54:40,811] Trial 128 finished with value: 2.349781752836503 and parameters: {'learning_rate': 0.01849542929425405, 'depth': 15, 'l2_leaf_reg': 0.26444826348286676, 'min_child_samples': 16}. Best is trial 86 with value: 2.260246001413123.
[I 2025-03-30 09:55:38,700] Trial 129 finished with value: 2.309259230271771 and parameters: {'learning_rate': 0.01998706713788403, 'depth': 16, 'l2_leaf_reg': 0.05910972912636232, 'min_child_samples': 8}. Best is trial 86 with value: 2.260246001413123.
[I 2025-03-30 09:56:09,897] Trial 130 finished with value: 2.3404103676588996 and parameters: {'learning_rate': 0.016585607754332456, 'depth': 15, 'l2_leaf_reg': 0.16967527673247162, 'min_child_samples': 8}. Best is trial 86 with value: 2.260246001413123.
[I 2025-03-30 09:56:41,372] Trial 131 finished with value: 2.284224360776554 and parameters: {'learning_rate': 0.01949357546782825, 'depth': 15, 'l2_leaf_reg': 0.008380166270625999, 'min_child_samples': 8}. Best is trial 86 with value: 2.260246001413123.
[I 2025-03-30 09:57:39,471] Trial 132 finished with value: 2.2666659044348547 and parameters: {'learning_rate': 0.018995382279586616, 'depth': 16, 'l2_leaf_reg': 0.0007544934645886779, 'min_child_samples': 8}. Best is trial 86 with value: 2.260246001413123.
[I 2025-03-30 09:57:43,858] Trial 133 finished with value: 2.3598079882314327 and parameters: {'learning_rate': 0.01894633775272897, 'depth': 9, 'l2_leaf_reg': 0.10299102158274633, 'min_child_samples': 8}. Best is trial 86 with value: 2.260246001413123.
[I 2025-03-30 09:58:41,587] Trial 134 finished with value: 2.311588648393313 and parameters: {'learning_rate': 0.018046525117449957, 'depth': 16, 'l2_leaf_reg': 0.060399937676956984, 'min_child_samples': 8}. Best is trial 86 with value: 2.260246001413123.
[I 2025-03-30 09:59:39,807] Trial 135 finished with value: 2.2649411417606773 and parameters: {'learning_rate': 0.019223331844594706, 'depth': 16, 'l2_leaf_reg': 0.00018085545419348767, 'min_child_samples': 8}. Best is trial 86 with value: 2.260246001413123.
[I 2025-03-30 10:00:37,441] Trial 136 finished with value: 2.345005837441896 and parameters: {'learning_rate': 0.018604024693992322, 'depth': 16, 'l2_leaf_reg': 0.20751813172043504, 'min_child_samples': 8}. Best is trial 86 with value: 2.260246001413123.
[I 2025-03-30 10:01:34,534] Trial 137 finished with value: 2.412640677285403 and parameters: {'learning_rate': 0.0177851769416756, 'depth': 16, 'l2_leaf_reg': 1.1849656586378465, 'min_child_samples': 8}. Best is trial 86 with value: 2.260246001413123.
[I 2025-03-30 10:02:05,547] Trial 138 finished with value: 2.351760920963038 and parameters: {'learning_rate': 0.010027366169481137, 'depth': 15, 'l2_leaf_reg': 0.12126641079029218, 'min_child_samples': 1}. Best is trial 86 with value: 2.260246001413123.
[I 2025-03-30 10:02:23,946] Trial 139 finished with value: 2.264180160859486 and parameters: {'learning_rate': 0.019302052076237832, 'depth': 14, 'l2_leaf_reg': 0.003472630030280213, 'min_child_samples': 8}. Best is trial 86 with value: 2.260246001413123.
[I 2025-03-30 10:02:42,028] Trial 140 finished with value: 2.4031325838144837 and parameters: {'learning_rate': 0.019201313389644772, 'depth': 14, 'l2_leaf_reg': 1.9118733563224712, 'min_child_samples': 8}. Best is trial 86 with value: 2.260246001413123.
[I 2025-03-30 10:02:54,155] Trial 141 finished with value: 2.310277605938827 and parameters: {'learning_rate': 0.0186059434221933, 'depth': 13, 'l2_leaf_reg': 0.05878396415367414, 'min_child_samples': 8}. Best is trial 86 with value: 2.260246001413123.
[I 2025-03-30 10:03:12,635] Trial 142 finished with value: 2.269388041310599 and parameters: {'learning_rate': 0.019304992895805926, 'depth': 14, 'l2_leaf_reg': 0.008431722933513776, 'min_child_samples': 8}. Best is trial 86 with value: 2.260246001413123.
[I 2025-03-30 10:03:30,649] Trial 143 finished with value: 2.3202754495938875 and parameters: {'learning_rate': 0.019379124945370186, 'depth': 14, 'l2_leaf_reg': 0.13929935847239042, 'min_child_samples': 8}. Best is trial 86 with value: 2.260246001413123.
[I 2025-03-30 10:03:39,091] Trial 144 finished with value: 2.286735661982946 and parameters: {'learning_rate': 0.01906414668196656, 'depth': 12, 'l2_leaf_reg': 0.004052401311230757, 'min_child_samples': 8}. Best is trial 86 with value: 2.260246001413123.
[I 2025-03-30 10:03:57,498] Trial 145 finished with value: 2.3189318232410487 and parameters: {'learning_rate': 0.019661935834725926, 'depth': 14, 'l2_leaf_reg': 0.0845658674486057, 'min_child_samples': 8}. Best is trial 86 with value: 2.260246001413123.
[I 2025-03-30 10:03:59,953] Trial 146 finished with value: 2.501120597406949 and parameters: {'learning_rate': 0.018329535623496977, 'depth': 2, 'l2_leaf_reg': 0.0007397980962356363, 'min_child_samples': 8}. Best is trial 86 with value: 2.260246001413123.
[I 2025-03-30 10:04:18,366] Trial 147 finished with value: 2.3297416619436127 and parameters: {'learning_rate': 0.018867451197191167, 'depth': 14, 'l2_leaf_reg': 0.18438247701085433, 'min_child_samples': 8}. Best is trial 86 with value: 2.260246001413123.
[I 2025-03-30 10:04:29,847] Trial 148 finished with value: 2.317766770017378 and parameters: {'learning_rate': 0.019366830400784598, 'depth': 13, 'l2_leaf_reg': 0.06626981698941088, 'min_child_samples': 8}. Best is trial 86 with value: 2.260246001413123.
[I 2025-03-30 10:04:36,387] Trial 149 finished with value: 2.3516050207943877 and parameters: {'learning_rate': 0.019999511114475208, 'depth': 11, 'l2_leaf_reg': 0.2440013196486141, 'min_child_samples': 8}. Best is trial 86 with value: 2.260246001413123.
[I 2025-03-30 10:05:07,757] Trial 150 finished with value: 2.3264319674625185 and parameters: {'learning_rate': 0.01810892820735284, 'depth': 15, 'l2_leaf_reg': 0.11165596469505727, 'min_child_samples': 8}. Best is trial 86 with value: 2.260246001413123.
[I 2025-03-30 10:06:05,538] Trial 151 finished with value: 2.261078871199841 and parameters: {'learning_rate': 0.018866123187816997, 'depth': 16, 'l2_leaf_reg': 0.00013284467340847787, 'min_child_samples': 8}. Best is trial 86 with value: 2.260246001413123.
[I 2025-03-30 10:07:03,250] Trial 152 finished with value: 2.3100812559902053 and parameters: {'learning_rate': 0.018749332153975746, 'depth': 16, 'l2_leaf_reg': 0.057229330748675616, 'min_child_samples': 8}. Best is trial 86 with value: 2.260246001413123.
[I 2025-03-30 10:08:00,824] Trial 153 finished with value: 2.332871397891488 and parameters: {'learning_rate': 0.019154983884200658, 'depth': 16, 'l2_leaf_reg': 0.14957688324242566, 'min_child_samples': 8}. Best is trial 86 with value: 2.260246001413123.
[I 2025-03-30 10:08:32,167] Trial 154 finished with value: 2.304268819712729 and parameters: {'learning_rate': 0.01966066124503453, 'depth': 15, 'l2_leaf_reg': 0.050930359556716154, 'min_child_samples': 8}. Best is trial 86 with value: 2.260246001413123.
[I 2025-03-30 10:09:02,886] Trial 155 finished with value: 2.4189728970996187 and parameters: {'learning_rate': 0.017530202324652792, 'depth': 15, 'l2_leaf_reg': 2.6149660381106585, 'min_child_samples': 4}. Best is trial 86 with value: 2.260246001413123.
[I 2025-03-30 10:09:21,013] Trial 156 finished with value: 2.2676601375907164 and parameters: {'learning_rate': 0.01845199698701126, 'depth': 14, 'l2_leaf_reg': 0.00013284673227971933, 'min_child_samples': 8}. Best is trial 86 with value: 2.260246001413123.
[I 2025-03-30 10:09:39,154] Trial 157 finished with value: 2.3211104192871335 and parameters: {'learning_rate': 0.018336913740341697, 'depth': 14, 'l2_leaf_reg': 0.10103648744529894, 'min_child_samples': 32}. Best is trial 86 with value: 2.260246001413123.
[I 2025-03-30 10:09:50,079] Trial 158 finished with value: 2.330292925591932 and parameters: {'learning_rate': 0.018667172970349883, 'depth': 13, 'l2_leaf_reg': 0.16257434572301455, 'min_child_samples': 8}. Best is trial 86 with value: 2.260246001413123.
[I 2025-03-30 10:10:08,302] Trial 159 finished with value: 2.309463204097898 and parameters: {'learning_rate': 0.01951201648127977, 'depth': 14, 'l2_leaf_reg': 0.0652708685967827, 'min_child_samples': 8}. Best is trial 86 with value: 2.260246001413123.
[I 2025-03-30 10:10:20,080] Trial 160 finished with value: 2.2778486454812357 and parameters: {'learning_rate': 0.018043474056727078, 'depth': 13, 'l2_leaf_reg': 0.00307017737521268, 'min_child_samples': 8}. Best is trial 86 with value: 2.260246001413123.
[I 2025-03-30 10:11:18,412] Trial 161 finished with value: 2.268784578802834 and parameters: {'learning_rate': 0.019068708815177127, 'depth': 16, 'l2_leaf_reg': 0.0007258209540343439, 'min_child_samples': 8}. Best is trial 86 with value: 2.260246001413123.
[I 2025-03-30 10:11:49,711] Trial 162 finished with value: 2.3195889950968467 and parameters: {'learning_rate': 0.01896076582825765, 'depth': 15, 'l2_leaf_reg': 0.10157351401190835, 'min_child_samples': 8}. Best is trial 86 with value: 2.260246001413123.
[I 2025-03-30 10:12:20,859] Trial 163 finished with value: 2.303615539533083 and parameters: {'learning_rate': 0.01939662730864118, 'depth': 15, 'l2_leaf_reg': 0.051246527955410605, 'min_child_samples': 8}. Best is trial 86 with value: 2.260246001413123.
[I 2025-03-30 10:12:25,909] Trial 164 finished with value: 2.35008765759416 and parameters: {'learning_rate': 0.018390535356602865, 'depth': 10, 'l2_leaf_reg': 0.12303612580282121, 'min_child_samples': 8}. Best is trial 86 with value: 2.260246001413123.
[I 2025-03-30 10:13:23,706] Trial 165 finished with value: 2.342405974726755 and parameters: {'learning_rate': 0.018725533721551894, 'depth': 16, 'l2_leaf_reg': 0.20516710108472774, 'min_child_samples': 16}. Best is trial 86 with value: 2.260246001413123.
[I 2025-03-30 10:13:41,928] Trial 166 finished with value: 2.3147783153665644 and parameters: {'learning_rate': 0.013639184737473817, 'depth': 14, 'l2_leaf_reg': 0.049664989468488144, 'min_child_samples': 8}. Best is trial 86 with value: 2.260246001413123.
[I 2025-03-30 10:14:40,155] Trial 167 finished with value: 2.2728694709154422 and parameters: {'learning_rate': 0.019596344294050556, 'depth': 16, 'l2_leaf_reg': 0.008513823773745724, 'min_child_samples': 8}. Best is trial 86 with value: 2.260246001413123.
[I 2025-03-30 10:15:37,691] Trial 168 finished with value: 2.334286598960954 and parameters: {'learning_rate': 0.01768498331546252, 'depth': 16, 'l2_leaf_reg': 0.14434681374691463, 'min_child_samples': 8}. Best is trial 86 with value: 2.260246001413123.
[I 2025-03-30 10:16:08,328] Trial 169 finished with value: 2.5463307501642847 and parameters: {'learning_rate': 0.002055851356241447, 'depth': 15, 'l2_leaf_reg': 0.3007189564817761, 'min_child_samples': 8}. Best is trial 86 with value: 2.260246001413123.
[I 2025-03-30 10:16:11,461] Trial 170 finished with value: 2.4098819503638658 and parameters: {'learning_rate': 0.019171372361665967, 'depth': 6, 'l2_leaf_reg': 0.002476647110016164, 'min_child_samples': 1}. Best is trial 86 with value: 2.260246001413123.
[I 2025-03-30 10:17:09,402] Trial 171 finished with value: 2.2691849718096453 and parameters: {'learning_rate': 0.019155048811800187, 'depth': 16, 'l2_leaf_reg': 0.003378142001531373, 'min_child_samples': 8}. Best is trial 86 with value: 2.260246001413123.
[I 2025-03-30 10:18:07,182] Trial 172 finished with value: 2.266086129372725 and parameters: {'learning_rate': 0.018888222417930565, 'depth': 16, 'l2_leaf_reg': 0.0007179803750489153, 'min_child_samples': 8}. Best is trial 86 with value: 2.260246001413123.
[I 2025-03-30 10:19:04,869] Trial 173 finished with value: 2.313211893115899 and parameters: {'learning_rate': 0.01972573910222292, 'depth': 16, 'l2_leaf_reg': 0.07904980000892983, 'min_child_samples': 8}. Best is trial 86 with value: 2.260246001413123.
[I 2025-03-30 10:20:02,449] Trial 174 finished with value: 2.3148047387453285 and parameters: {'learning_rate': 0.01902578997311991, 'depth': 16, 'l2_leaf_reg': 0.061762813419990945, 'min_child_samples': 8}. Best is trial 86 with value: 2.260246001413123.
[I 2025-03-30 10:20:20,255] Trial 175 finished with value: 2.3257139002823397 and parameters: {'learning_rate': 0.01857850328068558, 'depth': 14, 'l2_leaf_reg': 0.1177643415968795, 'min_child_samples': 8}. Best is trial 86 with value: 2.260246001413123.
[I 2025-03-30 10:20:51,499] Trial 176 finished with value: 2.2793849898815695 and parameters: {'learning_rate': 0.019352200841699033, 'depth': 15, 'l2_leaf_reg': 0.008031153681670318, 'min_child_samples': 8}. Best is trial 86 with value: 2.260246001413123.
[I 2025-03-30 10:21:49,400] Trial 177 finished with value: 2.336544774265097 and parameters: {'learning_rate': 0.019982854858082474, 'depth': 16, 'l2_leaf_reg': 0.17875975074789077, 'min_child_samples': 8}. Best is trial 86 with value: 2.260246001413123.
[I 2025-03-30 10:22:47,669] Trial 178 finished with value: 2.3055906996382403 and parameters: {'learning_rate': 0.018845896982898735, 'depth': 16, 'l2_leaf_reg': 0.05324678182897785, 'min_child_samples': 8}. Best is trial 86 with value: 2.260246001413123.
[I 2025-03-30 10:23:05,145] Trial 179 finished with value: 2.321907064322364 and parameters: {'learning_rate': 0.018309525789492364, 'depth': 14, 'l2_leaf_reg': 0.09850482479981833, 'min_child_samples': 8}. Best is trial 86 with value: 2.260246001413123.
[I 2025-03-30 10:23:08,518] Trial 180 finished with value: 2.3629579804867906 and parameters: {'learning_rate': 0.019360158606051656, 'depth': 8, 'l2_leaf_reg': 0.002043630452232959, 'min_child_samples': 8}. Best is trial 86 with value: 2.260246001413123.
[I 2025-03-30 10:24:06,509] Trial 181 finished with value: 2.3149587893450896 and parameters: {'learning_rate': 0.01800347968164078, 'depth': 16, 'l2_leaf_reg': 0.06929048861792426, 'min_child_samples': 8}. Best is trial 86 with value: 2.260246001413123.
[I 2025-03-30 10:25:04,366] Trial 182 finished with value: 2.2682860242810463 and parameters: {'learning_rate': 0.01894660338775203, 'depth': 16, 'l2_leaf_reg': 0.002126703502259675, 'min_child_samples': 8}. Best is trial 86 with value: 2.260246001413123.
[I 2025-03-30 10:26:01,994] Trial 183 finished with value: 2.3235803580535155 and parameters: {'learning_rate': 0.019636929834061068, 'depth': 16, 'l2_leaf_reg': 0.12232748292321094, 'min_child_samples': 8}. Best is trial 86 with value: 2.260246001413123.
[I 2025-03-30 10:26:32,885] Trial 184 finished with value: 2.303661048434188 and parameters: {'learning_rate': 0.018867644766488653, 'depth': 15, 'l2_leaf_reg': 0.052675460040605436, 'min_child_samples': 8}. Best is trial 86 with value: 2.260246001413123.
[I 2025-03-30 10:27:30,815] Trial 185 finished with value: 2.274720926780846 and parameters: {'learning_rate': 0.019179138403451847, 'depth': 16, 'l2_leaf_reg': 0.0058260807809037, 'min_child_samples': 8}. Best is trial 86 with value: 2.260246001413123.
[I 2025-03-30 10:28:28,316] Trial 186 finished with value: 2.3387505512244156 and parameters: {'learning_rate': 0.01865430161967135, 'depth': 16, 'l2_leaf_reg': 0.16410704330626488, 'min_child_samples': 8}. Best is trial 86 with value: 2.260246001413123.
[I 2025-03-30 10:28:59,503] Trial 187 finished with value: 2.3153626544001185 and parameters: {'learning_rate': 0.01999557708560231, 'depth': 15, 'l2_leaf_reg': 0.09931016920124068, 'min_child_samples': 8}. Best is trial 86 with value: 2.260246001413123.
[I 2025-03-30 10:29:57,491] Trial 188 finished with value: 2.2728551425093455 and parameters: {'learning_rate': 0.019250246978166442, 'depth': 16, 'l2_leaf_reg': 0.00088877124353427, 'min_child_samples': 8}. Best is trial 86 with value: 2.260246001413123.
[I 2025-03-30 10:30:54,989] Trial 189 finished with value: 2.3447429457841658 and parameters: {'learning_rate': 0.018425117875117313, 'depth': 16, 'l2_leaf_reg': 0.2197200697072977, 'min_child_samples': 4}. Best is trial 86 with value: 2.260246001413123.
[I 2025-03-30 10:31:26,236] Trial 190 finished with value: 2.3106933796774793 and parameters: {'learning_rate': 0.019725651632420634, 'depth': 15, 'l2_leaf_reg': 0.06221564820981055, 'min_child_samples': 8}. Best is trial 86 with value: 2.260246001413123.
[I 2025-03-30 10:32:24,362] Trial 191 finished with value: 2.3090893606990908 and parameters: {'learning_rate': 0.018927924231634054, 'depth': 16, 'l2_leaf_reg': 0.058860300373865845, 'min_child_samples': 8}. Best is trial 86 with value: 2.260246001413123.
[I 2025-03-30 10:33:22,112] Trial 192 finished with value: 2.285203099125913 and parameters: {'learning_rate': 0.00890414663991284, 'depth': 16, 'l2_leaf_reg': 0.000390441009716392, 'min_child_samples': 8}. Best is trial 86 with value: 2.260246001413123.
[I 2025-03-30 10:34:20,130] Trial 193 finished with value: 2.3234096244031415 and parameters: {'learning_rate': 0.018090557893320813, 'depth': 16, 'l2_leaf_reg': 0.11319738648876898, 'min_child_samples': 8}. Best is trial 86 with value: 2.260246001413123.
[I 2025-03-30 10:34:51,720] Trial 194 finished with value: 2.2745290585575177 and parameters: {'learning_rate': 0.01941771115410374, 'depth': 15, 'l2_leaf_reg': 0.0002732453478304329, 'min_child_samples': 32}. Best is trial 86 with value: 2.260246001413123.
[I 2025-03-30 10:35:49,368] Trial 195 finished with value: 2.327859294259643 and parameters: {'learning_rate': 0.018534069392367913, 'depth': 16, 'l2_leaf_reg': 0.12967169148160398, 'min_child_samples': 8}. Best is trial 86 with value: 2.260246001413123.
[I 2025-03-30 10:36:07,177] Trial 196 finished with value: 2.3110634584806977 and parameters: {'learning_rate': 0.019021020752928136, 'depth': 14, 'l2_leaf_reg': 0.06443820246161797, 'min_child_samples': 8}. Best is trial 86 with value: 2.260246001413123.
[I 2025-03-30 10:36:38,007] Trial 197 finished with value: 2.339290190121064 and parameters: {'learning_rate': 0.01728488803255851, 'depth': 15, 'l2_leaf_reg': 0.175657662681917, 'min_child_samples': 8}. Best is trial 86 with value: 2.260246001413123.
[I 2025-03-30 10:37:36,264] Trial 198 finished with value: 2.3084210157805374 and parameters: {'learning_rate': 0.01960527995405573, 'depth': 16, 'l2_leaf_reg': 0.06032074137395037, 'min_child_samples': 8}. Best is trial 86 with value: 2.260246001413123.
[I 2025-03-30 10:38:33,996] Trial 199 finished with value: 2.3277985063001307 and parameters: {'learning_rate': 0.01789040606998678, 'depth': 16, 'l2_leaf_reg': 0.11253202052894666, 'min_child_samples': 8}. Best is trial 86 with value: 2.260246001413123.
[I 2025-03-30 10:38:44,799] Trial 200 finished with value: 2.3069121858240393 and parameters: {'learning_rate': 0.01864109215665353, 'depth': 13, 'l2_leaf_reg': 0.05650266640867793, 'min_child_samples': 8}. Best is trial 86 with value: 2.260246001413123.
[I 2025-03-30 10:39:42,927] Trial 201 finished with value: 2.26954564162938 and parameters: {'learning_rate': 0.019342945161694613, 'depth': 16, 'l2_leaf_reg': 0.003168086234180163, 'min_child_samples': 8}. Best is trial 86 with value: 2.260246001413123.
[I 2025-03-30 10:40:40,868] Trial 202 finished with value: 2.26315759150209 and parameters: {'learning_rate': 0.01916829511868144, 'depth': 16, 'l2_leaf_reg': 0.0013016538952370592, 'min_child_samples': 8}. Best is trial 86 with value: 2.260246001413123.
[I 2025-03-30 10:41:38,654] Trial 203 finished with value: 2.2663720013932904 and parameters: {'learning_rate': 0.019405205680396373, 'depth': 16, 'l2_leaf_reg': 0.0013152047900885585, 'min_child_samples': 8}. Best is trial 86 with value: 2.260246001413123.
[I 2025-03-30 10:42:36,776] Trial 204 finished with value: 2.302716100120613 and parameters: {'learning_rate': 0.01927567867839936, 'depth': 16, 'l2_leaf_reg': 0.05105611223985576, 'min_child_samples': 8}. Best is trial 86 with value: 2.260246001413123.
[I 2025-03-30 10:43:34,649] Trial 205 finished with value: 2.2753209411970396 and parameters: {'learning_rate': 0.019620494460812737, 'depth': 16, 'l2_leaf_reg': 0.005808947802885333, 'min_child_samples': 16}. Best is trial 86 with value: 2.260246001413123.
