[I 2025-03-30 11:54:37,659] Trial 292 finished with value: 2.3118536071643585 and parameters: {'learning_rate': 0.017445970019533824, 'depth': 14, 'l2_leaf_reg': 0.06259273326936965, 'min_child_samples': 8}. Best is trial 86 with value: 2.260246001413123.
[I 2025-03-30 11:55:08,670] Trial 293 finished with value: 2.3206541404550767 and parameters: {'learning_rate': 0.01944252198353957, 'depth': 15, 'l2_leaf_reg': 0.11781917991221706, 'min_child_samples': 8}. Best is trial 86 with value: 2.260246001413123.
[I 2025-03-30 11:55:19,772] Trial 294 finished with value: 2.2631678570276974 and parameters: {'learning_rate': 0.0185820096055471, 'depth': 13, 'l2_leaf_reg': 7.306676969480843e-05, 'min_child_samples': 8}. Best is trial 86 with value: 2.260246001413123.
[I 2025-03-30 11:55:30,703] Trial 295 finished with value: 2.3091763245334147 and parameters: {'learning_rate': 0.018469095879176885, 'depth': 13, 'l2_leaf_reg': 0.049736306319039164, 'min_child_samples': 4}. Best is trial 86 with value: 2.260246001413123.
[I 2025-03-30 11:55:34,897] Trial 296 finished with value: 2.3533738090501126 and parameters: {'learning_rate': 0.017849598012339984, 'depth': 9, 'l2_leaf_reg': 0.05158427250549436, 'min_child_samples': 8}. Best is trial 86 with value: 2.260246001413123.
[I 2025-03-30 11:55:46,188] Trial 297 finished with value: 2.2823555825621975 and parameters: {'learning_rate': 0.018589842480483548, 'depth': 13, 'l2_leaf_reg': 0.0035171822946191084, 'min_child_samples': 8}. Best is trial 86 with value: 2.260246001413123.
[I 2025-03-30 11:55:52,131] Trial 298 finished with value: 2.3525324940224137 and parameters: {'learning_rate': 0.018987395009546926, 'depth': 11, 'l2_leaf_reg': 0.15697834721122172, 'min_child_samples': 32}. Best is trial 86 with value: 2.260246001413123.
[I 2025-03-30 11:56:50,243] Trial 299 finished with value: 2.3259267306677383 and parameters: {'learning_rate': 0.018145982477075637, 'depth': 16, 'l2_leaf_reg': 0.10573348839813967, 'min_child_samples': 8}. Best is trial 86 with value: 2.260246001413123.
2025-03-30 11:56:50,244 - __main__ - INFO - Best RMSE: 2.2602
2025-03-30 11:56:50,244 - __main__ - INFO - Best parameters: {'learning_rate': 0.019978813732569146, 'depth': 16, 'l2_leaf_reg': 0.0008146374850061498, 'min_child_samples': 8}
2025-03-30 11:56:50,244 - __main__ - INFO - {'learning_rate': 0.019978813732569146, 'depth': 16, 'l2_leaf_reg': 0.0008146374850061498, 'min_child_samples': 8, 'grow_policy': 'SymmetricTree', 'iterations': 1000, 'use_best_model': True, 'eval_metric': 'RMSE', 'loss_function': 'RMSE', 'od_type': 'iter', 'od_wait': 20, 'task_type': 'GPU', 'random_state': 42, 'logging_level': 'Silent'}
2025-03-30 11:56:50,244 - __main__ - INFO - Starting c_std_z optimization...
2025-03-30 11:56:50,455 - __main__ - INFO - Starting hyperparameter optimization for c_std_z
[I 2025-03-30 11:56:50,461] A new study created in memory with name: catboost-c_std_z-seed42
[I 2025-03-30 11:56:53,061] Trial 0 finished with value: 0.3132157087433868 and parameters: {'learning_rate': 0.006492172873437024, 'depth': 5, 'l2_leaf_reg': 1.1097254557785918, 'min_child_samples': 32}. Best is trial 0 with value: 0.3132157087433868.
[I 2025-03-30 11:57:23,867] Trial 1 finished with value: 0.24875604891426228 and parameters: {'learning_rate': 0.019237787067554964, 'depth': 16, 'l2_leaf_reg': 1.067306826543209, 'min_child_samples': 1}. Best is trial 1 with value: 0.24875604891426228.
[I 2025-03-30 11:57:33,789] Trial 2 finished with value: 0.8017736403377763 and parameters: {'learning_rate': 0.00026786787430227243, 'depth': 14, 'l2_leaf_reg': 0.11718925608075281, 'min_child_samples': 32}. Best is trial 1 with value: 0.24875604891426228.
[I 2025-03-30 11:57:39,828] Trial 3 finished with value: 0.2768440914616094 and parameters: {'learning_rate': 0.008945371946687335, 'depth': 12, 'l2_leaf_reg': 0.7233637113606881, 'min_child_samples': 1}. Best is trial 1 with value: 0.24875604891426228.
[I 2025-03-30 11:57:42,791] Trial 4 finished with value: 0.5084340512438473 and parameters: {'learning_rate': 0.0026570987118957577, 'depth': 6, 'l2_leaf_reg': 2.543075786862448, 'min_child_samples': 16}. Best is trial 1 with value: 0.24875604891426228.
[I 2025-03-30 11:57:44,855] Trial 5 finished with value: 0.4922139669636001 and parameters: {'learning_rate': 0.01597711553440151, 'depth': 1, 'l2_leaf_reg': 2.1003899737610934, 'min_child_samples': 8}. Best is trial 1 with value: 0.24875604891426228.
[I 2025-03-30 11:57:49,532] Trial 6 finished with value: 0.5943997934269326 and parameters: {'learning_rate': 0.0021386856415855403, 'depth': 15, 'l2_leaf_reg': 1.687193490214668, 'min_child_samples': 1}. Best is trial 1 with value: 0.24875604891426228.
[I 2025-03-30 11:57:51,948] Trial 7 finished with value: 0.6328641183662487 and parameters: {'learning_rate': 0.0016823329547230384, 'depth': 3, 'l2_leaf_reg': 2.8580745915514463, 'min_child_samples': 1}. Best is trial 1 with value: 0.24875604891426228.
[I 2025-03-30 11:58:06,025] Trial 8 finished with value: 0.27345506243976364 and parameters: {'learning_rate': 0.01570051954905856, 'depth': 15, 'l2_leaf_reg': 1.6804208142619244, 'min_child_samples': 32}. Best is trial 1 with value: 0.24875604891426228.
[I 2025-03-30 11:58:08,479] Trial 9 finished with value: 0.44341515993699465 and parameters: {'learning_rate': 0.0031813249051868696, 'depth': 4, 'l2_leaf_reg': 0.15395044224426724, 'min_child_samples': 1}. Best is trial 1 with value: 0.24875604891426228.
[I 2025-03-30 11:58:13,776] Trial 10 finished with value: 0.22125682809604436 and parameters: {'learning_rate': 0.019493519755749, 'depth': 10, 'l2_leaf_reg': 0.9052833487289309, 'min_child_samples': 4}. Best is trial 10 with value: 0.22125682809604436.
[I 2025-03-30 11:58:18,788] Trial 11 finished with value: 0.22363172617576216 and parameters: {'learning_rate': 0.01989564842233764, 'depth': 10, 'l2_leaf_reg': 1.0076290013443732, 'min_child_samples': 4}. Best is trial 10 with value: 0.22125682809604436.
[I 2025-03-30 11:58:23,698] Trial 12 finished with value: 0.21478862574570526 and parameters: {'learning_rate': 0.019897137139960795, 'depth': 10, 'l2_leaf_reg': 0.707555751821574, 'min_child_samples': 4}. Best is trial 12 with value: 0.21478862574570526.
[I 2025-03-30 11:58:27,594] Trial 13 finished with value: 0.21745407878518974 and parameters: {'learning_rate': 0.014527866719548137, 'depth': 8, 'l2_leaf_reg': 0.6029578620524036, 'min_child_samples': 4}. Best is trial 12 with value: 0.21478862574570526.
[I 2025-03-30 11:58:31,233] Trial 14 finished with value: 0.2163217302171243 and parameters: {'learning_rate': 0.0138565049884973, 'depth': 8, 'l2_leaf_reg': 0.5120639650504341, 'min_child_samples': 4}. Best is trial 12 with value: 0.21478862574570526.
[I 2025-03-30 11:58:35,018] Trial 15 finished with value: 0.21889932079230046 and parameters: {'learning_rate': 0.01192880870176212, 'depth': 8, 'l2_leaf_reg': 0.39709504011243796, 'min_child_samples': 4}. Best is trial 12 with value: 0.21478862574570526.
[I 2025-03-30 11:58:41,641] Trial 16 finished with value: 0.27841264563216667 and parameters: {'learning_rate': 0.012941384471282295, 'depth': 12, 'l2_leaf_reg': 1.5123447335775921, 'min_child_samples': 4}. Best is trial 12 with value: 0.21478862574570526.
[I 2025-03-30 11:58:46,380] Trial 17 finished with value: 0.21201408494320448 and parameters: {'learning_rate': 0.017270556384987888, 'depth': 10, 'l2_leaf_reg': 0.4793550082227786, 'min_child_samples': 8}. Best is trial 17 with value: 0.21201408494320448.
[I 2025-03-30 11:58:53,092] Trial 18 finished with value: 0.2488460640907136 and parameters: {'learning_rate': 0.017386210452105186, 'depth': 12, 'l2_leaf_reg': 1.3226875681903734, 'min_child_samples': 8}. Best is trial 17 with value: 0.21201408494320448.
[I 2025-03-30 11:58:57,861] Trial 19 finished with value: 0.2016094270732777 and parameters: {'learning_rate': 0.010567968281220974, 'depth': 10, 'l2_leaf_reg': 0.08801724314837767, 'min_child_samples': 8}. Best is trial 19 with value: 0.2016094270732777.
[I 2025-03-30 11:59:00,813] Trial 20 finished with value: 0.23637610045361415 and parameters: {'learning_rate': 0.009688165571369707, 'depth': 6, 'l2_leaf_reg': 0.0720036146088911, 'min_child_samples': 8}. Best is trial 19 with value: 0.2016094270732777.
[I 2025-03-30 11:59:05,702] Trial 21 finished with value: 0.25949528114889975 and parameters: {'learning_rate': 0.0065963071603524605, 'depth': 10, 'l2_leaf_reg': 0.3110550100785585, 'min_child_samples': 8}. Best is trial 19 with value: 0.2016094270732777.
[I 2025-03-30 11:59:11,450] Trial 22 finished with value: 0.2252799501304085 and parameters: {'learning_rate': 0.017685250467106842, 'depth': 11, 'l2_leaf_reg': 0.7023038762098717, 'min_child_samples': 8}. Best is trial 19 with value: 0.2016094270732777.
[I 2025-03-30 11:59:15,638] Trial 23 finished with value: 0.21723860948391674 and parameters: {'learning_rate': 0.011683928402998155, 'depth': 9, 'l2_leaf_reg': 0.3326497218081083, 'min_child_samples': 16}. Best is trial 19 with value: 0.2016094270732777.
[I 2025-03-30 11:59:24,853] Trial 24 finished with value: 0.23373287721057373 and parameters: {'learning_rate': 0.017612650573346433, 'depth': 13, 'l2_leaf_reg': 0.8207962791444763, 'min_child_samples': 8}. Best is trial 19 with value: 0.2016094270732777.
[I 2025-03-30 11:59:28,125] Trial 25 finished with value: 0.2346234081263578 and parameters: {'learning_rate': 0.007641039205248169, 'depth': 7, 'l2_leaf_reg': 0.06879639509244903, 'min_child_samples': 8}. Best is trial 19 with value: 0.2016094270732777.
[I 2025-03-30 11:59:32,476] Trial 26 finished with value: 0.20804309737087737 and parameters: {'learning_rate': 0.016001776420399686, 'depth': 9, 'l2_leaf_reg': 0.37279253288405684, 'min_child_samples': 8}. Best is trial 19 with value: 0.2016094270732777.
[I 2025-03-30 11:59:36,884] Trial 27 finished with value: 0.22134766982413626 and parameters: {'learning_rate': 0.011423467408732199, 'depth': 9, 'l2_leaf_reg': 0.3887453815642893, 'min_child_samples': 8}. Best is trial 19 with value: 0.2016094270732777.
[I 2025-03-30 11:59:41,940] Trial 28 finished with value: 0.4119156575233017 and parameters: {'learning_rate': 0.004617146495266405, 'depth': 11, 'l2_leaf_reg': 1.2846810496736174, 'min_child_samples': 8}. Best is trial 19 with value: 0.2016094270732777.
[I 2025-03-30 11:59:44,748] Trial 29 finished with value: 0.2131010076526277 and parameters: {'learning_rate': 0.016023002792315978, 'depth': 6, 'l2_leaf_reg': 0.021616386005401653, 'min_child_samples': 8}. Best is trial 19 with value: 0.2016094270732777.
[I 2025-03-30 11:59:48,368] Trial 30 finished with value: 0.2338417153966017 and parameters: {'learning_rate': 0.010446504911237834, 'depth': 7, 'l2_leaf_reg': 0.5078430326182275, 'min_child_samples': 16}. Best is trial 19 with value: 0.2016094270732777.
[I 2025-03-30 11:59:51,279] Trial 31 finished with value: 0.2383601065795553 and parameters: {'learning_rate': 0.015160137976721494, 'depth': 5, 'l2_leaf_reg': 0.22201663201922334, 'min_child_samples': 8}. Best is trial 19 with value: 0.2016094270732777.
[I 2025-03-30 11:59:54,922] Trial 32 finished with value: 0.20043739219892318 and parameters: {'learning_rate': 0.016808366300236046, 'depth': 7, 'l2_leaf_reg': 0.07262994144274654, 'min_child_samples': 8}. Best is trial 32 with value: 0.20043739219892318.
[I 2025-03-30 11:59:59,340] Trial 33 finished with value: 0.1978391493489784 and parameters: {'learning_rate': 0.018352834615069168, 'depth': 9, 'l2_leaf_reg': 0.24926098398570518, 'min_child_samples': 8}. Best is trial 33 with value: 0.1978391493489784.
[I 2025-03-30 12:00:03,660] Trial 34 finished with value: 0.20712456395450807 and parameters: {'learning_rate': 0.01313518096975248, 'depth': 9, 'l2_leaf_reg': 0.24579338225411793, 'min_child_samples': 32}. Best is trial 33 with value: 0.1978391493489784.
[I 2025-03-30 12:00:07,130] Trial 35 finished with value: 0.2124479673792632 and parameters: {'learning_rate': 0.013379703409964484, 'depth': 7, 'l2_leaf_reg': 0.19326077352187157, 'min_child_samples': 32}. Best is trial 33 with value: 0.1978391493489784.
[I 2025-03-30 12:00:12,505] Trial 36 finished with value: 0.257625426731957 and parameters: {'learning_rate': 0.018585637976761174, 'depth': 11, 'l2_leaf_reg': 2.078029551719823, 'min_child_samples': 32}. Best is trial 33 with value: 0.1978391493489784.
[I 2025-03-30 12:00:15,246] Trial 37 finished with value: 0.26896408659625815 and parameters: {'learning_rate': 0.008640090848181384, 'depth': 5, 'l2_leaf_reg': 0.23476969110211665, 'min_child_samples': 32}. Best is trial 33 with value: 0.1978391493489784.
[I 2025-03-30 12:00:26,492] Trial 38 finished with value: 0.19364421435287532 and parameters: {'learning_rate': 0.012541028888427765, 'depth': 13, 'l2_leaf_reg': 0.03353168638270018, 'min_child_samples': 32}. Best is trial 38 with value: 0.19364421435287532.
[I 2025-03-30 12:01:22,005] Trial 39 finished with value: 0.21099027625866554 and parameters: {'learning_rate': 0.01076856715529785, 'depth': 16, 'l2_leaf_reg': 0.03533586552209633, 'min_child_samples': 32}. Best is trial 38 with value: 0.19364421435287532.
[I 2025-03-30 12:01:39,426] Trial 40 finished with value: 0.1894396052742768 and parameters: {'learning_rate': 0.018284613789802912, 'depth': 14, 'l2_leaf_reg': 0.015418850524041482, 'min_child_samples': 16}. Best is trial 40 with value: 0.1894396052742768.
[I 2025-03-30 12:01:55,560] Trial 41 finished with value: 0.1985045588851205 and parameters: {'learning_rate': 0.01870631012805444, 'depth': 14, 'l2_leaf_reg': 0.12501242162209103, 'min_child_samples': 16}. Best is trial 40 with value: 0.1894396052742768.
[I 2025-03-30 12:02:12,944] Trial 42 finished with value: 0.1874815898279829 and parameters: {'learning_rate': 0.018455923797312458, 'depth': 14, 'l2_leaf_reg': 0.007808549634017892, 'min_child_samples': 16}. Best is trial 42 with value: 0.1874815898279829.
[I 2025-03-30 12:02:30,310] Trial 43 finished with value: 0.18669427315062487 and parameters: {'learning_rate': 0.018720201002768312, 'depth': 14, 'l2_leaf_reg': 0.0019247635861523449, 'min_child_samples': 16}. Best is trial 43 with value: 0.18669427315062487.
[I 2025-03-30 12:02:44,657] Trial 44 finished with value: 0.275484816750485 and parameters: {'learning_rate': 0.01878478258926891, 'depth': 15, 'l2_leaf_reg': 2.2375750105093704, 'min_child_samples': 16}. Best is trial 43 with value: 0.18669427315062487.
[I 2025-03-30 12:02:57,714] Trial 45 finished with value: 0.22501624825875285 and parameters: {'learning_rate': 0.01836845384695012, 'depth': 14, 'l2_leaf_reg': 0.5717959729905934, 'min_child_samples': 16}. Best is trial 43 with value: 0.18669427315062487.
[I 2025-03-30 12:03:04,672] Trial 46 finished with value: 0.30305030732190197 and parameters: {'learning_rate': 0.014948908416068541, 'depth': 13, 'l2_leaf_reg': 2.780333159316534, 'min_child_samples': 16}. Best is trial 43 with value: 0.18669427315062487.
[I 2025-03-30 12:03:14,656] Trial 47 finished with value: 0.2066570182987378 and parameters: {'learning_rate': 0.016840645394843264, 'depth': 13, 'l2_leaf_reg': 0.2575060183667871, 'min_child_samples': 16}. Best is trial 43 with value: 0.18669427315062487.
[I 2025-03-30 12:03:45,747] Trial 48 finished with value: 0.1923151746634285 and parameters: {'learning_rate': 0.01999142804802098, 'depth': 15, 'l2_leaf_reg': 0.008395961953477915, 'min_child_samples': 16}. Best is trial 43 with value: 0.18669427315062487.
[I 2025-03-30 12:04:22,307] Trial 49 finished with value: 0.23324920427606236 and parameters: {'learning_rate': 0.01995604847876273, 'depth': 16, 'l2_leaf_reg': 0.6541760550137434, 'min_child_samples': 16}. Best is trial 43 with value: 0.18669427315062487.
[I 2025-03-30 12:04:41,971] Trial 50 finished with value: 0.2422220507213235 and parameters: {'learning_rate': 0.019004479357451493, 'depth': 15, 'l2_leaf_reg': 0.9038301229017796, 'min_child_samples': 16}. Best is trial 43 with value: 0.18669427315062487.
[I 2025-03-30 12:04:59,406] Trial 51 finished with value: 0.1881004158476429 and parameters: {'learning_rate': 0.018131958115684358, 'depth': 14, 'l2_leaf_reg': 0.012499641487950592, 'min_child_samples': 16}. Best is trial 43 with value: 0.18669427315062487.
[I 2025-03-30 12:05:16,834] Trial 52 finished with value: 0.18713661988391536 and parameters: {'learning_rate': 0.019275081679911637, 'depth': 14, 'l2_leaf_reg': 0.001522787245586803, 'min_child_samples': 16}. Best is trial 43 with value: 0.18669427315062487.
[I 2025-03-30 12:05:34,529] Trial 53 finished with value: 0.18740950972548778 and parameters: {'learning_rate': 0.019164127529146608, 'depth': 14, 'l2_leaf_reg': 0.007125736573350566, 'min_child_samples': 16}. Best is trial 43 with value: 0.18669427315062487.
[I 2025-03-30 12:05:47,881] Trial 54 finished with value: 0.2234666385479497 and parameters: {'learning_rate': 0.016547965163390792, 'depth': 14, 'l2_leaf_reg': 0.4258129466098646, 'min_child_samples': 16}. Best is trial 43 with value: 0.18669427315062487.
[I 2025-03-30 12:06:32,818] Trial 55 finished with value: 0.2057603950922158 and parameters: {'learning_rate': 0.0181115964214063, 'depth': 16, 'l2_leaf_reg': 0.1436645630684828, 'min_child_samples': 16}. Best is trial 43 with value: 0.18669427315062487.
[I 2025-03-30 12:06:48,705] Trial 56 finished with value: 0.20112302590984696 and parameters: {'learning_rate': 0.019281606513897088, 'depth': 14, 'l2_leaf_reg': 0.16478528891248234, 'min_child_samples': 1}. Best is trial 43 with value: 0.18669427315062487.
[I 2025-03-30 12:06:55,911] Trial 57 finished with value: 0.2153060643138147 and parameters: {'learning_rate': 0.014177882366393793, 'depth': 12, 'l2_leaf_reg': 0.32633310149231465, 'min_child_samples': 16}. Best is trial 43 with value: 0.18669427315062487.
[I 2025-03-30 12:07:09,916] Trial 58 finished with value: 0.2209423974143765 and parameters: {'learning_rate': 0.018052087696062438, 'depth': 14, 'l2_leaf_reg': 0.45636077679654274, 'min_child_samples': 16}. Best is trial 43 with value: 0.18669427315062487.
[I 2025-03-30 12:07:26,490] Trial 59 finished with value: 0.2653421485677016 and parameters: {'learning_rate': 0.019395934079831048, 'depth': 15, 'l2_leaf_reg': 1.7531038237870622, 'min_child_samples': 16}. Best is trial 43 with value: 0.18669427315062487.
[I 2025-03-30 12:07:28,345] Trial 60 finished with value: 0.34815899066213163 and parameters: {'learning_rate': 0.017019967033069607, 'depth': 2, 'l2_leaf_reg': 0.1502565135615792, 'min_child_samples': 16}. Best is trial 43 with value: 0.18669427315062487.
[I 2025-03-30 12:07:59,245] Trial 61 finished with value: 0.1939341189459513 and parameters: {'learning_rate': 0.01977908707349891, 'depth': 15, 'l2_leaf_reg': 0.03446387841431024, 'min_child_samples': 16}. Best is trial 43 with value: 0.18669427315062487.
[I 2025-03-30 12:08:10,263] Trial 62 finished with value: 0.18219005797278937 and parameters: {'learning_rate': 0.017845449527021783, 'depth': 13, 'l2_leaf_reg': 0.004430225706673507, 'min_child_samples': 16}. Best is trial 62 with value: 0.18219005797278937.
[I 2025-03-30 12:08:17,890] Trial 63 finished with value: 0.208474983092175 and parameters: {'learning_rate': 0.01768599118473281, 'depth': 12, 'l2_leaf_reg': 0.32510426313332264, 'min_child_samples': 16}. Best is trial 62 with value: 0.18219005797278937.
[I 2025-03-30 12:08:28,583] Trial 64 finished with value: 0.20230264658836022 and parameters: {'learning_rate': 0.015415826022905522, 'depth': 13, 'l2_leaf_reg': 0.14716533034828747, 'min_child_samples': 16}. Best is trial 62 with value: 0.18219005797278937.
[I 2025-03-30 12:08:39,151] Trial 65 finished with value: 0.7577873557314605 and parameters: {'learning_rate': 0.0003460937476306332, 'depth': 13, 'l2_leaf_reg': 0.0030306627339709534, 'min_child_samples': 1}. Best is trial 62 with value: 0.18219005797278937.
[I 2025-03-30 12:08:53,367] Trial 66 finished with value: 0.2129808768957199 and parameters: {'learning_rate': 0.01620758238745121, 'depth': 14, 'l2_leaf_reg': 0.28377118198873674, 'min_child_samples': 16}. Best is trial 62 with value: 0.18219005797278937.
[I 2025-03-30 12:09:27,694] Trial 67 finished with value: 0.2352084939859897 and parameters: {'learning_rate': 0.017347339146130236, 'depth': 16, 'l2_leaf_reg': 0.5690597071050912, 'min_child_samples': 16}. Best is trial 62 with value: 0.18219005797278937.
[I 2025-03-30 12:09:35,359] Trial 68 finished with value: 0.196729291943206 and parameters: {'learning_rate': 0.019091673739860194, 'depth': 12, 'l2_leaf_reg': 0.15594506621683005, 'min_child_samples': 16}. Best is trial 62 with value: 0.18219005797278937.
[I 2025-03-30 12:09:45,450] Trial 69 finished with value: 0.21481170885501996 and parameters: {'learning_rate': 0.0179602376456307, 'depth': 13, 'l2_leaf_reg': 0.41424227276192954, 'min_child_samples': 16}. Best is trial 62 with value: 0.18219005797278937.
[I 2025-03-30 12:09:57,899] Trial 70 finished with value: 0.23943850214243673 and parameters: {'learning_rate': 0.016507158639769565, 'depth': 14, 'l2_leaf_reg': 0.760122174904697, 'min_child_samples': 16}. Best is trial 62 with value: 0.18219005797278937.
[I 2025-03-30 12:10:28,786] Trial 71 finished with value: 0.19204670961600143 and parameters: {'learning_rate': 0.01951652326271913, 'depth': 15, 'l2_leaf_reg': 0.008804883558510829, 'min_child_samples': 16}. Best is trial 62 with value: 0.18219005797278937.
[I 2025-03-30 12:10:56,038] Trial 72 finished with value: 0.20036395225270887 and parameters: {'learning_rate': 0.01926133209101449, 'depth': 15, 'l2_leaf_reg': 0.11204612534217939, 'min_child_samples': 16}. Best is trial 62 with value: 0.18219005797278937.
[I 2025-03-30 12:11:53,555] Trial 73 finished with value: 0.20580033847535428 and parameters: {'learning_rate': 0.018725388325099734, 'depth': 16, 'l2_leaf_reg': 0.0028551814288646712, 'min_child_samples': 4}. Best is trial 62 with value: 0.18219005797278937.
