[I 2025-03-30 08:06:03,022] Trial 168 finished with value: 0.3154163015908452 and parameters: {'learning_rate': 0.019617253681447, 'depth': 15, 'l2_leaf_reg': 0.00265309243723158, 'min_child_samples': 16}. Best is trial 161 with value: 0.30220614304444415.
[I 2025-03-30 08:06:33,725] Trial 169 finished with value: 0.30853539051488815 and parameters: {'learning_rate': 0.018213039722848046, 'depth': 15, 'l2_leaf_reg': 0.20898501997589247, 'min_child_samples': 16}. Best is trial 161 with value: 0.30220614304444415.
[I 2025-03-30 08:07:00,209] Trial 170 finished with value: 0.327265484339632 and parameters: {'learning_rate': 0.018658798500987697, 'depth': 15, 'l2_leaf_reg': 1.4590748781228116, 'min_child_samples': 16}. Best is trial 161 with value: 0.30220614304444415.
[I 2025-03-30 08:07:31,238] Trial 171 finished with value: 0.3033357486002315 and parameters: {'learning_rate': 0.017126851135397653, 'depth': 15, 'l2_leaf_reg': 0.06379910617272067, 'min_child_samples': 16}. Best is trial 161 with value: 0.30220614304444415.
[I 2025-03-30 08:08:28,813] Trial 172 finished with value: 0.31084742098601703 and parameters: {'learning_rate': 0.01716476998008938, 'depth': 16, 'l2_leaf_reg': 0.13034027315415078, 'min_child_samples': 16}. Best is trial 161 with value: 0.30220614304444415.
[I 2025-03-30 08:08:59,941] Trial 173 finished with value: 0.3017780834050714 and parameters: {'learning_rate': 0.01798692185224378, 'depth': 15, 'l2_leaf_reg': 0.07104968716034234, 'min_child_samples': 16}. Best is trial 173 with value: 0.3017780834050714.
[I 2025-03-30 08:09:30,891] Trial 174 finished with value: 0.3060874749830834 and parameters: {'learning_rate': 0.019006364135652962, 'depth': 15, 'l2_leaf_reg': 0.1517289492130758, 'min_child_samples': 16}. Best is trial 173 with value: 0.3017780834050714.
[I 2025-03-30 08:10:28,332] Trial 175 finished with value: 0.30820536993294056 and parameters: {'learning_rate': 0.01659072597168068, 'depth': 16, 'l2_leaf_reg': 0.060994229397342156, 'min_child_samples': 16}. Best is trial 173 with value: 0.3017780834050714.
[I 2025-03-30 08:10:58,745] Trial 176 finished with value: 0.3111665946134063 and parameters: {'learning_rate': 0.01743498016455755, 'depth': 15, 'l2_leaf_reg': 0.2366306581809784, 'min_child_samples': 16}. Best is trial 173 with value: 0.3017780834050714.
[I 2025-03-30 08:11:29,573] Trial 177 finished with value: 0.3039462841595914 and parameters: {'learning_rate': 0.01840630845817662, 'depth': 15, 'l2_leaf_reg': 0.11495576790163975, 'min_child_samples': 16}. Best is trial 173 with value: 0.3017780834050714.
[I 2025-03-30 08:12:00,562] Trial 178 finished with value: 0.3029613658336222 and parameters: {'learning_rate': 0.01837872376425742, 'depth': 15, 'l2_leaf_reg': 0.04752200934660595, 'min_child_samples': 4}. Best is trial 173 with value: 0.3017780834050714.
[I 2025-03-30 08:12:49,397] Trial 179 finished with value: 0.32408201553561755 and parameters: {'learning_rate': 0.019364300003895787, 'depth': 16, 'l2_leaf_reg': 1.0329874809575719, 'min_child_samples': 4}. Best is trial 173 with value: 0.3017780834050714.
[I 2025-03-30 08:13:20,052] Trial 180 finished with value: 0.3039962011239612 and parameters: {'learning_rate': 0.01839808394080551, 'depth': 15, 'l2_leaf_reg': 0.05146629608135982, 'min_child_samples': 4}. Best is trial 173 with value: 0.3017780834050714.
[I 2025-03-30 08:13:50,973] Trial 181 finished with value: 0.30294641390521004 and parameters: {'learning_rate': 0.01841337630760322, 'depth': 15, 'l2_leaf_reg': 0.04602533705964308, 'min_child_samples': 4}. Best is trial 173 with value: 0.3017780834050714.
[I 2025-03-30 08:14:21,689] Trial 182 finished with value: 0.31847066669256696 and parameters: {'learning_rate': 0.01817899607399244, 'depth': 15, 'l2_leaf_reg': 8.483575846852942e-06, 'min_child_samples': 4}. Best is trial 173 with value: 0.3017780834050714.
[I 2025-03-30 08:14:52,375] Trial 183 finished with value: 0.3053732407202925 and parameters: {'learning_rate': 0.018536908941026064, 'depth': 15, 'l2_leaf_reg': 0.05989456985843711, 'min_child_samples': 4}. Best is trial 173 with value: 0.3017780834050714.
[I 2025-03-30 08:15:23,482] Trial 184 finished with value: 0.30427710280723635 and parameters: {'learning_rate': 0.018339832645142058, 'depth': 15, 'l2_leaf_reg': 0.05892668490557359, 'min_child_samples': 4}. Best is trial 173 with value: 0.3017780834050714.
[I 2025-03-30 08:16:20,730] Trial 185 finished with value: 0.30637962128982715 and parameters: {'learning_rate': 0.018843757401919247, 'depth': 16, 'l2_leaf_reg': 0.054438598638924154, 'min_child_samples': 4}. Best is trial 173 with value: 0.3017780834050714.
[I 2025-03-30 08:16:51,709] Trial 186 finished with value: 0.3199444234937176 and parameters: {'learning_rate': 0.017631475966270425, 'depth': 15, 'l2_leaf_reg': 0.0035300521909791965, 'min_child_samples': 4}. Best is trial 173 with value: 0.3017780834050714.
[I 2025-03-30 08:17:22,212] Trial 187 finished with value: 0.3076292293961899 and parameters: {'learning_rate': 0.018031804385513658, 'depth': 15, 'l2_leaf_reg': 0.1805314493804411, 'min_child_samples': 4}. Best is trial 173 with value: 0.3017780834050714.
[I 2025-03-30 08:18:19,339] Trial 188 finished with value: 0.30506770391875576 and parameters: {'learning_rate': 0.018362032810439535, 'depth': 16, 'l2_leaf_reg': 0.1068908221932446, 'min_child_samples': 4}. Best is trial 173 with value: 0.3017780834050714.
[I 2025-03-30 08:18:49,791] Trial 189 finished with value: 0.31526683598234206 and parameters: {'learning_rate': 0.006245609849040951, 'depth': 15, 'l2_leaf_reg': 0.05721526569443602, 'min_child_samples': 4}. Best is trial 173 with value: 0.3017780834050714.
[I 2025-03-30 08:19:07,056] Trial 190 finished with value: 0.30568946108988704 and parameters: {'learning_rate': 0.019561155103705128, 'depth': 14, 'l2_leaf_reg': 0.17603316027801746, 'min_child_samples': 4}. Best is trial 173 with value: 0.3017780834050714.
[I 2025-03-30 08:19:37,981] Trial 191 finished with value: 0.30423571109743847 and parameters: {'learning_rate': 0.018933701318113384, 'depth': 15, 'l2_leaf_reg': 0.11368629173428327, 'min_child_samples': 4}. Best is trial 173 with value: 0.3017780834050714.
[I 2025-03-30 08:20:08,852] Trial 192 finished with value: 0.3043623223224968 and parameters: {'learning_rate': 0.01915805000174867, 'depth': 15, 'l2_leaf_reg': 0.09763591658911062, 'min_child_samples': 16}. Best is trial 173 with value: 0.3017780834050714.
[I 2025-03-30 08:20:26,192] Trial 193 finished with value: 0.30604850197824524 and parameters: {'learning_rate': 0.018726230079678295, 'depth': 14, 'l2_leaf_reg': 0.04793130951442032, 'min_child_samples': 4}. Best is trial 173 with value: 0.3017780834050714.
[I 2025-03-30 08:20:56,993] Trial 194 finished with value: 0.3059280540808227 and parameters: {'learning_rate': 0.017547901471733032, 'depth': 15, 'l2_leaf_reg': 0.15906320309044614, 'min_child_samples': 16}. Best is trial 173 with value: 0.3017780834050714.
[I 2025-03-30 08:21:54,570] Trial 195 finished with value: 0.3063119207235285 and parameters: {'learning_rate': 0.017987913133521875, 'depth': 16, 'l2_leaf_reg': 0.10430514566657807, 'min_child_samples': 16}. Best is trial 173 with value: 0.3017780834050714.
[I 2025-03-30 08:22:24,954] Trial 196 finished with value: 0.31016739509521507 and parameters: {'learning_rate': 0.018473903630477823, 'depth': 15, 'l2_leaf_reg': 0.23393008859830006, 'min_child_samples': 16}. Best is trial 173 with value: 0.3017780834050714.
[I 2025-03-30 08:22:42,162] Trial 197 finished with value: 0.3051716807105487 and parameters: {'learning_rate': 0.017258095976019037, 'depth': 14, 'l2_leaf_reg': 0.04299131740797521, 'min_child_samples': 16}. Best is trial 173 with value: 0.3017780834050714.
[I 2025-03-30 08:23:12,853] Trial 198 finished with value: 0.3170992392981952 and parameters: {'learning_rate': 0.01915954636435313, 'depth': 15, 'l2_leaf_reg': 0.005346829851495559, 'min_child_samples': 4}. Best is trial 173 with value: 0.3017780834050714.
[I 2025-03-30 08:23:43,646] Trial 199 finished with value: 0.30589957757698233 and parameters: {'learning_rate': 0.018041455660025293, 'depth': 15, 'l2_leaf_reg': 0.14817962762183956, 'min_child_samples': 16}. Best is trial 173 with value: 0.3017780834050714.
[I 2025-03-30 08:24:00,901] Trial 200 finished with value: 0.3105215630200446 and parameters: {'learning_rate': 0.019625990043731386, 'depth': 14, 'l2_leaf_reg': 0.28509536345421094, 'min_child_samples': 8}. Best is trial 173 with value: 0.3017780834050714.
[I 2025-03-30 08:24:18,518] Trial 201 finished with value: 0.3040310233791828 and parameters: {'learning_rate': 0.017771647664723986, 'depth': 14, 'l2_leaf_reg': 0.11357077485150321, 'min_child_samples': 16}. Best is trial 173 with value: 0.3017780834050714.
[I 2025-03-30 08:24:35,810] Trial 202 finished with value: 0.30438580252274366 and parameters: {'learning_rate': 0.016754951617468466, 'depth': 14, 'l2_leaf_reg': 0.10587948895446418, 'min_child_samples': 16}. Best is trial 173 with value: 0.3017780834050714.
[I 2025-03-30 08:24:53,115] Trial 203 finished with value: 0.3091742733822158 and parameters: {'learning_rate': 0.017714125802191085, 'depth': 14, 'l2_leaf_reg': 0.1784422279252403, 'min_child_samples': 16}. Best is trial 173 with value: 0.3017780834050714.
[I 2025-03-30 08:25:23,909] Trial 204 finished with value: 0.3026118201902702 and parameters: {'learning_rate': 0.0186703665491905, 'depth': 15, 'l2_leaf_reg': 0.06029628968536343, 'min_child_samples': 16}. Best is trial 173 with value: 0.3017780834050714.
[I 2025-03-30 08:25:41,457] Trial 205 finished with value: 0.30380489573493447 and parameters: {'learning_rate': 0.018337150301217856, 'depth': 14, 'l2_leaf_reg': 0.05306310640038977, 'min_child_samples': 16}. Best is trial 173 with value: 0.3017780834050714.
[I 2025-03-30 08:26:12,375] Trial 206 finished with value: 0.31935720576205395 and parameters: {'learning_rate': 0.018409003679331497, 'depth': 15, 'l2_leaf_reg': 0.002315879468626131, 'min_child_samples': 16}. Best is trial 173 with value: 0.3017780834050714.
[I 2025-03-30 08:26:43,022] Trial 207 finished with value: 0.3035847775712825 and parameters: {'learning_rate': 0.01871618974599298, 'depth': 15, 'l2_leaf_reg': 0.055247625669346045, 'min_child_samples': 16}. Best is trial 173 with value: 0.3017780834050714.
[I 2025-03-30 08:27:00,423] Trial 208 finished with value: 0.3026530744137478 and parameters: {'learning_rate': 0.018816385581892206, 'depth': 14, 'l2_leaf_reg': 0.06447888727150829, 'min_child_samples': 16}. Best is trial 173 with value: 0.3017780834050714.
[I 2025-03-30 08:27:56,435] Trial 209 finished with value: 0.31198717208374893 and parameters: {'learning_rate': 0.018608118958116315, 'depth': 16, 'l2_leaf_reg': 0.19506725098434335, 'min_child_samples': 16}. Best is trial 173 with value: 0.3017780834050714.
[I 2025-03-30 08:28:27,485] Trial 210 finished with value: 0.3177093064531928 and parameters: {'learning_rate': 0.018700104940656485, 'depth': 15, 'l2_leaf_reg': 0.002386040362222973, 'min_child_samples': 16}. Best is trial 173 with value: 0.3017780834050714.
[I 2025-03-30 08:28:44,991] Trial 211 finished with value: 0.3037708186443348 and parameters: {'learning_rate': 0.018830782258483045, 'depth': 14, 'l2_leaf_reg': 0.07703922853560902, 'min_child_samples': 16}. Best is trial 173 with value: 0.3017780834050714.
[I 2025-03-30 08:29:02,537] Trial 212 finished with value: 0.3031364437235452 and parameters: {'learning_rate': 0.018854859731852136, 'depth': 14, 'l2_leaf_reg': 0.0880768882005312, 'min_child_samples': 16}. Best is trial 173 with value: 0.3017780834050714.
[I 2025-03-30 08:29:13,214] Trial 213 finished with value: 0.3040452163558475 and parameters: {'learning_rate': 0.01933733590273384, 'depth': 13, 'l2_leaf_reg': 0.08320276163712585, 'min_child_samples': 16}. Best is trial 173 with value: 0.3017780834050714.
[I 2025-03-30 08:29:30,729] Trial 214 finished with value: 0.3040283654848339 and parameters: {'learning_rate': 0.01892725819511634, 'depth': 14, 'l2_leaf_reg': 0.15180259711617056, 'min_child_samples': 16}. Best is trial 173 with value: 0.3017780834050714.
[I 2025-03-30 08:29:48,133] Trial 215 finished with value: 0.30371059621436 and parameters: {'learning_rate': 0.01883124927199676, 'depth': 14, 'l2_leaf_reg': 0.08790799194528116, 'min_child_samples': 16}. Best is trial 173 with value: 0.3017780834050714.
[I 2025-03-30 08:30:05,524] Trial 216 finished with value: 0.30227865272627924 and parameters: {'learning_rate': 0.019982009993073327, 'depth': 14, 'l2_leaf_reg': 0.09456100367379747, 'min_child_samples': 16}. Best is trial 173 with value: 0.3017780834050714.
[I 2025-03-30 08:30:22,850] Trial 217 finished with value: 0.3109733137209295 and parameters: {'learning_rate': 0.019246293972552155, 'depth': 14, 'l2_leaf_reg': 0.00028749595228819147, 'min_child_samples': 16}. Best is trial 173 with value: 0.3017780834050714.
[I 2025-03-30 08:30:33,542] Trial 218 finished with value: 0.303565718220282 and parameters: {'learning_rate': 0.019225481402437333, 'depth': 13, 'l2_leaf_reg': 0.061776070707171844, 'min_child_samples': 16}. Best is trial 173 with value: 0.3017780834050714.
[I 2025-03-30 08:30:44,384] Trial 219 finished with value: 0.3080940111297231 and parameters: {'learning_rate': 0.019812099595532463, 'depth': 13, 'l2_leaf_reg': 0.1995845787056909, 'min_child_samples': 16}. Best is trial 173 with value: 0.3017780834050714.
[I 2025-03-30 08:31:01,885] Trial 220 finished with value: 0.3030622088997331 and parameters: {'learning_rate': 0.019659808549683824, 'depth': 14, 'l2_leaf_reg': 0.07455499247511174, 'min_child_samples': 16}. Best is trial 173 with value: 0.3017780834050714.
[I 2025-03-30 08:31:19,323] Trial 221 finished with value: 0.30284138869804994 and parameters: {'learning_rate': 0.019925042414247186, 'depth': 14, 'l2_leaf_reg': 0.08833681139028932, 'min_child_samples': 16}. Best is trial 173 with value: 0.3017780834050714.
[I 2025-03-30 08:31:30,364] Trial 222 finished with value: 0.3024349645315955 and parameters: {'learning_rate': 0.019810419099591758, 'depth': 13, 'l2_leaf_reg': 0.10565549859256486, 'min_child_samples': 16}. Best is trial 173 with value: 0.3017780834050714.
[I 2025-03-30 08:31:41,295] Trial 223 finished with value: 0.30447538933950846 and parameters: {'learning_rate': 0.019934643352962193, 'depth': 13, 'l2_leaf_reg': 0.13444421782261104, 'min_child_samples': 16}. Best is trial 173 with value: 0.3017780834050714.
[I 2025-03-30 08:31:52,063] Trial 224 finished with value: 0.30416284686749695 and parameters: {'learning_rate': 0.01997036183181963, 'depth': 13, 'l2_leaf_reg': 0.0966407359788074, 'min_child_samples': 16}. Best is trial 173 with value: 0.3017780834050714.
[I 2025-03-30 08:32:09,711] Trial 225 finished with value: 0.3056031915631705 and parameters: {'learning_rate': 0.01956088899216578, 'depth': 14, 'l2_leaf_reg': 0.15909281540664583, 'min_child_samples': 16}. Best is trial 173 with value: 0.3017780834050714.
[I 2025-03-30 08:32:27,060] Trial 226 finished with value: 0.30912951302830893 and parameters: {'learning_rate': 0.01952426528152324, 'depth': 14, 'l2_leaf_reg': 0.22292945032370545, 'min_child_samples': 16}. Best is trial 173 with value: 0.3017780834050714.
[I 2025-03-30 08:32:37,923] Trial 227 finished with value: 0.3037546255617024 and parameters: {'learning_rate': 0.019469686401768684, 'depth': 13, 'l2_leaf_reg': 0.08133343030013676, 'min_child_samples': 16}. Best is trial 173 with value: 0.3017780834050714.
[I 2025-03-30 08:32:49,070] Trial 228 finished with value: 0.3055281693313036 and parameters: {'learning_rate': 0.01958473473517342, 'depth': 13, 'l2_leaf_reg': 0.13676487077465066, 'min_child_samples': 16}. Best is trial 173 with value: 0.3017780834050714.
[I 2025-03-30 08:32:59,803] Trial 229 finished with value: 0.3017510139731789 and parameters: {'learning_rate': 0.019953911540036878, 'depth': 13, 'l2_leaf_reg': 0.0490276555945661, 'min_child_samples': 16}. Best is trial 229 with value: 0.3017510139731789.
[I 2025-03-30 08:33:10,979] Trial 230 finished with value: 0.30436185872079546 and parameters: {'learning_rate': 0.01996621516624875, 'depth': 13, 'l2_leaf_reg': 0.03754749349336298, 'min_child_samples': 16}. Best is trial 229 with value: 0.3017510139731789.
[I 2025-03-30 08:33:21,974] Trial 231 finished with value: 0.30368712264648456 and parameters: {'learning_rate': 0.01933192628014329, 'depth': 13, 'l2_leaf_reg': 0.09348177219713477, 'min_child_samples': 16}. Best is trial 229 with value: 0.3017510139731789.
[I 2025-03-30 08:33:32,275] Trial 232 finished with value: 0.32007772319811995 and parameters: {'learning_rate': 0.01920316948735938, 'depth': 13, 'l2_leaf_reg': 0.8665989214489458, 'min_child_samples': 16}. Best is trial 229 with value: 0.3017510139731789.
[I 2025-03-30 08:33:39,746] Trial 233 finished with value: 0.308078917072392 and parameters: {'learning_rate': 0.01996653222865148, 'depth': 12, 'l2_leaf_reg': 0.12064796052276662, 'min_child_samples': 16}. Best is trial 229 with value: 0.3017510139731789.
[I 2025-03-30 08:33:50,846] Trial 234 finished with value: 0.30278460049274575 and parameters: {'learning_rate': 0.019103597444887658, 'depth': 13, 'l2_leaf_reg': 0.0492962633138021, 'min_child_samples': 16}. Best is trial 229 with value: 0.3017510139731789.
[I 2025-03-30 08:34:01,505] Trial 235 finished with value: 0.30802562269824807 and parameters: {'learning_rate': 0.019212270713873415, 'depth': 13, 'l2_leaf_reg': 0.0015828703913404046, 'min_child_samples': 16}. Best is trial 229 with value: 0.3017510139731789.
[I 2025-03-30 08:34:12,551] Trial 236 finished with value: 0.3052145815869242 and parameters: {'learning_rate': 0.019580456678688775, 'depth': 13, 'l2_leaf_reg': 0.17386326385120213, 'min_child_samples': 16}. Best is trial 229 with value: 0.3017510139731789.
[I 2025-03-30 08:34:18,364] Trial 237 finished with value: 0.31193600919290315 and parameters: {'learning_rate': 0.018963099656900136, 'depth': 12, 'l2_leaf_reg': 0.09383980826184007, 'min_child_samples': 16}. Best is trial 229 with value: 0.3017510139731789.
[I 2025-03-30 08:34:29,191] Trial 238 finished with value: 0.3026698850292312 and parameters: {'learning_rate': 0.01925960338161501, 'depth': 13, 'l2_leaf_reg': 0.05159776655934476, 'min_child_samples': 16}. Best is trial 229 with value: 0.3017510139731789.
[I 2025-03-30 08:34:40,063] Trial 239 finished with value: 0.3032599790179159 and parameters: {'learning_rate': 0.019555471281847408, 'depth': 13, 'l2_leaf_reg': 0.05162719713062228, 'min_child_samples': 16}. Best is trial 229 with value: 0.3017510139731789.
[I 2025-03-30 08:34:50,692] Trial 240 finished with value: 0.3057221588071821 and parameters: {'learning_rate': 0.019625172346896085, 'depth': 13, 'l2_leaf_reg': 0.003920840539411441, 'min_child_samples': 16}. Best is trial 229 with value: 0.3017510139731789.
[I 2025-03-30 08:35:01,599] Trial 241 finished with value: 0.30370144032610896 and parameters: {'learning_rate': 0.01928756531051692, 'depth': 13, 'l2_leaf_reg': 0.05053974623294682, 'min_child_samples': 16}. Best is trial 229 with value: 0.3017510139731789.
[I 2025-03-30 08:35:12,495] Trial 242 finished with value: 0.3043534830889955 and parameters: {'learning_rate': 0.01927112308933172, 'depth': 13, 'l2_leaf_reg': 0.05389285613455682, 'min_child_samples': 16}. Best is trial 229 with value: 0.3017510139731789.
[I 2025-03-30 08:35:23,453] Trial 243 finished with value: 0.30198055008932617 and parameters: {'learning_rate': 0.019976342846017636, 'depth': 13, 'l2_leaf_reg': 0.047013106157364856, 'min_child_samples': 16}. Best is trial 229 with value: 0.3017510139731789.
[I 2025-03-30 08:35:30,918] Trial 244 finished with value: 0.30246985170339774 and parameters: {'learning_rate': 0.01970104138953198, 'depth': 12, 'l2_leaf_reg': 0.0003028427261886901, 'min_child_samples': 16}. Best is trial 229 with value: 0.3017510139731789.
[I 2025-03-30 08:35:41,587] Trial 245 finished with value: 0.3044286215094502 and parameters: {'learning_rate': 0.019960237964104167, 'depth': 13, 'l2_leaf_reg': 0.03724413812041864, 'min_child_samples': 16}. Best is trial 229 with value: 0.3017510139731789.
[I 2025-03-30 08:35:49,218] Trial 246 finished with value: 0.30516482806272205 and parameters: {'learning_rate': 0.01963252104817326, 'depth': 12, 'l2_leaf_reg': 0.008626793848133966, 'min_child_samples': 16}. Best is trial 229 with value: 0.3017510139731789.
[I 2025-03-30 08:35:56,731] Trial 247 finished with value: 0.3070707815721622 and parameters: {'learning_rate': 0.019992370277710753, 'depth': 12, 'l2_leaf_reg': 0.12322659014545152, 'min_child_samples': 16}. Best is trial 229 with value: 0.3017510139731789.
[I 2025-03-30 08:36:07,686] Trial 248 finished with value: 0.30853076762799253 and parameters: {'learning_rate': 0.019543415809576983, 'depth': 13, 'l2_leaf_reg': 0.001708760564145366, 'min_child_samples': 16}. Best is trial 229 with value: 0.3017510139731789.
[I 2025-03-30 08:36:15,121] Trial 249 finished with value: 0.3083552618523489 and parameters: {'learning_rate': 0.019147802542255784, 'depth': 12, 'l2_leaf_reg': 0.16788157520567193, 'min_child_samples': 16}. Best is trial 229 with value: 0.3017510139731789.
[I 2025-03-30 08:36:26,167] Trial 250 finished with value: 0.30542416020407714 and parameters: {'learning_rate': 0.019471449992628665, 'depth': 13, 'l2_leaf_reg': 0.08831326192911153, 'min_child_samples': 16}. Best is trial 229 with value: 0.3017510139731789.
[I 2025-03-30 08:36:37,121] Trial 251 finished with value: 0.3027287779308631 and parameters: {'learning_rate': 0.018986719339572227, 'depth': 13, 'l2_leaf_reg': 0.05484640895403228, 'min_child_samples': 16}. Best is trial 229 with value: 0.3017510139731789.
