[I 2025-03-30 15:22:06,750] Trial 282 finished with value: 1.0445628852897275 and parameters: {'learning_rate': 0.019588222561707353, 'depth': 15, 'l2_leaf_reg': 0.1167341896115991, 'min_child_samples': 32}. Best is trial 210 with value: 0.7179373499109433.
[I 2025-03-30 15:23:05,577] Trial 283 finished with value: 0.7869963912139174 and parameters: {'learning_rate': 0.01926036039410668, 'depth': 16, 'l2_leaf_reg': 0.003482284930545752, 'min_child_samples': 32}. Best is trial 210 with value: 0.7179373499109433.
[I 2025-03-30 15:24:03,714] Trial 284 finished with value: 0.9980350189871346 and parameters: {'learning_rate': 0.019998505814683154, 'depth': 16, 'l2_leaf_reg': 0.05635514213899209, 'min_child_samples': 8}. Best is trial 210 with value: 0.7179373499109433.
[I 2025-03-30 15:24:35,576] Trial 285 finished with value: 0.7479132180823258 and parameters: {'learning_rate': 0.019116223126079607, 'depth': 15, 'l2_leaf_reg': 0.0007183807166628176, 'min_child_samples': 32}. Best is trial 210 with value: 0.7179373499109433.
[I 2025-03-30 15:25:32,823] Trial 286 finished with value: 1.1295506150213492 and parameters: {'learning_rate': 0.01965862725386094, 'depth': 16, 'l2_leaf_reg': 0.16365670911796018, 'min_child_samples': 32}. Best is trial 210 with value: 0.7179373499109433.
[I 2025-03-30 15:26:04,150] Trial 287 finished with value: 1.0372334198143558 and parameters: {'learning_rate': 0.01900894942282236, 'depth': 15, 'l2_leaf_reg': 0.10284610817048456, 'min_child_samples': 32}. Best is trial 210 with value: 0.7179373499109433.
[I 2025-03-30 15:27:03,048] Trial 288 finished with value: 0.7227167173875514 and parameters: {'learning_rate': 0.019595222214417264, 'depth': 16, 'l2_leaf_reg': 0.0002307631292134733, 'min_child_samples': 32}. Best is trial 210 with value: 0.7179373499109433.
[I 2025-03-30 15:27:05,459] Trial 289 finished with value: 1.5074288808880087 and parameters: {'learning_rate': 0.004793247388821717, 'depth': 4, 'l2_leaf_reg': 0.06157619438258591, 'min_child_samples': 32}. Best is trial 210 with value: 0.7179373499109433.
[I 2025-03-30 15:28:04,315] Trial 290 finished with value: 1.0048236381991018 and parameters: {'learning_rate': 0.01965110291926249, 'depth': 16, 'l2_leaf_reg': 0.05884711435682958, 'min_child_samples': 32}. Best is trial 210 with value: 0.7179373499109433.
[I 2025-03-30 15:28:35,575] Trial 291 finished with value: 1.0678463079892175 and parameters: {'learning_rate': 0.019649025675772955, 'depth': 15, 'l2_leaf_reg': 0.14511896584723052, 'min_child_samples': 32}. Best is trial 210 with value: 0.7179373499109433.
[I 2025-03-30 15:29:34,444] Trial 292 finished with value: 0.7918612548525382 and parameters: {'learning_rate': 0.013150113074214858, 'depth': 16, 'l2_leaf_reg': 0.0016510936736664752, 'min_child_samples': 32}. Best is trial 210 with value: 0.7179373499109433.
[I 2025-03-30 15:30:32,499] Trial 293 finished with value: 1.0772316323089177 and parameters: {'learning_rate': 0.01883380920499932, 'depth': 16, 'l2_leaf_reg': 0.09394571216789031, 'min_child_samples': 32}. Best is trial 210 with value: 0.7179373499109433.
[I 2025-03-30 15:31:03,998] Trial 294 finished with value: 0.9667341667534498 and parameters: {'learning_rate': 0.019996617456116278, 'depth': 15, 'l2_leaf_reg': 0.05564446339766132, 'min_child_samples': 32}. Best is trial 210 with value: 0.7179373499109433.
[I 2025-03-30 15:32:00,396] Trial 295 finished with value: 1.1732998301943605 and parameters: {'learning_rate': 0.01939750532458648, 'depth': 16, 'l2_leaf_reg': 0.20735533439523615, 'min_child_samples': 16}. Best is trial 210 with value: 0.7179373499109433.
[I 2025-03-30 15:32:06,351] Trial 296 finished with value: 0.9852496987344618 and parameters: {'learning_rate': 0.01836418982840472, 'depth': 11, 'l2_leaf_reg': 0.11046835991859157, 'min_child_samples': 32}. Best is trial 210 with value: 0.7179373499109433.
[I 2025-03-30 15:32:37,841] Trial 297 finished with value: 0.9834368352156797 and parameters: {'learning_rate': 0.019319094580081162, 'depth': 15, 'l2_leaf_reg': 0.06184655714246715, 'min_child_samples': 32}. Best is trial 210 with value: 0.7179373499109433.
[I 2025-03-30 15:33:36,342] Trial 298 finished with value: 1.0002618092636926 and parameters: {'learning_rate': 0.01894848359903059, 'depth': 16, 'l2_leaf_reg': 0.051283418862948627, 'min_child_samples': 8}. Best is trial 210 with value: 0.7179373499109433.
[I 2025-03-30 15:34:08,052] Trial 299 finished with value: 0.736324373689635 and parameters: {'learning_rate': 0.019657336109520026, 'depth': 15, 'l2_leaf_reg': 0.0004840704991549501, 'min_child_samples': 32}. Best is trial 210 with value: 0.7179373499109433.
2025-03-30 15:34:08,052 - __main__ - INFO - Best RMSE: 0.7179
2025-03-30 15:34:08,052 - __main__ - INFO - Best parameters: {'learning_rate': 0.01997790930010277, 'depth': 16, 'l2_leaf_reg': 0.00014658015690293205, 'min_child_samples': 8}
2025-03-30 15:34:08,053 - __main__ - INFO - {'learning_rate': 0.01997790930010277, 'depth': 16, 'l2_leaf_reg': 0.00014658015690293205, 'min_child_samples': 8, 'grow_policy': 'SymmetricTree', 'iterations': 1000, 'use_best_model': True, 'eval_metric': 'RMSE', 'loss_function': 'RMSE', 'od_type': 'iter', 'od_wait': 20, 'task_type': 'GPU', 'random_state': 42, 'logging_level': 'Silent'}
2025-03-30 15:34:08,053 - __main__ - INFO - Training final models...
2025-03-30 15:34:08,087 - __main__ - INFO - Training models for all target variables
2025-03-30 15:34:08,567 - __main__ - INFO - Training model for c_delta_y
2025-03-30 15:36:03,778 - __main__ - INFO - Training model for c_delta_z
2025-03-30 15:37:04,782 - __main__ - INFO - Training model for c_std_y
2025-03-30 15:39:02,210 - __main__ - INFO - Training model for c_std_z
2025-03-30 15:39:13,697 - __main__ - INFO - Saving models...
2025-03-30 15:39:25,297 - __main__ - INFO - Model for c_delta_y saved to ./outputs_29_03_2025/models/catboost_c_delta_y.cbm
2025-03-30 15:39:31,417 - __main__ - INFO - Model for c_delta_z saved to ./outputs_29_03_2025/models/catboost_c_delta_z.cbm
2025-03-30 15:39:43,528 - __main__ - INFO - Model for c_std_y saved to ./outputs_29_03_2025/models/catboost_c_std_y.cbm
2025-03-30 15:39:43,845 - __main__ - INFO - Model for c_std_z saved to ./outputs_29_03_2025/models/catboost_c_std_z.cbm
2025-03-30 15:39:43,870 - __main__ - INFO - Target preprocessor saved to ./outputs_29_03_2025/models/target_preprocessor.pkl
2025-03-30 15:39:43,870 - __main__ - INFO - Evaluating models...
2025-03-30 15:40:08,224 - __main__ - INFO - c_delta_y - RMSE: 36.7603, R²: 0.0899
2025-03-30 15:40:08,230 - __main__ - INFO - c_delta_z - RMSE: 34.4633, R²: 0.6126
2025-03-30 15:40:08,236 - __main__ - INFO - c_std_y - RMSE: 30.1519, R²: 0.7274
2025-03-30 15:40:08,242 - __main__ - INFO - c_std_z - RMSE: 14.5166, R²: 0.9053
2025-03-30 15:40:36,952 - __main__ - INFO - Pipeline completed successfully!
(4517057, 11) (4517057, 4)
Split shapes: train: X(2608775, 11), y(2608775, 4), test: X(901693, 11), y(901693, 4), valid: X(720180, 11), y(720180, 4), eval: X(286409, 11), y(286409, 4)
                mse        r2      rmse
c_delta_z  0.103206  0.661980  0.321257
c_delta_y  5.442052  0.115254  2.332821
c_std_z    0.031710  0.957269  0.178072
c_std_y    0.473211  0.838431  0.687903
                   mse        r2       rmse
c_delta_z  1187.721609  0.612591  34.463337
c_delta_y  1351.320693  0.089887  36.760314
c_std_z     210.732488  0.905341  14.516628
c_std_y     909.134658  0.727404  30.151860
