[I 2025-03-30 14:12:07,835] Trial 197 finished with value: 1.0232892145432062 and parameters: {'learning_rate': 0.019581216586516324, 'depth': 16, 'l2_leaf_reg': 0.0654469818877736, 'min_child_samples': 8}. Best is trial 159 with value: 0.7272548985539063.
[I 2025-03-30 14:13:06,562] Trial 198 finished with value: 0.8247794768549176 and parameters: {'learning_rate': 0.01998557290675236, 'depth': 16, 'l2_leaf_reg': 0.007225238449763433, 'min_child_samples': 8}. Best is trial 159 with value: 0.7272548985539063.
[I 2025-03-30 14:14:03,499] Trial 199 finished with value: 1.154765538661702 and parameters: {'learning_rate': 0.019277362139734758, 'depth': 16, 'l2_leaf_reg': 0.18085295434107604, 'min_child_samples': 8}. Best is trial 159 with value: 0.7272548985539063.
[I 2025-03-30 14:15:02,290] Trial 200 finished with value: 0.8188084737061234 and parameters: {'learning_rate': 0.018867378838059744, 'depth': 16, 'l2_leaf_reg': 0.00556773167086158, 'min_child_samples': 8}. Best is trial 159 with value: 0.7272548985539063.
[I 2025-03-30 14:15:34,199] Trial 201 finished with value: 0.7522076765835901 and parameters: {'learning_rate': 0.01955443212895971, 'depth': 15, 'l2_leaf_reg': 0.0011153688108978483, 'min_child_samples': 8}. Best is trial 159 with value: 0.7272548985539063.
[I 2025-03-30 14:16:33,230] Trial 202 finished with value: 0.7413070633582926 and parameters: {'learning_rate': 0.019650414286082767, 'depth': 16, 'l2_leaf_reg': 0.0007911599960787911, 'min_child_samples': 8}. Best is trial 159 with value: 0.7272548985539063.
[I 2025-03-30 14:17:31,534] Trial 203 finished with value: 1.0159552605596531 and parameters: {'learning_rate': 0.019625335488066914, 'depth': 16, 'l2_leaf_reg': 0.062264163341129206, 'min_child_samples': 8}. Best is trial 159 with value: 0.7272548985539063.
[I 2025-03-30 14:18:30,394] Trial 204 finished with value: 0.7421926802740157 and parameters: {'learning_rate': 0.01998761883894667, 'depth': 16, 'l2_leaf_reg': 0.0010814550397295344, 'min_child_samples': 8}. Best is trial 159 with value: 0.7272548985539063.
[I 2025-03-30 14:19:26,765] Trial 205 finished with value: 1.8581952998495814 and parameters: {'learning_rate': 0.00290240038998756, 'depth': 16, 'l2_leaf_reg': 0.11368247433946572, 'min_child_samples': 8}. Best is trial 159 with value: 0.7272548985539063.
[I 2025-03-30 14:20:24,828] Trial 206 finished with value: 1.0170730659868663 and parameters: {'learning_rate': 0.019978187253625466, 'depth': 16, 'l2_leaf_reg': 0.06690805887311888, 'min_child_samples': 8}. Best is trial 159 with value: 0.7272548985539063.
[I 2025-03-30 14:21:22,693] Trial 207 finished with value: 1.1014336744805173 and parameters: {'learning_rate': 0.01959840551468055, 'depth': 16, 'l2_leaf_reg': 0.12574573651587106, 'min_child_samples': 8}. Best is trial 159 with value: 0.7272548985539063.
[I 2025-03-30 14:22:21,273] Trial 208 finished with value: 1.0134778269739697 and parameters: {'learning_rate': 0.019297685102407158, 'depth': 16, 'l2_leaf_reg': 0.05930829738770029, 'min_child_samples': 8}. Best is trial 159 with value: 0.7272548985539063.
[I 2025-03-30 14:23:19,377] Trial 209 finished with value: 1.0256514498823492 and parameters: {'learning_rate': 0.019646285331239383, 'depth': 16, 'l2_leaf_reg': 0.06620110870825173, 'min_child_samples': 8}. Best is trial 159 with value: 0.7272548985539063.
[I 2025-03-30 14:24:17,991] Trial 210 finished with value: 0.7179373499109433 and parameters: {'learning_rate': 0.01997790930010277, 'depth': 16, 'l2_leaf_reg': 0.00014658015690293205, 'min_child_samples': 8}. Best is trial 210 with value: 0.7179373499109433.
[I 2025-03-30 14:25:16,591] Trial 211 finished with value: 0.9942775609088083 and parameters: {'learning_rate': 0.019654985984619105, 'depth': 16, 'l2_leaf_reg': 0.05331729478346975, 'min_child_samples': 8}. Best is trial 210 with value: 0.7179373499109433.
[I 2025-03-30 14:26:14,725] Trial 212 finished with value: 1.0910589211258432 and parameters: {'learning_rate': 0.019947286448256423, 'depth': 16, 'l2_leaf_reg': 0.12230851984661631, 'min_child_samples': 8}. Best is trial 210 with value: 0.7179373499109433.
[I 2025-03-30 14:27:13,567] Trial 213 finished with value: 0.8395693241394024 and parameters: {'learning_rate': 0.019390262395944036, 'depth': 16, 'l2_leaf_reg': 0.00882395906877617, 'min_child_samples': 8}. Best is trial 210 with value: 0.7179373499109433.
[I 2025-03-30 14:28:12,443] Trial 214 finished with value: 0.8135116731049844 and parameters: {'learning_rate': 0.019265008268708493, 'depth': 16, 'l2_leaf_reg': 0.005225893185285657, 'min_child_samples': 8}. Best is trial 210 with value: 0.7179373499109433.
[I 2025-03-30 14:29:11,390] Trial 215 finished with value: 0.798877799317954 and parameters: {'learning_rate': 0.019660296617338147, 'depth': 16, 'l2_leaf_reg': 0.004028091358813972, 'min_child_samples': 8}. Best is trial 210 with value: 0.7179373499109433.
[I 2025-03-30 14:29:42,568] Trial 216 finished with value: 1.0275217381557495 and parameters: {'learning_rate': 0.019983220560126816, 'depth': 15, 'l2_leaf_reg': 0.10362627599824589, 'min_child_samples': 8}. Best is trial 210 with value: 0.7179373499109433.
[I 2025-03-30 14:30:39,857] Trial 217 finished with value: 1.1379976090489916 and parameters: {'learning_rate': 0.018966063992148743, 'depth': 16, 'l2_leaf_reg': 0.15184644464046784, 'min_child_samples': 8}. Best is trial 210 with value: 0.7179373499109433.
[I 2025-03-30 14:31:11,643] Trial 218 finished with value: 0.7498113189456869 and parameters: {'learning_rate': 0.019210176200852212, 'depth': 15, 'l2_leaf_reg': 0.0009312166384688695, 'min_child_samples': 8}. Best is trial 210 with value: 0.7179373499109433.
[I 2025-03-30 14:31:42,981] Trial 219 finished with value: 0.9805185933372246 and parameters: {'learning_rate': 0.019993534057819333, 'depth': 15, 'l2_leaf_reg': 0.06306729555137286, 'min_child_samples': 8}. Best is trial 210 with value: 0.7179373499109433.
[I 2025-03-30 14:32:14,437] Trial 220 finished with value: 0.9969781862010089 and parameters: {'learning_rate': 0.018754594064958316, 'depth': 15, 'l2_leaf_reg': 0.0687415749405598, 'min_child_samples': 8}. Best is trial 210 with value: 0.7179373499109433.
[I 2025-03-30 14:32:46,107] Trial 221 finished with value: 0.8136468503197822 and parameters: {'learning_rate': 0.019275331763731154, 'depth': 15, 'l2_leaf_reg': 0.007411305323346035, 'min_child_samples': 8}. Best is trial 210 with value: 0.7179373499109433.
[I 2025-03-30 14:33:44,423] Trial 222 finished with value: 1.0075971845411085 and parameters: {'learning_rate': 0.019435451541817486, 'depth': 16, 'l2_leaf_reg': 0.057739198617800115, 'min_child_samples': 8}. Best is trial 210 with value: 0.7179373499109433.
[I 2025-03-30 14:34:43,220] Trial 223 finished with value: 0.7512777544826201 and parameters: {'learning_rate': 0.019598200437839778, 'depth': 16, 'l2_leaf_reg': 0.0014507584369973046, 'min_child_samples': 8}. Best is trial 210 with value: 0.7179373499109433.
[I 2025-03-30 14:35:14,635] Trial 224 finished with value: 1.0406515754216723 and parameters: {'learning_rate': 0.019610010980492393, 'depth': 15, 'l2_leaf_reg': 0.11064202314268169, 'min_child_samples': 8}. Best is trial 210 with value: 0.7179373499109433.
[I 2025-03-30 14:35:46,032] Trial 225 finished with value: 0.9695266980868703 and parameters: {'learning_rate': 0.019698691718419814, 'depth': 15, 'l2_leaf_reg': 0.05701437169570059, 'min_child_samples': 8}. Best is trial 210 with value: 0.7179373499109433.
[I 2025-03-30 14:36:44,955] Trial 226 finished with value: 0.7278634594671763 and parameters: {'learning_rate': 0.019004977611238344, 'depth': 16, 'l2_leaf_reg': 0.0004265383841284122, 'min_child_samples': 8}. Best is trial 210 with value: 0.7179373499109433.
[I 2025-03-30 14:36:48,398] Trial 227 finished with value: 1.0382460267231162 and parameters: {'learning_rate': 0.018900429091393823, 'depth': 8, 'l2_leaf_reg': 0.18842750916207202, 'min_child_samples': 8}. Best is trial 210 with value: 0.7179373499109433.
[I 2025-03-30 14:37:46,372] Trial 228 finished with value: 1.090976382392881 and parameters: {'learning_rate': 0.01913761713191239, 'depth': 16, 'l2_leaf_reg': 0.11147792242355253, 'min_child_samples': 8}. Best is trial 210 with value: 0.7179373499109433.
[I 2025-03-30 14:38:45,156] Trial 229 finished with value: 0.7612952488713183 and parameters: {'learning_rate': 0.018664402135153555, 'depth': 16, 'l2_leaf_reg': 0.001651655674855331, 'min_child_samples': 8}. Best is trial 210 with value: 0.7179373499109433.
[I 2025-03-30 14:39:43,338] Trial 230 finished with value: 1.0504013794625429 and parameters: {'learning_rate': 0.01861873923862907, 'depth': 16, 'l2_leaf_reg': 0.07476728420394656, 'min_child_samples': 8}. Best is trial 210 with value: 0.7179373499109433.
[I 2025-03-30 14:40:42,432] Trial 231 finished with value: 0.7300249143451134 and parameters: {'learning_rate': 0.01944400287810355, 'depth': 16, 'l2_leaf_reg': 0.0004409874715575889, 'min_child_samples': 8}. Best is trial 210 with value: 0.7179373499109433.
[I 2025-03-30 14:41:40,841] Trial 232 finished with value: 1.0026974176656305 and parameters: {'learning_rate': 0.019586831120637346, 'depth': 16, 'l2_leaf_reg': 0.05891768668921429, 'min_child_samples': 8}. Best is trial 210 with value: 0.7179373499109433.
[I 2025-03-30 14:42:39,210] Trial 233 finished with value: 1.0126267521223227 and parameters: {'learning_rate': 0.019020185933240424, 'depth': 16, 'l2_leaf_reg': 0.057186411151170194, 'min_child_samples': 8}. Best is trial 210 with value: 0.7179373499109433.
[I 2025-03-30 14:43:38,128] Trial 234 finished with value: 0.8113237765005756 and parameters: {'learning_rate': 0.01999820174869567, 'depth': 16, 'l2_leaf_reg': 0.0054317089742083055, 'min_child_samples': 8}. Best is trial 210 with value: 0.7179373499109433.
[I 2025-03-30 14:44:36,155] Trial 235 finished with value: 1.100246450636899 and parameters: {'learning_rate': 0.019282318059503978, 'depth': 16, 'l2_leaf_reg': 0.12463735131296874, 'min_child_samples': 8}. Best is trial 210 with value: 0.7179373499109433.
[I 2025-03-30 14:45:34,496] Trial 236 finished with value: 1.0040768480807682 and parameters: {'learning_rate': 0.018657543928665, 'depth': 16, 'l2_leaf_reg': 0.050982864161879714, 'min_child_samples': 8}. Best is trial 210 with value: 0.7179373499109433.
[I 2025-03-30 14:46:32,420] Trial 237 finished with value: 1.087540366056109 and parameters: {'learning_rate': 0.019548131214857187, 'depth': 16, 'l2_leaf_reg': 0.10929697895796987, 'min_child_samples': 8}. Best is trial 210 with value: 0.7179373499109433.
[I 2025-03-30 14:47:31,162] Trial 238 finished with value: 0.7547775499386767 and parameters: {'learning_rate': 0.019071260159760475, 'depth': 16, 'l2_leaf_reg': 0.0015375383422509127, 'min_child_samples': 8}. Best is trial 210 with value: 0.7179373499109433.
[I 2025-03-30 14:48:20,692] Trial 239 finished with value: 1.498770169165665 and parameters: {'learning_rate': 0.018975798127502722, 'depth': 16, 'l2_leaf_reg': 1.1567448510697154, 'min_child_samples': 8}. Best is trial 210 with value: 0.7179373499109433.
[I 2025-03-30 14:49:19,702] Trial 240 finished with value: 0.7531565164997913 and parameters: {'learning_rate': 0.018725100049095746, 'depth': 16, 'l2_leaf_reg': 0.001093351873483847, 'min_child_samples': 8}. Best is trial 210 with value: 0.7179373499109433.
[I 2025-03-30 14:50:18,637] Trial 241 finished with value: 0.8134220487216796 and parameters: {'learning_rate': 0.018812665708485325, 'depth': 16, 'l2_leaf_reg': 0.005105719479487449, 'min_child_samples': 8}. Best is trial 210 with value: 0.7179373499109433.
[I 2025-03-30 14:51:16,967] Trial 242 finished with value: 1.0420677865798105 and parameters: {'learning_rate': 0.01911640843646055, 'depth': 16, 'l2_leaf_reg': 0.07167691488506144, 'min_child_samples': 8}. Best is trial 210 with value: 0.7179373499109433.
[I 2025-03-30 14:52:16,053] Trial 243 finished with value: 0.7971317126831083 and parameters: {'learning_rate': 0.01968935998501404, 'depth': 16, 'l2_leaf_reg': 0.004410588887292998, 'min_child_samples': 8}. Best is trial 210 with value: 0.7179373499109433.
[I 2025-03-30 14:53:07,391] Trial 244 finished with value: 1.4440488560570395 and parameters: {'learning_rate': 0.019244752154254124, 'depth': 16, 'l2_leaf_reg': 0.8986444375577496, 'min_child_samples': 8}. Best is trial 210 with value: 0.7179373499109433.
[I 2025-03-30 14:54:05,700] Trial 245 finished with value: 1.022770721819383 and parameters: {'learning_rate': 0.01862231620687992, 'depth': 16, 'l2_leaf_reg': 0.06148304345147587, 'min_child_samples': 8}. Best is trial 210 with value: 0.7179373499109433.
[I 2025-03-30 14:55:04,402] Trial 246 finished with value: 0.9257131100436379 and parameters: {'learning_rate': 0.006021522197093825, 'depth': 16, 'l2_leaf_reg': 0.0014530924763979808, 'min_child_samples': 8}. Best is trial 210 with value: 0.7179373499109433.
[I 2025-03-30 14:55:35,286] Trial 247 finished with value: 1.0800687306777244 and parameters: {'learning_rate': 0.019593366594511576, 'depth': 15, 'l2_leaf_reg': 0.1548577278762718, 'min_child_samples': 8}. Best is trial 210 with value: 0.7179373499109433.
[I 2025-03-30 14:56:34,341] Trial 248 finished with value: 0.756608302786943 and parameters: {'learning_rate': 0.01924116765834181, 'depth': 16, 'l2_leaf_reg': 0.001360098139587933, 'min_child_samples': 8}. Best is trial 210 with value: 0.7179373499109433.
[I 2025-03-30 14:57:05,539] Trial 249 finished with value: 1.027281398006204 and parameters: {'learning_rate': 0.01844028822547074, 'depth': 15, 'l2_leaf_reg': 0.09133791644022081, 'min_child_samples': 8}. Best is trial 210 with value: 0.7179373499109433.
[I 2025-03-30 14:57:08,545] Trial 250 finished with value: 1.0366381522416201 and parameters: {'learning_rate': 0.019011683847699443, 'depth': 7, 'l2_leaf_reg': 0.05559084623437126, 'min_child_samples': 8}. Best is trial 210 with value: 0.7179373499109433.
[I 2025-03-30 14:58:06,576] Trial 251 finished with value: 1.0877673872203988 and parameters: {'learning_rate': 0.019318884540896454, 'depth': 16, 'l2_leaf_reg': 0.11121440911385741, 'min_child_samples': 8}. Best is trial 210 with value: 0.7179373499109433.
[I 2025-03-30 14:59:05,571] Trial 252 finished with value: 0.7709434050906978 and parameters: {'learning_rate': 0.018687194209178044, 'depth': 16, 'l2_leaf_reg': 0.0021325799755742636, 'min_child_samples': 8}. Best is trial 210 with value: 0.7179373499109433.
[I 2025-03-30 14:59:36,775] Trial 253 finished with value: 0.988445362769098 and parameters: {'learning_rate': 0.019334121104381666, 'depth': 15, 'l2_leaf_reg': 0.06353942381632918, 'min_child_samples': 32}. Best is trial 210 with value: 0.7179373499109433.
[I 2025-03-30 15:00:34,328] Trial 254 finished with value: 1.1275843060339772 and parameters: {'learning_rate': 0.019642464357042855, 'depth': 16, 'l2_leaf_reg': 0.15435211433195553, 'min_child_samples': 8}. Best is trial 210 with value: 0.7179373499109433.
[I 2025-03-30 15:01:05,518] Trial 255 finished with value: 0.9799323992015555 and parameters: {'learning_rate': 0.019015058213544198, 'depth': 15, 'l2_leaf_reg': 0.05712027686003628, 'min_child_samples': 8}. Best is trial 210 with value: 0.7179373499109433.
[I 2025-03-30 15:02:03,767] Trial 256 finished with value: 1.0777840559855505 and parameters: {'learning_rate': 0.019997300787878435, 'depth': 16, 'l2_leaf_reg': 0.10651141270982213, 'min_child_samples': 8}. Best is trial 210 with value: 0.7179373499109433.
[I 2025-03-30 15:02:35,064] Trial 257 finished with value: 0.9832908896458984 and parameters: {'learning_rate': 0.01834375867592862, 'depth': 15, 'l2_leaf_reg': 0.05544066616425223, 'min_child_samples': 8}. Best is trial 210 with value: 0.7179373499109433.
[I 2025-03-30 15:03:33,981] Trial 258 finished with value: 0.8091021349383996 and parameters: {'learning_rate': 0.019400624643246826, 'depth': 16, 'l2_leaf_reg': 0.005381659777970834, 'min_child_samples': 8}. Best is trial 210 with value: 0.7179373499109433.
[I 2025-03-30 15:04:05,548] Trial 259 finished with value: 0.7742844377743998 and parameters: {'learning_rate': 0.018902428878686837, 'depth': 15, 'l2_leaf_reg': 0.0025817176097512585, 'min_child_samples': 16}. Best is trial 210 with value: 0.7179373499109433.
[I 2025-03-30 15:05:04,547] Trial 260 finished with value: 0.7246702122147552 and parameters: {'learning_rate': 0.019696283360655868, 'depth': 16, 'l2_leaf_reg': 0.00031368560046142035, 'min_child_samples': 8}. Best is trial 210 with value: 0.7179373499109433.
[I 2025-03-30 15:05:51,875] Trial 261 finished with value: 1.620465138832077 and parameters: {'learning_rate': 0.019696619075034415, 'depth': 16, 'l2_leaf_reg': 2.2089887746933323, 'min_child_samples': 8}. Best is trial 210 with value: 0.7179373499109433.
[I 2025-03-30 15:06:48,662] Trial 262 finished with value: 1.1432860006943593 and parameters: {'learning_rate': 0.01922729584954987, 'depth': 16, 'l2_leaf_reg': 0.16805877896408153, 'min_child_samples': 8}. Best is trial 210 with value: 0.7179373499109433.
[I 2025-03-30 15:07:46,476] Trial 263 finished with value: 1.055000549043091 and parameters: {'learning_rate': 0.019999604853370927, 'depth': 16, 'l2_leaf_reg': 0.09087293707408961, 'min_child_samples': 8}. Best is trial 210 with value: 0.7179373499109433.
[I 2025-03-30 15:08:43,717] Trial 264 finished with value: 1.347326638397088 and parameters: {'learning_rate': 0.006646734936779403, 'depth': 16, 'l2_leaf_reg': 0.062167902507274206, 'min_child_samples': 8}. Best is trial 210 with value: 0.7179373499109433.
[I 2025-03-30 15:09:41,302] Trial 265 finished with value: 1.103549322921828 and parameters: {'learning_rate': 0.018642374173021028, 'depth': 16, 'l2_leaf_reg': 0.12329480018455917, 'min_child_samples': 8}. Best is trial 210 with value: 0.7179373499109433.
[I 2025-03-30 15:10:12,839] Trial 266 finished with value: 0.9863353513068255 and parameters: {'learning_rate': 0.019615272177354044, 'depth': 15, 'l2_leaf_reg': 0.06457274151417572, 'min_child_samples': 8}. Best is trial 210 with value: 0.7179373499109433.
[I 2025-03-30 15:11:09,043] Trial 267 finished with value: 1.171987783326249 and parameters: {'learning_rate': 0.01911589100337189, 'depth': 16, 'l2_leaf_reg': 0.2034898434913339, 'min_child_samples': 8}. Best is trial 210 with value: 0.7179373499109433.
[I 2025-03-30 15:11:40,780] Trial 268 finished with value: 0.7457048055123932 and parameters: {'learning_rate': 0.018145402806854973, 'depth': 15, 'l2_leaf_reg': 0.0005135504813872816, 'min_child_samples': 32}. Best is trial 210 with value: 0.7179373499109433.
[I 2025-03-30 15:12:11,803] Trial 269 finished with value: 1.0733320660529269 and parameters: {'learning_rate': 0.01827826602722303, 'depth': 15, 'l2_leaf_reg': 0.13355862452517972, 'min_child_samples': 32}. Best is trial 210 with value: 0.7179373499109433.
[I 2025-03-30 15:12:43,368] Trial 270 finished with value: 0.9857013246823843 and parameters: {'learning_rate': 0.01807334219638985, 'depth': 15, 'l2_leaf_reg': 0.055153448424897, 'min_child_samples': 32}. Best is trial 210 with value: 0.7179373499109433.
[I 2025-03-30 15:13:42,380] Trial 271 finished with value: 0.7249249280264899 and parameters: {'learning_rate': 0.01873448057816475, 'depth': 16, 'l2_leaf_reg': 0.0004217981905534237, 'min_child_samples': 32}. Best is trial 210 with value: 0.7179373499109433.
[I 2025-03-30 15:14:39,750] Trial 272 finished with value: 1.3119399429665541 and parameters: {'learning_rate': 0.008861526895204131, 'depth': 16, 'l2_leaf_reg': 0.10871066013893496, 'min_child_samples': 32}. Best is trial 210 with value: 0.7179373499109433.
[I 2025-03-30 15:15:39,031] Trial 273 finished with value: 0.7880848491427174 and parameters: {'learning_rate': 0.018563487738372367, 'depth': 16, 'l2_leaf_reg': 0.003369901586128036, 'min_child_samples': 32}. Best is trial 210 with value: 0.7179373499109433.
[I 2025-03-30 15:15:42,015] Trial 274 finished with value: 1.0776188182141162 and parameters: {'learning_rate': 0.01896936373180663, 'depth': 6, 'l2_leaf_reg': 0.05470576529867151, 'min_child_samples': 32}. Best is trial 210 with value: 0.7179373499109433.
[I 2025-03-30 15:16:41,080] Trial 275 finished with value: 0.7784474775348675 and parameters: {'learning_rate': 0.017936823168526978, 'depth': 16, 'l2_leaf_reg': 0.0025412784088120694, 'min_child_samples': 32}. Best is trial 210 with value: 0.7179373499109433.
[I 2025-03-30 15:17:38,513] Trial 276 finished with value: 1.1367560342496286 and parameters: {'learning_rate': 0.018707553078209278, 'depth': 16, 'l2_leaf_reg': 0.15300529773731808, 'min_child_samples': 32}. Best is trial 210 with value: 0.7179373499109433.
[I 2025-03-30 15:18:37,719] Trial 277 finished with value: 0.7261477504434501 and parameters: {'learning_rate': 0.019742153445914467, 'depth': 16, 'l2_leaf_reg': 0.00036726427049714276, 'min_child_samples': 32}. Best is trial 210 with value: 0.7179373499109433.
[I 2025-03-30 15:19:35,716] Trial 278 finished with value: 1.0665151135283442 and parameters: {'learning_rate': 0.019655597933383, 'depth': 16, 'l2_leaf_reg': 0.09619172836020849, 'min_child_samples': 32}. Best is trial 210 with value: 0.7179373499109433.
[I 2025-03-30 15:19:40,254] Trial 279 finished with value: 0.9611356196585806 and parameters: {'learning_rate': 0.019948490137759203, 'depth': 10, 'l2_leaf_reg': 0.06261325868695818, 'min_child_samples': 32}. Best is trial 210 with value: 0.7179373499109433.
[I 2025-03-30 15:20:37,085] Trial 280 finished with value: 1.1665206940810025 and parameters: {'learning_rate': 0.01999048920722291, 'depth': 16, 'l2_leaf_reg': 0.21049152168808824, 'min_child_samples': 32}. Best is trial 210 with value: 0.7179373499109433.
[I 2025-03-30 15:21:35,275] Trial 281 finished with value: 1.0278891791174423 and parameters: {'learning_rate': 0.01937040693966309, 'depth': 16, 'l2_leaf_reg': 0.0673712651487953, 'min_child_samples': 32}. Best is trial 210 with value: 0.7179373499109433.
