[I 2025-03-30 10:44:32,462] Trial 206 finished with value: 2.3237472110036848 and parameters: {'learning_rate': 0.01923712095095151, 'depth': 16, 'l2_leaf_reg': 0.1111708132750811, 'min_child_samples': 8}. Best is trial 86 with value: 2.260246001413123.
[I 2025-03-30 10:45:30,747] Trial 207 finished with value: 2.3038316942827155 and parameters: {'learning_rate': 0.01998634779437485, 'depth': 16, 'l2_leaf_reg': 0.07219264954830022, 'min_child_samples': 8}. Best is trial 86 with value: 2.260246001413123.
[I 2025-03-30 10:46:28,604] Trial 208 finished with value: 2.2709943323833737 and parameters: {'learning_rate': 0.018980747113664667, 'depth': 16, 'l2_leaf_reg': 0.0027831380829224095, 'min_child_samples': 8}. Best is trial 86 with value: 2.260246001413123.
[I 2025-03-30 10:46:59,369] Trial 209 finished with value: 2.329383670348254 and parameters: {'learning_rate': 0.019591095720732976, 'depth': 15, 'l2_leaf_reg': 0.1563726312300989, 'min_child_samples': 8}. Best is trial 86 with value: 2.260246001413123.
[I 2025-03-30 10:47:57,118] Trial 210 finished with value: 2.3100174559359847 and parameters: {'learning_rate': 0.01890363993608484, 'depth': 16, 'l2_leaf_reg': 0.06182123605762249, 'min_child_samples': 1}. Best is trial 86 with value: 2.260246001413123.
[I 2025-03-30 10:48:54,871] Trial 211 finished with value: 2.2746234555174634 and parameters: {'learning_rate': 0.019122239584423238, 'depth': 16, 'l2_leaf_reg': 0.006197022763518986, 'min_child_samples': 8}. Best is trial 86 with value: 2.260246001413123.
[I 2025-03-30 10:49:52,706] Trial 212 finished with value: 2.302348998088837 and parameters: {'learning_rate': 0.018806849796498052, 'depth': 16, 'l2_leaf_reg': 0.049932501626617165, 'min_child_samples': 8}. Best is trial 86 with value: 2.260246001413123.
[I 2025-03-30 10:50:50,169] Trial 213 finished with value: 2.3261035389421347 and parameters: {'learning_rate': 0.019362707648458006, 'depth': 16, 'l2_leaf_reg': 0.11504526515239183, 'min_child_samples': 8}. Best is trial 86 with value: 2.260246001413123.
[I 2025-03-30 10:51:48,127] Trial 214 finished with value: 2.2711960434323206 and parameters: {'learning_rate': 0.01967086238279824, 'depth': 16, 'l2_leaf_reg': 0.007472761969094637, 'min_child_samples': 8}. Best is trial 86 with value: 2.260246001413123.
[I 2025-03-30 10:52:45,856] Trial 215 finished with value: 2.2664559767613306 and parameters: {'learning_rate': 0.01841148214765458, 'depth': 16, 'l2_leaf_reg': 0.004343898487774536, 'min_child_samples': 8}. Best is trial 86 with value: 2.260246001413123.
[I 2025-03-30 10:53:16,958] Trial 216 finished with value: 2.3194212668351857 and parameters: {'learning_rate': 0.018329874179775683, 'depth': 15, 'l2_leaf_reg': 0.08988611394694151, 'min_child_samples': 8}. Best is trial 86 with value: 2.260246001413123.
[I 2025-03-30 10:54:14,904] Trial 217 finished with value: 2.3066570530109485 and parameters: {'learning_rate': 0.018662743467831144, 'depth': 16, 'l2_leaf_reg': 0.054642388124595764, 'min_child_samples': 8}. Best is trial 86 with value: 2.260246001413123.
[I 2025-03-30 10:54:45,915] Trial 218 finished with value: 2.3304048708357765 and parameters: {'learning_rate': 0.019263793092280865, 'depth': 15, 'l2_leaf_reg': 0.15813863832157934, 'min_child_samples': 8}. Best is trial 86 with value: 2.260246001413123.
[I 2025-03-30 10:55:43,382] Trial 219 finished with value: 2.411028884191694 and parameters: {'learning_rate': 0.019973881630667184, 'depth': 16, 'l2_leaf_reg': 1.2984407887439777, 'min_child_samples': 8}. Best is trial 86 with value: 2.260246001413123.
[I 2025-03-30 10:56:41,188] Trial 220 finished with value: 2.265000144037486 and parameters: {'learning_rate': 0.01829382728742434, 'depth': 16, 'l2_leaf_reg': 0.0045732321266888365, 'min_child_samples': 8}. Best is trial 86 with value: 2.260246001413123.
[I 2025-03-30 10:57:39,418] Trial 221 finished with value: 2.301482316062248 and parameters: {'learning_rate': 0.018391896957229772, 'depth': 16, 'l2_leaf_reg': 0.04430002978961585, 'min_child_samples': 8}. Best is trial 86 with value: 2.260246001413123.
[I 2025-03-30 10:58:37,745] Trial 222 finished with value: 2.267108510377046 and parameters: {'learning_rate': 0.018931361663126534, 'depth': 16, 'l2_leaf_reg': 0.0025495638255409628, 'min_child_samples': 8}. Best is trial 86 with value: 2.260246001413123.
[I 2025-03-30 10:59:35,430] Trial 223 finished with value: 2.3272101636335725 and parameters: {'learning_rate': 0.018870191009436373, 'depth': 16, 'l2_leaf_reg': 0.1105534066270371, 'min_child_samples': 8}. Best is trial 86 with value: 2.260246001413123.
[I 2025-03-30 11:00:33,573] Trial 224 finished with value: 2.2663583476516522 and parameters: {'learning_rate': 0.01829754838696564, 'depth': 16, 'l2_leaf_reg': 0.0021370660590614675, 'min_child_samples': 8}. Best is trial 86 with value: 2.260246001413123.
[I 2025-03-30 11:01:04,586] Trial 225 finished with value: 2.317347842135199 and parameters: {'learning_rate': 0.018310340621606237, 'depth': 15, 'l2_leaf_reg': 0.07041710950435658, 'min_child_samples': 8}. Best is trial 86 with value: 2.260246001413123.
[I 2025-03-30 11:02:02,411] Trial 226 finished with value: 2.308348503628033 and parameters: {'learning_rate': 0.018611184798733443, 'depth': 16, 'l2_leaf_reg': 0.06034966203740112, 'min_child_samples': 8}. Best is trial 86 with value: 2.260246001413123.
[I 2025-03-30 11:03:00,566] Trial 227 finished with value: 2.280791750934652 and parameters: {'learning_rate': 0.0181173165941033, 'depth': 16, 'l2_leaf_reg': 0.006919205358282451, 'min_child_samples': 8}. Best is trial 86 with value: 2.260246001413123.
[I 2025-03-30 11:03:57,741] Trial 228 finished with value: 2.3900315193735446 and parameters: {'learning_rate': 0.018877975325002665, 'depth': 16, 'l2_leaf_reg': 0.7331956069229999, 'min_child_samples': 8}. Best is trial 86 with value: 2.260246001413123.
[I 2025-03-30 11:04:28,540] Trial 229 finished with value: 2.3260273961699682 and parameters: {'learning_rate': 0.018302543890713095, 'depth': 15, 'l2_leaf_reg': 0.11677089245560682, 'min_child_samples': 8}. Best is trial 86 with value: 2.260246001413123.
[I 2025-03-30 11:05:26,009] Trial 230 finished with value: 2.312182203057689 and parameters: {'learning_rate': 0.019073977914845764, 'depth': 16, 'l2_leaf_reg': 0.0657114365156246, 'min_child_samples': 8}. Best is trial 86 with value: 2.260246001413123.
[I 2025-03-30 11:06:24,194] Trial 231 finished with value: 2.2679688538843266 and parameters: {'learning_rate': 0.019221765346393836, 'depth': 16, 'l2_leaf_reg': 0.003023628548132328, 'min_child_samples': 8}. Best is trial 86 with value: 2.260246001413123.
[I 2025-03-30 11:07:22,329] Trial 232 finished with value: 2.301122608587516 and parameters: {'learning_rate': 0.019132275125352725, 'depth': 16, 'l2_leaf_reg': 0.04683431629281257, 'min_child_samples': 8}. Best is trial 86 with value: 2.260246001413123.
[I 2025-03-30 11:08:20,769] Trial 233 finished with value: 2.274895964292195 and parameters: {'learning_rate': 0.018650391984892045, 'depth': 16, 'l2_leaf_reg': 0.006654080971666627, 'min_child_samples': 8}. Best is trial 86 with value: 2.260246001413123.
[I 2025-03-30 11:09:18,405] Trial 234 finished with value: 2.319072376207339 and parameters: {'learning_rate': 0.019441383882992186, 'depth': 16, 'l2_leaf_reg': 0.09988497589697612, 'min_child_samples': 8}. Best is trial 86 with value: 2.260246001413123.
[I 2025-03-30 11:10:16,368] Trial 235 finished with value: 2.269211637726571 and parameters: {'learning_rate': 0.01866923003571807, 'depth': 16, 'l2_leaf_reg': 0.002717220257580512, 'min_child_samples': 8}. Best is trial 86 with value: 2.260246001413123.
[I 2025-03-30 11:11:14,416] Trial 236 finished with value: 2.27008630270872 and parameters: {'learning_rate': 0.017618672536104794, 'depth': 16, 'l2_leaf_reg': 0.0043287304272799235, 'min_child_samples': 8}. Best is trial 86 with value: 2.260246001413123.
[I 2025-03-30 11:12:12,154] Trial 237 finished with value: 2.3193029846475737 and parameters: {'learning_rate': 0.018536260141870584, 'depth': 16, 'l2_leaf_reg': 0.09663460461010809, 'min_child_samples': 8}. Best is trial 86 with value: 2.260246001413123.
[I 2025-03-30 11:13:09,649] Trial 238 finished with value: 2.296209911511175 and parameters: {'learning_rate': 0.006844682322539078, 'depth': 16, 'l2_leaf_reg': 0.0003235886156250634, 'min_child_samples': 4}. Best is trial 86 with value: 2.260246001413123.
[I 2025-03-30 11:13:40,607] Trial 239 finished with value: 2.33576001176991 and parameters: {'learning_rate': 0.0181189897031027, 'depth': 15, 'l2_leaf_reg': 0.1577056324037912, 'min_child_samples': 32}. Best is trial 86 with value: 2.260246001413123.
[I 2025-03-30 11:14:38,258] Trial 240 finished with value: 2.313662521141434 and parameters: {'learning_rate': 0.01888509080916868, 'depth': 16, 'l2_leaf_reg': 0.0709398112370943, 'min_child_samples': 8}. Best is trial 86 with value: 2.260246001413123.
[I 2025-03-30 11:15:36,236] Trial 241 finished with value: 2.270487070231035 and parameters: {'learning_rate': 0.01917594028164081, 'depth': 16, 'l2_leaf_reg': 0.0043143670667278936, 'min_child_samples': 8}. Best is trial 86 with value: 2.260246001413123.
[I 2025-03-30 11:16:33,998] Trial 242 finished with value: 2.3015305487352276 and parameters: {'learning_rate': 0.01959337336607155, 'depth': 16, 'l2_leaf_reg': 0.05363367559442132, 'min_child_samples': 8}. Best is trial 86 with value: 2.260246001413123.
[I 2025-03-30 11:16:51,587] Trial 243 finished with value: 2.28719343254792 and parameters: {'learning_rate': 0.011231930050626964, 'depth': 14, 'l2_leaf_reg': 0.0031339010019008537, 'min_child_samples': 8}. Best is trial 86 with value: 2.260246001413123.
[I 2025-03-30 11:17:49,321] Trial 244 finished with value: 2.317996535168001 and parameters: {'learning_rate': 0.018692049810803458, 'depth': 16, 'l2_leaf_reg': 0.07137212524820835, 'min_child_samples': 8}. Best is trial 86 with value: 2.260246001413123.
[I 2025-03-30 11:18:47,132] Trial 245 finished with value: 2.325365119540573 and parameters: {'learning_rate': 0.019108175766675534, 'depth': 16, 'l2_leaf_reg': 0.12092553769246413, 'min_child_samples': 8}. Best is trial 86 with value: 2.260246001413123.
[I 2025-03-30 11:18:49,504] Trial 246 finished with value: 2.4323286100440122 and parameters: {'learning_rate': 0.019503385662919395, 'depth': 4, 'l2_leaf_reg': 0.05583251852051447, 'min_child_samples': 8}. Best is trial 86 with value: 2.260246001413123.
[I 2025-03-30 11:19:20,673] Trial 247 finished with value: 2.322754485599676 and parameters: {'learning_rate': 0.012849218006389412, 'depth': 15, 'l2_leaf_reg': 0.053729458275621436, 'min_child_samples': 8}. Best is trial 86 with value: 2.260246001413123.
[I 2025-03-30 11:20:18,456] Trial 248 finished with value: 2.3253480615282736 and parameters: {'learning_rate': 0.0185987515294167, 'depth': 16, 'l2_leaf_reg': 0.1109751454097712, 'min_child_samples': 16}. Best is trial 86 with value: 2.260246001413123.
[I 2025-03-30 11:20:36,163] Trial 249 finished with value: 2.30461928090669 and parameters: {'learning_rate': 0.01905225382946631, 'depth': 14, 'l2_leaf_reg': 0.051730377404597, 'min_child_samples': 8}. Best is trial 86 with value: 2.260246001413123.
[I 2025-03-30 11:21:34,365] Trial 250 finished with value: 2.271727329836656 and parameters: {'learning_rate': 0.01967699839462813, 'depth': 16, 'l2_leaf_reg': 0.008033388110684624, 'min_child_samples': 8}. Best is trial 86 with value: 2.260246001413123.
[I 2025-03-30 11:22:05,683] Trial 251 finished with value: 2.284777757547184 and parameters: {'learning_rate': 0.018286841071479317, 'depth': 15, 'l2_leaf_reg': 0.004270341403920583, 'min_child_samples': 8}. Best is trial 86 with value: 2.260246001413123.
[I 2025-03-30 11:22:36,293] Trial 252 finished with value: 2.411594672819326 and parameters: {'learning_rate': 0.017924641998094033, 'depth': 15, 'l2_leaf_reg': 2.1661706036848143, 'min_child_samples': 8}. Best is trial 86 with value: 2.260246001413123.
[I 2025-03-30 11:23:34,271] Trial 253 finished with value: 2.264777254180254 and parameters: {'learning_rate': 0.019363873118351537, 'depth': 16, 'l2_leaf_reg': 0.0024691938200601593, 'min_child_samples': 8}. Best is trial 86 with value: 2.260246001413123.
[I 2025-03-30 11:24:31,952] Trial 254 finished with value: 2.3382109549086016 and parameters: {'learning_rate': 0.01882973028912379, 'depth': 16, 'l2_leaf_reg': 0.16497061404446997, 'min_child_samples': 8}. Best is trial 86 with value: 2.260246001413123.
[I 2025-03-30 11:25:29,677] Trial 255 finished with value: 2.318443951790893 and parameters: {'learning_rate': 0.019981596080045627, 'depth': 16, 'l2_leaf_reg': 0.10984537249295555, 'min_child_samples': 8}. Best is trial 86 with value: 2.260246001413123.
[I 2025-03-30 11:26:27,812] Trial 256 finished with value: 2.269816254097337 and parameters: {'learning_rate': 0.019313875666215834, 'depth': 16, 'l2_leaf_reg': 0.004976349730321, 'min_child_samples': 1}. Best is trial 86 with value: 2.260246001413123.
[I 2025-03-30 11:27:24,718] Trial 257 finished with value: 2.6029506392648516 and parameters: {'learning_rate': 0.0010978481493602935, 'depth': 16, 'l2_leaf_reg': 0.088206201746107, 'min_child_samples': 8}. Best is trial 86 with value: 2.260246001413123.
[I 2025-03-30 11:28:22,441] Trial 258 finished with value: 2.332042696024158 and parameters: {'learning_rate': 0.01859877297130157, 'depth': 16, 'l2_leaf_reg': 0.14839946678189048, 'min_child_samples': 8}. Best is trial 86 with value: 2.260246001413123.
[I 2025-03-30 11:29:20,132] Trial 259 finished with value: 2.3081890475749662 and parameters: {'learning_rate': 0.018909082293201686, 'depth': 16, 'l2_leaf_reg': 0.05899820821280262, 'min_child_samples': 8}. Best is trial 86 with value: 2.260246001413123.
[I 2025-03-30 11:29:51,116] Trial 260 finished with value: 2.307729476132624 and parameters: {'learning_rate': 0.019545336071237044, 'depth': 15, 'l2_leaf_reg': 0.06119641201044996, 'min_child_samples': 8}. Best is trial 86 with value: 2.260246001413123.
[I 2025-03-30 11:30:49,150] Trial 261 finished with value: 2.266681927522505 and parameters: {'learning_rate': 0.019241687507148397, 'depth': 16, 'l2_leaf_reg': 0.0010141423316736941, 'min_child_samples': 8}. Best is trial 86 with value: 2.260246001413123.
[I 2025-03-30 11:31:20,503] Trial 262 finished with value: 2.273253199635055 and parameters: {'learning_rate': 0.01925245183873327, 'depth': 15, 'l2_leaf_reg': 0.0009492414910196633, 'min_child_samples': 8}. Best is trial 86 with value: 2.260246001413123.
[I 2025-03-30 11:32:18,360] Trial 263 finished with value: 2.322522718240502 and parameters: {'learning_rate': 0.01970791048669076, 'depth': 16, 'l2_leaf_reg': 0.10896343284301395, 'min_child_samples': 8}. Best is trial 86 with value: 2.260246001413123.
[I 2025-03-30 11:33:16,077] Trial 264 finished with value: 2.401297654590026 and parameters: {'learning_rate': 0.019230717816898907, 'depth': 16, 'l2_leaf_reg': 0.8827619724359029, 'min_child_samples': 8}. Best is trial 86 with value: 2.260246001413123.
[I 2025-03-30 11:34:13,901] Trial 265 finished with value: 2.344913023750856 and parameters: {'learning_rate': 0.01823126605891883, 'depth': 16, 'l2_leaf_reg': 0.20638262475096028, 'min_child_samples': 8}. Best is trial 86 with value: 2.260246001413123.
[I 2025-03-30 11:35:11,898] Trial 266 finished with value: 2.3064593416056764 and parameters: {'learning_rate': 0.01968419213124979, 'depth': 16, 'l2_leaf_reg': 0.06623127113932264, 'min_child_samples': 8}. Best is trial 86 with value: 2.260246001413123.
[I 2025-03-30 11:35:42,995] Trial 267 finished with value: 2.2774058419217487 and parameters: {'learning_rate': 0.01901510620728531, 'depth': 15, 'l2_leaf_reg': 0.001288684308882345, 'min_child_samples': 8}. Best is trial 86 with value: 2.260246001413123.
[I 2025-03-30 11:36:40,660] Trial 268 finished with value: 2.3302672893880403 and parameters: {'learning_rate': 0.019396533953686092, 'depth': 16, 'l2_leaf_reg': 0.14570124335544854, 'min_child_samples': 4}. Best is trial 86 with value: 2.260246001413123.
[I 2025-03-30 11:37:11,778] Trial 269 finished with value: 2.316254177515219 and parameters: {'learning_rate': 0.018358635073960287, 'depth': 15, 'l2_leaf_reg': 0.06469119647856734, 'min_child_samples': 32}. Best is trial 86 with value: 2.260246001413123.
[I 2025-03-30 11:38:08,649] Trial 270 finished with value: 2.4192432389852017 and parameters: {'learning_rate': 0.019986593621609577, 'depth': 16, 'l2_leaf_reg': 2.8765742685450486, 'min_child_samples': 8}. Best is trial 86 with value: 2.260246001413123.
[I 2025-03-30 11:39:06,300] Trial 271 finished with value: 2.324400971492087 and parameters: {'learning_rate': 0.017787501098424967, 'depth': 16, 'l2_leaf_reg': 0.11545107822546798, 'min_child_samples': 8}. Best is trial 86 with value: 2.260246001413123.
[I 2025-03-30 11:40:04,546] Trial 272 finished with value: 2.266519506469266 and parameters: {'learning_rate': 0.018834392771473345, 'depth': 16, 'l2_leaf_reg': 0.0015549764339674028, 'min_child_samples': 8}. Best is trial 86 with value: 2.260246001413123.
[I 2025-03-30 11:40:35,511] Trial 273 finished with value: 2.279952730088836 and parameters: {'learning_rate': 0.018783203656656974, 'depth': 15, 'l2_leaf_reg': 0.0007103224025527084, 'min_child_samples': 8}. Best is trial 86 with value: 2.260246001413123.
[I 2025-03-30 11:41:33,249] Trial 274 finished with value: 2.3114974381231193 and parameters: {'learning_rate': 0.018478742167704783, 'depth': 16, 'l2_leaf_reg': 0.064067699357132, 'min_child_samples': 8}. Best is trial 86 with value: 2.260246001413123.
[I 2025-03-30 11:42:30,793] Trial 275 finished with value: 2.3399292734180697 and parameters: {'learning_rate': 0.018885168920462356, 'depth': 16, 'l2_leaf_reg': 0.19252397243698527, 'min_child_samples': 16}. Best is trial 86 with value: 2.260246001413123.
[I 2025-03-30 11:43:28,366] Trial 276 finished with value: 2.3239160515483275 and parameters: {'learning_rate': 0.01802949374331662, 'depth': 16, 'l2_leaf_reg': 0.10602670445132882, 'min_child_samples': 8}. Best is trial 86 with value: 2.260246001413123.
[I 2025-03-30 11:44:25,631] Trial 277 finished with value: 2.3424103293903706 and parameters: {'learning_rate': 0.003585021039239581, 'depth': 16, 'l2_leaf_reg': 0.0003737880043734562, 'min_child_samples': 8}. Best is trial 86 with value: 2.260246001413123.
[I 2025-03-30 11:44:56,220] Trial 278 finished with value: 2.4096043097795468 and parameters: {'learning_rate': 0.0195455544358584, 'depth': 15, 'l2_leaf_reg': 1.7936041435014354, 'min_child_samples': 8}. Best is trial 86 with value: 2.260246001413123.
[I 2025-03-30 11:45:03,774] Trial 279 finished with value: 2.32275898255312 and parameters: {'learning_rate': 0.019030225753539725, 'depth': 12, 'l2_leaf_reg': 0.06182730977549991, 'min_child_samples': 8}. Best is trial 86 with value: 2.260246001413123.
[I 2025-03-30 11:46:01,760] Trial 280 finished with value: 2.328854000631169 and parameters: {'learning_rate': 0.0185001858046025, 'depth': 16, 'l2_leaf_reg': 0.14077164059166505, 'min_child_samples': 8}. Best is trial 86 with value: 2.260246001413123.
[I 2025-03-30 11:46:32,802] Trial 281 finished with value: 2.303509870297173 and parameters: {'learning_rate': 0.019369258010128166, 'depth': 15, 'l2_leaf_reg': 0.055971314124168725, 'min_child_samples': 8}. Best is trial 86 with value: 2.260246001413123.
[I 2025-03-30 11:47:31,201] Trial 282 finished with value: 2.2634775049246003 and parameters: {'learning_rate': 0.019993899690162804, 'depth': 16, 'l2_leaf_reg': 0.001189553493154359, 'min_child_samples': 8}. Best is trial 86 with value: 2.260246001413123.
[I 2025-03-30 11:48:28,993] Trial 283 finished with value: 2.31467018835774 and parameters: {'learning_rate': 0.01997602570131816, 'depth': 16, 'l2_leaf_reg': 0.09030066191337383, 'min_child_samples': 1}. Best is trial 86 with value: 2.260246001413123.
[I 2025-03-30 11:48:31,146] Trial 284 finished with value: 2.446416335735612 and parameters: {'learning_rate': 0.019671738590125967, 'depth': 3, 'l2_leaf_reg': 0.00011036293379062234, 'min_child_samples': 8}. Best is trial 86 with value: 2.260246001413123.
[I 2025-03-30 11:49:02,059] Trial 285 finished with value: 2.327855954538458 and parameters: {'learning_rate': 0.01959862107686415, 'depth': 15, 'l2_leaf_reg': 0.16358972869841526, 'min_child_samples': 8}. Best is trial 86 with value: 2.260246001413123.
[I 2025-03-30 11:49:59,593] Trial 286 finished with value: 2.3135895379966964 and parameters: {'learning_rate': 0.019292740738062277, 'depth': 16, 'l2_leaf_reg': 0.058211483667769855, 'min_child_samples': 8}. Best is trial 86 with value: 2.260246001413123.
[I 2025-03-30 11:50:57,170] Trial 287 finished with value: 2.390155351280498 and parameters: {'learning_rate': 0.007510888933619047, 'depth': 16, 'l2_leaf_reg': 0.1130139362579481, 'min_child_samples': 8}. Best is trial 86 with value: 2.260246001413123.
[I 2025-03-30 11:51:54,870] Trial 288 finished with value: 2.308891286257979 and parameters: {'learning_rate': 0.018835216504129847, 'depth': 16, 'l2_leaf_reg': 0.05791527914690444, 'min_child_samples': 8}. Best is trial 86 with value: 2.260246001413123.
[I 2025-03-30 11:52:25,963] Trial 289 finished with value: 2.342576946147296 and parameters: {'learning_rate': 0.0181205030258892, 'depth': 15, 'l2_leaf_reg': 0.21164248845664965, 'min_child_samples': 8}. Best is trial 86 with value: 2.260246001413123.
[I 2025-03-30 11:53:24,070] Trial 290 finished with value: 2.4114896811253033 and parameters: {'learning_rate': 0.019953322160056564, 'depth': 16, 'l2_leaf_reg': 1.6164133678521975, 'min_child_samples': 8}. Best is trial 86 with value: 2.260246001413123.
[I 2025-03-30 11:54:20,054] Trial 291 finished with value: 2.469084688836066 and parameters: {'learning_rate': 0.0058618923435944945, 'depth': 16, 'l2_leaf_reg': 2.6024687073355777, 'min_child_samples': 8}. Best is trial 86 with value: 2.260246001413123.
