[I 2025-03-30 12:36:07,843] Trial 244 finished with value: 0.18734714762625895 and parameters: {'learning_rate': 0.01805535970010936, 'depth': 12, 'l2_leaf_reg': 0.05234634177331385, 'min_child_samples': 8}. Best is trial 177 with value: 0.1745950809200447.
[I 2025-03-30 12:36:13,790] Trial 245 finished with value: 0.17632180596271935 and parameters: {'learning_rate': 0.018403667685815514, 'depth': 11, 'l2_leaf_reg': 0.0011764961558475447, 'min_child_samples': 8}. Best is trial 177 with value: 0.1745950809200447.
[I 2025-03-30 12:36:19,958] Trial 246 finished with value: 0.1919570948912558 and parameters: {'learning_rate': 0.017735000536377596, 'depth': 11, 'l2_leaf_reg': 0.10620625228028464, 'min_child_samples': 8}. Best is trial 177 with value: 0.1745950809200447.
[I 2025-03-30 12:36:27,905] Trial 247 finished with value: 0.18922118578936895 and parameters: {'learning_rate': 0.01836839035583388, 'depth': 12, 'l2_leaf_reg': 0.059326790968964975, 'min_child_samples': 8}. Best is trial 177 with value: 0.1745950809200447.
[I 2025-03-30 12:36:33,833] Trial 248 finished with value: 0.18684617095135098 and parameters: {'learning_rate': 0.01852309184217968, 'depth': 11, 'l2_leaf_reg': 0.06248619180411687, 'min_child_samples': 8}. Best is trial 177 with value: 0.1745950809200447.
[I 2025-03-30 12:36:39,907] Trial 249 finished with value: 0.1940625459381362 and parameters: {'learning_rate': 0.018034978835626964, 'depth': 11, 'l2_leaf_reg': 0.13140551174362725, 'min_child_samples': 8}. Best is trial 177 with value: 0.1745950809200447.
[I 2025-03-30 12:36:45,940] Trial 250 finished with value: 0.17794475623256678 and parameters: {'learning_rate': 0.018676418453369748, 'depth': 11, 'l2_leaf_reg': 0.002567408919605818, 'min_child_samples': 8}. Best is trial 177 with value: 0.1745950809200447.
[I 2025-03-30 12:36:51,433] Trial 251 finished with value: 0.36225795994498927 and parameters: {'learning_rate': 0.0028109310788857504, 'depth': 11, 'l2_leaf_reg': 0.06431326109479843, 'min_child_samples': 8}. Best is trial 177 with value: 0.1745950809200447.
[I 2025-03-30 12:36:59,045] Trial 252 finished with value: 0.17930680561606266 and parameters: {'learning_rate': 0.018377029806340657, 'depth': 12, 'l2_leaf_reg': 0.003992907426934309, 'min_child_samples': 8}. Best is trial 177 with value: 0.1745950809200447.
[I 2025-03-30 12:37:04,824] Trial 253 finished with value: 0.19170369575470791 and parameters: {'learning_rate': 0.01755812187262484, 'depth': 11, 'l2_leaf_reg': 0.11088254002401533, 'min_child_samples': 8}. Best is trial 177 with value: 0.1745950809200447.
[I 2025-03-30 12:37:10,835] Trial 254 finished with value: 0.1868460544167732 and parameters: {'learning_rate': 0.01893269464281072, 'depth': 11, 'l2_leaf_reg': 0.06169854414774973, 'min_child_samples': 32}. Best is trial 177 with value: 0.1745950809200447.
[I 2025-03-30 12:37:18,699] Trial 255 finished with value: 0.17728383424384406 and parameters: {'learning_rate': 0.018861472943250746, 'depth': 12, 'l2_leaf_reg': 0.0019050071069249906, 'min_child_samples': 8}. Best is trial 177 with value: 0.1745950809200447.
[I 2025-03-30 12:37:24,637] Trial 256 finished with value: 0.195926082891313 and parameters: {'learning_rate': 0.018159204131439753, 'depth': 11, 'l2_leaf_reg': 0.16583527207900997, 'min_child_samples': 8}. Best is trial 177 with value: 0.1745950809200447.
[I 2025-03-30 12:37:30,416] Trial 257 finished with value: 0.18904947473320627 and parameters: {'learning_rate': 0.018494759261136688, 'depth': 11, 'l2_leaf_reg': 0.10033056702841144, 'min_child_samples': 4}. Best is trial 177 with value: 0.1745950809200447.
[I 2025-03-30 12:37:36,047] Trial 258 finished with value: 0.5142030854212215 and parameters: {'learning_rate': 0.0015329600736143315, 'depth': 11, 'l2_leaf_reg': 0.06346828763357222, 'min_child_samples': 8}. Best is trial 177 with value: 0.1745950809200447.
[I 2025-03-30 12:37:41,732] Trial 259 finished with value: 0.1790229604605774 and parameters: {'learning_rate': 0.014809412429123339, 'depth': 11, 'l2_leaf_reg': 0.00541551362740347, 'min_child_samples': 8}. Best is trial 177 with value: 0.1745950809200447.
[I 2025-03-30 12:37:47,788] Trial 260 finished with value: 0.190400145941984 and parameters: {'learning_rate': 0.019089583832393675, 'depth': 11, 'l2_leaf_reg': 0.11676795734694287, 'min_child_samples': 8}. Best is trial 177 with value: 0.1745950809200447.
[I 2025-03-30 12:37:55,149] Trial 261 finished with value: 0.20423306181423392 and parameters: {'learning_rate': 0.0058566061835400645, 'depth': 12, 'l2_leaf_reg': 0.00134652718921143, 'min_child_samples': 8}. Best is trial 177 with value: 0.1745950809200447.
[I 2025-03-30 12:38:01,024] Trial 262 finished with value: 0.19545645022985492 and parameters: {'learning_rate': 0.01873711552346586, 'depth': 11, 'l2_leaf_reg': 0.16373993443426926, 'min_child_samples': 8}. Best is trial 177 with value: 0.1745950809200447.
[I 2025-03-30 12:38:05,857] Trial 263 finished with value: 0.18526310536906568 and parameters: {'learning_rate': 0.017998418119224216, 'depth': 10, 'l2_leaf_reg': 0.060240445755777375, 'min_child_samples': 8}. Best is trial 177 with value: 0.1745950809200447.
[I 2025-03-30 12:38:10,561] Trial 264 finished with value: 0.17646000818338364 and parameters: {'learning_rate': 0.019137206377562263, 'depth': 10, 'l2_leaf_reg': 0.0002858796659848646, 'min_child_samples': 8}. Best is trial 177 with value: 0.1745950809200447.
[I 2025-03-30 12:38:16,511] Trial 265 finished with value: 0.1974064722890782 and parameters: {'learning_rate': 0.019048959720489804, 'depth': 11, 'l2_leaf_reg': 0.21252886460769047, 'min_child_samples': 8}. Best is trial 177 with value: 0.1745950809200447.
[I 2025-03-30 12:38:22,611] Trial 266 finished with value: 0.18976522923563977 and parameters: {'learning_rate': 0.018445329703898776, 'depth': 11, 'l2_leaf_reg': 0.10193923671740215, 'min_child_samples': 8}. Best is trial 177 with value: 0.1745950809200447.
[I 2025-03-30 12:38:27,572] Trial 267 finished with value: 0.1853979155256003 and parameters: {'learning_rate': 0.017716364460124704, 'depth': 10, 'l2_leaf_reg': 0.06301326566606667, 'min_child_samples': 8}. Best is trial 177 with value: 0.1745950809200447.
[I 2025-03-30 12:38:32,415] Trial 268 finished with value: 0.17642730673830945 and parameters: {'learning_rate': 0.018731672596408986, 'depth': 10, 'l2_leaf_reg': 6.314835303804786e-05, 'min_child_samples': 8}. Best is trial 177 with value: 0.1745950809200447.
[I 2025-03-30 12:38:38,490] Trial 269 finished with value: 0.1753207669377026 and parameters: {'learning_rate': 0.01862856801104569, 'depth': 11, 'l2_leaf_reg': 0.0009988913586023672, 'min_child_samples': 8}. Best is trial 177 with value: 0.1745950809200447.
[I 2025-03-30 12:38:44,725] Trial 270 finished with value: 0.18724437976376795 and parameters: {'learning_rate': 0.01826988721189042, 'depth': 11, 'l2_leaf_reg': 0.0640558881858104, 'min_child_samples': 8}. Best is trial 177 with value: 0.1745950809200447.
[I 2025-03-30 12:38:49,845] Trial 271 finished with value: 0.19229961738451995 and parameters: {'learning_rate': 0.01860847811002687, 'depth': 10, 'l2_leaf_reg': 0.14574646165095434, 'min_child_samples': 8}. Best is trial 177 with value: 0.1745950809200447.
[I 2025-03-30 12:38:57,577] Trial 272 finished with value: 0.17802422790868533 and parameters: {'learning_rate': 0.017566034912551494, 'depth': 12, 'l2_leaf_reg': 0.0007480813951799437, 'min_child_samples': 8}. Best is trial 177 with value: 0.1745950809200447.
[I 2025-03-30 12:39:02,324] Trial 273 finished with value: 0.18949085597603463 and parameters: {'learning_rate': 0.018125270084900506, 'depth': 10, 'l2_leaf_reg': 0.10302122545931776, 'min_child_samples': 8}. Best is trial 177 with value: 0.1745950809200447.
[I 2025-03-30 12:39:06,657] Trial 274 finished with value: 0.18516038815801322 and parameters: {'learning_rate': 0.019251570920279733, 'depth': 9, 'l2_leaf_reg': 0.05920495800627781, 'min_child_samples': 8}. Best is trial 177 with value: 0.1745950809200447.
[I 2025-03-30 12:39:12,716] Trial 275 finished with value: 0.18606152854961613 and parameters: {'learning_rate': 0.018712748127362074, 'depth': 11, 'l2_leaf_reg': 0.052696970211468006, 'min_child_samples': 8}. Best is trial 177 with value: 0.1745950809200447.
[I 2025-03-30 12:39:17,696] Trial 276 finished with value: 0.192359888476819 and parameters: {'learning_rate': 0.019691820598560065, 'depth': 10, 'l2_leaf_reg': 0.176864611537773, 'min_child_samples': 8}. Best is trial 177 with value: 0.1745950809200447.
[I 2025-03-30 12:39:22,370] Trial 277 finished with value: 0.17662847994974798 and parameters: {'learning_rate': 0.01848464548064552, 'depth': 10, 'l2_leaf_reg': 0.001092312698181345, 'min_child_samples': 8}. Best is trial 177 with value: 0.1745950809200447.
[I 2025-03-30 12:39:28,588] Trial 278 finished with value: 0.19171225015037324 and parameters: {'learning_rate': 0.01787916214789767, 'depth': 11, 'l2_leaf_reg': 0.10568253202760447, 'min_child_samples': 8}. Best is trial 177 with value: 0.1745950809200447.
[I 2025-03-30 12:39:36,311] Trial 279 finished with value: 0.17722042332800636 and parameters: {'learning_rate': 0.018275997972178153, 'depth': 12, 'l2_leaf_reg': 0.0005523640454700271, 'min_child_samples': 8}. Best is trial 177 with value: 0.1745950809200447.
[I 2025-03-30 12:39:40,345] Trial 280 finished with value: 0.18544443160415006 and parameters: {'learning_rate': 0.01929668795299524, 'depth': 9, 'l2_leaf_reg': 0.05922746989929857, 'min_child_samples': 8}. Best is trial 177 with value: 0.1745950809200447.
[I 2025-03-30 12:39:45,399] Trial 281 finished with value: 0.1918269147593912 and parameters: {'learning_rate': 0.018481370615470668, 'depth': 10, 'l2_leaf_reg': 0.14651157318638008, 'min_child_samples': 8}. Best is trial 177 with value: 0.1745950809200447.
[I 2025-03-30 12:39:51,419] Trial 282 finished with value: 0.18715428824134647 and parameters: {'learning_rate': 0.017352092865317432, 'depth': 11, 'l2_leaf_reg': 0.0595059123963696, 'min_child_samples': 8}. Best is trial 177 with value: 0.1745950809200447.
[I 2025-03-30 12:39:57,295] Trial 283 finished with value: 0.1906167824908947 and parameters: {'learning_rate': 0.01978062548832003, 'depth': 11, 'l2_leaf_reg': 0.11916016099105062, 'min_child_samples': 8}. Best is trial 177 with value: 0.1745950809200447.
[I 2025-03-30 12:40:02,241] Trial 284 finished with value: 0.24779787192595917 and parameters: {'learning_rate': 0.01886030657977846, 'depth': 10, 'l2_leaf_reg': 1.9542214219431355, 'min_child_samples': 32}. Best is trial 177 with value: 0.1745950809200447.
[I 2025-03-30 12:40:07,857] Trial 285 finished with value: 0.2417328804931031 and parameters: {'learning_rate': 0.01925609290606813, 'depth': 11, 'l2_leaf_reg': 1.442703907541544, 'min_child_samples': 8}. Best is trial 177 with value: 0.1745950809200447.
[I 2025-03-30 12:40:12,687] Trial 286 finished with value: 0.26290648319312343 and parameters: {'learning_rate': 0.017936672282782642, 'depth': 10, 'l2_leaf_reg': 2.4461233988348168, 'min_child_samples': 4}. Best is trial 177 with value: 0.1745950809200447.
[I 2025-03-30 12:40:17,699] Trial 287 finished with value: 0.2188258651379733 and parameters: {'learning_rate': 0.01844146264059754, 'depth': 10, 'l2_leaf_reg': 0.7710090834975327, 'min_child_samples': 8}. Best is trial 177 with value: 0.1745950809200447.
[I 2025-03-30 12:40:22,170] Trial 288 finished with value: 0.18480915214127727 and parameters: {'learning_rate': 0.019988229007461594, 'depth': 9, 'l2_leaf_reg': 0.06059169020739843, 'min_child_samples': 8}. Best is trial 177 with value: 0.1745950809200447.
[I 2025-03-30 12:40:28,386] Trial 289 finished with value: 0.19671294749978785 and parameters: {'learning_rate': 0.019017181090204095, 'depth': 11, 'l2_leaf_reg': 0.1917804875207698, 'min_child_samples': 8}. Best is trial 177 with value: 0.1745950809200447.
[I 2025-03-30 12:40:32,252] Trial 290 finished with value: 0.18650315853696653 and parameters: {'learning_rate': 0.019376630699213162, 'depth': 8, 'l2_leaf_reg': 0.0009221362626537832, 'min_child_samples': 8}. Best is trial 177 with value: 0.1745950809200447.
[I 2025-03-30 12:40:37,342] Trial 291 finished with value: 0.18979441787803553 and parameters: {'learning_rate': 0.01863467171826007, 'depth': 10, 'l2_leaf_reg': 0.12175445697492474, 'min_child_samples': 8}. Best is trial 177 with value: 0.1745950809200447.
[I 2025-03-30 12:40:44,354] Trial 292 finished with value: 0.24793974100775773 and parameters: {'learning_rate': 0.019616625798137072, 'depth': 12, 'l2_leaf_reg': 1.6036531659761852, 'min_child_samples': 8}. Best is trial 177 with value: 0.1745950809200447.
[I 2025-03-30 12:40:50,376] Trial 293 finished with value: 0.18575733469230862 and parameters: {'learning_rate': 0.019034120014019038, 'depth': 11, 'l2_leaf_reg': 0.06287060012917528, 'min_child_samples': 8}. Best is trial 177 with value: 0.1745950809200447.
[I 2025-03-30 12:40:55,471] Trial 294 finished with value: 0.19741570274621165 and parameters: {'learning_rate': 0.018127705838627085, 'depth': 10, 'l2_leaf_reg': 0.2337522584561582, 'min_child_samples': 8}. Best is trial 177 with value: 0.1745950809200447.
[I 2025-03-30 12:41:01,445] Trial 295 finished with value: 0.1847089918259103 and parameters: {'learning_rate': 0.018751484774835993, 'depth': 11, 'l2_leaf_reg': 0.047862637218277625, 'min_child_samples': 8}. Best is trial 177 with value: 0.1745950809200447.
[I 2025-03-30 12:41:06,434] Trial 296 finished with value: 0.18884520544078529 and parameters: {'learning_rate': 0.019394580162561518, 'depth': 10, 'l2_leaf_reg': 0.11478487889616681, 'min_child_samples': 8}. Best is trial 177 with value: 0.1745950809200447.
[I 2025-03-30 12:41:12,429] Trial 297 finished with value: 0.17645177162763276 and parameters: {'learning_rate': 0.01771768922187678, 'depth': 11, 'l2_leaf_reg': 0.0008968373084216582, 'min_child_samples': 8}. Best is trial 177 with value: 0.1745950809200447.
[I 2025-03-30 12:41:18,372] Trial 298 finished with value: 0.18798341906045649 and parameters: {'learning_rate': 0.017418338580998043, 'depth': 11, 'l2_leaf_reg': 0.06070139106646529, 'min_child_samples': 8}. Best is trial 177 with value: 0.1745950809200447.
[I 2025-03-30 12:41:26,006] Trial 299 finished with value: 0.17782046430996176 and parameters: {'learning_rate': 0.017773276653032792, 'depth': 12, 'l2_leaf_reg': 0.0003961893358986554, 'min_child_samples': 8}. Best is trial 177 with value: 0.1745950809200447.
2025-03-30 12:41:26,006 - __main__ - INFO - Best RMSE: 0.1746
2025-03-30 12:41:26,006 - __main__ - INFO - Best parameters: {'learning_rate': 0.01928606142199174, 'depth': 11, 'l2_leaf_reg': 7.196249389649256e-05, 'min_child_samples': 8}
2025-03-30 12:41:26,006 - __main__ - INFO - {'learning_rate': 0.01928606142199174, 'depth': 11, 'l2_leaf_reg': 7.196249389649256e-05, 'min_child_samples': 8, 'grow_policy': 'SymmetricTree', 'iterations': 1000, 'use_best_model': True, 'eval_metric': 'RMSE', 'loss_function': 'RMSE', 'od_type': 'iter', 'od_wait': 20, 'task_type': 'GPU', 'random_state': 42, 'logging_level': 'Silent'}
2025-03-30 12:41:26,006 - __main__ - INFO - Starting c_std_y optimization...
2025-03-30 12:41:26,187 - __main__ - INFO - Starting hyperparameter optimization for c_std_y
[I 2025-03-30 12:41:26,189] A new study created in memory with name: catboost-c_std_y-seed42
[I 2025-03-30 12:41:28,589] Trial 0 finished with value: 1.2789540993671216 and parameters: {'learning_rate': 0.010854605386280436, 'depth': 5, 'l2_leaf_reg': 2.182695543051452, 'min_child_samples': 8}. Best is trial 0 with value: 1.2789540993671216.
[I 2025-03-30 12:41:55,774] Trial 1 finished with value: 1.4794420392744319 and parameters: {'learning_rate': 0.01950170736252208, 'depth': 15, 'l2_leaf_reg': 1.4493053226573474, 'min_child_samples': 8}. Best is trial 0 with value: 1.2789540993671216.
[I 2025-03-30 12:42:00,288] Trial 2 finished with value: 2.412519111086509 and parameters: {'learning_rate': 0.002318086247827431, 'depth': 16, 'l2_leaf_reg': 2.6120420846213417, 'min_child_samples': 4}. Best is trial 0 with value: 1.2789540993671216.
[I 2025-03-30 12:42:06,139] Trial 3 finished with value: 1.212227239518919 and parameters: {'learning_rate': 0.0155329316062444, 'depth': 11, 'l2_leaf_reg': 1.0967371111954112, 'min_child_samples': 1}. Best is trial 3 with value: 1.212227239518919.
[I 2025-03-30 12:42:08,982] Trial 4 finished with value: 1.1710169727781927 and parameters: {'learning_rate': 0.013728195552609635, 'depth': 6, 'l2_leaf_reg': 1.1789260243809923, 'min_child_samples': 1}. Best is trial 4 with value: 1.1710169727781927.
[I 2025-03-30 12:42:13,699] Trial 5 finished with value: 1.1849547186918947 and parameters: {'learning_rate': 0.017901177263904448, 'depth': 10, 'l2_leaf_reg': 1.5245585129986923, 'min_child_samples': 1}. Best is trial 4 with value: 1.1710169727781927.
[I 2025-03-30 12:42:20,551] Trial 6 finished with value: 1.5060617717547986 and parameters: {'learning_rate': 0.010916878569071467, 'depth': 12, 'l2_leaf_reg': 2.335801126230963, 'min_child_samples': 16}. Best is trial 4 with value: 1.1710169727781927.
[I 2025-03-30 12:42:29,743] Trial 7 finished with value: 1.4947785093513335 and parameters: {'learning_rate': 0.00980343001938316, 'depth': 13, 'l2_leaf_reg': 1.2914395776632053, 'min_child_samples': 8}. Best is trial 4 with value: 1.1710169727781927.
[I 2025-03-30 12:42:33,278] Trial 8 finished with value: 1.2244910630617754 and parameters: {'learning_rate': 0.011925828926696382, 'depth': 8, 'l2_leaf_reg': 1.7389647720303718, 'min_child_samples': 16}. Best is trial 4 with value: 1.1710169727781927.
[I 2025-03-30 12:42:36,775] Trial 9 finished with value: 1.1707257807980627 and parameters: {'learning_rate': 0.014406248815793141, 'depth': 8, 'l2_leaf_reg': 1.4028029771522394, 'min_child_samples': 16}. Best is trial 9 with value: 1.1707257807980627.
[I 2025-03-30 12:42:40,175] Trial 10 finished with value: 1.2078558286391619 and parameters: {'learning_rate': 0.00600863677996062, 'depth': 7, 'l2_leaf_reg': 0.22211021561955446, 'min_child_samples': 32}. Best is trial 9 with value: 1.1707257807980627.
[I 2025-03-30 12:42:41,909] Trial 11 finished with value: 1.7481549250241901 and parameters: {'learning_rate': 0.015189953829923698, 'depth': 1, 'l2_leaf_reg': 0.6124649242226429, 'min_child_samples': 1}. Best is trial 9 with value: 1.1707257807980627.
[I 2025-03-30 12:42:44,632] Trial 12 finished with value: 1.260048426119417 and parameters: {'learning_rate': 0.014538836627473305, 'depth': 4, 'l2_leaf_reg': 0.7860171138062338, 'min_child_samples': 16}. Best is trial 9 with value: 1.1707257807980627.
[I 2025-03-30 12:42:47,294] Trial 13 finished with value: 1.4209988818703774 and parameters: {'learning_rate': 0.006141187607032871, 'depth': 5, 'l2_leaf_reg': 1.8994354192595746, 'min_child_samples': 32}. Best is trial 9 with value: 1.1707257807980627.
[I 2025-03-30 12:42:49,191] Trial 14 finished with value: 1.575042895272132 and parameters: {'learning_rate': 0.017312807776897136, 'depth': 2, 'l2_leaf_reg': 1.0048951833244009, 'min_child_samples': 4}. Best is trial 9 with value: 1.1707257807980627.
[I 2025-03-30 12:42:52,659] Trial 15 finished with value: 1.2485322245611972 and parameters: {'learning_rate': 0.013190153885818645, 'depth': 7, 'l2_leaf_reg': 2.9434121160646423, 'min_child_samples': 1}. Best is trial 9 with value: 1.1707257807980627.
[I 2025-03-30 12:42:56,735] Trial 16 finished with value: 1.1402773120213086 and parameters: {'learning_rate': 0.00876481544485351, 'depth': 9, 'l2_leaf_reg': 0.34221861766353756, 'min_child_samples': 16}. Best is trial 16 with value: 1.1402773120213086.
[I 2025-03-30 12:43:00,872] Trial 17 finished with value: 1.0590270028459028 and parameters: {'learning_rate': 0.008073254451610468, 'depth': 9, 'l2_leaf_reg': 0.037399304484492024, 'min_child_samples': 16}. Best is trial 17 with value: 1.0590270028459028.
[I 2025-03-30 12:43:05,653] Trial 18 finished with value: 1.0689145185424547 and parameters: {'learning_rate': 0.00786333410079418, 'depth': 10, 'l2_leaf_reg': 0.06926769524281458, 'min_child_samples': 16}. Best is trial 17 with value: 1.0590270028459028.
[I 2025-03-30 12:43:22,885] Trial 19 finished with value: 2.783374466172688 and parameters: {'learning_rate': 0.0008271916867125121, 'depth': 14, 'l2_leaf_reg': 0.018626235660055855, 'min_child_samples': 16}. Best is trial 17 with value: 1.0590270028459028.
[I 2025-03-30 12:43:27,688] Trial 20 finished with value: 1.2584496460490775 and parameters: {'learning_rate': 0.007061180135089326, 'depth': 10, 'l2_leaf_reg': 0.5117369290474773, 'min_child_samples': 16}. Best is trial 17 with value: 1.0590270028459028.
[I 2025-03-30 12:43:32,218] Trial 21 finished with value: 1.1267675552168197 and parameters: {'learning_rate': 0.009142174201682765, 'depth': 10, 'l2_leaf_reg': 0.27477370668778245, 'min_child_samples': 16}. Best is trial 17 with value: 1.0590270028459028.
[I 2025-03-30 12:43:39,471] Trial 22 finished with value: 1.1529614516089495 and parameters: {'learning_rate': 0.004724687500858201, 'depth': 12, 'l2_leaf_reg': 0.021285763481945424, 'min_child_samples': 16}. Best is trial 17 with value: 1.0590270028459028.
[I 2025-03-30 12:43:44,095] Trial 23 finished with value: 1.1485565104250524 and parameters: {'learning_rate': 0.008340623401832366, 'depth': 10, 'l2_leaf_reg': 0.29015512662606424, 'min_child_samples': 16}. Best is trial 17 with value: 1.0590270028459028.
[I 2025-03-30 12:43:48,043] Trial 24 finished with value: 1.5634392714012348 and parameters: {'learning_rate': 0.004177186785700093, 'depth': 9, 'l2_leaf_reg': 0.7889793654217168, 'min_child_samples': 16}. Best is trial 17 with value: 1.0590270028459028.
[I 2025-03-30 12:43:55,389] Trial 25 finished with value: 1.3086874518963036 and parameters: {'learning_rate': 0.008247981184243068, 'depth': 12, 'l2_leaf_reg': 0.5020777097228244, 'min_child_samples': 32}. Best is trial 17 with value: 1.0590270028459028.
