2025-03-04 21:15:38,110 - __main__ - INFO - Loading data...
2025-03-04 21:15:40,741 - __main__ - INFO - Loaded data from /app/nse/ml/output_19_01_2025_2: X shape=(2322432, 10), y shape=(2322432, 4)
2025-03-04 21:15:40,741 - __main__ - INFO - Preprocessing and splitting data...
2025-03-04 21:15:44,379 - __main__ - INFO - Starting hyperparameter optimization...
2025-03-04 21:15:44,379 - __main__ - INFO - Starting hyperparameter optimization for c_delta_y
[I 2025-03-04 21:15:44,380] A new study created in memory with name: catboost-c_delta_y-seed42
[I 2025-03-04 21:15:46,455] Trial 0 finished with value: 2.0244737892026663 and parameters: {'learning_rate': 0.015626077786296814, 'depth': 4, 'l2_leaf_reg': 2.254164041243181, 'min_child_samples': 16}. Best is trial 0 with value: 2.0244737892026663.
[I 2025-03-04 21:15:51,064] Trial 1 finished with value: 2.0123434278846206 and parameters: {'learning_rate': 0.012689903375666963, 'depth': 12, 'l2_leaf_reg': 2.4031348154805316, 'min_child_samples': 32}. Best is trial 1 with value: 2.0123434278846206.
[I 2025-03-04 21:15:53,485] Trial 2 finished with value: 2.0139522811248316 and parameters: {'learning_rate': 0.004563241151911591, 'depth': 7, 'l2_leaf_reg': 2.5555715517826783, 'min_child_samples': 8}. Best is trial 1 with value: 2.0123434278846206.
[I 2025-03-04 21:16:06,675] Trial 3 finished with value: 2.0225229920834757 and parameters: {'learning_rate': 0.004568328075241988, 'depth': 14, 'l2_leaf_reg': 0.8393703863610934, 'min_child_samples': 32}. Best is trial 1 with value: 2.0123434278846206.
[I 2025-03-04 21:16:14,726] Trial 4 finished with value: 2.012980790105134 and parameters: {'learning_rate': 0.005424115884025737, 'depth': 13, 'l2_leaf_reg': 0.8086935744444179, 'min_child_samples': 8}. Best is trial 1 with value: 2.0123434278846206.
[I 2025-03-04 21:16:17,233] Trial 5 finished with value: 2.054707197672621 and parameters: {'learning_rate': 0.002431852127210074, 'depth': 6, 'l2_leaf_reg': 1.4561509807525483, 'min_child_samples': 1}. Best is trial 1 with value: 2.0123434278846206.
[I 2025-03-04 21:16:18,864] Trial 6 finished with value: 2.0544068614961204 and parameters: {'learning_rate': 0.010041044942616775, 'depth': 2, 'l2_leaf_reg': 2.310563348043949, 'min_child_samples': 32}. Best is trial 1 with value: 2.0123434278846206.
[I 2025-03-04 21:16:20,913] Trial 7 finished with value: 2.004409355200639 and parameters: {'learning_rate': 0.017608079266785346, 'depth': 7, 'l2_leaf_reg': 1.9559813676162212, 'min_child_samples': 32}. Best is trial 7 with value: 2.004409355200639.
[I 2025-03-04 21:16:23,146] Trial 8 finished with value: 2.0304817221390437 and parameters: {'learning_rate': 0.004086426640233024, 'depth': 5, 'l2_leaf_reg': 2.9683302498425554, 'min_child_samples': 1}. Best is trial 7 with value: 2.004409355200639.
[I 2025-03-04 21:16:24,760] Trial 9 finished with value: 2.1642913605917817 and parameters: {'learning_rate': 0.0005335046602352315, 'depth': 1, 'l2_leaf_reg': 2.9580643788578347, 'min_child_samples': 4}. Best is trial 7 with value: 2.004409355200639.
[I 2025-03-04 21:16:27,404] Trial 10 finished with value: 2.0028444690553635 and parameters: {'learning_rate': 0.019781943561798337, 'depth': 10, 'l2_leaf_reg': 0.0791749364722798, 'min_child_samples': 4}. Best is trial 10 with value: 2.0028444690553635.
[I 2025-03-04 21:16:30,901] Trial 11 finished with value: 2.0019680669510427 and parameters: {'learning_rate': 0.01978068791196269, 'depth': 11, 'l2_leaf_reg': 0.07551936004219725, 'min_child_samples': 4}. Best is trial 11 with value: 2.0019680669510427.
[I 2025-03-04 21:16:34,051] Trial 12 finished with value: 2.0048863226800075 and parameters: {'learning_rate': 0.01984026227738216, 'depth': 11, 'l2_leaf_reg': 0.20583141640423794, 'min_child_samples': 4}. Best is trial 11 with value: 2.0019680669510427.
[I 2025-03-04 21:17:00,205] Trial 13 finished with value: 2.03077444317314 and parameters: {'learning_rate': 0.019890671666125598, 'depth': 16, 'l2_leaf_reg': 0.2652708785515546, 'min_child_samples': 4}. Best is trial 11 with value: 2.0019680669510427.
[I 2025-03-04 21:17:03,305] Trial 14 finished with value: 2.0014968088324103 and parameters: {'learning_rate': 0.014200334527086553, 'depth': 10, 'l2_leaf_reg': 0.6381235813553533, 'min_child_samples': 4}. Best is trial 14 with value: 2.0014968088324103.
[I 2025-03-04 21:17:06,215] Trial 15 finished with value: 2.007188628206584 and parameters: {'learning_rate': 0.013691460548198467, 'depth': 9, 'l2_leaf_reg': 0.7811178277049841, 'min_child_samples': 4}. Best is trial 14 with value: 2.0014968088324103.
[I 2025-03-04 21:17:29,171] Trial 16 finished with value: 2.025713578406747 and parameters: {'learning_rate': 0.008821100376646107, 'depth': 15, 'l2_leaf_reg': 0.521668156197024, 'min_child_samples': 16}. Best is trial 14 with value: 2.0014968088324103.
[I 2025-03-04 21:17:31,616] Trial 17 finished with value: 2.0040283305743407 and parameters: {'learning_rate': 0.016096810398753665, 'depth': 9, 'l2_leaf_reg': 1.2770622395363962, 'min_child_samples': 4}. Best is trial 14 with value: 2.0014968088324103.
[I 2025-03-04 21:17:35,713] Trial 18 finished with value: 2.008132297233398 and parameters: {'learning_rate': 0.012712559671618988, 'depth': 11, 'l2_leaf_reg': 1.1055858938184988, 'min_child_samples': 4}. Best is trial 14 with value: 2.0014968088324103.
[I 2025-03-04 21:17:42,287] Trial 19 finished with value: 2.009496741486183 and parameters: {'learning_rate': 0.017281314919806032, 'depth': 13, 'l2_leaf_reg': 0.4867323428424415, 'min_child_samples': 4}. Best is trial 14 with value: 2.0014968088324103.
[I 2025-03-04 21:17:45,271] Trial 20 finished with value: 2.0033737487432206 and parameters: {'learning_rate': 0.014623395010006666, 'depth': 10, 'l2_leaf_reg': 1.7700863448535404, 'min_child_samples': 16}. Best is trial 14 with value: 2.0014968088324103.
[I 2025-03-04 21:17:48,634] Trial 21 finished with value: 1.9994890189621548 and parameters: {'learning_rate': 0.01861585409944176, 'depth': 10, 'l2_leaf_reg': 0.0019063164443598318, 'min_child_samples': 4}. Best is trial 21 with value: 1.9994890189621548.
[I 2025-03-04 21:17:50,985] Trial 22 finished with value: 2.0076086864588323 and parameters: {'learning_rate': 0.017905795956860007, 'depth': 8, 'l2_leaf_reg': 0.017211421431969964, 'min_child_samples': 4}. Best is trial 21 with value: 1.9994890189621548.
[I 2025-03-04 21:17:54,412] Trial 23 finished with value: 2.0129140477390735 and parameters: {'learning_rate': 0.01805986772229338, 'depth': 11, 'l2_leaf_reg': 0.4294667370318979, 'min_child_samples': 4}. Best is trial 21 with value: 1.9994890189621548.
[I 2025-03-04 21:17:57,393] Trial 24 finished with value: 2.007883608251957 and parameters: {'learning_rate': 0.007636631556975741, 'depth': 8, 'l2_leaf_reg': 0.5987210557380149, 'min_child_samples': 4}. Best is trial 21 with value: 1.9994890189621548.
[I 2025-03-04 21:18:02,201] Trial 25 finished with value: 2.010519657399603 and parameters: {'learning_rate': 0.011557156268156638, 'depth': 12, 'l2_leaf_reg': 0.27149425685283785, 'min_child_samples': 8}. Best is trial 21 with value: 1.9994890189621548.
[I 2025-03-04 21:18:04,974] Trial 26 finished with value: 2.0087526182917186 and parameters: {'learning_rate': 0.016099076494705076, 'depth': 10, 'l2_leaf_reg': 0.9051180746470784, 'min_child_samples': 1}. Best is trial 21 with value: 1.9994890189621548.
[I 2025-03-04 21:18:10,844] Trial 27 finished with value: 2.0199583565871593 and parameters: {'learning_rate': 0.01844822239897113, 'depth': 13, 'l2_leaf_reg': 0.02097830330304498, 'min_child_samples': 4}. Best is trial 21 with value: 1.9994890189621548.
[I 2025-03-04 21:18:12,978] Trial 28 finished with value: 2.0060826956844084 and parameters: {'learning_rate': 0.015089527832475035, 'depth': 7, 'l2_leaf_reg': 0.3490908997867445, 'min_child_samples': 4}. Best is trial 21 with value: 1.9994890189621548.
[I 2025-03-04 21:18:14,631] Trial 29 finished with value: 2.028975795164451 and parameters: {'learning_rate': 0.016440740363355428, 'depth': 3, 'l2_leaf_reg': 1.0619536313688904, 'min_child_samples': 16}. Best is trial 21 with value: 1.9994890189621548.
[I 2025-03-04 21:18:17,591] Trial 30 finished with value: 2.0075237333697826 and parameters: {'learning_rate': 0.014057694568851444, 'depth': 9, 'l2_leaf_reg': 0.6412534533891534, 'min_child_samples': 4}. Best is trial 21 with value: 1.9994890189621548.
[I 2025-03-04 21:18:20,456] Trial 31 finished with value: 2.007901222493155 and parameters: {'learning_rate': 0.019857778663249535, 'depth': 10, 'l2_leaf_reg': 0.017180216229394012, 'min_child_samples': 4}. Best is trial 21 with value: 1.9994890189621548.
[I 2025-03-04 21:18:24,492] Trial 32 finished with value: 2.012050438811417 and parameters: {'learning_rate': 0.018978265049994437, 'depth': 12, 'l2_leaf_reg': 0.1818696238549382, 'min_child_samples': 4}. Best is trial 21 with value: 1.9994890189621548.
[I 2025-03-04 21:18:27,377] Trial 33 finished with value: 2.003002704630425 and parameters: {'learning_rate': 0.01659219950165091, 'depth': 10, 'l2_leaf_reg': 0.15157856434509814, 'min_child_samples': 4}. Best is trial 21 with value: 1.9994890189621548.
[I 2025-03-04 21:18:30,774] Trial 34 finished with value: 2.006071243302764 and parameters: {'learning_rate': 0.018832354335259958, 'depth': 11, 'l2_leaf_reg': 0.32963019219154877, 'min_child_samples': 8}. Best is trial 21 with value: 1.9994890189621548.
[I 2025-03-04 21:18:41,272] Trial 35 finished with value: 2.0244070212440333 and parameters: {'learning_rate': 0.013136760151392791, 'depth': 14, 'l2_leaf_reg': 0.6359042726732438, 'min_child_samples': 32}. Best is trial 21 with value: 1.9994890189621548.
[I 2025-03-04 21:18:45,830] Trial 36 finished with value: 2.0106825926315666 and parameters: {'learning_rate': 0.015541146775928945, 'depth': 12, 'l2_leaf_reg': 0.12766381473541882, 'min_child_samples': 1}. Best is trial 21 with value: 1.9994890189621548.
[I 2025-03-04 21:18:48,184] Trial 37 finished with value: 2.0116010755499705 and parameters: {'learning_rate': 0.011075695472015139, 'depth': 6, 'l2_leaf_reg': 0.3829491303393832, 'min_child_samples': 4}. Best is trial 21 with value: 1.9994890189621548.
[I 2025-03-04 21:18:50,580] Trial 38 finished with value: 2.008482633075221 and parameters: {'learning_rate': 0.017015219884308323, 'depth': 8, 'l2_leaf_reg': 0.7322900983213391, 'min_child_samples': 8}. Best is trial 21 with value: 1.9994890189621548.
[I 2025-03-04 21:18:52,275] Trial 39 finished with value: 2.0172498735143445 and parameters: {'learning_rate': 0.018945944566949813, 'depth': 6, 'l2_leaf_reg': 0.971580371400429, 'min_child_samples': 32}. Best is trial 21 with value: 1.9994890189621548.
[I 2025-03-04 21:19:03,999] Trial 40 finished with value: 2.0247550677081967 and parameters: {'learning_rate': 0.011957985205883457, 'depth': 14, 'l2_leaf_reg': 1.7277238053060189, 'min_child_samples': 16}. Best is trial 21 with value: 1.9994890189621548.
[I 2025-03-04 21:19:07,069] Trial 41 finished with value: 2.006589594627798 and parameters: {'learning_rate': 0.016976976408271435, 'depth': 10, 'l2_leaf_reg': 0.16617634701956968, 'min_child_samples': 4}. Best is trial 21 with value: 1.9994890189621548.
[I 2025-03-04 21:19:09,363] Trial 42 finished with value: 2.014317059266407 and parameters: {'learning_rate': 0.01870981853587687, 'depth': 9, 'l2_leaf_reg': 0.0017320362696004454, 'min_child_samples': 4}. Best is trial 21 with value: 1.9994890189621548.
[I 2025-03-04 21:19:12,378] Trial 43 finished with value: 2.004590920830399 and parameters: {'learning_rate': 0.01765416710854264, 'depth': 10, 'l2_leaf_reg': 0.17440636943046656, 'min_child_samples': 4}. Best is trial 21 with value: 1.9994890189621548.
[I 2025-03-04 21:19:15,798] Trial 44 finished with value: 2.0070445212368946 and parameters: {'learning_rate': 0.01948614457687927, 'depth': 11, 'l2_leaf_reg': 0.4538679239923475, 'min_child_samples': 4}. Best is trial 21 with value: 1.9994890189621548.
[I 2025-03-04 21:19:19,925] Trial 45 finished with value: 2.0123956908978227 and parameters: {'learning_rate': 0.014673101862887138, 'depth': 12, 'l2_leaf_reg': 0.3164162525402675, 'min_child_samples': 4}. Best is trial 21 with value: 1.9994890189621548.
[I 2025-03-04 21:19:22,257] Trial 46 finished with value: 2.006234930140713 and parameters: {'learning_rate': 0.015752503578555063, 'depth': 7, 'l2_leaf_reg': 2.1335676937303494, 'min_child_samples': 1}. Best is trial 21 with value: 1.9994890189621548.
[I 2025-03-04 21:19:28,473] Trial 47 finished with value: 2.0145754405553262 and parameters: {'learning_rate': 0.017996091306870875, 'depth': 13, 'l2_leaf_reg': 0.1158773764640636, 'min_child_samples': 4}. Best is trial 21 with value: 1.9994890189621548.
[I 2025-03-04 21:19:31,110] Trial 48 finished with value: 2.009421625354638 and parameters: {'learning_rate': 0.01671651218288017, 'depth': 9, 'l2_leaf_reg': 1.28906424260605, 'min_child_samples': 32}. Best is trial 21 with value: 1.9994890189621548.
[I 2025-03-04 21:19:34,617] Trial 49 finished with value: 2.006115288827295 and parameters: {'learning_rate': 0.019415188792081157, 'depth': 11, 'l2_leaf_reg': 2.7557518156847673, 'min_child_samples': 4}. Best is trial 21 with value: 1.9994890189621548.
[I 2025-03-04 21:19:38,386] Trial 50 finished with value: 2.003259256899136 and parameters: {'learning_rate': 0.007643578897328036, 'depth': 10, 'l2_leaf_reg': 0.53180000423859, 'min_child_samples': 4}. Best is trial 21 with value: 1.9994890189621548.
[I 2025-03-04 21:19:42,326] Trial 51 finished with value: 2.005971740269776 and parameters: {'learning_rate': 0.006523296852358667, 'depth': 10, 'l2_leaf_reg': 0.505282436778903, 'min_child_samples': 4}. Best is trial 21 with value: 1.9994890189621548.
[I 2025-03-04 21:19:45,284] Trial 52 finished with value: 2.002595182845823 and parameters: {'learning_rate': 0.009272269628503511, 'depth': 8, 'l2_leaf_reg': 0.10563783150014715, 'min_child_samples': 4}. Best is trial 21 with value: 1.9994890189621548.
[I 2025-03-04 21:19:48,055] Trial 53 finished with value: 2.008506262730812 and parameters: {'learning_rate': 0.009776378078575336, 'depth': 8, 'l2_leaf_reg': 0.22117988286401435, 'min_child_samples': 4}. Best is trial 21 with value: 1.9994890189621548.
[I 2025-03-04 21:19:51,295] Trial 54 finished with value: 2.00637680808585 and parameters: {'learning_rate': 0.010636792047760609, 'depth': 9, 'l2_leaf_reg': 0.1336941514444471, 'min_child_samples': 4}. Best is trial 21 with value: 1.9994890189621548.
[I 2025-03-04 21:19:54,209] Trial 55 finished with value: 2.004549492938203 and parameters: {'learning_rate': 0.009015008649229545, 'depth': 8, 'l2_leaf_reg': 0.27179981665432357, 'min_child_samples': 4}. Best is trial 21 with value: 1.9994890189621548.
[I 2025-03-04 21:19:57,615] Trial 56 finished with value: 2.00414680901161 and parameters: {'learning_rate': 0.018160855651939336, 'depth': 11, 'l2_leaf_reg': 0.08518131401514233, 'min_child_samples': 8}. Best is trial 21 with value: 1.9994890189621548.
[I 2025-03-04 21:20:00,226] Trial 57 finished with value: 2.0689299270554646 and parameters: {'learning_rate': 0.0019103263674035507, 'depth': 6, 'l2_leaf_reg': 0.37250547222856745, 'min_child_samples': 4}. Best is trial 21 with value: 1.9994890189621548.
[I 2025-03-04 21:20:02,373] Trial 58 finished with value: 2.0050269142759465 and parameters: {'learning_rate': 0.017410363211823612, 'depth': 7, 'l2_leaf_reg': 0.6914728836604098, 'min_child_samples': 16}. Best is trial 21 with value: 1.9994890189621548.
[I 2025-03-04 21:20:05,243] Trial 59 finished with value: 2.005391067482476 and parameters: {'learning_rate': 0.01380485525932507, 'depth': 9, 'l2_leaf_reg': 0.2510037299715419, 'min_child_samples': 4}. Best is trial 21 with value: 1.9994890189621548.
[I 2025-03-04 21:20:06,959] Trial 60 finished with value: 2.017505625557612 and parameters: {'learning_rate': 0.01987652900730322, 'depth': 5, 'l2_leaf_reg': 0.07847875867250498, 'min_child_samples': 1}. Best is trial 21 with value: 1.9994890189621548.
[I 2025-03-04 21:20:10,772] Trial 61 finished with value: 2.0079679879274295 and parameters: {'learning_rate': 0.007572355017381391, 'depth': 10, 'l2_leaf_reg': 0.5418426327300961, 'min_child_samples': 4}. Best is trial 21 with value: 1.9994890189621548.
[I 2025-03-04 21:20:14,386] Trial 62 finished with value: 2.0060089624105735 and parameters: {'learning_rate': 0.005700402089999676, 'depth': 10, 'l2_leaf_reg': 0.7971756644176424, 'min_child_samples': 4}. Best is trial 21 with value: 1.9994890189621548.
[I 2025-03-04 21:20:19,389] Trial 63 finished with value: 2.0074434972500512 and parameters: {'learning_rate': 0.00741663271521232, 'depth': 11, 'l2_leaf_reg': 0.4597312717509756, 'min_child_samples': 4}. Best is trial 21 with value: 1.9994890189621548.
[I 2025-03-04 21:20:22,839] Trial 64 finished with value: 2.00535036006809 and parameters: {'learning_rate': 0.008480188907313356, 'depth': 9, 'l2_leaf_reg': 0.008067128448106808, 'min_child_samples': 4}. Best is trial 21 with value: 1.9994890189621548.
[I 2025-03-04 21:20:28,266] Trial 65 finished with value: 2.011199892131916 and parameters: {'learning_rate': 0.009811382233642153, 'depth': 12, 'l2_leaf_reg': 0.5647418687812352, 'min_child_samples': 4}. Best is trial 21 with value: 1.9994890189621548.
[I 2025-03-04 21:20:32,034] Trial 66 finished with value: 2.006530490919919 and parameters: {'learning_rate': 0.0063241643231677965, 'depth': 10, 'l2_leaf_reg': 0.2474056575319317, 'min_child_samples': 4}. Best is trial 21 with value: 1.9994890189621548.
[I 2025-03-04 21:20:36,348] Trial 67 finished with value: 2.0018847237818727 and parameters: {'learning_rate': 0.012565651269085869, 'depth': 11, 'l2_leaf_reg': 0.39359976221643084, 'min_child_samples': 4}. Best is trial 21 with value: 1.9994890189621548.
[I 2025-03-04 21:20:43,662] Trial 68 finished with value: 2.0147758102235698 and parameters: {'learning_rate': 0.012233107073719829, 'depth': 13, 'l2_leaf_reg': 0.41609346402903974, 'min_child_samples': 32}. Best is trial 21 with value: 1.9994890189621548.
[I 2025-03-04 21:20:47,967] Trial 69 finished with value: 2.011957678821708 and parameters: {'learning_rate': 0.015250098339452013, 'depth': 12, 'l2_leaf_reg': 0.31537883898981744, 'min_child_samples': 4}. Best is trial 21 with value: 1.9994890189621548.
[I 2025-03-04 21:20:52,337] Trial 70 finished with value: 2.0006252258580064 and parameters: {'learning_rate': 0.012665233403038274, 'depth': 11, 'l2_leaf_reg': 0.09058934015059397, 'min_child_samples': 8}. Best is trial 21 with value: 1.9994890189621548.
[I 2025-03-04 21:20:56,119] Trial 71 finished with value: 2.0074150741265084 and parameters: {'learning_rate': 0.013390221928421962, 'depth': 11, 'l2_leaf_reg': 0.10052797959071472, 'min_child_samples': 8}. Best is trial 21 with value: 1.9994890189621548.
[I 2025-03-04 21:21:00,374] Trial 72 finished with value: 2.007520917338566 and parameters: {'learning_rate': 0.010698707542479376, 'depth': 11, 'l2_leaf_reg': 0.22880044658488077, 'min_child_samples': 8}. Best is trial 21 with value: 1.9994890189621548.
[I 2025-03-04 21:21:02,868] Trial 73 finished with value: 2.011283528101264 and parameters: {'learning_rate': 0.012694014574565192, 'depth': 8, 'l2_leaf_reg': 0.07041852292277029, 'min_child_samples': 8}. Best is trial 21 with value: 1.9994890189621548.
[I 2025-03-04 21:21:05,534] Trial 74 finished with value: 2.010238063996803 and parameters: {'learning_rate': 0.016129216888325238, 'depth': 9, 'l2_leaf_reg': 0.18365553321308198, 'min_child_samples': 8}. Best is trial 21 with value: 1.9994890189621548.
[I 2025-03-04 21:21:10,484] Trial 75 finished with value: 2.0086933612046947 and parameters: {'learning_rate': 0.011583872664378395, 'depth': 12, 'l2_leaf_reg': 0.0008691365662980149, 'min_child_samples': 16}. Best is trial 21 with value: 1.9994890189621548.
[I 2025-03-04 21:21:14,336] Trial 76 finished with value: 2.0075751653607083 and parameters: {'learning_rate': 0.014166620573066379, 'depth': 11, 'l2_leaf_reg': 0.32839751578479953, 'min_child_samples': 4}. Best is trial 21 with value: 1.9994890189621548.
[I 2025-03-04 21:21:18,170] Trial 77 finished with value: 2.019251251025377 and parameters: {'learning_rate': 0.019277170800526225, 'depth': 12, 'l2_leaf_reg': 0.16985993347886844, 'min_child_samples': 4}. Best is trial 21 with value: 1.9994890189621548.
[I 2025-03-04 21:21:20,821] Trial 78 finished with value: 2.0037128800867032 and parameters: {'learning_rate': 0.018507096148337333, 'depth': 10, 'l2_leaf_reg': 1.5678127498739034, 'min_child_samples': 8}. Best is trial 21 with value: 1.9994890189621548.
[I 2025-03-04 21:21:24,579] Trial 79 finished with value: 2.002158377303182 and parameters: {'learning_rate': 0.014703703927271567, 'depth': 11, 'l2_leaf_reg': 0.3687228705115384, 'min_child_samples': 1}. Best is trial 21 with value: 1.9994890189621548.
[I 2025-03-04 21:21:31,507] Trial 80 finished with value: 2.0162002450191414 and parameters: {'learning_rate': 0.013075031397271824, 'depth': 13, 'l2_leaf_reg': 0.8752117028827394, 'min_child_samples': 1}. Best is trial 21 with value: 1.9994890189621548.
[I 2025-03-04 21:21:32,918] Trial 81 finished with value: 2.0803378276075186 and parameters: {'learning_rate': 0.014996873774316426, 'depth': 1, 'l2_leaf_reg': 0.41609501076511923, 'min_child_samples': 1}. Best is trial 21 with value: 1.9994890189621548.
[I 2025-03-04 21:21:36,692] Trial 82 finished with value: 2.004936472486047 and parameters: {'learning_rate': 0.014262597897731995, 'depth': 11, 'l2_leaf_reg': 0.10577169540301473, 'min_child_samples': 1}. Best is trial 21 with value: 1.9994890189621548.
[I 2025-03-04 21:21:39,685] Trial 83 finished with value: 2.005228265126311 and parameters: {'learning_rate': 0.014548297939279316, 'depth': 10, 'l2_leaf_reg': 0.3042498381430655, 'min_child_samples': 1}. Best is trial 21 with value: 1.9994890189621548.
