[I 2025-03-04 21:36:13,112] Trial 425 finished with value: 2.0043063871192492 and parameters: {'learning_rate': 0.013009305883131319, 'depth': 11, 'l2_leaf_reg': 0.17554267266055407, 'min_child_samples': 8}. Best is trial 145 with value: 1.9973311923875388.
[I 2025-03-04 21:36:14,689] Trial 426 finished with value: 2.0057166458390387 and parameters: {'learning_rate': 0.01857477328693753, 'depth': 9, 'l2_leaf_reg': 0.0666539844583876, 'min_child_samples': 32}. Best is trial 145 with value: 1.9973311923875388.
[I 2025-03-04 21:36:16,380] Trial 427 finished with value: 2.005098164679118 and parameters: {'learning_rate': 0.019989063239261414, 'depth': 10, 'l2_leaf_reg': 2.2225432463887516, 'min_child_samples': 4}. Best is trial 145 with value: 1.9973311923875388.
[I 2025-03-04 21:36:18,641] Trial 428 finished with value: 2.000467294536752 and parameters: {'learning_rate': 0.01228816488424922, 'depth': 10, 'l2_leaf_reg': 0.1160583350439644, 'min_child_samples': 32}. Best is trial 145 with value: 1.9973311923875388.
[I 2025-03-04 21:36:22,169] Trial 429 finished with value: 2.010738909195694 and parameters: {'learning_rate': 0.012472323214516384, 'depth': 12, 'l2_leaf_reg': 0.21511090901431917, 'min_child_samples': 32}. Best is trial 145 with value: 1.9973311923875388.
[I 2025-03-04 21:36:23,976] Trial 430 finished with value: 2.0093207923711303 and parameters: {'learning_rate': 0.012457834145592298, 'depth': 10, 'l2_leaf_reg': 0.31937772584260415, 'min_child_samples': 4}. Best is trial 145 with value: 1.9973311923875388.
[I 2025-03-04 21:36:26,218] Trial 431 finished with value: 2.0019896437062856 and parameters: {'learning_rate': 0.012778898952891263, 'depth': 10, 'l2_leaf_reg': 0.13764703489743582, 'min_child_samples': 1}. Best is trial 145 with value: 1.9973311923875388.
[I 2025-03-04 21:36:28,560] Trial 432 finished with value: 1.9990338242554417 and parameters: {'learning_rate': 0.01183535665305655, 'depth': 10, 'l2_leaf_reg': 2.321341803960438, 'min_child_samples': 32}. Best is trial 145 with value: 1.9973311923875388.
[I 2025-03-04 21:36:30,972] Trial 433 finished with value: 2.0050185266146254 and parameters: {'learning_rate': 0.01146771215812567, 'depth': 11, 'l2_leaf_reg': 2.383709456789458, 'min_child_samples': 32}. Best is trial 145 with value: 1.9973311923875388.
[I 2025-03-04 21:36:33,150] Trial 434 finished with value: 2.0034208312374124 and parameters: {'learning_rate': 0.011942813322942001, 'depth': 10, 'l2_leaf_reg': 2.551463278627484, 'min_child_samples': 32}. Best is trial 145 with value: 1.9973311923875388.
[I 2025-03-04 21:36:35,417] Trial 435 finished with value: 2.0067579835722533 and parameters: {'learning_rate': 0.012112173207645535, 'depth': 10, 'l2_leaf_reg': 0.27092402537342225, 'min_child_samples': 32}. Best is trial 145 with value: 1.9973311923875388.
[I 2025-03-04 21:36:38,174] Trial 436 finished with value: 2.007548706486158 and parameters: {'learning_rate': 0.011470479976907848, 'depth': 11, 'l2_leaf_reg': 0.05752596296930329, 'min_child_samples': 32}. Best is trial 145 with value: 1.9973311923875388.
[I 2025-03-04 21:36:40,705] Trial 437 finished with value: 1.9981130883380245 and parameters: {'learning_rate': 0.011866223951815979, 'depth': 10, 'l2_leaf_reg': 2.3231941588817895, 'min_child_samples': 32}. Best is trial 145 with value: 1.9973311923875388.
[I 2025-03-04 21:36:42,575] Trial 438 finished with value: 2.0119385236256555 and parameters: {'learning_rate': 0.01174334223460256, 'depth': 10, 'l2_leaf_reg': 2.344389173208575, 'min_child_samples': 32}. Best is trial 145 with value: 1.9973311923875388.
[I 2025-03-04 21:36:45,318] Trial 439 finished with value: 2.00500490196569 and parameters: {'learning_rate': 0.012125495625132987, 'depth': 11, 'l2_leaf_reg': 0.20321166856922251, 'min_child_samples': 32}. Best is trial 145 with value: 1.9973311923875388.
[I 2025-03-04 21:36:48,810] Trial 440 finished with value: 2.0140765825904374 and parameters: {'learning_rate': 0.011040765913641773, 'depth': 12, 'l2_leaf_reg': 0.4010146989309674, 'min_child_samples': 32}. Best is trial 145 with value: 1.9973311923875388.
[I 2025-03-04 21:36:51,095] Trial 441 finished with value: 2.0046808752532077 and parameters: {'learning_rate': 0.011609039953675028, 'depth': 10, 'l2_leaf_reg': 2.3072624894746117, 'min_child_samples': 32}. Best is trial 145 with value: 1.9973311923875388.
[I 2025-03-04 21:36:53,875] Trial 442 finished with value: 2.0056948065529925 and parameters: {'learning_rate': 0.012030234463070041, 'depth': 11, 'l2_leaf_reg': 2.655402203133752, 'min_child_samples': 32}. Best is trial 145 with value: 1.9973311923875388.
[I 2025-03-04 21:36:55,923] Trial 443 finished with value: 2.001815731134471 and parameters: {'learning_rate': 0.012219153377085583, 'depth': 10, 'l2_leaf_reg': 0.14536879069135417, 'min_child_samples': 32}. Best is trial 145 with value: 1.9973311923875388.
[I 2025-03-04 21:36:58,010] Trial 444 finished with value: 2.008982708331726 and parameters: {'learning_rate': 0.010599807410381263, 'depth': 10, 'l2_leaf_reg': 2.237050641663892, 'min_child_samples': 32}. Best is trial 145 with value: 1.9973311923875388.
[I 2025-03-04 21:37:00,724] Trial 445 finished with value: 2.007215475285009 and parameters: {'learning_rate': 0.011195144946530955, 'depth': 11, 'l2_leaf_reg': 2.4837306263063295, 'min_child_samples': 32}. Best is trial 145 with value: 1.9973311923875388.
[I 2025-03-04 21:37:02,811] Trial 446 finished with value: 2.003127177697519 and parameters: {'learning_rate': 0.01248566161467817, 'depth': 10, 'l2_leaf_reg': 2.366487699078229, 'min_child_samples': 32}. Best is trial 145 with value: 1.9973311923875388.
[I 2025-03-04 21:37:05,031] Trial 447 finished with value: 2.0041180319069323 and parameters: {'learning_rate': 0.011820189120837918, 'depth': 10, 'l2_leaf_reg': 2.285239229329507, 'min_child_samples': 32}. Best is trial 145 with value: 1.9973311923875388.
[I 2025-03-04 21:37:07,605] Trial 448 finished with value: 2.003220401040357 and parameters: {'learning_rate': 0.013045456571543993, 'depth': 11, 'l2_leaf_reg': 0.624028148300993, 'min_child_samples': 32}. Best is trial 145 with value: 1.9973311923875388.
[I 2025-03-04 21:37:09,934] Trial 449 finished with value: 2.000649235879391 and parameters: {'learning_rate': 0.012245189656524864, 'depth': 10, 'l2_leaf_reg': 0.24515571877043943, 'min_child_samples': 8}. Best is trial 145 with value: 1.9973311923875388.
[I 2025-03-04 21:37:12,474] Trial 450 finished with value: 2.008466253299734 and parameters: {'learning_rate': 0.013312743996639875, 'depth': 11, 'l2_leaf_reg': 2.3062516099900128, 'min_child_samples': 32}. Best is trial 145 with value: 1.9973311923875388.
[I 2025-03-04 21:37:14,327] Trial 451 finished with value: 2.007316094898238 and parameters: {'learning_rate': 0.012734488910504037, 'depth': 9, 'l2_leaf_reg': 2.3980906318645925, 'min_child_samples': 16}. Best is trial 145 with value: 1.9973311923875388.
[I 2025-03-04 21:37:16,586] Trial 452 finished with value: 2.0024477799313516 and parameters: {'learning_rate': 0.011580772363480303, 'depth': 10, 'l2_leaf_reg': 0.17521536906735072, 'min_child_samples': 32}. Best is trial 145 with value: 1.9973311923875388.
[I 2025-03-04 21:37:18,943] Trial 453 finished with value: 2.006777350566362 and parameters: {'learning_rate': 0.011161637669371489, 'depth': 10, 'l2_leaf_reg': 2.4290381819917277, 'min_child_samples': 32}. Best is trial 145 with value: 1.9973311923875388.
[I 2025-03-04 21:37:21,401] Trial 454 finished with value: 2.0066562013262788 and parameters: {'learning_rate': 0.013455433074994349, 'depth': 11, 'l2_leaf_reg': 0.11642962655713962, 'min_child_samples': 32}. Best is trial 145 with value: 1.9973311923875388.
[I 2025-03-04 21:37:23,400] Trial 455 finished with value: 2.0049290708825587 and parameters: {'learning_rate': 0.012285098394043957, 'depth': 10, 'l2_leaf_reg': 0.31117750013848944, 'min_child_samples': 8}. Best is trial 145 with value: 1.9973311923875388.
[I 2025-03-04 21:37:26,037] Trial 456 finished with value: 2.007938954355054 and parameters: {'learning_rate': 0.011908696538515926, 'depth': 11, 'l2_leaf_reg': 0.2141975316521081, 'min_child_samples': 32}. Best is trial 145 with value: 1.9973311923875388.
[I 2025-03-04 21:37:29,375] Trial 457 finished with value: 2.010710679372041 and parameters: {'learning_rate': 0.013981593137833783, 'depth': 12, 'l2_leaf_reg': 0.11953171274486282, 'min_child_samples': 1}. Best is trial 145 with value: 1.9973311923875388.
[I 2025-03-04 21:37:31,410] Trial 458 finished with value: 2.0012637106902083 and parameters: {'learning_rate': 0.012731329028122736, 'depth': 10, 'l2_leaf_reg': 0.5208852411652951, 'min_child_samples': 32}. Best is trial 145 with value: 1.9973311923875388.
[I 2025-03-04 21:37:33,367] Trial 459 finished with value: 2.0063251299381712 and parameters: {'learning_rate': 0.012523723178251681, 'depth': 9, 'l2_leaf_reg': 0.15625406919875437, 'min_child_samples': 16}. Best is trial 145 with value: 1.9973311923875388.
[I 2025-03-04 21:37:35,857] Trial 460 finished with value: 2.0032180197702787 and parameters: {'learning_rate': 0.013070481349139363, 'depth': 10, 'l2_leaf_reg': 0.2500136493812707, 'min_child_samples': 1}. Best is trial 145 with value: 1.9973311923875388.
[I 2025-03-04 21:37:38,724] Trial 461 finished with value: 2.0079243917721876 and parameters: {'learning_rate': 0.011775720470049877, 'depth': 11, 'l2_leaf_reg': 0.08507402440352844, 'min_child_samples': 1}. Best is trial 145 with value: 1.9973311923875388.
[I 2025-03-04 21:37:40,522] Trial 462 finished with value: 2.104164914566256 and parameters: {'learning_rate': 0.0009671322214989432, 'depth': 9, 'l2_leaf_reg': 2.2687797311968647, 'min_child_samples': 32}. Best is trial 145 with value: 1.9973311923875388.
[I 2025-03-04 21:37:42,935] Trial 463 finished with value: 2.005388095605605 and parameters: {'learning_rate': 0.010330936590095369, 'depth': 10, 'l2_leaf_reg': 0.04748927855263699, 'min_child_samples': 1}. Best is trial 145 with value: 1.9973311923875388.
[I 2025-03-04 21:37:45,064] Trial 464 finished with value: 2.0019185504005503 and parameters: {'learning_rate': 0.017767596179215507, 'depth': 10, 'l2_leaf_reg': 0.18769588739877455, 'min_child_samples': 32}. Best is trial 145 with value: 1.9973311923875388.
[I 2025-03-04 21:37:53,112] Trial 465 finished with value: 2.01869364034184 and parameters: {'learning_rate': 0.013662346926030251, 'depth': 14, 'l2_leaf_reg': 2.4750085623846303, 'min_child_samples': 1}. Best is trial 145 with value: 1.9973311923875388.
[I 2025-03-04 21:37:58,616] Trial 466 finished with value: 2.01413140402121 and parameters: {'learning_rate': 0.011403067912635985, 'depth': 13, 'l2_leaf_reg': 0.2891305222192242, 'min_child_samples': 32}. Best is trial 145 with value: 1.9973311923875388.
[I 2025-03-04 21:38:01,298] Trial 467 finished with value: 2.004906372417993 and parameters: {'learning_rate': 0.012261648747374251, 'depth': 11, 'l2_leaf_reg': 0.131136967671386, 'min_child_samples': 1}. Best is trial 145 with value: 1.9973311923875388.
[I 2025-03-04 21:38:03,651] Trial 468 finished with value: 2.0033983325534526 and parameters: {'learning_rate': 0.010903100621561208, 'depth': 10, 'l2_leaf_reg': 0.06262774882830538, 'min_child_samples': 8}. Best is trial 145 with value: 1.9973311923875388.
[I 2025-03-04 21:38:05,627] Trial 469 finished with value: 2.0032147315576303 and parameters: {'learning_rate': 0.014453370643417085, 'depth': 10, 'l2_leaf_reg': 0.0004259606418824623, 'min_child_samples': 1}. Best is trial 145 with value: 1.9973311923875388.
[I 2025-03-04 21:38:08,007] Trial 470 finished with value: 2.0003567988154667 and parameters: {'learning_rate': 0.018251958650607573, 'depth': 11, 'l2_leaf_reg': 0.2009771007247912, 'min_child_samples': 32}. Best is trial 145 with value: 1.9973311923875388.
[I 2025-03-04 21:38:09,793] Trial 471 finished with value: 2.0075131683406764 and parameters: {'learning_rate': 0.017998649265572736, 'depth': 9, 'l2_leaf_reg': 2.6043630285989066, 'min_child_samples': 32}. Best is trial 145 with value: 1.9973311923875388.
[I 2025-03-04 21:38:12,066] Trial 472 finished with value: 2.009528442766622 and parameters: {'learning_rate': 0.018347406198963943, 'depth': 11, 'l2_leaf_reg': 2.8688861982508964, 'min_child_samples': 32}. Best is trial 145 with value: 1.9973311923875388.
[I 2025-03-04 21:38:13,866] Trial 473 finished with value: 2.010691113803014 and parameters: {'learning_rate': 0.017732800276070118, 'depth': 10, 'l2_leaf_reg': 1.6293672171123545, 'min_child_samples': 32}. Best is trial 145 with value: 1.9973311923875388.
[I 2025-03-04 21:38:15,894] Trial 474 finished with value: 2.0031654996370785 and parameters: {'learning_rate': 0.01725342206824121, 'depth': 10, 'l2_leaf_reg': 0.32357680205901385, 'min_child_samples': 32}. Best is trial 145 with value: 1.9973311923875388.
[I 2025-03-04 21:38:18,165] Trial 475 finished with value: 2.008852426512073 and parameters: {'learning_rate': 0.018093171127615524, 'depth': 11, 'l2_leaf_reg': 0.3573667630428824, 'min_child_samples': 32}. Best is trial 145 with value: 1.9973311923875388.
[I 2025-03-04 21:38:20,009] Trial 476 finished with value: 2.0038770247731468 and parameters: {'learning_rate': 0.018438066622954143, 'depth': 10, 'l2_leaf_reg': 0.2301045466197803, 'min_child_samples': 32}. Best is trial 145 with value: 1.9973311923875388.
[I 2025-03-04 21:38:23,028] Trial 477 finished with value: 2.0070381928189893 and parameters: {'learning_rate': 0.019002709658789998, 'depth': 12, 'l2_leaf_reg': 0.26875791826416007, 'min_child_samples': 32}. Best is trial 145 with value: 1.9973311923875388.
[I 2025-03-04 21:38:25,277] Trial 478 finished with value: 2.0056361053406775 and parameters: {'learning_rate': 0.01831912416781149, 'depth': 11, 'l2_leaf_reg': 0.20241654699512796, 'min_child_samples': 32}. Best is trial 145 with value: 1.9973311923875388.
[I 2025-03-04 21:38:27,194] Trial 479 finished with value: 2.0032767354984666 and parameters: {'learning_rate': 0.017281626495806345, 'depth': 9, 'l2_leaf_reg': 0.17323350273900856, 'min_child_samples': 16}. Best is trial 145 with value: 1.9973311923875388.
[I 2025-03-04 21:38:28,759] Trial 480 finished with value: 2.005882325304512 and parameters: {'learning_rate': 0.01915686826416322, 'depth': 10, 'l2_leaf_reg': 0.1340587134678522, 'min_child_samples': 32}. Best is trial 145 with value: 1.9973311923875388.
[I 2025-03-04 21:38:30,797] Trial 481 finished with value: 2.005701567469294 and parameters: {'learning_rate': 0.018704395466425137, 'depth': 10, 'l2_leaf_reg': 0.24468319484372741, 'min_child_samples': 1}. Best is trial 145 with value: 1.9973311923875388.
[I 2025-03-04 21:38:32,970] Trial 482 finished with value: 2.005098463268912 and parameters: {'learning_rate': 0.019574024434012245, 'depth': 11, 'l2_leaf_reg': 0.08943875708960448, 'min_child_samples': 32}. Best is trial 145 with value: 1.9973311923875388.
[I 2025-03-04 21:38:35,065] Trial 483 finished with value: 2.000428121719658 and parameters: {'learning_rate': 0.019289552919395065, 'depth': 10, 'l2_leaf_reg': 1.8007950681376668, 'min_child_samples': 1}. Best is trial 145 with value: 1.9973311923875388.
[I 2025-03-04 21:38:36,681] Trial 484 finished with value: 2.010240727859856 and parameters: {'learning_rate': 0.01917004717830091, 'depth': 10, 'l2_leaf_reg': 2.139017663234406, 'min_child_samples': 1}. Best is trial 145 with value: 1.9973311923875388.
[I 2025-03-04 21:38:48,780] Trial 485 finished with value: 2.0283244506679705 and parameters: {'learning_rate': 0.01877939710042195, 'depth': 15, 'l2_leaf_reg': 1.8245088543103436, 'min_child_samples': 1}. Best is trial 145 with value: 1.9973311923875388.
[I 2025-03-04 21:38:50,868] Trial 486 finished with value: 2.0081987828585386 and parameters: {'learning_rate': 0.019561732332391137, 'depth': 11, 'l2_leaf_reg': 1.8156545356116358, 'min_child_samples': 1}. Best is trial 145 with value: 1.9973311923875388.
[I 2025-03-04 21:38:52,603] Trial 487 finished with value: 2.00403816135594 and parameters: {'learning_rate': 0.01910417478935884, 'depth': 9, 'l2_leaf_reg': 0.3877324372724895, 'min_child_samples': 1}. Best is trial 145 with value: 1.9973311923875388.
[I 2025-03-04 21:38:54,663] Trial 488 finished with value: 2.005336750005278 and parameters: {'learning_rate': 0.01966896932066334, 'depth': 10, 'l2_leaf_reg': 1.394036313954785, 'min_child_samples': 1}. Best is trial 145 with value: 1.9973311923875388.
[I 2025-03-04 21:38:56,765] Trial 489 finished with value: 2.003468808891703 and parameters: {'learning_rate': 0.019979812626537936, 'depth': 11, 'l2_leaf_reg': 2.270727063922979, 'min_child_samples': 1}. Best is trial 145 with value: 1.9973311923875388.
[I 2025-03-04 21:38:58,626] Trial 490 finished with value: 2.004750492201442 and parameters: {'learning_rate': 0.018643741732826385, 'depth': 10, 'l2_leaf_reg': 0.2762841479333799, 'min_child_samples': 1}. Best is trial 145 with value: 1.9973311923875388.
[I 2025-03-04 21:39:01,554] Trial 491 finished with value: 2.0124122841439713 and parameters: {'learning_rate': 0.019329145691902756, 'depth': 12, 'l2_leaf_reg': 0.18549619264003442, 'min_child_samples': 1}. Best is trial 145 with value: 1.9973311923875388.
[I 2025-03-04 21:39:03,723] Trial 492 finished with value: 1.9993429734597223 and parameters: {'learning_rate': 0.018960738818812918, 'depth': 10, 'l2_leaf_reg': 1.5515692809576573, 'min_child_samples': 1}. Best is trial 145 with value: 1.9973311923875388.
[I 2025-03-04 21:39:05,651] Trial 493 finished with value: 2.0040623227701455 and parameters: {'learning_rate': 0.018421352557894042, 'depth': 10, 'l2_leaf_reg': 1.6694594029116236, 'min_child_samples': 1}. Best is trial 145 with value: 1.9973311923875388.
[I 2025-03-04 21:39:07,412] Trial 494 finished with value: 2.0033635140205077 and parameters: {'learning_rate': 0.018876096214107414, 'depth': 9, 'l2_leaf_reg': 1.5196250986727864, 'min_child_samples': 1}. Best is trial 145 with value: 1.9973311923875388.
[I 2025-03-04 21:39:09,629] Trial 495 finished with value: 2.0103274089016354 and parameters: {'learning_rate': 0.018035799364133076, 'depth': 11, 'l2_leaf_reg': 1.2929753829320134, 'min_child_samples': 1}. Best is trial 145 with value: 1.9973311923875388.
[I 2025-03-04 21:39:11,654] Trial 496 finished with value: 2.003985296133218 and parameters: {'learning_rate': 0.019169109852992146, 'depth': 10, 'l2_leaf_reg': 1.6203042087977944, 'min_child_samples': 1}. Best is trial 145 with value: 1.9973311923875388.
[I 2025-03-04 21:39:13,683] Trial 497 finished with value: 2.0051608766591187 and parameters: {'learning_rate': 0.018771395110546735, 'depth': 10, 'l2_leaf_reg': 1.8828755384585385, 'min_child_samples': 1}. Best is trial 145 with value: 1.9973311923875388.
[I 2025-03-04 21:39:16,198] Trial 498 finished with value: 2.00450608736902 and parameters: {'learning_rate': 0.01930905178031961, 'depth': 11, 'l2_leaf_reg': 1.7212774696872752, 'min_child_samples': 1}. Best is trial 145 with value: 1.9973311923875388.
[I 2025-03-04 21:39:18,149] Trial 499 finished with value: 1.9982993421276118 and parameters: {'learning_rate': 0.019572825684369376, 'depth': 10, 'l2_leaf_reg': 1.7995918684399959, 'min_child_samples': 1}. Best is trial 145 with value: 1.9973311923875388.
2025-03-04 21:39:18,150 - __main__ - INFO - Best RMSE: 1.9973
2025-03-04 21:39:18,150 - __main__ - INFO - Best parameters: {'learning_rate': 0.013413062498207264, 'depth': 10, 'l2_leaf_reg': 2.087295480365245, 'min_child_samples': 1}
2025-03-04 21:39:18,150 - __main__ - INFO - Training final models...
2025-03-04 21:39:18,150 - __main__ - INFO - Training models for all target variables
2025-03-04 21:39:18,153 - __main__ - INFO - Training model for c_delta_y
2025-03-04 21:39:20,769 - __main__ - INFO - Training model for c_delta_z
2025-03-04 21:39:24,268 - __main__ - INFO - Training model for c_std_y
2025-03-04 21:39:30,610 - __main__ - INFO - Training model for c_std_z
2025-03-04 21:39:37,207 - __main__ - INFO - Evaluating models...
2025-03-04 21:39:50,050 - __main__ - INFO - c_delta_y - RMSE: 28.3278, R²: 0.0529
2025-03-04 21:39:50,053 - __main__ - INFO - c_delta_z - RMSE: 27.6605, R²: 0.6667
2025-03-04 21:39:50,055 - __main__ - INFO - c_std_y - RMSE: 19.1510, R²: 0.8847
2025-03-04 21:39:50,058 - __main__ - INFO - c_std_z - RMSE: 12.9061, R²: 0.9275
2025-03-04 21:40:02,666 - __main__ - INFO - Saving models...
2025-03-04 21:40:03,021 - __main__ - INFO - Model for c_delta_y saved to ./outputs/models/catboost_c_delta_y.cbm
2025-03-04 21:40:03,084 - __main__ - INFO - Model for c_delta_z saved to ./outputs/models/catboost_c_delta_z.cbm
2025-03-04 21:40:03,222 - __main__ - INFO - Model for c_std_y saved to ./outputs/models/catboost_c_std_y.cbm
2025-03-04 21:40:03,383 - __main__ - INFO - Model for c_std_z saved to ./outputs/models/catboost_c_std_z.cbm
2025-03-04 21:40:03,384 - __main__ - INFO - Target preprocessor saved to ./outputs/models/target_preprocessor.pkl
2025-03-04 21:40:03,384 - __main__ - INFO - Pipeline completed successfully!
(2312849, 11) (2312849, 4)
Split shapes: train: X(1340101, 11), y(1340101, 4), test: X(459344, 11), y(459344, 4), valid: X(366729, 11), y(366729, 4), eval: X(146675, 11), y(146675, 4)
                mse        r2      rmse
c_delta_z  0.086171  0.742461  0.293548
c_delta_y  4.499785  0.119999  2.121270
c_std_z    0.032960  0.966450  0.181550
c_std_y    0.206578  0.927831  0.454508
                  mse        r2       rmse
c_delta_z  765.105659  0.666704  27.660543
c_delta_y  802.462907  0.052907  28.327776
c_std_z    166.568601  0.927485  12.906146
c_std_y    366.760452  0.884703  19.150991
