[I 2025-03-04 21:30:00,793] Trial 255 finished with value: 1.9992623966708523 and parameters: {'learning_rate': 0.01993774328886357, 'depth': 10, 'l2_leaf_reg': 0.05201515833848455, 'min_child_samples': 1}. Best is trial 145 with value: 1.9973311923875388.
[I 2025-03-04 21:30:02,518] Trial 256 finished with value: 2.0042232766557415 and parameters: {'learning_rate': 0.019890789935819053, 'depth': 10, 'l2_leaf_reg': 0.058768851898187, 'min_child_samples': 1}. Best is trial 145 with value: 1.9973311923875388.
[I 2025-03-04 21:30:04,965] Trial 257 finished with value: 2.003285586887357 and parameters: {'learning_rate': 0.019684722639752034, 'depth': 11, 'l2_leaf_reg': 0.7751012327311761, 'min_child_samples': 4}. Best is trial 145 with value: 1.9973311923875388.
[I 2025-03-04 21:30:06,588] Trial 258 finished with value: 2.0101731889197993 and parameters: {'learning_rate': 0.01908121571189301, 'depth': 9, 'l2_leaf_reg': 2.7489152549753637, 'min_child_samples': 1}. Best is trial 145 with value: 1.9973311923875388.
[I 2025-03-04 21:30:08,556] Trial 259 finished with value: 2.004552242305253 and parameters: {'learning_rate': 0.01865830870694232, 'depth': 10, 'l2_leaf_reg': 2.328187942407983, 'min_child_samples': 4}. Best is trial 145 with value: 1.9973311923875388.
[I 2025-03-04 21:30:10,656] Trial 260 finished with value: 2.0010308095894893 and parameters: {'learning_rate': 0.019958972893520978, 'depth': 10, 'l2_leaf_reg': 0.0695537290685896, 'min_child_samples': 32}. Best is trial 145 with value: 1.9973311923875388.
[I 2025-03-04 21:30:12,611] Trial 261 finished with value: 2.00577348512583 and parameters: {'learning_rate': 0.01987236990528331, 'depth': 10, 'l2_leaf_reg': 0.05221386676209769, 'min_child_samples': 32}. Best is trial 145 with value: 1.9973311923875388.
[I 2025-03-04 21:30:14,801] Trial 262 finished with value: 2.001313596160406 and parameters: {'learning_rate': 0.019949940804793797, 'depth': 11, 'l2_leaf_reg': 0.0010095492634240588, 'min_child_samples': 32}. Best is trial 145 with value: 1.9973311923875388.
[I 2025-03-04 21:30:17,859] Trial 263 finished with value: 2.0080407136789704 and parameters: {'learning_rate': 0.019711557391182778, 'depth': 12, 'l2_leaf_reg': 0.00016131543781962646, 'min_child_samples': 32}. Best is trial 145 with value: 1.9973311923875388.
[I 2025-03-04 21:30:20,051] Trial 264 finished with value: 2.008236097437646 and parameters: {'learning_rate': 0.019543951678999347, 'depth': 11, 'l2_leaf_reg': 0.08112605695416254, 'min_child_samples': 32}. Best is trial 145 with value: 1.9973311923875388.
[I 2025-03-04 21:30:22,354] Trial 265 finished with value: 2.0067855844215003 and parameters: {'learning_rate': 0.019352708275942234, 'depth': 11, 'l2_leaf_reg': 0.004662373304784306, 'min_child_samples': 32}. Best is trial 145 with value: 1.9973311923875388.
[I 2025-03-04 21:30:24,625] Trial 266 finished with value: 2.002922186386641 and parameters: {'learning_rate': 0.019927016573585313, 'depth': 11, 'l2_leaf_reg': 0.09161142482978309, 'min_child_samples': 32}. Best is trial 145 with value: 1.9973311923875388.
[I 2025-03-04 21:30:26,927] Trial 267 finished with value: 2.0033342248576513 and parameters: {'learning_rate': 0.018993711157617478, 'depth': 11, 'l2_leaf_reg': 0.9623622479361535, 'min_child_samples': 4}. Best is trial 145 with value: 1.9973311923875388.
[I 2025-03-04 21:30:28,969] Trial 268 finished with value: 2.0010314495826735 and parameters: {'learning_rate': 0.01995318255656396, 'depth': 10, 'l2_leaf_reg': 0.06260003630057787, 'min_child_samples': 32}. Best is trial 145 with value: 1.9973311923875388.
[I 2025-03-04 21:30:30,808] Trial 269 finished with value: 1.9988167374914705 and parameters: {'learning_rate': 0.01962097154206523, 'depth': 10, 'l2_leaf_reg': 0.05219818677328986, 'min_child_samples': 32}. Best is trial 145 with value: 1.9973311923875388.
[I 2025-03-04 21:30:33,183] Trial 270 finished with value: 2.0000604639133246 and parameters: {'learning_rate': 0.019602205966115276, 'depth': 10, 'l2_leaf_reg': 0.06254167089171651, 'min_child_samples': 32}. Best is trial 145 with value: 1.9973311923875388.
[I 2025-03-04 21:30:34,898] Trial 271 finished with value: 2.0034974401750687 and parameters: {'learning_rate': 0.01961634210675821, 'depth': 10, 'l2_leaf_reg': 0.05069542437320341, 'min_child_samples': 32}. Best is trial 145 with value: 1.9973311923875388.
[I 2025-03-04 21:30:36,779] Trial 272 finished with value: 2.0020511637893454 and parameters: {'learning_rate': 0.01993245921096555, 'depth': 10, 'l2_leaf_reg': 0.05798939059893066, 'min_child_samples': 32}. Best is trial 145 with value: 1.9973311923875388.
[I 2025-03-04 21:30:38,667] Trial 273 finished with value: 2.0081777346521132 and parameters: {'learning_rate': 0.019422319562075394, 'depth': 10, 'l2_leaf_reg': 0.1364017635163046, 'min_child_samples': 32}. Best is trial 145 with value: 1.9973311923875388.
[I 2025-03-04 21:30:41,008] Trial 274 finished with value: 2.0001314271653508 and parameters: {'learning_rate': 0.01997120125564657, 'depth': 11, 'l2_leaf_reg': 0.007007528318279735, 'min_child_samples': 32}. Best is trial 145 with value: 1.9973311923875388.
[I 2025-03-04 21:30:43,599] Trial 275 finished with value: 2.0118010866249225 and parameters: {'learning_rate': 0.019988009936253937, 'depth': 12, 'l2_leaf_reg': 0.0021661466326788337, 'min_child_samples': 32}. Best is trial 145 with value: 1.9973311923875388.
[I 2025-03-04 21:30:45,790] Trial 276 finished with value: 1.999965501851152 and parameters: {'learning_rate': 0.019962602967931318, 'depth': 11, 'l2_leaf_reg': 0.10381241018929262, 'min_child_samples': 32}. Best is trial 145 with value: 1.9973311923875388.
[I 2025-03-04 21:30:48,265] Trial 277 finished with value: 2.0053934806310987 and parameters: {'learning_rate': 0.0193165972375732, 'depth': 11, 'l2_leaf_reg': 0.1194200305498495, 'min_child_samples': 32}. Best is trial 145 with value: 1.9973311923875388.
[I 2025-03-04 21:30:50,491] Trial 278 finished with value: 2.0050975110548976 and parameters: {'learning_rate': 0.019579478820112215, 'depth': 11, 'l2_leaf_reg': 0.08710969393388544, 'min_child_samples': 32}. Best is trial 145 with value: 1.9973311923875388.
[I 2025-03-04 21:30:53,894] Trial 279 finished with value: 2.0153263867588036 and parameters: {'learning_rate': 0.019226127628523527, 'depth': 12, 'l2_leaf_reg': 0.12198270326937265, 'min_child_samples': 32}. Best is trial 145 with value: 1.9973311923875388.
[I 2025-03-04 21:30:55,966] Trial 280 finished with value: 2.0090871929166454 and parameters: {'learning_rate': 0.019633978330509987, 'depth': 11, 'l2_leaf_reg': 0.051252560747889794, 'min_child_samples': 32}. Best is trial 145 with value: 1.9973311923875388.
[I 2025-03-04 21:30:58,130] Trial 281 finished with value: 2.0010288175233075 and parameters: {'learning_rate': 0.01996265878299795, 'depth': 10, 'l2_leaf_reg': 0.13747152238436938, 'min_child_samples': 32}. Best is trial 145 with value: 1.9973311923875388.
[I 2025-03-04 21:31:00,132] Trial 282 finished with value: 2.001028683711586 and parameters: {'learning_rate': 0.019953808708515194, 'depth': 10, 'l2_leaf_reg': 0.17145660369187957, 'min_child_samples': 32}. Best is trial 145 with value: 1.9973311923875388.
[I 2025-03-04 21:31:02,027] Trial 283 finished with value: 2.0039571304108748 and parameters: {'learning_rate': 0.019616155220619325, 'depth': 10, 'l2_leaf_reg': 0.19173338770327408, 'min_child_samples': 32}. Best is trial 145 with value: 1.9973311923875388.
[I 2025-03-04 21:31:03,798] Trial 284 finished with value: 2.0022648446864895 and parameters: {'learning_rate': 0.019999956282651433, 'depth': 10, 'l2_leaf_reg': 0.16752353186173716, 'min_child_samples': 32}. Best is trial 145 with value: 1.9973311923875388.
[I 2025-03-04 21:31:05,722] Trial 285 finished with value: 2.0057736992915847 and parameters: {'learning_rate': 0.018930693778127637, 'depth': 9, 'l2_leaf_reg': 0.23493846144978506, 'min_child_samples': 32}. Best is trial 145 with value: 1.9973311923875388.
[I 2025-03-04 21:31:18,212] Trial 286 finished with value: 2.0222261793482086 and parameters: {'learning_rate': 0.019220548022293924, 'depth': 15, 'l2_leaf_reg': 0.11687503335384669, 'min_child_samples': 32}. Best is trial 145 with value: 1.9973311923875388.
[I 2025-03-04 21:31:20,129] Trial 287 finished with value: 2.0020262745620365 and parameters: {'learning_rate': 0.01957944384704094, 'depth': 10, 'l2_leaf_reg': 0.2501495975887675, 'min_child_samples': 32}. Best is trial 145 with value: 1.9973311923875388.
[I 2025-03-04 21:31:21,899] Trial 288 finished with value: 2.0022677783221323 and parameters: {'learning_rate': 0.019997485101254285, 'depth': 10, 'l2_leaf_reg': 0.16091395048713858, 'min_child_samples': 32}. Best is trial 145 with value: 1.9973311923875388.
[I 2025-03-04 21:31:23,555] Trial 289 finished with value: 2.0099388595288312 and parameters: {'learning_rate': 0.019999513949707087, 'depth': 9, 'l2_leaf_reg': 0.11533431417082059, 'min_child_samples': 32}. Best is trial 145 with value: 1.9973311923875388.
[I 2025-03-04 21:31:25,443] Trial 290 finished with value: 2.012673911056698 and parameters: {'learning_rate': 0.019109195683834467, 'depth': 10, 'l2_leaf_reg': 0.07385203840119021, 'min_child_samples': 32}. Best is trial 145 with value: 1.9973311923875388.
[I 2025-03-04 21:31:27,429] Trial 291 finished with value: 2.004652025173494 and parameters: {'learning_rate': 0.01959835898178355, 'depth': 10, 'l2_leaf_reg': 0.1789935033316911, 'min_child_samples': 32}. Best is trial 145 with value: 1.9973311923875388.
[I 2025-03-04 21:31:28,618] Trial 292 finished with value: 2.030002426860412 and parameters: {'learning_rate': 0.019334258973453713, 'depth': 3, 'l2_leaf_reg': 0.07023802490679389, 'min_child_samples': 32}. Best is trial 145 with value: 1.9973311923875388.
[I 2025-03-04 21:31:30,508] Trial 293 finished with value: 2.0082325100052545 and parameters: {'learning_rate': 0.01889874158588773, 'depth': 10, 'l2_leaf_reg': 0.2501443647624639, 'min_child_samples': 32}. Best is trial 145 with value: 1.9973311923875388.
[I 2025-03-04 21:31:32,130] Trial 294 finished with value: 2.0099387162034357 and parameters: {'learning_rate': 0.019999209922568123, 'depth': 9, 'l2_leaf_reg': 0.1367291877793609, 'min_child_samples': 32}. Best is trial 145 with value: 1.9973311923875388.
[I 2025-03-04 21:31:33,864] Trial 295 finished with value: 2.0031369873956457 and parameters: {'learning_rate': 0.0195887950510283, 'depth': 10, 'l2_leaf_reg': 0.06338203346754415, 'min_child_samples': 32}. Best is trial 145 with value: 1.9973311923875388.
[I 2025-03-04 21:31:35,968] Trial 296 finished with value: 1.9988709399910771 and parameters: {'learning_rate': 0.018185381165670516, 'depth': 10, 'l2_leaf_reg': 0.1910748954685626, 'min_child_samples': 32}. Best is trial 145 with value: 1.9973311923875388.
[I 2025-03-04 21:31:37,841] Trial 297 finished with value: 1.9995209102884381 and parameters: {'learning_rate': 0.01842118923811375, 'depth': 10, 'l2_leaf_reg': 0.2780822828093979, 'min_child_samples': 32}. Best is trial 145 with value: 1.9973311923875388.
[I 2025-03-04 21:31:40,186] Trial 298 finished with value: 2.0070373396657755 and parameters: {'learning_rate': 0.018765328172202455, 'depth': 11, 'l2_leaf_reg': 0.3082167772318335, 'min_child_samples': 32}. Best is trial 145 with value: 1.9973311923875388.
[I 2025-03-04 21:31:42,107] Trial 299 finished with value: 2.004841876177438 and parameters: {'learning_rate': 0.018254248271739416, 'depth': 10, 'l2_leaf_reg': 0.24411213842617013, 'min_child_samples': 32}. Best is trial 145 with value: 1.9973311923875388.
[I 2025-03-04 21:31:44,084] Trial 300 finished with value: 2.005049947685806 and parameters: {'learning_rate': 0.017814403711369255, 'depth': 10, 'l2_leaf_reg': 0.20047714505444175, 'min_child_samples': 32}. Best is trial 145 with value: 1.9973311923875388.
[I 2025-03-04 21:31:46,449] Trial 301 finished with value: 2.0029366837386475 and parameters: {'learning_rate': 0.01852594302904271, 'depth': 11, 'l2_leaf_reg': 0.2877705982375711, 'min_child_samples': 32}. Best is trial 145 with value: 1.9973311923875388.
[I 2025-03-04 21:31:48,113] Trial 302 finished with value: 2.007556419277164 and parameters: {'learning_rate': 0.01917963579323876, 'depth': 10, 'l2_leaf_reg': 0.19107776262413154, 'min_child_samples': 32}. Best is trial 145 with value: 1.9973311923875388.
[I 2025-03-04 21:31:50,083] Trial 303 finished with value: 2.0056380416677464 and parameters: {'learning_rate': 0.018076068708732868, 'depth': 10, 'l2_leaf_reg': 0.31807587034870577, 'min_child_samples': 32}. Best is trial 145 with value: 1.9973311923875388.
[I 2025-03-04 21:31:52,381] Trial 304 finished with value: 2.0033742504506176 and parameters: {'learning_rate': 0.019996766031579762, 'depth': 11, 'l2_leaf_reg': 1.682247582090347, 'min_child_samples': 32}. Best is trial 145 with value: 1.9973311923875388.
[I 2025-03-04 21:31:54,441] Trial 305 finished with value: 2.0051744653771575 and parameters: {'learning_rate': 0.017342355197078926, 'depth': 10, 'l2_leaf_reg': 0.15531921500415263, 'min_child_samples': 32}. Best is trial 145 with value: 1.9973311923875388.
[I 2025-03-04 21:31:56,141] Trial 306 finished with value: 2.0053529722979864 and parameters: {'learning_rate': 0.019524853637733125, 'depth': 10, 'l2_leaf_reg': 0.35398823902997106, 'min_child_samples': 32}. Best is trial 145 with value: 1.9973311923875388.
[I 2025-03-04 21:31:58,682] Trial 307 finished with value: 2.0598394853408077 and parameters: {'learning_rate': 0.0018700089979483171, 'depth': 10, 'l2_leaf_reg': 0.2284713481212143, 'min_child_samples': 32}. Best is trial 145 with value: 1.9973311923875388.
[I 2025-03-04 21:32:00,878] Trial 308 finished with value: 2.0082325119693962 and parameters: {'learning_rate': 0.019547867259142798, 'depth': 11, 'l2_leaf_reg': 0.1422560227340524, 'min_child_samples': 32}. Best is trial 145 with value: 1.9973311923875388.
[I 2025-03-04 21:32:02,681] Trial 309 finished with value: 2.0126827149463824 and parameters: {'learning_rate': 0.01910019594838904, 'depth': 10, 'l2_leaf_reg': 0.2064718892032534, 'min_child_samples': 32}. Best is trial 145 with value: 1.9973311923875388.
[I 2025-03-04 21:32:04,574] Trial 310 finished with value: 2.003873512357908 and parameters: {'learning_rate': 0.018441250991470606, 'depth': 10, 'l2_leaf_reg': 0.11317899355933758, 'min_child_samples': 8}. Best is trial 145 with value: 1.9973311923875388.
[I 2025-03-04 21:32:06,969] Trial 311 finished with value: 2.0090822861741664 and parameters: {'learning_rate': 0.019638970203032294, 'depth': 11, 'l2_leaf_reg': 0.05132800921107441, 'min_child_samples': 32}. Best is trial 145 with value: 1.9973311923875388.
[I 2025-03-04 21:32:08,614] Trial 312 finished with value: 2.0100583670285865 and parameters: {'learning_rate': 0.01926552357493657, 'depth': 9, 'l2_leaf_reg': 0.2707864666765348, 'min_child_samples': 32}. Best is trial 145 with value: 1.9973311923875388.
[I 2025-03-04 21:32:10,294] Trial 313 finished with value: 2.0022696346060727 and parameters: {'learning_rate': 0.019997193522173065, 'depth': 10, 'l2_leaf_reg': 0.0012793628407577915, 'min_child_samples': 16}. Best is trial 145 with value: 1.9973311923875388.
[I 2025-03-04 21:32:12,674] Trial 314 finished with value: 2.006754258192397 and parameters: {'learning_rate': 0.017880378855888647, 'depth': 11, 'l2_leaf_reg': 0.125585254162763, 'min_child_samples': 32}. Best is trial 145 with value: 1.9973311923875388.
[I 2025-03-04 21:32:14,341] Trial 315 finished with value: 2.0042545318306395 and parameters: {'learning_rate': 0.019642334484610106, 'depth': 10, 'l2_leaf_reg': 0.17746893938246655, 'min_child_samples': 32}. Best is trial 145 with value: 1.9973311923875388.
[I 2025-03-04 21:32:16,107] Trial 316 finished with value: 2.000946453070919 and parameters: {'learning_rate': 0.01886534118442467, 'depth': 9, 'l2_leaf_reg': 0.08914405957326846, 'min_child_samples': 32}. Best is trial 145 with value: 1.9973311923875388.
[I 2025-03-04 21:32:17,882] Trial 317 finished with value: 2.007546867948418 and parameters: {'learning_rate': 0.018776472405624783, 'depth': 9, 'l2_leaf_reg': 2.6644312356926947, 'min_child_samples': 8}. Best is trial 145 with value: 1.9973311923875388.
[I 2025-03-04 21:32:19,611] Trial 318 finished with value: 2.006592849352405 and parameters: {'learning_rate': 0.01830213423330778, 'depth': 9, 'l2_leaf_reg': 0.228360036104349, 'min_child_samples': 32}. Best is trial 145 with value: 1.9973311923875388.
[I 2025-03-04 21:32:22,599] Trial 319 finished with value: 2.0087756578802356 and parameters: {'learning_rate': 0.018933137609557314, 'depth': 12, 'l2_leaf_reg': 0.10753950844870994, 'min_child_samples': 32}. Best is trial 145 with value: 1.9973311923875388.
[I 2025-03-04 21:32:24,110] Trial 320 finished with value: 2.006739436485435 and parameters: {'learning_rate': 0.019218308477007638, 'depth': 9, 'l2_leaf_reg': 0.15868533562186038, 'min_child_samples': 32}. Best is trial 145 with value: 1.9973311923875388.
[I 2025-03-04 21:32:26,595] Trial 321 finished with value: 2.0050629998846325 and parameters: {'learning_rate': 0.018558517298750098, 'depth': 11, 'l2_leaf_reg': 2.9746487609749286, 'min_child_samples': 32}. Best is trial 145 with value: 1.9973311923875388.
[I 2025-03-04 21:32:28,356] Trial 322 finished with value: 2.0095869690077452 and parameters: {'learning_rate': 0.01927464854078128, 'depth': 10, 'l2_leaf_reg': 0.05305044268022692, 'min_child_samples': 32}. Best is trial 145 with value: 1.9973311923875388.
[I 2025-03-04 21:32:30,122] Trial 323 finished with value: 2.0021352321012325 and parameters: {'learning_rate': 0.01954811426565871, 'depth': 10, 'l2_leaf_reg': 0.359233726612357, 'min_child_samples': 8}. Best is trial 145 with value: 1.9973311923875388.
[I 2025-03-04 21:32:32,023] Trial 324 finished with value: 2.0075458122257386 and parameters: {'learning_rate': 0.018718624247788716, 'depth': 9, 'l2_leaf_reg': 0.27005563797229215, 'min_child_samples': 32}. Best is trial 145 with value: 1.9973311923875388.
[I 2025-03-04 21:32:34,492] Trial 325 finished with value: 2.0039964484413226 and parameters: {'learning_rate': 0.018133139427476106, 'depth': 11, 'l2_leaf_reg': 0.19494794640219953, 'min_child_samples': 16}. Best is trial 145 with value: 1.9973311923875388.
[I 2025-03-04 21:32:36,432] Trial 326 finished with value: 2.0071041856119374 and parameters: {'learning_rate': 0.01908346770102909, 'depth': 10, 'l2_leaf_reg': 0.11368849927007729, 'min_child_samples': 32}. Best is trial 145 with value: 1.9973311923875388.
[I 2025-03-04 21:32:38,055] Trial 327 finished with value: 2.0078450902457328 and parameters: {'learning_rate': 0.01956128101112774, 'depth': 9, 'l2_leaf_reg': 0.06962383087640607, 'min_child_samples': 32}. Best is trial 145 with value: 1.9973311923875388.
[I 2025-03-04 21:32:40,008] Trial 328 finished with value: 2.0049080540131965 and parameters: {'learning_rate': 0.01702179710568507, 'depth': 10, 'l2_leaf_reg': 0.00026157594172317167, 'min_child_samples': 1}. Best is trial 145 with value: 1.9973311923875388.
[I 2025-03-04 21:32:42,190] Trial 329 finished with value: 2.007691963309789 and parameters: {'learning_rate': 0.019553212573426126, 'depth': 11, 'l2_leaf_reg': 0.16249536672309134, 'min_child_samples': 32}. Best is trial 145 with value: 1.9973311923875388.
[I 2025-03-04 21:32:44,116] Trial 330 finished with value: 2.0095298559239185 and parameters: {'learning_rate': 0.017571305966331382, 'depth': 10, 'l2_leaf_reg': 0.08985472154121242, 'min_child_samples': 1}. Best is trial 145 with value: 1.9973311923875388.
[I 2025-03-04 21:32:45,957] Trial 331 finished with value: 2.0056169716092316 and parameters: {'learning_rate': 0.01903252918202809, 'depth': 10, 'l2_leaf_reg': 0.21815934278079596, 'min_child_samples': 32}. Best is trial 145 with value: 1.9973311923875388.
[I 2025-03-04 21:32:48,230] Trial 332 finished with value: 2.0028809404427017 and parameters: {'learning_rate': 0.01967260720655376, 'depth': 11, 'l2_leaf_reg': 0.2878530922392925, 'min_child_samples': 8}. Best is trial 145 with value: 1.9973311923875388.
[I 2025-03-04 21:32:50,164] Trial 333 finished with value: 2.006389615060492 and parameters: {'learning_rate': 0.018563222844829235, 'depth': 10, 'l2_leaf_reg': 0.1423508323901059, 'min_child_samples': 1}. Best is trial 145 with value: 1.9973311923875388.
[I 2025-03-04 21:32:52,018] Trial 334 finished with value: 2.0078475333363106 and parameters: {'learning_rate': 0.019282468711884375, 'depth': 10, 'l2_leaf_reg': 0.05066265986102003, 'min_child_samples': 32}. Best is trial 145 with value: 1.9973311923875388.
[I 2025-03-04 21:32:54,520] Trial 335 finished with value: 2.004350169935663 and parameters: {'learning_rate': 0.019947094025753773, 'depth': 11, 'l2_leaf_reg': 0.003288930794743909, 'min_child_samples': 1}. Best is trial 145 with value: 1.9973311923875388.
[I 2025-03-04 21:32:55,964] Trial 336 finished with value: 2.0025322051363936 and parameters: {'learning_rate': 0.01886022709118538, 'depth': 9, 'l2_leaf_reg': 0.17750694870358413, 'min_child_samples': 32}. Best is trial 145 with value: 1.9973311923875388.
[I 2025-03-04 21:32:59,050] Trial 337 finished with value: 2.0133107362894926 and parameters: {'learning_rate': 0.019600594393465846, 'depth': 12, 'l2_leaf_reg': 0.10398621629130193, 'min_child_samples': 1}. Best is trial 145 with value: 1.9973311923875388.
[I 2025-03-04 21:33:00,785] Trial 338 finished with value: 2.0064601182928086 and parameters: {'learning_rate': 0.019260896642367187, 'depth': 10, 'l2_leaf_reg': 1.5476354544354218, 'min_child_samples': 32}. Best is trial 145 with value: 1.9973311923875388.
[I 2025-03-04 21:33:03,103] Trial 339 finished with value: 2.0069624885790267 and parameters: {'learning_rate': 0.019991355354990067, 'depth': 11, 'l2_leaf_reg': 0.22256371236004657, 'min_child_samples': 1}. Best is trial 145 with value: 1.9973311923875388.
