[I 2025-03-04 21:33:05,157] Trial 340 finished with value: 2.001554015830801 and parameters: {'learning_rate': 0.018088406514845508, 'depth': 10, 'l2_leaf_reg': 0.11382083467649265, 'min_child_samples': 32}. Best is trial 145 with value: 1.9973311923875388.
[I 2025-03-04 21:33:06,810] Trial 341 finished with value: 2.0115654719120717 and parameters: {'learning_rate': 0.01939857130061163, 'depth': 9, 'l2_leaf_reg': 0.2951595631887629, 'min_child_samples': 1}. Best is trial 145 with value: 1.9973311923875388.
[I 2025-03-04 21:33:08,612] Trial 342 finished with value: 2.0055354019541065 and parameters: {'learning_rate': 0.01884664317173251, 'depth': 10, 'l2_leaf_reg': 0.05087107933850942, 'min_child_samples': 16}. Best is trial 145 with value: 1.9973311923875388.
[I 2025-03-04 21:33:10,302] Trial 343 finished with value: 2.003891419858397 and parameters: {'learning_rate': 0.01845805897684656, 'depth': 10, 'l2_leaf_reg': 0.1758064727385995, 'min_child_samples': 32}. Best is trial 145 with value: 1.9973311923875388.
[I 2025-03-04 21:33:12,555] Trial 344 finished with value: 2.0055944231554736 and parameters: {'learning_rate': 0.019481897858613234, 'depth': 11, 'l2_leaf_reg': 0.10624821851293971, 'min_child_samples': 1}. Best is trial 145 with value: 1.9973311923875388.
[I 2025-03-04 21:33:14,813] Trial 345 finished with value: 2.00355188992758 and parameters: {'learning_rate': 0.01966471038019192, 'depth': 10, 'l2_leaf_reg': 0.38502021669538744, 'min_child_samples': 8}. Best is trial 145 with value: 1.9973311923875388.
[I 2025-03-04 21:33:16,351] Trial 346 finished with value: 2.01070065961752 and parameters: {'learning_rate': 0.019967108298983186, 'depth': 9, 'l2_leaf_reg': 2.52056673874917, 'min_child_samples': 32}. Best is trial 145 with value: 1.9973311923875388.
[I 2025-03-04 21:33:18,347] Trial 347 finished with value: 2.00580601649817 and parameters: {'learning_rate': 0.019169390800057733, 'depth': 10, 'l2_leaf_reg': 0.24717510361081774, 'min_child_samples': 1}. Best is trial 145 with value: 1.9973311923875388.
[I 2025-03-04 21:33:20,837] Trial 348 finished with value: 2.0034478481611178 and parameters: {'learning_rate': 0.0189687569394287, 'depth': 11, 'l2_leaf_reg': 0.0011782189956904554, 'min_child_samples': 32}. Best is trial 145 with value: 1.9973311923875388.
[I 2025-03-04 21:33:22,827] Trial 349 finished with value: 2.0023319675710156 and parameters: {'learning_rate': 0.017753899451079504, 'depth': 10, 'l2_leaf_reg': 0.15543794757981524, 'min_child_samples': 1}. Best is trial 145 with value: 1.9973311923875388.
[I 2025-03-04 21:33:24,831] Trial 350 finished with value: 1.9992663488530453 and parameters: {'learning_rate': 0.019565978405778495, 'depth': 10, 'l2_leaf_reg': 0.056217151302114, 'min_child_samples': 1}. Best is trial 145 with value: 1.9973311923875388.
[I 2025-03-04 21:33:26,725] Trial 351 finished with value: 2.0063914430674616 and parameters: {'learning_rate': 0.01842494202907417, 'depth': 9, 'l2_leaf_reg': 0.062297537716790835, 'min_child_samples': 1}. Best is trial 145 with value: 1.9973311923875388.
[I 2025-03-04 21:33:28,999] Trial 352 finished with value: 2.0047472344822976 and parameters: {'learning_rate': 0.01930533333233927, 'depth': 10, 'l2_leaf_reg': 0.21234019872237164, 'min_child_samples': 1}. Best is trial 145 with value: 1.9973311923875388.
[I 2025-03-04 21:33:31,531] Trial 353 finished with value: 1.9980021795029193 and parameters: {'learning_rate': 0.0186750697303711, 'depth': 11, 'l2_leaf_reg': 0.13796592446913228, 'min_child_samples': 1}. Best is trial 145 with value: 1.9973311923875388.
[I 2025-03-04 21:33:33,910] Trial 354 finished with value: 2.00415624351712 and parameters: {'learning_rate': 0.018153668859762623, 'depth': 11, 'l2_leaf_reg': 0.001517060637016926, 'min_child_samples': 1}. Best is trial 145 with value: 1.9973311923875388.
[I 2025-03-04 21:33:36,864] Trial 355 finished with value: 2.010596034543307 and parameters: {'learning_rate': 0.018724543701167603, 'depth': 12, 'l2_leaf_reg': 2.881081952551188, 'min_child_samples': 1}. Best is trial 145 with value: 1.9973311923875388.
[I 2025-03-04 21:33:39,136] Trial 356 finished with value: 2.0080300671987894 and parameters: {'learning_rate': 0.018567673712413156, 'depth': 11, 'l2_leaf_reg': 0.10227977512329814, 'min_child_samples': 1}. Best is trial 145 with value: 1.9973311923875388.
[I 2025-03-04 21:33:41,523] Trial 357 finished with value: 2.0108967941115585 and parameters: {'learning_rate': 0.018033833031534115, 'depth': 11, 'l2_leaf_reg': 0.17636046595477484, 'min_child_samples': 1}. Best is trial 145 with value: 1.9973311923875388.
[I 2025-03-04 21:33:43,953] Trial 358 finished with value: 2.007195139743544 and parameters: {'learning_rate': 0.01899059795537412, 'depth': 11, 'l2_leaf_reg': 0.3059737760562893, 'min_child_samples': 1}. Best is trial 145 with value: 1.9973311923875388.
[I 2025-03-04 21:33:46,348] Trial 359 finished with value: 2.0066765375993283 and parameters: {'learning_rate': 0.016195342363070214, 'depth': 11, 'l2_leaf_reg': 0.050428196689133675, 'min_child_samples': 1}. Best is trial 145 with value: 1.9973311923875388.
[I 2025-03-04 21:33:49,790] Trial 360 finished with value: 2.005597474278846 and parameters: {'learning_rate': 0.015751807874199712, 'depth': 12, 'l2_leaf_reg': 0.24410641622963403, 'min_child_samples': 1}. Best is trial 145 with value: 1.9973311923875388.
[I 2025-03-04 21:33:51,967] Trial 361 finished with value: 2.0009913139185516 and parameters: {'learning_rate': 0.01678978188190595, 'depth': 10, 'l2_leaf_reg': 0.12710464681511174, 'min_child_samples': 1}. Best is trial 145 with value: 1.9973311923875388.
[I 2025-03-04 21:33:54,246] Trial 362 finished with value: 2.0096614933048373 and parameters: {'learning_rate': 0.017173060255545623, 'depth': 11, 'l2_leaf_reg': 0.09467550709680381, 'min_child_samples': 1}. Best is trial 145 with value: 1.9973311923875388.
[I 2025-03-04 21:33:56,203] Trial 363 finished with value: 2.009723082515556 and parameters: {'learning_rate': 0.017473730108521383, 'depth': 10, 'l2_leaf_reg': 0.05281613630012023, 'min_child_samples': 1}. Best is trial 145 with value: 1.9973311923875388.
[I 2025-03-04 21:33:58,026] Trial 364 finished with value: 2.009627691243763 and parameters: {'learning_rate': 0.01687178123713651, 'depth': 10, 'l2_leaf_reg': 0.1299012086751899, 'min_child_samples': 1}. Best is trial 145 with value: 1.9973311923875388.
[I 2025-03-04 21:33:59,750] Trial 365 finished with value: 2.008951523368258 and parameters: {'learning_rate': 0.017966499626078204, 'depth': 9, 'l2_leaf_reg': 0.052027796136655285, 'min_child_samples': 1}. Best is trial 145 with value: 1.9973311923875388.
[I 2025-03-04 21:34:00,950] Trial 366 finished with value: 2.0833702400062126 and parameters: {'learning_rate': 0.012868536755831632, 'depth': 1, 'l2_leaf_reg': 0.0028202737106416756, 'min_child_samples': 1}. Best is trial 145 with value: 1.9973311923875388.
[I 2025-03-04 21:34:03,293] Trial 367 finished with value: 2.0051864423618873 and parameters: {'learning_rate': 0.018626792067172437, 'depth': 11, 'l2_leaf_reg': 0.14262622040625453, 'min_child_samples': 1}. Best is trial 145 with value: 1.9973311923875388.
[I 2025-03-04 21:34:05,150] Trial 368 finished with value: 2.012075765149035 and parameters: {'learning_rate': 0.015258080220171737, 'depth': 10, 'l2_leaf_reg': 0.22431481017454705, 'min_child_samples': 1}. Best is trial 145 with value: 1.9973311923875388.
[I 2025-03-04 21:34:07,274] Trial 369 finished with value: 2.0096530956585594 and parameters: {'learning_rate': 0.014142855157022157, 'depth': 10, 'l2_leaf_reg': 0.33676156088396353, 'min_child_samples': 1}. Best is trial 145 with value: 1.9973311923875388.
[I 2025-03-04 21:34:09,769] Trial 370 finished with value: 2.001666711620178 and parameters: {'learning_rate': 0.01657672540179568, 'depth': 11, 'l2_leaf_reg': 1.207771555187714, 'min_child_samples': 1}. Best is trial 145 with value: 1.9973311923875388.
[I 2025-03-04 21:34:11,621] Trial 371 finished with value: 2.0060168488326555 and parameters: {'learning_rate': 0.01821728805169399, 'depth': 10, 'l2_leaf_reg': 0.10440157402035542, 'min_child_samples': 1}. Best is trial 145 with value: 1.9973311923875388.
[I 2025-03-04 21:34:12,914] Trial 372 finished with value: 2.029273978139033 and parameters: {'learning_rate': 0.01906036446466502, 'depth': 4, 'l2_leaf_reg': 0.18691881685346168, 'min_child_samples': 8}. Best is trial 145 with value: 1.9973311923875388.
[I 2025-03-04 21:34:14,910] Trial 373 finished with value: 2.0079706510420507 and parameters: {'learning_rate': 0.01771534788331721, 'depth': 9, 'l2_leaf_reg': 1.7767671995636556, 'min_child_samples': 1}. Best is trial 145 with value: 1.9973311923875388.
[I 2025-03-04 21:34:19,371] Trial 374 finished with value: 2.0175310802564894 and parameters: {'learning_rate': 0.018724328721186772, 'depth': 13, 'l2_leaf_reg': 0.05295440425190159, 'min_child_samples': 1}. Best is trial 145 with value: 1.9973311923875388.
[I 2025-03-04 21:34:21,238] Trial 375 finished with value: 2.010720683984732 and parameters: {'learning_rate': 0.019497707186792213, 'depth': 10, 'l2_leaf_reg': 0.0007653009140032238, 'min_child_samples': 1}. Best is trial 145 with value: 1.9973311923875388.
[I 2025-03-04 21:34:24,006] Trial 376 finished with value: 2.0050166235255737 and parameters: {'learning_rate': 0.012618010643727752, 'depth': 11, 'l2_leaf_reg': 0.27249520158981905, 'min_child_samples': 1}. Best is trial 145 with value: 1.9973311923875388.
[I 2025-03-04 21:34:25,904] Trial 377 finished with value: 2.0055892082676214 and parameters: {'learning_rate': 0.019229781479634264, 'depth': 10, 'l2_leaf_reg': 0.13140502487897265, 'min_child_samples': 1}. Best is trial 145 with value: 1.9973311923875388.
[I 2025-03-04 21:34:27,617] Trial 378 finished with value: 2.0044735138714485 and parameters: {'learning_rate': 0.01890366726279883, 'depth': 9, 'l2_leaf_reg': 0.08746010985879364, 'min_child_samples': 16}. Best is trial 145 with value: 1.9973311923875388.
[I 2025-03-04 21:34:30,670] Trial 379 finished with value: 2.0086273551399367 and parameters: {'learning_rate': 0.00686971273386831, 'depth': 11, 'l2_leaf_reg': 0.1769060453244558, 'min_child_samples': 1}. Best is trial 145 with value: 1.9973311923875388.
[I 2025-03-04 21:34:32,948] Trial 380 finished with value: 2.002026931477491 and parameters: {'learning_rate': 0.019578440583549194, 'depth': 10, 'l2_leaf_reg': 0.23150817636706178, 'min_child_samples': 8}. Best is trial 145 with value: 1.9973311923875388.
[I 2025-03-04 21:34:35,913] Trial 381 finished with value: 2.0105417846210454 and parameters: {'learning_rate': 0.018161662462265256, 'depth': 12, 'l2_leaf_reg': 0.09997258186781594, 'min_child_samples': 1}. Best is trial 145 with value: 1.9973311923875388.
[I 2025-03-04 21:34:37,819] Trial 382 finished with value: 2.007545320823343 and parameters: {'learning_rate': 0.018431414991382074, 'depth': 10, 'l2_leaf_reg': 0.43190138636419456, 'min_child_samples': 1}. Best is trial 145 with value: 1.9973311923875388.
[I 2025-03-04 21:34:40,573] Trial 383 finished with value: 2.0026391160218626 and parameters: {'learning_rate': 0.013032242840315742, 'depth': 11, 'l2_leaf_reg': 0.1548935560853646, 'min_child_samples': 1}. Best is trial 145 with value: 1.9973311923875388.
[I 2025-03-04 21:34:42,319] Trial 384 finished with value: 2.008946380370078 and parameters: {'learning_rate': 0.019306092013732453, 'depth': 10, 'l2_leaf_reg': 0.05286524886595747, 'min_child_samples': 1}. Best is trial 145 with value: 1.9973311923875388.
[I 2025-03-04 21:34:44,569] Trial 385 finished with value: 2.019198972807298 and parameters: {'learning_rate': 0.004138461785512184, 'depth': 9, 'l2_leaf_reg': 0.2079182027078543, 'min_child_samples': 1}. Best is trial 145 with value: 1.9973311923875388.
[I 2025-03-04 21:34:46,430] Trial 386 finished with value: 2.0039609218664243 and parameters: {'learning_rate': 0.019613743546515346, 'depth': 10, 'l2_leaf_reg': 0.10903663939630863, 'min_child_samples': 1}. Best is trial 145 with value: 1.9973311923875388.
[I 2025-03-04 21:34:48,711] Trial 387 finished with value: 2.007956786075893 and parameters: {'learning_rate': 0.019054256594749693, 'depth': 11, 'l2_leaf_reg': 0.04653101445381594, 'min_child_samples': 8}. Best is trial 145 with value: 1.9973311923875388.
[I 2025-03-04 21:34:50,311] Trial 388 finished with value: 2.006537446583722 and parameters: {'learning_rate': 0.017498131217405073, 'depth': 9, 'l2_leaf_reg': 0.27941481030214527, 'min_child_samples': 1}. Best is trial 145 with value: 1.9973311923875388.
[I 2025-03-04 21:34:52,370] Trial 389 finished with value: 2.006395891721006 and parameters: {'learning_rate': 0.015885152686016587, 'depth': 10, 'l2_leaf_reg': 1.456995933702895, 'min_child_samples': 1}. Best is trial 145 with value: 1.9973311923875388.
[I 2025-03-04 21:34:54,288] Trial 390 finished with value: 2.0073524184136344 and parameters: {'learning_rate': 0.014765869342274206, 'depth': 10, 'l2_leaf_reg': 0.15546511856794246, 'min_child_samples': 1}. Best is trial 145 with value: 1.9973311923875388.
[I 2025-03-04 21:34:56,968] Trial 391 finished with value: 2.0034716777737533 and parameters: {'learning_rate': 0.013760792784135842, 'depth': 11, 'l2_leaf_reg': 0.00571780339226839, 'min_child_samples': 1}. Best is trial 145 with value: 1.9973311923875388.
[I 2025-03-04 21:34:58,978] Trial 392 finished with value: 2.0018269136524394 and parameters: {'learning_rate': 0.01865050127351457, 'depth': 10, 'l2_leaf_reg': 0.08889936209024146, 'min_child_samples': 16}. Best is trial 145 with value: 1.9973311923875388.
[I 2025-03-04 21:35:00,889] Trial 393 finished with value: 2.0070712309860315 and parameters: {'learning_rate': 0.01934757456105995, 'depth': 10, 'l2_leaf_reg': 0.19497025215830913, 'min_child_samples': 1}. Best is trial 145 with value: 1.9973311923875388.
[I 2025-03-04 21:35:02,522] Trial 394 finished with value: 2.0106448638482077 and parameters: {'learning_rate': 0.019624818470083776, 'depth': 9, 'l2_leaf_reg': 0.3412083339020253, 'min_child_samples': 1}. Best is trial 145 with value: 1.9973311923875388.
[I 2025-03-04 21:35:05,959] Trial 395 finished with value: 2.0100463710855165 and parameters: {'learning_rate': 0.012399829829428735, 'depth': 12, 'l2_leaf_reg': 0.1440330211674451, 'min_child_samples': 1}. Best is trial 145 with value: 1.9973311923875388.
[I 2025-03-04 21:35:08,157] Trial 396 finished with value: 2.0091492068104237 and parameters: {'learning_rate': 0.01835976170155842, 'depth': 11, 'l2_leaf_reg': 0.24488488771210604, 'min_child_samples': 8}. Best is trial 145 with value: 1.9973311923875388.
[I 2025-03-04 21:35:09,899] Trial 397 finished with value: 2.0091127555373274 and parameters: {'learning_rate': 0.01892397785415577, 'depth': 10, 'l2_leaf_reg': 2.446136771133886, 'min_child_samples': 1}. Best is trial 145 with value: 1.9973311923875388.
[I 2025-03-04 21:35:11,834] Trial 398 finished with value: 2.005767420265563 and parameters: {'learning_rate': 0.01998098087469246, 'depth': 10, 'l2_leaf_reg': 0.05526403041036542, 'min_child_samples': 1}. Best is trial 145 with value: 1.9973311923875388.
[I 2025-03-04 21:35:14,865] Trial 399 finished with value: 2.00749335380087 and parameters: {'learning_rate': 0.0057202043306808165, 'depth': 11, 'l2_leaf_reg': 0.002095019776092272, 'min_child_samples': 1}. Best is trial 145 with value: 1.9973311923875388.
[I 2025-03-04 21:35:16,714] Trial 400 finished with value: 2.007208072849353 and parameters: {'learning_rate': 0.01939961472105833, 'depth': 10, 'l2_leaf_reg': 0.10554380400248722, 'min_child_samples': 1}. Best is trial 145 with value: 1.9973311923875388.
[I 2025-03-04 21:35:18,643] Trial 401 finished with value: 2.008010115328437 and parameters: {'learning_rate': 0.016716663047914176, 'depth': 9, 'l2_leaf_reg': 0.19681643374724145, 'min_child_samples': 4}. Best is trial 145 with value: 1.9973311923875388.
[I 2025-03-04 21:35:20,928] Trial 402 finished with value: 2.0036795672936645 and parameters: {'learning_rate': 0.013283033262098518, 'depth': 10, 'l2_leaf_reg': 0.12813252900161912, 'min_child_samples': 1}. Best is trial 145 with value: 1.9973311923875388.
[I 2025-03-04 21:35:23,187] Trial 403 finished with value: 2.0017461507697405 and parameters: {'learning_rate': 0.01789126054149777, 'depth': 11, 'l2_leaf_reg': 0.06533609685821877, 'min_child_samples': 1}. Best is trial 145 with value: 1.9973311923875388.
[I 2025-03-04 21:35:25,106] Trial 404 finished with value: 2.0090531395773765 and parameters: {'learning_rate': 0.019648813287043355, 'depth': 10, 'l2_leaf_reg': 1.047977569642915, 'min_child_samples': 32}. Best is trial 145 with value: 1.9973311923875388.
[I 2025-03-04 21:35:27,353] Trial 405 finished with value: 2.0106844492746574 and parameters: {'learning_rate': 0.01914072309363704, 'depth': 11, 'l2_leaf_reg': 0.22649937046297647, 'min_child_samples': 4}. Best is trial 145 with value: 1.9973311923875388.
[I 2025-03-04 21:35:29,651] Trial 406 finished with value: 2.0041105323153565 and parameters: {'learning_rate': 0.011809800425247909, 'depth': 10, 'l2_leaf_reg': 0.000553130767635357, 'min_child_samples': 8}. Best is trial 145 with value: 1.9973311923875388.
[I 2025-03-04 21:35:31,741] Trial 407 finished with value: 2.003930117620295 and parameters: {'learning_rate': 0.018763665603187804, 'depth': 10, 'l2_leaf_reg': 0.30138104910384234, 'min_child_samples': 1}. Best is trial 145 with value: 1.9973311923875388.
[I 2025-03-04 21:35:33,551] Trial 408 finished with value: 2.0035621901635134 and parameters: {'learning_rate': 0.019653340073902938, 'depth': 10, 'l2_leaf_reg': 0.16158658984860105, 'min_child_samples': 32}. Best is trial 145 with value: 1.9973311923875388.
[I 2025-03-04 21:35:35,469] Trial 409 finished with value: 2.006350963540617 and parameters: {'learning_rate': 0.012685937442672976, 'depth': 9, 'l2_leaf_reg': 0.09281526842452142, 'min_child_samples': 1}. Best is trial 145 with value: 1.9973311923875388.
[I 2025-03-04 21:35:37,768] Trial 410 finished with value: 2.0089739216563154 and parameters: {'learning_rate': 0.019187225824795987, 'depth': 11, 'l2_leaf_reg': 0.06196412243939149, 'min_child_samples': 1}. Best is trial 145 with value: 1.9973311923875388.
[I 2025-03-04 21:35:39,805] Trial 411 finished with value: 2.0017888491555564 and parameters: {'learning_rate': 0.018461344071481672, 'depth': 10, 'l2_leaf_reg': 0.1446583877165999, 'min_child_samples': 32}. Best is trial 145 with value: 1.9973311923875388.
[I 2025-03-04 21:35:41,803] Trial 412 finished with value: 2.006249318444638 and parameters: {'learning_rate': 0.019735598968515566, 'depth': 10, 'l2_leaf_reg': 0.24934053078021806, 'min_child_samples': 4}. Best is trial 145 with value: 1.9973311923875388.
[I 2025-03-04 21:35:44,249] Trial 413 finished with value: 2.0001514816341897 and parameters: {'learning_rate': 0.019973454594017052, 'depth': 11, 'l2_leaf_reg': 0.19435311734998453, 'min_child_samples': 16}. Best is trial 145 with value: 1.9973311923875388.
[I 2025-03-04 21:35:46,457] Trial 414 finished with value: 2.0058448820371053 and parameters: {'learning_rate': 0.019569265484921224, 'depth': 11, 'l2_leaf_reg': 0.8730833235148407, 'min_child_samples': 16}. Best is trial 145 with value: 1.9973311923875388.
[I 2025-03-04 21:35:49,653] Trial 415 finished with value: 2.003076581044392 and parameters: {'learning_rate': 0.019928741983775856, 'depth': 12, 'l2_leaf_reg': 0.3760024136744899, 'min_child_samples': 16}. Best is trial 145 with value: 1.9973311923875388.
[I 2025-03-04 21:35:52,127] Trial 416 finished with value: 2.0053891478496593 and parameters: {'learning_rate': 0.019321657955113782, 'depth': 11, 'l2_leaf_reg': 0.26772215602693, 'min_child_samples': 32}. Best is trial 145 with value: 1.9973311923875388.
[I 2025-03-04 21:35:54,778] Trial 417 finished with value: 2.0117816101811234 and parameters: {'learning_rate': 0.019975323144301914, 'depth': 12, 'l2_leaf_reg': 0.19831418434164874, 'min_child_samples': 16}. Best is trial 145 with value: 1.9973311923875388.
[I 2025-03-04 21:35:57,119] Trial 418 finished with value: 2.0026146198273618 and parameters: {'learning_rate': 0.019998748721995915, 'depth': 11, 'l2_leaf_reg': 0.3118319331366156, 'min_child_samples': 16}. Best is trial 145 with value: 1.9973311923875388.
[I 2025-03-04 21:35:59,597] Trial 419 finished with value: 2.006580232234362 and parameters: {'learning_rate': 0.018896219318451667, 'depth': 11, 'l2_leaf_reg': 0.05387605774125148, 'min_child_samples': 16}. Best is trial 145 with value: 1.9973311923875388.
[I 2025-03-04 21:36:02,203] Trial 420 finished with value: 2.0053881723005778 and parameters: {'learning_rate': 0.01932795005484859, 'depth': 11, 'l2_leaf_reg': 0.18038306792856215, 'min_child_samples': 4}. Best is trial 145 with value: 1.9973311923875388.
[I 2025-03-04 21:36:04,404] Trial 421 finished with value: 2.007198983373925 and parameters: {'learning_rate': 0.01956866245611693, 'depth': 11, 'l2_leaf_reg': 1.3385187651857575, 'min_child_samples': 16}. Best is trial 145 with value: 1.9973311923875388.
[I 2025-03-04 21:36:06,065] Trial 422 finished with value: 2.0033974756332276 and parameters: {'learning_rate': 0.018921849608876707, 'depth': 9, 'l2_leaf_reg': 0.11015692563807009, 'min_child_samples': 16}. Best is trial 145 with value: 1.9973311923875388.
[I 2025-03-04 21:36:08,583] Trial 423 finished with value: 2.0053877345236937 and parameters: {'learning_rate': 0.01933678751087771, 'depth': 11, 'l2_leaf_reg': 0.0021153772882329114, 'min_child_samples': 32}. Best is trial 145 with value: 1.9973311923875388.
[I 2025-03-04 21:36:10,634] Trial 424 finished with value: 2.002026965329949 and parameters: {'learning_rate': 0.01957324124211682, 'depth': 10, 'l2_leaf_reg': 0.24152473941382566, 'min_child_samples': 16}. Best is trial 145 with value: 1.9973311923875388.
