[I 2025-03-04 21:26:47,973] Trial 170 finished with value: 2.0217970996631283 and parameters: {'learning_rate': 0.003704420849032575, 'depth': 10, 'l2_leaf_reg': 0.051585276148276925, 'min_child_samples': 1}. Best is trial 145 with value: 1.9973311923875388.
[I 2025-03-04 21:26:51,334] Trial 171 finished with value: 2.0091786856464626 and parameters: {'learning_rate': 0.009750123198045663, 'depth': 10, 'l2_leaf_reg': 0.06894893731160866, 'min_child_samples': 4}. Best is trial 145 with value: 1.9973311923875388.
[I 2025-03-04 21:26:54,563] Trial 172 finished with value: 2.0044687740915497 and parameters: {'learning_rate': 0.012426953627794304, 'depth': 10, 'l2_leaf_reg': 0.20369908262405528, 'min_child_samples': 1}. Best is trial 145 with value: 1.9973311923875388.
[I 2025-03-04 21:26:58,887] Trial 173 finished with value: 2.0053026134023315 and parameters: {'learning_rate': 0.011501346988594147, 'depth': 11, 'l2_leaf_reg': 0.12609921229032775, 'min_child_samples': 1}. Best is trial 145 with value: 1.9973311923875388.
[I 2025-03-04 21:27:01,825] Trial 174 finished with value: 2.0055064339272026 and parameters: {'learning_rate': 0.012176513643142749, 'depth': 9, 'l2_leaf_reg': 0.30253533032747937, 'min_child_samples': 4}. Best is trial 145 with value: 1.9973311923875388.
[I 2025-03-04 21:27:05,570] Trial 175 finished with value: 2.0022106091412266 and parameters: {'learning_rate': 0.010968878022893728, 'depth': 10, 'l2_leaf_reg': 0.00010139513701634684, 'min_child_samples': 1}. Best is trial 145 with value: 1.9973311923875388.
[I 2025-03-04 21:27:08,943] Trial 176 finished with value: 2.0074122802429555 and parameters: {'learning_rate': 0.019379135520822748, 'depth': 11, 'l2_leaf_reg': 0.1669372720512503, 'min_child_samples': 32}. Best is trial 145 with value: 1.9973311923875388.
[I 2025-03-04 21:27:12,355] Trial 177 finished with value: 2.008115029682074 and parameters: {'learning_rate': 0.010528710760665968, 'depth': 10, 'l2_leaf_reg': 0.24587566288443635, 'min_child_samples': 1}. Best is trial 145 with value: 1.9973311923875388.
[I 2025-03-04 21:27:14,794] Trial 178 finished with value: 2.001157057073713 and parameters: {'learning_rate': 0.018856467951618095, 'depth': 9, 'l2_leaf_reg': 0.09392965483862852, 'min_child_samples': 4}. Best is trial 145 with value: 1.9973311923875388.
[I 2025-03-04 21:27:17,401] Trial 179 finished with value: 2.005599948737711 and parameters: {'learning_rate': 0.01888284157326961, 'depth': 9, 'l2_leaf_reg': 0.08621073051319288, 'min_child_samples': 4}. Best is trial 145 with value: 1.9973311923875388.
[I 2025-03-04 21:27:20,475] Trial 180 finished with value: 2.0083102931831918 and parameters: {'learning_rate': 0.012368316685456408, 'depth': 9, 'l2_leaf_reg': 0.15014754814713033, 'min_child_samples': 1}. Best is trial 145 with value: 1.9973311923875388.
[I 2025-03-04 21:27:23,084] Trial 181 finished with value: 2.012680865216555 and parameters: {'learning_rate': 0.019103124495984728, 'depth': 10, 'l2_leaf_reg': 0.0808084301001996, 'min_child_samples': 4}. Best is trial 145 with value: 1.9973311923875388.
[I 2025-03-04 21:27:25,060] Trial 182 finished with value: 2.000724153711756 and parameters: {'learning_rate': 0.01975197570934122, 'depth': 10, 'l2_leaf_reg': 0.0002511139700666909, 'min_child_samples': 4}. Best is trial 145 with value: 1.9973311923875388.
[I 2025-03-04 21:27:26,886] Trial 183 finished with value: 2.0059154060260043 and parameters: {'learning_rate': 0.019547925687723313, 'depth': 10, 'l2_leaf_reg': 0.004458029129600041, 'min_child_samples': 4}. Best is trial 145 with value: 1.9973311923875388.
[I 2025-03-04 21:27:28,849] Trial 184 finished with value: 2.0014963652558597 and parameters: {'learning_rate': 0.018642495529708526, 'depth': 10, 'l2_leaf_reg': 2.079951715776299, 'min_child_samples': 4}. Best is trial 145 with value: 1.9973311923875388.
[I 2025-03-04 21:27:30,600] Trial 185 finished with value: 2.0044089859154828 and parameters: {'learning_rate': 0.01863325269414056, 'depth': 10, 'l2_leaf_reg': 2.2619722009650443, 'min_child_samples': 4}. Best is trial 145 with value: 1.9973311923875388.
[I 2025-03-04 21:27:32,450] Trial 186 finished with value: 2.005665960996646 and parameters: {'learning_rate': 0.01805899746210045, 'depth': 9, 'l2_leaf_reg': 1.9089597796407942, 'min_child_samples': 4}. Best is trial 145 with value: 1.9973311923875388.
[I 2025-03-04 21:27:34,905] Trial 187 finished with value: 2.15516985127695 and parameters: {'learning_rate': 0.00024146442402215446, 'depth': 10, 'l2_leaf_reg': 2.0616373666431493, 'min_child_samples': 8}. Best is trial 145 with value: 1.9973311923875388.
[I 2025-03-04 21:27:36,728] Trial 188 finished with value: 2.00768535117915 and parameters: {'learning_rate': 0.01830079319812698, 'depth': 10, 'l2_leaf_reg': 2.0933473436700623, 'min_child_samples': 1}. Best is trial 145 with value: 1.9973311923875388.
[I 2025-03-04 21:27:38,117] Trial 189 finished with value: 2.015779146991305 and parameters: {'learning_rate': 0.01994913028778391, 'depth': 8, 'l2_leaf_reg': 0.06188882071674455, 'min_child_samples': 1}. Best is trial 145 with value: 1.9973311923875388.
[I 2025-03-04 21:27:39,705] Trial 190 finished with value: 2.012235481155552 and parameters: {'learning_rate': 0.019095228242661393, 'depth': 9, 'l2_leaf_reg': 0.11146030050013844, 'min_child_samples': 4}. Best is trial 145 with value: 1.9973311923875388.
[I 2025-03-04 21:27:41,595] Trial 191 finished with value: 2.0021445590168305 and parameters: {'learning_rate': 0.019539602554668273, 'depth': 10, 'l2_leaf_reg': 0.2119282196457385, 'min_child_samples': 4}. Best is trial 145 with value: 1.9973311923875388.
[I 2025-03-04 21:27:43,974] Trial 192 finished with value: 2.0004337622174604 and parameters: {'learning_rate': 0.013247900128907813, 'depth': 10, 'l2_leaf_reg': 0.17330101159598016, 'min_child_samples': 4}. Best is trial 145 with value: 1.9973311923875388.
[I 2025-03-04 21:27:45,924] Trial 193 finished with value: 2.0027278407102664 and parameters: {'learning_rate': 0.013303154910963032, 'depth': 10, 'l2_leaf_reg': 0.16975686150078578, 'min_child_samples': 4}. Best is trial 145 with value: 1.9973311923875388.
[I 2025-03-04 21:27:47,753] Trial 194 finished with value: 2.0056346111099033 and parameters: {'learning_rate': 0.01921954123981779, 'depth': 10, 'l2_leaf_reg': 0.058747199940301566, 'min_child_samples': 4}. Best is trial 145 with value: 1.9973311923875388.
[I 2025-03-04 21:27:49,570] Trial 195 finished with value: 2.0092144081872827 and parameters: {'learning_rate': 0.0185982900686494, 'depth': 10, 'l2_leaf_reg': 0.2565692722489546, 'min_child_samples': 4}. Best is trial 145 with value: 1.9973311923875388.
[I 2025-03-04 21:27:51,423] Trial 196 finished with value: 2.00957289343718 and parameters: {'learning_rate': 0.01769795678619197, 'depth': 9, 'l2_leaf_reg': 0.12951749959629555, 'min_child_samples': 16}. Best is trial 145 with value: 1.9973311923875388.
[I 2025-03-04 21:27:53,379] Trial 197 finished with value: 2.0019873106511925 and parameters: {'learning_rate': 0.019670469179964734, 'depth': 10, 'l2_leaf_reg': 0.0042495149066987, 'min_child_samples': 1}. Best is trial 145 with value: 1.9973311923875388.
[I 2025-03-04 21:27:55,315] Trial 198 finished with value: 2.0059919598640117 and parameters: {'learning_rate': 0.010901435413660116, 'depth': 9, 'l2_leaf_reg': 0.19461836424078077, 'min_child_samples': 4}. Best is trial 145 with value: 1.9973311923875388.
[I 2025-03-04 21:27:57,603] Trial 199 finished with value: 2.0035515021647368 and parameters: {'learning_rate': 0.012975257345148471, 'depth': 10, 'l2_leaf_reg': 0.12022547013876606, 'min_child_samples': 1}. Best is trial 145 with value: 1.9973311923875388.
[I 2025-03-04 21:27:59,957] Trial 200 finished with value: 2.0024711878703196 and parameters: {'learning_rate': 0.018857173625862585, 'depth': 11, 'l2_leaf_reg': 2.2124511141098013, 'min_child_samples': 4}. Best is trial 145 with value: 1.9973311923875388.
[I 2025-03-04 21:28:02,844] Trial 201 finished with value: 2.0001432225219964 and parameters: {'learning_rate': 0.01269831415939332, 'depth': 11, 'l2_leaf_reg': 0.22241722659063198, 'min_child_samples': 4}. Best is trial 145 with value: 1.9973311923875388.
[I 2025-03-04 21:28:05,960] Trial 202 finished with value: 2.0049373760516156 and parameters: {'learning_rate': 0.013709011531783014, 'depth': 11, 'l2_leaf_reg': 0.2730690375140177, 'min_child_samples': 4}. Best is trial 145 with value: 1.9973311923875388.
[I 2025-03-04 21:28:08,101] Trial 203 finished with value: 2.0048053205279777 and parameters: {'learning_rate': 0.012885155166816906, 'depth': 10, 'l2_leaf_reg': 0.054607229810641325, 'min_child_samples': 4}. Best is trial 145 with value: 1.9973311923875388.
[I 2025-03-04 21:28:09,818] Trial 204 finished with value: 2.008672829513893 and parameters: {'learning_rate': 0.011640873629005745, 'depth': 8, 'l2_leaf_reg': 0.1914722651453264, 'min_child_samples': 4}. Best is trial 145 with value: 1.9973311923875388.
[I 2025-03-04 21:28:11,774] Trial 205 finished with value: 2.00080477498581 and parameters: {'learning_rate': 0.0199916937485763, 'depth': 10, 'l2_leaf_reg': 2.0147558171821025, 'min_child_samples': 1}. Best is trial 145 with value: 1.9973311923875388.
[I 2025-03-04 21:28:14,048] Trial 206 finished with value: 2.006707457950705 and parameters: {'learning_rate': 0.019679903897412036, 'depth': 11, 'l2_leaf_reg': 1.999607764331559, 'min_child_samples': 4}. Best is trial 145 with value: 1.9973311923875388.
[I 2025-03-04 21:28:15,937] Trial 207 finished with value: 2.0069273970184374 and parameters: {'learning_rate': 0.019345659942610536, 'depth': 10, 'l2_leaf_reg': 2.1321669883421923, 'min_child_samples': 1}. Best is trial 145 with value: 1.9973311923875388.
[I 2025-03-04 21:28:18,810] Trial 208 finished with value: 2.0039258796227015 and parameters: {'learning_rate': 0.012732738063193241, 'depth': 11, 'l2_leaf_reg': 2.051260594962296, 'min_child_samples': 8}. Best is trial 145 with value: 1.9973311923875388.
[I 2025-03-04 21:28:20,207] Trial 209 finished with value: 2.011125274016226 and parameters: {'learning_rate': 0.019887207696277488, 'depth': 9, 'l2_leaf_reg': 0.32436805043032996, 'min_child_samples': 4}. Best is trial 145 with value: 1.9973311923875388.
[I 2025-03-04 21:28:22,274] Trial 210 finished with value: 2.005153395731432 and parameters: {'learning_rate': 0.018920191012086543, 'depth': 10, 'l2_leaf_reg': 1.8753608741002765, 'min_child_samples': 1}. Best is trial 145 with value: 1.9973311923875388.
[I 2025-03-04 21:28:23,952] Trial 211 finished with value: 2.0026428474722255 and parameters: {'learning_rate': 0.019960138179421834, 'depth': 10, 'l2_leaf_reg': 1.935406766628549, 'min_child_samples': 1}. Best is trial 145 with value: 1.9973311923875388.
[I 2025-03-04 21:28:26,492] Trial 212 finished with value: 2.0015378254712695 and parameters: {'learning_rate': 0.012039991057711853, 'depth': 10, 'l2_leaf_reg': 0.14080470995620556, 'min_child_samples': 1}. Best is trial 145 with value: 1.9973311923875388.
[I 2025-03-04 21:28:28,452] Trial 213 finished with value: 2.005585129702647 and parameters: {'learning_rate': 0.012205511127055637, 'depth': 10, 'l2_leaf_reg': 0.144410399133399, 'min_child_samples': 1}. Best is trial 145 with value: 1.9973311923875388.
[I 2025-03-04 21:28:30,938] Trial 214 finished with value: 2.001853771390514 and parameters: {'learning_rate': 0.01331461506470478, 'depth': 10, 'l2_leaf_reg': 0.19895797587590194, 'min_child_samples': 1}. Best is trial 145 with value: 1.9973311923875388.
[I 2025-03-04 21:28:33,082] Trial 215 finished with value: 2.007823326470742 and parameters: {'learning_rate': 0.011925987835942141, 'depth': 10, 'l2_leaf_reg': 0.25310091672596563, 'min_child_samples': 1}. Best is trial 145 with value: 1.9973311923875388.
[I 2025-03-04 21:28:35,655] Trial 216 finished with value: 2.00687652942827 and parameters: {'learning_rate': 0.012674597423421235, 'depth': 11, 'l2_leaf_reg': 2.0076825988579254, 'min_child_samples': 1}. Best is trial 145 with value: 1.9973311923875388.
[I 2025-03-04 21:28:37,256] Trial 217 finished with value: 2.006810131738738 and parameters: {'learning_rate': 0.01927491130998556, 'depth': 9, 'l2_leaf_reg': 0.11960138996570288, 'min_child_samples': 4}. Best is trial 145 with value: 1.9973311923875388.
[I 2025-03-04 21:28:39,296] Trial 218 finished with value: 2.010037840036126 and parameters: {'learning_rate': 0.01830641139051102, 'depth': 11, 'l2_leaf_reg': 0.06608022128516886, 'min_child_samples': 1}. Best is trial 145 with value: 1.9973311923875388.
[I 2025-03-04 21:28:41,700] Trial 219 finished with value: 2.004990603635815 and parameters: {'learning_rate': 0.012468949802934741, 'depth': 10, 'l2_leaf_reg': 2.1151176397448674, 'min_child_samples': 32}. Best is trial 145 with value: 1.9973311923875388.
[I 2025-03-04 21:28:43,894] Trial 220 finished with value: 2.0011586644363555 and parameters: {'learning_rate': 0.013499507434179388, 'depth': 10, 'l2_leaf_reg': 0.010246570086197587, 'min_child_samples': 4}. Best is trial 145 with value: 1.9973311923875388.
[I 2025-03-04 21:28:46,114] Trial 221 finished with value: 2.0076584442372876 and parameters: {'learning_rate': 0.013571055500604877, 'depth': 10, 'l2_leaf_reg': 0.020759849663784465, 'min_child_samples': 4}. Best is trial 145 with value: 1.9973311923875388.
[I 2025-03-04 21:28:48,258] Trial 222 finished with value: 2.004107445689951 and parameters: {'learning_rate': 0.013905867647455926, 'depth': 10, 'l2_leaf_reg': 0.141062268729066, 'min_child_samples': 4}. Best is trial 145 with value: 1.9973311923875388.
[I 2025-03-04 21:28:50,233] Trial 223 finished with value: 2.0067544607757863 and parameters: {'learning_rate': 0.013223541165780063, 'depth': 10, 'l2_leaf_reg': 0.05835378947609763, 'min_child_samples': 4}. Best is trial 145 with value: 1.9973311923875388.
[I 2025-03-04 21:28:52,235] Trial 224 finished with value: 2.007623253941478 and parameters: {'learning_rate': 0.011976570027134623, 'depth': 9, 'l2_leaf_reg': 0.2197480601954965, 'min_child_samples': 4}. Best is trial 145 with value: 1.9973311923875388.
[I 2025-03-04 21:28:54,142] Trial 225 finished with value: 2.0053428476061983 and parameters: {'learning_rate': 0.014342495297677438, 'depth': 10, 'l2_leaf_reg': 0.10492805913773551, 'min_child_samples': 4}. Best is trial 145 with value: 1.9973311923875388.
[I 2025-03-04 21:28:56,578] Trial 226 finished with value: 2.0041260275609893 and parameters: {'learning_rate': 0.019493012612802913, 'depth': 11, 'l2_leaf_reg': 0.16928062094899585, 'min_child_samples': 1}. Best is trial 145 with value: 1.9973311923875388.
[I 2025-03-04 21:28:58,144] Trial 227 finished with value: 2.008527102422519 and parameters: {'learning_rate': 0.01724533705833751, 'depth': 9, 'l2_leaf_reg': 0.0193267752873737, 'min_child_samples': 1}. Best is trial 145 with value: 1.9973311923875388.
[I 2025-03-04 21:29:00,704] Trial 228 finished with value: 2.005182179026241 and parameters: {'learning_rate': 0.01305767138969598, 'depth': 10, 'l2_leaf_reg': 0.27690432133965254, 'min_child_samples': 4}. Best is trial 145 with value: 1.9973311923875388.
[I 2025-03-04 21:29:02,488] Trial 229 finished with value: 2.0022704678809697 and parameters: {'learning_rate': 0.01999563566227864, 'depth': 10, 'l2_leaf_reg': 0.10431645122839753, 'min_child_samples': 8}. Best is trial 145 with value: 1.9973311923875388.
[I 2025-03-04 21:29:04,138] Trial 230 finished with value: 2.010635942350939 and parameters: {'learning_rate': 0.012427624203396883, 'depth': 8, 'l2_leaf_reg': 0.008133179538578944, 'min_child_samples': 1}. Best is trial 145 with value: 1.9973311923875388.
[I 2025-03-04 21:29:06,141] Trial 231 finished with value: 2.0050160986873258 and parameters: {'learning_rate': 0.011421520315286336, 'depth': 10, 'l2_leaf_reg': 0.10205932831477726, 'min_child_samples': 1}. Best is trial 145 with value: 1.9973311923875388.
[I 2025-03-04 21:29:08,387] Trial 232 finished with value: 2.002406444502994 and parameters: {'learning_rate': 0.010998666589819427, 'depth': 10, 'l2_leaf_reg': 0.0673616144874476, 'min_child_samples': 1}. Best is trial 145 with value: 1.9973311923875388.
[I 2025-03-04 21:29:10,918] Trial 233 finished with value: 2.002779381265139 and parameters: {'learning_rate': 0.010422567879543961, 'depth': 10, 'l2_leaf_reg': 0.17303546494703062, 'min_child_samples': 1}. Best is trial 145 with value: 1.9973311923875388.
[I 2025-03-04 21:29:12,915] Trial 234 finished with value: 2.0059954967509452 and parameters: {'learning_rate': 0.01892766798745126, 'depth': 10, 'l2_leaf_reg': 0.1499267318541286, 'min_child_samples': 1}. Best is trial 145 with value: 1.9973311923875388.
[I 2025-03-04 21:29:15,216] Trial 235 finished with value: 2.0099099844304815 and parameters: {'learning_rate': 0.00986378332997678, 'depth': 10, 'l2_leaf_reg': 0.055938892794946134, 'min_child_samples': 1}. Best is trial 145 with value: 1.9973311923875388.
[I 2025-03-04 21:29:17,854] Trial 236 finished with value: 2.0092448283370135 and parameters: {'learning_rate': 0.011344689958052356, 'depth': 11, 'l2_leaf_reg': 2.0569430518677, 'min_child_samples': 4}. Best is trial 145 with value: 1.9973311923875388.
[I 2025-03-04 21:29:19,806] Trial 237 finished with value: 2.007789431596723 and parameters: {'learning_rate': 0.01947024633012246, 'depth': 10, 'l2_leaf_reg': 0.22749188725961556, 'min_child_samples': 1}. Best is trial 145 with value: 1.9973311923875388.
[I 2025-03-04 21:29:21,504] Trial 238 finished with value: 2.008228167373523 and parameters: {'learning_rate': 0.018581871377053038, 'depth': 10, 'l2_leaf_reg': 0.09401752465825887, 'min_child_samples': 4}. Best is trial 145 with value: 1.9973311923875388.
[I 2025-03-04 21:29:23,317] Trial 239 finished with value: 2.0047929172025496 and parameters: {'learning_rate': 0.011863965140348822, 'depth': 9, 'l2_leaf_reg': 0.015987954582519392, 'min_child_samples': 1}. Best is trial 145 with value: 1.9973311923875388.
[I 2025-03-04 21:29:26,159] Trial 240 finished with value: 2.0055316218068007 and parameters: {'learning_rate': 0.01288335459393076, 'depth': 11, 'l2_leaf_reg': 0.17777520384462664, 'min_child_samples': 16}. Best is trial 145 with value: 1.9973311923875388.
[I 2025-03-04 21:29:28,451] Trial 241 finished with value: 2.0058628103845013 and parameters: {'learning_rate': 0.013353882051222371, 'depth': 10, 'l2_leaf_reg': 0.2147687215039703, 'min_child_samples': 1}. Best is trial 145 with value: 1.9973311923875388.
[I 2025-03-04 21:29:30,420] Trial 242 finished with value: 2.006345655805554 and parameters: {'learning_rate': 0.01341255346365609, 'depth': 10, 'l2_leaf_reg': 0.3078827038917683, 'min_child_samples': 1}. Best is trial 145 with value: 1.9973311923875388.
[I 2025-03-04 21:29:32,997] Trial 243 finished with value: 2.0022468721868534 and parameters: {'learning_rate': 0.01255998348896627, 'depth': 10, 'l2_leaf_reg': 0.2134711342050161, 'min_child_samples': 1}. Best is trial 145 with value: 1.9973311923875388.
[I 2025-03-04 21:29:35,036] Trial 244 finished with value: 2.003499087719605 and parameters: {'learning_rate': 0.013775475861695226, 'depth': 10, 'l2_leaf_reg': 0.1354126109749647, 'min_child_samples': 1}. Best is trial 145 with value: 1.9973311923875388.
[I 2025-03-04 21:29:37,575] Trial 245 finished with value: 2.0055744857820046 and parameters: {'learning_rate': 0.00946456159242543, 'depth': 10, 'l2_leaf_reg': 0.10419940826727322, 'min_child_samples': 1}. Best is trial 145 with value: 1.9973311923875388.
[I 2025-03-04 21:29:40,075] Trial 246 finished with value: 2.0019850677960083 and parameters: {'learning_rate': 0.008801999097158255, 'depth': 10, 'l2_leaf_reg': 2.192850493572667, 'min_child_samples': 4}. Best is trial 145 with value: 1.9973311923875388.
[I 2025-03-04 21:29:41,965] Trial 247 finished with value: 2.0061573936782233 and parameters: {'learning_rate': 0.013069666391001355, 'depth': 8, 'l2_leaf_reg': 0.0049977954247809485, 'min_child_samples': 1}. Best is trial 145 with value: 1.9973311923875388.
[I 2025-03-04 21:29:43,434] Trial 248 finished with value: 2.0113702448517645 and parameters: {'learning_rate': 0.01919942261196341, 'depth': 9, 'l2_leaf_reg': 0.17265822050140417, 'min_child_samples': 4}. Best is trial 145 with value: 1.9973311923875388.
[I 2025-03-04 21:29:46,075] Trial 249 finished with value: 2.001303917156454 and parameters: {'learning_rate': 0.012218767746880736, 'depth': 11, 'l2_leaf_reg': 1.9873589884197487, 'min_child_samples': 1}. Best is trial 145 with value: 1.9973311923875388.
[I 2025-03-04 21:29:48,698] Trial 250 finished with value: 2.006800594008751 and parameters: {'learning_rate': 0.012104404960692632, 'depth': 11, 'l2_leaf_reg': 2.011370108958095, 'min_child_samples': 1}. Best is trial 145 with value: 1.9973311923875388.
[I 2025-03-04 21:29:51,534] Trial 251 finished with value: 2.005560054036516 and parameters: {'learning_rate': 0.011609942235237775, 'depth': 11, 'l2_leaf_reg': 1.9454986859200054, 'min_child_samples': 4}. Best is trial 145 with value: 1.9973311923875388.
[I 2025-03-04 21:29:54,507] Trial 252 finished with value: 2.0050482578169397 and parameters: {'learning_rate': 0.012357749936214937, 'depth': 11, 'l2_leaf_reg': 2.110346820367859, 'min_child_samples': 8}. Best is trial 145 with value: 1.9973311923875388.
[I 2025-03-04 21:29:56,754] Trial 253 finished with value: 2.0102462436283033 and parameters: {'learning_rate': 0.01946051790629211, 'depth': 11, 'l2_leaf_reg': 2.05737142041609, 'min_child_samples': 1}. Best is trial 145 with value: 1.9973311923875388.
[I 2025-03-04 21:29:58,887] Trial 254 finished with value: 2.0047550103054097 and parameters: {'learning_rate': 0.008310060226456483, 'depth': 9, 'l2_leaf_reg': 1.9609794571867707, 'min_child_samples': 4}. Best is trial 145 with value: 1.9973311923875388.
