[I 2025-03-04 21:21:50,246] Trial 84 finished with value: 2.0259526575459623 and parameters: {'learning_rate': 0.015655388232027875, 'depth': 14, 'l2_leaf_reg': 0.38129015063251515, 'min_child_samples': 4}. Best is trial 21 with value: 1.9994890189621548.
[I 2025-03-04 21:21:54,292] Trial 85 finished with value: 2.0054692280113167 and parameters: {'learning_rate': 0.012290359623187693, 'depth': 11, 'l2_leaf_reg': 0.20365151614822238, 'min_child_samples': 4}. Best is trial 21 with value: 1.9994890189621548.
[I 2025-03-04 21:21:56,714] Trial 86 finished with value: 2.0070942416798783 and parameters: {'learning_rate': 0.01682385968754119, 'depth': 9, 'l2_leaf_reg': 0.6402541731366063, 'min_child_samples': 32}. Best is trial 21 with value: 1.9994890189621548.
[I 2025-03-04 21:22:01,384] Trial 87 finished with value: 2.0073974678036097 and parameters: {'learning_rate': 0.013572839470030192, 'depth': 12, 'l2_leaf_reg': 0.07037923976917926, 'min_child_samples': 4}. Best is trial 21 with value: 1.9994890189621548.
[I 2025-03-04 21:22:04,327] Trial 88 finished with value: 1.9993681450675866 and parameters: {'learning_rate': 0.01643011689615628, 'depth': 10, 'l2_leaf_reg': 0.15487160447671383, 'min_child_samples': 1}. Best is trial 88 with value: 1.9993681450675866.
[I 2025-03-04 21:22:07,393] Trial 89 finished with value: 2.0015005460103175 and parameters: {'learning_rate': 0.009349949939242704, 'depth': 8, 'l2_leaf_reg': 0.27547840639442045, 'min_child_samples': 1}. Best is trial 88 with value: 1.9993681450675866.
[I 2025-03-04 21:22:10,263] Trial 90 finished with value: 2.0042718174095064 and parameters: {'learning_rate': 0.009394912828648433, 'depth': 8, 'l2_leaf_reg': 0.49371915555463897, 'min_child_samples': 1}. Best is trial 88 with value: 1.9993681450675866.
[I 2025-03-04 21:22:12,819] Trial 91 finished with value: 2.005338154696482 and parameters: {'learning_rate': 0.010954959408621052, 'depth': 7, 'l2_leaf_reg': 0.2688301176936031, 'min_child_samples': 1}. Best is trial 88 with value: 1.9993681450675866.
[I 2025-03-04 21:22:16,043] Trial 92 finished with value: 2.005713065401042 and parameters: {'learning_rate': 0.010363900874872817, 'depth': 9, 'l2_leaf_reg': 0.05613519554849277, 'min_child_samples': 1}. Best is trial 88 with value: 1.9993681450675866.
[I 2025-03-04 21:22:18,789] Trial 93 finished with value: 2.0094491614366063 and parameters: {'learning_rate': 0.017618117723467806, 'depth': 10, 'l2_leaf_reg': 2.5160232099977997, 'min_child_samples': 1}. Best is trial 88 with value: 1.9993681450675866.
[I 2025-03-04 21:22:21,391] Trial 94 finished with value: 2.0081384966838747 and parameters: {'learning_rate': 0.011591292460966319, 'depth': 8, 'l2_leaf_reg': 0.13654649528327573, 'min_child_samples': 1}. Best is trial 88 with value: 1.9993681450675866.
[I 2025-03-04 21:22:26,036] Trial 95 finished with value: 2.00683206005866 and parameters: {'learning_rate': 0.00841655441805787, 'depth': 11, 'l2_leaf_reg': 0.3666551955242442, 'min_child_samples': 1}. Best is trial 88 with value: 1.9993681450675866.
[I 2025-03-04 21:22:29,271] Trial 96 finished with value: 1.9992626839907914 and parameters: {'learning_rate': 0.019568888304464137, 'depth': 10, 'l2_leaf_reg': 0.21267250478040378, 'min_child_samples': 1}. Best is trial 96 with value: 1.9992626839907914.
[I 2025-03-04 21:22:31,569] Trial 97 finished with value: 2.0113694857059414 and parameters: {'learning_rate': 0.01919581605132845, 'depth': 9, 'l2_leaf_reg': 0.7105048628372361, 'min_child_samples': 1}. Best is trial 96 with value: 1.9992626839907914.
[I 2025-03-04 21:22:34,659] Trial 98 finished with value: 1.9995227417345796 and parameters: {'learning_rate': 0.018416586865807032, 'depth': 10, 'l2_leaf_reg': 0.22703503593185967, 'min_child_samples': 1}. Best is trial 96 with value: 1.9992626839907914.
[I 2025-03-04 21:22:37,544] Trial 99 finished with value: 2.005450816358365 and parameters: {'learning_rate': 0.018367054073757168, 'depth': 10, 'l2_leaf_reg': 0.44572477166254887, 'min_child_samples': 1}. Best is trial 96 with value: 1.9992626839907914.
[I 2025-03-04 21:22:40,810] Trial 100 finished with value: 2.0070439311316006 and parameters: {'learning_rate': 0.018759811634155677, 'depth': 11, 'l2_leaf_reg': 0.22476829948532362, 'min_child_samples': 1}. Best is trial 96 with value: 1.9992626839907914.
[I 2025-03-04 21:22:43,906] Trial 101 finished with value: 2.0034403865021715 and parameters: {'learning_rate': 0.016205921975585333, 'depth': 10, 'l2_leaf_reg': 0.28941674766777736, 'min_child_samples': 1}. Best is trial 96 with value: 1.9992626839907914.
[I 2025-03-04 21:22:45,756] Trial 102 finished with value: 2.0140974136079115 and parameters: {'learning_rate': 0.019527970366882343, 'depth': 8, 'l2_leaf_reg': 0.17740874486771827, 'min_child_samples': 1}. Best is trial 96 with value: 1.9992626839907914.
[I 2025-03-04 21:22:48,423] Trial 103 finished with value: 2.0060081453528507 and parameters: {'learning_rate': 0.017162079242572046, 'depth': 9, 'l2_leaf_reg': 0.5752507592725902, 'min_child_samples': 1}. Best is trial 96 with value: 1.9992626839907914.
[I 2025-03-04 21:22:51,233] Trial 104 finished with value: 2.0022695010347142 and parameters: {'learning_rate': 0.019994454037821487, 'depth': 10, 'l2_leaf_reg': 0.3512075282895083, 'min_child_samples': 1}. Best is trial 96 with value: 1.9992626839907914.
[I 2025-03-04 21:22:53,977] Trial 105 finished with value: 2.008965149983519 and parameters: {'learning_rate': 0.01793014866367587, 'depth': 10, 'l2_leaf_reg': 0.3474390083330734, 'min_child_samples': 1}. Best is trial 96 with value: 1.9992626839907914.
[I 2025-03-04 21:22:57,713] Trial 106 finished with value: 2.014231368834582 and parameters: {'learning_rate': 0.01950829317865842, 'depth': 12, 'l2_leaf_reg': 0.4827303860642237, 'min_child_samples': 1}. Best is trial 96 with value: 1.9992626839907914.
[I 2025-03-04 21:23:01,509] Trial 107 finished with value: 2.004859834891708 and parameters: {'learning_rate': 0.019023989613813144, 'depth': 11, 'l2_leaf_reg': 0.4008131518755078, 'min_child_samples': 1}. Best is trial 96 with value: 1.9992626839907914.
[I 2025-03-04 21:23:04,164] Trial 108 finished with value: 2.0066076508471493 and parameters: {'learning_rate': 0.019720714009042413, 'depth': 10, 'l2_leaf_reg': 1.1290551359123129, 'min_child_samples': 1}. Best is trial 96 with value: 1.9992626839907914.
[I 2025-03-04 21:23:08,186] Trial 109 finished with value: 2.004346853417793 and parameters: {'learning_rate': 0.013005325562183792, 'depth': 11, 'l2_leaf_reg': 0.2735973141296282, 'min_child_samples': 1}. Best is trial 96 with value: 1.9992626839907914.
[I 2025-03-04 21:23:09,751] Trial 110 finished with value: 2.0525160415034427 and parameters: {'learning_rate': 0.018641664350768597, 'depth': 2, 'l2_leaf_reg': 0.04162485744011753, 'min_child_samples': 1}. Best is trial 96 with value: 1.9992626839907914.
[I 2025-03-04 21:23:12,387] Trial 111 finished with value: 2.005130184334478 and parameters: {'learning_rate': 0.018359144748258772, 'depth': 9, 'l2_leaf_reg': 0.20640321098719674, 'min_child_samples': 16}. Best is trial 96 with value: 1.9992626839907914.
[I 2025-03-04 21:23:15,812] Trial 112 finished with value: 2.009399994722596 and parameters: {'learning_rate': 0.00880147691538007, 'depth': 10, 'l2_leaf_reg': 0.12793589410764594, 'min_child_samples': 8}. Best is trial 96 with value: 1.9992626839907914.
[I 2025-03-04 21:23:20,635] Trial 113 finished with value: 2.003587288655403 and parameters: {'learning_rate': 0.009314125975923565, 'depth': 11, 'l2_leaf_reg': 0.15632649658100461, 'min_child_samples': 1}. Best is trial 96 with value: 1.9992626839907914.
[I 2025-03-04 21:23:23,117] Trial 114 finished with value: 2.0094137598460944 and parameters: {'learning_rate': 0.019851904546856713, 'depth': 9, 'l2_leaf_reg': 0.053564486426305714, 'min_child_samples': 1}. Best is trial 96 with value: 1.9992626839907914.
[I 2025-03-04 21:23:26,743] Trial 115 finished with value: 2.0079795179073376 and parameters: {'learning_rate': 0.010235817452131216, 'depth': 10, 'l2_leaf_reg': 0.23058889800330112, 'min_child_samples': 32}. Best is trial 96 with value: 1.9992626839907914.
[I 2025-03-04 21:23:31,070] Trial 116 finished with value: 2.014728220093018 and parameters: {'learning_rate': 0.015370948270588932, 'depth': 12, 'l2_leaf_reg': 0.11845340752431405, 'min_child_samples': 8}. Best is trial 96 with value: 1.9992626839907914.
[I 2025-03-04 21:24:03,324] Trial 117 finished with value: 2.0330097324859833 and parameters: {'learning_rate': 0.017458089631945176, 'depth': 16, 'l2_leaf_reg': 0.34698725851152185, 'min_child_samples': 1}. Best is trial 96 with value: 1.9992626839907914.
[I 2025-03-04 21:24:05,407] Trial 118 finished with value: 2.0047246726479293 and parameters: {'learning_rate': 0.014886238524504367, 'depth': 7, 'l2_leaf_reg': 0.3021780007067275, 'min_child_samples': 4}. Best is trial 96 with value: 1.9992626839907914.
[I 2025-03-04 21:24:08,569] Trial 119 finished with value: 2.003753765235258 and parameters: {'learning_rate': 0.01908421104342796, 'depth': 11, 'l2_leaf_reg': 2.1712867425375775, 'min_child_samples': 16}. Best is trial 96 with value: 1.9992626839907914.
[I 2025-03-04 21:24:11,654] Trial 120 finished with value: 1.9984398421410314 and parameters: {'learning_rate': 0.01992422961648526, 'depth': 10, 'l2_leaf_reg': 0.004199983445945368, 'min_child_samples': 1}. Best is trial 120 with value: 1.9984398421410314.
[I 2025-03-04 21:24:14,391] Trial 121 finished with value: 2.006572965265599 and parameters: {'learning_rate': 0.019999277625421218, 'depth': 10, 'l2_leaf_reg': 0.010141175209986808, 'min_child_samples': 1}. Best is trial 120 with value: 1.9984398421410314.
[I 2025-03-04 21:24:17,548] Trial 122 finished with value: 2.0118465351459283 and parameters: {'learning_rate': 0.01799368791343273, 'depth': 11, 'l2_leaf_reg': 0.08286342280597014, 'min_child_samples': 1}. Best is trial 120 with value: 1.9984398421410314.
[I 2025-03-04 21:24:19,941] Trial 123 finished with value: 2.0015585282252055 and parameters: {'learning_rate': 0.01923688662526243, 'depth': 8, 'l2_leaf_reg': 1.955420267145871, 'min_child_samples': 1}. Best is trial 120 with value: 1.9984398421410314.
[I 2025-03-04 21:24:22,573] Trial 124 finished with value: 2.0124301885025297 and parameters: {'learning_rate': 0.01907585837719722, 'depth': 10, 'l2_leaf_reg': 1.6527224493576145, 'min_child_samples': 1}. Best is trial 120 with value: 1.9984398421410314.
[I 2025-03-04 21:24:26,287] Trial 125 finished with value: 2.004058618718662 and parameters: {'learning_rate': 0.01930717976095546, 'depth': 11, 'l2_leaf_reg': 1.7531128057305523, 'min_child_samples': 1}. Best is trial 120 with value: 1.9984398421410314.
[I 2025-03-04 21:24:28,776] Trial 126 finished with value: 2.0075065667414167 and parameters: {'learning_rate': 0.018719571990652183, 'depth': 9, 'l2_leaf_reg': 1.9541616334904937, 'min_child_samples': 1}. Best is trial 120 with value: 1.9984398421410314.
[I 2025-03-04 21:24:31,291] Trial 127 finished with value: 2.0078630748749973 and parameters: {'learning_rate': 0.019624072532275282, 'depth': 9, 'l2_leaf_reg': 1.9143384131576573, 'min_child_samples': 1}. Best is trial 120 with value: 1.9984398421410314.
[I 2025-03-04 21:24:34,147] Trial 128 finished with value: 2.0048254649354402 and parameters: {'learning_rate': 0.018244818828204234, 'depth': 10, 'l2_leaf_reg': 1.4584478512364565, 'min_child_samples': 1}. Best is trial 120 with value: 1.9984398421410314.
[I 2025-03-04 21:24:37,139] Trial 129 finished with value: 2.0060055518820747 and parameters: {'learning_rate': 0.0137917717800318, 'depth': 10, 'l2_leaf_reg': 2.2770651260297443, 'min_child_samples': 1}. Best is trial 120 with value: 1.9984398421410314.
[I 2025-03-04 21:24:39,405] Trial 130 finished with value: 2.008616992951539 and parameters: {'learning_rate': 0.012485157812792545, 'depth': 7, 'l2_leaf_reg': 1.8390854289764091, 'min_child_samples': 8}. Best is trial 120 with value: 1.9984398421410314.
[I 2025-03-04 21:24:41,711] Trial 131 finished with value: 2.004888119438818 and parameters: {'learning_rate': 0.019319249378974498, 'depth': 8, 'l2_leaf_reg': 2.4177565077752323, 'min_child_samples': 4}. Best is trial 120 with value: 1.9984398421410314.
[I 2025-03-04 21:24:44,223] Trial 132 finished with value: 2.0100017060822837 and parameters: {'learning_rate': 0.014482771074121718, 'depth': 8, 'l2_leaf_reg': 0.19497894778117034, 'min_child_samples': 4}. Best is trial 120 with value: 1.9984398421410314.
[I 2025-03-04 21:24:46,326] Trial 133 finished with value: 2.001968513274517 and parameters: {'learning_rate': 0.016477807999367433, 'depth': 7, 'l2_leaf_reg': 1.2488172208619774, 'min_child_samples': 1}. Best is trial 120 with value: 1.9984398421410314.
[I 2025-03-04 21:24:48,496] Trial 134 finished with value: 2.009722585812946 and parameters: {'learning_rate': 0.016346485210083448, 'depth': 7, 'l2_leaf_reg': 1.3926909459241592, 'min_child_samples': 1}. Best is trial 120 with value: 1.9984398421410314.
[I 2025-03-04 21:24:50,299] Trial 135 finished with value: 2.0128883059418503 and parameters: {'learning_rate': 0.01588522531374365, 'depth': 6, 'l2_leaf_reg': 0.9916041864767025, 'min_child_samples': 1}. Best is trial 120 with value: 1.9984398421410314.
[I 2025-03-04 21:24:54,074] Trial 136 finished with value: 2.010186349727927 and parameters: {'learning_rate': 0.019945890511524438, 'depth': 12, 'l2_leaf_reg': 2.765862653449929, 'min_child_samples': 1}. Best is trial 120 with value: 1.9984398421410314.
[I 2025-03-04 21:24:57,634] Trial 137 finished with value: 2.0115287411352654 and parameters: {'learning_rate': 0.017737951842298295, 'depth': 11, 'l2_leaf_reg': 1.345802283608402, 'min_child_samples': 1}. Best is trial 120 with value: 1.9984398421410314.
[I 2025-03-04 21:24:59,789] Trial 138 finished with value: 2.0123429568382054 and parameters: {'learning_rate': 0.016754822030081683, 'depth': 7, 'l2_leaf_reg': 0.24276860313690646, 'min_child_samples': 1}. Best is trial 120 with value: 1.9984398421410314.
[I 2025-03-04 21:25:01,635] Trial 139 finished with value: 2.020596780850503 and parameters: {'learning_rate': 0.018889323009469938, 'depth': 5, 'l2_leaf_reg': 1.1783298565302183, 'min_child_samples': 1}. Best is trial 120 with value: 1.9984398421410314.
[I 2025-03-04 21:25:04,325] Trial 140 finished with value: 2.0076254965897435 and parameters: {'learning_rate': 0.011973838282863919, 'depth': 9, 'l2_leaf_reg': 0.4294896963218905, 'min_child_samples': 1}. Best is trial 120 with value: 1.9984398421410314.
[I 2025-03-04 21:25:06,413] Trial 141 finished with value: 2.0053211665680712 and parameters: {'learning_rate': 0.019561557034152757, 'depth': 8, 'l2_leaf_reg': 0.12927184039678982, 'min_child_samples': 4}. Best is trial 120 with value: 1.9984398421410314.
[I 2025-03-04 21:25:10,328] Trial 142 finished with value: 2.0010961803393448 and parameters: {'learning_rate': 0.011245091241473259, 'depth': 10, 'l2_leaf_reg': 0.05777336440572106, 'min_child_samples': 4}. Best is trial 120 with value: 1.9984398421410314.
[I 2025-03-04 21:25:13,510] Trial 143 finished with value: 2.007574350105252 and parameters: {'learning_rate': 0.011168993419552908, 'depth': 10, 'l2_leaf_reg': 0.012106597862420859, 'min_child_samples': 4}. Best is trial 120 with value: 1.9984398421410314.
[I 2025-03-04 21:25:17,048] Trial 144 finished with value: 2.00516469145766 and parameters: {'learning_rate': 0.01847521960761149, 'depth': 11, 'l2_leaf_reg': 0.16312263988342912, 'min_child_samples': 32}. Best is trial 120 with value: 1.9984398421410314.
[I 2025-03-04 21:25:20,883] Trial 145 finished with value: 1.9973311923875388 and parameters: {'learning_rate': 0.013413062498207264, 'depth': 10, 'l2_leaf_reg': 2.087295480365245, 'min_child_samples': 1}. Best is trial 145 with value: 1.9973311923875388.
[I 2025-03-04 21:25:24,955] Trial 146 finished with value: 2.003954942328723 and parameters: {'learning_rate': 0.013153544835488869, 'depth': 11, 'l2_leaf_reg': 1.9806867658004845, 'min_child_samples': 4}. Best is trial 145 with value: 1.9973311923875388.
[I 2025-03-04 21:25:27,748] Trial 147 finished with value: 2.0058969954180954 and parameters: {'learning_rate': 0.013958622750814683, 'depth': 9, 'l2_leaf_reg': 0.08296622905214263, 'min_child_samples': 8}. Best is trial 145 with value: 1.9973311923875388.
[I 2025-03-04 21:25:31,055] Trial 148 finished with value: 2.003996605664496 and parameters: {'learning_rate': 0.01175857242570414, 'depth': 10, 'l2_leaf_reg': 0.003734764163242768, 'min_child_samples': 1}. Best is trial 145 with value: 1.9973311923875388.
[I 2025-03-04 21:25:34,757] Trial 149 finished with value: 2.001324058088862 and parameters: {'learning_rate': 0.012689413038302037, 'depth': 10, 'l2_leaf_reg': 2.10467742578264, 'min_child_samples': 4}. Best is trial 145 with value: 1.9973311923875388.
[I 2025-03-04 21:25:38,321] Trial 150 finished with value: 2.0040247158888134 and parameters: {'learning_rate': 0.012647057757544702, 'depth': 10, 'l2_leaf_reg': 2.1261886821550338, 'min_child_samples': 4}. Best is trial 145 with value: 1.9973311923875388.
[I 2025-03-04 21:25:41,592] Trial 151 finished with value: 2.0053624660754825 and parameters: {'learning_rate': 0.013133811827521694, 'depth': 10, 'l2_leaf_reg': 2.043453357484367, 'min_child_samples': 4}. Best is trial 145 with value: 1.9973311923875388.
[I 2025-03-04 21:25:45,378] Trial 152 finished with value: 2.0078907857753614 and parameters: {'learning_rate': 0.013437209326621949, 'depth': 11, 'l2_leaf_reg': 2.1416676660479617, 'min_child_samples': 4}. Best is trial 145 with value: 1.9973311923875388.
[I 2025-03-04 21:25:48,897] Trial 153 finished with value: 2.003232792333738 and parameters: {'learning_rate': 0.011266230530259297, 'depth': 9, 'l2_leaf_reg': 2.1890456123257924, 'min_child_samples': 4}. Best is trial 145 with value: 1.9973311923875388.
[I 2025-03-04 21:25:53,145] Trial 154 finished with value: 2.004744842251789 and parameters: {'learning_rate': 0.01215970067022756, 'depth': 11, 'l2_leaf_reg': 2.0774064193776574, 'min_child_samples': 4}. Best is trial 145 with value: 1.9973311923875388.
[I 2025-03-04 21:25:56,494] Trial 155 finished with value: 2.00285954793374 and parameters: {'learning_rate': 0.012755444802664913, 'depth': 10, 'l2_leaf_reg': 2.374092024250836, 'min_child_samples': 1}. Best is trial 145 with value: 1.9973311923875388.
[I 2025-03-04 21:26:01,097] Trial 156 finished with value: 2.00832466791472 and parameters: {'learning_rate': 0.013566254584335673, 'depth': 12, 'l2_leaf_reg': 2.013572258499062, 'min_child_samples': 1}. Best is trial 145 with value: 1.9973311923875388.
[I 2025-03-04 21:26:04,041] Trial 157 finished with value: 2.005177465251977 and parameters: {'learning_rate': 0.014096668832860836, 'depth': 10, 'l2_leaf_reg': 1.5827273413469203, 'min_child_samples': 4}. Best is trial 145 with value: 1.9973311923875388.
[I 2025-03-04 21:26:06,699] Trial 158 finished with value: 2.010065096983692 and parameters: {'learning_rate': 0.014717985648141587, 'depth': 9, 'l2_leaf_reg': 2.203483812574068, 'min_child_samples': 1}. Best is trial 145 with value: 1.9973311923875388.
[I 2025-03-04 21:26:10,585] Trial 159 finished with value: 2.0050611962362708 and parameters: {'learning_rate': 0.012860593928407197, 'depth': 11, 'l2_leaf_reg': 0.27511174669689326, 'min_child_samples': 16}. Best is trial 145 with value: 1.9973311923875388.
[I 2025-03-04 21:26:13,414] Trial 160 finished with value: 2.0052744031824985 and parameters: {'learning_rate': 0.01512082513225381, 'depth': 10, 'l2_leaf_reg': 1.8476758530308572, 'min_child_samples': 8}. Best is trial 145 with value: 1.9973311923875388.
[I 2025-03-04 21:26:16,263] Trial 161 finished with value: 1.999255019111936 and parameters: {'learning_rate': 0.019944483935385022, 'depth': 10, 'l2_leaf_reg': 0.18675123564807386, 'min_child_samples': 1}. Best is trial 145 with value: 1.9973311923875388.
[I 2025-03-04 21:26:19,833] Trial 162 finished with value: 1.9997039822959795 and parameters: {'learning_rate': 0.012318040528242946, 'depth': 10, 'l2_leaf_reg': 0.16545243789202713, 'min_child_samples': 1}. Best is trial 145 with value: 1.9973311923875388.
[I 2025-03-04 21:26:23,777] Trial 163 finished with value: 2.0002331624936955 and parameters: {'learning_rate': 0.01131382818041337, 'depth': 10, 'l2_leaf_reg': 0.1625070278407804, 'min_child_samples': 1}. Best is trial 145 with value: 1.9973311923875388.
[I 2025-03-04 21:26:27,469] Trial 164 finished with value: 2.0015928699371073 and parameters: {'learning_rate': 0.01082700096975403, 'depth': 10, 'l2_leaf_reg': 0.07560225413030211, 'min_child_samples': 1}. Best is trial 145 with value: 1.9973311923875388.
[I 2025-03-04 21:26:31,074] Trial 165 finished with value: 2.0033951827898644 and parameters: {'learning_rate': 0.011283791660469307, 'depth': 10, 'l2_leaf_reg': 0.18068518454231663, 'min_child_samples': 1}. Best is trial 145 with value: 1.9973311923875388.
[I 2025-03-04 21:26:33,926] Trial 166 finished with value: 2.0067193614378054 and parameters: {'learning_rate': 0.011686993633181101, 'depth': 9, 'l2_leaf_reg': 0.07271878931491743, 'min_child_samples': 1}. Best is trial 145 with value: 1.9973311923875388.
[I 2025-03-04 21:26:37,721] Trial 167 finished with value: 2.0029778264183364 and parameters: {'learning_rate': 0.010656765770028739, 'depth': 10, 'l2_leaf_reg': 0.11573782286699583, 'min_child_samples': 1}. Best is trial 145 with value: 1.9973311923875388.
[I 2025-03-04 21:26:40,503] Trial 168 finished with value: 2.005427072984674 and parameters: {'learning_rate': 0.011969677671577061, 'depth': 9, 'l2_leaf_reg': 0.2220231270562532, 'min_child_samples': 1}. Best is trial 145 with value: 1.9973311923875388.
[I 2025-03-04 21:26:44,223] Trial 169 finished with value: 2.002177833587191 and parameters: {'learning_rate': 0.01013060925521288, 'depth': 10, 'l2_leaf_reg': 0.14589003602221653, 'min_child_samples': 1}. Best is trial 145 with value: 1.9973311923875388.
