[I 2025-03-11 21:24:06,277] Trial 5 finished with value: 2.016683803577282 and parameters: {'learning_rate': 0.0059889789119260085, 'depth': 14, 'l2_leaf_reg': 0.4436237395712159, 'min_child_samples': 8}. Best is trial 2 with value: 2.0074053219662784.
[I 2025-03-11 21:24:07,856] Trial 6 finished with value: 2.0099241344086183 and parameters: {'learning_rate': 0.016932659507361426, 'depth': 8, 'l2_leaf_reg': 1.254357140117841, 'min_child_samples': 4}. Best is trial 2 with value: 2.0074053219662784.
[I 2025-03-11 21:24:11,158] Trial 7 finished with value: 2.0029304739469365 and parameters: {'learning_rate': 0.008335523885998128, 'depth': 11, 'l2_leaf_reg': 0.09330906122706406, 'min_child_samples': 8}. Best is trial 7 with value: 2.0029304739469365.
[I 2025-03-11 21:24:13,012] Trial 8 finished with value: 2.0124501635396075 and parameters: {'learning_rate': 0.006223275976946732, 'depth': 6, 'l2_leaf_reg': 2.0774952393835964, 'min_child_samples': 1}. Best is trial 7 with value: 2.0029304739469365.
[I 2025-03-11 21:24:16,496] Trial 9 finished with value: 2.008968270911611 and parameters: {'learning_rate': 0.013935462896579376, 'depth': 12, 'l2_leaf_reg': 0.4837242124875719, 'min_child_samples': 32}. Best is trial 7 with value: 2.0029304739469365.
[I 2025-03-11 21:24:18,099] Trial 10 finished with value: 2.0775232770843255 and parameters: {'learning_rate': 0.0028608729768901126, 'depth': 2, 'l2_leaf_reg': 0.012143624032278533, 'min_child_samples': 8}. Best is trial 7 with value: 2.0029304739469365.
[I 2025-03-11 21:24:20,359] Trial 11 finished with value: 2.0024962394533308 and parameters: {'learning_rate': 0.012656977040621662, 'depth': 10, 'l2_leaf_reg': 2.9002246743179843, 'min_child_samples': 16}. Best is trial 11 with value: 2.0024962394533308.
[I 2025-03-11 21:24:22,465] Trial 12 finished with value: 2.00911256494984 and parameters: {'learning_rate': 0.012038705555455853, 'depth': 10, 'l2_leaf_reg': 2.9500828079205794, 'min_child_samples': 8}. Best is trial 11 with value: 2.0024962394533308.
[I 2025-03-11 21:24:24,894] Trial 13 finished with value: 1.99993898345868 and parameters: {'learning_rate': 0.011259983978504699, 'depth': 10, 'l2_leaf_reg': 1.2322507389695057, 'min_child_samples': 16}. Best is trial 13 with value: 1.99993898345868.
[I 2025-03-11 21:24:26,735] Trial 14 finished with value: 2.009817285934454 and parameters: {'learning_rate': 0.011608072559678818, 'depth': 8, 'l2_leaf_reg': 1.12884024891912, 'min_child_samples': 16}. Best is trial 13 with value: 1.99993898345868.
[I 2025-03-11 21:24:28,740] Trial 15 finished with value: 2.004231455708366 and parameters: {'learning_rate': 0.013191880458443918, 'depth': 10, 'l2_leaf_reg': 0.9274697584967557, 'min_child_samples': 16}. Best is trial 13 with value: 1.99993898345868.
[I 2025-03-11 21:24:30,458] Trial 16 finished with value: 2.0116676398118996 and parameters: {'learning_rate': 0.019878845403998164, 'depth': 6, 'l2_leaf_reg': 1.7627620103763946, 'min_child_samples': 16}. Best is trial 13 with value: 1.99993898345868.
[I 2025-03-11 21:24:32,328] Trial 17 finished with value: 2.087668537420122 and parameters: {'learning_rate': 0.0010157080627993254, 'depth': 4, 'l2_leaf_reg': 2.5189531969809265, 'min_child_samples': 1}. Best is trial 13 with value: 1.99993898345868.
[I 2025-03-11 21:24:34,418] Trial 18 finished with value: 2.0055161782350663 and parameters: {'learning_rate': 0.010306142357792846, 'depth': 8, 'l2_leaf_reg': 1.4512943614954672, 'min_child_samples': 16}. Best is trial 13 with value: 1.99993898345868.
[I 2025-03-11 21:24:35,829] Trial 19 finished with value: 2.078917142919187 and parameters: {'learning_rate': 0.009603792897745331, 'depth': 1, 'l2_leaf_reg': 0.7330176396042777, 'min_child_samples': 16}. Best is trial 13 with value: 1.99993898345868.
[I 2025-03-11 21:24:50,854] Trial 20 finished with value: 2.0178899131658183 and parameters: {'learning_rate': 0.004980264124107314, 'depth': 14, 'l2_leaf_reg': 1.961358248148115, 'min_child_samples': 16}. Best is trial 13 with value: 1.99993898345868.
[I 2025-03-11 21:24:53,363] Trial 21 finished with value: 2.0051759709428607 and parameters: {'learning_rate': 0.009665877770581765, 'depth': 10, 'l2_leaf_reg': 0.225542532504754, 'min_child_samples': 8}. Best is trial 13 with value: 1.99993898345868.
[I 2025-03-11 21:24:56,046] Trial 22 finished with value: 2.0042583508235188 and parameters: {'learning_rate': 0.011091465763394153, 'depth': 11, 'l2_leaf_reg': 0.8231900158142781, 'min_child_samples': 8}. Best is trial 13 with value: 1.99993898345868.
[I 2025-03-11 21:24:57,718] Trial 23 finished with value: 2.0051700672592476 and parameters: {'learning_rate': 0.013656090057287181, 'depth': 9, 'l2_leaf_reg': 1.413809623658096, 'min_child_samples': 1}. Best is trial 13 with value: 1.99993898345868.
[I 2025-03-11 21:25:02,391] Trial 24 finished with value: 2.0084220766363563 and parameters: {'learning_rate': 0.00782950820294206, 'depth': 12, 'l2_leaf_reg': 2.553858873593651, 'min_child_samples': 4}. Best is trial 13 with value: 1.99993898345868.
[I 2025-03-11 21:25:03,756] Trial 25 finished with value: 2.0061125915174904 and parameters: {'learning_rate': 0.014895741853973113, 'depth': 7, 'l2_leaf_reg': 1.7035180325081574, 'min_child_samples': 8}. Best is trial 13 with value: 1.99993898345868.
[I 2025-03-11 21:25:06,297] Trial 26 finished with value: 2.0040049555706374 and parameters: {'learning_rate': 0.012507948476880533, 'depth': 11, 'l2_leaf_reg': 1.0617138296729856, 'min_child_samples': 16}. Best is trial 13 with value: 1.99993898345868.
[I 2025-03-11 21:25:15,100] Trial 27 finished with value: 2.026375160794854 and parameters: {'learning_rate': 0.008933957546249276, 'depth': 14, 'l2_leaf_reg': 0.03220228931171013, 'min_child_samples': 16}. Best is trial 13 with value: 1.99993898345868.
[I 2025-03-11 21:25:17,716] Trial 28 finished with value: 2.006588611963014 and parameters: {'learning_rate': 0.004886241042735846, 'depth': 9, 'l2_leaf_reg': 0.5781808935991565, 'min_child_samples': 8}. Best is trial 13 with value: 1.99993898345868.
[I 2025-03-11 21:25:57,640] Trial 29 finished with value: 2.0276897196747443 and parameters: {'learning_rate': 0.00711634932046401, 'depth': 16, 'l2_leaf_reg': 2.4155527437556685, 'min_child_samples': 4}. Best is trial 13 with value: 1.99993898345868.
[I 2025-03-11 21:26:00,087] Trial 30 finished with value: 2.005758542921328 and parameters: {'learning_rate': 0.010579603444806244, 'depth': 11, 'l2_leaf_reg': 1.9192877026856854, 'min_child_samples': 1}. Best is trial 13 with value: 1.99993898345868.
[I 2025-03-11 21:26:02,514] Trial 31 finished with value: 2.0097458747651293 and parameters: {'learning_rate': 0.012019749450190235, 'depth': 11, 'l2_leaf_reg': 1.0713881771579308, 'min_child_samples': 16}. Best is trial 13 with value: 1.99993898345868.
[I 2025-03-11 21:26:04,393] Trial 32 finished with value: 2.0103890378915503 and parameters: {'learning_rate': 0.012867260462338498, 'depth': 10, 'l2_leaf_reg': 1.2953251117594162, 'min_child_samples': 16}. Best is trial 13 with value: 1.99993898345868.
[I 2025-03-11 21:26:09,083] Trial 33 finished with value: 2.011659879261136 and parameters: {'learning_rate': 0.015367167850822018, 'depth': 13, 'l2_leaf_reg': 0.944303230999911, 'min_child_samples': 16}. Best is trial 13 with value: 1.99993898345868.
[I 2025-03-11 21:26:15,287] Trial 34 finished with value: 2.0112774148865378 and parameters: {'learning_rate': 0.009134045909285026, 'depth': 13, 'l2_leaf_reg': 1.5947069866034727, 'min_child_samples': 32}. Best is trial 13 with value: 1.99993898345868.
[I 2025-03-11 21:26:18,250] Trial 35 finished with value: 2.0091999106054965 and parameters: {'learning_rate': 0.014794804394048181, 'depth': 12, 'l2_leaf_reg': 2.1820981922523393, 'min_child_samples': 16}. Best is trial 13 with value: 1.99993898345868.
[I 2025-03-11 21:26:20,096] Trial 36 finished with value: 2.007101864409307 and parameters: {'learning_rate': 0.018359858243056887, 'depth': 9, 'l2_leaf_reg': 0.6708122700393252, 'min_child_samples': 16}. Best is trial 13 with value: 1.99993898345868.
[I 2025-03-11 21:26:22,944] Trial 37 finished with value: 2.0018967737262283 and parameters: {'learning_rate': 0.012652395696519898, 'depth': 11, 'l2_leaf_reg': 0.26524233780919926, 'min_child_samples': 32}. Best is trial 13 with value: 1.99993898345868.
[I 2025-03-11 21:26:41,969] Trial 38 finished with value: 2.0290353128527885 and parameters: {'learning_rate': 0.008397414634041332, 'depth': 15, 'l2_leaf_reg': 0.3829214978413845, 'min_child_samples': 32}. Best is trial 13 with value: 1.99993898345868.
[I 2025-03-11 21:26:43,298] Trial 39 finished with value: 2.0069670889328677 and parameters: {'learning_rate': 0.016193090946346925, 'depth': 7, 'l2_leaf_reg': 0.20729666319828643, 'min_child_samples': 32}. Best is trial 13 with value: 1.99993898345868.
[I 2025-03-11 21:26:44,892] Trial 40 finished with value: 2.005203488584348 and parameters: {'learning_rate': 0.010934508904491103, 'depth': 7, 'l2_leaf_reg': 0.25164990252369135, 'min_child_samples': 32}. Best is trial 13 with value: 1.99993898345868.
[I 2025-03-11 21:26:47,411] Trial 41 finished with value: 2.0027415222821445 and parameters: {'learning_rate': 0.01272590987494194, 'depth': 11, 'l2_leaf_reg': 1.1967781591844682, 'min_child_samples': 32}. Best is trial 13 with value: 1.99993898345868.
[I 2025-03-11 21:26:50,865] Trial 42 finished with value: 2.0073608407195493 and parameters: {'learning_rate': 0.014099235025825878, 'depth': 12, 'l2_leaf_reg': 2.9718951755104546, 'min_child_samples': 32}. Best is trial 13 with value: 1.99993898345868.
[I 2025-03-11 21:26:53,042] Trial 43 finished with value: 2.0020529764473007 and parameters: {'learning_rate': 0.011787616648558114, 'depth': 10, 'l2_leaf_reg': 2.7472543962953977, 'min_child_samples': 32}. Best is trial 13 with value: 1.99993898345868.
[I 2025-03-11 21:26:55,164] Trial 44 finished with value: 2.0061353459696125 and parameters: {'learning_rate': 0.011507377083291305, 'depth': 10, 'l2_leaf_reg': 2.8389281045831587, 'min_child_samples': 32}. Best is trial 13 with value: 1.99993898345868.
[I 2025-03-11 21:26:56,895] Trial 45 finished with value: 2.0060948703629387 and parameters: {'learning_rate': 0.016099432062919944, 'depth': 8, 'l2_leaf_reg': 2.662511243882516, 'min_child_samples': 32}. Best is trial 13 with value: 1.99993898345868.
[I 2025-03-11 21:26:58,861] Trial 46 finished with value: 2.0060130275282897 and parameters: {'learning_rate': 0.012902252090455533, 'depth': 9, 'l2_leaf_reg': 2.3458224786329738, 'min_child_samples': 32}. Best is trial 13 with value: 1.99993898345868.
[I 2025-03-11 21:27:01,632] Trial 47 finished with value: 2.001406149831767 and parameters: {'learning_rate': 0.012419636820633382, 'depth': 11, 'l2_leaf_reg': 2.763762241631331, 'min_child_samples': 32}. Best is trial 13 with value: 1.99993898345868.
[I 2025-03-11 21:27:04,027] Trial 48 finished with value: 2.003000227346876 and parameters: {'learning_rate': 0.014107000257787645, 'depth': 10, 'l2_leaf_reg': 2.7376386539273745, 'min_child_samples': 32}. Best is trial 13 with value: 1.99993898345868.
[I 2025-03-11 21:27:08,528] Trial 49 finished with value: 2.0110673572913145 and parameters: {'learning_rate': 0.01776910603215803, 'depth': 13, 'l2_leaf_reg': 2.8457041793444313, 'min_child_samples': 32}. Best is trial 13 with value: 1.99993898345868.
[I 2025-03-11 21:27:10,580] Trial 50 finished with value: 2.0090609716441046 and parameters: {'learning_rate': 0.009993542538081093, 'depth': 9, 'l2_leaf_reg': 2.5579409680170277, 'min_child_samples': 4}. Best is trial 13 with value: 1.99993898345868.
[I 2025-03-11 21:27:13,217] Trial 51 finished with value: 2.0039682140423585 and parameters: {'learning_rate': 0.012275518706634, 'depth': 11, 'l2_leaf_reg': 1.255228504729561, 'min_child_samples': 32}. Best is trial 13 with value: 1.99993898345868.
[I 2025-03-11 21:27:16,199] Trial 52 finished with value: 2.0092610115481038 and parameters: {'learning_rate': 0.013433048820242953, 'depth': 12, 'l2_leaf_reg': 2.6720299331366846, 'min_child_samples': 32}. Best is trial 13 with value: 1.99993898345868.
[I 2025-03-11 21:27:18,809] Trial 53 finished with value: 2.0020669972019762 and parameters: {'learning_rate': 0.011588417650819645, 'depth': 10, 'l2_leaf_reg': 2.2037911485629365, 'min_child_samples': 32}. Best is trial 13 with value: 1.99993898345868.
[I 2025-03-11 21:27:20,975] Trial 54 finished with value: 2.0071353849980182 and parameters: {'learning_rate': 0.010767606060948825, 'depth': 10, 'l2_leaf_reg': 2.90603075296775, 'min_child_samples': 32}. Best is trial 13 with value: 1.99993898345868.
[I 2025-03-11 21:27:23,150] Trial 55 finished with value: 2.006624209042227 and parameters: {'learning_rate': 0.011347681355462477, 'depth': 9, 'l2_leaf_reg': 2.2090910212206722, 'min_child_samples': 32}. Best is trial 13 with value: 1.99993898345868.
[I 2025-03-11 21:27:24,778] Trial 56 finished with value: 2.014950791782156 and parameters: {'learning_rate': 0.01199469490014939, 'depth': 8, 'l2_leaf_reg': 2.4458059830121845, 'min_child_samples': 1}. Best is trial 13 with value: 1.99993898345868.
[I 2025-03-11 21:27:26,679] Trial 57 finished with value: 2.0021835161957613 and parameters: {'learning_rate': 0.01390049379449468, 'depth': 10, 'l2_leaf_reg': 1.9320772891077316, 'min_child_samples': 32}. Best is trial 13 with value: 1.99993898345868.
[I 2025-03-11 21:27:27,999] Trial 58 finished with value: 2.0276823609143992 and parameters: {'learning_rate': 0.014186281806269645, 'depth': 4, 'l2_leaf_reg': 1.905963168568428, 'min_child_samples': 32}. Best is trial 13 with value: 1.99993898345868.
[I 2025-03-11 21:27:30,264] Trial 59 finished with value: 2.0030985495424107 and parameters: {'learning_rate': 0.014660071484456557, 'depth': 10, 'l2_leaf_reg': 2.0512673879697862, 'min_child_samples': 32}. Best is trial 13 with value: 1.99993898345868.
[I 2025-03-11 21:27:32,683] Trial 60 finished with value: 2.0087525723049486 and parameters: {'learning_rate': 0.015390532073931998, 'depth': 11, 'l2_leaf_reg': 1.8287266061241465, 'min_child_samples': 32}. Best is trial 13 with value: 1.99993898345868.
[I 2025-03-11 21:27:36,291] Trial 61 finished with value: 2.0042190634345194 and parameters: {'learning_rate': 0.013290874539989788, 'depth': 12, 'l2_leaf_reg': 2.077269920790201, 'min_child_samples': 32}. Best is trial 13 with value: 1.99993898345868.
[I 2025-03-11 21:27:38,482] Trial 62 finished with value: 2.0073347750572865 and parameters: {'learning_rate': 0.01026112761797131, 'depth': 10, 'l2_leaf_reg': 1.5814914594761105, 'min_child_samples': 4}. Best is trial 13 with value: 1.99993898345868.
[I 2025-03-11 21:27:41,119] Trial 63 finished with value: 2.0067951805043993 and parameters: {'learning_rate': 0.011465771553170826, 'depth': 11, 'l2_leaf_reg': 2.7989878979494907, 'min_child_samples': 32}. Best is trial 13 with value: 1.99993898345868.
[I 2025-03-11 21:27:42,886] Trial 64 finished with value: 2.0070701787494922 and parameters: {'learning_rate': 0.01212248364231518, 'depth': 9, 'l2_leaf_reg': 2.312048608775289, 'min_child_samples': 16}. Best is trial 13 with value: 1.99993898345868.
[I 2025-03-11 21:27:45,036] Trial 65 finished with value: 2.005375314427432 and parameters: {'learning_rate': 0.01332754968349253, 'depth': 10, 'l2_leaf_reg': 2.637697286945885, 'min_child_samples': 32}. Best is trial 13 with value: 1.99993898345868.
[I 2025-03-11 21:27:46,827] Trial 66 finished with value: 2.007556485633605 and parameters: {'learning_rate': 0.009507412231096211, 'depth': 8, 'l2_leaf_reg': 2.4193755654970275, 'min_child_samples': 1}. Best is trial 13 with value: 1.99993898345868.
[I 2025-03-11 21:27:50,416] Trial 67 finished with value: 2.0132873654625905 and parameters: {'learning_rate': 0.012551004795234947, 'depth': 12, 'l2_leaf_reg': 2.9944260801924942, 'min_child_samples': 16}. Best is trial 13 with value: 1.99993898345868.
[I 2025-03-11 21:27:53,011] Trial 68 finished with value: 2.0079154342772543 and parameters: {'learning_rate': 0.010460184470309927, 'depth': 11, 'l2_leaf_reg': 2.7368670874977425, 'min_child_samples': 32}. Best is trial 13 with value: 1.99993898345868.
[I 2025-03-11 21:28:02,270] Trial 69 finished with value: 2.106808800422034 and parameters: {'learning_rate': 0.0005862495912296508, 'depth': 13, 'l2_leaf_reg': 2.4881253008301623, 'min_child_samples': 16}. Best is trial 13 with value: 1.99993898345868.
[I 2025-03-11 21:28:04,082] Trial 70 finished with value: 2.0058481023151216 and parameters: {'learning_rate': 0.013771648155190445, 'depth': 9, 'l2_leaf_reg': 2.1593466698865615, 'min_child_samples': 8}. Best is trial 13 with value: 1.99993898345868.
[I 2025-03-11 21:28:06,795] Trial 71 finished with value: 2.0082687693007832 and parameters: {'learning_rate': 0.012790038337313132, 'depth': 11, 'l2_leaf_reg': 1.3786806575196056, 'min_child_samples': 32}. Best is trial 13 with value: 1.99993898345868.
[I 2025-03-11 21:28:09,068] Trial 72 finished with value: 2.001463493540071 and parameters: {'learning_rate': 0.011600223398380244, 'depth': 10, 'l2_leaf_reg': 1.1371085263271883, 'min_child_samples': 32}. Best is trial 13 with value: 1.99993898345868.
[I 2025-03-11 21:28:11,514] Trial 73 finished with value: 2.0030019611318135 and parameters: {'learning_rate': 0.011648693340611867, 'depth': 10, 'l2_leaf_reg': 0.8583209950003101, 'min_child_samples': 32}. Best is trial 13 with value: 1.99993898345868.
[I 2025-03-11 21:28:13,900] Trial 74 finished with value: 2.0046504238300447 and parameters: {'learning_rate': 0.0107392424811499, 'depth': 10, 'l2_leaf_reg': 1.5352966789647255, 'min_child_samples': 32}. Best is trial 13 with value: 1.99993898345868.
[I 2025-03-11 21:28:15,852] Trial 75 finished with value: 2.0041799612607556 and parameters: {'learning_rate': 0.011831150353037468, 'depth': 9, 'l2_leaf_reg': 1.7347911688493005, 'min_child_samples': 32}. Best is trial 13 with value: 1.99993898345868.
[I 2025-03-11 21:28:18,337] Trial 76 finished with value: 2.007885673262785 and parameters: {'learning_rate': 0.011083326062108302, 'depth': 11, 'l2_leaf_reg': 2.567101546276933, 'min_child_samples': 16}. Best is trial 13 with value: 1.99993898345868.
[I 2025-03-11 21:28:19,890] Trial 77 finished with value: 2.0109273515188906 and parameters: {'learning_rate': 0.01441809326051, 'depth': 8, 'l2_leaf_reg': 0.9892801442903798, 'min_child_samples': 4}. Best is trial 13 with value: 1.99993898345868.
[I 2025-03-11 21:28:21,938] Trial 78 finished with value: 2.0112230027878613 and parameters: {'learning_rate': 0.009252372068817166, 'depth': 10, 'l2_leaf_reg': 2.8855391931238352, 'min_child_samples': 32}. Best is trial 13 with value: 1.99993898345868.
[I 2025-03-11 21:28:26,339] Trial 79 finished with value: 2.009497137826584 and parameters: {'learning_rate': 0.008337640413557688, 'depth': 12, 'l2_leaf_reg': 1.1265393767181626, 'min_child_samples': 16}. Best is trial 13 with value: 1.99993898345868.
[I 2025-03-11 21:28:27,961] Trial 80 finished with value: 2.0066408105753144 and parameters: {'learning_rate': 0.015839942270215672, 'depth': 7, 'l2_leaf_reg': 1.9930124180249598, 'min_child_samples': 32}. Best is trial 13 with value: 1.99993898345868.
[I 2025-03-11 21:28:30,833] Trial 81 finished with value: 2.002687089246232 and parameters: {'learning_rate': 0.012576719956761673, 'depth': 11, 'l2_leaf_reg': 1.1670001921307038, 'min_child_samples': 32}. Best is trial 13 with value: 1.99993898345868.
[I 2025-03-11 21:28:33,499] Trial 82 finished with value: 2.0046624719672 and parameters: {'learning_rate': 0.01234234544166386, 'depth': 11, 'l2_leaf_reg': 1.3918668258873816, 'min_child_samples': 32}. Best is trial 13 with value: 1.99993898345868.
[I 2025-03-11 21:28:37,522] Trial 83 finished with value: 2.010468209900109 and parameters: {'learning_rate': 0.010091209161141472, 'depth': 12, 'l2_leaf_reg': 1.3098342116392687, 'min_child_samples': 32}. Best is trial 13 with value: 1.99993898345868.
[I 2025-03-11 21:28:39,556] Trial 84 finished with value: 2.0050650314164438 and parameters: {'learning_rate': 0.012946873771582502, 'depth': 10, 'l2_leaf_reg': 1.1870208513592595, 'min_child_samples': 32}. Best is trial 13 with value: 1.99993898345868.
[I 2025-03-11 21:28:41,463] Trial 85 finished with value: 2.0048253093246755 and parameters: {'learning_rate': 0.013634728408571486, 'depth': 9, 'l2_leaf_reg': 0.7636115707736848, 'min_child_samples': 32}. Best is trial 13 with value: 1.99993898345868.
[I 2025-03-11 21:28:44,223] Trial 86 finished with value: 2.0068845855185846 and parameters: {'learning_rate': 0.011185923436576817, 'depth': 11, 'l2_leaf_reg': 1.6689549451105725, 'min_child_samples': 1}. Best is trial 13 with value: 1.99993898345868.
[I 2025-03-11 21:28:46,467] Trial 87 finished with value: 2.0071940361032583 and parameters: {'learning_rate': 0.011849034736690144, 'depth': 10, 'l2_leaf_reg': 1.499103653835225, 'min_child_samples': 8}. Best is trial 13 with value: 1.99993898345868.
[I 2025-03-11 21:28:48,258] Trial 88 finished with value: 2.010514489661573 and parameters: {'learning_rate': 0.01248680316029586, 'depth': 9, 'l2_leaf_reg': 0.5711082279464457, 'min_child_samples': 32}. Best is trial 13 with value: 1.99993898345868.
[I 2025-03-11 21:28:50,968] Trial 89 finished with value: 2.00181744369883 and parameters: {'learning_rate': 0.013263847912296133, 'depth': 11, 'l2_leaf_reg': 1.0059208755092006, 'min_child_samples': 16}. Best is trial 13 with value: 1.99993898345868.
[I 2025-03-11 21:28:55,422] Trial 90 finished with value: 2.0151562400109735 and parameters: {'learning_rate': 0.0168527941812214, 'depth': 13, 'l2_leaf_reg': 1.0341788604936277, 'min_child_samples': 16}. Best is trial 13 with value: 1.99993898345868.
[I 2025-03-11 21:28:58,459] Trial 91 finished with value: 2.002502413919185 and parameters: {'learning_rate': 0.013123526225419874, 'depth': 11, 'l2_leaf_reg': 0.8985903091673162, 'min_child_samples': 16}. Best is trial 13 with value: 1.99993898345868.
