[I 2025-03-11 20:15:41,465] Trial 83 finished with value: 0.27944650268044247 and parameters: {'learning_rate': 0.017786307630895393, 'depth': 12, 'l2_leaf_reg': 1.4002292247514045, 'min_child_samples': 1}. Best is trial 32 with value: 0.2734127019869769.
[I 2025-03-11 20:15:57,439] Trial 84 finished with value: 0.2750910228237077 and parameters: {'learning_rate': 0.014246015474494875, 'depth': 14, 'l2_leaf_reg': 0.10281215008944083, 'min_child_samples': 4}. Best is trial 32 with value: 0.2734127019869769.
[I 2025-03-11 20:16:12,908] Trial 85 finished with value: 0.2791635756495696 and parameters: {'learning_rate': 0.016679578042801554, 'depth': 14, 'l2_leaf_reg': 0.0025924881282295155, 'min_child_samples': 4}. Best is trial 32 with value: 0.2734127019869769.
[I 2025-03-11 20:17:08,850] Trial 86 finished with value: 0.2936913041683514 and parameters: {'learning_rate': 0.015590644995833293, 'depth': 16, 'l2_leaf_reg': 0.08533914045609858, 'min_child_samples': 4}. Best is trial 32 with value: 0.2734127019869769.
[I 2025-03-11 20:17:24,380] Trial 87 finished with value: 0.277753123045467 and parameters: {'learning_rate': 0.014088481866759024, 'depth': 14, 'l2_leaf_reg': 0.19465272763909003, 'min_child_samples': 1}. Best is trial 32 with value: 0.2734127019869769.
[I 2025-03-11 20:17:53,062] Trial 88 finished with value: 0.28519015442070084 and parameters: {'learning_rate': 0.014859869767643983, 'depth': 15, 'l2_leaf_reg': 0.3099573549648692, 'min_child_samples': 4}. Best is trial 32 with value: 0.2734127019869769.
[I 2025-03-11 20:17:57,381] Trial 89 finished with value: 0.28567869438539595 and parameters: {'learning_rate': 0.012591644047835516, 'depth': 11, 'l2_leaf_reg': 0.0888837397118961, 'min_child_samples': 4}. Best is trial 32 with value: 0.2734127019869769.
[I 2025-03-11 20:17:59,820] Trial 90 finished with value: 0.2979088323784349 and parameters: {'learning_rate': 0.01888959360292717, 'depth': 7, 'l2_leaf_reg': 1.045642172461174, 'min_child_samples': 4}. Best is trial 32 with value: 0.2734127019869769.
[I 2025-03-11 20:18:09,410] Trial 91 finished with value: 0.27382833396417355 and parameters: {'learning_rate': 0.013477023106841006, 'depth': 13, 'l2_leaf_reg': 0.8948773022732455, 'min_child_samples': 8}. Best is trial 32 with value: 0.2734127019869769.
[I 2025-03-11 20:18:17,924] Trial 92 finished with value: 0.27582528819872565 and parameters: {'learning_rate': 0.013261007895476885, 'depth': 13, 'l2_leaf_reg': 0.9352973214112772, 'min_child_samples': 4}. Best is trial 32 with value: 0.2734127019869769.
[I 2025-03-11 20:18:26,667] Trial 93 finished with value: 0.2775458587926845 and parameters: {'learning_rate': 0.013823153099033855, 'depth': 13, 'l2_leaf_reg': 0.8612502276529979, 'min_child_samples': 16}. Best is trial 32 with value: 0.2734127019869769.
[I 2025-03-11 20:18:32,330] Trial 94 finished with value: 0.2777917661247699 and parameters: {'learning_rate': 0.014374374500799335, 'depth': 12, 'l2_leaf_reg': 1.1805179763934004, 'min_child_samples': 1}. Best is trial 32 with value: 0.2734127019869769.
[I 2025-03-11 20:18:46,099] Trial 95 finished with value: 0.2771284350469539 and parameters: {'learning_rate': 0.016323277429916048, 'depth': 14, 'l2_leaf_reg': 0.8017951665870464, 'min_child_samples': 4}. Best is trial 32 with value: 0.2734127019869769.
[I 2025-03-11 20:18:54,557] Trial 96 finished with value: 0.278056495527945 and parameters: {'learning_rate': 0.015184199714576872, 'depth': 13, 'l2_leaf_reg': 0.1448986862967466, 'min_child_samples': 8}. Best is trial 32 with value: 0.2734127019869769.
[I 2025-03-11 20:19:08,373] Trial 97 finished with value: 0.2791345034616135 and parameters: {'learning_rate': 0.01731742581682301, 'depth': 14, 'l2_leaf_reg': 0.7008055130709853, 'min_child_samples': 4}. Best is trial 32 with value: 0.2734127019869769.
[I 2025-03-11 20:19:37,166] Trial 98 finished with value: 0.28525916045448757 and parameters: {'learning_rate': 0.013048965791692624, 'depth': 15, 'l2_leaf_reg': 1.0894508257298372, 'min_child_samples': 4}. Best is trial 32 with value: 0.2734127019869769.
[I 2025-03-11 20:19:42,439] Trial 99 finished with value: 0.2854028112007266 and parameters: {'learning_rate': 0.012289529482750925, 'depth': 12, 'l2_leaf_reg': 1.2404792242155604, 'min_child_samples': 8}. Best is trial 32 with value: 0.2734127019869769.
[I 2025-03-11 20:19:46,716] Trial 100 finished with value: 0.28087522477909693 and parameters: {'learning_rate': 0.019192662208309758, 'depth': 12, 'l2_leaf_reg': 1.0040631626368517, 'min_child_samples': 4}. Best is trial 32 with value: 0.2734127019869769.
[I 2025-03-11 20:19:56,210] Trial 101 finished with value: 0.27520090421811416 and parameters: {'learning_rate': 0.011604657463969003, 'depth': 13, 'l2_leaf_reg': 0.05197057932113554, 'min_child_samples': 8}. Best is trial 32 with value: 0.2734127019869769.
[I 2025-03-11 20:20:05,452] Trial 102 finished with value: 0.27529274448261604 and parameters: {'learning_rate': 0.01002460069192634, 'depth': 13, 'l2_leaf_reg': 0.60629338228861, 'min_child_samples': 8}. Best is trial 32 with value: 0.2734127019869769.
[I 2025-03-11 20:20:19,982] Trial 103 finished with value: 0.27930995749554244 and parameters: {'learning_rate': 0.013528074255061185, 'depth': 14, 'l2_leaf_reg': 1.1258511980000085, 'min_child_samples': 8}. Best is trial 32 with value: 0.2734127019869769.
[I 2025-03-11 20:20:29,115] Trial 104 finished with value: 0.27691957217727947 and parameters: {'learning_rate': 0.011916063466109733, 'depth': 13, 'l2_leaf_reg': 0.23620797095811216, 'min_child_samples': 8}. Best is trial 32 with value: 0.2734127019869769.
[I 2025-03-11 20:20:44,753] Trial 105 finished with value: 0.28107311222241993 and parameters: {'learning_rate': 0.008085343347305868, 'depth': 14, 'l2_leaf_reg': 0.13465793707771734, 'min_child_samples': 8}. Best is trial 32 with value: 0.2734127019869769.
[I 2025-03-11 20:20:54,075] Trial 106 finished with value: 0.2746117524198649 and parameters: {'learning_rate': 0.012779959902529512, 'depth': 13, 'l2_leaf_reg': 0.8967546556770355, 'min_child_samples': 32}. Best is trial 32 with value: 0.2734127019869769.
[I 2025-03-11 20:20:59,227] Trial 107 finished with value: 0.281107550741758 and parameters: {'learning_rate': 0.014238372269006224, 'depth': 12, 'l2_leaf_reg': 0.9045553171246596, 'min_child_samples': 4}. Best is trial 32 with value: 0.2734127019869769.
[I 2025-03-11 20:21:03,038] Trial 108 finished with value: 0.2866410291713526 and parameters: {'learning_rate': 0.012707549193476185, 'depth': 11, 'l2_leaf_reg': 1.3266568127466098, 'min_child_samples': 32}. Best is trial 32 with value: 0.2734127019869769.
[I 2025-03-11 20:21:05,010] Trial 109 finished with value: 0.3252871072876695 and parameters: {'learning_rate': 0.015473786788556189, 'depth': 5, 'l2_leaf_reg': 0.9914684810542309, 'min_child_samples': 32}. Best is trial 32 with value: 0.2734127019869769.
[I 2025-03-11 20:21:20,838] Trial 110 finished with value: 0.2795565914474405 and parameters: {'learning_rate': 0.0123030457969271, 'depth': 14, 'l2_leaf_reg': 0.7648306194245525, 'min_child_samples': 32}. Best is trial 32 with value: 0.2734127019869769.
[I 2025-03-11 20:21:30,129] Trial 111 finished with value: 0.2755975650200318 and parameters: {'learning_rate': 0.010726815233314839, 'depth': 13, 'l2_leaf_reg': 0.47359888217359736, 'min_child_samples': 32}. Best is trial 32 with value: 0.2734127019869769.
[I 2025-03-11 20:21:39,385] Trial 112 finished with value: 0.27548776880495196 and parameters: {'learning_rate': 0.013124441039607679, 'depth': 13, 'l2_leaf_reg': 0.871689989536989, 'min_child_samples': 32}. Best is trial 32 with value: 0.2734127019869769.
[I 2025-03-11 20:21:47,856] Trial 113 finished with value: 0.2762431684913344 and parameters: {'learning_rate': 0.013896802722029119, 'depth': 13, 'l2_leaf_reg': 0.0015172477624047801, 'min_child_samples': 1}. Best is trial 32 with value: 0.2734127019869769.
[I 2025-03-11 20:21:53,772] Trial 114 finished with value: 0.28142908140769746 and parameters: {'learning_rate': 0.01161753158457927, 'depth': 12, 'l2_leaf_reg': 1.0410417267122403, 'min_child_samples': 4}. Best is trial 32 with value: 0.2734127019869769.
[I 2025-03-11 20:22:03,186] Trial 115 finished with value: 0.27364740386912406 and parameters: {'learning_rate': 0.013501428630926699, 'depth': 13, 'l2_leaf_reg': 1.2384160580018648, 'min_child_samples': 8}. Best is trial 32 with value: 0.2734127019869769.
[I 2025-03-11 20:22:18,957] Trial 116 finished with value: 0.2788925410204923 and parameters: {'learning_rate': 0.014722890520020415, 'depth': 14, 'l2_leaf_reg': 1.2517983971565825, 'min_child_samples': 16}. Best is trial 32 with value: 0.2734127019869769.
[I 2025-03-11 20:22:23,952] Trial 117 finished with value: 0.2794742696064807 and parameters: {'learning_rate': 0.013514631156111371, 'depth': 12, 'l2_leaf_reg': 1.1959476209272286, 'min_child_samples': 4}. Best is trial 32 with value: 0.2734127019869769.
[I 2025-03-11 20:22:33,354] Trial 118 finished with value: 0.27456306870521097 and parameters: {'learning_rate': 0.012905051632599342, 'depth': 13, 'l2_leaf_reg': 0.38970443422847345, 'min_child_samples': 8}. Best is trial 32 with value: 0.2734127019869769.
[I 2025-03-11 20:22:42,663] Trial 119 finished with value: 0.2764771809292427 and parameters: {'learning_rate': 0.012795093446082468, 'depth': 13, 'l2_leaf_reg': 0.36422794668438707, 'min_child_samples': 8}. Best is trial 32 with value: 0.2734127019869769.
[I 2025-03-11 20:22:46,559] Trial 120 finished with value: 0.28463633229079377 and parameters: {'learning_rate': 0.011959460044935437, 'depth': 11, 'l2_leaf_reg': 0.577839246783741, 'min_child_samples': 8}. Best is trial 32 with value: 0.2734127019869769.
[I 2025-03-11 20:22:55,977] Trial 121 finished with value: 0.2753839109919733 and parameters: {'learning_rate': 0.013689978288489607, 'depth': 13, 'l2_leaf_reg': 0.20035312525168122, 'min_child_samples': 8}. Best is trial 32 with value: 0.2734127019869769.
[I 2025-03-11 20:23:11,763] Trial 122 finished with value: 0.2771113557652885 and parameters: {'learning_rate': 0.012943705473905874, 'depth': 14, 'l2_leaf_reg': 0.28218539702740086, 'min_child_samples': 8}. Best is trial 32 with value: 0.2734127019869769.
[I 2025-03-11 20:23:20,011] Trial 123 finished with value: 0.27686660303167326 and parameters: {'learning_rate': 0.014198461919070968, 'depth': 13, 'l2_leaf_reg': 0.07097003949957403, 'min_child_samples': 4}. Best is trial 32 with value: 0.2734127019869769.
[I 2025-03-11 20:23:26,107] Trial 124 finished with value: 0.27988898405863877 and parameters: {'learning_rate': 0.012457018949771243, 'depth': 12, 'l2_leaf_reg': 1.1241627329767372, 'min_child_samples': 8}. Best is trial 32 with value: 0.2734127019869769.
[I 2025-03-11 20:23:41,922] Trial 125 finished with value: 0.27592120696336286 and parameters: {'learning_rate': 0.013571876290906218, 'depth': 14, 'l2_leaf_reg': 0.661960829916798, 'min_child_samples': 4}. Best is trial 32 with value: 0.2734127019869769.
[I 2025-03-11 20:24:11,085] Trial 126 finished with value: 0.28543163842279917 and parameters: {'learning_rate': 0.01460577283731957, 'depth': 15, 'l2_leaf_reg': 0.38421640671044893, 'min_child_samples': 1}. Best is trial 32 with value: 0.2734127019869769.
[I 2025-03-11 20:24:19,972] Trial 127 finished with value: 0.2756890450880036 and parameters: {'learning_rate': 0.013136851528990651, 'depth': 13, 'l2_leaf_reg': 0.9421644095733928, 'min_child_samples': 4}. Best is trial 32 with value: 0.2734127019869769.
[I 2025-03-11 20:24:26,524] Trial 128 finished with value: 0.27764420604890017 and parameters: {'learning_rate': 0.012082599473250941, 'depth': 12, 'l2_leaf_reg': 0.8273097026660954, 'min_child_samples': 8}. Best is trial 32 with value: 0.2734127019869769.
[I 2025-03-11 20:24:42,782] Trial 129 finished with value: 0.27908503856507105 and parameters: {'learning_rate': 0.010352853264573011, 'depth': 14, 'l2_leaf_reg': 0.08777727494544796, 'min_child_samples': 4}. Best is trial 32 with value: 0.2734127019869769.
[I 2025-03-11 20:24:51,890] Trial 130 finished with value: 0.27603606108130324 and parameters: {'learning_rate': 0.011156580519824127, 'depth': 13, 'l2_leaf_reg': 0.7435387844403388, 'min_child_samples': 32}. Best is trial 32 with value: 0.2734127019869769.
[I 2025-03-11 20:25:01,257] Trial 131 finished with value: 0.27708350443843427 and parameters: {'learning_rate': 0.01155287005209399, 'depth': 13, 'l2_leaf_reg': 1.673206584501042, 'min_child_samples': 8}. Best is trial 32 with value: 0.2734127019869769.
[I 2025-03-11 20:25:07,459] Trial 132 finished with value: 0.28255266589129757 and parameters: {'learning_rate': 0.009634237656649634, 'depth': 12, 'l2_leaf_reg': 1.8341837550741198, 'min_child_samples': 8}. Best is trial 32 with value: 0.2734127019869769.
[I 2025-03-11 20:25:16,476] Trial 133 finished with value: 0.2752547576304996 and parameters: {'learning_rate': 0.01258260334262205, 'depth': 13, 'l2_leaf_reg': 0.15926435891904622, 'min_child_samples': 8}. Best is trial 32 with value: 0.2734127019869769.
[I 2025-03-11 20:25:18,119] Trial 134 finished with value: 0.44395446141144773 and parameters: {'learning_rate': 0.013209827431669824, 'depth': 1, 'l2_leaf_reg': 1.3881211615697369, 'min_child_samples': 8}. Best is trial 32 with value: 0.2734127019869769.
[I 2025-03-11 20:25:26,740] Trial 135 finished with value: 0.27706448708199954 and parameters: {'learning_rate': 0.014087618650787103, 'depth': 13, 'l2_leaf_reg': 1.0621190442903221, 'min_child_samples': 4}. Best is trial 32 with value: 0.2734127019869769.
[I 2025-03-11 20:25:43,123] Trial 136 finished with value: 0.27737361071246136 and parameters: {'learning_rate': 0.01088028279691413, 'depth': 14, 'l2_leaf_reg': 1.5461818643549678, 'min_child_samples': 8}. Best is trial 32 with value: 0.2734127019869769.
[I 2025-03-11 20:25:50,774] Trial 137 finished with value: 0.2763916859165278 and parameters: {'learning_rate': 0.015092062998875071, 'depth': 13, 'l2_leaf_reg': 1.479625018958088, 'min_child_samples': 4}. Best is trial 32 with value: 0.2734127019869769.
[I 2025-03-11 20:25:56,232] Trial 138 finished with value: 0.2790912088315959 and parameters: {'learning_rate': 0.013880773310670664, 'depth': 12, 'l2_leaf_reg': 2.9883338223171227, 'min_child_samples': 1}. Best is trial 32 with value: 0.2734127019869769.
[I 2025-03-11 20:26:05,906] Trial 139 finished with value: 0.27598082002097424 and parameters: {'learning_rate': 0.01233720953767498, 'depth': 13, 'l2_leaf_reg': 1.2894154584842803, 'min_child_samples': 8}. Best is trial 32 with value: 0.2734127019869769.
[I 2025-03-11 20:26:22,051] Trial 140 finished with value: 0.2774312777249909 and parameters: {'learning_rate': 0.011244693945992328, 'depth': 14, 'l2_leaf_reg': 0.9193219804155289, 'min_child_samples': 4}. Best is trial 32 with value: 0.2734127019869769.
[I 2025-03-11 20:26:29,891] Trial 141 finished with value: 0.2752659800026936 and parameters: {'learning_rate': 0.01700736546605361, 'depth': 13, 'l2_leaf_reg': 1.3448511284767122, 'min_child_samples': 1}. Best is trial 32 with value: 0.2734127019869769.
[I 2025-03-11 20:26:37,328] Trial 142 finished with value: 0.2780996523324964 and parameters: {'learning_rate': 0.015871789200393914, 'depth': 13, 'l2_leaf_reg': 1.1626960079579283, 'min_child_samples': 1}. Best is trial 32 with value: 0.2734127019869769.
[I 2025-03-11 20:26:42,622] Trial 143 finished with value: 0.28189578801125226 and parameters: {'learning_rate': 0.016421003048575036, 'depth': 12, 'l2_leaf_reg': 2.0003285694122583, 'min_child_samples': 1}. Best is trial 32 with value: 0.2734127019869769.
[I 2025-03-11 20:26:58,682] Trial 144 finished with value: 0.2763380875081591 and parameters: {'learning_rate': 0.01340489874051624, 'depth': 14, 'l2_leaf_reg': 1.2497267386207924, 'min_child_samples': 1}. Best is trial 32 with value: 0.2734127019869769.
[I 2025-03-11 20:27:06,171] Trial 145 finished with value: 0.274689687174787 and parameters: {'learning_rate': 0.01826554826358727, 'depth': 13, 'l2_leaf_reg': 1.1104570694458598, 'min_child_samples': 1}. Best is trial 32 with value: 0.2734127019869769.
[I 2025-03-11 20:27:14,203] Trial 146 finished with value: 0.2756518096312562 and parameters: {'learning_rate': 0.01935873216764101, 'depth': 13, 'l2_leaf_reg': 1.1344014410543835, 'min_child_samples': 4}. Best is trial 32 with value: 0.2734127019869769.
[I 2025-03-11 20:27:19,645] Trial 147 finished with value: 0.28144593734887974 and parameters: {'learning_rate': 0.012641586198314469, 'depth': 12, 'l2_leaf_reg': 0.9934345759673933, 'min_child_samples': 16}. Best is trial 32 with value: 0.2734127019869769.
[I 2025-03-11 20:27:27,280] Trial 148 finished with value: 0.2732129348942531 and parameters: {'learning_rate': 0.018232648315710098, 'depth': 13, 'l2_leaf_reg': 0.06089475856207127, 'min_child_samples': 8}. Best is trial 148 with value: 0.2732129348942531.
[I 2025-03-11 20:27:43,067] Trial 149 finished with value: 0.27556324684511624 and parameters: {'learning_rate': 0.0181956213603235, 'depth': 14, 'l2_leaf_reg': 0.04316426838954772, 'min_child_samples': 4}. Best is trial 148 with value: 0.2732129348942531.
[I 2025-03-11 20:27:50,001] Trial 150 finished with value: 0.2755454118165942 and parameters: {'learning_rate': 0.01727602374696256, 'depth': 13, 'l2_leaf_reg': 0.000542977897144449, 'min_child_samples': 32}. Best is trial 148 with value: 0.2732129348942531.
[I 2025-03-11 20:27:58,350] Trial 151 finished with value: 0.2756026290957148 and parameters: {'learning_rate': 0.018115385234328714, 'depth': 13, 'l2_leaf_reg': 0.1634737666553948, 'min_child_samples': 8}. Best is trial 148 with value: 0.2732129348942531.
[I 2025-03-11 20:28:03,465] Trial 152 finished with value: 0.2780663634447541 and parameters: {'learning_rate': 0.01776058970800603, 'depth': 12, 'l2_leaf_reg': 0.25619044501593324, 'min_child_samples': 8}. Best is trial 148 with value: 0.2732129348942531.
[I 2025-03-11 20:28:11,098] Trial 153 finished with value: 0.2792491247435638 and parameters: {'learning_rate': 0.01947736698655908, 'depth': 13, 'l2_leaf_reg': 0.10120409956852539, 'min_child_samples': 8}. Best is trial 148 with value: 0.2732129348942531.
[I 2025-03-11 20:28:23,555] Trial 154 finished with value: 0.27914708778924163 and parameters: {'learning_rate': 0.018702237412818734, 'depth': 14, 'l2_leaf_reg': 1.090407767162608, 'min_child_samples': 8}. Best is trial 148 with value: 0.2732129348942531.
[I 2025-03-11 20:28:30,975] Trial 155 finished with value: 0.2762268700841157 and parameters: {'learning_rate': 0.018325518151407906, 'depth': 13, 'l2_leaf_reg': 2.564428391293038, 'min_child_samples': 8}. Best is trial 148 with value: 0.2732129348942531.
[I 2025-03-11 20:28:46,613] Trial 156 finished with value: 0.2772885377146112 and parameters: {'learning_rate': 0.012961605048225938, 'depth': 14, 'l2_leaf_reg': 0.20394311045746474, 'min_child_samples': 4}. Best is trial 148 with value: 0.2732129348942531.
[I 2025-03-11 20:28:52,120] Trial 157 finished with value: 0.2799119762717424 and parameters: {'learning_rate': 0.014361363084332737, 'depth': 12, 'l2_leaf_reg': 1.029333301592271, 'min_child_samples': 8}. Best is trial 148 with value: 0.2732129348942531.
[I 2025-03-11 20:29:01,929] Trial 158 finished with value: 0.2750126863459713 and parameters: {'learning_rate': 0.01180273333803905, 'depth': 13, 'l2_leaf_reg': 0.8691226467830043, 'min_child_samples': 1}. Best is trial 148 with value: 0.2732129348942531.
[I 2025-03-11 20:29:11,631] Trial 159 finished with value: 0.2770769541540877 and parameters: {'learning_rate': 0.011930898975612888, 'depth': 13, 'l2_leaf_reg': 0.842577361039204, 'min_child_samples': 1}. Best is trial 148 with value: 0.2732129348942531.
[I 2025-03-11 20:29:16,556] Trial 160 finished with value: 0.278837192158266 and parameters: {'learning_rate': 0.01353063218917555, 'depth': 12, 'l2_leaf_reg': 0.9693771388734718, 'min_child_samples': 1}. Best is trial 148 with value: 0.2732129348942531.
[I 2025-03-11 20:29:26,314] Trial 161 finished with value: 0.27630630006579976 and parameters: {'learning_rate': 0.011566040958604158, 'depth': 13, 'l2_leaf_reg': 0.5184049721654607, 'min_child_samples': 1}. Best is trial 148 with value: 0.2732129348942531.
[I 2025-03-11 20:29:36,156] Trial 162 finished with value: 0.27761509337319656 and parameters: {'learning_rate': 0.010189793975273113, 'depth': 13, 'l2_leaf_reg': 0.9003240655844855, 'min_child_samples': 1}. Best is trial 148 with value: 0.2732129348942531.
[I 2025-03-11 20:29:51,845] Trial 163 finished with value: 0.2765365918492432 and parameters: {'learning_rate': 0.012963202704836073, 'depth': 14, 'l2_leaf_reg': 0.7866060250680802, 'min_child_samples': 4}. Best is trial 148 with value: 0.2732129348942531.
[I 2025-03-11 20:30:01,127] Trial 164 finished with value: 0.2730338049632353 and parameters: {'learning_rate': 0.012241544396613593, 'depth': 13, 'l2_leaf_reg': 0.04904766999930776, 'min_child_samples': 1}. Best is trial 164 with value: 0.2730338049632353.
[I 2025-03-11 20:30:07,973] Trial 165 finished with value: 0.2757233728698756 and parameters: {'learning_rate': 0.019747487833964142, 'depth': 13, 'l2_leaf_reg': 0.05549677563291084, 'min_child_samples': 1}. Best is trial 164 with value: 0.2730338049632353.
[I 2025-03-11 20:30:14,121] Trial 166 finished with value: 0.28085728691491757 and parameters: {'learning_rate': 0.012200978982441895, 'depth': 12, 'l2_leaf_reg': 0.11940462301107654, 'min_child_samples': 1}. Best is trial 164 with value: 0.2730338049632353.
[I 2025-03-11 20:30:23,707] Trial 167 finished with value: 0.27640600762551143 and parameters: {'learning_rate': 0.012625120305230058, 'depth': 13, 'l2_leaf_reg': 0.04195896324884592, 'min_child_samples': 1}. Best is trial 164 with value: 0.2730338049632353.
