2025-03-11 19:57:25,758 - __main__ - INFO - Loading data...
2025-03-11 19:57:42,953 - __main__ - INFO - Loaded data from /app/nse/ml/output_19_01_2025_2: X shape=(2322432, 10), y shape=(2322432, 4)
2025-03-11 19:57:42,954 - __main__ - INFO - Preprocessing and splitting data...
2025-03-11 19:57:47,386 - __main__ - INFO - Starting hyperparameter optimization...
2025-03-11 19:57:47,515 - __main__ - INFO - Starting c_delta_z optimization...
2025-03-11 19:57:47,515 - __main__ - INFO - Starting hyperparameter optimization for c_delta_z
[I 2025-03-11 19:57:47,515] A new study created in memory with name: catboost-c_delta_z-seed42
[I 2025-03-11 19:57:56,192] Trial 0 finished with value: 0.28350973804523355 and parameters: {'learning_rate': 0.008386826056901437, 'depth': 11, 'l2_leaf_reg': 0.8724262922949614, 'min_child_samples': 4}. Best is trial 0 with value: 0.28350973804523355.
[I 2025-03-11 19:58:14,959] Trial 1 finished with value: 0.27726754859778696 and parameters: {'learning_rate': 0.01252503571660191, 'depth': 14, 'l2_leaf_reg': 0.7234467910897461, 'min_child_samples': 1}. Best is trial 1 with value: 0.27726754859778696.
[I 2025-03-11 19:58:46,770] Trial 2 finished with value: 0.2912439198754534 and parameters: {'learning_rate': 0.00789036675662238, 'depth': 15, 'l2_leaf_reg': 2.9159000731051083, 'min_child_samples': 1}. Best is trial 1 with value: 0.27726754859778696.
[I 2025-03-11 19:58:53,484] Trial 3 finished with value: 0.28685046784764695 and parameters: {'learning_rate': 0.01607301573880699, 'depth': 11, 'l2_leaf_reg': 2.8447024973969315, 'min_child_samples': 1}. Best is trial 1 with value: 0.27726754859778696.
[I 2025-03-11 19:58:58,056] Trial 4 finished with value: 0.33327990348249636 and parameters: {'learning_rate': 0.01579865990298773, 'depth': 4, 'l2_leaf_reg': 2.862311919388275, 'min_child_samples': 16}. Best is trial 1 with value: 0.27726754859778696.
[I 2025-03-11 19:59:03,328] Trial 5 finished with value: 0.2934301252838305 and parameters: {'learning_rate': 0.009614753934679558, 'depth': 9, 'l2_leaf_reg': 1.920436100782927, 'min_child_samples': 32}. Best is trial 1 with value: 0.27726754859778696.
[I 2025-03-11 20:00:02,804] Trial 6 finished with value: 0.29832474963137895 and parameters: {'learning_rate': 0.008808826327036612, 'depth': 16, 'l2_leaf_reg': 0.2661172867945055, 'min_child_samples': 32}. Best is trial 1 with value: 0.27726754859778696.
[I 2025-03-11 20:00:14,474] Trial 7 finished with value: 0.2868326770736479 and parameters: {'learning_rate': 0.005544182448555294, 'depth': 13, 'l2_leaf_reg': 2.091327726243752, 'min_child_samples': 16}. Best is trial 1 with value: 0.27726754859778696.
[I 2025-03-11 20:00:21,810] Trial 8 finished with value: 0.28116574046619225 and parameters: {'learning_rate': 0.015075611113796065, 'depth': 12, 'l2_leaf_reg': 0.3624665033254413, 'min_child_samples': 4}. Best is trial 1 with value: 0.27726754859778696.
[I 2025-03-11 20:00:25,248] Trial 9 finished with value: 0.44530241265286796 and parameters: {'learning_rate': 0.01256537871459566, 'depth': 1, 'l2_leaf_reg': 0.49918328526283995, 'min_child_samples': 16}. Best is trial 1 with value: 0.27726754859778696.
[I 2025-03-11 20:00:29,457] Trial 10 finished with value: 0.5180349679858675 and parameters: {'learning_rate': 6.823502596475621e-05, 'depth': 6, 'l2_leaf_reg': 1.152543723109802, 'min_child_samples': 8}. Best is trial 1 with value: 0.27726754859778696.
[I 2025-03-11 20:00:39,417] Trial 11 finished with value: 0.27551165930378396 and parameters: {'learning_rate': 0.01818687940082305, 'depth': 13, 'l2_leaf_reg': 0.18403870361990762, 'min_child_samples': 4}. Best is trial 11 with value: 0.27551165930378396.
[I 2025-03-11 20:00:54,002] Trial 12 finished with value: 0.27824900265552005 and parameters: {'learning_rate': 0.01999424112244004, 'depth': 14, 'l2_leaf_reg': 0.8575116367610258, 'min_child_samples': 1}. Best is trial 11 with value: 0.27551165930378396.
[I 2025-03-11 20:01:52,996] Trial 13 finished with value: 0.2946361746735115 and parameters: {'learning_rate': 0.019873922667918043, 'depth': 16, 'l2_leaf_reg': 0.18295835381092795, 'min_child_samples': 4}. Best is trial 11 with value: 0.27551165930378396.
[I 2025-03-11 20:01:57,639] Trial 14 finished with value: 0.29665539795357554 and parameters: {'learning_rate': 0.012806851900160033, 'depth': 8, 'l2_leaf_reg': 0.016743541359556524, 'min_child_samples': 8}. Best is trial 11 with value: 0.27551165930378396.
[I 2025-03-11 20:02:02,788] Trial 15 finished with value: 0.2921495333243003 and parameters: {'learning_rate': 0.017035218539249178, 'depth': 9, 'l2_leaf_reg': 1.466868509252687, 'min_child_samples': 1}. Best is trial 11 with value: 0.27551165930378396.
[I 2025-03-11 20:02:14,406] Trial 16 finished with value: 0.27596108694521043 and parameters: {'learning_rate': 0.012488430341830423, 'depth': 13, 'l2_leaf_reg': 0.5761211444033042, 'min_child_samples': 4}. Best is trial 11 with value: 0.27551165930378396.
[I 2025-03-11 20:02:20,232] Trial 17 finished with value: 0.3138046794419481 and parameters: {'learning_rate': 0.0033059960698306025, 'depth': 11, 'l2_leaf_reg': 1.4555345756847335, 'min_child_samples': 4}. Best is trial 11 with value: 0.27551165930378396.
[I 2025-03-11 20:02:25,090] Trial 18 finished with value: 0.29766175681920415 and parameters: {'learning_rate': 0.018446924133412937, 'depth': 7, 'l2_leaf_reg': 0.6198717145184751, 'min_child_samples': 4}. Best is trial 11 with value: 0.27551165930378396.
[I 2025-03-11 20:02:35,508] Trial 19 finished with value: 0.27574362161179616 and parameters: {'learning_rate': 0.013903383605442469, 'depth': 13, 'l2_leaf_reg': 1.1551724334972018, 'min_child_samples': 4}. Best is trial 11 with value: 0.27551165930378396.
[I 2025-03-11 20:02:41,500] Trial 20 finished with value: 0.2882228276066657 and parameters: {'learning_rate': 0.014525884074447134, 'depth': 10, 'l2_leaf_reg': 2.039508884384877, 'min_child_samples': 4}. Best is trial 11 with value: 0.27551165930378396.
[I 2025-03-11 20:02:53,336] Trial 21 finished with value: 0.27494549711103683 and parameters: {'learning_rate': 0.01124330820631812, 'depth': 13, 'l2_leaf_reg': 1.1262664583987811, 'min_child_samples': 4}. Best is trial 21 with value: 0.27494549711103683.
[I 2025-03-11 20:03:04,849] Trial 22 finished with value: 0.277609942287793 and parameters: {'learning_rate': 0.011225252041860373, 'depth': 13, 'l2_leaf_reg': 1.1395658817629288, 'min_child_samples': 4}. Best is trial 21 with value: 0.27494549711103683.
[I 2025-03-11 20:03:31,871] Trial 23 finished with value: 0.2861138038147988 and parameters: {'learning_rate': 0.017714978759500143, 'depth': 15, 'l2_leaf_reg': 1.1446882629010002, 'min_child_samples': 4}. Best is trial 21 with value: 0.27494549711103683.
[I 2025-03-11 20:03:39,197] Trial 24 finished with value: 0.2790826100508521 and parameters: {'learning_rate': 0.014020355469776067, 'depth': 12, 'l2_leaf_reg': 1.7672208521539798, 'min_child_samples': 4}. Best is trial 21 with value: 0.27494549711103683.
[I 2025-03-11 20:03:56,892] Trial 25 finished with value: 0.2785812277388963 and parameters: {'learning_rate': 0.010645551603809136, 'depth': 14, 'l2_leaf_reg': 2.340263264714462, 'min_child_samples': 8}. Best is trial 21 with value: 0.27494549711103683.
[I 2025-03-11 20:04:01,834] Trial 26 finished with value: 0.2911984043925497 and parameters: {'learning_rate': 0.007178043034714015, 'depth': 10, 'l2_leaf_reg': 1.0073159313476796, 'min_child_samples': 4}. Best is trial 21 with value: 0.27494549711103683.
[I 2025-03-11 20:04:05,789] Trial 27 finished with value: 0.3211499303082954 and parameters: {'learning_rate': 0.01862936417509281, 'depth': 5, 'l2_leaf_reg': 1.666015657058479, 'min_child_samples': 32}. Best is trial 21 with value: 0.27494549711103683.
[I 2025-03-11 20:04:12,992] Trial 28 finished with value: 0.2808415311870037 and parameters: {'learning_rate': 0.01668561624518287, 'depth': 12, 'l2_leaf_reg': 1.286225976936978, 'min_child_samples': 4}. Best is trial 21 with value: 0.27494549711103683.
[I 2025-03-11 20:04:19,313] Trial 29 finished with value: 0.28364498542177147 and parameters: {'learning_rate': 0.014068556215751725, 'depth': 11, 'l2_leaf_reg': 0.8378123677093128, 'min_child_samples': 4}. Best is trial 21 with value: 0.27494549711103683.
[I 2025-03-11 20:04:50,748] Trial 30 finished with value: 0.28738894197124343 and parameters: {'learning_rate': 0.011347338379967228, 'depth': 15, 'l2_leaf_reg': 2.314044576546493, 'min_child_samples': 4}. Best is trial 21 with value: 0.27494549711103683.
[I 2025-03-11 20:05:01,607] Trial 31 finished with value: 0.275138381432217 and parameters: {'learning_rate': 0.013086470939419387, 'depth': 13, 'l2_leaf_reg': 0.5150527567680314, 'min_child_samples': 4}. Best is trial 21 with value: 0.27494549711103683.
[I 2025-03-11 20:05:12,769] Trial 32 finished with value: 0.2734127019869769 and parameters: {'learning_rate': 0.013203441780093764, 'depth': 13, 'l2_leaf_reg': 0.06435387571222859, 'min_child_samples': 4}. Best is trial 32 with value: 0.2734127019869769.
[I 2025-03-11 20:05:30,915] Trial 33 finished with value: 0.2791200999705411 and parameters: {'learning_rate': 0.00964997298424839, 'depth': 14, 'l2_leaf_reg': 0.13673897813681213, 'min_child_samples': 4}. Best is trial 32 with value: 0.2734127019869769.
[I 2025-03-11 20:06:00,669] Trial 34 finished with value: 0.29754232175422196 and parameters: {'learning_rate': 0.006437386444558102, 'depth': 15, 'l2_leaf_reg': 0.4090450859555611, 'min_child_samples': 4}. Best is trial 32 with value: 0.2734127019869769.
[I 2025-03-11 20:06:03,804] Trial 35 finished with value: 0.28737950680541247 and parameters: {'learning_rate': 0.011838482903241875, 'depth': 10, 'l2_leaf_reg': 0.7530259454708268, 'min_child_samples': 16}. Best is trial 32 with value: 0.2734127019869769.
[I 2025-03-11 20:06:08,863] Trial 36 finished with value: 0.2803822149863616 and parameters: {'learning_rate': 0.015622703717953799, 'depth': 12, 'l2_leaf_reg': 0.08149724082952241, 'min_child_samples': 32}. Best is trial 32 with value: 0.2734127019869769.
[I 2025-03-11 20:07:05,371] Trial 37 finished with value: 0.2986288564441884 and parameters: {'learning_rate': 0.008553850426441457, 'depth': 16, 'l2_leaf_reg': 0.27741616182197854, 'min_child_samples': 4}. Best is trial 32 with value: 0.2734127019869769.
[I 2025-03-11 20:07:20,939] Trial 38 finished with value: 0.2764842567628083 and parameters: {'learning_rate': 0.013287091939084533, 'depth': 14, 'l2_leaf_reg': 0.6697486511577483, 'min_child_samples': 1}. Best is trial 32 with value: 0.2734127019869769.
[I 2025-03-11 20:07:25,223] Trial 39 finished with value: 0.2870096691536919 and parameters: {'learning_rate': 0.009681369305323088, 'depth': 11, 'l2_leaf_reg': 0.44251521311973196, 'min_child_samples': 8}. Best is trial 32 with value: 0.2734127019869769.
[I 2025-03-11 20:07:26,822] Trial 40 finished with value: 0.4406535349081344 and parameters: {'learning_rate': 0.004124413969139124, 'depth': 2, 'l2_leaf_reg': 0.23788468742524005, 'min_child_samples': 16}. Best is trial 32 with value: 0.2734127019869769.
[I 2025-03-11 20:07:36,420] Trial 41 finished with value: 0.27394380738905644 and parameters: {'learning_rate': 0.013533343450204472, 'depth': 13, 'l2_leaf_reg': 1.024724684682555, 'min_child_samples': 4}. Best is trial 32 with value: 0.2734127019869769.
[I 2025-03-11 20:07:45,829] Trial 42 finished with value: 0.27490219683311334 and parameters: {'learning_rate': 0.010592216778208374, 'depth': 13, 'l2_leaf_reg': 0.0028266153483769915, 'min_child_samples': 4}. Best is trial 32 with value: 0.2734127019869769.
[I 2025-03-11 20:07:51,777] Trial 43 finished with value: 0.2814411055402304 and parameters: {'learning_rate': 0.0105528652071721, 'depth': 12, 'l2_leaf_reg': 0.9685128378039953, 'min_child_samples': 4}. Best is trial 32 with value: 0.2734127019869769.
[I 2025-03-11 20:08:07,651] Trial 44 finished with value: 0.27685309097334976 and parameters: {'learning_rate': 0.011859822398578732, 'depth': 14, 'l2_leaf_reg': 0.36493525124054976, 'min_child_samples': 4}. Best is trial 32 with value: 0.2734127019869769.
[I 2025-03-11 20:08:36,453] Trial 45 finished with value: 0.28451710183173856 and parameters: {'learning_rate': 0.0150773664657276, 'depth': 15, 'l2_leaf_reg': 1.3137071697705993, 'min_child_samples': 32}. Best is trial 32 with value: 0.2734127019869769.
[I 2025-03-11 20:08:45,363] Trial 46 finished with value: 0.27459180981201675 and parameters: {'learning_rate': 0.013223499406468284, 'depth': 13, 'l2_leaf_reg': 0.008420702455651928, 'min_child_samples': 4}. Best is trial 32 with value: 0.2734127019869769.
[I 2025-03-11 20:08:48,309] Trial 47 finished with value: 0.2924387125658318 and parameters: {'learning_rate': 0.010450857691824907, 'depth': 9, 'l2_leaf_reg': 0.032741549642755316, 'min_child_samples': 4}. Best is trial 32 with value: 0.2734127019869769.
[I 2025-03-11 20:09:44,101] Trial 48 finished with value: 0.2967260755854611 and parameters: {'learning_rate': 0.008985605926639908, 'depth': 16, 'l2_leaf_reg': 2.7214501911200717, 'min_child_samples': 1}. Best is trial 32 with value: 0.2734127019869769.
[I 2025-03-11 20:09:49,709] Trial 49 finished with value: 0.2835434686786905 and parameters: {'learning_rate': 0.007653717833578299, 'depth': 12, 'l2_leaf_reg': 0.2879658411313295, 'min_child_samples': 16}. Best is trial 32 with value: 0.2734127019869769.
[I 2025-03-11 20:10:05,478] Trial 50 finished with value: 0.2757121906893562 and parameters: {'learning_rate': 0.012246817024610439, 'depth': 14, 'l2_leaf_reg': 0.009494800183370834, 'min_child_samples': 4}. Best is trial 32 with value: 0.2734127019869769.
[I 2025-03-11 20:10:13,948] Trial 51 finished with value: 0.27645083153426714 and parameters: {'learning_rate': 0.013669234745517433, 'depth': 13, 'l2_leaf_reg': 0.5335625337351031, 'min_child_samples': 4}. Best is trial 32 with value: 0.2734127019869769.
[I 2025-03-11 20:10:22,457] Trial 52 finished with value: 0.2786272674543346 and parameters: {'learning_rate': 0.013023541398357014, 'depth': 13, 'l2_leaf_reg': 0.17121758188633152, 'min_child_samples': 4}. Best is trial 32 with value: 0.2734127019869769.
[I 2025-03-11 20:10:26,851] Trial 53 finished with value: 0.28405165545018307 and parameters: {'learning_rate': 0.014771081828580522, 'depth': 11, 'l2_leaf_reg': 0.7765435894027599, 'min_child_samples': 4}. Best is trial 32 with value: 0.2734127019869769.
[I 2025-03-11 20:10:32,976] Trial 54 finished with value: 0.2802625013092061 and parameters: {'learning_rate': 0.01132684604740037, 'depth': 12, 'l2_leaf_reg': 0.5235720147830192, 'min_child_samples': 4}. Best is trial 32 with value: 0.2734127019869769.
[I 2025-03-11 20:10:42,465] Trial 55 finished with value: 0.27413594223321314 and parameters: {'learning_rate': 0.012934071195896282, 'depth': 13, 'l2_leaf_reg': 0.9654226839617833, 'min_child_samples': 8}. Best is trial 32 with value: 0.2734127019869769.
[I 2025-03-11 20:11:11,503] Trial 56 finished with value: 0.28522383450458655 and parameters: {'learning_rate': 0.016150659976118562, 'depth': 15, 'l2_leaf_reg': 1.3019925766160794, 'min_child_samples': 8}. Best is trial 32 with value: 0.2734127019869769.
[I 2025-03-11 20:11:14,799] Trial 57 finished with value: 0.2884597926888316 and parameters: {'learning_rate': 0.01248539475937719, 'depth': 10, 'l2_leaf_reg': 1.008716598845597, 'min_child_samples': 8}. Best is trial 32 with value: 0.2734127019869769.
[I 2025-03-11 20:11:30,465] Trial 58 finished with value: 0.2779158852371085 and parameters: {'learning_rate': 0.015237212951479895, 'depth': 14, 'l2_leaf_reg': 0.9635038064034506, 'min_child_samples': 8}. Best is trial 32 with value: 0.2734127019869769.
[I 2025-03-11 20:11:39,635] Trial 59 finished with value: 0.2750931611092502 and parameters: {'learning_rate': 0.01100947179099301, 'depth': 13, 'l2_leaf_reg': 1.6994752152409136, 'min_child_samples': 8}. Best is trial 32 with value: 0.2734127019869769.
[I 2025-03-11 20:11:42,021] Trial 60 finished with value: 0.3006732207536365 and parameters: {'learning_rate': 0.009090958759264236, 'depth': 8, 'l2_leaf_reg': 1.5589835491939015, 'min_child_samples': 8}. Best is trial 32 with value: 0.2734127019869769.
[I 2025-03-11 20:11:51,247] Trial 61 finished with value: 0.2759741932663829 and parameters: {'learning_rate': 0.01024807789832077, 'depth': 13, 'l2_leaf_reg': 1.8974364001817026, 'min_child_samples': 8}. Best is trial 32 with value: 0.2734127019869769.
[I 2025-03-11 20:12:00,595] Trial 62 finished with value: 0.27715441754025527 and parameters: {'learning_rate': 0.011290831868726819, 'depth': 13, 'l2_leaf_reg': 1.612706884624273, 'min_child_samples': 8}. Best is trial 32 with value: 0.2734127019869769.
[I 2025-03-11 20:12:04,666] Trial 63 finished with value: 0.28359622555701447 and parameters: {'learning_rate': 0.014348692016376943, 'depth': 11, 'l2_leaf_reg': 1.8349970315964472, 'min_child_samples': 8}. Best is trial 32 with value: 0.2734127019869769.
[I 2025-03-11 20:12:14,084] Trial 64 finished with value: 0.27600056162360054 and parameters: {'learning_rate': 0.011972091174229545, 'depth': 13, 'l2_leaf_reg': 1.363791610069397, 'min_child_samples': 8}. Best is trial 32 with value: 0.2734127019869769.
[I 2025-03-11 20:12:29,991] Trial 65 finished with value: 0.2754981768747975 and parameters: {'learning_rate': 0.013444707170834045, 'depth': 14, 'l2_leaf_reg': 1.4330066694959842, 'min_child_samples': 1}. Best is trial 32 with value: 0.2734127019869769.
[I 2025-03-11 20:12:35,826] Trial 66 finished with value: 0.2797596784088926 and parameters: {'learning_rate': 0.011131648903599321, 'depth': 12, 'l2_leaf_reg': 1.7215061941438414, 'min_child_samples': 32}. Best is trial 32 with value: 0.2734127019869769.
[I 2025-03-11 20:13:05,097] Trial 67 finished with value: 0.28641487257841297 and parameters: {'learning_rate': 0.012732615186236088, 'depth': 15, 'l2_leaf_reg': 2.138210613068054, 'min_child_samples': 4}. Best is trial 32 with value: 0.2734127019869769.
[I 2025-03-11 20:13:11,001] Trial 68 finished with value: 0.2798937688372129 and parameters: {'learning_rate': 0.009953883832905974, 'depth': 12, 'l2_leaf_reg': 1.2125898165901268, 'min_child_samples': 8}. Best is trial 32 with value: 0.2734127019869769.
[I 2025-03-11 20:13:20,318] Trial 69 finished with value: 0.275165344896372 and parameters: {'learning_rate': 0.01078150732554822, 'depth': 13, 'l2_leaf_reg': 1.0796827232102753, 'min_child_samples': 4}. Best is trial 32 with value: 0.2734127019869769.
[I 2025-03-11 20:13:24,620] Trial 70 finished with value: 0.2860366358096366 and parameters: {'learning_rate': 0.0118880618109745, 'depth': 11, 'l2_leaf_reg': 0.11889159184053272, 'min_child_samples': 4}. Best is trial 32 with value: 0.2734127019869769.
[I 2025-03-11 20:13:33,977] Trial 71 finished with value: 0.27353686754174855 and parameters: {'learning_rate': 0.013100050740062659, 'depth': 13, 'l2_leaf_reg': 0.6244367212749419, 'min_child_samples': 4}. Best is trial 32 with value: 0.2734127019869769.
[I 2025-03-11 20:13:49,080] Trial 72 finished with value: 0.27753097788341885 and parameters: {'learning_rate': 0.013778257994326429, 'depth': 14, 'l2_leaf_reg': 0.8320774240853444, 'min_child_samples': 4}. Best is trial 32 with value: 0.2734127019869769.
[I 2025-03-11 20:13:54,001] Trial 73 finished with value: 0.28009296825372704 and parameters: {'learning_rate': 0.014516331831322268, 'depth': 12, 'l2_leaf_reg': 0.7183957443802169, 'min_child_samples': 4}. Best is trial 32 with value: 0.2734127019869769.
[I 2025-03-11 20:14:03,085] Trial 74 finished with value: 0.40778060236039804 and parameters: {'learning_rate': 0.001071334356748459, 'depth': 13, 'l2_leaf_reg': 0.22735478319232716, 'min_child_samples': 4}. Best is trial 32 with value: 0.2734127019869769.
[I 2025-03-11 20:14:18,662] Trial 75 finished with value: 0.2780643658475936 and parameters: {'learning_rate': 0.012842582369918193, 'depth': 14, 'l2_leaf_reg': 0.6291636098929125, 'min_child_samples': 16}. Best is trial 32 with value: 0.2734127019869769.
[I 2025-03-11 20:14:20,166] Trial 76 finished with value: 0.35950607733382595 and parameters: {'learning_rate': 0.012278085815714308, 'depth': 3, 'l2_leaf_reg': 0.34197573719766317, 'min_child_samples': 4}. Best is trial 32 with value: 0.2734127019869769.
[I 2025-03-11 20:14:36,179] Trial 77 finished with value: 0.2753336471766122 and parameters: {'learning_rate': 0.013387241309392289, 'depth': 14, 'l2_leaf_reg': 0.9104866006667178, 'min_child_samples': 4}. Best is trial 32 with value: 0.2734127019869769.
[I 2025-03-11 20:14:41,227] Trial 78 finished with value: 0.28248384515311564 and parameters: {'learning_rate': 0.011544534763117903, 'depth': 12, 'l2_leaf_reg': 0.43348749832534383, 'min_child_samples': 4}. Best is trial 32 with value: 0.2734127019869769.
[I 2025-03-11 20:15:10,196] Trial 79 finished with value: 0.28847084173945414 and parameters: {'learning_rate': 0.00922573908938631, 'depth': 15, 'l2_leaf_reg': 1.0798131780634344, 'min_child_samples': 32}. Best is trial 32 with value: 0.2734127019869769.
[I 2025-03-11 20:15:19,173] Trial 80 finished with value: 0.2751166419487234 and parameters: {'learning_rate': 0.015908572690225695, 'depth': 13, 'l2_leaf_reg': 1.2186084946862035, 'min_child_samples': 1}. Best is trial 32 with value: 0.2734127019869769.
[I 2025-03-11 20:15:27,320] Trial 81 finished with value: 0.27506855000510827 and parameters: {'learning_rate': 0.016942178536619973, 'depth': 13, 'l2_leaf_reg': 1.2391615626405488, 'min_child_samples': 1}. Best is trial 32 with value: 0.2734127019869769.
[I 2025-03-11 20:15:36,556] Trial 82 finished with value: 0.27764135359492553 and parameters: {'learning_rate': 0.010928864107204268, 'depth': 13, 'l2_leaf_reg': 1.516736831753997, 'min_child_samples': 1}. Best is trial 32 with value: 0.2734127019869769.
