[I 2025-03-11 20:30:39,374] Trial 168 finished with value: 0.27659857004379607 and parameters: {'learning_rate': 0.013783941086982655, 'depth': 14, 'l2_leaf_reg': 0.1375947552205532, 'min_child_samples': 1}. Best is trial 164 with value: 0.2730338049632353.
[I 2025-03-11 20:30:47,804] Trial 169 finished with value: 0.276620865787297 and parameters: {'learning_rate': 0.01332369160380931, 'depth': 13, 'l2_leaf_reg': 0.32285458930332056, 'min_child_samples': 4}. Best is trial 164 with value: 0.2730338049632353.
[I 2025-03-11 20:30:50,848] Trial 170 finished with value: 0.29503536525312063 and parameters: {'learning_rate': 0.01181912800534407, 'depth': 9, 'l2_leaf_reg': 0.009278332018862002, 'min_child_samples': 1}. Best is trial 164 with value: 0.2730338049632353.
[I 2025-03-11 20:31:00,374] Trial 171 finished with value: 0.27762894398721116 and parameters: {'learning_rate': 0.010565083684024083, 'depth': 13, 'l2_leaf_reg': 0.7009629680677057, 'min_child_samples': 8}. Best is trial 164 with value: 0.2730338049632353.
[I 2025-03-11 20:31:09,825] Trial 172 finished with value: 0.2779733130418105 and parameters: {'learning_rate': 0.012314171570272418, 'depth': 13, 'l2_leaf_reg': 1.173727002615629, 'min_child_samples': 32}. Best is trial 164 with value: 0.2730338049632353.
[I 2025-03-11 20:31:19,270] Trial 173 finished with value: 0.278752340718384 and parameters: {'learning_rate': 0.011177427473698964, 'depth': 13, 'l2_leaf_reg': 1.0567355439260597, 'min_child_samples': 4}. Best is trial 164 with value: 0.2730338049632353.
[I 2025-03-11 20:31:35,061] Trial 174 finished with value: 0.2747691954336606 and parameters: {'learning_rate': 0.013120493143324556, 'depth': 14, 'l2_leaf_reg': 0.9629566813361762, 'min_child_samples': 8}. Best is trial 164 with value: 0.2730338049632353.
[I 2025-03-11 20:32:04,243] Trial 175 finished with value: 0.285122433693387 and parameters: {'learning_rate': 0.012867415926083366, 'depth': 15, 'l2_leaf_reg': 0.9754628629716737, 'min_child_samples': 8}. Best is trial 164 with value: 0.2730338049632353.
[I 2025-03-11 20:32:19,855] Trial 176 finished with value: 0.27537765983689555 and parameters: {'learning_rate': 0.013226141180628242, 'depth': 14, 'l2_leaf_reg': 0.8637933685080895, 'min_child_samples': 4}. Best is trial 164 with value: 0.2730338049632353.
[I 2025-03-11 20:32:35,513] Trial 177 finished with value: 0.2780602645013525 and parameters: {'learning_rate': 0.013910526385745336, 'depth': 14, 'l2_leaf_reg': 0.9345276128995857, 'min_child_samples': 1}. Best is trial 164 with value: 0.2730338049632353.
[I 2025-03-11 20:32:44,878] Trial 178 finished with value: 0.27442597313789757 and parameters: {'learning_rate': 0.01268828922729381, 'depth': 13, 'l2_leaf_reg': 1.1224561381035167, 'min_child_samples': 16}. Best is trial 164 with value: 0.2730338049632353.
[I 2025-03-11 20:32:47,423] Trial 179 finished with value: 0.29488183467882634 and parameters: {'learning_rate': 0.01267090140497579, 'depth': 8, 'l2_leaf_reg': 1.1047969137735698, 'min_child_samples': 16}. Best is trial 164 with value: 0.2730338049632353.
[I 2025-03-11 20:32:51,878] Trial 180 finished with value: 0.28093405320215314 and parameters: {'learning_rate': 0.01895580089351854, 'depth': 12, 'l2_leaf_reg': 1.0126892739443856, 'min_child_samples': 16}. Best is trial 164 with value: 0.2730338049632353.
[I 2025-03-11 20:33:00,626] Trial 181 finished with value: 0.2768681184093207 and parameters: {'learning_rate': 0.013284325373969926, 'depth': 13, 'l2_leaf_reg': 1.2034873747679322, 'min_child_samples': 16}. Best is trial 164 with value: 0.2730338049632353.
[I 2025-03-11 20:33:16,819] Trial 182 finished with value: 0.2780554822134601 and parameters: {'learning_rate': 0.01222411225746817, 'depth': 14, 'l2_leaf_reg': 0.10486312383389798, 'min_child_samples': 16}. Best is trial 164 with value: 0.2730338049632353.
[I 2025-03-11 20:33:25,953] Trial 183 finished with value: 0.2762738220746317 and parameters: {'learning_rate': 0.012832965759501403, 'depth': 13, 'l2_leaf_reg': 1.0403957098003864, 'min_child_samples': 8}. Best is trial 164 with value: 0.2730338049632353.
[I 2025-03-11 20:33:34,753] Trial 184 finished with value: 0.27548308966385987 and parameters: {'learning_rate': 0.013836746251440048, 'depth': 13, 'l2_leaf_reg': 1.117305488255636, 'min_child_samples': 4}. Best is trial 164 with value: 0.2730338049632353.
[I 2025-03-11 20:33:50,806] Trial 185 finished with value: 0.27501789959830225 and parameters: {'learning_rate': 0.012467150914142891, 'depth': 14, 'l2_leaf_reg': 0.8801007331168287, 'min_child_samples': 16}. Best is trial 164 with value: 0.2730338049632353.
[I 2025-03-11 20:34:00,084] Trial 186 finished with value: 0.2737765315494188 and parameters: {'learning_rate': 0.01249085847654176, 'depth': 13, 'l2_leaf_reg': 0.7996138336548079, 'min_child_samples': 8}. Best is trial 164 with value: 0.2730338049632353.
[I 2025-03-11 20:34:09,445] Trial 187 finished with value: 0.27569811281224677 and parameters: {'learning_rate': 0.011894154155666897, 'depth': 13, 'l2_leaf_reg': 0.8039622099050656, 'min_child_samples': 16}. Best is trial 164 with value: 0.2730338049632353.
[I 2025-03-11 20:34:38,914] Trial 188 finished with value: 0.28571067357959934 and parameters: {'learning_rate': 0.012448565413466938, 'depth': 15, 'l2_leaf_reg': 0.8691185010934033, 'min_child_samples': 16}. Best is trial 164 with value: 0.2730338049632353.
[I 2025-03-11 20:34:54,557] Trial 189 finished with value: 0.2852988958710926 and parameters: {'learning_rate': 0.0066567990807147055, 'depth': 14, 'l2_leaf_reg': 0.766546422992941, 'min_child_samples': 16}. Best is trial 164 with value: 0.2730338049632353.
[I 2025-03-11 20:35:00,684] Trial 190 finished with value: 0.28148553042182567 and parameters: {'learning_rate': 0.01170388010734775, 'depth': 12, 'l2_leaf_reg': 0.9292894899828585, 'min_child_samples': 8}. Best is trial 164 with value: 0.2730338049632353.
[I 2025-03-11 20:35:10,099] Trial 191 finished with value: 0.2773090813404842 and parameters: {'learning_rate': 0.012970958535805875, 'depth': 13, 'l2_leaf_reg': 0.9534578629862094, 'min_child_samples': 8}. Best is trial 164 with value: 0.2730338049632353.
[I 2025-03-11 20:35:19,690] Trial 192 finished with value: 0.2751367183845849 and parameters: {'learning_rate': 0.01218011608741049, 'depth': 13, 'l2_leaf_reg': 0.6717619560633229, 'min_child_samples': 16}. Best is trial 164 with value: 0.2730338049632353.
[I 2025-03-11 20:35:28,463] Trial 193 finished with value: 0.27523177528785175 and parameters: {'learning_rate': 0.013443352687534021, 'depth': 13, 'l2_leaf_reg': 0.8800458082486522, 'min_child_samples': 8}. Best is trial 164 with value: 0.2730338049632353.
[I 2025-03-11 20:35:38,098] Trial 194 finished with value: 0.27589441377300006 and parameters: {'learning_rate': 0.012547381469671562, 'depth': 13, 'l2_leaf_reg': 0.836217421194758, 'min_child_samples': 8}. Best is trial 164 with value: 0.2730338049632353.
[I 2025-03-11 20:35:43,474] Trial 195 finished with value: 0.28063633958131184 and parameters: {'learning_rate': 0.013081227218493405, 'depth': 12, 'l2_leaf_reg': 0.9986435603441699, 'min_child_samples': 8}. Best is trial 164 with value: 0.2730338049632353.
[I 2025-03-11 20:35:53,001] Trial 196 finished with value: 0.27581531561970485 and parameters: {'learning_rate': 0.011404119967540441, 'depth': 13, 'l2_leaf_reg': 1.2586832859969106, 'min_child_samples': 16}. Best is trial 164 with value: 0.2730338049632353.
[I 2025-03-11 20:36:02,238] Trial 197 finished with value: 0.2740256171520632 and parameters: {'learning_rate': 0.012629441172873769, 'depth': 13, 'l2_leaf_reg': 1.07000383805271, 'min_child_samples': 32}. Best is trial 164 with value: 0.2730338049632353.
[I 2025-03-11 20:36:18,427] Trial 198 finished with value: 0.27890133957447993 and parameters: {'learning_rate': 0.011997237047690757, 'depth': 14, 'l2_leaf_reg': 1.0671734654397476, 'min_child_samples': 32}. Best is trial 164 with value: 0.2730338049632353.
[I 2025-03-11 20:36:24,356] Trial 199 finished with value: 0.28035001370431406 and parameters: {'learning_rate': 0.012705362788444672, 'depth': 12, 'l2_leaf_reg': 0.9093882800960296, 'min_child_samples': 32}. Best is trial 164 with value: 0.2730338049632353.
[I 2025-03-11 20:36:40,624] Trial 200 finished with value: 0.2746380964044678 and parameters: {'learning_rate': 0.013547676708254684, 'depth': 14, 'l2_leaf_reg': 0.9614803468338073, 'min_child_samples': 32}. Best is trial 164 with value: 0.2730338049632353.
[I 2025-03-11 20:36:56,368] Trial 201 finished with value: 0.27525089852629236 and parameters: {'learning_rate': 0.013447867169958935, 'depth': 14, 'l2_leaf_reg': 0.9614552379355094, 'min_child_samples': 32}. Best is trial 164 with value: 0.2730338049632353.
[I 2025-03-11 20:37:05,788] Trial 202 finished with value: 0.27408060883666907 and parameters: {'learning_rate': 0.013101365225556666, 'depth': 13, 'l2_leaf_reg': 0.7263504867799367, 'min_child_samples': 32}. Best is trial 164 with value: 0.2730338049632353.
[I 2025-03-11 20:37:14,581] Trial 203 finished with value: 0.27777886322347006 and parameters: {'learning_rate': 0.013730840479824947, 'depth': 13, 'l2_leaf_reg': 0.755144045819029, 'min_child_samples': 32}. Best is trial 164 with value: 0.2730338049632353.
[I 2025-03-11 20:37:24,105] Trial 204 finished with value: 0.2759158653743007 and parameters: {'learning_rate': 0.01307268675522731, 'depth': 13, 'l2_leaf_reg': 0.5897973601270331, 'min_child_samples': 32}. Best is trial 164 with value: 0.2730338049632353.
[I 2025-03-11 20:37:33,029] Trial 205 finished with value: 0.2757711246319899 and parameters: {'learning_rate': 0.013499661479190891, 'depth': 13, 'l2_leaf_reg': 0.7096617130457947, 'min_child_samples': 32}. Best is trial 164 with value: 0.2730338049632353.
[I 2025-03-11 20:37:42,536] Trial 206 finished with value: 0.27563597548402796 and parameters: {'learning_rate': 0.014125174823085515, 'depth': 13, 'l2_leaf_reg': 1.0243119633628615, 'min_child_samples': 32}. Best is trial 164 with value: 0.2730338049632353.
[I 2025-03-11 20:37:48,021] Trial 207 finished with value: 0.27976515821357256 and parameters: {'learning_rate': 0.012902357613988842, 'depth': 12, 'l2_leaf_reg': 0.6365707356379995, 'min_child_samples': 32}. Best is trial 164 with value: 0.2730338049632353.
[I 2025-03-11 20:37:57,627] Trial 208 finished with value: 0.30906673746972035 and parameters: {'learning_rate': 0.003513572285523331, 'depth': 13, 'l2_leaf_reg': 0.827362813783465, 'min_child_samples': 32}. Best is trial 164 with value: 0.2730338049632353.
[I 2025-03-11 20:38:07,147] Trial 209 finished with value: 0.2765508341952954 and parameters: {'learning_rate': 0.012232118731486418, 'depth': 13, 'l2_leaf_reg': 1.1525863132719143, 'min_child_samples': 32}. Best is trial 164 with value: 0.2730338049632353.
[I 2025-03-11 20:38:23,104] Trial 210 finished with value: 0.278465380855753 and parameters: {'learning_rate': 0.013194323243942442, 'depth': 14, 'l2_leaf_reg': 1.064708306408842, 'min_child_samples': 32}. Best is trial 164 with value: 0.2730338049632353.
[I 2025-03-11 20:38:39,214] Trial 211 finished with value: 0.2772834605085187 and parameters: {'learning_rate': 0.012400831554565178, 'depth': 14, 'l2_leaf_reg': 0.9084652988759223, 'min_child_samples': 32}. Best is trial 164 with value: 0.2730338049632353.
[I 2025-03-11 20:38:48,793] Trial 212 finished with value: 0.27657419341881373 and parameters: {'learning_rate': 0.012674115435204048, 'depth': 13, 'l2_leaf_reg': 0.8774565679431122, 'min_child_samples': 8}. Best is trial 164 with value: 0.2730338049632353.
[I 2025-03-11 20:38:58,325] Trial 213 finished with value: 0.2743749404009944 and parameters: {'learning_rate': 0.013608432819541204, 'depth': 13, 'l2_leaf_reg': 0.7835598313238166, 'min_child_samples': 8}. Best is trial 164 with value: 0.2730338049632353.
[I 2025-03-11 20:39:06,638] Trial 214 finished with value: 0.2748768504959091 and parameters: {'learning_rate': 0.014553182627023372, 'depth': 13, 'l2_leaf_reg': 0.7639236567672606, 'min_child_samples': 8}. Best is trial 164 with value: 0.2730338049632353.
[I 2025-03-11 20:39:14,531] Trial 215 finished with value: 0.2764427748699696 and parameters: {'learning_rate': 0.014722100442541328, 'depth': 13, 'l2_leaf_reg': 0.7227816171740178, 'min_child_samples': 8}. Best is trial 164 with value: 0.2730338049632353.
[I 2025-03-11 20:39:23,068] Trial 216 finished with value: 0.27784774668929246 and parameters: {'learning_rate': 0.014014585176563402, 'depth': 13, 'l2_leaf_reg': 0.7906427285230664, 'min_child_samples': 8}. Best is trial 164 with value: 0.2730338049632353.
[I 2025-03-11 20:39:32,386] Trial 217 finished with value: 0.2744568813576187 and parameters: {'learning_rate': 0.013711650737998267, 'depth': 13, 'l2_leaf_reg': 0.7815341271057037, 'min_child_samples': 8}. Best is trial 164 with value: 0.2730338049632353.
[I 2025-03-11 20:39:40,814] Trial 218 finished with value: 0.27572669345204287 and parameters: {'learning_rate': 0.014375017169797815, 'depth': 13, 'l2_leaf_reg': 0.6445251770466724, 'min_child_samples': 8}. Best is trial 164 with value: 0.2730338049632353.
[I 2025-03-11 20:39:42,131] Trial 219 finished with value: 0.386116785683293 and parameters: {'learning_rate': 0.013615916576265019, 'depth': 2, 'l2_leaf_reg': 0.7397182808325425, 'min_child_samples': 8}. Best is trial 164 with value: 0.2730338049632353.
[I 2025-03-11 20:39:48,309] Trial 220 finished with value: 0.2818622438277036 and parameters: {'learning_rate': 0.01371539674794616, 'depth': 12, 'l2_leaf_reg': 0.7836184754717438, 'min_child_samples': 8}. Best is trial 164 with value: 0.2730338049632353.
[I 2025-03-11 20:39:57,198] Trial 221 finished with value: 0.276092771608361 and parameters: {'learning_rate': 0.013215024992542805, 'depth': 13, 'l2_leaf_reg': 0.9826125467668078, 'min_child_samples': 8}. Best is trial 164 with value: 0.2730338049632353.
[I 2025-03-11 20:40:06,551] Trial 222 finished with value: 0.2741333499575167 and parameters: {'learning_rate': 0.0132556813148448, 'depth': 13, 'l2_leaf_reg': 0.04122304551469634, 'min_child_samples': 8}. Best is trial 164 with value: 0.2730338049632353.
[I 2025-03-11 20:40:15,351] Trial 223 finished with value: 0.2757361864154202 and parameters: {'learning_rate': 0.013375982936377472, 'depth': 13, 'l2_leaf_reg': 0.07302151916470476, 'min_child_samples': 8}. Best is trial 164 with value: 0.2730338049632353.
[I 2025-03-11 20:40:17,466] Trial 224 finished with value: 0.31343626761484356 and parameters: {'learning_rate': 0.014046503447918508, 'depth': 6, 'l2_leaf_reg': 0.019342870916250296, 'min_child_samples': 8}. Best is trial 164 with value: 0.2730338049632353.
[I 2025-03-11 20:40:26,817] Trial 225 finished with value: 0.2776453833851455 and parameters: {'learning_rate': 0.01297003454206773, 'depth': 13, 'l2_leaf_reg': 0.16743011720415724, 'min_child_samples': 8}. Best is trial 164 with value: 0.2730338049632353.
[I 2025-03-11 20:40:35,554] Trial 226 finished with value: 0.2758900815462651 and parameters: {'learning_rate': 0.013537276144578413, 'depth': 13, 'l2_leaf_reg': 0.46347224870576964, 'min_child_samples': 8}. Best is trial 164 with value: 0.2730338049632353.
[I 2025-03-11 20:40:44,712] Trial 227 finished with value: 0.27190648279760415 and parameters: {'learning_rate': 0.012979807885209332, 'depth': 13, 'l2_leaf_reg': 0.06594296662375468, 'min_child_samples': 8}. Best is trial 227 with value: 0.27190648279760415.
[I 2025-03-11 20:40:53,689] Trial 228 finished with value: 0.2729458279657333 and parameters: {'learning_rate': 0.014483914854208413, 'depth': 13, 'l2_leaf_reg': 0.05537804675703932, 'min_child_samples': 8}. Best is trial 227 with value: 0.27190648279760415.
[I 2025-03-11 20:40:59,877] Trial 229 finished with value: 0.27888004134907923 and parameters: {'learning_rate': 0.013005249295442348, 'depth': 12, 'l2_leaf_reg': 0.20417886188780884, 'min_child_samples': 8}. Best is trial 227 with value: 0.27190648279760415.
[I 2025-03-11 20:41:15,401] Trial 230 finished with value: 0.27728370835603955 and parameters: {'learning_rate': 0.013798015926438565, 'depth': 14, 'l2_leaf_reg': 0.11100595304909032, 'min_child_samples': 8}. Best is trial 227 with value: 0.27190648279760415.
[I 2025-03-11 20:41:24,217] Trial 231 finished with value: 0.27592695126097283 and parameters: {'learning_rate': 0.0142058553491741, 'depth': 13, 'l2_leaf_reg': 0.01244065674767135, 'min_child_samples': 8}. Best is trial 227 with value: 0.27190648279760415.
[I 2025-03-11 20:41:33,345] Trial 232 finished with value: 0.27519005332791285 and parameters: {'learning_rate': 0.014581155941082455, 'depth': 13, 'l2_leaf_reg': 0.10161509877614304, 'min_child_samples': 8}. Best is trial 227 with value: 0.27190648279760415.
[I 2025-03-11 20:41:42,463] Trial 233 finished with value: 0.27686473584729476 and parameters: {'learning_rate': 0.01330035319258853, 'depth': 13, 'l2_leaf_reg': 0.06849684659091536, 'min_child_samples': 8}. Best is trial 227 with value: 0.27190648279760415.
[I 2025-03-11 20:41:51,521] Trial 234 finished with value: 0.27769913161361376 and parameters: {'learning_rate': 0.012855459660606366, 'depth': 13, 'l2_leaf_reg': 0.8171800823989189, 'min_child_samples': 8}. Best is trial 227 with value: 0.27190648279760415.
[I 2025-03-11 20:42:00,839] Trial 235 finished with value: 0.27644552465448535 and parameters: {'learning_rate': 0.013593628777620404, 'depth': 13, 'l2_leaf_reg': 0.6937821785766721, 'min_child_samples': 8}. Best is trial 227 with value: 0.27190648279760415.
[I 2025-03-11 20:42:06,754] Trial 236 finished with value: 0.27997586638261657 and parameters: {'learning_rate': 0.013258673934325858, 'depth': 12, 'l2_leaf_reg': 0.15632449217050443, 'min_child_samples': 8}. Best is trial 227 with value: 0.27190648279760415.
[I 2025-03-11 20:42:15,026] Trial 237 finished with value: 0.27694655800058554 and parameters: {'learning_rate': 0.01405869075365352, 'depth': 13, 'l2_leaf_reg': 0.006122683158720077, 'min_child_samples': 8}. Best is trial 227 with value: 0.27190648279760415.
[I 2025-03-11 20:42:24,157] Trial 238 finished with value: 0.274400591053132 and parameters: {'learning_rate': 0.012669597952925181, 'depth': 13, 'l2_leaf_reg': 0.060224286539934495, 'min_child_samples': 8}. Best is trial 227 with value: 0.27190648279760415.
[I 2025-03-11 20:42:33,314] Trial 239 finished with value: 0.27609314696835235 and parameters: {'learning_rate': 0.01263667136087928, 'depth': 13, 'l2_leaf_reg': 0.046854194960903775, 'min_child_samples': 8}. Best is trial 227 with value: 0.27190648279760415.
[I 2025-03-11 20:42:49,035] Trial 240 finished with value: 0.2768810682752505 and parameters: {'learning_rate': 0.012807896106900713, 'depth': 14, 'l2_leaf_reg': 0.2310732681023561, 'min_child_samples': 8}. Best is trial 227 with value: 0.27190648279760415.
[I 2025-03-11 20:42:58,411] Trial 241 finished with value: 0.27389515448472485 and parameters: {'learning_rate': 0.013162137657059115, 'depth': 13, 'l2_leaf_reg': 0.0717022989529536, 'min_child_samples': 8}. Best is trial 227 with value: 0.27190648279760415.
[I 2025-03-11 20:43:06,637] Trial 242 finished with value: 0.2767161798360876 and parameters: {'learning_rate': 0.013458912987004029, 'depth': 13, 'l2_leaf_reg': 0.0600626722992345, 'min_child_samples': 8}. Best is trial 227 with value: 0.27190648279760415.
[I 2025-03-11 20:43:16,102] Trial 243 finished with value: 0.27722273662466446 and parameters: {'learning_rate': 0.013060892044337327, 'depth': 13, 'l2_leaf_reg': 0.12516385554413637, 'min_child_samples': 8}. Best is trial 227 with value: 0.27190648279760415.
[I 2025-03-11 20:43:25,253] Trial 244 finished with value: 0.27724611033648516 and parameters: {'learning_rate': 0.012485802885714865, 'depth': 13, 'l2_leaf_reg': 0.1738305212717633, 'min_child_samples': 8}. Best is trial 227 with value: 0.27190648279760415.
[I 2025-03-11 20:43:34,484] Trial 245 finished with value: 0.27664869085907995 and parameters: {'learning_rate': 0.013109074764753658, 'depth': 13, 'l2_leaf_reg': 0.07436562572092226, 'min_child_samples': 8}. Best is trial 227 with value: 0.27190648279760415.
[I 2025-03-11 20:43:39,418] Trial 246 finished with value: 0.27981298922862213 and parameters: {'learning_rate': 0.013646262035259406, 'depth': 12, 'l2_leaf_reg': 0.12352849817196533, 'min_child_samples': 8}. Best is trial 227 with value: 0.27190648279760415.
[I 2025-03-11 20:43:55,241] Trial 247 finished with value: 0.27964194433260864 and parameters: {'learning_rate': 0.012765356472917204, 'depth': 14, 'l2_leaf_reg': 0.001436599878828916, 'min_child_samples': 32}. Best is trial 227 with value: 0.27190648279760415.
[I 2025-03-11 20:44:03,772] Trial 248 finished with value: 0.27680452268192834 and parameters: {'learning_rate': 0.013253078111934874, 'depth': 13, 'l2_leaf_reg': 0.08421667543923697, 'min_child_samples': 8}. Best is trial 227 with value: 0.27190648279760415.
[I 2025-03-11 20:44:12,443] Trial 249 finished with value: 0.27564679850136414 and parameters: {'learning_rate': 0.013777251622775925, 'depth': 13, 'l2_leaf_reg': 0.9984256338115074, 'min_child_samples': 8}. Best is trial 227 with value: 0.27190648279760415.
[I 2025-03-11 20:44:28,178] Trial 250 finished with value: 0.2771426438913879 and parameters: {'learning_rate': 0.012451075287441191, 'depth': 14, 'l2_leaf_reg': 0.9450662373820279, 'min_child_samples': 32}. Best is trial 227 with value: 0.27190648279760415.
[I 2025-03-11 20:44:37,164] Trial 251 finished with value: 0.2755373428382326 and parameters: {'learning_rate': 0.013011458099873408, 'depth': 13, 'l2_leaf_reg': 1.1040669068969189, 'min_child_samples': 8}. Best is trial 227 with value: 0.27190648279760415.
[I 2025-03-11 20:44:42,903] Trial 252 finished with value: 0.2811404793342469 and parameters: {'learning_rate': 0.01342581727927542, 'depth': 12, 'l2_leaf_reg': 0.5611653755561032, 'min_child_samples': 8}. Best is trial 227 with value: 0.27190648279760415.
