[I 2025-03-11 22:47:59,970] Trial 282 finished with value: 0.4685360889723907 and parameters: {'learning_rate': 0.019976991657603284, 'depth': 9, 'l2_leaf_reg': 0.15591336431810732, 'min_child_samples': 8}. Best is trial 222 with value: 0.465287712236672.
[I 2025-03-11 22:48:02,435] Trial 283 finished with value: 0.46931671409037545 and parameters: {'learning_rate': 0.019038263992040623, 'depth': 8, 'l2_leaf_reg': 0.32283977591896407, 'min_child_samples': 8}. Best is trial 222 with value: 0.465287712236672.
[I 2025-03-11 22:48:06,217] Trial 284 finished with value: 0.4678905920585058 and parameters: {'learning_rate': 0.01935807203528007, 'depth': 10, 'l2_leaf_reg': 0.21987679097218626, 'min_child_samples': 8}. Best is trial 222 with value: 0.465287712236672.
[I 2025-03-11 22:48:09,159] Trial 285 finished with value: 0.4680521963514246 and parameters: {'learning_rate': 0.019997353238872466, 'depth': 9, 'l2_leaf_reg': 2.331260717387862, 'min_child_samples': 8}. Best is trial 222 with value: 0.465287712236672.
[I 2025-03-11 22:48:13,826] Trial 286 finished with value: 0.476148303905573 and parameters: {'learning_rate': 0.01859507177771052, 'depth': 11, 'l2_leaf_reg': 0.071094955116636, 'min_child_samples': 8}. Best is trial 222 with value: 0.465287712236672.
[I 2025-03-11 22:48:16,284] Trial 287 finished with value: 0.4698128735777503 and parameters: {'learning_rate': 0.019586086917383838, 'depth': 8, 'l2_leaf_reg': 0.4098485826332543, 'min_child_samples': 1}. Best is trial 222 with value: 0.465287712236672.
[I 2025-03-11 22:48:19,460] Trial 288 finished with value: 0.4703506908329448 and parameters: {'learning_rate': 0.0188391103940102, 'depth': 9, 'l2_leaf_reg': 0.1327090233558523, 'min_child_samples': 8}. Best is trial 222 with value: 0.465287712236672.
[I 2025-03-11 22:48:22,359] Trial 289 finished with value: 0.46915654684354297 and parameters: {'learning_rate': 0.018252799798902174, 'depth': 9, 'l2_leaf_reg': 1.146527368452941, 'min_child_samples': 4}. Best is trial 222 with value: 0.465287712236672.
[I 2025-03-11 22:48:25,851] Trial 290 finished with value: 0.473599295198416 and parameters: {'learning_rate': 0.011290224617772026, 'depth': 10, 'l2_leaf_reg': 0.01218541440620692, 'min_child_samples': 8}. Best is trial 222 with value: 0.465287712236672.
[I 2025-03-11 22:48:28,913] Trial 291 finished with value: 0.4682054172997197 and parameters: {'learning_rate': 0.01935465096814342, 'depth': 9, 'l2_leaf_reg': 1.044643804225897, 'min_child_samples': 8}. Best is trial 222 with value: 0.465287712236672.
[I 2025-03-11 22:48:32,094] Trial 292 finished with value: 0.46662626800571905 and parameters: {'learning_rate': 0.019652829894877384, 'depth': 9, 'l2_leaf_reg': 0.22077472242904428, 'min_child_samples': 8}. Best is trial 222 with value: 0.465287712236672.
[I 2025-03-11 22:48:35,314] Trial 293 finished with value: 0.46826821460291707 and parameters: {'learning_rate': 0.018838024893461335, 'depth': 9, 'l2_leaf_reg': 0.8266602903414018, 'min_child_samples': 8}. Best is trial 222 with value: 0.465287712236672.
[I 2025-03-11 22:48:37,914] Trial 294 finished with value: 0.4681696300784405 and parameters: {'learning_rate': 0.01923634853697864, 'depth': 8, 'l2_leaf_reg': 0.2719853836390111, 'min_child_samples': 1}. Best is trial 222 with value: 0.465287712236672.
[I 2025-03-11 22:48:40,978] Trial 295 finished with value: 0.4662933053181686 and parameters: {'learning_rate': 0.0196892939044701, 'depth': 9, 'l2_leaf_reg': 0.18328915617013714, 'min_child_samples': 8}. Best is trial 222 with value: 0.465287712236672.
[I 2025-03-11 22:48:43,770] Trial 296 finished with value: 0.4690240954249403 and parameters: {'learning_rate': 0.01955092137015842, 'depth': 9, 'l2_leaf_reg': 0.18473805404753174, 'min_child_samples': 8}. Best is trial 222 with value: 0.465287712236672.
[I 2025-03-11 22:48:47,065] Trial 297 finished with value: 0.4686208253023358 and parameters: {'learning_rate': 0.019986449271296065, 'depth': 9, 'l2_leaf_reg': 0.09672572127838758, 'min_child_samples': 8}. Best is trial 222 with value: 0.465287712236672.
[I 2025-03-11 22:48:49,950] Trial 298 finished with value: 0.4678128406012065 and parameters: {'learning_rate': 0.019556152933583495, 'depth': 9, 'l2_leaf_reg': 0.23220517091573295, 'min_child_samples': 8}. Best is trial 222 with value: 0.465287712236672.
[I 2025-03-11 22:48:52,783] Trial 299 finished with value: 0.4675678815414714 and parameters: {'learning_rate': 0.019124498116529415, 'depth': 9, 'l2_leaf_reg': 0.3311843494025603, 'min_child_samples': 8}. Best is trial 222 with value: 0.465287712236672.
[I 2025-03-11 22:48:55,661] Trial 300 finished with value: 0.46848460509135875 and parameters: {'learning_rate': 0.019650719366875687, 'depth': 9, 'l2_leaf_reg': 0.16700105262486495, 'min_child_samples': 8}. Best is trial 222 with value: 0.465287712236672.
[I 2025-03-11 22:49:24,353] Trial 301 finished with value: 0.5466368915288853 and parameters: {'learning_rate': 0.01925767420042627, 'depth': 15, 'l2_leaf_reg': 0.11746372263683545, 'min_child_samples': 8}. Best is trial 222 with value: 0.465287712236672.
[I 2025-03-11 22:49:26,900] Trial 302 finished with value: 0.4682970859780358 and parameters: {'learning_rate': 0.019975512057043326, 'depth': 9, 'l2_leaf_reg': 0.27688036078972456, 'min_child_samples': 4}. Best is trial 222 with value: 0.465287712236672.
[I 2025-03-11 22:49:30,040] Trial 303 finished with value: 0.4692902941153381 and parameters: {'learning_rate': 0.018874675349541035, 'depth': 9, 'l2_leaf_reg': 2.263206003856145, 'min_child_samples': 8}. Best is trial 222 with value: 0.465287712236672.
[I 2025-03-11 22:49:33,113] Trial 304 finished with value: 0.4708650235136279 and parameters: {'learning_rate': 0.019619873304541388, 'depth': 9, 'l2_leaf_reg': 0.20803371307371335, 'min_child_samples': 8}. Best is trial 222 with value: 0.465287712236672.
[I 2025-03-11 22:49:35,990] Trial 305 finished with value: 0.4696387072503438 and parameters: {'learning_rate': 0.01929984159063896, 'depth': 9, 'l2_leaf_reg': 2.4312351680562867, 'min_child_samples': 16}. Best is trial 222 with value: 0.465287712236672.
[I 2025-03-11 22:49:39,794] Trial 306 finished with value: 0.4686046873158777 and parameters: {'learning_rate': 0.019653912380732726, 'depth': 10, 'l2_leaf_reg': 0.3912257490707565, 'min_child_samples': 32}. Best is trial 222 with value: 0.465287712236672.
[I 2025-03-11 22:49:42,751] Trial 307 finished with value: 0.46964783432713764 and parameters: {'learning_rate': 0.01886657169946022, 'depth': 9, 'l2_leaf_reg': 0.051798876061656424, 'min_child_samples': 8}. Best is trial 222 with value: 0.465287712236672.
[I 2025-03-11 22:49:45,280] Trial 308 finished with value: 0.4695980268987769 and parameters: {'learning_rate': 0.019672148281279896, 'depth': 8, 'l2_leaf_reg': 0.13047407904295452, 'min_child_samples': 8}. Best is trial 222 with value: 0.465287712236672.
[I 2025-03-11 22:49:48,171] Trial 309 finished with value: 0.591788315362331 and parameters: {'learning_rate': 0.004090696520239086, 'depth': 9, 'l2_leaf_reg': 0.3168621318788103, 'min_child_samples': 8}. Best is trial 222 with value: 0.465287712236672.
[I 2025-03-11 22:49:51,149] Trial 310 finished with value: 0.4687669214660152 and parameters: {'learning_rate': 0.018495730195259685, 'depth': 9, 'l2_leaf_reg': 0.4724122297950355, 'min_child_samples': 8}. Best is trial 222 with value: 0.465287712236672.
[I 2025-03-11 22:49:54,788] Trial 311 finished with value: 0.46813204628467525 and parameters: {'learning_rate': 0.019063963552446765, 'depth': 10, 'l2_leaf_reg': 0.18200571888170933, 'min_child_samples': 4}. Best is trial 222 with value: 0.465287712236672.
[I 2025-03-11 22:49:57,526] Trial 312 finished with value: 0.47035497108178276 and parameters: {'learning_rate': 0.019337595632136658, 'depth': 9, 'l2_leaf_reg': 0.055457618118684326, 'min_child_samples': 8}. Best is trial 222 with value: 0.465287712236672.
[I 2025-03-11 22:50:00,746] Trial 313 finished with value: 0.46986222277301815 and parameters: {'learning_rate': 0.017987494687199627, 'depth': 9, 'l2_leaf_reg': 0.2845487883377493, 'min_child_samples': 8}. Best is trial 222 with value: 0.465287712236672.
[I 2025-03-11 22:50:03,187] Trial 314 finished with value: 0.4683983805565144 and parameters: {'learning_rate': 0.01997720705535016, 'depth': 8, 'l2_leaf_reg': 1.417050410780016, 'min_child_samples': 8}. Best is trial 222 with value: 0.465287712236672.
[I 2025-03-11 22:50:06,882] Trial 315 finished with value: 0.467015880483035 and parameters: {'learning_rate': 0.01966415166227377, 'depth': 10, 'l2_leaf_reg': 0.23546743578287696, 'min_child_samples': 4}. Best is trial 222 with value: 0.465287712236672.
[I 2025-03-11 22:50:09,653] Trial 316 finished with value: 0.4701661026286335 and parameters: {'learning_rate': 0.018966004955834483, 'depth': 8, 'l2_leaf_reg': 0.24228713324215057, 'min_child_samples': 4}. Best is trial 222 with value: 0.465287712236672.
[I 2025-03-11 22:50:13,148] Trial 317 finished with value: 0.46658568880766016 and parameters: {'learning_rate': 0.019980336744532118, 'depth': 10, 'l2_leaf_reg': 0.14803438193826207, 'min_child_samples': 4}. Best is trial 222 with value: 0.465287712236672.
[I 2025-03-11 22:50:16,192] Trial 318 finished with value: 0.4667391163862095 and parameters: {'learning_rate': 0.019994857721095955, 'depth': 9, 'l2_leaf_reg': 0.12063388921079757, 'min_child_samples': 4}. Best is trial 222 with value: 0.465287712236672.
[I 2025-03-11 22:50:19,227] Trial 319 finished with value: 0.46668340069914943 and parameters: {'learning_rate': 0.019919312570145342, 'depth': 9, 'l2_leaf_reg': 0.1341168857180681, 'min_child_samples': 4}. Best is trial 222 with value: 0.465287712236672.
[I 2025-03-11 22:50:22,469] Trial 320 finished with value: 0.4679513346875777 and parameters: {'learning_rate': 0.019995407908345416, 'depth': 9, 'l2_leaf_reg': 1.312674981111366, 'min_child_samples': 4}. Best is trial 222 with value: 0.465287712236672.
[I 2025-03-11 22:50:25,060] Trial 321 finished with value: 0.46803424483752104 and parameters: {'learning_rate': 0.019270311896052925, 'depth': 8, 'l2_leaf_reg': 0.12606484559569728, 'min_child_samples': 4}. Best is trial 222 with value: 0.465287712236672.
[I 2025-03-11 22:50:27,954] Trial 322 finished with value: 0.46725964089020455 and parameters: {'learning_rate': 0.01999484821217824, 'depth': 9, 'l2_leaf_reg': 0.13964260158228176, 'min_child_samples': 4}. Best is trial 222 with value: 0.465287712236672.
[I 2025-03-11 22:50:31,559] Trial 323 finished with value: 0.4705531870739343 and parameters: {'learning_rate': 0.01859062672762491, 'depth': 10, 'l2_leaf_reg': 0.34752918376847347, 'min_child_samples': 8}. Best is trial 222 with value: 0.465287712236672.
[I 2025-03-11 22:50:34,426] Trial 324 finished with value: 0.46904179307984173 and parameters: {'learning_rate': 0.019350490308506614, 'depth': 9, 'l2_leaf_reg': 0.10039903787476637, 'min_child_samples': 16}. Best is trial 222 with value: 0.465287712236672.
[I 2025-03-11 22:50:37,132] Trial 325 finished with value: 0.46920637637753027 and parameters: {'learning_rate': 0.01960805093725449, 'depth': 8, 'l2_leaf_reg': 0.16856850486436725, 'min_child_samples': 8}. Best is trial 222 with value: 0.465287712236672.
[I 2025-03-11 22:50:39,992] Trial 326 finished with value: 0.4684073502798112 and parameters: {'learning_rate': 0.01757142939249311, 'depth': 9, 'l2_leaf_reg': 0.4146494751892357, 'min_child_samples': 4}. Best is trial 222 with value: 0.465287712236672.
[I 2025-03-11 22:50:41,648] Trial 327 finished with value: 0.6394836448746578 and parameters: {'learning_rate': 0.01897582868111319, 'depth': 2, 'l2_leaf_reg': 0.07495603163244358, 'min_child_samples': 8}. Best is trial 222 with value: 0.465287712236672.
[I 2025-03-11 22:50:44,639] Trial 328 finished with value: 0.4692415023568292 and parameters: {'learning_rate': 0.01936459015972496, 'depth': 9, 'l2_leaf_reg': 0.00293683376902254, 'min_child_samples': 8}. Best is trial 222 with value: 0.465287712236672.
[I 2025-03-11 22:50:48,067] Trial 329 finished with value: 0.470078721935634 and parameters: {'learning_rate': 0.01855851548913314, 'depth': 10, 'l2_leaf_reg': 0.21742157815693344, 'min_child_samples': 16}. Best is trial 222 with value: 0.465287712236672.
[I 2025-03-11 22:50:51,284] Trial 330 finished with value: 0.4679060044724043 and parameters: {'learning_rate': 0.01964136298330868, 'depth': 9, 'l2_leaf_reg': 0.16165835185548258, 'min_child_samples': 32}. Best is trial 222 with value: 0.465287712236672.
[I 2025-03-11 22:50:54,325] Trial 331 finished with value: 0.46728021100907846 and parameters: {'learning_rate': 0.019967765536189053, 'depth': 9, 'l2_leaf_reg': 0.3026961940951082, 'min_child_samples': 8}. Best is trial 222 with value: 0.465287712236672.
[I 2025-03-11 22:50:57,062] Trial 332 finished with value: 0.4687328299662 and parameters: {'learning_rate': 0.019058633185470714, 'depth': 8, 'l2_leaf_reg': 0.10315141416078503, 'min_child_samples': 8}. Best is trial 222 with value: 0.465287712236672.
[I 2025-03-11 22:51:00,580] Trial 333 finished with value: 0.470381947002111 and parameters: {'learning_rate': 0.01829577555345325, 'depth': 10, 'l2_leaf_reg': 0.3467497651853555, 'min_child_samples': 4}. Best is trial 222 with value: 0.465287712236672.
[I 2025-03-11 22:51:03,451] Trial 334 finished with value: 0.46864490448548823 and parameters: {'learning_rate': 0.01930424549253642, 'depth': 9, 'l2_leaf_reg': 0.25021288142546866, 'min_child_samples': 8}. Best is trial 222 with value: 0.465287712236672.
[I 2025-03-11 22:51:06,552] Trial 335 finished with value: 0.4692736415441082 and parameters: {'learning_rate': 0.019602403342067306, 'depth': 9, 'l2_leaf_reg': 1.9150101769442882, 'min_child_samples': 8}. Best is trial 222 with value: 0.465287712236672.
[I 2025-03-11 22:51:13,001] Trial 336 finished with value: 0.4777471924135607 and parameters: {'learning_rate': 0.018785987257301965, 'depth': 12, 'l2_leaf_reg': 2.835185572468035, 'min_child_samples': 8}. Best is trial 222 with value: 0.465287712236672.
[I 2025-03-11 22:51:15,565] Trial 337 finished with value: 0.46913986347958114 and parameters: {'learning_rate': 0.019978495666835464, 'depth': 8, 'l2_leaf_reg': 0.0030210674881434862, 'min_child_samples': 8}. Best is trial 222 with value: 0.465287712236672.
[I 2025-03-11 22:51:19,168] Trial 338 finished with value: 0.46991324060435463 and parameters: {'learning_rate': 0.019212655303705636, 'depth': 10, 'l2_leaf_reg': 0.18024005960762002, 'min_child_samples': 4}. Best is trial 222 with value: 0.465287712236672.
[I 2025-03-11 22:51:21,968] Trial 339 finished with value: 0.4710129744181592 and parameters: {'learning_rate': 0.019653485125038703, 'depth': 9, 'l2_leaf_reg': 0.10167849398499812, 'min_child_samples': 8}. Best is trial 222 with value: 0.465287712236672.
[I 2025-03-11 22:51:24,720] Trial 340 finished with value: 0.473529307845652 and parameters: {'learning_rate': 0.013247158525717702, 'depth': 9, 'l2_leaf_reg': 0.2778392872789653, 'min_child_samples': 8}. Best is trial 222 with value: 0.465287712236672.
[I 2025-03-11 22:51:27,475] Trial 341 finished with value: 0.4690579734343655 and parameters: {'learning_rate': 0.01881893084219104, 'depth': 8, 'l2_leaf_reg': 0.21188350196401184, 'min_child_samples': 8}. Best is trial 222 with value: 0.465287712236672.
[I 2025-03-11 22:51:30,640] Trial 342 finished with value: 0.4713748698965699 and parameters: {'learning_rate': 0.015487714301212853, 'depth': 9, 'l2_leaf_reg': 0.44153365933952704, 'min_child_samples': 16}. Best is trial 222 with value: 0.465287712236672.
[I 2025-03-11 22:51:34,218] Trial 343 finished with value: 0.4666613555792947 and parameters: {'learning_rate': 0.0199822881930202, 'depth': 10, 'l2_leaf_reg': 0.156252872721725, 'min_child_samples': 8}. Best is trial 222 with value: 0.465287712236672.
[I 2025-03-11 22:51:37,719] Trial 344 finished with value: 0.4672609638097757 and parameters: {'learning_rate': 0.019995117813944828, 'depth': 10, 'l2_leaf_reg': 0.06797602487877447, 'min_child_samples': 4}. Best is trial 222 with value: 0.465287712236672.
[I 2025-03-11 22:51:41,333] Trial 345 finished with value: 0.46674624262046305 and parameters: {'learning_rate': 0.01962849926948806, 'depth': 10, 'l2_leaf_reg': 0.12439678021770006, 'min_child_samples': 8}. Best is trial 222 with value: 0.465287712236672.
[I 2025-03-11 22:51:45,061] Trial 346 finished with value: 0.4684758004484039 and parameters: {'learning_rate': 0.019998062735759797, 'depth': 10, 'l2_leaf_reg': 0.15661990664152226, 'min_child_samples': 8}. Best is trial 222 with value: 0.465287712236672.
[I 2025-03-11 22:51:49,370] Trial 347 finished with value: 0.47325410823186237 and parameters: {'learning_rate': 0.019503397748980453, 'depth': 11, 'l2_leaf_reg': 0.11756598128270557, 'min_child_samples': 8}. Best is trial 222 with value: 0.465287712236672.
[I 2025-03-11 22:51:53,943] Trial 348 finished with value: 0.4752625225963411 and parameters: {'learning_rate': 0.01964450148621045, 'depth': 11, 'l2_leaf_reg': 0.06558076619160497, 'min_child_samples': 8}. Best is trial 222 with value: 0.465287712236672.
[I 2025-03-11 22:51:57,471] Trial 349 finished with value: 0.46610653531050095 and parameters: {'learning_rate': 0.019992471971166423, 'depth': 10, 'l2_leaf_reg': 0.15292374568868639, 'min_child_samples': 8}. Best is trial 222 with value: 0.465287712236672.
[I 2025-03-11 22:52:02,123] Trial 350 finished with value: 0.4756531473254391 and parameters: {'learning_rate': 0.01965814445933705, 'depth': 11, 'l2_leaf_reg': 0.15447554042969536, 'min_child_samples': 8}. Best is trial 222 with value: 0.465287712236672.
[I 2025-03-11 22:52:05,627] Trial 351 finished with value: 0.46627532332490396 and parameters: {'learning_rate': 0.019982223269961425, 'depth': 10, 'l2_leaf_reg': 0.10871875189434489, 'min_child_samples': 8}. Best is trial 222 with value: 0.465287712236672.
[I 2025-03-11 22:52:09,961] Trial 352 finished with value: 0.4728799310108974 and parameters: {'learning_rate': 0.01997857496209922, 'depth': 11, 'l2_leaf_reg': 0.06985407649243056, 'min_child_samples': 8}. Best is trial 222 with value: 0.465287712236672.
[I 2025-03-11 22:52:13,649] Trial 353 finished with value: 0.46764179811902845 and parameters: {'learning_rate': 0.019998720220091047, 'depth': 10, 'l2_leaf_reg': 0.00029790012997319565, 'min_child_samples': 8}. Best is trial 222 with value: 0.465287712236672.
[I 2025-03-11 22:52:17,075] Trial 354 finished with value: 0.46892285141290097 and parameters: {'learning_rate': 0.01962940701878456, 'depth': 10, 'l2_leaf_reg': 0.12071961323809938, 'min_child_samples': 8}. Best is trial 222 with value: 0.465287712236672.
[I 2025-03-11 22:52:20,738] Trial 355 finished with value: 0.46618931369470556 and parameters: {'learning_rate': 0.019654403354131367, 'depth': 10, 'l2_leaf_reg': 0.18718927488582404, 'min_child_samples': 8}. Best is trial 222 with value: 0.465287712236672.
[I 2025-03-11 22:52:24,279] Trial 356 finished with value: 0.46793714182686474 and parameters: {'learning_rate': 0.019613857988168264, 'depth': 10, 'l2_leaf_reg': 0.1942649017284326, 'min_child_samples': 8}. Best is trial 222 with value: 0.465287712236672.
[I 2025-03-11 22:52:27,951] Trial 357 finished with value: 0.4659736912380225 and parameters: {'learning_rate': 0.019987414207561054, 'depth': 10, 'l2_leaf_reg': 0.14742559105720923, 'min_child_samples': 8}. Best is trial 222 with value: 0.465287712236672.
[I 2025-03-11 22:52:32,557] Trial 358 finished with value: 0.47313416587177576 and parameters: {'learning_rate': 0.01943611387970081, 'depth': 11, 'l2_leaf_reg': 0.2052075742330036, 'min_child_samples': 8}. Best is trial 222 with value: 0.465287712236672.
[I 2025-03-11 22:52:35,992] Trial 359 finished with value: 0.4690862542239406 and parameters: {'learning_rate': 0.019679322936597327, 'depth': 10, 'l2_leaf_reg': 0.14767067657611962, 'min_child_samples': 8}. Best is trial 222 with value: 0.465287712236672.
[I 2025-03-11 22:52:39,504] Trial 360 finished with value: 0.46814714173305216 and parameters: {'learning_rate': 0.019942059417795883, 'depth': 10, 'l2_leaf_reg': 0.20530980557602704, 'min_child_samples': 8}. Best is trial 222 with value: 0.465287712236672.
[I 2025-03-11 22:52:43,214] Trial 361 finished with value: 0.4671397777770082 and parameters: {'learning_rate': 0.019977415505248893, 'depth': 10, 'l2_leaf_reg': 0.06531828781735513, 'min_child_samples': 8}. Best is trial 222 with value: 0.465287712236672.
[I 2025-03-11 22:52:46,751] Trial 362 finished with value: 0.46884517823532895 and parameters: {'learning_rate': 0.01937372558445653, 'depth': 10, 'l2_leaf_reg': 0.14858459879095806, 'min_child_samples': 8}. Best is trial 222 with value: 0.465287712236672.
[I 2025-03-11 22:52:50,294] Trial 363 finished with value: 0.46525790242738824 and parameters: {'learning_rate': 0.019990729277922753, 'depth': 10, 'l2_leaf_reg': 0.2285620377497554, 'min_child_samples': 8}. Best is trial 363 with value: 0.46525790242738824.
[I 2025-03-11 22:52:53,923] Trial 364 finished with value: 0.48167494709511416 and parameters: {'learning_rate': 0.009534501001569586, 'depth': 10, 'l2_leaf_reg': 0.2603992353270499, 'min_child_samples': 4}. Best is trial 363 with value: 0.46525790242738824.
[I 2025-03-11 22:52:58,518] Trial 365 finished with value: 0.47451946528440997 and parameters: {'learning_rate': 0.019368719686693667, 'depth': 11, 'l2_leaf_reg': 0.10518214800448528, 'min_child_samples': 8}. Best is trial 363 with value: 0.46525790242738824.
[I 2025-03-11 22:53:02,144] Trial 366 finished with value: 0.46800373969107334 and parameters: {'learning_rate': 0.019531376868809458, 'depth': 10, 'l2_leaf_reg': 0.23233365482339136, 'min_child_samples': 8}. Best is trial 363 with value: 0.46525790242738824.
