[I 2025-03-11 20:44:52,188] Trial 253 finished with value: 0.2765491486949848 and parameters: {'learning_rate': 0.012718306388618367, 'depth': 13, 'l2_leaf_reg': 0.000135582550657036, 'min_child_samples': 8}. Best is trial 227 with value: 0.27190648279760415.
[I 2025-03-11 20:45:07,926] Trial 254 finished with value: 0.2756758205165984 and parameters: {'learning_rate': 0.012260845037890029, 'depth': 14, 'l2_leaf_reg': 0.2812571589760341, 'min_child_samples': 32}. Best is trial 227 with value: 0.27190648279760415.
[I 2025-03-11 20:45:17,245] Trial 255 finished with value: 0.2761398805347578 and parameters: {'learning_rate': 0.013883786683827181, 'depth': 13, 'l2_leaf_reg': 0.047713710469776224, 'min_child_samples': 8}. Best is trial 227 with value: 0.27190648279760415.
[I 2025-03-11 20:45:26,540] Trial 256 finished with value: 0.41199953476759493 and parameters: {'learning_rate': 0.0010169782365648198, 'depth': 13, 'l2_leaf_reg': 0.1536807547412683, 'min_child_samples': 8}. Best is trial 227 with value: 0.27190648279760415.
[I 2025-03-11 20:45:40,234] Trial 257 finished with value: 0.2784960442486202 and parameters: {'learning_rate': 0.01747184151614074, 'depth': 14, 'l2_leaf_reg': 1.0355913128112737, 'min_child_samples': 8}. Best is trial 227 with value: 0.27190648279760415.
[I 2025-03-11 20:45:49,531] Trial 258 finished with value: 0.2748806823214654 and parameters: {'learning_rate': 0.013035851338767102, 'depth': 13, 'l2_leaf_reg': 0.8239471025758862, 'min_child_samples': 32}. Best is trial 227 with value: 0.27190648279760415.
[I 2025-03-11 20:45:54,869] Trial 259 finished with value: 0.2806538666839248 and parameters: {'learning_rate': 0.013470473551040144, 'depth': 12, 'l2_leaf_reg': 0.09566768114161307, 'min_child_samples': 8}. Best is trial 227 with value: 0.27190648279760415.
[I 2025-03-11 20:46:04,342] Trial 260 finished with value: 0.27383569943764224 and parameters: {'learning_rate': 0.012567075330497876, 'depth': 13, 'l2_leaf_reg': 0.9410939517526279, 'min_child_samples': 8}. Best is trial 227 with value: 0.27190648279760415.
[I 2025-03-11 20:46:10,211] Trial 261 finished with value: 0.2814172988689737 and parameters: {'learning_rate': 0.012202763589504582, 'depth': 12, 'l2_leaf_reg': 0.2315666630965409, 'min_child_samples': 8}. Best is trial 227 with value: 0.27190648279760415.
[I 2025-03-11 20:46:19,725] Trial 262 finished with value: 0.2767913368386597 and parameters: {'learning_rate': 0.012681573946697455, 'depth': 13, 'l2_leaf_reg': 0.9300588706311255, 'min_child_samples': 32}. Best is trial 227 with value: 0.27190648279760415.
[I 2025-03-11 20:46:27,572] Trial 263 finished with value: 0.27280048713604177 and parameters: {'learning_rate': 0.017886478014528057, 'depth': 13, 'l2_leaf_reg': 0.8494124415794285, 'min_child_samples': 8}. Best is trial 227 with value: 0.27190648279760415.
[I 2025-03-11 20:46:36,775] Trial 264 finished with value: 0.2753872161973243 and parameters: {'learning_rate': 0.012624703568306842, 'depth': 13, 'l2_leaf_reg': 0.847297587699854, 'min_child_samples': 8}. Best is trial 227 with value: 0.27190648279760415.
[I 2025-03-11 20:46:45,247] Trial 265 finished with value: 0.27780044499332424 and parameters: {'learning_rate': 0.01415707246193575, 'depth': 13, 'l2_leaf_reg': 0.763531752713474, 'min_child_samples': 8}. Best is trial 227 with value: 0.27190648279760415.
[I 2025-03-11 20:46:51,239] Trial 266 finished with value: 0.280242673376856 and parameters: {'learning_rate': 0.012147565376343032, 'depth': 12, 'l2_leaf_reg': 0.9057657091926634, 'min_child_samples': 8}. Best is trial 227 with value: 0.27190648279760415.
[I 2025-03-11 20:47:05,588] Trial 267 finished with value: 0.2753282956150343 and parameters: {'learning_rate': 0.013766035158645178, 'depth': 13, 'l2_leaf_reg': 0.8185431513957084, 'min_child_samples': 8}. Best is trial 227 with value: 0.27190648279760415.
[I 2025-03-11 20:47:15,539] Trial 268 finished with value: 0.27472826117284593 and parameters: {'learning_rate': 0.013204628415668728, 'depth': 13, 'l2_leaf_reg': 0.07598853764939678, 'min_child_samples': 8}. Best is trial 227 with value: 0.27190648279760415.
[I 2025-03-11 20:47:24,909] Trial 269 finished with value: 0.27561200750463266 and parameters: {'learning_rate': 0.01277691405566379, 'depth': 13, 'l2_leaf_reg': 0.39533288115571674, 'min_child_samples': 8}. Best is trial 227 with value: 0.27190648279760415.
[I 2025-03-11 20:47:30,852] Trial 270 finished with value: 0.27971236069508115 and parameters: {'learning_rate': 0.014973205929351995, 'depth': 12, 'l2_leaf_reg': 0.6670310995224312, 'min_child_samples': 8}. Best is trial 227 with value: 0.27190648279760415.
[I 2025-03-11 20:47:38,086] Trial 271 finished with value: 0.2736464075566633 and parameters: {'learning_rate': 0.017969971215555335, 'depth': 13, 'l2_leaf_reg': 0.8838603938956678, 'min_child_samples': 32}. Best is trial 227 with value: 0.27190648279760415.
[I 2025-03-11 20:47:47,469] Trial 272 finished with value: 0.2732357193607969 and parameters: {'learning_rate': 0.018094109962973476, 'depth': 13, 'l2_leaf_reg': 0.8589471145718097, 'min_child_samples': 8}. Best is trial 227 with value: 0.27190648279760415.
[I 2025-03-11 20:47:55,301] Trial 273 finished with value: 0.27451057129369905 and parameters: {'learning_rate': 0.01823183629008479, 'depth': 13, 'l2_leaf_reg': 0.755626876902381, 'min_child_samples': 8}. Best is trial 227 with value: 0.27190648279760415.
[I 2025-03-11 20:48:03,307] Trial 274 finished with value: 0.27514774320279667 and parameters: {'learning_rate': 0.017766092811966883, 'depth': 13, 'l2_leaf_reg': 0.7377914908429062, 'min_child_samples': 8}. Best is trial 227 with value: 0.27190648279760415.
[I 2025-03-11 20:48:11,137] Trial 275 finished with value: 0.27408265052324415 and parameters: {'learning_rate': 0.018041754876280788, 'depth': 13, 'l2_leaf_reg': 0.7197753682897012, 'min_child_samples': 8}. Best is trial 227 with value: 0.27190648279760415.
[I 2025-03-11 20:48:18,760] Trial 276 finished with value: 0.2765858209207541 and parameters: {'learning_rate': 0.018225013189744982, 'depth': 13, 'l2_leaf_reg': 0.7011141058535607, 'min_child_samples': 8}. Best is trial 227 with value: 0.27190648279760415.
[I 2025-03-11 20:48:23,677] Trial 277 finished with value: 0.28035862856051125 and parameters: {'learning_rate': 0.018740712577348113, 'depth': 12, 'l2_leaf_reg': 0.7990337549406366, 'min_child_samples': 8}. Best is trial 227 with value: 0.27190648279760415.
[I 2025-03-11 20:48:31,389] Trial 278 finished with value: 0.27438946352515503 and parameters: {'learning_rate': 0.0179259549677279, 'depth': 13, 'l2_leaf_reg': 0.6433559111415825, 'min_child_samples': 8}. Best is trial 227 with value: 0.27190648279760415.
[I 2025-03-11 20:48:40,268] Trial 279 finished with value: 0.2771556715954447 and parameters: {'learning_rate': 0.017765572115591776, 'depth': 13, 'l2_leaf_reg': 0.6355604948274455, 'min_child_samples': 8}. Best is trial 227 with value: 0.27190648279760415.
[I 2025-03-11 20:48:48,058] Trial 280 finished with value: 0.2760398274244849 and parameters: {'learning_rate': 0.017424215472613365, 'depth': 13, 'l2_leaf_reg': 0.8754151859428586, 'min_child_samples': 8}. Best is trial 227 with value: 0.27190648279760415.
[I 2025-03-11 20:48:53,252] Trial 281 finished with value: 0.27734024325061474 and parameters: {'learning_rate': 0.01857808514142319, 'depth': 12, 'l2_leaf_reg': 0.6283456610499725, 'min_child_samples': 8}. Best is trial 227 with value: 0.27190648279760415.
[I 2025-03-11 20:49:01,233] Trial 282 finished with value: 0.2771983865054963 and parameters: {'learning_rate': 0.01719444917705446, 'depth': 13, 'l2_leaf_reg': 0.5493684860744745, 'min_child_samples': 8}. Best is trial 227 with value: 0.27190648279760415.
[I 2025-03-11 20:49:08,947] Trial 283 finished with value: 0.2736583259314883 and parameters: {'learning_rate': 0.01672262855179117, 'depth': 13, 'l2_leaf_reg': 0.6936818045666397, 'min_child_samples': 8}. Best is trial 227 with value: 0.27190648279760415.
[I 2025-03-11 20:49:16,845] Trial 284 finished with value: 0.27579922069449575 and parameters: {'learning_rate': 0.018966508610917077, 'depth': 13, 'l2_leaf_reg': 0.6800236453823822, 'min_child_samples': 8}. Best is trial 227 with value: 0.27190648279760415.
[I 2025-03-11 20:49:22,376] Trial 285 finished with value: 0.2789820081328032 and parameters: {'learning_rate': 0.017764448716627065, 'depth': 12, 'l2_leaf_reg': 0.7032810638689848, 'min_child_samples': 8}. Best is trial 227 with value: 0.27190648279760415.
[I 2025-03-11 20:49:30,959] Trial 286 finished with value: 0.27843715306157607 and parameters: {'learning_rate': 0.01649796740544822, 'depth': 13, 'l2_leaf_reg': 0.6220025993042652, 'min_child_samples': 8}. Best is trial 227 with value: 0.27190648279760415.
[I 2025-03-11 20:49:38,670] Trial 287 finished with value: 0.2767925202115392 and parameters: {'learning_rate': 0.017053526281803125, 'depth': 13, 'l2_leaf_reg': 0.8415253140064106, 'min_child_samples': 8}. Best is trial 227 with value: 0.27190648279760415.
[I 2025-03-11 20:49:43,923] Trial 288 finished with value: 0.28072109621001723 and parameters: {'learning_rate': 0.018582525457784032, 'depth': 12, 'l2_leaf_reg': 0.7197187546397731, 'min_child_samples': 8}. Best is trial 227 with value: 0.27190648279760415.
[I 2025-03-11 20:49:51,623] Trial 289 finished with value: 0.27512822015053157 and parameters: {'learning_rate': 0.017999348331484522, 'depth': 13, 'l2_leaf_reg': 0.8922385953260814, 'min_child_samples': 8}. Best is trial 227 with value: 0.27190648279760415.
[I 2025-03-11 20:50:00,207] Trial 290 finished with value: 0.27315391769930725 and parameters: {'learning_rate': 0.01798774007843514, 'depth': 13, 'l2_leaf_reg': 0.1733543552826464, 'min_child_samples': 8}. Best is trial 227 with value: 0.27190648279760415.
[I 2025-03-11 20:50:12,753] Trial 291 finished with value: 0.2812724754930991 and parameters: {'learning_rate': 0.017990825221563343, 'depth': 14, 'l2_leaf_reg': 0.12838744339926866, 'min_child_samples': 8}. Best is trial 227 with value: 0.27190648279760415.
[I 2025-03-11 20:50:20,737] Trial 292 finished with value: 0.2767332239039295 and parameters: {'learning_rate': 0.018488372383795266, 'depth': 13, 'l2_leaf_reg': 0.06709998986432214, 'min_child_samples': 8}. Best is trial 227 with value: 0.27190648279760415.
[I 2025-03-11 20:50:28,608] Trial 293 finished with value: 0.2723024186032007 and parameters: {'learning_rate': 0.017319405310037284, 'depth': 13, 'l2_leaf_reg': 0.1768266863026152, 'min_child_samples': 8}. Best is trial 227 with value: 0.27190648279760415.
[I 2025-03-11 20:50:36,232] Trial 294 finished with value: 0.2754624982951209 and parameters: {'learning_rate': 0.01739450283108366, 'depth': 13, 'l2_leaf_reg': 0.18645874232154047, 'min_child_samples': 8}. Best is trial 227 with value: 0.27190648279760415.
[I 2025-03-11 20:50:38,044] Trial 295 finished with value: 0.33204904165501375 and parameters: {'learning_rate': 0.01696247783297083, 'depth': 4, 'l2_leaf_reg': 0.1840016509791847, 'min_child_samples': 8}. Best is trial 227 with value: 0.27190648279760415.
[I 2025-03-11 20:50:51,047] Trial 296 finished with value: 0.27554349597522565 and parameters: {'learning_rate': 0.017632372533391612, 'depth': 14, 'l2_leaf_reg': 0.5828134344896064, 'min_child_samples': 8}. Best is trial 227 with value: 0.27190648279760415.
[I 2025-03-11 20:50:56,448] Trial 297 finished with value: 0.2833782933722277 and parameters: {'learning_rate': 0.01673955227988238, 'depth': 12, 'l2_leaf_reg': 0.8110487295252916, 'min_child_samples': 8}. Best is trial 227 with value: 0.27190648279760415.
[I 2025-03-11 20:51:03,540] Trial 298 finished with value: 0.2784254867673391 and parameters: {'learning_rate': 0.018006652718599424, 'depth': 13, 'l2_leaf_reg': 0.2574443428858402, 'min_child_samples': 8}. Best is trial 227 with value: 0.27190648279760415.
[I 2025-03-11 20:51:11,634] Trial 299 finished with value: 0.27489894279606214 and parameters: {'learning_rate': 0.01847018244901783, 'depth': 13, 'l2_leaf_reg': 0.1376526941963897, 'min_child_samples': 8}. Best is trial 227 with value: 0.27190648279760415.
[I 2025-03-11 20:51:19,077] Trial 300 finished with value: 0.2762992821408262 and parameters: {'learning_rate': 0.017738926803978358, 'depth': 13, 'l2_leaf_reg': 0.518935605226037, 'min_child_samples': 8}. Best is trial 227 with value: 0.27190648279760415.
[I 2025-03-11 20:51:34,327] Trial 301 finished with value: 0.2784286976003973 and parameters: {'learning_rate': 0.018083549797524433, 'depth': 14, 'l2_leaf_reg': 0.8668667868472436, 'min_child_samples': 8}. Best is trial 227 with value: 0.27190648279760415.
[I 2025-03-11 20:51:42,497] Trial 302 finished with value: 0.2755553356436247 and parameters: {'learning_rate': 0.017315580900397434, 'depth': 13, 'l2_leaf_reg': 0.7495823683321805, 'min_child_samples': 8}. Best is trial 227 with value: 0.27190648279760415.
[I 2025-03-11 20:51:47,647] Trial 303 finished with value: 0.2745188773618636 and parameters: {'learning_rate': 0.018383787757892026, 'depth': 12, 'l2_leaf_reg': 2.3055339791643803, 'min_child_samples': 8}. Best is trial 227 with value: 0.27190648279760415.
[I 2025-03-11 20:51:50,426] Trial 304 finished with value: 0.28725557692146897 and parameters: {'learning_rate': 0.01914589443416632, 'depth': 10, 'l2_leaf_reg': 0.14776139443573033, 'min_child_samples': 8}. Best is trial 227 with value: 0.27190648279760415.
[I 2025-03-11 20:51:58,683] Trial 305 finished with value: 0.274478118448375 and parameters: {'learning_rate': 0.017599565614807678, 'depth': 13, 'l2_leaf_reg': 0.940177813143471, 'min_child_samples': 8}. Best is trial 227 with value: 0.27190648279760415.
[I 2025-03-11 20:52:07,317] Trial 306 finished with value: 0.27628544262227805 and parameters: {'learning_rate': 0.016175551652618872, 'depth': 13, 'l2_leaf_reg': 0.8063169462170637, 'min_child_samples': 8}. Best is trial 227 with value: 0.27190648279760415.
[I 2025-03-11 20:52:15,401] Trial 307 finished with value: 0.2751890742877152 and parameters: {'learning_rate': 0.018865524479665538, 'depth': 13, 'l2_leaf_reg': 0.20781193889775995, 'min_child_samples': 8}. Best is trial 227 with value: 0.27190648279760415.
[I 2025-03-11 20:52:23,161] Trial 308 finished with value: 0.2740647069468709 and parameters: {'learning_rate': 0.01687187281922766, 'depth': 13, 'l2_leaf_reg': 0.3304814614750443, 'min_child_samples': 4}. Best is trial 227 with value: 0.27190648279760415.
[I 2025-03-11 20:52:39,250] Trial 309 finished with value: 0.2776671701845312 and parameters: {'learning_rate': 0.01669742059683747, 'depth': 14, 'l2_leaf_reg': 0.2836510259499664, 'min_child_samples': 4}. Best is trial 227 with value: 0.27190648279760415.
[I 2025-03-11 20:52:44,141] Trial 310 finished with value: 0.2799645452867509 and parameters: {'learning_rate': 0.01711004645040605, 'depth': 12, 'l2_leaf_reg': 0.10477011914649283, 'min_child_samples': 4}. Best is trial 227 with value: 0.27190648279760415.
[I 2025-03-11 20:52:57,860] Trial 311 finished with value: 0.2790259824599712 and parameters: {'learning_rate': 0.01671850475285828, 'depth': 14, 'l2_leaf_reg': 0.19682385760874815, 'min_child_samples': 4}. Best is trial 227 with value: 0.27190648279760415.
[I 2025-03-11 20:53:05,774] Trial 312 finished with value: 0.2730015001677667 and parameters: {'learning_rate': 0.017465234440152952, 'depth': 13, 'l2_leaf_reg': 0.037758383950140674, 'min_child_samples': 4}. Best is trial 227 with value: 0.27190648279760415.
[I 2025-03-11 20:53:14,819] Trial 313 finished with value: 0.2774240696476871 and parameters: {'learning_rate': 0.015451922083450543, 'depth': 13, 'l2_leaf_reg': 0.009109388939370258, 'min_child_samples': 4}. Best is trial 227 with value: 0.27190648279760415.
[I 2025-03-11 20:53:30,795] Trial 314 finished with value: 0.27633465146413216 and parameters: {'learning_rate': 0.015966427461077622, 'depth': 14, 'l2_leaf_reg': 0.05226814245635317, 'min_child_samples': 4}. Best is trial 227 with value: 0.27190648279760415.
[I 2025-03-11 20:53:39,822] Trial 315 finished with value: 0.2876827692251002 and parameters: {'learning_rate': 0.005552882872031519, 'depth': 13, 'l2_leaf_reg': 0.11575733242306664, 'min_child_samples': 4}. Best is trial 227 with value: 0.27190648279760415.
[I 2025-03-11 20:53:44,648] Trial 316 finished with value: 0.28213276592769115 and parameters: {'learning_rate': 0.017106133343827455, 'depth': 12, 'l2_leaf_reg': 0.318366838107491, 'min_child_samples': 4}. Best is trial 227 with value: 0.27190648279760415.
[I 2025-03-11 20:53:51,927] Trial 317 finished with value: 0.27348024958362727 and parameters: {'learning_rate': 0.018240850399368586, 'depth': 13, 'l2_leaf_reg': 0.07424873883029587, 'min_child_samples': 4}. Best is trial 227 with value: 0.27190648279760415.
[I 2025-03-11 20:53:59,466] Trial 318 finished with value: 0.27722242090459154 and parameters: {'learning_rate': 0.017467641134899552, 'depth': 13, 'l2_leaf_reg': 0.04213898546703802, 'min_child_samples': 4}. Best is trial 227 with value: 0.27190648279760415.
[I 2025-03-11 20:54:03,840] Trial 319 finished with value: 0.2834942117746761 and parameters: {'learning_rate': 0.018328276054135655, 'depth': 12, 'l2_leaf_reg': 0.1135093796549978, 'min_child_samples': 4}. Best is trial 227 with value: 0.27190648279760415.
[I 2025-03-11 20:54:05,996] Trial 320 finished with value: 0.2970635932744561 and parameters: {'learning_rate': 0.017638785958653355, 'depth': 7, 'l2_leaf_reg': 0.1564117542501127, 'min_child_samples': 4}. Best is trial 227 with value: 0.27190648279760415.
[I 2025-03-11 20:54:13,892] Trial 321 finished with value: 0.2740427416991234 and parameters: {'learning_rate': 0.018049533730348604, 'depth': 13, 'l2_leaf_reg': 0.07664232008586161, 'min_child_samples': 4}. Best is trial 227 with value: 0.27190648279760415.
[I 2025-03-11 20:54:21,512] Trial 322 finished with value: 0.2786597580051794 and parameters: {'learning_rate': 0.019430508335491474, 'depth': 13, 'l2_leaf_reg': 0.21180545496924857, 'min_child_samples': 4}. Best is trial 227 with value: 0.27190648279760415.
[I 2025-03-11 20:54:34,004] Trial 323 finished with value: 0.2791630465062996 and parameters: {'learning_rate': 0.018171544695146785, 'depth': 14, 'l2_leaf_reg': 0.0027449255725033594, 'min_child_samples': 4}. Best is trial 227 with value: 0.27190648279760415.
[I 2025-03-11 20:54:40,850] Trial 324 finished with value: 0.27422286699512444 and parameters: {'learning_rate': 0.018582979383536175, 'depth': 13, 'l2_leaf_reg': 0.09356728376787107, 'min_child_samples': 4}. Best is trial 227 with value: 0.27190648279760415.
[I 2025-03-11 20:54:48,817] Trial 325 finished with value: 0.27382298147108836 and parameters: {'learning_rate': 0.0173973248813037, 'depth': 13, 'l2_leaf_reg': 0.23373802448874348, 'min_child_samples': 4}. Best is trial 227 with value: 0.27190648279760415.
[I 2025-03-11 20:54:54,106] Trial 326 finished with value: 0.2775468148588769 and parameters: {'learning_rate': 0.016981041381865986, 'depth': 12, 'l2_leaf_reg': 0.26520951532212655, 'min_child_samples': 4}. Best is trial 227 with value: 0.27190648279760415.
[I 2025-03-11 20:55:01,901] Trial 327 finished with value: 0.2750013688358635 and parameters: {'learning_rate': 0.017303986380172227, 'depth': 13, 'l2_leaf_reg': 0.2028630900462837, 'min_child_samples': 4}. Best is trial 227 with value: 0.27190648279760415.
[I 2025-03-11 20:55:09,532] Trial 328 finished with value: 0.27404942349383743 and parameters: {'learning_rate': 0.017801051125475063, 'depth': 13, 'l2_leaf_reg': 0.32642920249035945, 'min_child_samples': 4}. Best is trial 227 with value: 0.27190648279760415.
[I 2025-03-11 20:55:17,768] Trial 329 finished with value: 0.27498033228889923 and parameters: {'learning_rate': 0.017672014678107764, 'depth': 13, 'l2_leaf_reg': 0.3469413177636993, 'min_child_samples': 4}. Best is trial 227 with value: 0.27190648279760415.
[I 2025-03-11 20:55:33,545] Trial 330 finished with value: 0.27749923322379383 and parameters: {'learning_rate': 0.01740623401826928, 'depth': 14, 'l2_leaf_reg': 0.33572697530556533, 'min_child_samples': 4}. Best is trial 227 with value: 0.27190648279760415.
[I 2025-03-11 20:55:41,553] Trial 331 finished with value: 0.27628412773405464 and parameters: {'learning_rate': 0.016652110832852167, 'depth': 13, 'l2_leaf_reg': 0.44493412403435206, 'min_child_samples': 4}. Best is trial 227 with value: 0.27190648279760415.
[I 2025-03-11 20:55:50,178] Trial 332 finished with value: 0.275659603355715 and parameters: {'learning_rate': 0.017786191164288062, 'depth': 13, 'l2_leaf_reg': 0.2586725157584522, 'min_child_samples': 4}. Best is trial 227 with value: 0.27190648279760415.
[I 2025-03-11 20:55:54,541] Trial 333 finished with value: 0.28342141751062433 and parameters: {'learning_rate': 0.01804691149577279, 'depth': 12, 'l2_leaf_reg': 0.14590613362206645, 'min_child_samples': 4}. Best is trial 227 with value: 0.27190648279760415.
[I 2025-03-11 20:56:02,332] Trial 334 finished with value: 0.2760354528674696 and parameters: {'learning_rate': 0.016289165652885587, 'depth': 13, 'l2_leaf_reg': 0.3179487442091059, 'min_child_samples': 4}. Best is trial 227 with value: 0.27190648279760415.
[I 2025-03-11 20:56:10,756] Trial 335 finished with value: 0.27579054384428026 and parameters: {'learning_rate': 0.017147398430428066, 'depth': 13, 'l2_leaf_reg': 0.1726194535064401, 'min_child_samples': 4}. Best is trial 227 with value: 0.27190648279760415.
[I 2025-03-11 20:57:06,753] Trial 336 finished with value: 0.29293816208687457 and parameters: {'learning_rate': 0.01861225885854236, 'depth': 16, 'l2_leaf_reg': 0.24189332293463567, 'min_child_samples': 4}. Best is trial 227 with value: 0.27190648279760415.
[I 2025-03-11 20:57:21,211] Trial 337 finished with value: 0.2762705239659978 and parameters: {'learning_rate': 0.017479563967534275, 'depth': 14, 'l2_leaf_reg': 0.08129573476444131, 'min_child_samples': 4}. Best is trial 227 with value: 0.27190648279760415.
