[I 2025-03-11 22:58:47,197] Trial 452 finished with value: 0.46744728222503557 and parameters: {'learning_rate': 0.01963979260579299, 'depth': 10, 'l2_leaf_reg': 0.004431246862949295, 'min_child_samples': 4}. Best is trial 401 with value: 0.4639666759872042.
[I 2025-03-11 22:58:51,024] Trial 453 finished with value: 0.47002479559541727 and parameters: {'learning_rate': 0.019179030444984358, 'depth': 10, 'l2_leaf_reg': 0.1148889487963553, 'min_child_samples': 4}. Best is trial 401 with value: 0.4639666759872042.
[I 2025-03-11 22:58:55,517] Trial 454 finished with value: 0.47439919566068695 and parameters: {'learning_rate': 0.019695705200861065, 'depth': 11, 'l2_leaf_reg': 0.23365895213874627, 'min_child_samples': 4}. Best is trial 401 with value: 0.4639666759872042.
[I 2025-03-11 22:58:59,046] Trial 455 finished with value: 0.4703127907700082 and parameters: {'learning_rate': 0.019996889915279925, 'depth': 10, 'l2_leaf_reg': 0.5229487041135629, 'min_child_samples': 4}. Best is trial 401 with value: 0.4639666759872042.
[I 2025-03-11 22:59:02,677] Trial 456 finished with value: 0.47059577926534374 and parameters: {'learning_rate': 0.01875408335038703, 'depth': 10, 'l2_leaf_reg': 0.07580615669096404, 'min_child_samples': 4}. Best is trial 401 with value: 0.4639666759872042.
[I 2025-03-11 22:59:06,484] Trial 457 finished with value: 0.4687720145901717 and parameters: {'learning_rate': 0.019636605698153516, 'depth': 10, 'l2_leaf_reg': 0.1895093838988733, 'min_child_samples': 4}. Best is trial 401 with value: 0.4639666759872042.
[I 2025-03-11 22:59:10,857] Trial 458 finished with value: 0.4754136365151432 and parameters: {'learning_rate': 0.019194888873841968, 'depth': 11, 'l2_leaf_reg': 0.0006131277701267382, 'min_child_samples': 1}. Best is trial 401 with value: 0.4639666759872042.
[I 2025-03-11 22:59:14,263] Trial 459 finished with value: 0.47432643087718074 and parameters: {'learning_rate': 0.011472673528564799, 'depth': 10, 'l2_leaf_reg': 0.10444368919305165, 'min_child_samples': 32}. Best is trial 401 with value: 0.4639666759872042.
[I 2025-03-11 22:59:18,080] Trial 460 finished with value: 0.46882900821610984 and parameters: {'learning_rate': 0.01962695933936463, 'depth': 10, 'l2_leaf_reg': 0.2374084646774468, 'min_child_samples': 4}. Best is trial 401 with value: 0.4639666759872042.
[I 2025-03-11 22:59:21,664] Trial 461 finished with value: 0.4713279845276472 and parameters: {'learning_rate': 0.018542496173150416, 'depth': 10, 'l2_leaf_reg': 0.1420625138059366, 'min_child_samples': 4}. Best is trial 401 with value: 0.4639666759872042.
[I 2025-03-11 22:59:25,208] Trial 462 finished with value: 0.467642514413834 and parameters: {'learning_rate': 0.019998618704734954, 'depth': 10, 'l2_leaf_reg': 0.06201566009843611, 'min_child_samples': 4}. Best is trial 401 with value: 0.4639666759872042.
[I 2025-03-11 22:59:29,780] Trial 463 finished with value: 0.4726313557844711 and parameters: {'learning_rate': 0.019077435287728508, 'depth': 11, 'l2_leaf_reg': 0.3940525627797804, 'min_child_samples': 4}. Best is trial 401 with value: 0.4639666759872042.
[I 2025-03-11 22:59:33,527] Trial 464 finished with value: 0.4703929899264759 and parameters: {'learning_rate': 0.01999543974121067, 'depth': 10, 'l2_leaf_reg': 0.303752929486084, 'min_child_samples': 4}. Best is trial 401 with value: 0.4639666759872042.
[I 2025-03-11 22:59:37,034] Trial 465 finished with value: 0.470319361591102 and parameters: {'learning_rate': 0.01940742985521013, 'depth': 10, 'l2_leaf_reg': 0.17990005850569057, 'min_child_samples': 4}. Best is trial 401 with value: 0.4639666759872042.
[I 2025-03-11 22:59:40,610] Trial 466 finished with value: 0.4677546265294881 and parameters: {'learning_rate': 0.019612538816641708, 'depth': 10, 'l2_leaf_reg': 0.05744925847882808, 'min_child_samples': 1}. Best is trial 401 with value: 0.4639666759872042.
[I 2025-03-11 22:59:45,054] Trial 467 finished with value: 0.47537932890373824 and parameters: {'learning_rate': 0.01910588425892923, 'depth': 11, 'l2_leaf_reg': 0.1318127370108236, 'min_child_samples': 4}. Best is trial 401 with value: 0.4639666759872042.
[I 2025-03-11 22:59:48,660] Trial 468 finished with value: 0.4683939688698107 and parameters: {'learning_rate': 0.019633484902485045, 'depth': 10, 'l2_leaf_reg': 0.23489033320353794, 'min_child_samples': 4}. Best is trial 401 with value: 0.4639666759872042.
[I 2025-03-11 22:59:52,198] Trial 469 finished with value: 0.46965187780392265 and parameters: {'learning_rate': 0.019302410419234306, 'depth': 10, 'l2_leaf_reg': 0.5961287565407352, 'min_child_samples': 4}. Best is trial 401 with value: 0.4639666759872042.
[I 2025-03-11 22:59:55,853] Trial 470 finished with value: 0.46809225367914087 and parameters: {'learning_rate': 0.01870587522433234, 'depth': 10, 'l2_leaf_reg': 0.09256217868244321, 'min_child_samples': 4}. Best is trial 401 with value: 0.4639666759872042.
[I 2025-03-11 23:00:00,069] Trial 471 finished with value: 0.4750429703581204 and parameters: {'learning_rate': 0.019994546912723725, 'depth': 11, 'l2_leaf_reg': 0.1727464445957648, 'min_child_samples': 4}. Best is trial 401 with value: 0.4639666759872042.
[I 2025-03-11 23:00:03,734] Trial 472 finished with value: 0.46591076670319326 and parameters: {'learning_rate': 0.019999800357926964, 'depth': 10, 'l2_leaf_reg': 0.28429153213294833, 'min_child_samples': 32}. Best is trial 401 with value: 0.4639666759872042.
[I 2025-03-11 23:00:07,209] Trial 473 finished with value: 0.4680770226609683 and parameters: {'learning_rate': 0.019388945751952498, 'depth': 10, 'l2_leaf_reg': 0.3501818186033165, 'min_child_samples': 32}. Best is trial 401 with value: 0.4639666759872042.
[I 2025-03-11 23:00:11,805] Trial 474 finished with value: 0.47673993332999187 and parameters: {'learning_rate': 0.012718131129662295, 'depth': 11, 'l2_leaf_reg': 0.30178379480694306, 'min_child_samples': 1}. Best is trial 401 with value: 0.4639666759872042.
[I 2025-03-11 23:00:15,617] Trial 475 finished with value: 0.4705852400090349 and parameters: {'learning_rate': 0.01898033658057757, 'depth': 10, 'l2_leaf_reg': 0.4270130911548846, 'min_child_samples': 8}. Best is trial 401 with value: 0.4639666759872042.
[I 2025-03-11 23:00:18,972] Trial 476 finished with value: 0.46771250300774064 and parameters: {'learning_rate': 0.01966471695884046, 'depth': 10, 'l2_leaf_reg': 0.26689750092386877, 'min_child_samples': 32}. Best is trial 401 with value: 0.4639666759872042.
[I 2025-03-11 23:00:22,594] Trial 477 finished with value: 0.46827649626843276 and parameters: {'learning_rate': 0.019657762223904997, 'depth': 10, 'l2_leaf_reg': 0.38383537880376006, 'min_child_samples': 32}. Best is trial 401 with value: 0.4639666759872042.
[I 2025-03-11 23:00:26,467] Trial 478 finished with value: 0.4693364766608327 and parameters: {'learning_rate': 0.019365948835111245, 'depth': 10, 'l2_leaf_reg': 0.31893193945827697, 'min_child_samples': 32}. Best is trial 401 with value: 0.4639666759872042.
[I 2025-03-11 23:00:31,013] Trial 479 finished with value: 0.47585738271885647 and parameters: {'learning_rate': 0.01999943575839877, 'depth': 11, 'l2_leaf_reg': 0.24694265094188245, 'min_child_samples': 32}. Best is trial 401 with value: 0.4639666759872042.
[I 2025-03-11 23:00:34,455] Trial 480 finished with value: 0.46570980232957193 and parameters: {'learning_rate': 0.01999746197043509, 'depth': 10, 'l2_leaf_reg': 0.48433333979476534, 'min_child_samples': 32}. Best is trial 401 with value: 0.4639666759872042.
[I 2025-03-11 23:00:35,726] Trial 481 finished with value: 0.8296351674831887 and parameters: {'learning_rate': 0.019647187208360135, 'depth': 1, 'l2_leaf_reg': 0.4884887567404982, 'min_child_samples': 32}. Best is trial 401 with value: 0.4639666759872042.
[I 2025-03-11 23:00:37,538] Trial 482 finished with value: 0.5432842232344557 and parameters: {'learning_rate': 0.013675707987414519, 'depth': 4, 'l2_leaf_reg': 0.41803420892440973, 'min_child_samples': 32}. Best is trial 401 with value: 0.4639666759872042.
[I 2025-03-11 23:00:41,246] Trial 483 finished with value: 0.4722032240654392 and parameters: {'learning_rate': 0.0190239589864483, 'depth': 10, 'l2_leaf_reg': 0.3857038040664901, 'min_child_samples': 32}. Best is trial 401 with value: 0.4639666759872042.
[I 2025-03-11 23:00:44,827] Trial 484 finished with value: 0.4657548289230857 and parameters: {'learning_rate': 0.019986196102587298, 'depth': 10, 'l2_leaf_reg': 0.5204526053841102, 'min_child_samples': 32}. Best is trial 401 with value: 0.4639666759872042.
[I 2025-03-11 23:00:49,282] Trial 485 finished with value: 0.475691463215584 and parameters: {'learning_rate': 0.019645819071456936, 'depth': 11, 'l2_leaf_reg': 0.49752071685883026, 'min_child_samples': 32}. Best is trial 401 with value: 0.4639666759872042.
[I 2025-03-11 23:00:52,773] Trial 486 finished with value: 0.46695610357485196 and parameters: {'learning_rate': 0.01960999365839319, 'depth': 10, 'l2_leaf_reg': 0.608259180062858, 'min_child_samples': 32}. Best is trial 401 with value: 0.4639666759872042.
[I 2025-03-11 23:00:56,378] Trial 487 finished with value: 0.4669460718629996 and parameters: {'learning_rate': 0.01998331535625531, 'depth': 10, 'l2_leaf_reg': 0.5792097373826981, 'min_child_samples': 32}. Best is trial 401 with value: 0.4639666759872042.
[I 2025-03-11 23:00:59,845] Trial 488 finished with value: 0.46721121258630904 and parameters: {'learning_rate': 0.019969423696464473, 'depth': 10, 'l2_leaf_reg': 0.48731813822267994, 'min_child_samples': 32}. Best is trial 401 with value: 0.4639666759872042.
[I 2025-03-11 23:01:03,457] Trial 489 finished with value: 0.4647595174477301 and parameters: {'learning_rate': 0.019988331132131703, 'depth': 10, 'l2_leaf_reg': 0.4542419989446542, 'min_child_samples': 32}. Best is trial 401 with value: 0.4639666759872042.
[I 2025-03-11 23:01:07,631] Trial 490 finished with value: 0.4801697984866698 and parameters: {'learning_rate': 0.010110033722117067, 'depth': 11, 'l2_leaf_reg': 0.4470653652735107, 'min_child_samples': 32}. Best is trial 401 with value: 0.4639666759872042.
[I 2025-03-11 23:01:11,200] Trial 491 finished with value: 0.46652403971533896 and parameters: {'learning_rate': 0.01997035134048661, 'depth': 10, 'l2_leaf_reg': 0.5290044650379643, 'min_child_samples': 32}. Best is trial 401 with value: 0.4639666759872042.
[I 2025-03-11 23:01:14,975] Trial 492 finished with value: 0.46912239682301327 and parameters: {'learning_rate': 0.019345131462626505, 'depth': 10, 'l2_leaf_reg': 0.449024339925751, 'min_child_samples': 32}. Best is trial 401 with value: 0.4639666759872042.
[I 2025-03-11 23:01:19,442] Trial 493 finished with value: 0.4738960682931707 and parameters: {'learning_rate': 0.019966679975786137, 'depth': 11, 'l2_leaf_reg': 0.5155486343522768, 'min_child_samples': 32}. Best is trial 401 with value: 0.4639666759872042.
[I 2025-03-11 23:01:23,039] Trial 494 finished with value: 0.4690848639472785 and parameters: {'learning_rate': 0.019284554766200227, 'depth': 10, 'l2_leaf_reg': 0.4411694892426774, 'min_child_samples': 32}. Best is trial 401 with value: 0.4639666759872042.
[I 2025-03-11 23:01:26,822] Trial 495 finished with value: 0.4680883881735021 and parameters: {'learning_rate': 0.01956611887986364, 'depth': 10, 'l2_leaf_reg': 0.4756874626039886, 'min_child_samples': 32}. Best is trial 401 with value: 0.4639666759872042.
[I 2025-03-11 23:01:30,320] Trial 496 finished with value: 0.4691271966040771 and parameters: {'learning_rate': 0.019995736095305885, 'depth': 10, 'l2_leaf_reg': 0.5484071837399229, 'min_child_samples': 32}. Best is trial 401 with value: 0.4639666759872042.
[I 2025-03-11 23:01:34,867] Trial 497 finished with value: 0.474065799038203 and parameters: {'learning_rate': 0.016452227682508952, 'depth': 11, 'l2_leaf_reg': 0.3442989398287208, 'min_child_samples': 32}. Best is trial 401 with value: 0.4639666759872042.
[I 2025-03-11 23:01:38,520] Trial 498 finished with value: 0.4647734771389678 and parameters: {'learning_rate': 0.019996442942746107, 'depth': 10, 'l2_leaf_reg': 0.3982695651200126, 'min_child_samples': 32}. Best is trial 401 with value: 0.4639666759872042.
[I 2025-03-11 23:01:42,089] Trial 499 finished with value: 0.4665764284342868 and parameters: {'learning_rate': 0.019358754445064883, 'depth': 10, 'l2_leaf_reg': 0.38665044936310355, 'min_child_samples': 32}. Best is trial 401 with value: 0.4639666759872042.
2025-03-11 23:01:42,089 - __main__ - INFO - Best RMSE: 0.4640
2025-03-11 23:01:42,089 - __main__ - INFO - Best parameters: {'learning_rate': 0.019987518237501674, 'depth': 10, 'l2_leaf_reg': 0.08639509108418775, 'min_child_samples': 4}
2025-03-11 23:01:42,089 - __main__ - INFO - Training final models...
2025-03-11 23:01:42,090 - __main__ - INFO - Training models for all target variables
2025-03-11 23:01:42,414 - __main__ - INFO - Training model for c_delta_y
2025-03-11 23:01:44,527 - __main__ - INFO - Training model for c_delta_z
2025-03-11 23:01:53,145 - __main__ - INFO - Training model for c_std_y
2025-03-11 23:01:57,361 - __main__ - INFO - Training model for c_std_z
(2312849, 11) (2312849, 4)
Split shapes: train: X(1340101, 11), y(1340101, 4), test: X(459344, 11), y(459344, 4), valid: X(366729, 11), y(366729, 4), eval: X(146675, 11), y(146675, 4)
Traceback (most recent call last):
  File "/app/nse/catboost/catboost_ml.py", line 631, in <module>
    main()
  File "/app/nse/catboost/catboost_ml.py", line 617, in main
    feature_importances_catboost(models_final, np.asarray(data["y_test"].columns), np.asarray(data["X_test"].columns),
NameError: name 'feature_importances_catboost' is not defined
