[I 2025-03-11 21:35:46,953] Trial 264 finished with value: 2.000179728656108 and parameters: {'learning_rate': 0.01226967493512126, 'depth': 10, 'l2_leaf_reg': 0.11702066822021909, 'min_child_samples': 16}. Best is trial 218 with value: 1.9990456430112074.
[I 2025-03-11 21:35:48,887] Trial 265 finished with value: 1.9995452677833085 and parameters: {'learning_rate': 0.012274022656443213, 'depth': 10, 'l2_leaf_reg': 0.2982353680163983, 'min_child_samples': 16}. Best is trial 218 with value: 1.9990456430112074.
[I 2025-03-11 21:35:51,476] Trial 266 finished with value: 2.005461841566424 and parameters: {'learning_rate': 0.012294308106717021, 'depth': 11, 'l2_leaf_reg': 0.08446203786653467, 'min_child_samples': 16}. Best is trial 218 with value: 1.9990456430112074.
[I 2025-03-11 21:35:53,783] Trial 267 finished with value: 2.0011357271983523 and parameters: {'learning_rate': 0.012703528939459172, 'depth': 10, 'l2_leaf_reg': 0.1474791496566844, 'min_child_samples': 16}. Best is trial 218 with value: 1.9990456430112074.
[I 2025-03-11 21:35:56,243] Trial 268 finished with value: 1.9996759601261163 and parameters: {'learning_rate': 0.01127192097801679, 'depth': 10, 'l2_leaf_reg': 0.03929504710842576, 'min_child_samples': 16}. Best is trial 218 with value: 1.9990456430112074.
[I 2025-03-11 21:35:58,189] Trial 269 finished with value: 2.0069519773806315 and parameters: {'learning_rate': 0.011184068521715858, 'depth': 9, 'l2_leaf_reg': 0.03940527566621731, 'min_child_samples': 16}. Best is trial 218 with value: 1.9990456430112074.
[I 2025-03-11 21:36:00,400] Trial 270 finished with value: 2.0085283786729162 and parameters: {'learning_rate': 0.010105934554820704, 'depth': 10, 'l2_leaf_reg': 0.012940306844882593, 'min_child_samples': 16}. Best is trial 218 with value: 1.9990456430112074.
[I 2025-03-11 21:36:03,168] Trial 271 finished with value: 2.009022261656348 and parameters: {'learning_rate': 0.010665702475057505, 'depth': 11, 'l2_leaf_reg': 0.11045977930469508, 'min_child_samples': 16}. Best is trial 218 with value: 1.9990456430112074.
[I 2025-03-11 21:36:06,074] Trial 272 finished with value: 2.001489670579603 and parameters: {'learning_rate': 0.006457627864257345, 'depth': 10, 'l2_leaf_reg': 0.0978505511288616, 'min_child_samples': 16}. Best is trial 218 with value: 1.9990456430112074.
[I 2025-03-11 21:36:07,871] Trial 273 finished with value: 2.00545572297314 and parameters: {'learning_rate': 0.011324895330173721, 'depth': 9, 'l2_leaf_reg': 0.23891752660771512, 'min_child_samples': 16}. Best is trial 218 with value: 1.9990456430112074.
[I 2025-03-11 21:36:10,378] Trial 274 finished with value: 2.0041361198444507 and parameters: {'learning_rate': 0.011745559136765686, 'depth': 10, 'l2_leaf_reg': 0.2749011404555222, 'min_child_samples': 16}. Best is trial 218 with value: 1.9990456430112074.
[I 2025-03-11 21:36:12,981] Trial 275 finished with value: 1.9998609175196984 and parameters: {'learning_rate': 0.011977422441317366, 'depth': 10, 'l2_leaf_reg': 0.20253112010678942, 'min_child_samples': 16}. Best is trial 218 with value: 1.9990456430112074.
[I 2025-03-11 21:36:15,663] Trial 276 finished with value: 2.005527184963523 and parameters: {'learning_rate': 0.012206094736160761, 'depth': 11, 'l2_leaf_reg': 0.30331040337017756, 'min_child_samples': 16}. Best is trial 218 with value: 1.9990456430112074.
[I 2025-03-11 21:36:18,087] Trial 277 finished with value: 2.0024028935430063 and parameters: {'learning_rate': 0.010999443801967495, 'depth': 10, 'l2_leaf_reg': 0.18731316389063435, 'min_child_samples': 16}. Best is trial 218 with value: 1.9990456430112074.
[I 2025-03-11 21:36:20,259] Trial 278 finished with value: 2.0048752093195636 and parameters: {'learning_rate': 0.011449072074384071, 'depth': 10, 'l2_leaf_reg': 0.0991272981384071, 'min_child_samples': 16}. Best is trial 218 with value: 1.9990456430112074.
[I 2025-03-11 21:36:22,182] Trial 279 finished with value: 2.006142515080114 and parameters: {'learning_rate': 0.012050799424246202, 'depth': 9, 'l2_leaf_reg': 0.04003740173916752, 'min_child_samples': 16}. Best is trial 218 with value: 1.9990456430112074.
[I 2025-03-11 21:36:24,683] Trial 280 finished with value: 2.0042046641074953 and parameters: {'learning_rate': 0.011626250214151226, 'depth': 10, 'l2_leaf_reg': 0.31675503860447063, 'min_child_samples': 16}. Best is trial 218 with value: 1.9990456430112074.
[I 2025-03-11 21:36:27,634] Trial 281 finished with value: 2.0045052543044064 and parameters: {'learning_rate': 0.010310812147796673, 'depth': 11, 'l2_leaf_reg': 0.2063210212203535, 'min_child_samples': 16}. Best is trial 218 with value: 1.9990456430112074.
[I 2025-03-11 21:36:29,972] Trial 282 finished with value: 2.001688562208355 and parameters: {'learning_rate': 0.012498586999533363, 'depth': 10, 'l2_leaf_reg': 0.09021408215697492, 'min_child_samples': 16}. Best is trial 218 with value: 1.9990456430112074.
[I 2025-03-11 21:36:32,752] Trial 283 finished with value: 2.00262783543249 and parameters: {'learning_rate': 0.012029978715606265, 'depth': 11, 'l2_leaf_reg': 0.4196791540195266, 'min_child_samples': 16}. Best is trial 218 with value: 1.9990456430112074.
[I 2025-03-11 21:36:35,267] Trial 284 finished with value: 2.0026713128209237 and parameters: {'learning_rate': 0.010926422971948343, 'depth': 10, 'l2_leaf_reg': 1.572563848763334, 'min_child_samples': 16}. Best is trial 218 with value: 1.9990456430112074.
[I 2025-03-11 21:36:37,193] Trial 285 finished with value: 2.0054749605939484 and parameters: {'learning_rate': 0.008852352745697501, 'depth': 9, 'l2_leaf_reg': 0.1989391374164965, 'min_child_samples': 16}. Best is trial 218 with value: 1.9990456430112074.
[I 2025-03-11 21:36:40,708] Trial 286 finished with value: 2.0021297264439144 and parameters: {'learning_rate': 0.004195241395778612, 'depth': 10, 'l2_leaf_reg': 0.09994975129794209, 'min_child_samples': 1}. Best is trial 218 with value: 1.9990456430112074.
[I 2025-03-11 21:36:43,011] Trial 287 finished with value: 2.002153884066443 and parameters: {'learning_rate': 0.011332528015022717, 'depth': 10, 'l2_leaf_reg': 0.15256143753344048, 'min_child_samples': 8}. Best is trial 218 with value: 1.9990456430112074.
[I 2025-03-11 21:36:44,879] Trial 288 finished with value: 2.003696829252816 and parameters: {'learning_rate': 0.011992990590598588, 'depth': 9, 'l2_leaf_reg': 0.1711052149229877, 'min_child_samples': 16}. Best is trial 218 with value: 1.9990456430112074.
[I 2025-03-11 21:36:46,958] Trial 289 finished with value: 2.0067246854402763 and parameters: {'learning_rate': 0.012788444898610163, 'depth': 10, 'l2_leaf_reg': 0.36320846807490864, 'min_child_samples': 16}. Best is trial 218 with value: 1.9990456430112074.
[I 2025-03-11 21:36:49,637] Trial 290 finished with value: 2.003994546832338 and parameters: {'learning_rate': 0.011547486981083635, 'depth': 11, 'l2_leaf_reg': 0.8221064566906988, 'min_child_samples': 16}. Best is trial 218 with value: 1.9990456430112074.
[I 2025-03-11 21:36:51,928] Trial 291 finished with value: 2.00064810960606 and parameters: {'learning_rate': 0.010673456592437935, 'depth': 10, 'l2_leaf_reg': 1.8165197763816265, 'min_child_samples': 16}. Best is trial 218 with value: 1.9990456430112074.
[I 2025-03-11 21:36:54,164] Trial 292 finished with value: 2.0041736385189695 and parameters: {'learning_rate': 0.010693757947460558, 'depth': 10, 'l2_leaf_reg': 2.102414896594236, 'min_child_samples': 16}. Best is trial 218 with value: 1.9990456430112074.
[I 2025-03-11 21:36:56,723] Trial 293 finished with value: 2.0012712698302 and parameters: {'learning_rate': 0.010474768515563386, 'depth': 10, 'l2_leaf_reg': 0.24378747034113799, 'min_child_samples': 16}. Best is trial 218 with value: 1.9990456430112074.
[I 2025-03-11 21:36:59,186] Trial 294 finished with value: 2.0064830086048557 and parameters: {'learning_rate': 0.011064061048640212, 'depth': 11, 'l2_leaf_reg': 1.875529538474913, 'min_child_samples': 16}. Best is trial 218 with value: 1.9990456430112074.
[I 2025-03-11 21:37:01,220] Trial 295 finished with value: 2.0061420814229862 and parameters: {'learning_rate': 0.012314971011810396, 'depth': 9, 'l2_leaf_reg': 2.998344108257709, 'min_child_samples': 16}. Best is trial 218 with value: 1.9990456430112074.
[I 2025-03-11 21:37:03,575] Trial 296 finished with value: 2.0007833446244208 and parameters: {'learning_rate': 0.011832018478951342, 'depth': 10, 'l2_leaf_reg': 0.024107364569624715, 'min_child_samples': 16}. Best is trial 218 with value: 1.9990456430112074.
[I 2025-03-11 21:37:05,547] Trial 297 finished with value: 2.0046451713733733 and parameters: {'learning_rate': 0.01115014892963154, 'depth': 9, 'l2_leaf_reg': 1.7726760354383768, 'min_child_samples': 16}. Best is trial 218 with value: 1.9990456430112074.
[I 2025-03-11 21:37:07,737] Trial 298 finished with value: 2.0037722347672964 and parameters: {'learning_rate': 0.012149308383819765, 'depth': 10, 'l2_leaf_reg': 1.4721887186247236, 'min_child_samples': 16}. Best is trial 218 with value: 1.9990456430112074.
[I 2025-03-11 21:37:10,111] Trial 299 finished with value: 2.0041097144917672 and parameters: {'learning_rate': 0.01659281842076794, 'depth': 11, 'l2_leaf_reg': 2.9795486335464623, 'min_child_samples': 16}. Best is trial 218 with value: 1.9990456430112074.
[I 2025-03-11 21:37:12,788] Trial 300 finished with value: 2.0051502101428067 and parameters: {'learning_rate': 0.0097003483861659, 'depth': 10, 'l2_leaf_reg': 2.940326734782782, 'min_child_samples': 16}. Best is trial 218 with value: 1.9990456430112074.
[I 2025-03-11 21:37:14,775] Trial 301 finished with value: 2.0040491646595315 and parameters: {'learning_rate': 0.012594794016304145, 'depth': 10, 'l2_leaf_reg': 0.15606104694825784, 'min_child_samples': 1}. Best is trial 218 with value: 1.9990456430112074.
[I 2025-03-11 21:37:16,930] Trial 302 finished with value: 2.005939629403558 and parameters: {'learning_rate': 0.01080630016500868, 'depth': 10, 'l2_leaf_reg': 0.007856483661785263, 'min_child_samples': 8}. Best is trial 218 with value: 1.9990456430112074.
[I 2025-03-11 21:37:19,596] Trial 303 finished with value: 2.0086211997539496 and parameters: {'learning_rate': 0.011766203769461418, 'depth': 11, 'l2_leaf_reg': 2.994801572129683, 'min_child_samples': 4}. Best is trial 218 with value: 1.9990456430112074.
[I 2025-03-11 21:37:21,814] Trial 304 finished with value: 2.009638983869948 and parameters: {'learning_rate': 0.010278664569632813, 'depth': 10, 'l2_leaf_reg': 1.2698349182075164, 'min_child_samples': 16}. Best is trial 218 with value: 1.9990456430112074.
[I 2025-03-11 21:37:23,832] Trial 305 finished with value: 2.0048465354777094 and parameters: {'learning_rate': 0.011436656453274456, 'depth': 9, 'l2_leaf_reg': 0.2550192827924072, 'min_child_samples': 4}. Best is trial 218 with value: 1.9990456430112074.
[I 2025-03-11 21:37:25,956] Trial 306 finished with value: 2.0039410535745357 and parameters: {'learning_rate': 0.013119402706688727, 'depth': 10, 'l2_leaf_reg': 2.270680041748921, 'min_child_samples': 16}. Best is trial 218 with value: 1.9990456430112074.
[I 2025-03-11 21:37:28,199] Trial 307 finished with value: 2.0076692306450785 and parameters: {'learning_rate': 0.012262660689384142, 'depth': 10, 'l2_leaf_reg': 2.880180422225685, 'min_child_samples': 4}. Best is trial 218 with value: 1.9990456430112074.
[I 2025-03-11 21:37:30,811] Trial 308 finished with value: 2.0062755211538583 and parameters: {'learning_rate': 0.011163149706009137, 'depth': 11, 'l2_leaf_reg': 0.0870131243714696, 'min_child_samples': 4}. Best is trial 218 with value: 1.9990456430112074.
[I 2025-03-11 21:37:34,308] Trial 309 finished with value: 2.0072035961748513 and parameters: {'learning_rate': 0.011809351395204917, 'depth': 12, 'l2_leaf_reg': 0.9203656754653778, 'min_child_samples': 16}. Best is trial 218 with value: 1.9990456430112074.
[I 2025-03-11 21:37:36,779] Trial 310 finished with value: 1.9999327538228469 and parameters: {'learning_rate': 0.012717388310995916, 'depth': 10, 'l2_leaf_reg': 2.9384447884555733, 'min_child_samples': 4}. Best is trial 218 with value: 1.9990456430112074.
[I 2025-03-11 21:37:38,439] Trial 311 finished with value: 2.001347175494674 and parameters: {'learning_rate': 0.013441536222185487, 'depth': 9, 'l2_leaf_reg': 1.989267092399029, 'min_child_samples': 4}. Best is trial 218 with value: 1.9990456430112074.
[I 2025-03-11 21:37:40,481] Trial 312 finished with value: 2.000866187669949 and parameters: {'learning_rate': 0.012906155598437748, 'depth': 10, 'l2_leaf_reg': 2.8317274477765113, 'min_child_samples': 16}. Best is trial 218 with value: 1.9990456430112074.
[I 2025-03-11 21:37:42,512] Trial 313 finished with value: 2.0091349235604947 and parameters: {'learning_rate': 0.012577638107864567, 'depth': 10, 'l2_leaf_reg': 2.8981407537732293, 'min_child_samples': 4}. Best is trial 218 with value: 1.9990456430112074.
[I 2025-03-11 21:37:44,272] Trial 314 finished with value: 2.005844070025018 and parameters: {'learning_rate': 0.012957911923774375, 'depth': 9, 'l2_leaf_reg': 0.15848374646908708, 'min_child_samples': 4}. Best is trial 218 with value: 1.9990456430112074.
[I 2025-03-11 21:37:45,683] Trial 315 finished with value: 2.0159176978629567 and parameters: {'learning_rate': 0.013818957203241132, 'depth': 6, 'l2_leaf_reg': 2.941076135451818, 'min_child_samples': 16}. Best is trial 218 with value: 1.9990456430112074.
[I 2025-03-11 21:37:48,034] Trial 316 finished with value: 1.9997027304529118 and parameters: {'learning_rate': 0.01231645903020726, 'depth': 10, 'l2_leaf_reg': 0.2821184754411071, 'min_child_samples': 4}. Best is trial 218 with value: 1.9990456430112074.
[I 2025-03-11 21:37:50,775] Trial 317 finished with value: 2.003167062477173 and parameters: {'learning_rate': 0.012642972447525396, 'depth': 11, 'l2_leaf_reg': 0.34250899839024623, 'min_child_samples': 4}. Best is trial 218 with value: 1.9990456430112074.
[I 2025-03-11 21:37:52,981] Trial 318 finished with value: 2.00301409565548 and parameters: {'learning_rate': 0.015651505634776835, 'depth': 10, 'l2_leaf_reg': 0.2828344899567089, 'min_child_samples': 16}. Best is trial 218 with value: 1.9990456430112074.
[I 2025-03-11 21:37:54,901] Trial 319 finished with value: 2.004906876951855 and parameters: {'learning_rate': 0.012249653784505881, 'depth': 10, 'l2_leaf_reg': 0.2218538840595586, 'min_child_samples': 4}. Best is trial 218 with value: 1.9990456430112074.
[I 2025-03-11 21:37:57,520] Trial 320 finished with value: 2.0087761182263533 and parameters: {'learning_rate': 0.01316361840990777, 'depth': 11, 'l2_leaf_reg': 0.3028865177478918, 'min_child_samples': 16}. Best is trial 218 with value: 1.9990456430112074.
[I 2025-03-11 21:37:59,686] Trial 321 finished with value: 2.004229489341938 and parameters: {'learning_rate': 0.012406296670507204, 'depth': 10, 'l2_leaf_reg': 0.40856164276015733, 'min_child_samples': 4}. Best is trial 218 with value: 1.9990456430112074.
[I 2025-03-11 21:38:02,132] Trial 322 finished with value: 2.002733974101142 and parameters: {'learning_rate': 0.011928574348483276, 'depth': 10, 'l2_leaf_reg': 0.11899846652788632, 'min_child_samples': 4}. Best is trial 218 with value: 1.9990456430112074.
[I 2025-03-11 21:38:03,891] Trial 323 finished with value: 2.005942369193769 and parameters: {'learning_rate': 0.012592161643122915, 'depth': 9, 'l2_leaf_reg': 0.20744500033774313, 'min_child_samples': 16}. Best is trial 218 with value: 1.9990456430112074.
[I 2025-03-11 21:38:05,605] Trial 324 finished with value: 2.0071558907955716 and parameters: {'learning_rate': 0.012096642044659734, 'depth': 8, 'l2_leaf_reg': 2.8853332608393427, 'min_child_samples': 4}. Best is trial 218 with value: 1.9990456430112074.
[I 2025-03-11 21:38:08,311] Trial 325 finished with value: 2.0050212348948824 and parameters: {'learning_rate': 0.013548129990504768, 'depth': 11, 'l2_leaf_reg': 0.7556960431826182, 'min_child_samples': 1}. Best is trial 218 with value: 1.9990456430112074.
[I 2025-03-11 21:38:10,380] Trial 326 finished with value: 2.0085590326886673 and parameters: {'learning_rate': 0.012840229787544592, 'depth': 10, 'l2_leaf_reg': 1.4041974576660794, 'min_child_samples': 4}. Best is trial 218 with value: 1.9990456430112074.
[I 2025-03-11 21:38:12,285] Trial 327 finished with value: 2.0026778034822525 and parameters: {'learning_rate': 0.014738725853290165, 'depth': 10, 'l2_leaf_reg': 0.06765559750878694, 'min_child_samples': 8}. Best is trial 218 with value: 1.9990456430112074.
[I 2025-03-11 21:38:14,156] Trial 328 finished with value: 2.0072427673689024 and parameters: {'learning_rate': 0.012267054611000838, 'depth': 9, 'l2_leaf_reg': 0.0007511227891058292, 'min_child_samples': 16}. Best is trial 218 with value: 1.9990456430112074.
[I 2025-03-11 21:38:16,615] Trial 329 finished with value: 2.0020001464488533 and parameters: {'learning_rate': 0.011877349038551527, 'depth': 10, 'l2_leaf_reg': 2.9452179978560817, 'min_child_samples': 4}. Best is trial 218 with value: 1.9990456430112074.
[I 2025-03-11 21:38:18,981] Trial 330 finished with value: 2.0008490502736556 and parameters: {'learning_rate': 0.01081171969058874, 'depth': 10, 'l2_leaf_reg': 1.2093148152296544, 'min_child_samples': 16}. Best is trial 218 with value: 1.9990456430112074.
[I 2025-03-11 21:38:20,298] Trial 331 finished with value: 2.0303170878685175 and parameters: {'learning_rate': 0.01161364826723791, 'depth': 3, 'l2_leaf_reg': 1.532217375733805, 'min_child_samples': 4}. Best is trial 218 with value: 1.9990456430112074.
[I 2025-03-11 21:38:23,406] Trial 332 finished with value: 2.013817896326223 and parameters: {'learning_rate': 0.012604221251787714, 'depth': 12, 'l2_leaf_reg': 2.8857058730076797, 'min_child_samples': 4}. Best is trial 218 with value: 1.9990456430112074.
[I 2025-03-11 21:38:25,840] Trial 333 finished with value: 2.0101528909062405 and parameters: {'learning_rate': 0.01318941672967988, 'depth': 11, 'l2_leaf_reg': 2.992875516858742, 'min_child_samples': 16}. Best is trial 218 with value: 1.9990456430112074.
[I 2025-03-11 21:38:27,827] Trial 334 finished with value: 2.0069206870289755 and parameters: {'learning_rate': 0.012074275526162293, 'depth': 10, 'l2_leaf_reg': 2.8211241937734126, 'min_child_samples': 4}. Best is trial 218 with value: 1.9990456430112074.
[I 2025-03-11 21:38:29,787] Trial 335 finished with value: 2.005453725221255 and parameters: {'learning_rate': 0.011325030603422522, 'depth': 9, 'l2_leaf_reg': 0.3574986590631016, 'min_child_samples': 16}. Best is trial 218 with value: 1.9990456430112074.
[I 2025-03-11 21:38:31,779] Trial 336 finished with value: 2.008592113132211 and parameters: {'learning_rate': 0.011749069895009182, 'depth': 10, 'l2_leaf_reg': 1.71863180014942, 'min_child_samples': 4}. Best is trial 218 with value: 1.9990456430112074.
[I 2025-03-11 21:38:34,514] Trial 337 finished with value: 2.0057988184500655 and parameters: {'learning_rate': 0.012348664929356653, 'depth': 11, 'l2_leaf_reg': 2.929026306463588, 'min_child_samples': 4}. Best is trial 218 with value: 1.9990456430112074.
[I 2025-03-11 21:38:38,116] Trial 338 finished with value: 2.141408529988171 and parameters: {'learning_rate': 0.00024157556535801816, 'depth': 10, 'l2_leaf_reg': 0.15168299751777728, 'min_child_samples': 16}. Best is trial 218 with value: 1.9990456430112074.
[I 2025-03-11 21:38:40,193] Trial 339 finished with value: 2.002050210491052 and parameters: {'learning_rate': 0.011090220618490954, 'depth': 9, 'l2_leaf_reg': 2.851203492653858, 'min_child_samples': 4}. Best is trial 218 with value: 1.9990456430112074.
[I 2025-03-11 21:38:42,281] Trial 340 finished with value: 2.003980821613505 and parameters: {'learning_rate': 0.012855431531351007, 'depth': 10, 'l2_leaf_reg': 2.934995354268919, 'min_child_samples': 32}. Best is trial 218 with value: 1.9990456430112074.
[I 2025-03-11 21:38:44,956] Trial 341 finished with value: 2.0089483611789185 and parameters: {'learning_rate': 0.014136648663736484, 'depth': 11, 'l2_leaf_reg': 2.3712374576753645, 'min_child_samples': 16}. Best is trial 218 with value: 1.9990456430112074.
[I 2025-03-11 21:38:54,416] Trial 342 finished with value: 2.0434047290625093 and parameters: {'learning_rate': 0.0015926631667460157, 'depth': 13, 'l2_leaf_reg': 1.6344605597129804, 'min_child_samples': 4}. Best is trial 218 with value: 1.9990456430112074.
[I 2025-03-11 21:38:56,869] Trial 343 finished with value: 2.0023199336600475 and parameters: {'learning_rate': 0.012056538164327786, 'depth': 10, 'l2_leaf_reg': 0.2831255982756173, 'min_child_samples': 4}. Best is trial 218 with value: 1.9990456430112074.
[I 2025-03-11 21:38:59,315] Trial 344 finished with value: 2.0025926711951545 and parameters: {'learning_rate': 0.010088248735941512, 'depth': 10, 'l2_leaf_reg': 1.339825669761477, 'min_child_samples': 16}. Best is trial 218 with value: 1.9990456430112074.
[I 2025-03-11 21:39:01,417] Trial 345 finished with value: 2.011686476462709 and parameters: {'learning_rate': 0.010583401851395044, 'depth': 10, 'l2_leaf_reg': 2.773220127384212, 'min_child_samples': 4}. Best is trial 218 with value: 1.9990456430112074.
[I 2025-03-11 21:39:03,580] Trial 346 finished with value: 2.0045469874481636 and parameters: {'learning_rate': 0.011387770805083644, 'depth': 9, 'l2_leaf_reg': 2.8754039274034087, 'min_child_samples': 16}. Best is trial 218 with value: 1.9990456430112074.
[I 2025-03-11 21:39:05,685] Trial 347 finished with value: 2.002960560652669 and parameters: {'learning_rate': 0.011813931323381427, 'depth': 10, 'l2_leaf_reg': 0.20141604193612161, 'min_child_samples': 4}. Best is trial 218 with value: 1.9990456430112074.
[I 2025-03-11 21:39:08,586] Trial 348 finished with value: 1.9995336284190748 and parameters: {'learning_rate': 0.012502483634172232, 'depth': 11, 'l2_leaf_reg': 2.988916315325498, 'min_child_samples': 4}. Best is trial 218 with value: 1.9990456430112074.
