[I 2025-03-11 21:32:17,749] Trial 178 finished with value: 2.0178213719623472 and parameters: {'learning_rate': 0.009794157547443965, 'depth': 5, 'l2_leaf_reg': 1.1725588050610074, 'min_child_samples': 4}. Best is trial 97 with value: 1.999208901839337.
[I 2025-03-11 21:32:20,751] Trial 179 finished with value: 2.000252705369064 and parameters: {'learning_rate': 0.012972121975955925, 'depth': 11, 'l2_leaf_reg': 2.795926665068391, 'min_child_samples': 4}. Best is trial 97 with value: 1.999208901839337.
[I 2025-03-11 21:32:22,672] Trial 180 finished with value: 2.00754401330751 and parameters: {'learning_rate': 0.011888454428064283, 'depth': 9, 'l2_leaf_reg': 2.7926379654348517, 'min_child_samples': 4}. Best is trial 97 with value: 1.999208901839337.
[I 2025-03-11 21:32:25,544] Trial 181 finished with value: 2.0033591450838353 and parameters: {'learning_rate': 0.012970479937178753, 'depth': 11, 'l2_leaf_reg': 2.7312558949378314, 'min_child_samples': 4}. Best is trial 97 with value: 1.999208901839337.
[I 2025-03-11 21:32:27,693] Trial 182 finished with value: 2.0001766026366954 and parameters: {'learning_rate': 0.012619960457445912, 'depth': 10, 'l2_leaf_reg': 2.9411935711180117, 'min_child_samples': 4}. Best is trial 97 with value: 1.999208901839337.
[I 2025-03-11 21:32:29,830] Trial 183 finished with value: 2.0052900221650893 and parameters: {'learning_rate': 0.012534912824276222, 'depth': 10, 'l2_leaf_reg': 2.9133345180584684, 'min_child_samples': 4}. Best is trial 97 with value: 1.999208901839337.
[I 2025-03-11 21:32:32,271] Trial 184 finished with value: 2.000206325050049 and parameters: {'learning_rate': 0.012141564033174432, 'depth': 10, 'l2_leaf_reg': 2.9471985364683073, 'min_child_samples': 4}. Best is trial 97 with value: 1.999208901839337.
[I 2025-03-11 21:32:34,406] Trial 185 finished with value: 2.0069670034727203 and parameters: {'learning_rate': 0.012210726612334239, 'depth': 10, 'l2_leaf_reg': 2.940270365351104, 'min_child_samples': 4}. Best is trial 97 with value: 1.999208901839337.
[I 2025-03-11 21:32:36,798] Trial 186 finished with value: 2.0027921691469395 and parameters: {'learning_rate': 0.012698408733233751, 'depth': 10, 'l2_leaf_reg': 2.8507346658722517, 'min_child_samples': 4}. Best is trial 97 with value: 1.999208901839337.
[I 2025-03-11 21:32:39,018] Trial 187 finished with value: 2.0016030554523327 and parameters: {'learning_rate': 0.011673432676579542, 'depth': 10, 'l2_leaf_reg': 2.978807704470372, 'min_child_samples': 4}. Best is trial 97 with value: 1.999208901839337.
[I 2025-03-11 21:32:40,886] Trial 188 finished with value: 2.004655566199518 and parameters: {'learning_rate': 0.012040276296998774, 'depth': 9, 'l2_leaf_reg': 2.994600302107321, 'min_child_samples': 4}. Best is trial 97 with value: 1.999208901839337.
[I 2025-03-11 21:32:43,689] Trial 189 finished with value: 2.0030085396098527 and parameters: {'learning_rate': 0.013121142861348939, 'depth': 11, 'l2_leaf_reg': 2.9279010408056307, 'min_child_samples': 4}. Best is trial 97 with value: 1.999208901839337.
[I 2025-03-11 21:32:45,560] Trial 190 finished with value: 2.007130986236168 and parameters: {'learning_rate': 0.01384058969093062, 'depth': 10, 'l2_leaf_reg': 2.8801890158995027, 'min_child_samples': 4}. Best is trial 97 with value: 1.999208901839337.
[I 2025-03-11 21:32:47,700] Trial 191 finished with value: 2.0082541626985457 and parameters: {'learning_rate': 0.011664567369567357, 'depth': 10, 'l2_leaf_reg': 2.997390971422484, 'min_child_samples': 4}. Best is trial 97 with value: 1.999208901839337.
[I 2025-03-11 21:32:50,033] Trial 192 finished with value: 2.000690531469761 and parameters: {'learning_rate': 0.011586354382727355, 'depth': 10, 'l2_leaf_reg': 2.855305020813053, 'min_child_samples': 4}. Best is trial 97 with value: 1.999208901839337.
[I 2025-03-11 21:32:52,249] Trial 193 finished with value: 2.0069436138855052 and parameters: {'learning_rate': 0.012219063105438684, 'depth': 10, 'l2_leaf_reg': 2.82336714835102, 'min_child_samples': 4}. Best is trial 97 with value: 1.999208901839337.
[I 2025-03-11 21:32:54,993] Trial 194 finished with value: 2.0049954781408217 and parameters: {'learning_rate': 0.01270016268214129, 'depth': 11, 'l2_leaf_reg': 2.936844870279666, 'min_child_samples': 4}. Best is trial 97 with value: 1.999208901839337.
[I 2025-03-11 21:32:57,282] Trial 195 finished with value: 2.003942593113216 and parameters: {'learning_rate': 0.011686727444797127, 'depth': 10, 'l2_leaf_reg': 2.8719204894669548, 'min_child_samples': 4}. Best is trial 97 with value: 1.999208901839337.
[I 2025-03-11 21:32:59,309] Trial 196 finished with value: 2.004279945378066 and parameters: {'learning_rate': 0.012022966686973934, 'depth': 10, 'l2_leaf_reg': 2.8320579259333867, 'min_child_samples': 4}. Best is trial 97 with value: 1.999208901839337.
[I 2025-03-11 21:33:01,127] Trial 197 finished with value: 2.0115217479442036 and parameters: {'learning_rate': 0.012386179624640385, 'depth': 9, 'l2_leaf_reg': 2.9650981982695175, 'min_child_samples': 4}. Best is trial 97 with value: 1.999208901839337.
[I 2025-03-11 21:33:03,574] Trial 198 finished with value: 2.0064542929931357 and parameters: {'learning_rate': 0.012833238110106261, 'depth': 10, 'l2_leaf_reg': 2.7794574515011954, 'min_child_samples': 1}. Best is trial 97 with value: 1.999208901839337.
[I 2025-03-11 21:33:05,392] Trial 199 finished with value: 2.0049165428322406 and parameters: {'learning_rate': 0.013385203868574905, 'depth': 9, 'l2_leaf_reg': 2.8867179410587656, 'min_child_samples': 4}. Best is trial 97 with value: 1.999208901839337.
[I 2025-03-11 21:33:08,423] Trial 200 finished with value: 2.004107915009721 and parameters: {'learning_rate': 0.010887717022946537, 'depth': 11, 'l2_leaf_reg': 2.719922645403639, 'min_child_samples': 4}. Best is trial 97 with value: 1.999208901839337.
[I 2025-03-11 21:33:10,664] Trial 201 finished with value: 2.000326560311457 and parameters: {'learning_rate': 0.011444482351304883, 'depth': 10, 'l2_leaf_reg': 2.6622825965037924, 'min_child_samples': 4}. Best is trial 97 with value: 1.999208901839337.
[I 2025-03-11 21:33:12,802] Trial 202 finished with value: 2.0071888249751106 and parameters: {'learning_rate': 0.011588649261952829, 'depth': 10, 'l2_leaf_reg': 1.4484226597924779, 'min_child_samples': 4}. Best is trial 97 with value: 1.999208901839337.
[I 2025-03-11 21:33:14,952] Trial 203 finished with value: 2.003392064737849 and parameters: {'learning_rate': 0.011942725980679005, 'depth': 10, 'l2_leaf_reg': 2.6665237220950897, 'min_child_samples': 4}. Best is trial 97 with value: 1.999208901839337.
[I 2025-03-11 21:33:17,185] Trial 204 finished with value: 2.0042768168362817 and parameters: {'learning_rate': 0.011206616086980196, 'depth': 10, 'l2_leaf_reg': 2.8131096884337436, 'min_child_samples': 8}. Best is trial 97 with value: 1.999208901839337.
[I 2025-03-11 21:33:20,023] Trial 205 finished with value: 2.0015698632551455 and parameters: {'learning_rate': 0.012395161013845272, 'depth': 11, 'l2_leaf_reg': 2.9361953999737618, 'min_child_samples': 4}. Best is trial 97 with value: 1.999208901839337.
[I 2025-03-11 21:33:22,822] Trial 206 finished with value: 2.002110843634388 and parameters: {'learning_rate': 0.012453858400591059, 'depth': 11, 'l2_leaf_reg': 2.74008666574059, 'min_child_samples': 4}. Best is trial 97 with value: 1.999208901839337.
[I 2025-03-11 21:33:25,535] Trial 207 finished with value: 2.0061335649384984 and parameters: {'learning_rate': 0.012831738213482893, 'depth': 11, 'l2_leaf_reg': 2.853359231185487, 'min_child_samples': 4}. Best is trial 97 with value: 1.999208901839337.
[I 2025-03-11 21:33:28,350] Trial 208 finished with value: 2.00387706901909 and parameters: {'learning_rate': 0.012192385992627685, 'depth': 11, 'l2_leaf_reg': 1.3523460793886253, 'min_child_samples': 4}. Best is trial 97 with value: 1.999208901839337.
[I 2025-03-11 21:33:31,215] Trial 209 finished with value: 2.0018540858894704 and parameters: {'learning_rate': 0.012532085769490142, 'depth': 11, 'l2_leaf_reg': 0.711488585111291, 'min_child_samples': 4}. Best is trial 97 with value: 1.999208901839337.
[I 2025-03-11 21:33:33,253] Trial 210 finished with value: 2.0017887234900567 and parameters: {'learning_rate': 0.013536504449489443, 'depth': 10, 'l2_leaf_reg': 2.9067311813099526, 'min_child_samples': 4}. Best is trial 97 with value: 1.999208901839337.
[I 2025-03-11 21:33:35,516] Trial 211 finished with value: 2.003667355839002 and parameters: {'learning_rate': 0.011700401955407265, 'depth': 10, 'l2_leaf_reg': 2.9371418320860627, 'min_child_samples': 4}. Best is trial 97 with value: 1.999208901839337.
[I 2025-03-11 21:33:37,751] Trial 212 finished with value: 2.0007366547881493 and parameters: {'learning_rate': 0.011500765395649537, 'depth': 10, 'l2_leaf_reg': 2.992608384143784, 'min_child_samples': 4}. Best is trial 97 with value: 1.999208901839337.
[I 2025-03-11 21:33:40,187] Trial 213 finished with value: 2.005283865924169 and parameters: {'learning_rate': 0.011008447867570303, 'depth': 10, 'l2_leaf_reg': 2.789664484490136, 'min_child_samples': 4}. Best is trial 97 with value: 1.999208901839337.
[I 2025-03-11 21:33:42,439] Trial 214 finished with value: 1.9999267681146986 and parameters: {'learning_rate': 0.012061498775218046, 'depth': 10, 'l2_leaf_reg': 2.9999721397246755, 'min_child_samples': 4}. Best is trial 97 with value: 1.999208901839337.
[I 2025-03-11 21:33:44,878] Trial 215 finished with value: 1.9999933588513914 and parameters: {'learning_rate': 0.011410255825370962, 'depth': 10, 'l2_leaf_reg': 2.9995484217714585, 'min_child_samples': 4}. Best is trial 97 with value: 1.999208901839337.
[I 2025-03-11 21:33:47,421] Trial 216 finished with value: 2.002023348406206 and parameters: {'learning_rate': 0.010605398225360968, 'depth': 10, 'l2_leaf_reg': 2.883025034150704, 'min_child_samples': 4}. Best is trial 97 with value: 1.999208901839337.
[I 2025-03-11 21:33:49,212] Trial 217 finished with value: 2.004763221367372 and parameters: {'learning_rate': 0.011332438455285723, 'depth': 9, 'l2_leaf_reg': 2.9797713566040045, 'min_child_samples': 4}. Best is trial 97 with value: 1.999208901839337.
[I 2025-03-11 21:33:51,616] Trial 218 finished with value: 1.9990456430112074 and parameters: {'learning_rate': 0.012022978008417635, 'depth': 10, 'l2_leaf_reg': 2.98716772022015, 'min_child_samples': 4}. Best is trial 218 with value: 1.9990456430112074.
[I 2025-03-11 21:33:53,708] Trial 219 finished with value: 2.001292896382754 and parameters: {'learning_rate': 0.011871351382605366, 'depth': 9, 'l2_leaf_reg': 2.973144860017371, 'min_child_samples': 4}. Best is trial 218 with value: 1.9990456430112074.
[I 2025-03-11 21:33:56,184] Trial 220 finished with value: 2.0011726547301896 and parameters: {'learning_rate': 0.011424906714077249, 'depth': 10, 'l2_leaf_reg': 2.920622175150063, 'min_child_samples': 4}. Best is trial 218 with value: 1.9990456430112074.
[I 2025-03-11 21:33:58,257] Trial 221 finished with value: 2.0041234785351993 and parameters: {'learning_rate': 0.011335226092197628, 'depth': 10, 'l2_leaf_reg': 2.9047358437104362, 'min_child_samples': 4}. Best is trial 218 with value: 1.9990456430112074.
[I 2025-03-11 21:34:00,355] Trial 222 finished with value: 2.009324496816488 and parameters: {'learning_rate': 0.012008819037882933, 'depth': 10, 'l2_leaf_reg': 2.9260715577220235, 'min_child_samples': 4}. Best is trial 218 with value: 1.9990456430112074.
[I 2025-03-11 21:34:02,853] Trial 223 finished with value: 2.0040698453587424 and parameters: {'learning_rate': 0.010869950855588652, 'depth': 10, 'l2_leaf_reg': 2.9827740107124043, 'min_child_samples': 4}. Best is trial 218 with value: 1.9990456430112074.
[I 2025-03-11 21:34:05,370] Trial 224 finished with value: 2.0008285085469715 and parameters: {'learning_rate': 0.01145986846493584, 'depth': 10, 'l2_leaf_reg': 2.8453843073183385, 'min_child_samples': 4}. Best is trial 218 with value: 1.9990456430112074.
[I 2025-03-11 21:34:07,770] Trial 225 finished with value: 2.0023958252066563 and parameters: {'learning_rate': 0.011457037242052335, 'depth': 10, 'l2_leaf_reg': 2.8450096505418343, 'min_child_samples': 4}. Best is trial 218 with value: 1.9990456430112074.
[I 2025-03-11 21:34:09,877] Trial 226 finished with value: 2.0088928315625605 and parameters: {'learning_rate': 0.010954251599347533, 'depth': 10, 'l2_leaf_reg': 2.907086577225656, 'min_child_samples': 4}. Best is trial 218 with value: 1.9990456430112074.
[I 2025-03-11 21:34:11,988] Trial 227 finished with value: 2.001397378407101 and parameters: {'learning_rate': 0.010341496959473104, 'depth': 9, 'l2_leaf_reg': 2.8749052959045236, 'min_child_samples': 4}. Best is trial 218 with value: 1.9990456430112074.
[I 2025-03-11 21:34:14,166] Trial 228 finished with value: 2.0041287096624214 and parameters: {'learning_rate': 0.011651944318816684, 'depth': 10, 'l2_leaf_reg': 2.9752424963147055, 'min_child_samples': 4}. Best is trial 218 with value: 1.9990456430112074.
[I 2025-03-11 21:34:16,432] Trial 229 finished with value: 2.0032956648917426 and parameters: {'learning_rate': 0.011183605057427933, 'depth': 10, 'l2_leaf_reg': 2.993499324400617, 'min_child_samples': 4}. Best is trial 218 with value: 1.9990456430112074.
[I 2025-03-11 21:34:18,821] Trial 230 finished with value: 2.004011419798909 and parameters: {'learning_rate': 0.011941980247524176, 'depth': 10, 'l2_leaf_reg': 2.8320026980626944, 'min_child_samples': 16}. Best is trial 218 with value: 1.9990456430112074.
[I 2025-03-11 21:34:20,791] Trial 231 finished with value: 2.008759822356822 and parameters: {'learning_rate': 0.012073168329051632, 'depth': 10, 'l2_leaf_reg': 1.6419910258315942, 'min_child_samples': 4}. Best is trial 218 with value: 1.9990456430112074.
[I 2025-03-11 21:34:22,986] Trial 232 finished with value: 2.0073307680403953 and parameters: {'learning_rate': 0.011538461434817746, 'depth': 10, 'l2_leaf_reg': 2.790193689282472, 'min_child_samples': 4}. Best is trial 218 with value: 1.9990456430112074.
[I 2025-03-11 21:34:25,161] Trial 233 finished with value: 2.0041144313442016 and parameters: {'learning_rate': 0.01213984647583557, 'depth': 10, 'l2_leaf_reg': 2.9996508727897093, 'min_child_samples': 4}. Best is trial 218 with value: 1.9990456430112074.
[I 2025-03-11 21:34:27,159] Trial 234 finished with value: 2.008612268409445 and parameters: {'learning_rate': 0.012574436770603067, 'depth': 10, 'l2_leaf_reg': 2.715213747943978, 'min_child_samples': 4}. Best is trial 218 with value: 1.9990456430112074.
[I 2025-03-11 21:34:29,381] Trial 235 finished with value: 2.003361354660908 and parameters: {'learning_rate': 0.012921251092055278, 'depth': 10, 'l2_leaf_reg': 2.9111230317190437, 'min_child_samples': 4}. Best is trial 218 with value: 1.9990456430112074.
[I 2025-03-11 21:34:31,293] Trial 236 finished with value: 2.005341819589119 and parameters: {'learning_rate': 0.01189618844842381, 'depth': 9, 'l2_leaf_reg': 2.8297015436623876, 'min_child_samples': 4}. Best is trial 218 with value: 1.9990456430112074.
[I 2025-03-11 21:34:33,448] Trial 237 finished with value: 2.004901846023902 and parameters: {'learning_rate': 0.011520939152659407, 'depth': 10, 'l2_leaf_reg': 2.7622619813824225, 'min_child_samples': 4}. Best is trial 218 with value: 1.9990456430112074.
[I 2025-03-11 21:34:35,373] Trial 238 finished with value: 2.0075180699190573 and parameters: {'learning_rate': 0.012423396631989877, 'depth': 9, 'l2_leaf_reg': 2.924214955594186, 'min_child_samples': 4}. Best is trial 218 with value: 1.9990456430112074.
[I 2025-03-11 21:34:37,719] Trial 239 finished with value: 2.0043613084791283 and parameters: {'learning_rate': 0.011086670269587632, 'depth': 10, 'l2_leaf_reg': 2.8627795580592705, 'min_child_samples': 16}. Best is trial 218 with value: 1.9990456430112074.
[I 2025-03-11 21:34:39,704] Trial 240 finished with value: 2.0043178600841762 and parameters: {'learning_rate': 0.010641955680759317, 'depth': 10, 'l2_leaf_reg': 2.6706447715342585, 'min_child_samples': 4}. Best is trial 218 with value: 1.9990456430112074.
[I 2025-03-11 21:34:54,948] Trial 241 finished with value: 2.023050830535811 and parameters: {'learning_rate': 0.011906468686445805, 'depth': 15, 'l2_leaf_reg': 2.9442193400514305, 'min_child_samples': 4}. Best is trial 218 with value: 1.9990456430112074.
[I 2025-03-11 21:34:56,519] Trial 242 finished with value: 2.0036474457099525 and parameters: {'learning_rate': 0.011856067311891778, 'depth': 9, 'l2_leaf_reg': 2.9956322755079476, 'min_child_samples': 4}. Best is trial 218 with value: 1.9990456430112074.
[I 2025-03-11 21:34:58,705] Trial 243 finished with value: 2.004805568133399 and parameters: {'learning_rate': 0.011342515830002042, 'depth': 9, 'l2_leaf_reg': 2.9400652000109426, 'min_child_samples': 4}. Best is trial 218 with value: 1.9990456430112074.
[I 2025-03-11 21:35:00,748] Trial 244 finished with value: 2.0058221480604077 and parameters: {'learning_rate': 0.012274194622876947, 'depth': 10, 'l2_leaf_reg': 2.8620857316208506, 'min_child_samples': 4}. Best is trial 218 with value: 1.9990456430112074.
[I 2025-03-11 21:35:03,460] Trial 245 finished with value: 2.000942859410299 and parameters: {'learning_rate': 0.011794005958167254, 'depth': 10, 'l2_leaf_reg': 2.8154954398811443, 'min_child_samples': 4}. Best is trial 218 with value: 1.9990456430112074.
[I 2025-03-11 21:35:05,657] Trial 246 finished with value: 2.003378516138843 and parameters: {'learning_rate': 0.011508086176968321, 'depth': 10, 'l2_leaf_reg': 2.714499724548417, 'min_child_samples': 4}. Best is trial 218 with value: 1.9990456430112074.
[I 2025-03-11 21:35:07,645] Trial 247 finished with value: 2.007689337676515 and parameters: {'learning_rate': 0.012255250627072622, 'depth': 10, 'l2_leaf_reg': 2.7845700661651964, 'min_child_samples': 1}. Best is trial 218 with value: 1.9990456430112074.
[I 2025-03-11 21:35:09,758] Trial 248 finished with value: 2.0086465472888064 and parameters: {'learning_rate': 0.012793278593346252, 'depth': 10, 'l2_leaf_reg': 2.831411645329996, 'min_child_samples': 8}. Best is trial 218 with value: 1.9990456430112074.
[I 2025-03-11 21:35:11,692] Trial 249 finished with value: 2.0082811229554736 and parameters: {'learning_rate': 0.0110786224119948, 'depth': 10, 'l2_leaf_reg': 2.771432747894931, 'min_child_samples': 4}. Best is trial 218 with value: 1.9990456430112074.
[I 2025-03-11 21:35:14,094] Trial 250 finished with value: 2.010138805898634 and parameters: {'learning_rate': 0.013061978741340616, 'depth': 10, 'l2_leaf_reg': 2.8944615526199833, 'min_child_samples': 4}. Best is trial 218 with value: 1.9990456430112074.
[I 2025-03-11 21:35:16,366] Trial 251 finished with value: 2.0001274309474963 and parameters: {'learning_rate': 0.011594802840880313, 'depth': 10, 'l2_leaf_reg': 2.818165394226796, 'min_child_samples': 16}. Best is trial 218 with value: 1.9990456430112074.
[I 2025-03-11 21:35:18,569] Trial 252 finished with value: 2.001575074242932 and parameters: {'learning_rate': 0.01157935284588391, 'depth': 10, 'l2_leaf_reg': 2.830859355669171, 'min_child_samples': 16}. Best is trial 218 with value: 1.9990456430112074.
[I 2025-03-11 21:35:20,999] Trial 253 finished with value: 2.0000433227615524 and parameters: {'learning_rate': 0.011326626689498218, 'depth': 10, 'l2_leaf_reg': 2.8948413537718256, 'min_child_samples': 16}. Best is trial 218 with value: 1.9990456430112074.
[I 2025-03-11 21:35:23,875] Trial 254 finished with value: 2.00983485791402 and parameters: {'learning_rate': 0.01113636321032684, 'depth': 11, 'l2_leaf_reg': 2.922272041103927, 'min_child_samples': 16}. Best is trial 218 with value: 1.9990456430112074.
[I 2025-03-11 21:35:25,846] Trial 255 finished with value: 2.005831999792034 and parameters: {'learning_rate': 0.011554216833315244, 'depth': 10, 'l2_leaf_reg': 2.877038508695492, 'min_child_samples': 16}. Best is trial 218 with value: 1.9990456430112074.
[I 2025-03-11 21:35:28,256] Trial 256 finished with value: 2.0067124832524907 and parameters: {'learning_rate': 0.010627239012618715, 'depth': 10, 'l2_leaf_reg': 2.919548126436014, 'min_child_samples': 16}. Best is trial 218 with value: 1.9990456430112074.
[I 2025-03-11 21:35:30,894] Trial 257 finished with value: 2.006068460346846 and parameters: {'learning_rate': 0.01090263969053683, 'depth': 11, 'l2_leaf_reg': 2.9459896945366655, 'min_child_samples': 16}. Best is trial 218 with value: 1.9990456430112074.
[I 2025-03-11 21:35:33,438] Trial 258 finished with value: 2.00051622113232 and parameters: {'learning_rate': 0.011953066451573818, 'depth': 10, 'l2_leaf_reg': 0.39103070934549766, 'min_child_samples': 4}. Best is trial 218 with value: 1.9990456430112074.
[I 2025-03-11 21:35:35,143] Trial 259 finished with value: 2.005774522198764 and parameters: {'learning_rate': 0.012445467776838708, 'depth': 9, 'l2_leaf_reg': 0.3692336239757372, 'min_child_samples': 4}. Best is trial 218 with value: 1.9990456430112074.
[I 2025-03-11 21:35:37,631] Trial 260 finished with value: 2.002990266329635 and parameters: {'learning_rate': 0.0120271629562803, 'depth': 10, 'l2_leaf_reg': 0.2324002898959008, 'min_child_samples': 16}. Best is trial 218 with value: 1.9990456430112074.
[I 2025-03-11 21:35:39,869] Trial 261 finished with value: 2.001712234465476 and parameters: {'learning_rate': 0.01261969988383439, 'depth': 10, 'l2_leaf_reg': 0.4500088983310758, 'min_child_samples': 4}. Best is trial 218 with value: 1.9990456430112074.
[I 2025-03-11 21:35:42,613] Trial 262 finished with value: 2.006612723823585 and parameters: {'learning_rate': 0.011826366940974279, 'depth': 11, 'l2_leaf_reg': 0.6245486924554111, 'min_child_samples': 4}. Best is trial 218 with value: 1.9990456430112074.
[I 2025-03-11 21:35:44,602] Trial 263 finished with value: 2.008622229837288 and parameters: {'learning_rate': 0.013099534893029442, 'depth': 9, 'l2_leaf_reg': 0.5220260295136296, 'min_child_samples': 4}. Best is trial 218 with value: 1.9990456430112074.
