[I 2025-03-11 22:42:50,751] Trial 197 finished with value: 0.4701929886118332 and parameters: {'learning_rate': 0.019617369381418007, 'depth': 8, 'l2_leaf_reg': 2.3973237491021298, 'min_child_samples': 8}. Best is trial 179 with value: 0.4657063662265271.
[I 2025-03-11 22:42:53,060] Trial 198 finished with value: 0.47437973670095085 and parameters: {'learning_rate': 0.019997823107208247, 'depth': 7, 'l2_leaf_reg': 0.3343771749562964, 'min_child_samples': 1}. Best is trial 179 with value: 0.4657063662265271.
[I 2025-03-11 22:42:55,983] Trial 199 finished with value: 0.4698770269864404 and parameters: {'learning_rate': 0.019221047336397772, 'depth': 9, 'l2_leaf_reg': 2.242200111042561, 'min_child_samples': 8}. Best is trial 179 with value: 0.4657063662265271.
[I 2025-03-11 22:42:58,571] Trial 200 finished with value: 0.4683990393076806 and parameters: {'learning_rate': 0.01999130589260419, 'depth': 8, 'l2_leaf_reg': 2.361171440089111, 'min_child_samples': 8}. Best is trial 179 with value: 0.4657063662265271.
[I 2025-03-11 22:43:02,309] Trial 201 finished with value: 0.46836240820242314 and parameters: {'learning_rate': 0.019564786996002052, 'depth': 10, 'l2_leaf_reg': 2.661996180357949, 'min_child_samples': 8}. Best is trial 179 with value: 0.4657063662265271.
[I 2025-03-11 22:43:05,845] Trial 202 finished with value: 0.471317790912496 and parameters: {'learning_rate': 0.018968343281664968, 'depth': 10, 'l2_leaf_reg': 0.17692937725039132, 'min_child_samples': 8}. Best is trial 179 with value: 0.4657063662265271.
[I 2025-03-11 22:43:09,565] Trial 203 finished with value: 0.47004892674897497 and parameters: {'learning_rate': 0.019305900873647586, 'depth': 10, 'l2_leaf_reg': 0.2801148544099969, 'min_child_samples': 8}. Best is trial 179 with value: 0.4657063662265271.
[I 2025-03-11 22:43:12,405] Trial 204 finished with value: 0.4668830091306348 and parameters: {'learning_rate': 0.018691315983155012, 'depth': 9, 'l2_leaf_reg': 0.11905103212400134, 'min_child_samples': 8}. Best is trial 179 with value: 0.4657063662265271.
[I 2025-03-11 22:43:15,455] Trial 205 finished with value: 0.4677990156482731 and parameters: {'learning_rate': 0.018711479424903282, 'depth': 9, 'l2_leaf_reg': 0.210798824607675, 'min_child_samples': 8}. Best is trial 179 with value: 0.4657063662265271.
[I 2025-03-11 22:43:18,426] Trial 206 finished with value: 0.4678368605403509 and parameters: {'learning_rate': 0.019628989494016116, 'depth': 9, 'l2_leaf_reg': 0.3413538107190092, 'min_child_samples': 8}. Best is trial 179 with value: 0.4657063662265271.
[I 2025-03-11 22:43:21,457] Trial 207 finished with value: 0.47045829646616427 and parameters: {'learning_rate': 0.019212556502922737, 'depth': 9, 'l2_leaf_reg': 2.137839416250522, 'min_child_samples': 32}. Best is trial 179 with value: 0.4657063662265271.
[I 2025-03-11 22:43:24,228] Trial 208 finished with value: 0.46760854095963694 and parameters: {'learning_rate': 0.019984226109934212, 'depth': 9, 'l2_leaf_reg': 0.12694844560582932, 'min_child_samples': 4}. Best is trial 179 with value: 0.4657063662265271.
[I 2025-03-11 22:43:26,943] Trial 209 finished with value: 0.4702027506086458 and parameters: {'learning_rate': 0.018779834414512725, 'depth': 8, 'l2_leaf_reg': 0.2609957978933767, 'min_child_samples': 1}. Best is trial 179 with value: 0.4657063662265271.
[I 2025-03-11 22:43:29,753] Trial 210 finished with value: 0.4698776997743033 and parameters: {'learning_rate': 0.019610493044444885, 'depth': 9, 'l2_leaf_reg': 0.3967920445858383, 'min_child_samples': 8}. Best is trial 179 with value: 0.4657063662265271.
[I 2025-03-11 22:43:33,317] Trial 211 finished with value: 0.47033873862439274 and parameters: {'learning_rate': 0.018469693908071183, 'depth': 10, 'l2_leaf_reg': 0.1143455404712081, 'min_child_samples': 8}. Best is trial 179 with value: 0.4657063662265271.
[I 2025-03-11 22:43:36,463] Trial 212 finished with value: 0.467100657699726 and parameters: {'learning_rate': 0.019244184553512164, 'depth': 9, 'l2_leaf_reg': 0.0360723636480525, 'min_child_samples': 8}. Best is trial 179 with value: 0.4657063662265271.
[I 2025-03-11 22:43:39,467] Trial 213 finished with value: 0.46876755738969506 and parameters: {'learning_rate': 0.01923775689634972, 'depth': 9, 'l2_leaf_reg': 2.3371273782881103, 'min_child_samples': 8}. Best is trial 179 with value: 0.4657063662265271.
[I 2025-03-11 22:43:42,289] Trial 214 finished with value: 0.46735426956372783 and parameters: {'learning_rate': 0.019581685667491525, 'depth': 9, 'l2_leaf_reg': 0.17359065229809342, 'min_child_samples': 8}. Best is trial 179 with value: 0.4657063662265271.
[I 2025-03-11 22:43:44,727] Trial 215 finished with value: 0.4686222471215362 and parameters: {'learning_rate': 0.019057835276738638, 'depth': 8, 'l2_leaf_reg': 0.23974333815507637, 'min_child_samples': 8}. Best is trial 179 with value: 0.4657063662265271.
[I 2025-03-11 22:43:47,763] Trial 216 finished with value: 0.46836521932986813 and parameters: {'learning_rate': 0.01997346693314248, 'depth': 9, 'l2_leaf_reg': 0.10318580714542683, 'min_child_samples': 8}. Best is trial 179 with value: 0.4657063662265271.
[I 2025-03-11 22:43:50,892] Trial 217 finished with value: 0.4673569396843194 and parameters: {'learning_rate': 0.019420965100053016, 'depth': 9, 'l2_leaf_reg': 0.3055864700105406, 'min_child_samples': 8}. Best is trial 179 with value: 0.4657063662265271.
[I 2025-03-11 22:43:53,472] Trial 218 finished with value: 0.4688247524925942 and parameters: {'learning_rate': 0.018839785710184437, 'depth': 8, 'l2_leaf_reg': 0.4539264288697591, 'min_child_samples': 8}. Best is trial 179 with value: 0.4657063662265271.
[I 2025-03-11 22:43:56,689] Trial 219 finished with value: 0.46931575615626686 and parameters: {'learning_rate': 0.019655391777289838, 'depth': 9, 'l2_leaf_reg': 0.16539099895517712, 'min_child_samples': 1}. Best is trial 179 with value: 0.4657063662265271.
[I 2025-03-11 22:44:00,196] Trial 220 finished with value: 0.46933452423214417 and parameters: {'learning_rate': 0.018566476483587575, 'depth': 10, 'l2_leaf_reg': 1.0762969828878424, 'min_child_samples': 8}. Best is trial 179 with value: 0.4657063662265271.
[I 2025-03-11 22:44:03,753] Trial 221 finished with value: 0.4676409013225997 and parameters: {'learning_rate': 0.017874416654879773, 'depth': 10, 'l2_leaf_reg': 0.0386484854243743, 'min_child_samples': 8}. Best is trial 179 with value: 0.4657063662265271.
[I 2025-03-11 22:44:07,409] Trial 222 finished with value: 0.465287712236672 and parameters: {'learning_rate': 0.019985978995085953, 'depth': 10, 'l2_leaf_reg': 0.038923570324439716, 'min_child_samples': 8}. Best is trial 222 with value: 0.465287712236672.
[I 2025-03-11 22:44:10,395] Trial 223 finished with value: 0.46943260634582573 and parameters: {'learning_rate': 0.019660469625489903, 'depth': 9, 'l2_leaf_reg': 0.004557121596600211, 'min_child_samples': 8}. Best is trial 222 with value: 0.465287712236672.
[I 2025-03-11 22:44:13,670] Trial 224 finished with value: 0.46623323584752885 and parameters: {'learning_rate': 0.0192116836179457, 'depth': 9, 'l2_leaf_reg': 0.07389842411342373, 'min_child_samples': 8}. Best is trial 222 with value: 0.465287712236672.
[I 2025-03-11 22:44:16,470] Trial 225 finished with value: 0.468865545805117 and parameters: {'learning_rate': 0.019189265331530356, 'depth': 9, 'l2_leaf_reg': 0.06448642139724141, 'min_child_samples': 8}. Best is trial 222 with value: 0.465287712236672.
[I 2025-03-11 22:44:19,306] Trial 226 finished with value: 0.4686616536562071 and parameters: {'learning_rate': 0.01923786367385736, 'depth': 9, 'l2_leaf_reg': 0.08313905367502614, 'min_child_samples': 8}. Best is trial 222 with value: 0.465287712236672.
[I 2025-03-11 22:44:22,490] Trial 227 finished with value: 0.4676320264817272 and parameters: {'learning_rate': 0.019716345266900328, 'depth': 9, 'l2_leaf_reg': 0.12962347849595043, 'min_child_samples': 8}. Best is trial 222 with value: 0.465287712236672.
[I 2025-03-11 22:44:24,937] Trial 228 finished with value: 0.4678453080544598 and parameters: {'learning_rate': 0.019966425965702986, 'depth': 8, 'l2_leaf_reg': 2.4896019484736303, 'min_child_samples': 8}. Best is trial 222 with value: 0.465287712236672.
[I 2025-03-11 22:44:27,570] Trial 229 finished with value: 0.4680109233069261 and parameters: {'learning_rate': 0.01999455568925691, 'depth': 8, 'l2_leaf_reg': 0.1823491796936731, 'min_child_samples': 1}. Best is trial 222 with value: 0.465287712236672.
[I 2025-03-11 22:44:30,441] Trial 230 finished with value: 0.4740038686457465 and parameters: {'learning_rate': 0.01270837013992766, 'depth': 9, 'l2_leaf_reg': 0.08921512452028946, 'min_child_samples': 8}. Best is trial 222 with value: 0.465287712236672.
[I 2025-03-11 22:44:33,906] Trial 231 finished with value: 0.4692590565412834 and parameters: {'learning_rate': 0.0193771002033732, 'depth': 10, 'l2_leaf_reg': 0.22551462992142024, 'min_child_samples': 8}. Best is trial 222 with value: 0.465287712236672.
[I 2025-03-11 22:44:36,779] Trial 232 finished with value: 0.4669809905706125 and parameters: {'learning_rate': 0.01897517034691965, 'depth': 9, 'l2_leaf_reg': 0.27567848248258975, 'min_child_samples': 8}. Best is trial 222 with value: 0.465287712236672.
[I 2025-03-11 22:44:39,626] Trial 233 finished with value: 0.46936578222132264 and parameters: {'learning_rate': 0.018853331911463697, 'depth': 9, 'l2_leaf_reg': 0.002246023494601637, 'min_child_samples': 8}. Best is trial 222 with value: 0.465287712236672.
[I 2025-03-11 22:44:42,540] Trial 234 finished with value: 0.4669441914540123 and parameters: {'learning_rate': 0.018962923609494628, 'depth': 9, 'l2_leaf_reg': 0.3612366254414785, 'min_child_samples': 8}. Best is trial 222 with value: 0.465287712236672.
[I 2025-03-11 22:44:45,546] Trial 235 finished with value: 0.4663253333322742 and parameters: {'learning_rate': 0.01899574221956359, 'depth': 9, 'l2_leaf_reg': 0.9521183159448566, 'min_child_samples': 8}. Best is trial 222 with value: 0.465287712236672.
[I 2025-03-11 22:44:48,580] Trial 236 finished with value: 0.46875910382735686 and parameters: {'learning_rate': 0.018262445477847764, 'depth': 9, 'l2_leaf_reg': 1.007601108179623, 'min_child_samples': 8}. Best is trial 222 with value: 0.465287712236672.
[I 2025-03-11 22:44:51,437] Trial 237 finished with value: 0.46855667883539603 and parameters: {'learning_rate': 0.01900695213122827, 'depth': 9, 'l2_leaf_reg': 0.9550268095219893, 'min_child_samples': 8}. Best is trial 222 with value: 0.465287712236672.
[I 2025-03-11 22:45:47,708] Trial 238 finished with value: 0.5680609235679352 and parameters: {'learning_rate': 0.01841645964083745, 'depth': 16, 'l2_leaf_reg': 0.8703536258478266, 'min_child_samples': 8}. Best is trial 222 with value: 0.465287712236672.
[I 2025-03-11 22:45:49,991] Trial 239 finished with value: 0.46915631154599136 and parameters: {'learning_rate': 0.019384158211529414, 'depth': 8, 'l2_leaf_reg': 0.8995961279936071, 'min_child_samples': 8}. Best is trial 222 with value: 0.465287712236672.
[I 2025-03-11 22:45:53,151] Trial 240 finished with value: 0.480380301857917 and parameters: {'learning_rate': 0.010337219769533553, 'depth': 9, 'l2_leaf_reg': 1.0590393542614285, 'min_child_samples': 8}. Best is trial 222 with value: 0.465287712236672.
[I 2025-03-11 22:45:56,199] Trial 241 finished with value: 0.4674831852313399 and parameters: {'learning_rate': 0.01999580268506208, 'depth': 9, 'l2_leaf_reg': 0.28999085482755366, 'min_child_samples': 8}. Best is trial 222 with value: 0.465287712236672.
[I 2025-03-11 22:45:59,259] Trial 242 finished with value: 0.47083149578766803 and parameters: {'learning_rate': 0.019553405146013583, 'depth': 9, 'l2_leaf_reg': 1.1288059302158626, 'min_child_samples': 8}. Best is trial 222 with value: 0.465287712236672.
[I 2025-03-11 22:46:02,613] Trial 243 finished with value: 0.4682572518334672 and parameters: {'learning_rate': 0.018991486745650106, 'depth': 9, 'l2_leaf_reg': 0.1368173737834604, 'min_child_samples': 8}. Best is trial 222 with value: 0.465287712236672.
[I 2025-03-11 22:46:05,567] Trial 244 finished with value: 0.4687855412386411 and parameters: {'learning_rate': 0.019423273371689646, 'depth': 9, 'l2_leaf_reg': 0.768371930644384, 'min_child_samples': 8}. Best is trial 222 with value: 0.465287712236672.
[I 2025-03-11 22:46:08,250] Trial 245 finished with value: 0.4701708649404716 and parameters: {'learning_rate': 0.019626105472768097, 'depth': 8, 'l2_leaf_reg': 0.21906075334734376, 'min_child_samples': 1}. Best is trial 222 with value: 0.465287712236672.
[I 2025-03-11 22:46:11,130] Trial 246 finished with value: 0.46813729931904347 and parameters: {'learning_rate': 0.018968604165864947, 'depth': 9, 'l2_leaf_reg': 0.36038684904639323, 'min_child_samples': 8}. Best is trial 222 with value: 0.465287712236672.
[I 2025-03-11 22:46:14,663] Trial 247 finished with value: 0.4703409789810913 and parameters: {'learning_rate': 0.018676557998686404, 'depth': 10, 'l2_leaf_reg': 0.2996778879474282, 'min_child_samples': 8}. Best is trial 222 with value: 0.465287712236672.
[I 2025-03-11 22:46:17,434] Trial 248 finished with value: 0.4669879942627489 and parameters: {'learning_rate': 0.019984531413838175, 'depth': 9, 'l2_leaf_reg': 0.19353103924733012, 'min_child_samples': 4}. Best is trial 222 with value: 0.465287712236672.
[I 2025-03-11 22:46:20,526] Trial 249 finished with value: 0.46718391552341043 and parameters: {'learning_rate': 0.019290405923576052, 'depth': 9, 'l2_leaf_reg': 0.1418660438439973, 'min_child_samples': 1}. Best is trial 222 with value: 0.465287712236672.
[I 2025-03-11 22:46:23,065] Trial 250 finished with value: 0.8763500302109203 and parameters: {'learning_rate': 0.0019528766990017446, 'depth': 8, 'l2_leaf_reg': 2.302759501042716, 'min_child_samples': 4}. Best is trial 222 with value: 0.465287712236672.
[I 2025-03-11 22:46:26,012] Trial 251 finished with value: 0.46637942132309645 and parameters: {'learning_rate': 0.01999997223192622, 'depth': 9, 'l2_leaf_reg': 0.08424559817488267, 'min_child_samples': 4}. Best is trial 222 with value: 0.465287712236672.
[I 2025-03-11 22:46:29,094] Trial 252 finished with value: 0.4670005583514244 and parameters: {'learning_rate': 0.01959098475912357, 'depth': 9, 'l2_leaf_reg': 0.05006338498620298, 'min_child_samples': 4}. Best is trial 222 with value: 0.465287712236672.
[I 2025-03-11 22:46:32,688] Trial 253 finished with value: 0.4678511959245823 and parameters: {'learning_rate': 0.019692875161296326, 'depth': 10, 'l2_leaf_reg': 0.07833846805081679, 'min_child_samples': 4}. Best is trial 222 with value: 0.465287712236672.
[I 2025-03-11 22:46:35,549] Trial 254 finished with value: 0.47012272757317464 and parameters: {'learning_rate': 0.019639466555584503, 'depth': 9, 'l2_leaf_reg': 2.416178393317555, 'min_child_samples': 4}. Best is trial 222 with value: 0.465287712236672.
[I 2025-03-11 22:46:38,236] Trial 255 finished with value: 0.46957738734110926 and parameters: {'learning_rate': 0.018899165989308162, 'depth': 8, 'l2_leaf_reg': 0.146856198620796, 'min_child_samples': 4}. Best is trial 222 with value: 0.465287712236672.
[I 2025-03-11 22:46:41,756] Trial 256 finished with value: 0.4696429725201455 and parameters: {'learning_rate': 0.01844468168699392, 'depth': 10, 'l2_leaf_reg': 0.21012372399877563, 'min_child_samples': 4}. Best is trial 222 with value: 0.465287712236672.
[I 2025-03-11 22:46:44,814] Trial 257 finished with value: 0.46868020796664006 and parameters: {'learning_rate': 0.019276318019708864, 'depth': 9, 'l2_leaf_reg': 0.0741841754037762, 'min_child_samples': 4}. Best is trial 222 with value: 0.465287712236672.
[I 2025-03-11 22:46:47,836] Trial 258 finished with value: 0.46772981828469884 and parameters: {'learning_rate': 0.01996468182965523, 'depth': 9, 'l2_leaf_reg': 0.20300499284045465, 'min_child_samples': 4}. Best is trial 222 with value: 0.465287712236672.
[I 2025-03-11 22:46:50,321] Trial 259 finished with value: 0.4683736358173352 and parameters: {'learning_rate': 0.019590641491804263, 'depth': 8, 'l2_leaf_reg': 2.5582970455615146, 'min_child_samples': 4}. Best is trial 222 with value: 0.465287712236672.
[I 2025-03-11 22:46:53,970] Trial 260 finished with value: 0.46878940322187634 and parameters: {'learning_rate': 0.019136628175454785, 'depth': 10, 'l2_leaf_reg': 0.12067796517508, 'min_child_samples': 4}. Best is trial 222 with value: 0.465287712236672.
[I 2025-03-11 22:46:56,971] Trial 261 finished with value: 0.46956413854077195 and parameters: {'learning_rate': 0.019662294446481408, 'depth': 9, 'l2_leaf_reg': 0.3345893444263405, 'min_child_samples': 4}. Best is trial 222 with value: 0.465287712236672.
[I 2025-03-11 22:46:59,984] Trial 262 finished with value: 0.46754558747304265 and parameters: {'learning_rate': 0.018626641100935776, 'depth': 9, 'l2_leaf_reg': 0.9483130958098897, 'min_child_samples': 4}. Best is trial 222 with value: 0.465287712236672.
[I 2025-03-11 22:47:02,616] Trial 263 finished with value: 0.4702416117009101 and parameters: {'learning_rate': 0.018088398414449116, 'depth': 8, 'l2_leaf_reg': 0.25425750776929235, 'min_child_samples': 4}. Best is trial 222 with value: 0.465287712236672.
[I 2025-03-11 22:47:05,753] Trial 264 finished with value: 0.49276709770152455 and parameters: {'learning_rate': 0.008134312357493607, 'depth': 9, 'l2_leaf_reg': 2.2352149775989356, 'min_child_samples': 32}. Best is trial 222 with value: 0.465287712236672.
[I 2025-03-11 22:47:09,350] Trial 265 finished with value: 0.4696066668339638 and parameters: {'learning_rate': 0.019312154914313588, 'depth': 10, 'l2_leaf_reg': 0.1633894842254132, 'min_child_samples': 4}. Best is trial 222 with value: 0.465287712236672.
[I 2025-03-11 22:47:12,045] Trial 266 finished with value: 0.46920650188141083 and parameters: {'learning_rate': 0.019961578166528045, 'depth': 8, 'l2_leaf_reg': 0.0888746260747311, 'min_child_samples': 1}. Best is trial 222 with value: 0.465287712236672.
[I 2025-03-11 22:47:14,882] Trial 267 finished with value: 0.46910142877482386 and parameters: {'learning_rate': 0.01908648996271962, 'depth': 9, 'l2_leaf_reg': 0.03907404308878212, 'min_child_samples': 4}. Best is trial 222 with value: 0.465287712236672.
[I 2025-03-11 22:47:17,732] Trial 268 finished with value: 0.4687699910282772 and parameters: {'learning_rate': 0.019571384511389355, 'depth': 9, 'l2_leaf_reg': 0.29046142379191303, 'min_child_samples': 1}. Best is trial 222 with value: 0.465287712236672.
[I 2025-03-11 22:47:21,224] Trial 269 finished with value: 0.4707857931000306 and parameters: {'learning_rate': 0.01876399483834024, 'depth': 10, 'l2_leaf_reg': 0.17892043284160103, 'min_child_samples': 8}. Best is trial 222 with value: 0.465287712236672.
[I 2025-03-11 22:47:24,197] Trial 270 finished with value: 0.4683388919214801 and parameters: {'learning_rate': 0.019967041839827466, 'depth': 9, 'l2_leaf_reg': 1.0067277715529994, 'min_child_samples': 4}. Best is trial 222 with value: 0.465287712236672.
[I 2025-03-11 22:47:26,943] Trial 271 finished with value: 0.5123019408716876 and parameters: {'learning_rate': 0.006437046832499545, 'depth': 9, 'l2_leaf_reg': 0.38634276417302305, 'min_child_samples': 8}. Best is trial 222 with value: 0.465287712236672.
[I 2025-03-11 22:47:31,612] Trial 272 finished with value: 0.4712708331309668 and parameters: {'learning_rate': 0.0194509139438003, 'depth': 11, 'l2_leaf_reg': 0.2605519594251138, 'min_child_samples': 8}. Best is trial 222 with value: 0.465287712236672.
[I 2025-03-11 22:47:34,290] Trial 273 finished with value: 0.47481809770788497 and parameters: {'learning_rate': 0.014852327822311873, 'depth': 8, 'l2_leaf_reg': 2.171710556275749, 'min_child_samples': 32}. Best is trial 222 with value: 0.465287712236672.
[I 2025-03-11 22:47:38,102] Trial 274 finished with value: 0.4699760625013541 and parameters: {'learning_rate': 0.01825541538045243, 'depth': 10, 'l2_leaf_reg': 0.12221007466344441, 'min_child_samples': 1}. Best is trial 222 with value: 0.465287712236672.
[I 2025-03-11 22:47:39,793] Trial 275 finished with value: 0.5219623949795553 and parameters: {'learning_rate': 0.01902227140751555, 'depth': 4, 'l2_leaf_reg': 0.014932930032803132, 'min_child_samples': 8}. Best is trial 222 with value: 0.465287712236672.
[I 2025-03-11 22:47:42,584] Trial 276 finished with value: 1.4788547292442218 and parameters: {'learning_rate': 0.00027010219180437917, 'depth': 9, 'l2_leaf_reg': 0.19273768022900217, 'min_child_samples': 8}. Best is trial 222 with value: 0.465287712236672.
[I 2025-03-11 22:47:45,489] Trial 277 finished with value: 0.47027340156520114 and parameters: {'learning_rate': 0.019621568137447958, 'depth': 9, 'l2_leaf_reg': 0.08109949735078754, 'min_child_samples': 8}. Best is trial 222 with value: 0.465287712236672.
[I 2025-03-11 22:47:48,203] Trial 278 finished with value: 0.4696220078054031 and parameters: {'learning_rate': 0.017795296928903154, 'depth': 8, 'l2_leaf_reg': 0.35605066092009807, 'min_child_samples': 8}. Best is trial 222 with value: 0.465287712236672.
[I 2025-03-11 22:47:51,229] Trial 279 finished with value: 0.4692953665113252 and parameters: {'learning_rate': 0.018597042892376132, 'depth': 9, 'l2_leaf_reg': 0.47301375827146835, 'min_child_samples': 8}. Best is trial 222 with value: 0.465287712236672.
[I 2025-03-11 22:47:54,685] Trial 280 finished with value: 0.4686649190809164 and parameters: {'learning_rate': 0.019210620630453194, 'depth': 10, 'l2_leaf_reg': 0.2680111408584989, 'min_child_samples': 1}. Best is trial 222 with value: 0.465287712236672.
[I 2025-03-11 22:47:57,057] Trial 281 finished with value: 0.47497855539655487 and parameters: {'learning_rate': 0.01965838162245334, 'depth': 7, 'l2_leaf_reg': 0.6910088286604017, 'min_child_samples': 4}. Best is trial 222 with value: 0.465287712236672.
