[I 2025-03-11 22:53:06,701] Trial 367 finished with value: 0.4737358061339432 and parameters: {'learning_rate': 0.019312113378646304, 'depth': 11, 'l2_leaf_reg': 0.05579795497707815, 'min_child_samples': 8}. Best is trial 363 with value: 0.46525790242738824.
[I 2025-03-11 22:53:10,324] Trial 368 finished with value: 0.4678312419998517 and parameters: {'learning_rate': 0.019675686500511453, 'depth': 10, 'l2_leaf_reg': 0.17585121451150076, 'min_child_samples': 8}. Best is trial 363 with value: 0.46525790242738824.
[I 2025-03-11 22:53:13,687] Trial 369 finished with value: 0.4673581606410325 and parameters: {'learning_rate': 0.01997998280646514, 'depth': 10, 'l2_leaf_reg': 0.12396924655360883, 'min_child_samples': 4}. Best is trial 363 with value: 0.46525790242738824.
[I 2025-03-11 22:53:17,360] Trial 370 finished with value: 0.46684380312673235 and parameters: {'learning_rate': 0.01997404712419772, 'depth': 10, 'l2_leaf_reg': 0.24096578974211436, 'min_child_samples': 8}. Best is trial 363 with value: 0.46525790242738824.
[I 2025-03-11 22:53:21,088] Trial 371 finished with value: 0.4689110653212048 and parameters: {'learning_rate': 0.019312409467845792, 'depth': 10, 'l2_leaf_reg': 0.06274274960238324, 'min_child_samples': 32}. Best is trial 363 with value: 0.46525790242738824.
[I 2025-03-11 22:53:24,603] Trial 372 finished with value: 0.4682241911015873 and parameters: {'learning_rate': 0.019978248754602433, 'depth': 10, 'l2_leaf_reg': 0.0015789867132775734, 'min_child_samples': 8}. Best is trial 363 with value: 0.46525790242738824.
[I 2025-03-11 22:53:28,334] Trial 373 finished with value: 0.4675324131902462 and parameters: {'learning_rate': 0.01962416750696212, 'depth': 10, 'l2_leaf_reg': 0.30160438095957587, 'min_child_samples': 8}. Best is trial 363 with value: 0.46525790242738824.
[I 2025-03-11 22:53:32,994] Trial 374 finished with value: 0.4752338890910845 and parameters: {'learning_rate': 0.019262111089909783, 'depth': 11, 'l2_leaf_reg': 0.16840165105330449, 'min_child_samples': 8}. Best is trial 363 with value: 0.46525790242738824.
[I 2025-03-11 22:53:36,766] Trial 375 finished with value: 0.46610424487148755 and parameters: {'learning_rate': 0.019594772638862473, 'depth': 10, 'l2_leaf_reg': 0.10988938538027555, 'min_child_samples': 4}. Best is trial 363 with value: 0.46525790242738824.
[I 2025-03-11 22:53:41,103] Trial 376 finished with value: 0.4732831486207784 and parameters: {'learning_rate': 0.019210536047167957, 'depth': 11, 'l2_leaf_reg': 0.09813925932934559, 'min_child_samples': 4}. Best is trial 363 with value: 0.46525790242738824.
[I 2025-03-11 22:53:44,667] Trial 377 finished with value: 0.46729244270253795 and parameters: {'learning_rate': 0.01962641787164309, 'depth': 10, 'l2_leaf_reg': 0.04911979842546362, 'min_child_samples': 4}. Best is trial 363 with value: 0.46525790242738824.
[I 2025-03-11 22:53:48,448] Trial 378 finished with value: 0.46578972769744126 and parameters: {'learning_rate': 0.019991198741660762, 'depth': 10, 'l2_leaf_reg': 0.14224087259004992, 'min_child_samples': 4}. Best is trial 363 with value: 0.46525790242738824.
[I 2025-03-11 22:53:52,063] Trial 379 finished with value: 0.4691764654094652 and parameters: {'learning_rate': 0.019222239348911957, 'depth': 10, 'l2_leaf_reg': 0.11981939206328528, 'min_child_samples': 4}. Best is trial 363 with value: 0.46525790242738824.
[I 2025-03-11 22:53:55,806] Trial 380 finished with value: 0.46872726741406295 and parameters: {'learning_rate': 0.019656944476128077, 'depth': 10, 'l2_leaf_reg': 0.18697875257294716, 'min_child_samples': 4}. Best is trial 363 with value: 0.46525790242738824.
[I 2025-03-11 22:53:59,332] Trial 381 finished with value: 0.46606335239343366 and parameters: {'learning_rate': 0.019997984857203558, 'depth': 10, 'l2_leaf_reg': 0.11824502350775021, 'min_child_samples': 4}. Best is trial 363 with value: 0.46525790242738824.
[I 2025-03-11 22:54:03,894] Trial 382 finished with value: 0.4731813208485145 and parameters: {'learning_rate': 0.019629520641405326, 'depth': 11, 'l2_leaf_reg': 0.06152333346997349, 'min_child_samples': 4}. Best is trial 363 with value: 0.46525790242738824.
[I 2025-03-11 22:54:07,689] Trial 383 finished with value: 0.4671411936453878 and parameters: {'learning_rate': 0.019977914297026392, 'depth': 10, 'l2_leaf_reg': 0.12597485135386757, 'min_child_samples': 4}. Best is trial 363 with value: 0.46525790242738824.
[I 2025-03-11 22:54:11,045] Trial 384 finished with value: 0.470342140340433 and parameters: {'learning_rate': 0.019370573741553213, 'depth': 10, 'l2_leaf_reg': 0.0007338731940271098, 'min_child_samples': 4}. Best is trial 363 with value: 0.46525790242738824.
[I 2025-03-11 22:54:14,917] Trial 385 finished with value: 0.46660700913494885 and parameters: {'learning_rate': 0.01999753016929516, 'depth': 10, 'l2_leaf_reg': 0.10416112309952463, 'min_child_samples': 4}. Best is trial 363 with value: 0.46525790242738824.
[I 2025-03-11 22:54:19,259] Trial 386 finished with value: 0.4749295045429832 and parameters: {'learning_rate': 0.014237295173928789, 'depth': 11, 'l2_leaf_reg': 0.06053256791400208, 'min_child_samples': 4}. Best is trial 363 with value: 0.46525790242738824.
[I 2025-03-11 22:54:22,957] Trial 387 finished with value: 0.46657804800645136 and parameters: {'learning_rate': 0.019958636724853544, 'depth': 10, 'l2_leaf_reg': 0.16357646216481073, 'min_child_samples': 4}. Best is trial 363 with value: 0.46525790242738824.
[I 2025-03-11 22:54:27,070] Trial 388 finished with value: 0.47347389718292193 and parameters: {'learning_rate': 0.019991053311503058, 'depth': 11, 'l2_leaf_reg': 0.21698271255669693, 'min_child_samples': 4}. Best is trial 363 with value: 0.46525790242738824.
[I 2025-03-11 22:54:30,841] Trial 389 finished with value: 0.4686267678947932 and parameters: {'learning_rate': 0.019149687651587217, 'depth': 10, 'l2_leaf_reg': 0.17218498580476455, 'min_child_samples': 4}. Best is trial 363 with value: 0.46525790242738824.
[I 2025-03-11 22:54:34,173] Trial 390 finished with value: 0.46844314492603123 and parameters: {'learning_rate': 0.019533190264053233, 'depth': 10, 'l2_leaf_reg': 0.0797102527374513, 'min_child_samples': 4}. Best is trial 363 with value: 0.46525790242738824.
[I 2025-03-11 22:54:37,721] Trial 391 finished with value: 0.4670960503852633 and parameters: {'learning_rate': 0.01964120876437449, 'depth': 10, 'l2_leaf_reg': 0.16345919612190626, 'min_child_samples': 4}. Best is trial 363 with value: 0.46525790242738824.
[I 2025-03-11 22:54:41,312] Trial 392 finished with value: 0.46557569251999337 and parameters: {'learning_rate': 0.0199911651929973, 'depth': 10, 'l2_leaf_reg': 0.05656421781682173, 'min_child_samples': 4}. Best is trial 363 with value: 0.46525790242738824.
[I 2025-03-11 22:54:45,750] Trial 393 finished with value: 0.47412905217437395 and parameters: {'learning_rate': 0.019639316342183917, 'depth': 11, 'l2_leaf_reg': 0.04419645326933029, 'min_child_samples': 4}. Best is trial 363 with value: 0.46525790242738824.
[I 2025-03-11 22:54:49,426] Trial 394 finished with value: 0.46635702915469757 and parameters: {'learning_rate': 0.019648463966074774, 'depth': 10, 'l2_leaf_reg': 0.004163825969700274, 'min_child_samples': 4}. Best is trial 363 with value: 0.46525790242738824.
[I 2025-03-11 22:54:53,037] Trial 395 finished with value: 0.46723028133477057 and parameters: {'learning_rate': 0.019980552174216033, 'depth': 10, 'l2_leaf_reg': 0.0036922242936262306, 'min_child_samples': 4}. Best is trial 363 with value: 0.46525790242738824.
[I 2025-03-11 22:54:56,750] Trial 396 finished with value: 0.4688774260148294 and parameters: {'learning_rate': 0.019230914416397273, 'depth': 10, 'l2_leaf_reg': 0.0010246966258515011, 'min_child_samples': 4}. Best is trial 363 with value: 0.46525790242738824.
[I 2025-03-11 22:55:01,099] Trial 397 finished with value: 0.47620915387283086 and parameters: {'learning_rate': 0.019350937985324203, 'depth': 11, 'l2_leaf_reg': 0.07888852435190186, 'min_child_samples': 4}. Best is trial 363 with value: 0.46525790242738824.
[I 2025-03-11 22:55:04,667] Trial 398 finished with value: 0.46627455977538323 and parameters: {'learning_rate': 0.019982259879134132, 'depth': 10, 'l2_leaf_reg': 0.051796306084323215, 'min_child_samples': 4}. Best is trial 363 with value: 0.46525790242738824.
[I 2025-03-11 22:55:08,269] Trial 399 finished with value: 0.470202122985438 and parameters: {'learning_rate': 0.019056898191146043, 'depth': 10, 'l2_leaf_reg': 0.05841713890389105, 'min_child_samples': 4}. Best is trial 363 with value: 0.46525790242738824.
[I 2025-03-11 22:55:11,902] Trial 400 finished with value: 0.4694049439470599 and parameters: {'learning_rate': 0.01956826658608266, 'depth': 10, 'l2_leaf_reg': 0.04352592129106676, 'min_child_samples': 4}. Best is trial 363 with value: 0.46525790242738824.
[I 2025-03-11 22:55:15,492] Trial 401 finished with value: 0.4639666759872042 and parameters: {'learning_rate': 0.019987518237501674, 'depth': 10, 'l2_leaf_reg': 0.08639509108418775, 'min_child_samples': 4}. Best is trial 401 with value: 0.4639666759872042.
[I 2025-03-11 22:55:19,135] Trial 402 finished with value: 0.4848796802982503 and parameters: {'learning_rate': 0.00861495201264636, 'depth': 10, 'l2_leaf_reg': 0.0053223682485542545, 'min_child_samples': 4}. Best is trial 401 with value: 0.4639666759872042.
[I 2025-03-11 22:55:23,462] Trial 403 finished with value: 0.4947065202579305 and parameters: {'learning_rate': 0.0071671222954472315, 'depth': 11, 'l2_leaf_reg': 0.08962956017016044, 'min_child_samples': 4}. Best is trial 401 with value: 0.4639666759872042.
[I 2025-03-11 22:55:27,090] Trial 404 finished with value: 0.46724985201344993 and parameters: {'learning_rate': 0.019581030359688854, 'depth': 10, 'l2_leaf_reg': 0.07455222706022382, 'min_child_samples': 4}. Best is trial 401 with value: 0.4639666759872042.
[I 2025-03-11 22:55:30,723] Trial 405 finished with value: 0.4661055044490983 and parameters: {'learning_rate': 0.019991791503017282, 'depth': 10, 'l2_leaf_reg': 0.09997578126079461, 'min_child_samples': 4}. Best is trial 401 with value: 0.4639666759872042.
[I 2025-03-11 22:55:34,144] Trial 406 finished with value: 0.46764220339150664 and parameters: {'learning_rate': 0.019998467267289512, 'depth': 10, 'l2_leaf_reg': 0.0420076722098104, 'min_child_samples': 4}. Best is trial 401 with value: 0.4639666759872042.
[I 2025-03-11 22:55:38,733] Trial 407 finished with value: 0.4750063249095862 and parameters: {'learning_rate': 0.01907408276824754, 'depth': 11, 'l2_leaf_reg': 0.117317030326347, 'min_child_samples': 4}. Best is trial 401 with value: 0.4639666759872042.
[I 2025-03-11 22:55:42,134] Trial 408 finished with value: 0.5362706792417282 and parameters: {'learning_rate': 0.005085765923578282, 'depth': 10, 'l2_leaf_reg': 0.002570996620501788, 'min_child_samples': 4}. Best is trial 401 with value: 0.4639666759872042.
[I 2025-03-11 22:55:45,691] Trial 409 finished with value: 0.46932742359303353 and parameters: {'learning_rate': 0.019999895169647675, 'depth': 10, 'l2_leaf_reg': 0.11714711276216014, 'min_child_samples': 4}. Best is trial 401 with value: 0.4639666759872042.
[I 2025-03-11 22:55:49,140] Trial 410 finished with value: 0.474433797766328 and parameters: {'learning_rate': 0.012098910733788958, 'depth': 10, 'l2_leaf_reg': 0.06898619617459181, 'min_child_samples': 4}. Best is trial 401 with value: 0.4639666759872042.
[I 2025-03-11 22:55:52,675] Trial 411 finished with value: 0.4690102319289395 and parameters: {'learning_rate': 0.019401939595742424, 'depth': 10, 'l2_leaf_reg': 0.16912997065506982, 'min_child_samples': 4}. Best is trial 401 with value: 0.4639666759872042.
[I 2025-03-11 22:55:57,062] Trial 412 finished with value: 0.4735139723234417 and parameters: {'learning_rate': 0.019592830438869835, 'depth': 11, 'l2_leaf_reg': 0.0002795627228059372, 'min_child_samples': 4}. Best is trial 401 with value: 0.4639666759872042.
[I 2025-03-11 22:56:00,835] Trial 413 finished with value: 0.4683144496265105 and parameters: {'learning_rate': 0.018996556517845656, 'depth': 10, 'l2_leaf_reg': 0.10078707045446916, 'min_child_samples': 4}. Best is trial 401 with value: 0.4639666759872042.
[I 2025-03-11 22:56:04,397] Trial 414 finished with value: 0.46888637120205 and parameters: {'learning_rate': 0.019350877587001485, 'depth': 10, 'l2_leaf_reg': 0.208378180420776, 'min_child_samples': 4}. Best is trial 401 with value: 0.4639666759872042.
[I 2025-03-11 22:56:08,796] Trial 415 finished with value: 0.4748968901336463 and parameters: {'learning_rate': 0.01960066209869374, 'depth': 11, 'l2_leaf_reg': 0.15131647537142942, 'min_child_samples': 4}. Best is trial 401 with value: 0.4639666759872042.
[I 2025-03-11 22:56:12,419] Trial 416 finished with value: 0.4680894622383364 and parameters: {'learning_rate': 0.019993493366317616, 'depth': 10, 'l2_leaf_reg': 0.07879914378490938, 'min_child_samples': 4}. Best is trial 401 with value: 0.4639666759872042.
[I 2025-03-11 22:56:16,160] Trial 417 finished with value: 0.4696681667332145 and parameters: {'learning_rate': 0.01920535669860729, 'depth': 10, 'l2_leaf_reg': 0.2514812471800856, 'min_child_samples': 4}. Best is trial 401 with value: 0.4639666759872042.
[I 2025-03-11 22:56:19,734] Trial 418 finished with value: 0.46685178611968897 and parameters: {'learning_rate': 0.019573560221927674, 'depth': 10, 'l2_leaf_reg': 0.0447251317723165, 'min_child_samples': 4}. Best is trial 401 with value: 0.4639666759872042.
[I 2025-03-11 22:56:24,342] Trial 419 finished with value: 0.47446648563131233 and parameters: {'learning_rate': 0.01893651294638496, 'depth': 11, 'l2_leaf_reg': 0.14161194534762087, 'min_child_samples': 4}. Best is trial 401 with value: 0.4639666759872042.
[I 2025-03-11 22:56:27,851] Trial 420 finished with value: 0.4664453501370286 and parameters: {'learning_rate': 0.019984172850909136, 'depth': 10, 'l2_leaf_reg': 0.19732536654288674, 'min_child_samples': 4}. Best is trial 401 with value: 0.4639666759872042.
[I 2025-03-11 22:56:31,455] Trial 421 finished with value: 0.46758593766918677 and parameters: {'learning_rate': 0.019647876461457048, 'depth': 10, 'l2_leaf_reg': 0.21495376914024134, 'min_child_samples': 4}. Best is trial 401 with value: 0.4639666759872042.
[I 2025-03-11 22:56:35,005] Trial 422 finished with value: 0.4701174719448106 and parameters: {'learning_rate': 0.01930623702777879, 'depth': 10, 'l2_leaf_reg': 0.2889418342040386, 'min_child_samples': 4}. Best is trial 401 with value: 0.4639666759872042.
[I 2025-03-11 22:56:39,849] Trial 423 finished with value: 0.4737242768912444 and parameters: {'learning_rate': 0.01963440244497941, 'depth': 11, 'l2_leaf_reg': 0.19711645459828195, 'min_child_samples': 4}. Best is trial 401 with value: 0.4639666759872042.
[I 2025-03-11 22:56:45,676] Trial 424 finished with value: 0.4758180957835352 and parameters: {'learning_rate': 0.019993670224583957, 'depth': 12, 'l2_leaf_reg': 0.0509805520319687, 'min_child_samples': 4}. Best is trial 401 with value: 0.4639666759872042.
[I 2025-03-11 22:56:49,170] Trial 425 finished with value: 0.47003555456079743 and parameters: {'learning_rate': 0.01895725944477657, 'depth': 10, 'l2_leaf_reg': 0.12067550919303466, 'min_child_samples': 4}. Best is trial 401 with value: 0.4639666759872042.
[I 2025-03-11 22:56:52,822] Trial 426 finished with value: 0.46918227958018943 and parameters: {'learning_rate': 0.019382044664505025, 'depth': 10, 'l2_leaf_reg': 0.2562420885996817, 'min_child_samples': 4}. Best is trial 401 with value: 0.4639666759872042.
[I 2025-03-11 22:56:56,505] Trial 427 finished with value: 0.46713526832241165 and parameters: {'learning_rate': 0.019988929492047745, 'depth': 10, 'l2_leaf_reg': 0.18352018398785774, 'min_child_samples': 4}. Best is trial 401 with value: 0.4639666759872042.
[I 2025-03-11 22:57:00,033] Trial 428 finished with value: 0.4678112730780629 and parameters: {'learning_rate': 0.019618266884999153, 'depth': 10, 'l2_leaf_reg': 0.10446687265001312, 'min_child_samples': 32}. Best is trial 401 with value: 0.4639666759872042.
[I 2025-03-11 22:57:04,764] Trial 429 finished with value: 0.47573747414108364 and parameters: {'learning_rate': 0.019107199912990744, 'depth': 11, 'l2_leaf_reg': 0.061307548657239454, 'min_child_samples': 4}. Best is trial 401 with value: 0.4639666759872042.
[I 2025-03-11 22:57:08,468] Trial 430 finished with value: 0.46777147626530297 and parameters: {'learning_rate': 0.019636098546981416, 'depth': 10, 'l2_leaf_reg': 0.18364074336805725, 'min_child_samples': 4}. Best is trial 401 with value: 0.4639666759872042.
[I 2025-03-11 22:57:11,991] Trial 431 finished with value: 0.4660504000967917 and parameters: {'learning_rate': 0.019999423653202123, 'depth': 10, 'l2_leaf_reg': 0.25614229843817254, 'min_child_samples': 4}. Best is trial 401 with value: 0.4639666759872042.
[I 2025-03-11 22:57:15,647] Trial 432 finished with value: 0.4686821825401268 and parameters: {'learning_rate': 0.01873268837940152, 'depth': 10, 'l2_leaf_reg': 0.31760793111905083, 'min_child_samples': 4}. Best is trial 401 with value: 0.4639666759872042.
[I 2025-03-11 22:57:20,342] Trial 433 finished with value: 0.4739901538609598 and parameters: {'learning_rate': 0.019251586788332074, 'depth': 11, 'l2_leaf_reg': 0.26390451981511776, 'min_child_samples': 4}. Best is trial 401 with value: 0.4639666759872042.
[I 2025-03-11 22:57:24,001] Trial 434 finished with value: 0.46714353732940284 and parameters: {'learning_rate': 0.01963630831641292, 'depth': 10, 'l2_leaf_reg': 0.004645724065938363, 'min_child_samples': 4}. Best is trial 401 with value: 0.4639666759872042.
[I 2025-03-11 22:57:27,144] Trial 435 finished with value: 0.8936976837569524 and parameters: {'learning_rate': 0.0017513172984132373, 'depth': 10, 'l2_leaf_reg': 0.23742916844813752, 'min_child_samples': 4}. Best is trial 401 with value: 0.4639666759872042.
[I 2025-03-11 22:57:30,702] Trial 436 finished with value: 0.46932199250197143 and parameters: {'learning_rate': 0.019387355408398442, 'depth': 10, 'l2_leaf_reg': 0.6594446363485049, 'min_child_samples': 4}. Best is trial 401 with value: 0.4639666759872042.
[I 2025-03-11 22:57:39,705] Trial 437 finished with value: 0.48761090918194966 and parameters: {'learning_rate': 0.019994860026007307, 'depth': 13, 'l2_leaf_reg': 0.10173459611824748, 'min_child_samples': 4}. Best is trial 401 with value: 0.4639666759872042.
[I 2025-03-11 22:57:43,194] Trial 438 finished with value: 0.47003453391760214 and parameters: {'learning_rate': 0.018871558569725267, 'depth': 10, 'l2_leaf_reg': 0.2914186943783543, 'min_child_samples': 32}. Best is trial 401 with value: 0.4639666759872042.
[I 2025-03-11 22:57:46,718] Trial 439 finished with value: 0.46610498277471046 and parameters: {'learning_rate': 0.019992878172541893, 'depth': 10, 'l2_leaf_reg': 0.040349488464580086, 'min_child_samples': 4}. Best is trial 401 with value: 0.4639666759872042.
[I 2025-03-11 22:57:50,363] Trial 440 finished with value: 0.46764238223472676 and parameters: {'learning_rate': 0.019998999364290605, 'depth': 10, 'l2_leaf_reg': 0.035363259865922966, 'min_child_samples': 4}. Best is trial 401 with value: 0.4639666759872042.
[I 2025-03-11 22:57:54,837] Trial 441 finished with value: 0.4752443343961952 and parameters: {'learning_rate': 0.019266589413083113, 'depth': 11, 'l2_leaf_reg': 0.044072816165525, 'min_child_samples': 4}. Best is trial 401 with value: 0.4639666759872042.
[I 2025-03-11 22:57:58,421] Trial 442 finished with value: 0.46843931848848525 and parameters: {'learning_rate': 0.019650651228953046, 'depth': 10, 'l2_leaf_reg': 0.3413983438644014, 'min_child_samples': 4}. Best is trial 401 with value: 0.4639666759872042.
[I 2025-03-11 22:58:02,011] Trial 443 finished with value: 0.4661866541584345 and parameters: {'learning_rate': 0.019598521126032338, 'depth': 10, 'l2_leaf_reg': 0.11473483523520618, 'min_child_samples': 4}. Best is trial 401 with value: 0.4639666759872042.
[I 2025-03-11 22:58:05,455] Trial 444 finished with value: 0.47146578991176435 and parameters: {'learning_rate': 0.018824452052681625, 'depth': 10, 'l2_leaf_reg': 0.0011184437543052704, 'min_child_samples': 4}. Best is trial 401 with value: 0.4639666759872042.
[I 2025-03-11 22:58:10,016] Trial 445 finished with value: 0.47390506865975024 and parameters: {'learning_rate': 0.019259566171307016, 'depth': 11, 'l2_leaf_reg': 0.09550710501356562, 'min_child_samples': 4}. Best is trial 401 with value: 0.4639666759872042.
[I 2025-03-11 22:58:13,593] Trial 446 finished with value: 0.4681585184445901 and parameters: {'learning_rate': 0.01956902235320482, 'depth': 10, 'l2_leaf_reg': 0.1265372174689064, 'min_child_samples': 4}. Best is trial 401 with value: 0.4639666759872042.
[I 2025-03-11 22:58:17,271] Trial 447 finished with value: 0.47071655762108466 and parameters: {'learning_rate': 0.01904424208753829, 'depth': 10, 'l2_leaf_reg': 0.0680468883035238, 'min_child_samples': 4}. Best is trial 401 with value: 0.4639666759872042.
[I 2025-03-11 22:58:21,443] Trial 448 finished with value: 0.473633272585218 and parameters: {'learning_rate': 0.019542274829779053, 'depth': 11, 'l2_leaf_reg': 0.1406098445270896, 'min_child_samples': 4}. Best is trial 401 with value: 0.4639666759872042.
[I 2025-03-11 22:58:36,489] Trial 449 finished with value: 0.5139977673582783 and parameters: {'learning_rate': 0.019276567642737028, 'depth': 14, 'l2_leaf_reg': 0.7597588364212094, 'min_child_samples': 4}. Best is trial 401 with value: 0.4639666759872042.
[I 2025-03-11 22:58:39,805] Trial 450 finished with value: 0.4710892452838595 and parameters: {'learning_rate': 0.01876306718066358, 'depth': 10, 'l2_leaf_reg': 0.05694805398060941, 'min_child_samples': 4}. Best is trial 401 with value: 0.4639666759872042.
[I 2025-03-11 22:58:43,517] Trial 451 finished with value: 0.4685611290883946 and parameters: {'learning_rate': 0.019484580865929153, 'depth': 10, 'l2_leaf_reg': 0.15705089079529638, 'min_child_samples': 1}. Best is trial 401 with value: 0.4639666759872042.
