[I 2025-03-11 21:39:11,286] Trial 349 finished with value: 2.00535220915341 and parameters: {'learning_rate': 0.013062698295348079, 'depth': 11, 'l2_leaf_reg': 2.946500545013019, 'min_child_samples': 1}. Best is trial 218 with value: 1.9990456430112074.
[I 2025-03-11 21:39:13,909] Trial 350 finished with value: 2.007141452191541 and parameters: {'learning_rate': 0.013467293601750875, 'depth': 11, 'l2_leaf_reg': 2.9769021743885276, 'min_child_samples': 32}. Best is trial 218 with value: 1.9990456430112074.
[I 2025-03-11 21:39:16,648] Trial 351 finished with value: 2.0038255707397186 and parameters: {'learning_rate': 0.012474588629459086, 'depth': 11, 'l2_leaf_reg': 0.062395273518178, 'min_child_samples': 16}. Best is trial 218 with value: 1.9990456430112074.
[I 2025-03-11 21:39:20,222] Trial 352 finished with value: 2.0112225283562277 and parameters: {'learning_rate': 0.012742948341534449, 'depth': 12, 'l2_leaf_reg': 0.985633156473544, 'min_child_samples': 4}. Best is trial 218 with value: 1.9990456430112074.
[I 2025-03-11 21:39:22,838] Trial 353 finished with value: 2.0031091592634103 and parameters: {'learning_rate': 0.012418826664576487, 'depth': 11, 'l2_leaf_reg': 2.0500240936873557, 'min_child_samples': 8}. Best is trial 218 with value: 1.9990456430112074.
[I 2025-03-11 21:39:25,588] Trial 354 finished with value: 2.00513495276632 and parameters: {'learning_rate': 0.012144504068696039, 'depth': 11, 'l2_leaf_reg': 0.5088224304463181, 'min_child_samples': 16}. Best is trial 218 with value: 1.9990456430112074.
[I 2025-03-11 21:39:27,756] Trial 355 finished with value: 2.005017053084385 and parameters: {'learning_rate': 0.012878941878121677, 'depth': 10, 'l2_leaf_reg': 2.999759702853302, 'min_child_samples': 4}. Best is trial 218 with value: 1.9990456430112074.
[I 2025-03-11 21:39:29,776] Trial 356 finished with value: 2.0041602640443092 and parameters: {'learning_rate': 0.013261123255467062, 'depth': 10, 'l2_leaf_reg': 2.916408489438052, 'min_child_samples': 4}. Best is trial 218 with value: 1.9990456430112074.
[I 2025-03-11 21:39:31,503] Trial 357 finished with value: 2.007011865904529 and parameters: {'learning_rate': 0.01214872475309109, 'depth': 9, 'l2_leaf_reg': 2.4958658733093806, 'min_child_samples': 16}. Best is trial 218 with value: 1.9990456430112074.
[I 2025-03-11 21:39:33,023] Trial 358 finished with value: 2.00740186740954 and parameters: {'learning_rate': 0.01174433532285881, 'depth': 7, 'l2_leaf_reg': 0.13127598481785427, 'min_child_samples': 4}. Best is trial 218 with value: 1.9990456430112074.
[I 2025-03-11 21:39:35,509] Trial 359 finished with value: 2.0047164062642677 and parameters: {'learning_rate': 0.011051125684381644, 'depth': 10, 'l2_leaf_reg': 2.9436303004922078, 'min_child_samples': 32}. Best is trial 218 with value: 1.9990456430112074.
[I 2025-03-11 21:39:37,960] Trial 360 finished with value: 2.007715148671056 and parameters: {'learning_rate': 0.01266767085448376, 'depth': 11, 'l2_leaf_reg': 2.9930934357546217, 'min_child_samples': 16}. Best is trial 218 with value: 1.9990456430112074.
[I 2025-03-11 21:39:40,196] Trial 361 finished with value: 2.0089328830122133 and parameters: {'learning_rate': 0.012359325150145296, 'depth': 10, 'l2_leaf_reg': 0.2437889116735263, 'min_child_samples': 4}. Best is trial 218 with value: 1.9990456430112074.
[I 2025-03-11 21:39:42,398] Trial 362 finished with value: 2.0066131505854186 and parameters: {'learning_rate': 0.01139438745053272, 'depth': 10, 'l2_leaf_reg': 0.8642288946026919, 'min_child_samples': 4}. Best is trial 218 with value: 1.9990456430112074.
[I 2025-03-11 21:39:44,278] Trial 363 finished with value: 2.0082394103750825 and parameters: {'learning_rate': 0.01371352989671836, 'depth': 9, 'l2_leaf_reg': 2.873585946984007, 'min_child_samples': 16}. Best is trial 218 with value: 1.9990456430112074.
[I 2025-03-11 21:39:46,838] Trial 364 finished with value: 2.0052980150709705 and parameters: {'learning_rate': 0.011913324545508485, 'depth': 11, 'l2_leaf_reg': 1.0460370081518984, 'min_child_samples': 4}. Best is trial 218 with value: 1.9990456430112074.
[I 2025-03-11 21:39:49,129] Trial 365 finished with value: 2.004687037046731 and parameters: {'learning_rate': 0.010611966162256408, 'depth': 10, 'l2_leaf_reg': 1.8169591642037706, 'min_child_samples': 16}. Best is trial 218 with value: 1.9990456430112074.
[I 2025-03-11 21:39:51,738] Trial 366 finished with value: 2.007877351508472 and parameters: {'learning_rate': 0.011638043940475788, 'depth': 11, 'l2_leaf_reg': 2.9968775948536237, 'min_child_samples': 4}. Best is trial 218 with value: 1.9990456430112074.
[I 2025-03-11 21:39:53,660] Trial 367 finished with value: 2.006062690624025 and parameters: {'learning_rate': 0.012598520473396643, 'depth': 10, 'l2_leaf_reg': 2.7867519796887126, 'min_child_samples': 4}. Best is trial 218 with value: 1.9990456430112074.
[I 2025-03-11 21:39:55,710] Trial 368 finished with value: 2.0039008987668083 and parameters: {'learning_rate': 0.01114601351433413, 'depth': 9, 'l2_leaf_reg': 0.33691749061581794, 'min_child_samples': 16}. Best is trial 218 with value: 1.9990456430112074.
[I 2025-03-11 21:40:04,106] Trial 369 finished with value: 2.0244619852472163 and parameters: {'learning_rate': 0.011986997331873321, 'depth': 14, 'l2_leaf_reg': 2.907291786046637, 'min_child_samples': 32}. Best is trial 218 with value: 1.9990456430112074.
[I 2025-03-11 21:40:06,145] Trial 370 finished with value: 2.0047504102684583 and parameters: {'learning_rate': 0.012940974951103525, 'depth': 10, 'l2_leaf_reg': 2.825809499060386, 'min_child_samples': 4}. Best is trial 218 with value: 1.9990456430112074.
[I 2025-03-11 21:40:08,773] Trial 371 finished with value: 2.0080256664353633 and parameters: {'learning_rate': 0.007512707750987122, 'depth': 10, 'l2_leaf_reg': 2.9100892870571533, 'min_child_samples': 16}. Best is trial 218 with value: 1.9990456430112074.
[I 2025-03-11 21:40:10,409] Trial 372 finished with value: 2.010112872016687 and parameters: {'learning_rate': 0.012263993964432585, 'depth': 9, 'l2_leaf_reg': 0.07338262727326528, 'min_child_samples': 4}. Best is trial 218 with value: 1.9990456430112074.
[I 2025-03-11 21:40:12,918] Trial 373 finished with value: 1.9980172071194868 and parameters: {'learning_rate': 0.011577741417386121, 'depth': 10, 'l2_leaf_reg': 0.6571266870842968, 'min_child_samples': 4}. Best is trial 373 with value: 1.9980172071194868.
[I 2025-03-11 21:40:16,081] Trial 374 finished with value: 2.0074685710604085 and parameters: {'learning_rate': 0.01333254966746677, 'depth': 12, 'l2_leaf_reg': 0.7431845299238609, 'min_child_samples': 4}. Best is trial 373 with value: 1.9980172071194868.
[I 2025-03-11 21:40:18,616] Trial 375 finished with value: 2.002796077158485 and parameters: {'learning_rate': 0.012451659939716909, 'depth': 11, 'l2_leaf_reg': 0.17844234898285483, 'min_child_samples': 4}. Best is trial 373 with value: 1.9980172071194868.
[I 2025-03-11 21:40:20,676] Trial 376 finished with value: 2.008568018265287 and parameters: {'learning_rate': 0.01529078160497633, 'depth': 10, 'l2_leaf_reg': 0.2795094921243096, 'min_child_samples': 4}. Best is trial 373 with value: 1.9980172071194868.
[I 2025-03-11 21:40:23,182] Trial 377 finished with value: 2.0025124430528076 and parameters: {'learning_rate': 0.011626851409051593, 'depth': 10, 'l2_leaf_reg': 0.44762700024670454, 'min_child_samples': 4}. Best is trial 373 with value: 1.9980172071194868.
[I 2025-03-11 21:40:25,643] Trial 378 finished with value: 2.000197946550167 and parameters: {'learning_rate': 0.012131553392434472, 'depth': 10, 'l2_leaf_reg': 0.6129179692836165, 'min_child_samples': 4}. Best is trial 373 with value: 1.9980172071194868.
[I 2025-03-11 21:40:53,564] Trial 379 finished with value: 2.028492254585877 and parameters: {'learning_rate': 0.012795202474027491, 'depth': 16, 'l2_leaf_reg': 0.7183524864368299, 'min_child_samples': 4}. Best is trial 373 with value: 1.9980172071194868.
[I 2025-03-11 21:40:56,084] Trial 380 finished with value: 2.005038021170692 and parameters: {'learning_rate': 0.012112802059827222, 'depth': 11, 'l2_leaf_reg': 0.6011057215788443, 'min_child_samples': 4}. Best is trial 373 with value: 1.9980172071194868.
[I 2025-03-11 21:40:58,074] Trial 381 finished with value: 2.0064676746072343 and parameters: {'learning_rate': 0.01310268706509554, 'depth': 10, 'l2_leaf_reg': 0.5713562483027752, 'min_child_samples': 4}. Best is trial 373 with value: 1.9980172071194868.
[I 2025-03-11 21:41:00,242] Trial 382 finished with value: 2.0040334265061217 and parameters: {'learning_rate': 0.01242724715426407, 'depth': 10, 'l2_leaf_reg': 0.6515414889840836, 'min_child_samples': 1}. Best is trial 373 with value: 1.9980172071194868.
[I 2025-03-11 21:41:02,167] Trial 383 finished with value: 2.0065274959469366 and parameters: {'learning_rate': 0.01396262361865226, 'depth': 8, 'l2_leaf_reg': 0.5599173588585942, 'min_child_samples': 4}. Best is trial 373 with value: 1.9980172071194868.
[I 2025-03-11 21:41:04,966] Trial 384 finished with value: 2.0079169878391756 and parameters: {'learning_rate': 0.011777117122011845, 'depth': 11, 'l2_leaf_reg': 0.502004134700435, 'min_child_samples': 32}. Best is trial 373 with value: 1.9980172071194868.
[I 2025-03-11 21:41:06,988] Trial 385 finished with value: 2.0051163475578626 and parameters: {'learning_rate': 0.011292944002100493, 'depth': 9, 'l2_leaf_reg': 0.6945306069300955, 'min_child_samples': 8}. Best is trial 373 with value: 1.9980172071194868.
[I 2025-03-11 21:41:08,224] Trial 386 finished with value: 2.0143741344489214 and parameters: {'learning_rate': 0.012147713026075778, 'depth': 5, 'l2_leaf_reg': 0.38788782302752456, 'min_child_samples': 4}. Best is trial 373 with value: 1.9980172071194868.
[I 2025-03-11 21:41:10,073] Trial 387 finished with value: 2.0078978438695225 and parameters: {'learning_rate': 0.01271632818676806, 'depth': 10, 'l2_leaf_reg': 0.32132537763555324, 'min_child_samples': 4}. Best is trial 373 with value: 1.9980172071194868.
[I 2025-03-11 21:41:12,433] Trial 388 finished with value: 2.00201333669595 and parameters: {'learning_rate': 0.01182311264514968, 'depth': 10, 'l2_leaf_reg': 0.8057938716179678, 'min_child_samples': 4}. Best is trial 373 with value: 1.9980172071194868.
[I 2025-03-11 21:41:14,740] Trial 389 finished with value: 2.003164443749572 and parameters: {'learning_rate': 0.01138582247173119, 'depth': 10, 'l2_leaf_reg': 1.1244182298651098, 'min_child_samples': 4}. Best is trial 373 with value: 1.9980172071194868.
[I 2025-03-11 21:41:16,395] Trial 390 finished with value: 2.0058286340420506 and parameters: {'learning_rate': 0.012418974737313347, 'depth': 9, 'l2_leaf_reg': 0.9600433087206626, 'min_child_samples': 4}. Best is trial 373 with value: 1.9980172071194868.
[I 2025-03-11 21:41:18,501] Trial 391 finished with value: 2.0060763937094284 and parameters: {'learning_rate': 0.013083085130637339, 'depth': 10, 'l2_leaf_reg': 0.4109371264570719, 'min_child_samples': 32}. Best is trial 373 with value: 1.9980172071194868.
[I 2025-03-11 21:41:21,117] Trial 392 finished with value: 2.0036966218185404 and parameters: {'learning_rate': 0.01617138939795441, 'depth': 11, 'l2_leaf_reg': 2.999497858244804, 'min_child_samples': 4}. Best is trial 373 with value: 1.9980172071194868.
[I 2025-03-11 21:41:23,155] Trial 393 finished with value: 2.0035218509620605 and parameters: {'learning_rate': 0.012077362845610144, 'depth': 10, 'l2_leaf_reg': 0.22061667300782473, 'min_child_samples': 4}. Best is trial 373 with value: 1.9980172071194868.
[I 2025-03-11 21:41:25,697] Trial 394 finished with value: 2.000713809763698 and parameters: {'learning_rate': 0.011591788367712392, 'depth': 10, 'l2_leaf_reg': 2.936927388328689, 'min_child_samples': 4}. Best is trial 373 with value: 1.9980172071194868.
[I 2025-03-11 21:41:27,705] Trial 395 finished with value: 2.01137642327641 and parameters: {'learning_rate': 0.012672288462167447, 'depth': 9, 'l2_leaf_reg': 0.12550199952674845, 'min_child_samples': 4}. Best is trial 373 with value: 1.9980172071194868.
[I 2025-03-11 21:41:30,636] Trial 396 finished with value: 2.002624111517291 and parameters: {'learning_rate': 0.013598557665906069, 'depth': 11, 'l2_leaf_reg': 2.8701364992057483, 'min_child_samples': 4}. Best is trial 373 with value: 1.9980172071194868.
[I 2025-03-11 21:41:32,722] Trial 397 finished with value: 2.0036744217542526 and parameters: {'learning_rate': 0.01110305352991292, 'depth': 10, 'l2_leaf_reg': 0.4639723005465765, 'min_child_samples': 16}. Best is trial 373 with value: 1.9980172071194868.
[I 2025-03-11 21:41:35,056] Trial 398 finished with value: 2.0035569289482895 and parameters: {'learning_rate': 0.012123497748826158, 'depth': 10, 'l2_leaf_reg': 0.8685276972556232, 'min_child_samples': 32}. Best is trial 373 with value: 1.9980172071194868.
[I 2025-03-11 21:41:37,260] Trial 399 finished with value: 2.0033730874706883 and parameters: {'learning_rate': 0.011431109385939369, 'depth': 10, 'l2_leaf_reg': 2.94296735326973, 'min_child_samples': 4}. Best is trial 373 with value: 1.9980172071194868.
[I 2025-03-11 21:41:38,995] Trial 400 finished with value: 2.0066331978604315 and parameters: {'learning_rate': 0.011828033348184575, 'depth': 9, 'l2_leaf_reg': 0.6559472106066639, 'min_child_samples': 16}. Best is trial 373 with value: 1.9980172071194868.
[I 2025-03-11 21:41:41,722] Trial 401 finished with value: 2.001641454147086 and parameters: {'learning_rate': 0.012443161554487955, 'depth': 11, 'l2_leaf_reg': 2.949462595609567, 'min_child_samples': 4}. Best is trial 373 with value: 1.9980172071194868.
[I 2025-03-11 21:41:43,688] Trial 402 finished with value: 2.0069521205765195 and parameters: {'learning_rate': 0.012984246576479204, 'depth': 10, 'l2_leaf_reg': 0.2617341779519318, 'min_child_samples': 1}. Best is trial 373 with value: 1.9980172071194868.
[I 2025-03-11 21:41:45,939] Trial 403 finished with value: 2.0024254056903197 and parameters: {'learning_rate': 0.009357719948844732, 'depth': 9, 'l2_leaf_reg': 0.0675143926158413, 'min_child_samples': 4}. Best is trial 373 with value: 1.9980172071194868.
[I 2025-03-11 21:41:47,969] Trial 404 finished with value: 2.0069308769616794 and parameters: {'learning_rate': 0.012218521194766855, 'depth': 10, 'l2_leaf_reg': 2.998627699584665, 'min_child_samples': 16}. Best is trial 373 with value: 1.9980172071194868.
[I 2025-03-11 21:42:02,750] Trial 405 finished with value: 2.0278045445652197 and parameters: {'learning_rate': 0.01175155210454135, 'depth': 15, 'l2_leaf_reg': 2.880737574107873, 'min_child_samples': 8}. Best is trial 373 with value: 1.9980172071194868.
[I 2025-03-11 21:42:05,276] Trial 406 finished with value: 2.007280305307649 and parameters: {'learning_rate': 0.01084678219408606, 'depth': 11, 'l2_leaf_reg': 0.17065004635866912, 'min_child_samples': 4}. Best is trial 373 with value: 1.9980172071194868.
[I 2025-03-11 21:42:07,377] Trial 407 finished with value: 2.0010654119152167 and parameters: {'learning_rate': 0.01263163539784577, 'depth': 10, 'l2_leaf_reg': 2.820495661589528, 'min_child_samples': 4}. Best is trial 373 with value: 1.9980172071194868.
[I 2025-03-11 21:42:09,481] Trial 408 finished with value: 2.0054609454233865 and parameters: {'learning_rate': 0.011305120787465562, 'depth': 10, 'l2_leaf_reg': 2.9034377760229275, 'min_child_samples': 16}. Best is trial 373 with value: 1.9980172071194868.
[I 2025-03-11 21:42:11,914] Trial 409 finished with value: 2.0047600261899405 and parameters: {'learning_rate': 0.017843540161234427, 'depth': 11, 'l2_leaf_reg': 2.9369556156171353, 'min_child_samples': 32}. Best is trial 373 with value: 1.9980172071194868.
[I 2025-03-11 21:42:13,880] Trial 410 finished with value: 2.0045031641113606 and parameters: {'learning_rate': 0.013321725225544567, 'depth': 9, 'l2_leaf_reg': 0.3175531943018002, 'min_child_samples': 4}. Best is trial 373 with value: 1.9980172071194868.
[I 2025-03-11 21:42:15,348] Trial 411 finished with value: 2.058896796932512 and parameters: {'learning_rate': 0.012032568631044925, 'depth': 2, 'l2_leaf_reg': 2.8502677118045963, 'min_child_samples': 16}. Best is trial 373 with value: 1.9980172071194868.
[I 2025-03-11 21:42:18,551] Trial 412 finished with value: 2.0130263842950527 and parameters: {'learning_rate': 0.012365572533199646, 'depth': 12, 'l2_leaf_reg': 2.9986195349130593, 'min_child_samples': 4}. Best is trial 373 with value: 1.9980172071194868.
[I 2025-03-11 21:42:21,059] Trial 413 finished with value: 1.9990693519990024 and parameters: {'learning_rate': 0.011422249282366048, 'depth': 10, 'l2_leaf_reg': 0.3621990771129407, 'min_child_samples': 4}. Best is trial 373 with value: 1.9980172071194868.
[I 2025-03-11 21:42:23,438] Trial 414 finished with value: 2.0010291819351558 and parameters: {'learning_rate': 0.01093185480097329, 'depth': 10, 'l2_leaf_reg': 0.028311732412872007, 'min_child_samples': 4}. Best is trial 373 with value: 1.9980172071194868.
[I 2025-03-11 21:42:25,887] Trial 415 finished with value: 2.000648440257341 and parameters: {'learning_rate': 0.011514735810959995, 'depth': 10, 'l2_leaf_reg': 0.11734057821555555, 'min_child_samples': 16}. Best is trial 373 with value: 1.9980172071194868.
[I 2025-03-11 21:42:28,282] Trial 416 finished with value: 2.0025189935319005 and parameters: {'learning_rate': 0.014371351421971934, 'depth': 10, 'l2_leaf_reg': 1.0580902437982154, 'min_child_samples': 4}. Best is trial 373 with value: 1.9980172071194868.
[I 2025-03-11 21:42:30,878] Trial 417 finished with value: 2.0054761256701887 and parameters: {'learning_rate': 0.01112975634393226, 'depth': 11, 'l2_leaf_reg': 2.8898585781558563, 'min_child_samples': 16}. Best is trial 373 with value: 1.9980172071194868.
[I 2025-03-11 21:42:32,963] Trial 418 finished with value: 2.0107967644779747 and parameters: {'learning_rate': 0.011624653865225015, 'depth': 10, 'l2_leaf_reg': 2.944205586196173, 'min_child_samples': 4}. Best is trial 373 with value: 1.9980172071194868.
[I 2025-03-11 21:42:34,839] Trial 419 finished with value: 2.004338463859865 and parameters: {'learning_rate': 0.012819974167283447, 'depth': 9, 'l2_leaf_reg': 1.2941797433323041, 'min_child_samples': 32}. Best is trial 373 with value: 1.9980172071194868.
[I 2025-03-11 21:42:37,926] Trial 420 finished with value: 2.0045840029166624 and parameters: {'learning_rate': 0.010011354806359883, 'depth': 11, 'l2_leaf_reg': 0.20840669722754812, 'min_child_samples': 4}. Best is trial 373 with value: 1.9980172071194868.
[I 2025-03-11 21:42:40,385] Trial 421 finished with value: 2.0019325521037064 and parameters: {'learning_rate': 0.010680489993688877, 'depth': 10, 'l2_leaf_reg': 2.8213011754246717, 'min_child_samples': 16}. Best is trial 373 with value: 1.9980172071194868.
[I 2025-03-11 21:42:42,844] Trial 422 finished with value: 2.003313483358285 and parameters: {'learning_rate': 0.010401931347753027, 'depth': 10, 'l2_leaf_reg': 2.762473298553613, 'min_child_samples': 4}. Best is trial 373 with value: 1.9980172071194868.
[I 2025-03-11 21:42:45,426] Trial 423 finished with value: 2.003918883328509 and parameters: {'learning_rate': 0.011908925337071956, 'depth': 10, 'l2_leaf_reg': 1.1922740675675867, 'min_child_samples': 4}. Best is trial 373 with value: 1.9980172071194868.
[I 2025-03-11 21:42:47,178] Trial 424 finished with value: 2.010911645670314 and parameters: {'learning_rate': 0.01132061437926549, 'depth': 9, 'l2_leaf_reg': 2.937340602067291, 'min_child_samples': 16}. Best is trial 373 with value: 1.9980172071194868.
[I 2025-03-11 21:42:49,704] Trial 425 finished with value: 2.0045907527222697 and parameters: {'learning_rate': 0.012251506578604028, 'depth': 11, 'l2_leaf_reg': 0.13829005903061922, 'min_child_samples': 4}. Best is trial 373 with value: 1.9980172071194868.
[I 2025-03-11 21:42:51,830] Trial 426 finished with value: 2.004044227212071 and parameters: {'learning_rate': 0.013245037102615397, 'depth': 10, 'l2_leaf_reg': 2.9970662053559005, 'min_child_samples': 4}. Best is trial 373 with value: 1.9980172071194868.
[I 2025-03-11 21:42:53,775] Trial 427 finished with value: 2.006004207663649 and parameters: {'learning_rate': 0.011756527375137242, 'depth': 9, 'l2_leaf_reg': 2.8657420608878486, 'min_child_samples': 16}. Best is trial 373 with value: 1.9980172071194868.
[I 2025-03-11 21:42:55,906] Trial 428 finished with value: 2.002410252338566 and parameters: {'learning_rate': 0.01257578406433217, 'depth': 10, 'l2_leaf_reg': 0.34746572224916444, 'min_child_samples': 32}. Best is trial 373 with value: 1.9980172071194868.
[I 2025-03-11 21:42:58,493] Trial 429 finished with value: 2.0085147292603045 and parameters: {'learning_rate': 0.014867182841905522, 'depth': 11, 'l2_leaf_reg': 0.786762375255529, 'min_child_samples': 1}. Best is trial 373 with value: 1.9980172071194868.
[I 2025-03-11 21:43:00,782] Trial 430 finished with value: 2.0033870266153526 and parameters: {'learning_rate': 0.011022901192702609, 'depth': 10, 'l2_leaf_reg': 2.895870257350069, 'min_child_samples': 4}. Best is trial 373 with value: 1.9980172071194868.
[I 2025-03-11 21:43:02,944] Trial 431 finished with value: 2.00187566560936 and parameters: {'learning_rate': 0.011436914106591374, 'depth': 10, 'l2_leaf_reg': 0.21926480023113393, 'min_child_samples': 16}. Best is trial 373 with value: 1.9980172071194868.
[I 2025-03-11 21:43:05,149] Trial 432 finished with value: 2.01030447666272 and parameters: {'learning_rate': 0.012292690881061878, 'depth': 10, 'l2_leaf_reg': 0.0681941354842253, 'min_child_samples': 8}. Best is trial 373 with value: 1.9980172071194868.
[I 2025-03-11 21:43:06,998] Trial 433 finished with value: 2.007068502461653 and parameters: {'learning_rate': 0.013748814500866104, 'depth': 9, 'l2_leaf_reg': 0.28367764028470605, 'min_child_samples': 4}. Best is trial 373 with value: 1.9980172071194868.
