[I 2025-03-11 22:26:18,448] Trial 443 finished with value: 0.182364999403066 and parameters: {'learning_rate': 0.019942560109779142, 'depth': 11, 'l2_leaf_reg': 2.399902578653311, 'min_child_samples': 8}. Best is trial 436 with value: 0.18095814550498537.
[I 2025-03-11 22:26:23,049] Trial 444 finished with value: 0.183351112495541 and parameters: {'learning_rate': 0.019999334422572918, 'depth': 11, 'l2_leaf_reg': 2.1368956732872717, 'min_child_samples': 8}. Best is trial 436 with value: 0.18095814550498537.
[I 2025-03-11 22:26:27,420] Trial 445 finished with value: 0.18393573879991498 and parameters: {'learning_rate': 0.018785930057087077, 'depth': 11, 'l2_leaf_reg': 2.23093921155215, 'min_child_samples': 8}. Best is trial 436 with value: 0.18095814550498537.
[I 2025-03-11 22:26:30,895] Trial 446 finished with value: 0.18494971663340812 and parameters: {'learning_rate': 0.01927709967263374, 'depth': 10, 'l2_leaf_reg': 2.3042549783770965, 'min_child_samples': 32}. Best is trial 436 with value: 0.18095814550498537.
[I 2025-03-11 22:26:35,502] Trial 447 finished with value: 0.18332369858220293 and parameters: {'learning_rate': 0.01748560789011587, 'depth': 11, 'l2_leaf_reg': 2.0631261287076685, 'min_child_samples': 8}. Best is trial 436 with value: 0.18095814550498537.
[I 2025-03-11 22:26:41,815] Trial 448 finished with value: 0.18741872686018943 and parameters: {'learning_rate': 0.01955153696764221, 'depth': 12, 'l2_leaf_reg': 2.3588426721626425, 'min_child_samples': 8}. Best is trial 436 with value: 0.18095814550498537.
[I 2025-03-11 22:26:46,277] Trial 449 finished with value: 0.18217123668165391 and parameters: {'learning_rate': 0.018965115239731926, 'depth': 11, 'l2_leaf_reg': 0.6932634262555643, 'min_child_samples': 16}. Best is trial 436 with value: 0.18095814550498537.
[I 2025-03-11 22:26:49,748] Trial 450 finished with value: 0.185527038621894 and parameters: {'learning_rate': 0.018331307282152258, 'depth': 10, 'l2_leaf_reg': 2.5615651317893784, 'min_child_samples': 8}. Best is trial 436 with value: 0.18095814550498537.
[I 2025-03-11 22:26:54,313] Trial 451 finished with value: 0.1819224543572825 and parameters: {'learning_rate': 0.019995333360276278, 'depth': 11, 'l2_leaf_reg': 2.458138852640589, 'min_child_samples': 8}. Best is trial 436 with value: 0.18095814550498537.
[I 2025-03-11 22:27:00,438] Trial 452 finished with value: 0.18889124996117337 and parameters: {'learning_rate': 0.019618201019366167, 'depth': 12, 'l2_leaf_reg': 2.4803317487497787, 'min_child_samples': 32}. Best is trial 436 with value: 0.18095814550498537.
[I 2025-03-11 22:27:04,754] Trial 453 finished with value: 0.18305056562316896 and parameters: {'learning_rate': 0.01926278543821143, 'depth': 11, 'l2_leaf_reg': 2.4187605829488645, 'min_child_samples': 8}. Best is trial 436 with value: 0.18095814550498537.
[I 2025-03-11 22:27:09,172] Trial 454 finished with value: 0.1820818360895672 and parameters: {'learning_rate': 0.019953277990414648, 'depth': 11, 'l2_leaf_reg': 2.467080384288757, 'min_child_samples': 8}. Best is trial 436 with value: 0.18095814550498537.
[I 2025-03-11 22:27:13,260] Trial 455 finished with value: 0.23489153191150006 and parameters: {'learning_rate': 0.005050070660152967, 'depth': 11, 'l2_leaf_reg': 2.565889230630577, 'min_child_samples': 1}. Best is trial 436 with value: 0.18095814550498537.
[I 2025-03-11 22:27:17,715] Trial 456 finished with value: 0.18401662108510056 and parameters: {'learning_rate': 0.018693661911452705, 'depth': 11, 'l2_leaf_reg': 2.6290657633185517, 'min_child_samples': 8}. Best is trial 436 with value: 0.18095814550498537.
[I 2025-03-11 22:27:24,096] Trial 457 finished with value: 0.18681708040942185 and parameters: {'learning_rate': 0.019150104073810778, 'depth': 12, 'l2_leaf_reg': 2.3787993224849937, 'min_child_samples': 1}. Best is trial 436 with value: 0.18095814550498537.
[I 2025-03-11 22:27:27,727] Trial 458 finished with value: 0.18402691030216542 and parameters: {'learning_rate': 0.019985887084633412, 'depth': 10, 'l2_leaf_reg': 2.5063372743113397, 'min_child_samples': 16}. Best is trial 436 with value: 0.18095814550498537.
[I 2025-03-11 22:27:32,507] Trial 459 finished with value: 0.18349364466469908 and parameters: {'learning_rate': 0.019461474011611347, 'depth': 11, 'l2_leaf_reg': 2.4243200886044667, 'min_child_samples': 8}. Best is trial 436 with value: 0.18095814550498537.
[I 2025-03-11 22:27:35,926] Trial 460 finished with value: 0.18874982136266308 and parameters: {'learning_rate': 0.013365817877811482, 'depth': 10, 'l2_leaf_reg': 0.8550933332077326, 'min_child_samples': 1}. Best is trial 436 with value: 0.18095814550498537.
[I 2025-03-11 22:27:40,438] Trial 461 finished with value: 0.18446015685138764 and parameters: {'learning_rate': 0.018105394238696983, 'depth': 11, 'l2_leaf_reg': 2.249906804671168, 'min_child_samples': 32}. Best is trial 436 with value: 0.18095814550498537.
[I 2025-03-11 22:27:44,902] Trial 462 finished with value: 0.18380564171447528 and parameters: {'learning_rate': 0.01876197429808883, 'depth': 11, 'l2_leaf_reg': 2.3173568757050225, 'min_child_samples': 8}. Best is trial 436 with value: 0.18095814550498537.
[I 2025-03-11 22:27:49,290] Trial 463 finished with value: 0.18216758548335116 and parameters: {'learning_rate': 0.019155908180533397, 'depth': 11, 'l2_leaf_reg': 2.667111083377951, 'min_child_samples': 1}. Best is trial 436 with value: 0.18095814550498537.
[I 2025-03-11 22:27:55,469] Trial 464 finished with value: 0.187508816325991 and parameters: {'learning_rate': 0.01966453014182102, 'depth': 12, 'l2_leaf_reg': 2.7060259974391494, 'min_child_samples': 1}. Best is trial 436 with value: 0.18095814550498537.
[I 2025-03-11 22:27:59,902] Trial 465 finished with value: 0.1819913212522804 and parameters: {'learning_rate': 0.01861122344950755, 'depth': 11, 'l2_leaf_reg': 2.5369724925725223, 'min_child_samples': 8}. Best is trial 436 with value: 0.18095814550498537.
[I 2025-03-11 22:28:03,441] Trial 466 finished with value: 0.18573053278207466 and parameters: {'learning_rate': 0.017936848436332854, 'depth': 10, 'l2_leaf_reg': 2.3653957353048347, 'min_child_samples': 8}. Best is trial 436 with value: 0.18095814550498537.
[I 2025-03-11 22:28:08,058] Trial 467 finished with value: 0.18329285047055094 and parameters: {'learning_rate': 0.01843346072500382, 'depth': 11, 'l2_leaf_reg': 2.192587631519297, 'min_child_samples': 8}. Best is trial 436 with value: 0.18095814550498537.
[I 2025-03-11 22:28:10,602] Trial 468 finished with value: 0.20601811072767587 and parameters: {'learning_rate': 0.01841031017934691, 'depth': 7, 'l2_leaf_reg': 1.5566771726317254, 'min_child_samples': 8}. Best is trial 436 with value: 0.18095814550498537.
[I 2025-03-11 22:28:14,900] Trial 469 finished with value: 0.1852596597641142 and parameters: {'learning_rate': 0.0176751688983818, 'depth': 11, 'l2_leaf_reg': 2.444113995477774, 'min_child_samples': 8}. Best is trial 436 with value: 0.18095814550498537.
[I 2025-03-11 22:28:17,689] Trial 470 finished with value: 0.2269222232780512 and parameters: {'learning_rate': 0.00643828750951294, 'depth': 9, 'l2_leaf_reg': 2.2898871781613073, 'min_child_samples': 8}. Best is trial 436 with value: 0.18095814550498537.
[I 2025-03-11 22:28:24,059] Trial 471 finished with value: 0.18801910434446847 and parameters: {'learning_rate': 0.017070346939341126, 'depth': 12, 'l2_leaf_reg': 2.3539806686366855, 'min_child_samples': 8}. Best is trial 436 with value: 0.18095814550498537.
[I 2025-03-11 22:28:27,723] Trial 472 finished with value: 0.19186062214441235 and parameters: {'learning_rate': 0.01132414907451699, 'depth': 10, 'l2_leaf_reg': 1.4523198107780344, 'min_child_samples': 8}. Best is trial 436 with value: 0.18095814550498537.
[I 2025-03-11 22:28:32,213] Trial 473 finished with value: 0.18461297136967306 and parameters: {'learning_rate': 0.01879832378603839, 'depth': 11, 'l2_leaf_reg': 2.60924389269361, 'min_child_samples': 8}. Best is trial 436 with value: 0.18095814550498537.
[I 2025-03-11 22:28:36,820] Trial 474 finished with value: 0.18396432621460085 and parameters: {'learning_rate': 0.018156396359941325, 'depth': 11, 'l2_leaf_reg': 2.545897564709869, 'min_child_samples': 8}. Best is trial 436 with value: 0.18095814550498537.
[I 2025-03-11 22:28:42,935] Trial 475 finished with value: 0.18701202377133025 and parameters: {'learning_rate': 0.01868748337702477, 'depth': 12, 'l2_leaf_reg': 2.4625100491832503, 'min_child_samples': 8}. Best is trial 436 with value: 0.18095814550498537.
[I 2025-03-11 22:28:47,228] Trial 476 finished with value: 0.18279847521601686 and parameters: {'learning_rate': 0.0190344424055958, 'depth': 11, 'l2_leaf_reg': 2.2755250198851904, 'min_child_samples': 32}. Best is trial 436 with value: 0.18095814550498537.
[I 2025-03-11 22:28:49,454] Trial 477 finished with value: 0.21936682125292523 and parameters: {'learning_rate': 0.018525746017439015, 'depth': 6, 'l2_leaf_reg': 1.0103350087112228, 'min_child_samples': 8}. Best is trial 436 with value: 0.18095814550498537.
[I 2025-03-11 22:28:53,062] Trial 478 finished with value: 0.1871673739294469 and parameters: {'learning_rate': 0.015409216763706372, 'depth': 10, 'l2_leaf_reg': 2.4005053967685885, 'min_child_samples': 16}. Best is trial 436 with value: 0.18095814550498537.
[I 2025-03-11 22:28:57,338] Trial 479 finished with value: 0.18220542417936825 and parameters: {'learning_rate': 0.01922294778988174, 'depth': 11, 'l2_leaf_reg': 2.7635526759705664, 'min_child_samples': 8}. Best is trial 436 with value: 0.18095814550498537.
[I 2025-03-11 22:29:01,854] Trial 480 finished with value: 0.18151320908985433 and parameters: {'learning_rate': 0.019984353813130927, 'depth': 11, 'l2_leaf_reg': 2.1072575858763516, 'min_child_samples': 8}. Best is trial 436 with value: 0.18095814550498537.
[I 2025-03-11 22:29:06,464] Trial 481 finished with value: 0.18159966945079217 and parameters: {'learning_rate': 0.0199904382881222, 'depth': 11, 'l2_leaf_reg': 2.076843954578755, 'min_child_samples': 8}. Best is trial 436 with value: 0.18095814550498537.
[I 2025-03-11 22:29:10,815] Trial 482 finished with value: 0.18365136981093236 and parameters: {'learning_rate': 0.019743248543792207, 'depth': 11, 'l2_leaf_reg': 1.9653009873233618, 'min_child_samples': 8}. Best is trial 436 with value: 0.18095814550498537.
[I 2025-03-11 22:29:16,863] Trial 483 finished with value: 0.18805217664908574 and parameters: {'learning_rate': 0.01971498241737637, 'depth': 12, 'l2_leaf_reg': 2.0535534765176044, 'min_child_samples': 8}. Best is trial 436 with value: 0.18095814550498537.
[I 2025-03-11 22:29:21,188] Trial 484 finished with value: 0.1829619720563203 and parameters: {'learning_rate': 0.01985809637702672, 'depth': 11, 'l2_leaf_reg': 2.1019821303032633, 'min_child_samples': 8}. Best is trial 436 with value: 0.18095814550498537.
[I 2025-03-11 22:29:37,472] Trial 485 finished with value: 0.20656399474657575 and parameters: {'learning_rate': 0.019985415382038147, 'depth': 14, 'l2_leaf_reg': 2.092830271597852, 'min_child_samples': 8}. Best is trial 436 with value: 0.18095814550498537.
[I 2025-03-11 22:29:40,734] Trial 486 finished with value: 0.185248457625736 and parameters: {'learning_rate': 0.019970419233410534, 'depth': 10, 'l2_leaf_reg': 2.0528239574151628, 'min_child_samples': 8}. Best is trial 436 with value: 0.18095814550498537.
[I 2025-03-11 22:29:45,384] Trial 487 finished with value: 0.18208537755086926 and parameters: {'learning_rate': 0.019524942923476167, 'depth': 11, 'l2_leaf_reg': 2.0156711211489897, 'min_child_samples': 8}. Best is trial 436 with value: 0.18095814550498537.
[I 2025-03-11 22:29:49,943] Trial 488 finished with value: 0.1822223523573413 and parameters: {'learning_rate': 0.019980994545010015, 'depth': 11, 'l2_leaf_reg': 2.1380033920430863, 'min_child_samples': 8}. Best is trial 436 with value: 0.18095814550498537.
[I 2025-03-11 22:29:54,440] Trial 489 finished with value: 0.1827111432176599 and parameters: {'learning_rate': 0.019406569513975444, 'depth': 11, 'l2_leaf_reg': 1.9024711712520461, 'min_child_samples': 8}. Best is trial 436 with value: 0.18095814550498537.
[I 2025-03-11 22:30:00,572] Trial 490 finished with value: 0.1873421210146297 and parameters: {'learning_rate': 0.019502930574362417, 'depth': 12, 'l2_leaf_reg': 2.1450769906741987, 'min_child_samples': 8}. Best is trial 436 with value: 0.18095814550498537.
[I 2025-03-11 22:30:05,146] Trial 491 finished with value: 0.18216324323709693 and parameters: {'learning_rate': 0.019987169731512544, 'depth': 11, 'l2_leaf_reg': 2.196806229787555, 'min_child_samples': 32}. Best is trial 436 with value: 0.18095814550498537.
[I 2025-03-11 22:30:08,399] Trial 492 finished with value: 0.18612177641088376 and parameters: {'learning_rate': 0.019359192904885508, 'depth': 10, 'l2_leaf_reg': 1.982002458284485, 'min_child_samples': 8}. Best is trial 436 with value: 0.18095814550498537.
[I 2025-03-11 22:30:12,053] Trial 493 finished with value: 0.1855390404101331 and parameters: {'learning_rate': 0.019593722872085016, 'depth': 10, 'l2_leaf_reg': 1.291028569268278, 'min_child_samples': 8}. Best is trial 436 with value: 0.18095814550498537.
[I 2025-03-11 22:30:16,489] Trial 494 finished with value: 0.18334502376174763 and parameters: {'learning_rate': 0.01899864441822971, 'depth': 11, 'l2_leaf_reg': 2.0395130086091555, 'min_child_samples': 8}. Best is trial 436 with value: 0.18095814550498537.
[I 2025-03-11 22:30:20,921] Trial 495 finished with value: 0.18351022799077907 and parameters: {'learning_rate': 0.019999461011115306, 'depth': 11, 'l2_leaf_reg': 2.1090956521777566, 'min_child_samples': 16}. Best is trial 436 with value: 0.18095814550498537.
[I 2025-03-11 22:30:27,224] Trial 496 finished with value: 0.18580529220231426 and parameters: {'learning_rate': 0.01927311283546012, 'depth': 12, 'l2_leaf_reg': 2.214858143140544, 'min_child_samples': 8}. Best is trial 436 with value: 0.18095814550498537.
[I 2025-03-11 22:30:31,460] Trial 497 finished with value: 0.18447935439335214 and parameters: {'learning_rate': 0.018869543084160806, 'depth': 11, 'l2_leaf_reg': 2.175273397736974, 'min_child_samples': 1}. Best is trial 436 with value: 0.18095814550498537.
[I 2025-03-11 22:30:36,187] Trial 498 finished with value: 0.18320660795532126 and parameters: {'learning_rate': 0.01960976550129229, 'depth': 11, 'l2_leaf_reg': 2.0299078769315457, 'min_child_samples': 32}. Best is trial 436 with value: 0.18095814550498537.
[I 2025-03-11 22:30:40,476] Trial 499 finished with value: 0.18381622440082973 and parameters: {'learning_rate': 0.019262071040971968, 'depth': 11, 'l2_leaf_reg': 2.1704807261641625, 'min_child_samples': 8}. Best is trial 436 with value: 0.18095814550498537.
2025-03-11 22:30:40,476 - __main__ - INFO - Best RMSE: 0.1810
2025-03-11 22:30:40,476 - __main__ - INFO - Best parameters: {'learning_rate': 0.01998949063802282, 'depth': 11, 'l2_leaf_reg': 2.336008467549404, 'min_child_samples': 8}
2025-03-11 22:30:40,476 - __main__ - INFO - Starting c_std_y optimization...
2025-03-11 22:30:40,477 - __main__ - INFO - Starting hyperparameter optimization for c_std_y
[I 2025-03-11 22:30:40,477] A new study created in memory with name: catboost-c_std_y-seed42
[I 2025-03-11 22:30:42,899] Trial 0 finished with value: 0.4759220688898645 and parameters: {'learning_rate': 0.018277923346719023, 'depth': 7, 'l2_leaf_reg': 1.275723000046146, 'min_child_samples': 8}. Best is trial 0 with value: 0.4759220688898645.
[I 2025-03-11 22:30:47,485] Trial 1 finished with value: 0.4725496199326152 and parameters: {'learning_rate': 0.016936046090983727, 'depth': 11, 'l2_leaf_reg': 0.7009709603233134, 'min_child_samples': 32}. Best is trial 1 with value: 0.4725496199326152.
[I 2025-03-11 22:30:48,981] Trial 2 finished with value: 1.2305095310075411 and parameters: {'learning_rate': 0.001795898008127019, 'depth': 2, 'l2_leaf_reg': 0.8031897476255564, 'min_child_samples': 32}. Best is trial 1 with value: 0.4725496199326152.
[I 2025-03-11 22:30:52,409] Trial 3 finished with value: 0.47056265899379707 and parameters: {'learning_rate': 0.015582883569111665, 'depth': 10, 'l2_leaf_reg': 1.0228921830676634, 'min_child_samples': 8}. Best is trial 3 with value: 0.47056265899379707.
[I 2025-03-11 22:31:08,175] Trial 4 finished with value: 0.5100836620927898 and parameters: {'learning_rate': 0.010737746201108117, 'depth': 14, 'l2_leaf_reg': 0.2867688564259724, 'min_child_samples': 8}. Best is trial 3 with value: 0.47056265899379707.
[I 2025-03-11 22:31:09,503] Trial 5 finished with value: 1.1257020242476068 and parameters: {'learning_rate': 0.0017893355835012898, 'depth': 3, 'l2_leaf_reg': 2.6725101599530805, 'min_child_samples': 32}. Best is trial 3 with value: 0.47056265899379707.
[I 2025-03-11 22:31:12,355] Trial 6 finished with value: 0.7109791508575101 and parameters: {'learning_rate': 0.002805531246846334, 'depth': 9, 'l2_leaf_reg': 2.8255910298972458, 'min_child_samples': 32}. Best is trial 3 with value: 0.47056265899379707.
[I 2025-03-11 22:31:14,291] Trial 7 finished with value: 1.4183912702719415 and parameters: {'learning_rate': 0.00045789010640628306, 'depth': 5, 'l2_leaf_reg': 0.8691765733777721, 'min_child_samples': 1}. Best is trial 3 with value: 0.47056265899379707.
[I 2025-03-11 22:31:17,818] Trial 8 finished with value: 0.4716738601941178 and parameters: {'learning_rate': 0.012950324413553045, 'depth': 10, 'l2_leaf_reg': 0.461780068346195, 'min_child_samples': 16}. Best is trial 3 with value: 0.47056265899379707.
[I 2025-03-11 22:31:20,460] Trial 9 finished with value: 0.4796509337648544 and parameters: {'learning_rate': 0.012048182195628808, 'depth': 8, 'l2_leaf_reg': 0.4251704188733403, 'min_child_samples': 16}. Best is trial 3 with value: 0.47056265899379707.
[I 2025-03-11 22:32:16,313] Trial 10 finished with value: 0.5993936651673846 and parameters: {'learning_rate': 0.006532438415045744, 'depth': 16, 'l2_leaf_reg': 1.9713097126889512, 'min_child_samples': 4}. Best is trial 3 with value: 0.47056265899379707.
[I 2025-03-11 22:32:22,233] Trial 11 finished with value: 0.4783304670587087 and parameters: {'learning_rate': 0.014450455407601108, 'depth': 12, 'l2_leaf_reg': 1.5809294391697575, 'min_child_samples': 16}. Best is trial 3 with value: 0.47056265899379707.
[I 2025-03-11 22:32:26,613] Trial 12 finished with value: 0.4736818650911485 and parameters: {'learning_rate': 0.01491491032296612, 'depth': 11, 'l2_leaf_reg': 0.09469457859141833, 'min_child_samples': 8}. Best is trial 3 with value: 0.47056265899379707.
[I 2025-03-11 22:32:28,565] Trial 13 finished with value: 0.5403261036963087 and parameters: {'learning_rate': 0.007614368978258678, 'depth': 6, 'l2_leaf_reg': 1.245239505219442, 'min_child_samples': 16}. Best is trial 3 with value: 0.47056265899379707.
[I 2025-03-11 22:32:31,960] Trial 14 finished with value: 0.4722829792130216 and parameters: {'learning_rate': 0.013670557790631444, 'depth': 10, 'l2_leaf_reg': 1.9043023108268262, 'min_child_samples': 4}. Best is trial 3 with value: 0.47056265899379707.
[I 2025-03-11 22:32:40,484] Trial 15 finished with value: 0.4898194104810601 and parameters: {'learning_rate': 0.01994697223947153, 'depth': 13, 'l2_leaf_reg': 0.5778786441674834, 'min_child_samples': 1}. Best is trial 3 with value: 0.47056265899379707.
[I 2025-03-11 22:33:09,323] Trial 16 finished with value: 0.5467876744708483 and parameters: {'learning_rate': 0.008738161724511893, 'depth': 15, 'l2_leaf_reg': 1.0742912332038754, 'min_child_samples': 8}. Best is trial 3 with value: 0.47056265899379707.
[I 2025-03-11 22:33:11,896] Trial 17 finished with value: 0.4710733652760363 and parameters: {'learning_rate': 0.016655155138413834, 'depth': 9, 'l2_leaf_reg': 1.8141661998701153, 'min_child_samples': 16}. Best is trial 3 with value: 0.47056265899379707.
[I 2025-03-11 22:33:13,745] Trial 18 finished with value: 0.5295592637249648 and parameters: {'learning_rate': 0.016412568658578625, 'depth': 4, 'l2_leaf_reg': 2.2637856419673046, 'min_child_samples': 8}. Best is trial 3 with value: 0.47056265899379707.
[I 2025-03-11 22:33:16,458] Trial 19 finished with value: 0.4688356185762479 and parameters: {'learning_rate': 0.0197441498219439, 'depth': 8, 'l2_leaf_reg': 1.623781915859894, 'min_child_samples': 16}. Best is trial 19 with value: 0.4688356185762479.
[I 2025-03-11 22:33:17,754] Trial 20 finished with value: 0.8276027979258868 and parameters: {'learning_rate': 0.01992785666013286, 'depth': 1, 'l2_leaf_reg': 2.3542993228654367, 'min_child_samples': 4}. Best is trial 19 with value: 0.4688356185762479.
[I 2025-03-11 22:33:20,484] Trial 21 finished with value: 0.4704427122497391 and parameters: {'learning_rate': 0.017372026318072737, 'depth': 8, 'l2_leaf_reg': 1.6195044765783, 'min_child_samples': 16}. Best is trial 19 with value: 0.4688356185762479.
[I 2025-03-11 22:33:22,639] Trial 22 finished with value: 0.4765835137638473 and parameters: {'learning_rate': 0.018261825745814315, 'depth': 7, 'l2_leaf_reg': 1.5656059737922077, 'min_child_samples': 16}. Best is trial 19 with value: 0.4688356185762479.
[I 2025-03-11 22:33:25,418] Trial 23 finished with value: 0.46772208694587847 and parameters: {'learning_rate': 0.018196787954895655, 'depth': 8, 'l2_leaf_reg': 1.3492986016790554, 'min_child_samples': 16}. Best is trial 23 with value: 0.46772208694587847.
[I 2025-03-11 22:33:27,568] Trial 24 finished with value: 0.48582399348060407 and parameters: {'learning_rate': 0.018245719599916912, 'depth': 6, 'l2_leaf_reg': 1.3832520429373663, 'min_child_samples': 16}. Best is trial 23 with value: 0.46772208694587847.
[I 2025-03-11 22:33:30,201] Trial 25 finished with value: 0.4669152991062498 and parameters: {'learning_rate': 0.019989420692784088, 'depth': 8, 'l2_leaf_reg': 2.1723388247743274, 'min_child_samples': 16}. Best is trial 25 with value: 0.4669152991062498.
