[I 2025-03-11 22:33:32,209] Trial 26 finished with value: 0.49973116709814863 and parameters: {'learning_rate': 0.019976021433589022, 'depth': 5, 'l2_leaf_reg': 2.177832631573695, 'min_child_samples': 16}. Best is trial 25 with value: 0.4669152991062498.
[I 2025-03-11 22:33:34,593] Trial 27 finished with value: 0.5633013278128197 and parameters: {'learning_rate': 0.0055302120368174255, 'depth': 7, 'l2_leaf_reg': 2.5698160124926113, 'min_child_samples': 16}. Best is trial 25 with value: 0.4669152991062498.
[I 2025-03-11 22:33:37,310] Trial 28 finished with value: 0.469304009223273 and parameters: {'learning_rate': 0.018651746845302783, 'depth': 8, 'l2_leaf_reg': 2.0634620751585357, 'min_child_samples': 1}. Best is trial 25 with value: 0.4669152991062498.
[I 2025-03-11 22:33:39,443] Trial 29 finished with value: 0.48604290854465776 and parameters: {'learning_rate': 0.018468223891716293, 'depth': 6, 'l2_leaf_reg': 1.7449847823009956, 'min_child_samples': 16}. Best is trial 25 with value: 0.4669152991062498.
[I 2025-03-11 22:33:45,836] Trial 30 finished with value: 0.4789640277302247 and parameters: {'learning_rate': 0.011529012923629884, 'depth': 12, 'l2_leaf_reg': 1.263987301184745, 'min_child_samples': 16}. Best is trial 25 with value: 0.4669152991062498.
[I 2025-03-11 22:33:48,415] Trial 31 finished with value: 0.4699151501183136 and parameters: {'learning_rate': 0.018680340598761322, 'depth': 8, 'l2_leaf_reg': 2.0840192450244848, 'min_child_samples': 1}. Best is trial 25 with value: 0.4669152991062498.
[I 2025-03-11 22:33:51,384] Trial 32 finished with value: 0.4718018378191887 and parameters: {'learning_rate': 0.015936919198576833, 'depth': 9, 'l2_leaf_reg': 2.46644686404814, 'min_child_samples': 1}. Best is trial 25 with value: 0.4669152991062498.
[I 2025-03-11 22:33:53,789] Trial 33 finished with value: 0.478617983507311 and parameters: {'learning_rate': 0.017596348912347345, 'depth': 7, 'l2_leaf_reg': 2.037025233843994, 'min_child_samples': 1}. Best is trial 25 with value: 0.4669152991062498.
[I 2025-03-11 22:33:58,155] Trial 34 finished with value: 0.4753646440343768 and parameters: {'learning_rate': 0.019134304692549623, 'depth': 11, 'l2_leaf_reg': 1.4204027698105008, 'min_child_samples': 1}. Best is trial 25 with value: 0.4669152991062498.
[I 2025-03-11 22:34:00,871] Trial 35 finished with value: 0.4701819646264192 and parameters: {'learning_rate': 0.01687904836375557, 'depth': 8, 'l2_leaf_reg': 1.734491431798502, 'min_child_samples': 16}. Best is trial 25 with value: 0.4669152991062498.
[I 2025-03-11 22:34:02,931] Trial 36 finished with value: 0.5114082636864131 and parameters: {'learning_rate': 0.015398619474282095, 'depth': 5, 'l2_leaf_reg': 0.9963530517996086, 'min_child_samples': 32}. Best is trial 25 with value: 0.4669152991062498.
[I 2025-03-11 22:34:06,699] Trial 37 finished with value: 0.4716685137961288 and parameters: {'learning_rate': 0.0190027155571212, 'depth': 10, 'l2_leaf_reg': 2.7899379301223313, 'min_child_samples': 1}. Best is trial 25 with value: 0.4669152991062498.
[I 2025-03-11 22:34:08,347] Trial 38 finished with value: 0.5603669594800558 and parameters: {'learning_rate': 0.017440703633633488, 'depth': 3, 'l2_leaf_reg': 2.377037657478756, 'min_child_samples': 32}. Best is trial 25 with value: 0.4669152991062498.
[I 2025-03-11 22:34:10,789] Trial 39 finished with value: 0.4819792144943949 and parameters: {'learning_rate': 0.014336101149667966, 'depth': 7, 'l2_leaf_reg': 2.184681605171235, 'min_child_samples': 16}. Best is trial 25 with value: 0.4669152991062498.
[I 2025-03-11 22:34:13,760] Trial 40 finished with value: 0.48358060080412885 and parameters: {'learning_rate': 0.009693790914046204, 'depth': 9, 'l2_leaf_reg': 1.1115952441788646, 'min_child_samples': 4}. Best is trial 25 with value: 0.4669152991062498.
[I 2025-03-11 22:34:16,225] Trial 41 finished with value: 0.47010238841532853 and parameters: {'learning_rate': 0.018787552150664848, 'depth': 8, 'l2_leaf_reg': 2.078631068502297, 'min_child_samples': 1}. Best is trial 25 with value: 0.4669152991062498.
[I 2025-03-11 22:34:18,880] Trial 42 finished with value: 0.46885762748344023 and parameters: {'learning_rate': 0.019126791967624047, 'depth': 8, 'l2_leaf_reg': 1.868825771752796, 'min_child_samples': 1}. Best is trial 25 with value: 0.4669152991062498.
[I 2025-03-11 22:34:22,277] Trial 43 finished with value: 0.47062438915858196 and parameters: {'learning_rate': 0.017627190479588353, 'depth': 10, 'l2_leaf_reg': 1.885300241420115, 'min_child_samples': 1}. Best is trial 25 with value: 0.4669152991062498.
[I 2025-03-11 22:34:24,275] Trial 44 finished with value: 0.4853971902214266 and parameters: {'learning_rate': 0.01939295162505583, 'depth': 6, 'l2_leaf_reg': 2.9841271236396145, 'min_child_samples': 1}. Best is trial 25 with value: 0.4669152991062498.
[I 2025-03-11 22:34:26,593] Trial 45 finished with value: 0.4756953451741695 and parameters: {'learning_rate': 0.017790019747930878, 'depth': 7, 'l2_leaf_reg': 1.68807081095401, 'min_child_samples': 1}. Best is trial 25 with value: 0.4669152991062498.
[I 2025-03-11 22:34:29,599] Trial 46 finished with value: 0.4702912314979547 and parameters: {'learning_rate': 0.016161321198359068, 'depth': 9, 'l2_leaf_reg': 1.4613093062471425, 'min_child_samples': 16}. Best is trial 25 with value: 0.4669152991062498.
[I 2025-03-11 22:34:33,003] Trial 47 finished with value: 0.5589872428762188 and parameters: {'learning_rate': 0.004514773042184192, 'depth': 10, 'l2_leaf_reg': 1.9324896104899303, 'min_child_samples': 32}. Best is trial 25 with value: 0.4669152991062498.
[I 2025-03-11 22:34:35,472] Trial 48 finished with value: 0.4720945735997646 and parameters: {'learning_rate': 0.015438618251621138, 'depth': 8, 'l2_leaf_reg': 0.8458790926772137, 'min_child_samples': 8}. Best is trial 25 with value: 0.4669152991062498.
[I 2025-03-11 22:34:37,499] Trial 49 finished with value: 0.5001305520981398 and parameters: {'learning_rate': 0.01967342791519035, 'depth': 5, 'l2_leaf_reg': 1.3078350989331635, 'min_child_samples': 16}. Best is trial 25 with value: 0.4669152991062498.
[I 2025-03-11 22:34:42,057] Trial 50 finished with value: 0.4743471014906957 and parameters: {'learning_rate': 0.013140994319283556, 'depth': 11, 'l2_leaf_reg': 1.8459827694422346, 'min_child_samples': 1}. Best is trial 25 with value: 0.4669152991062498.
[I 2025-03-11 22:34:44,555] Trial 51 finished with value: 0.46944377355046446 and parameters: {'learning_rate': 0.018653512331424843, 'depth': 8, 'l2_leaf_reg': 2.096726726394461, 'min_child_samples': 1}. Best is trial 25 with value: 0.4669152991062498.
[I 2025-03-11 22:34:47,375] Trial 52 finished with value: 0.4669686880395118 and parameters: {'learning_rate': 0.019098795684482795, 'depth': 9, 'l2_leaf_reg': 2.2904107936212275, 'min_child_samples': 1}. Best is trial 25 with value: 0.4669152991062498.
[I 2025-03-11 22:34:50,399] Trial 53 finished with value: 0.4694231809499439 and parameters: {'learning_rate': 0.019330791964197656, 'depth': 9, 'l2_leaf_reg': 2.2907108206694384, 'min_child_samples': 1}. Best is trial 25 with value: 0.4669152991062498.
[I 2025-03-11 22:34:54,938] Trial 54 finished with value: 0.4746558068044019 and parameters: {'learning_rate': 0.01694043889104503, 'depth': 11, 'l2_leaf_reg': 1.9786121860420371, 'min_child_samples': 4}. Best is trial 25 with value: 0.4669152991062498.
[I 2025-03-11 22:34:57,253] Trial 55 finished with value: 0.4769787664046916 and parameters: {'learning_rate': 0.01810711481157554, 'depth': 7, 'l2_leaf_reg': 2.50874916526251, 'min_child_samples': 1}. Best is trial 25 with value: 0.4669152991062498.
[I 2025-03-11 22:34:59,358] Trial 56 finished with value: 0.4820950784043013 and parameters: {'learning_rate': 0.019937704441662367, 'depth': 6, 'l2_leaf_reg': 2.1985209931338017, 'min_child_samples': 16}. Best is trial 25 with value: 0.4669152991062498.
[I 2025-03-11 22:35:05,790] Trial 57 finished with value: 0.47595890197019775 and parameters: {'learning_rate': 0.016984349405437846, 'depth': 12, 'l2_leaf_reg': 2.666270910404754, 'min_child_samples': 8}. Best is trial 25 with value: 0.4669152991062498.
[I 2025-03-11 22:35:08,674] Trial 58 finished with value: 0.46794649067749733 and parameters: {'learning_rate': 0.019072338733955408, 'depth': 9, 'l2_leaf_reg': 1.547860047711533, 'min_child_samples': 16}. Best is trial 25 with value: 0.4669152991062498.
[I 2025-03-11 22:35:11,715] Trial 59 finished with value: 0.4704102532496565 and parameters: {'learning_rate': 0.014825560276034721, 'depth': 9, 'l2_leaf_reg': 1.5621742951786493, 'min_child_samples': 16}. Best is trial 25 with value: 0.4669152991062498.
[I 2025-03-11 22:35:15,415] Trial 60 finished with value: 0.4708154407143899 and parameters: {'learning_rate': 0.019278051659863807, 'depth': 10, 'l2_leaf_reg': 1.6860381460996303, 'min_child_samples': 16}. Best is trial 25 with value: 0.4669152991062498.
[I 2025-03-11 22:35:17,948] Trial 61 finished with value: 0.47168749324462894 and parameters: {'learning_rate': 0.01811916322840149, 'depth': 8, 'l2_leaf_reg': 1.5412137252197873, 'min_child_samples': 16}. Best is trial 25 with value: 0.4669152991062498.
[I 2025-03-11 22:35:20,893] Trial 62 finished with value: 0.46764350523636683 and parameters: {'learning_rate': 0.01846318808119912, 'depth': 9, 'l2_leaf_reg': 1.8540595146863308, 'min_child_samples': 16}. Best is trial 25 with value: 0.4669152991062498.
[I 2025-03-11 22:35:24,033] Trial 63 finished with value: 0.4710897916470942 and parameters: {'learning_rate': 0.01644885229255987, 'depth': 9, 'l2_leaf_reg': 1.3585363675298388, 'min_child_samples': 16}. Best is trial 25 with value: 0.4669152991062498.
[I 2025-03-11 22:35:27,271] Trial 64 finished with value: 0.4688409342039491 and parameters: {'learning_rate': 0.01910272424144059, 'depth': 9, 'l2_leaf_reg': 1.19423649818786, 'min_child_samples': 16}. Best is trial 25 with value: 0.4669152991062498.
[I 2025-03-11 22:35:30,084] Trial 65 finished with value: 0.46754363999402515 and parameters: {'learning_rate': 0.018242042354669134, 'depth': 9, 'l2_leaf_reg': 1.2133329445659118, 'min_child_samples': 16}. Best is trial 25 with value: 0.4669152991062498.
[I 2025-03-11 22:35:33,565] Trial 66 finished with value: 0.4691596303845931 and parameters: {'learning_rate': 0.01787375473146937, 'depth': 10, 'l2_leaf_reg': 0.7094243621625558, 'min_child_samples': 16}. Best is trial 25 with value: 0.4669152991062498.
[I 2025-03-11 22:35:35,943] Trial 67 finished with value: 0.47390412370615287 and parameters: {'learning_rate': 0.019967510937915618, 'depth': 7, 'l2_leaf_reg': 0.9681652248585514, 'min_child_samples': 16}. Best is trial 25 with value: 0.4669152991062498.
[I 2025-03-11 22:35:39,674] Trial 68 finished with value: 0.470736751826308 and parameters: {'learning_rate': 0.017317245911981992, 'depth': 10, 'l2_leaf_reg': 1.4767750598833402, 'min_child_samples': 16}. Best is trial 25 with value: 0.4669152991062498.
[I 2025-03-11 22:35:42,872] Trial 69 finished with value: 1.1315087936173738 and parameters: {'learning_rate': 0.001003093671874124, 'depth': 10, 'l2_leaf_reg': 1.1834336632802793, 'min_child_samples': 16}. Best is trial 25 with value: 0.4669152991062498.
[I 2025-03-11 22:35:47,496] Trial 70 finished with value: 0.473841594872888 and parameters: {'learning_rate': 0.01842015762681809, 'depth': 11, 'l2_leaf_reg': 1.6249513623857654, 'min_child_samples': 16}. Best is trial 25 with value: 0.4669152991062498.
[I 2025-03-11 22:35:50,219] Trial 71 finished with value: 0.47041774958161436 and parameters: {'learning_rate': 0.01926640475204543, 'depth': 9, 'l2_leaf_reg': 1.1924017571048753, 'min_child_samples': 16}. Best is trial 25 with value: 0.4669152991062498.
[I 2025-03-11 22:35:53,161] Trial 72 finished with value: 0.4679721471885177 and parameters: {'learning_rate': 0.018653958835566246, 'depth': 9, 'l2_leaf_reg': 1.7792530907973862, 'min_child_samples': 16}. Best is trial 25 with value: 0.4669152991062498.
[I 2025-03-11 22:35:55,679] Trial 73 finished with value: 0.4704872509087748 and parameters: {'learning_rate': 0.018268641875333443, 'depth': 8, 'l2_leaf_reg': 1.7867425567039348, 'min_child_samples': 16}. Best is trial 25 with value: 0.4669152991062498.
[I 2025-03-11 22:35:58,692] Trial 74 finished with value: 0.4711483464977418 and parameters: {'learning_rate': 0.015888913799032307, 'depth': 9, 'l2_leaf_reg': 1.3574910725999456, 'min_child_samples': 16}. Best is trial 25 with value: 0.4669152991062498.
[I 2025-03-11 22:36:01,646] Trial 75 finished with value: 0.46967845965067667 and parameters: {'learning_rate': 0.017182370849206447, 'depth': 9, 'l2_leaf_reg': 1.6474626141680386, 'min_child_samples': 16}. Best is trial 25 with value: 0.4669152991062498.
[I 2025-03-11 22:36:03,777] Trial 76 finished with value: 0.4748780912054947 and parameters: {'learning_rate': 0.018755036267465656, 'depth': 7, 'l2_leaf_reg': 2.396370475254303, 'min_child_samples': 16}. Best is trial 25 with value: 0.4669152991062498.
[I 2025-03-11 22:36:10,142] Trial 77 finished with value: 0.473851740635394 and parameters: {'learning_rate': 0.016503817887012082, 'depth': 12, 'l2_leaf_reg': 1.7250334122857232, 'min_child_samples': 16}. Best is trial 25 with value: 0.4669152991062498.
[I 2025-03-11 22:36:14,484] Trial 78 finished with value: 0.4753590332157879 and parameters: {'learning_rate': 0.017873326314157, 'depth': 11, 'l2_leaf_reg': 1.974949898824565, 'min_child_samples': 4}. Best is trial 25 with value: 0.4669152991062498.
[I 2025-03-11 22:36:17,073] Trial 79 finished with value: 0.46945724741631134 and parameters: {'learning_rate': 0.0186976545740639, 'depth': 8, 'l2_leaf_reg': 1.487210612745097, 'min_child_samples': 16}. Best is trial 25 with value: 0.4669152991062498.
[I 2025-03-11 22:36:19,225] Trial 80 finished with value: 0.48477402143654447 and parameters: {'learning_rate': 0.019558528358974973, 'depth': 6, 'l2_leaf_reg': 2.2986694183493395, 'min_child_samples': 32}. Best is trial 25 with value: 0.4669152991062498.
[I 2025-03-11 22:36:22,415] Trial 81 finished with value: 0.4675667436877783 and parameters: {'learning_rate': 0.019002498373704695, 'depth': 9, 'l2_leaf_reg': 1.2069684737218511, 'min_child_samples': 16}. Best is trial 25 with value: 0.4669152991062498.
[I 2025-03-11 22:36:25,588] Trial 82 finished with value: 0.4693139004692149 and parameters: {'learning_rate': 0.019657907620605236, 'depth': 9, 'l2_leaf_reg': 0.9343864380575598, 'min_child_samples': 16}. Best is trial 25 with value: 0.4669152991062498.
[I 2025-03-11 22:36:27,936] Trial 83 finished with value: 0.5009693654776093 and parameters: {'learning_rate': 0.007886796760458172, 'depth': 8, 'l2_leaf_reg': 1.293125348845782, 'min_child_samples': 16}. Best is trial 25 with value: 0.4669152991062498.
[I 2025-03-11 22:36:31,572] Trial 84 finished with value: 0.46979854202223437 and parameters: {'learning_rate': 0.018191931612666596, 'depth': 10, 'l2_leaf_reg': 1.0583257159863215, 'min_child_samples': 16}. Best is trial 25 with value: 0.4669152991062498.
[I 2025-03-11 22:36:33,907] Trial 85 finished with value: 0.4778063035304266 and parameters: {'learning_rate': 0.01757940815465425, 'depth': 7, 'l2_leaf_reg': 1.4053109371050938, 'min_child_samples': 16}. Best is trial 25 with value: 0.4669152991062498.
[I 2025-03-11 22:36:36,579] Trial 86 finished with value: 0.644777890200845 and parameters: {'learning_rate': 0.003380364918377502, 'depth': 9, 'l2_leaf_reg': 1.784227416530955, 'min_child_samples': 16}. Best is trial 25 with value: 0.4669152991062498.
[I 2025-03-11 22:36:39,233] Trial 87 finished with value: 0.46827015867128025 and parameters: {'learning_rate': 0.018845508898147043, 'depth': 8, 'l2_leaf_reg': 1.094750389289734, 'min_child_samples': 8}. Best is trial 25 with value: 0.4669152991062498.
[I 2025-03-11 22:36:42,980] Trial 88 finished with value: 0.470679397582652 and parameters: {'learning_rate': 0.01885037369697749, 'depth': 10, 'l2_leaf_reg': 1.141035660257141, 'min_child_samples': 8}. Best is trial 25 with value: 0.4669152991062498.
[I 2025-03-11 22:36:45,686] Trial 89 finished with value: 0.4708847342808279 and parameters: {'learning_rate': 0.016810655063286287, 'depth': 8, 'l2_leaf_reg': 0.8870159458794056, 'min_child_samples': 8}. Best is trial 25 with value: 0.4669152991062498.
[I 2025-03-11 22:36:48,482] Trial 90 finished with value: 0.47011039041383895 and parameters: {'learning_rate': 0.017334104572918493, 'depth': 9, 'l2_leaf_reg': 0.6936672893052414, 'min_child_samples': 8}. Best is trial 25 with value: 0.4669152991062498.
[I 2025-03-11 22:36:51,198] Trial 91 finished with value: 0.4683533278182633 and parameters: {'learning_rate': 0.019343364448525097, 'depth': 8, 'l2_leaf_reg': 1.230917525208226, 'min_child_samples': 8}. Best is trial 25 with value: 0.4669152991062498.
[I 2025-03-11 22:36:53,883] Trial 92 finished with value: 0.46935823104485647 and parameters: {'learning_rate': 0.01939922590894111, 'depth': 8, 'l2_leaf_reg': 1.2390740460139642, 'min_child_samples': 8}. Best is trial 25 with value: 0.4669152991062498.
[I 2025-03-11 22:36:56,153] Trial 93 finished with value: 0.474958410899567 and parameters: {'learning_rate': 0.018540690431796885, 'depth': 7, 'l2_leaf_reg': 1.270373114759273, 'min_child_samples': 8}. Best is trial 25 with value: 0.4669152991062498.
[I 2025-03-11 22:36:59,648] Trial 94 finished with value: 0.4748917039537925 and parameters: {'learning_rate': 0.01083864823884463, 'depth': 10, 'l2_leaf_reg': 1.119973775756813, 'min_child_samples': 8}. Best is trial 25 with value: 0.4669152991062498.
[I 2025-03-11 22:37:02,472] Trial 95 finished with value: 0.4669376577700854 and parameters: {'learning_rate': 0.019008594971813047, 'depth': 9, 'l2_leaf_reg': 1.0320041675987288, 'min_child_samples': 8}. Best is trial 25 with value: 0.4669152991062498.
[I 2025-03-11 22:37:05,341] Trial 96 finished with value: 0.46670732458156666 and parameters: {'learning_rate': 0.017819646412096945, 'depth': 9, 'l2_leaf_reg': 1.0002674461715086, 'min_child_samples': 8}. Best is trial 96 with value: 0.46670732458156666.
[I 2025-03-11 22:37:08,498] Trial 97 finished with value: 0.46946156229684477 and parameters: {'learning_rate': 0.017829139741848715, 'depth': 9, 'l2_leaf_reg': 1.0354134438727596, 'min_child_samples': 32}. Best is trial 96 with value: 0.46670732458156666.
[I 2025-03-11 22:37:11,929] Trial 98 finished with value: 0.4699460391133714 and parameters: {'learning_rate': 0.019934143820880715, 'depth': 10, 'l2_leaf_reg': 0.8048984679238644, 'min_child_samples': 4}. Best is trial 96 with value: 0.46670732458156666.
[I 2025-03-11 22:37:41,368] Trial 99 finished with value: 0.5394789356327049 and parameters: {'learning_rate': 0.01822025274665497, 'depth': 15, 'l2_leaf_reg': 2.1333902642600195, 'min_child_samples': 8}. Best is trial 96 with value: 0.46670732458156666.
[I 2025-03-11 22:37:45,805] Trial 100 finished with value: 0.47658641729379414 and parameters: {'learning_rate': 0.01607979009560814, 'depth': 11, 'l2_leaf_reg': 2.0141644868014366, 'min_child_samples': 16}. Best is trial 96 with value: 0.46670732458156666.
[I 2025-03-11 22:37:48,814] Trial 101 finished with value: 0.46812633147789595 and parameters: {'learning_rate': 0.018950753459138076, 'depth': 9, 'l2_leaf_reg': 0.9173082027519328, 'min_child_samples': 8}. Best is trial 96 with value: 0.46670732458156666.
[I 2025-03-11 22:37:51,780] Trial 102 finished with value: 0.4679294431193555 and parameters: {'learning_rate': 0.01911003876864581, 'depth': 9, 'l2_leaf_reg': 0.4918898185020564, 'min_child_samples': 8}. Best is trial 96 with value: 0.46670732458156666.
[I 2025-03-11 22:37:54,799] Trial 103 finished with value: 0.4690207420069609 and parameters: {'learning_rate': 0.01788056048931535, 'depth': 9, 'l2_leaf_reg': 0.2537836099430302, 'min_child_samples': 8}. Best is trial 96 with value: 0.46670732458156666.
[I 2025-03-11 22:37:58,326] Trial 104 finished with value: 0.46731459680987264 and parameters: {'learning_rate': 0.019569905352117157, 'depth': 10, 'l2_leaf_reg': 0.24265684244884836, 'min_child_samples': 8}. Best is trial 96 with value: 0.46670732458156666.
[I 2025-03-11 22:38:01,913] Trial 105 finished with value: 0.46869199139884155 and parameters: {'learning_rate': 0.019574547220267857, 'depth': 10, 'l2_leaf_reg': 0.41427449998908517, 'min_child_samples': 8}. Best is trial 96 with value: 0.46670732458156666.
[I 2025-03-11 22:38:05,650] Trial 106 finished with value: 0.47068489784799616 and parameters: {'learning_rate': 0.019039350297240513, 'depth': 10, 'l2_leaf_reg': 0.3121214314114894, 'min_child_samples': 8}. Best is trial 96 with value: 0.46670732458156666.
[I 2025-03-11 22:38:08,479] Trial 107 finished with value: 0.4667524344252749 and parameters: {'learning_rate': 0.01843567816654708, 'depth': 9, 'l2_leaf_reg': 0.1809233184381409, 'min_child_samples': 8}. Best is trial 96 with value: 0.46670732458156666.
[I 2025-03-11 22:38:11,331] Trial 108 finished with value: 0.47035971627960954 and parameters: {'learning_rate': 0.017188766332569144, 'depth': 9, 'l2_leaf_reg': 0.16773064336801302, 'min_child_samples': 8}. Best is trial 96 with value: 0.46670732458156666.
[I 2025-03-11 22:38:14,023] Trial 109 finished with value: 0.4696011785113081 and parameters: {'learning_rate': 0.018358637174652137, 'depth': 8, 'l2_leaf_reg': 0.04121944444265985, 'min_child_samples': 8}. Best is trial 96 with value: 0.46670732458156666.
[I 2025-03-11 22:38:17,613] Trial 110 finished with value: 0.46993744785315905 and parameters: {'learning_rate': 0.017496443852544414, 'depth': 10, 'l2_leaf_reg': 0.5319955540730723, 'min_child_samples': 8}. Best is trial 96 with value: 0.46670732458156666.
[I 2025-03-11 22:38:20,561] Trial 111 finished with value: 0.4675488567840255 and parameters: {'learning_rate': 0.019981047291621062, 'depth': 9, 'l2_leaf_reg': 0.38102764288821434, 'min_child_samples': 8}. Best is trial 96 with value: 0.46670732458156666.
