[I 2025-03-11 22:11:49,428] Trial 273 finished with value: 0.18797652351702707 and parameters: {'learning_rate': 0.019097218337912593, 'depth': 12, 'l2_leaf_reg': 0.803384044651953, 'min_child_samples': 8}. Best is trial 259 with value: 0.18113207237539872.
[I 2025-03-11 22:11:53,702] Trial 274 finished with value: 0.18261418521232775 and parameters: {'learning_rate': 0.019336871106926775, 'depth': 11, 'l2_leaf_reg': 2.413122184412273, 'min_child_samples': 1}. Best is trial 259 with value: 0.18113207237539872.
[I 2025-03-11 22:11:58,299] Trial 275 finished with value: 0.18166971654651012 and parameters: {'learning_rate': 0.018662287824776098, 'depth': 11, 'l2_leaf_reg': 2.3489744553208594, 'min_child_samples': 8}. Best is trial 259 with value: 0.18113207237539872.
[I 2025-03-11 22:12:02,689] Trial 276 finished with value: 0.18427923749100428 and parameters: {'learning_rate': 0.017943282291083433, 'depth': 11, 'l2_leaf_reg': 2.3427060974836076, 'min_child_samples': 1}. Best is trial 259 with value: 0.18113207237539872.
[I 2025-03-11 22:12:06,213] Trial 277 finished with value: 0.18471168670169452 and parameters: {'learning_rate': 0.018516364102415635, 'depth': 10, 'l2_leaf_reg': 2.292017739043796, 'min_child_samples': 16}. Best is trial 259 with value: 0.18113207237539872.
[I 2025-03-11 22:12:10,896] Trial 278 finished with value: 0.1839314567556866 and parameters: {'learning_rate': 0.018676273970586445, 'depth': 11, 'l2_leaf_reg': 2.2238922878815335, 'min_child_samples': 8}. Best is trial 259 with value: 0.18113207237539872.
[I 2025-03-11 22:12:17,079] Trial 279 finished with value: 0.1874376454544111 and parameters: {'learning_rate': 0.01893433333436798, 'depth': 12, 'l2_leaf_reg': 1.5440941324740494, 'min_child_samples': 4}. Best is trial 259 with value: 0.18113207237539872.
[I 2025-03-11 22:12:21,554] Trial 280 finished with value: 0.18347780511840409 and parameters: {'learning_rate': 0.018193891174444133, 'depth': 11, 'l2_leaf_reg': 2.444901813819024, 'min_child_samples': 1}. Best is trial 259 with value: 0.18113207237539872.
[I 2025-03-11 22:12:25,979] Trial 281 finished with value: 0.18291641501426067 and parameters: {'learning_rate': 0.019136890745264947, 'depth': 11, 'l2_leaf_reg': 2.378915602003688, 'min_child_samples': 8}. Best is trial 259 with value: 0.18113207237539872.
[I 2025-03-11 22:12:31,939] Trial 282 finished with value: 0.20766056818766224 and parameters: {'learning_rate': 0.006994781086806594, 'depth': 12, 'l2_leaf_reg': 2.2663788114749908, 'min_child_samples': 8}. Best is trial 259 with value: 0.18113207237539872.
[I 2025-03-11 22:12:36,259] Trial 283 finished with value: 0.1823653852489925 and parameters: {'learning_rate': 0.018435844607821956, 'depth': 11, 'l2_leaf_reg': 1.1263303434894567, 'min_child_samples': 1}. Best is trial 259 with value: 0.18113207237539872.
[I 2025-03-11 22:12:39,784] Trial 284 finished with value: 0.18519774942860734 and parameters: {'learning_rate': 0.019713598706376186, 'depth': 10, 'l2_leaf_reg': 2.139125652369459, 'min_child_samples': 8}. Best is trial 259 with value: 0.18113207237539872.
[I 2025-03-11 22:12:44,510] Trial 285 finished with value: 0.18177034805092496 and parameters: {'learning_rate': 0.018838794406052253, 'depth': 11, 'l2_leaf_reg': 2.3435143566224887, 'min_child_samples': 1}. Best is trial 259 with value: 0.18113207237539872.
[I 2025-03-11 22:12:49,064] Trial 286 finished with value: 0.1860959644995016 and parameters: {'learning_rate': 0.017211056054479798, 'depth': 11, 'l2_leaf_reg': 2.5139813042395227, 'min_child_samples': 1}. Best is trial 259 with value: 0.18113207237539872.
[I 2025-03-11 22:12:55,214] Trial 287 finished with value: 0.18945416003516177 and parameters: {'learning_rate': 0.017839593785076727, 'depth': 12, 'l2_leaf_reg': 2.3515075521793563, 'min_child_samples': 1}. Best is trial 259 with value: 0.18113207237539872.
[I 2025-03-11 22:12:58,590] Trial 288 finished with value: 0.18515672768868602 and parameters: {'learning_rate': 0.018781620755846336, 'depth': 10, 'l2_leaf_reg': 2.4235513974982053, 'min_child_samples': 1}. Best is trial 259 with value: 0.18113207237539872.
[I 2025-03-11 22:13:03,215] Trial 289 finished with value: 0.18359814319958007 and parameters: {'learning_rate': 0.018230444406329167, 'depth': 11, 'l2_leaf_reg': 2.1992762393350596, 'min_child_samples': 1}. Best is trial 259 with value: 0.18113207237539872.
[I 2025-03-11 22:13:07,705] Trial 290 finished with value: 0.1830890756091063 and parameters: {'learning_rate': 0.01897880093776135, 'depth': 11, 'l2_leaf_reg': 2.3123471138682934, 'min_child_samples': 1}. Best is trial 259 with value: 0.18113207237539872.
[I 2025-03-11 22:13:12,190] Trial 291 finished with value: 0.18435240633162556 and parameters: {'learning_rate': 0.0185218067255982, 'depth': 11, 'l2_leaf_reg': 2.4765959615278104, 'min_child_samples': 1}. Best is trial 259 with value: 0.18113207237539872.
[I 2025-03-11 22:13:18,395] Trial 292 finished with value: 0.18505221406153985 and parameters: {'learning_rate': 0.019300570162032626, 'depth': 12, 'l2_leaf_reg': 1.4017744831595982, 'min_child_samples': 1}. Best is trial 259 with value: 0.18113207237539872.
[I 2025-03-11 22:13:21,763] Trial 293 finished with value: 0.18462411048375202 and parameters: {'learning_rate': 0.018703294409163494, 'depth': 10, 'l2_leaf_reg': 2.3597870477564, 'min_child_samples': 1}. Best is trial 259 with value: 0.18113207237539872.
[I 2025-03-11 22:13:26,120] Trial 294 finished with value: 0.18333708358337047 and parameters: {'learning_rate': 0.01816876226111723, 'depth': 11, 'l2_leaf_reg': 2.2729284737587947, 'min_child_samples': 32}. Best is trial 259 with value: 0.18113207237539872.
[I 2025-03-11 22:13:30,525] Trial 295 finished with value: 0.19514614594214597 and parameters: {'learning_rate': 0.008782632916311118, 'depth': 11, 'l2_leaf_reg': 2.202065264158647, 'min_child_samples': 1}. Best is trial 259 with value: 0.18113207237539872.
[I 2025-03-11 22:13:34,705] Trial 296 finished with value: 0.2742103750856421 and parameters: {'learning_rate': 0.003945846253819019, 'depth': 11, 'l2_leaf_reg': 1.9690063591700264, 'min_child_samples': 4}. Best is trial 259 with value: 0.18113207237539872.
[I 2025-03-11 22:13:40,977] Trial 297 finished with value: 0.18701714169671915 and parameters: {'learning_rate': 0.01915929277255759, 'depth': 12, 'l2_leaf_reg': 2.393492099741483, 'min_child_samples': 1}. Best is trial 259 with value: 0.18113207237539872.
[I 2025-03-11 22:13:45,537] Trial 298 finished with value: 0.18233235980754664 and parameters: {'learning_rate': 0.01886573358704897, 'depth': 11, 'l2_leaf_reg': 0.061934143222361036, 'min_child_samples': 32}. Best is trial 259 with value: 0.18113207237539872.
[I 2025-03-11 22:13:49,034] Trial 299 finished with value: 0.18508144594326972 and parameters: {'learning_rate': 0.019548421344366865, 'depth': 10, 'l2_leaf_reg': 2.3038812993633635, 'min_child_samples': 1}. Best is trial 259 with value: 0.18113207237539872.
[I 2025-03-11 22:13:53,374] Trial 300 finished with value: 0.18452491126452797 and parameters: {'learning_rate': 0.017808926517849443, 'depth': 11, 'l2_leaf_reg': 2.1022752887679395, 'min_child_samples': 8}. Best is trial 259 with value: 0.18113207237539872.
[I 2025-03-11 22:13:58,021] Trial 301 finished with value: 0.1830745295564677 and parameters: {'learning_rate': 0.01845878634997984, 'depth': 11, 'l2_leaf_reg': 2.248842798040795, 'min_child_samples': 1}. Best is trial 259 with value: 0.18113207237539872.
[I 2025-03-11 22:14:02,334] Trial 302 finished with value: 0.18282680639402807 and parameters: {'learning_rate': 0.019373167107572187, 'depth': 11, 'l2_leaf_reg': 2.6516590064103993, 'min_child_samples': 8}. Best is trial 259 with value: 0.18113207237539872.
[I 2025-03-11 22:14:08,566] Trial 303 finished with value: 0.18755593032446 and parameters: {'learning_rate': 0.018945913238517666, 'depth': 12, 'l2_leaf_reg': 1.6804398907302862, 'min_child_samples': 16}. Best is trial 259 with value: 0.18113207237539872.
[I 2025-03-11 22:14:13,169] Trial 304 finished with value: 0.1838366947847241 and parameters: {'learning_rate': 0.019510017858663933, 'depth': 11, 'l2_leaf_reg': 2.5565800348922854, 'min_child_samples': 8}. Best is trial 259 with value: 0.18113207237539872.
[I 2025-03-11 22:14:16,759] Trial 305 finished with value: 0.18686184959163482 and parameters: {'learning_rate': 0.01862547170573515, 'depth': 10, 'l2_leaf_reg': 2.443960293418942, 'min_child_samples': 1}. Best is trial 259 with value: 0.18113207237539872.
[I 2025-03-11 22:14:21,143] Trial 306 finished with value: 0.1828765573927908 and parameters: {'learning_rate': 0.019983489184494226, 'depth': 11, 'l2_leaf_reg': 2.3307367761540605, 'min_child_samples': 4}. Best is trial 259 with value: 0.18113207237539872.
[I 2025-03-11 22:14:25,713] Trial 307 finished with value: 0.18507690356047024 and parameters: {'learning_rate': 0.017523306938060902, 'depth': 11, 'l2_leaf_reg': 0.0013848848330637997, 'min_child_samples': 8}. Best is trial 259 with value: 0.18113207237539872.
[I 2025-03-11 22:14:32,139] Trial 308 finished with value: 0.19044049818305153 and parameters: {'learning_rate': 0.01424575566036741, 'depth': 12, 'l2_leaf_reg': 2.155133415028818, 'min_child_samples': 1}. Best is trial 259 with value: 0.18113207237539872.
[I 2025-03-11 22:14:35,661] Trial 309 finished with value: 0.1852009174690051 and parameters: {'learning_rate': 0.019197991951796993, 'depth': 10, 'l2_leaf_reg': 2.2117403229160435, 'min_child_samples': 32}. Best is trial 259 with value: 0.18113207237539872.
[I 2025-03-11 22:14:40,107] Trial 310 finished with value: 0.18280392061071674 and parameters: {'learning_rate': 0.01819901643128766, 'depth': 11, 'l2_leaf_reg': 2.3739381439961305, 'min_child_samples': 8}. Best is trial 259 with value: 0.18113207237539872.
[I 2025-03-11 22:14:44,680] Trial 311 finished with value: 0.1820263296358539 and parameters: {'learning_rate': 0.01905542186299844, 'depth': 11, 'l2_leaf_reg': 0.10313692323932755, 'min_child_samples': 1}. Best is trial 259 with value: 0.18113207237539872.
[I 2025-03-11 22:14:49,227] Trial 312 finished with value: 0.18191964626557092 and parameters: {'learning_rate': 0.019557542225297386, 'depth': 11, 'l2_leaf_reg': 0.08492678509087302, 'min_child_samples': 8}. Best is trial 259 with value: 0.18113207237539872.
[I 2025-03-11 22:14:55,485] Trial 313 finished with value: 0.18722430155205244 and parameters: {'learning_rate': 0.019636815697733935, 'depth': 12, 'l2_leaf_reg': 0.10335746796231886, 'min_child_samples': 1}. Best is trial 259 with value: 0.18113207237539872.
[I 2025-03-11 22:15:00,015] Trial 314 finished with value: 0.18265803582188297 and parameters: {'learning_rate': 0.019307325535180553, 'depth': 11, 'l2_leaf_reg': 0.06994312067823223, 'min_child_samples': 8}. Best is trial 259 with value: 0.18113207237539872.
[I 2025-03-11 22:15:03,617] Trial 315 finished with value: 0.18379358259631437 and parameters: {'learning_rate': 0.01968536409969189, 'depth': 10, 'l2_leaf_reg': 0.09987226940529478, 'min_child_samples': 1}. Best is trial 259 with value: 0.18113207237539872.
[I 2025-03-11 22:15:08,287] Trial 316 finished with value: 0.18266644922098568 and parameters: {'learning_rate': 0.019980886503225524, 'depth': 11, 'l2_leaf_reg': 0.15392185058253832, 'min_child_samples': 8}. Best is trial 259 with value: 0.18113207237539872.
[I 2025-03-11 22:15:09,530] Trial 317 finished with value: 0.4842175530709933 and parameters: {'learning_rate': 0.01902637882714843, 'depth': 1, 'l2_leaf_reg': 0.10931610166168232, 'min_child_samples': 1}. Best is trial 259 with value: 0.18113207237539872.
[I 2025-03-11 22:15:14,022] Trial 318 finished with value: 0.18463611757754272 and parameters: {'learning_rate': 0.01937632259373355, 'depth': 11, 'l2_leaf_reg': 0.025375689157731068, 'min_child_samples': 8}. Best is trial 259 with value: 0.18113207237539872.
[I 2025-03-11 22:15:20,282] Trial 319 finished with value: 0.18721952675739956 and parameters: {'learning_rate': 0.014957606830034989, 'depth': 12, 'l2_leaf_reg': 0.061666302274059115, 'min_child_samples': 32}. Best is trial 259 with value: 0.18113207237539872.
[I 2025-03-11 22:15:24,797] Trial 320 finished with value: 0.18209294918172408 and parameters: {'learning_rate': 0.01905507890973622, 'depth': 11, 'l2_leaf_reg': 0.174449860582992, 'min_child_samples': 1}. Best is trial 259 with value: 0.18113207237539872.
[I 2025-03-11 22:15:29,312] Trial 321 finished with value: 0.18387363237774196 and parameters: {'learning_rate': 0.019636514510081648, 'depth': 11, 'l2_leaf_reg': 0.14966746546080414, 'min_child_samples': 4}. Best is trial 259 with value: 0.18113207237539872.
[I 2025-03-11 22:15:33,069] Trial 322 finished with value: 0.18500127449862327 and parameters: {'learning_rate': 0.018789109551297725, 'depth': 10, 'l2_leaf_reg': 0.149341919121343, 'min_child_samples': 8}. Best is trial 259 with value: 0.18113207237539872.
[I 2025-03-11 22:15:37,433] Trial 323 finished with value: 0.18350455720193365 and parameters: {'learning_rate': 0.019222040842696693, 'depth': 11, 'l2_leaf_reg': 0.20664446310865173, 'min_child_samples': 1}. Best is trial 259 with value: 0.18113207237539872.
[I 2025-03-11 22:15:39,867] Trial 324 finished with value: 0.1969984379257132 and parameters: {'learning_rate': 0.019605408181626635, 'depth': 8, 'l2_leaf_reg': 0.06748514187730466, 'min_child_samples': 8}. Best is trial 259 with value: 0.18113207237539872.
[I 2025-03-11 22:15:44,378] Trial 325 finished with value: 0.18432028618154428 and parameters: {'learning_rate': 0.018816719534839134, 'depth': 11, 'l2_leaf_reg': 0.04413913622736889, 'min_child_samples': 1}. Best is trial 259 with value: 0.18113207237539872.
[I 2025-03-11 22:15:48,937] Trial 326 finished with value: 0.1825709564443391 and parameters: {'learning_rate': 0.01997600736682236, 'depth': 11, 'l2_leaf_reg': 0.21862979028322166, 'min_child_samples': 8}. Best is trial 259 with value: 0.18113207237539872.
[I 2025-03-11 22:15:51,148] Trial 327 finished with value: 0.20485745656270318 and parameters: {'learning_rate': 0.0192409774662934, 'depth': 7, 'l2_leaf_reg': 0.12505873490763872, 'min_child_samples': 1}. Best is trial 259 with value: 0.18113207237539872.
[I 2025-03-11 22:15:57,559] Trial 328 finished with value: 0.1879360868838166 and parameters: {'learning_rate': 0.018864182182285527, 'depth': 12, 'l2_leaf_reg': 1.834384025490587, 'min_child_samples': 32}. Best is trial 259 with value: 0.18113207237539872.
[I 2025-03-11 22:16:01,046] Trial 329 finished with value: 0.18452142833922758 and parameters: {'learning_rate': 0.01941892225032849, 'depth': 10, 'l2_leaf_reg': 0.003300045526764081, 'min_child_samples': 8}. Best is trial 259 with value: 0.18113207237539872.
[I 2025-03-11 22:16:16,935] Trial 330 finished with value: 0.20896254364043734 and parameters: {'learning_rate': 0.0186052088588305, 'depth': 14, 'l2_leaf_reg': 0.10549610649532815, 'min_child_samples': 1}. Best is trial 259 with value: 0.18113207237539872.
[I 2025-03-11 22:16:21,213] Trial 331 finished with value: 0.18279421688445463 and parameters: {'learning_rate': 0.019611060793056228, 'depth': 11, 'l2_leaf_reg': 2.4836445270221343, 'min_child_samples': 8}. Best is trial 259 with value: 0.18113207237539872.
[I 2025-03-11 22:16:24,679] Trial 332 finished with value: 0.18520439505352929 and parameters: {'learning_rate': 0.019157964994286146, 'depth': 10, 'l2_leaf_reg': 0.18326606085670497, 'min_child_samples': 1}. Best is trial 259 with value: 0.18113207237539872.
[I 2025-03-11 22:16:27,765] Trial 333 finished with value: 0.18821410103906674 and parameters: {'learning_rate': 0.018917710453918674, 'depth': 9, 'l2_leaf_reg': 2.7733572798528368, 'min_child_samples': 16}. Best is trial 259 with value: 0.18113207237539872.
[I 2025-03-11 22:16:34,084] Trial 334 finished with value: 0.18680765737809332 and parameters: {'learning_rate': 0.019676799277304712, 'depth': 12, 'l2_leaf_reg': 2.586327114764285, 'min_child_samples': 8}. Best is trial 259 with value: 0.18113207237539872.
[I 2025-03-11 22:16:38,397] Trial 335 finished with value: 0.18325592826731135 and parameters: {'learning_rate': 0.01847063415340814, 'depth': 11, 'l2_leaf_reg': 2.4247176460194138, 'min_child_samples': 1}. Best is trial 259 with value: 0.18113207237539872.
[I 2025-03-11 22:16:42,879] Trial 336 finished with value: 0.1831653533267325 and parameters: {'learning_rate': 0.019196976337939077, 'depth': 11, 'l2_leaf_reg': 0.04960431759526935, 'min_child_samples': 4}. Best is trial 259 with value: 0.18113207237539872.
[I 2025-03-11 22:16:49,471] Trial 337 finished with value: 0.1866001689388743 and parameters: {'learning_rate': 0.019992895903192462, 'depth': 12, 'l2_leaf_reg': 1.4689316472589264, 'min_child_samples': 8}. Best is trial 259 with value: 0.18113207237539872.
[I 2025-03-11 22:16:53,829] Trial 338 finished with value: 0.18451787766136862 and parameters: {'learning_rate': 0.01879017821508302, 'depth': 11, 'l2_leaf_reg': 1.6041245904082237, 'min_child_samples': 1}. Best is trial 259 with value: 0.18113207237539872.
[I 2025-03-11 22:16:58,463] Trial 339 finished with value: 0.18314029465596096 and parameters: {'learning_rate': 0.01942786489164517, 'depth': 11, 'l2_leaf_reg': 2.388705013487875, 'min_child_samples': 32}. Best is trial 259 with value: 0.18113207237539872.
[I 2025-03-11 22:17:01,921] Trial 340 finished with value: 0.1855045351431645 and parameters: {'learning_rate': 0.01903504374007437, 'depth': 10, 'l2_leaf_reg': 0.2102629854903873, 'min_child_samples': 8}. Best is trial 259 with value: 0.18113207237539872.
[I 2025-03-11 22:17:06,522] Trial 341 finished with value: 0.19206792870577252 and parameters: {'learning_rate': 0.010071771262716717, 'depth': 11, 'l2_leaf_reg': 0.14111848712894828, 'min_child_samples': 1}. Best is trial 259 with value: 0.18113207237539872.
[I 2025-03-11 22:17:12,597] Trial 342 finished with value: 0.1863757739977835 and parameters: {'learning_rate': 0.01999341898537221, 'depth': 12, 'l2_leaf_reg': 2.5106992928367413, 'min_child_samples': 8}. Best is trial 259 with value: 0.18113207237539872.
[I 2025-03-11 22:17:41,552] Trial 343 finished with value: 0.22974101660122462 and parameters: {'learning_rate': 0.0185268845112286, 'depth': 15, 'l2_leaf_reg': 0.9019795273483815, 'min_child_samples': 1}. Best is trial 259 with value: 0.18113207237539872.
[I 2025-03-11 22:17:45,696] Trial 344 finished with value: 0.1828242962331886 and parameters: {'learning_rate': 0.019520425942398955, 'depth': 11, 'l2_leaf_reg': 1.8950740607763148, 'min_child_samples': 8}. Best is trial 259 with value: 0.18113207237539872.
[I 2025-03-11 22:17:54,970] Trial 345 finished with value: 0.19307385866119975 and parameters: {'learning_rate': 0.018132761304279914, 'depth': 13, 'l2_leaf_reg': 2.03593083611733, 'min_child_samples': 1}. Best is trial 259 with value: 0.18113207237539872.
[I 2025-03-11 22:17:58,623] Trial 346 finished with value: 0.18713399463397057 and parameters: {'learning_rate': 0.01908019156336802, 'depth': 10, 'l2_leaf_reg': 2.335228532579878, 'min_child_samples': 8}. Best is trial 259 with value: 0.18113207237539872.
[I 2025-03-11 22:18:00,091] Trial 347 finished with value: 0.35192072534871305 and parameters: {'learning_rate': 0.019486755206781226, 'depth': 2, 'l2_leaf_reg': 0.09378639380176197, 'min_child_samples': 1}. Best is trial 259 with value: 0.18113207237539872.
[I 2025-03-11 22:18:04,711] Trial 348 finished with value: 0.18469206959179116 and parameters: {'learning_rate': 0.018684185967687988, 'depth': 11, 'l2_leaf_reg': 2.45560930982455, 'min_child_samples': 32}. Best is trial 259 with value: 0.18113207237539872.
[I 2025-03-11 22:18:09,061] Trial 349 finished with value: 0.18204077346418657 and parameters: {'learning_rate': 0.019171227740157084, 'depth': 11, 'l2_leaf_reg': 2.7058299573834472, 'min_child_samples': 4}. Best is trial 259 with value: 0.18113207237539872.
[I 2025-03-11 22:18:13,635] Trial 350 finished with value: 0.18253564524057606 and parameters: {'learning_rate': 0.019677202949086897, 'depth': 11, 'l2_leaf_reg': 0.23572059566713285, 'min_child_samples': 4}. Best is trial 259 with value: 0.18113207237539872.
[I 2025-03-11 22:18:19,974] Trial 351 finished with value: 0.18706669645155483 and parameters: {'learning_rate': 0.01927953286815666, 'depth': 12, 'l2_leaf_reg': 2.730884696084378, 'min_child_samples': 4}. Best is trial 259 with value: 0.18113207237539872.
[I 2025-03-11 22:18:24,238] Trial 352 finished with value: 0.18300262704665463 and parameters: {'learning_rate': 0.01846080228934658, 'depth': 11, 'l2_leaf_reg': 2.5858131517435825, 'min_child_samples': 4}. Best is trial 259 with value: 0.18113207237539872.
[I 2025-03-11 22:18:28,684] Trial 353 finished with value: 0.18317078407897025 and parameters: {'learning_rate': 0.018987943757194495, 'depth': 11, 'l2_leaf_reg': 2.674799974653476, 'min_child_samples': 4}. Best is trial 259 with value: 0.18113207237539872.
[I 2025-03-11 22:18:33,060] Trial 354 finished with value: 0.18411725901191914 and parameters: {'learning_rate': 0.01962393179558765, 'depth': 11, 'l2_leaf_reg': 2.9039312437437923, 'min_child_samples': 4}. Best is trial 259 with value: 0.18113207237539872.
[I 2025-03-11 22:18:36,665] Trial 355 finished with value: 0.1862010279749779 and parameters: {'learning_rate': 0.01787908736802715, 'depth': 10, 'l2_leaf_reg': 0.0010732581132491233, 'min_child_samples': 4}. Best is trial 259 with value: 0.18113207237539872.
[I 2025-03-11 22:18:43,110] Trial 356 finished with value: 0.18589463332863165 and parameters: {'learning_rate': 0.01873324647759924, 'depth': 12, 'l2_leaf_reg': 2.6771658057677454, 'min_child_samples': 8}. Best is trial 259 with value: 0.18113207237539872.
[I 2025-03-11 22:18:47,674] Trial 357 finished with value: 0.1840680657239436 and parameters: {'learning_rate': 0.019353312758570884, 'depth': 11, 'l2_leaf_reg': 2.527671285303965, 'min_child_samples': 8}. Best is trial 259 with value: 0.18113207237539872.
