[I 2025-03-11 21:49:02,112] Trial 18 finished with value: 0.2175654822672332 and parameters: {'learning_rate': 0.006271587021459686, 'depth': 13, 'l2_leaf_reg': 0.9315594554963247, 'min_child_samples': 8}. Best is trial 11 with value: 0.1862305202924523.
[I 2025-03-11 21:49:04,126] Trial 19 finished with value: 0.24050335934103037 and parameters: {'learning_rate': 0.010996141517710379, 'depth': 6, 'l2_leaf_reg': 0.13694999603528357, 'min_child_samples': 8}. Best is trial 11 with value: 0.1862305202924523.
[I 2025-03-11 21:49:07,447] Trial 20 finished with value: 0.7275881953893875 and parameters: {'learning_rate': 0.000686569264365007, 'depth': 10, 'l2_leaf_reg': 1.6948522340885004, 'min_child_samples': 8}. Best is trial 11 with value: 0.1862305202924523.
[I 2025-03-11 21:49:11,756] Trial 21 finished with value: 0.1878272127235709 and parameters: {'learning_rate': 0.013048609743980569, 'depth': 11, 'l2_leaf_reg': 2.8687602162753074, 'min_child_samples': 4}. Best is trial 11 with value: 0.1862305202924523.
[I 2025-03-11 21:49:21,126] Trial 22 finished with value: 0.1948296606275728 and parameters: {'learning_rate': 0.014626620817100502, 'depth': 13, 'l2_leaf_reg': 2.6264782692349513, 'min_child_samples': 4}. Best is trial 11 with value: 0.1862305202924523.
[I 2025-03-11 21:49:24,579] Trial 23 finished with value: 0.20259803455852254 and parameters: {'learning_rate': 0.008099185727521926, 'depth': 10, 'l2_leaf_reg': 1.6717010117054931, 'min_child_samples': 4}. Best is trial 11 with value: 0.1862305202924523.
[I 2025-03-11 21:49:33,981] Trial 24 finished with value: 0.19883189180615468 and parameters: {'learning_rate': 0.011897583593693846, 'depth': 13, 'l2_leaf_reg': 1.0708210850627724, 'min_child_samples': 16}. Best is trial 11 with value: 0.1862305202924523.
[I 2025-03-11 21:49:36,893] Trial 25 finished with value: 0.19414186334761904 and parameters: {'learning_rate': 0.014788640282099839, 'depth': 9, 'l2_leaf_reg': 2.39295821948044, 'min_child_samples': 8}. Best is trial 11 with value: 0.1862305202924523.
[I 2025-03-11 21:49:41,299] Trial 26 finished with value: 0.18515269432794626 and parameters: {'learning_rate': 0.017589806089797714, 'depth': 11, 'l2_leaf_reg': 2.780675031750769, 'min_child_samples': 4}. Best is trial 26 with value: 0.18515269432794626.
[I 2025-03-11 21:49:57,582] Trial 27 finished with value: 0.20552564728364403 and parameters: {'learning_rate': 0.017930283331217683, 'depth': 14, 'l2_leaf_reg': 0.3758787607095413, 'min_child_samples': 4}. Best is trial 26 with value: 0.18515269432794626.
[I 2025-03-11 21:49:59,602] Trial 28 finished with value: 0.20575865160806908 and parameters: {'learning_rate': 0.0178053360452654, 'depth': 7, 'l2_leaf_reg': 2.06563312103671, 'min_child_samples': 8}. Best is trial 26 with value: 0.18515269432794626.
[I 2025-03-11 21:50:04,182] Trial 29 finished with value: 0.18520766008686435 and parameters: {'learning_rate': 0.016386053658400998, 'depth': 11, 'l2_leaf_reg': 1.6891709272541517, 'min_child_samples': 32}. Best is trial 26 with value: 0.18515269432794626.
[I 2025-03-11 21:50:07,193] Trial 30 finished with value: 0.1884930799823787 and parameters: {'learning_rate': 0.01972634849434024, 'depth': 9, 'l2_leaf_reg': 1.7212599774994268, 'min_child_samples': 32}. Best is trial 26 with value: 0.18515269432794626.
[I 2025-03-11 21:50:11,697] Trial 31 finished with value: 0.18554173478451788 and parameters: {'learning_rate': 0.017088471845396892, 'depth': 11, 'l2_leaf_reg': 1.3886594972060717, 'min_child_samples': 32}. Best is trial 26 with value: 0.18515269432794626.
[I 2025-03-11 21:50:16,145] Trial 32 finished with value: 0.18486989768666598 and parameters: {'learning_rate': 0.016778122660209522, 'depth': 11, 'l2_leaf_reg': 1.4922638732773779, 'min_child_samples': 32}. Best is trial 32 with value: 0.18486989768666598.
[I 2025-03-11 21:50:32,302] Trial 33 finished with value: 0.20430398771788127 and parameters: {'learning_rate': 0.017195247709715006, 'depth': 14, 'l2_leaf_reg': 1.4227906409889755, 'min_child_samples': 32}. Best is trial 32 with value: 0.18486989768666598.
[I 2025-03-11 21:50:34,780] Trial 34 finished with value: 0.19689306022082978 and parameters: {'learning_rate': 0.018486219275064796, 'depth': 8, 'l2_leaf_reg': 1.2008304588021597, 'min_child_samples': 32}. Best is trial 32 with value: 0.18486989768666598.
[I 2025-03-11 21:50:38,255] Trial 35 finished with value: 0.18790359007576993 and parameters: {'learning_rate': 0.01552526472076368, 'depth': 10, 'l2_leaf_reg': 1.5640498077333602, 'min_child_samples': 32}. Best is trial 32 with value: 0.18486989768666598.
[I 2025-03-11 21:50:44,561] Trial 36 finished with value: 0.18723149760971391 and parameters: {'learning_rate': 0.0170845340526136, 'depth': 12, 'l2_leaf_reg': 1.834136196642699, 'min_child_samples': 32}. Best is trial 32 with value: 0.18486989768666598.
[I 2025-03-11 21:51:40,417] Trial 37 finished with value: 0.2583076445669408 and parameters: {'learning_rate': 0.018634488846306196, 'depth': 16, 'l2_leaf_reg': 1.1832269188840752, 'min_child_samples': 32}. Best is trial 32 with value: 0.18486989768666598.
[I 2025-03-11 21:51:42,818] Trial 38 finished with value: 0.1999760331568489 and parameters: {'learning_rate': 0.015436526723495285, 'depth': 8, 'l2_leaf_reg': 0.9087289648561091, 'min_child_samples': 32}. Best is trial 32 with value: 0.18486989768666598.
[I 2025-03-11 21:51:58,861] Trial 39 finished with value: 0.21022768585276877 and parameters: {'learning_rate': 0.016784692451477578, 'depth': 14, 'l2_leaf_reg': 1.3374767423632783, 'min_child_samples': 1}. Best is trial 32 with value: 0.18486989768666598.
[I 2025-03-11 21:51:59,786] Trial 40 finished with value: 0.48399387151352447 and parameters: {'learning_rate': 0.019089540082549563, 'depth': 1, 'l2_leaf_reg': 2.2056122696434284, 'min_child_samples': 32}. Best is trial 32 with value: 0.18486989768666598.
[I 2025-03-11 21:52:04,483] Trial 41 finished with value: 0.18598944387785585 and parameters: {'learning_rate': 0.014357338065156839, 'depth': 11, 'l2_leaf_reg': 1.5180843132047985, 'min_child_samples': 32}. Best is trial 32 with value: 0.18486989768666598.
[I 2025-03-11 21:52:07,742] Trial 42 finished with value: 0.18644262779540127 and parameters: {'learning_rate': 0.01756495589586022, 'depth': 10, 'l2_leaf_reg': 1.5117011189209293, 'min_child_samples': 32}. Best is trial 32 with value: 0.18486989768666598.
[I 2025-03-11 21:52:12,463] Trial 43 finished with value: 0.18157881788166932 and parameters: {'learning_rate': 0.01997676502454308, 'depth': 11, 'l2_leaf_reg': 1.9847695204390081, 'min_child_samples': 32}. Best is trial 43 with value: 0.18157881788166932.
[I 2025-03-11 21:52:15,239] Trial 44 finished with value: 0.18940242724061604 and parameters: {'learning_rate': 0.019758337567132328, 'depth': 9, 'l2_leaf_reg': 1.9621146866139485, 'min_child_samples': 32}. Best is trial 43 with value: 0.18157881788166932.
[I 2025-03-11 21:52:24,759] Trial 45 finished with value: 0.19327207173842065 and parameters: {'learning_rate': 0.018526842413402234, 'depth': 13, 'l2_leaf_reg': 2.3231011034627627, 'min_child_samples': 1}. Best is trial 43 with value: 0.18157881788166932.
[I 2025-03-11 21:52:30,994] Trial 46 finished with value: 0.1886157498806031 and parameters: {'learning_rate': 0.016445087498592435, 'depth': 12, 'l2_leaf_reg': 1.83729530262952, 'min_child_samples': 32}. Best is trial 43 with value: 0.18157881788166932.
[I 2025-03-11 21:52:32,471] Trial 47 finished with value: 0.31145150092723917 and parameters: {'learning_rate': 0.015284689814914378, 'depth': 3, 'l2_leaf_reg': 1.3190980694216052, 'min_child_samples': 32}. Best is trial 43 with value: 0.18157881788166932.
[I 2025-03-11 21:52:36,744] Trial 48 finished with value: 0.3074626322614198 and parameters: {'learning_rate': 0.003391875146945159, 'depth': 11, 'l2_leaf_reg': 2.090652208620463, 'min_child_samples': 16}. Best is trial 43 with value: 0.18157881788166932.
[I 2025-03-11 21:52:40,334] Trial 49 finished with value: 0.1856708404958671 and parameters: {'learning_rate': 0.019915754142701487, 'depth': 10, 'l2_leaf_reg': 1.0500209016493056, 'min_child_samples': 32}. Best is trial 43 with value: 0.18157881788166932.
[I 2025-03-11 21:52:42,803] Trial 50 finished with value: 0.20635406110782373 and parameters: {'learning_rate': 0.018867180786252553, 'depth': 7, 'l2_leaf_reg': 0.7171534444630863, 'min_child_samples': 32}. Best is trial 43 with value: 0.18157881788166932.
[I 2025-03-11 21:52:47,111] Trial 51 finished with value: 0.18321585722455394 and parameters: {'learning_rate': 0.019834432729405407, 'depth': 11, 'l2_leaf_reg': 1.0691323814264242, 'min_child_samples': 32}. Best is trial 43 with value: 0.18157881788166932.
[I 2025-03-11 21:52:53,353] Trial 52 finished with value: 0.18847706457640945 and parameters: {'learning_rate': 0.01787600904103472, 'depth': 12, 'l2_leaf_reg': 1.6037774485192893, 'min_child_samples': 32}. Best is trial 43 with value: 0.18157881788166932.
[I 2025-03-11 21:52:57,948] Trial 53 finished with value: 0.18406092189561357 and parameters: {'learning_rate': 0.018924148505723645, 'depth': 11, 'l2_leaf_reg': 1.4269449789312627, 'min_child_samples': 32}. Best is trial 43 with value: 0.18157881788166932.
[I 2025-03-11 21:53:02,507] Trial 54 finished with value: 0.18403034405478957 and parameters: {'learning_rate': 0.019239897987132663, 'depth': 11, 'l2_leaf_reg': 1.7632481644838804, 'min_child_samples': 32}. Best is trial 43 with value: 0.18157881788166932.
[I 2025-03-11 21:53:08,739] Trial 55 finished with value: 0.18712518009812704 and parameters: {'learning_rate': 0.01912513791416369, 'depth': 12, 'l2_leaf_reg': 1.8519901749376486, 'min_child_samples': 1}. Best is trial 43 with value: 0.18157881788166932.
[I 2025-03-11 21:53:11,666] Trial 56 finished with value: 0.18968631025611216 and parameters: {'learning_rate': 0.019899387589698513, 'depth': 9, 'l2_leaf_reg': 1.0716610579374475, 'min_child_samples': 32}. Best is trial 43 with value: 0.18157881788166932.
[I 2025-03-11 21:53:21,303] Trial 57 finished with value: 0.19117680318631436 and parameters: {'learning_rate': 0.018091877738593515, 'depth': 13, 'l2_leaf_reg': 1.2519377348452632, 'min_child_samples': 16}. Best is trial 43 with value: 0.18157881788166932.
[I 2025-03-11 21:53:50,222] Trial 58 finished with value: 0.23140058434252736 and parameters: {'learning_rate': 0.019251871513505738, 'depth': 15, 'l2_leaf_reg': 2.4748557239852156, 'min_child_samples': 32}. Best is trial 43 with value: 0.18157881788166932.
[I 2025-03-11 21:53:53,490] Trial 59 finished with value: 0.1852747233247996 and parameters: {'learning_rate': 0.018364171895247333, 'depth': 10, 'l2_leaf_reg': 1.996312420707657, 'min_child_samples': 4}. Best is trial 43 with value: 0.18157881788166932.
[I 2025-03-11 21:53:57,743] Trial 60 finished with value: 0.1864564994032283 and parameters: {'learning_rate': 0.0173140042977661, 'depth': 11, 'l2_leaf_reg': 0.8043162675622472, 'min_child_samples': 32}. Best is trial 43 with value: 0.18157881788166932.
[I 2025-03-11 21:54:02,220] Trial 61 finished with value: 0.18468142194111387 and parameters: {'learning_rate': 0.016167763657914114, 'depth': 11, 'l2_leaf_reg': 1.7719618392127086, 'min_child_samples': 32}. Best is trial 43 with value: 0.18157881788166932.
[I 2025-03-11 21:54:08,289] Trial 62 finished with value: 0.18936245812728608 and parameters: {'learning_rate': 0.013743709276538044, 'depth': 12, 'l2_leaf_reg': 1.781353599888675, 'min_child_samples': 32}. Best is trial 43 with value: 0.18157881788166932.
[I 2025-03-11 21:54:11,769] Trial 63 finished with value: 0.18625711129916273 and parameters: {'learning_rate': 0.019218967881737974, 'depth': 10, 'l2_leaf_reg': 1.6155455996745305, 'min_child_samples': 32}. Best is trial 43 with value: 0.18157881788166932.
[I 2025-03-11 21:54:14,687] Trial 64 finished with value: 0.19123904115648918 and parameters: {'learning_rate': 0.015747809468262562, 'depth': 9, 'l2_leaf_reg': 1.4712159644489475, 'min_child_samples': 32}. Best is trial 43 with value: 0.18157881788166932.
[I 2025-03-11 21:54:19,139] Trial 65 finished with value: 0.18495884072427837 and parameters: {'learning_rate': 0.01788556167553661, 'depth': 11, 'l2_leaf_reg': 2.0999790699859973, 'min_child_samples': 4}. Best is trial 43 with value: 0.18157881788166932.
[I 2025-03-11 21:54:28,345] Trial 66 finished with value: 0.20932567894832246 and parameters: {'learning_rate': 0.007432463689279323, 'depth': 13, 'l2_leaf_reg': 2.133223062852426, 'min_child_samples': 32}. Best is trial 43 with value: 0.18157881788166932.
[I 2025-03-11 21:54:34,300] Trial 67 finished with value: 0.19474757281051905 and parameters: {'learning_rate': 0.009837899350888624, 'depth': 12, 'l2_leaf_reg': 1.9396380738913686, 'min_child_samples': 4}. Best is trial 43 with value: 0.18157881788166932.
[I 2025-03-11 21:54:37,829] Trial 68 finished with value: 0.18573003534830876 and parameters: {'learning_rate': 0.01838339641123472, 'depth': 10, 'l2_leaf_reg': 2.2902439246916417, 'min_child_samples': 16}. Best is trial 43 with value: 0.18157881788166932.
[I 2025-03-11 21:54:42,199] Trial 69 finished with value: 0.18482083341528946 and parameters: {'learning_rate': 0.016403643199136075, 'depth': 11, 'l2_leaf_reg': 2.0334107157286407, 'min_child_samples': 32}. Best is trial 43 with value: 0.18157881788166932.
[I 2025-03-11 21:54:46,418] Trial 70 finished with value: 0.18575536530087108 and parameters: {'learning_rate': 0.014903740533544298, 'depth': 11, 'l2_leaf_reg': 2.035236889920383, 'min_child_samples': 32}. Best is trial 43 with value: 0.18157881788166932.
[I 2025-03-11 21:54:50,986] Trial 71 finished with value: 0.184300437613948 and parameters: {'learning_rate': 0.016256441109347278, 'depth': 11, 'l2_leaf_reg': 2.133696469340823, 'min_child_samples': 32}. Best is trial 43 with value: 0.18157881788166932.
[I 2025-03-11 21:54:54,360] Trial 72 finished with value: 0.1867720179220012 and parameters: {'learning_rate': 0.01622761149812514, 'depth': 10, 'l2_leaf_reg': 1.7276065657595407, 'min_child_samples': 32}. Best is trial 43 with value: 0.18157881788166932.
[I 2025-03-11 21:55:00,638] Trial 73 finished with value: 0.1884449409184252 and parameters: {'learning_rate': 0.01674922143788862, 'depth': 12, 'l2_leaf_reg': 2.229006110520513, 'min_child_samples': 32}. Best is trial 43 with value: 0.18157881788166932.
[I 2025-03-11 21:55:05,036] Trial 74 finished with value: 0.18333705782819984 and parameters: {'learning_rate': 0.019382531065873683, 'depth': 11, 'l2_leaf_reg': 1.8816280211299288, 'min_child_samples': 32}. Best is trial 43 with value: 0.18157881788166932.
[I 2025-03-11 21:55:09,462] Trial 75 finished with value: 0.18432888218018176 and parameters: {'learning_rate': 0.019322760609544132, 'depth': 11, 'l2_leaf_reg': 1.9061782990049012, 'min_child_samples': 32}. Best is trial 43 with value: 0.18157881788166932.
[I 2025-03-11 21:55:19,038] Trial 76 finished with value: 0.19195627572778232 and parameters: {'learning_rate': 0.019188507054901445, 'depth': 13, 'l2_leaf_reg': 1.922643630284463, 'min_child_samples': 32}. Best is trial 43 with value: 0.18157881788166932.
[I 2025-03-11 21:55:22,613] Trial 77 finished with value: 0.18537629089658214 and parameters: {'learning_rate': 0.019966442615696044, 'depth': 10, 'l2_leaf_reg': 1.7502983655634743, 'min_child_samples': 32}. Best is trial 43 with value: 0.18157881788166932.
[I 2025-03-11 21:55:25,327] Trial 78 finished with value: 0.19007736805157582 and parameters: {'learning_rate': 0.019413229875327735, 'depth': 9, 'l2_leaf_reg': 1.8804516893262107, 'min_child_samples': 32}. Best is trial 43 with value: 0.18157881788166932.
[I 2025-03-11 21:55:41,285] Trial 79 finished with value: 0.2108170215257725 and parameters: {'learning_rate': 0.01872196790385465, 'depth': 14, 'l2_leaf_reg': 2.156418941640527, 'min_child_samples': 1}. Best is trial 43 with value: 0.18157881788166932.
[I 2025-03-11 21:55:47,008] Trial 80 finished with value: 0.18666340080740587 and parameters: {'learning_rate': 0.018800260419730333, 'depth': 12, 'l2_leaf_reg': 1.651524658001039, 'min_child_samples': 32}. Best is trial 43 with value: 0.18157881788166932.
[I 2025-03-11 21:55:51,322] Trial 81 finished with value: 0.18269594665725433 and parameters: {'learning_rate': 0.01951403171864893, 'depth': 11, 'l2_leaf_reg': 2.0245245737149205, 'min_child_samples': 32}. Best is trial 43 with value: 0.18157881788166932.
[I 2025-03-11 21:55:56,067] Trial 82 finished with value: 0.18195775852111526 and parameters: {'learning_rate': 0.019534262826481043, 'depth': 11, 'l2_leaf_reg': 2.2591935607991633, 'min_child_samples': 32}. Best is trial 43 with value: 0.18157881788166932.
[I 2025-03-11 21:55:59,453] Trial 83 finished with value: 0.18545330203994406 and parameters: {'learning_rate': 0.01952600976243736, 'depth': 10, 'l2_leaf_reg': 2.3851318080512858, 'min_child_samples': 32}. Best is trial 43 with value: 0.18157881788166932.
[I 2025-03-11 21:56:03,845] Trial 84 finished with value: 0.18403086060850316 and parameters: {'learning_rate': 0.01820276603353516, 'depth': 11, 'l2_leaf_reg': 2.239069046022508, 'min_child_samples': 32}. Best is trial 43 with value: 0.18157881788166932.
[I 2025-03-11 21:56:09,976] Trial 85 finished with value: 0.1883400390001636 and parameters: {'learning_rate': 0.018165993726953867, 'depth': 12, 'l2_leaf_reg': 2.4546112373756435, 'min_child_samples': 8}. Best is trial 43 with value: 0.18157881788166932.
[I 2025-03-11 21:56:12,714] Trial 86 finished with value: 0.18988891074156333 and parameters: {'learning_rate': 0.01751871292703134, 'depth': 9, 'l2_leaf_reg': 2.255825232412286, 'min_child_samples': 32}. Best is trial 43 with value: 0.18157881788166932.
[I 2025-03-11 21:56:22,171] Trial 87 finished with value: 0.19201732566243201 and parameters: {'learning_rate': 0.019954533847350867, 'depth': 13, 'l2_leaf_reg': 2.163619716528588, 'min_child_samples': 32}. Best is trial 43 with value: 0.18157881788166932.
[I 2025-03-11 21:56:28,217] Trial 88 finished with value: 0.18618267930310584 and parameters: {'learning_rate': 0.018785608414034337, 'depth': 12, 'l2_leaf_reg': 2.5986135727685724, 'min_child_samples': 32}. Best is trial 43 with value: 0.18157881788166932.
[I 2025-03-11 21:56:32,505] Trial 89 finished with value: 0.18322315259388297 and parameters: {'learning_rate': 0.018188702577644895, 'depth': 11, 'l2_leaf_reg': 2.7396697081243797, 'min_child_samples': 32}. Best is trial 43 with value: 0.18157881788166932.
[I 2025-03-11 21:56:35,176] Trial 90 finished with value: 0.19816741700791557 and parameters: {'learning_rate': 0.018055182948854966, 'depth': 8, 'l2_leaf_reg': 2.7547507355928964, 'min_child_samples': 32}. Best is trial 43 with value: 0.18157881788166932.
[I 2025-03-11 21:56:39,823] Trial 91 finished with value: 0.18408395614012404 and parameters: {'learning_rate': 0.019574805507215173, 'depth': 11, 'l2_leaf_reg': 2.5159719291952984, 'min_child_samples': 32}. Best is trial 43 with value: 0.18157881788166932.
[I 2025-03-11 21:56:43,478] Trial 92 finished with value: 0.18509521661543538 and parameters: {'learning_rate': 0.01946739263995315, 'depth': 10, 'l2_leaf_reg': 2.5070305539416724, 'min_child_samples': 32}. Best is trial 43 with value: 0.18157881788166932.
[I 2025-03-11 21:56:47,873] Trial 93 finished with value: 0.1837744163191141 and parameters: {'learning_rate': 0.018632444796036193, 'depth': 11, 'l2_leaf_reg': 2.7082711683779643, 'min_child_samples': 32}. Best is trial 43 with value: 0.18157881788166932.
[I 2025-03-11 21:56:52,506] Trial 94 finished with value: 0.1839575685006141 and parameters: {'learning_rate': 0.018403456647873566, 'depth': 11, 'l2_leaf_reg': 2.3533510778919045, 'min_child_samples': 32}. Best is trial 43 with value: 0.18157881788166932.
[I 2025-03-11 21:56:55,986] Trial 95 finished with value: 0.1849161089547118 and parameters: {'learning_rate': 0.018455519422547983, 'depth': 10, 'l2_leaf_reg': 2.9273789464900832, 'min_child_samples': 32}. Best is trial 43 with value: 0.18157881788166932.
[I 2025-03-11 21:57:00,640] Trial 96 finished with value: 0.18545154593841529 and parameters: {'learning_rate': 0.017540967236035557, 'depth': 11, 'l2_leaf_reg': 2.7415619791068426, 'min_child_samples': 16}. Best is trial 43 with value: 0.18157881788166932.
[I 2025-03-11 21:57:06,794] Trial 97 finished with value: 0.18914057019674474 and parameters: {'learning_rate': 0.017120250140648424, 'depth': 12, 'l2_leaf_reg': 2.680669696794581, 'min_child_samples': 32}. Best is trial 43 with value: 0.18157881788166932.
[I 2025-03-11 21:57:13,011] Trial 98 finished with value: 0.1863458958448875 and parameters: {'learning_rate': 0.019990653309441817, 'depth': 12, 'l2_leaf_reg': 2.8174537996991935, 'min_child_samples': 1}. Best is trial 43 with value: 0.18157881788166932.
[I 2025-03-11 21:57:17,394] Trial 99 finished with value: 0.18205037108119118 and parameters: {'learning_rate': 0.018917381241591105, 'depth': 11, 'l2_leaf_reg': 2.333750429354943, 'min_child_samples': 8}. Best is trial 43 with value: 0.18157881788166932.
[I 2025-03-11 21:57:20,982] Trial 100 finished with value: 0.18701685067674081 and parameters: {'learning_rate': 0.018932869724960267, 'depth': 10, 'l2_leaf_reg': 2.3269523153837057, 'min_child_samples': 8}. Best is trial 43 with value: 0.18157881788166932.
[I 2025-03-11 21:57:25,280] Trial 101 finished with value: 0.1820368270211731 and parameters: {'learning_rate': 0.01824239614045703, 'depth': 11, 'l2_leaf_reg': 2.5992693187630804, 'min_child_samples': 8}. Best is trial 43 with value: 0.18157881788166932.
[I 2025-03-11 21:57:29,879] Trial 102 finished with value: 0.1839765171037906 and parameters: {'learning_rate': 0.01774696741096241, 'depth': 11, 'l2_leaf_reg': 2.5875672995210213, 'min_child_samples': 8}. Best is trial 43 with value: 0.18157881788166932.
