[I 2025-03-11 22:04:53,743] Trial 188 finished with value: 0.18599979770020622 and parameters: {'learning_rate': 0.019264496009877414, 'depth': 10, 'l2_leaf_reg': 0.34880048295357846, 'min_child_samples': 1}. Best is trial 122 with value: 0.1813284958523778.
[I 2025-03-11 22:05:00,234] Trial 189 finished with value: 0.1878693333553079 and parameters: {'learning_rate': 0.019603190360755262, 'depth': 12, 'l2_leaf_reg': 0.41380813288945384, 'min_child_samples': 1}. Best is trial 122 with value: 0.1813284958523778.
[I 2025-03-11 22:05:04,556] Trial 190 finished with value: 0.18135318013195476 and parameters: {'learning_rate': 0.018915317441740565, 'depth': 11, 'l2_leaf_reg': 2.2827130408066605, 'min_child_samples': 1}. Best is trial 122 with value: 0.1813284958523778.
[I 2025-03-11 22:05:09,122] Trial 191 finished with value: 0.182222294843641 and parameters: {'learning_rate': 0.019071004814367597, 'depth': 11, 'l2_leaf_reg': 2.2745064548652927, 'min_child_samples': 1}. Best is trial 122 with value: 0.1813284958523778.
[I 2025-03-11 22:05:13,458] Trial 192 finished with value: 0.1849458749264736 and parameters: {'learning_rate': 0.018872242169462584, 'depth': 11, 'l2_leaf_reg': 2.2806947698114346, 'min_child_samples': 1}. Best is trial 122 with value: 0.1813284958523778.
[I 2025-03-11 22:05:18,094] Trial 193 finished with value: 0.18220319505725321 and parameters: {'learning_rate': 0.019068449512375307, 'depth': 11, 'l2_leaf_reg': 2.1884156701718553, 'min_child_samples': 1}. Best is trial 122 with value: 0.1813284958523778.
[I 2025-03-11 22:05:22,564] Trial 194 finished with value: 0.18182113743971368 and parameters: {'learning_rate': 0.019070960271963838, 'depth': 11, 'l2_leaf_reg': 2.2153813647696685, 'min_child_samples': 1}. Best is trial 122 with value: 0.1813284958523778.
[I 2025-03-11 22:05:27,161] Trial 195 finished with value: 0.1838151379767196 and parameters: {'learning_rate': 0.018034240473357607, 'depth': 11, 'l2_leaf_reg': 2.1976886021009787, 'min_child_samples': 1}. Best is trial 122 with value: 0.1813284958523778.
[I 2025-03-11 22:05:31,668] Trial 196 finished with value: 0.18460670871966708 and parameters: {'learning_rate': 0.01856640917882188, 'depth': 11, 'l2_leaf_reg': 2.260690784555231, 'min_child_samples': 1}. Best is trial 122 with value: 0.1813284958523778.
[I 2025-03-11 22:05:35,343] Trial 197 finished with value: 0.18626019761470114 and parameters: {'learning_rate': 0.019016773658388306, 'depth': 10, 'l2_leaf_reg': 2.3717636108846567, 'min_child_samples': 1}. Best is trial 122 with value: 0.1813284958523778.
[I 2025-03-11 22:05:41,560] Trial 198 finished with value: 0.18826785224603196 and parameters: {'learning_rate': 0.019194928525999837, 'depth': 12, 'l2_leaf_reg': 2.1051829526572843, 'min_child_samples': 1}. Best is trial 122 with value: 0.1813284958523778.
[I 2025-03-11 22:05:45,983] Trial 199 finished with value: 0.18225892428723306 and parameters: {'learning_rate': 0.018457067213684918, 'depth': 11, 'l2_leaf_reg': 2.2852354856579677, 'min_child_samples': 1}. Best is trial 122 with value: 0.1813284958523778.
[I 2025-03-11 22:05:50,531] Trial 200 finished with value: 0.18524162153284074 and parameters: {'learning_rate': 0.018439434596913315, 'depth': 11, 'l2_leaf_reg': 2.1963548426947703, 'min_child_samples': 1}. Best is trial 122 with value: 0.1813284958523778.
[I 2025-03-11 22:05:54,923] Trial 201 finished with value: 0.18156125766541414 and parameters: {'learning_rate': 0.018812440352656078, 'depth': 11, 'l2_leaf_reg': 2.3183510220723615, 'min_child_samples': 1}. Best is trial 122 with value: 0.1813284958523778.
[I 2025-03-11 22:05:59,558] Trial 202 finished with value: 0.1838670198568145 and parameters: {'learning_rate': 0.017858191388579744, 'depth': 11, 'l2_leaf_reg': 2.2833148931151137, 'min_child_samples': 1}. Best is trial 122 with value: 0.1813284958523778.
[I 2025-03-11 22:06:04,182] Trial 203 finished with value: 0.1821944881952284 and parameters: {'learning_rate': 0.01891968092597816, 'depth': 11, 'l2_leaf_reg': 2.3124639038237764, 'min_child_samples': 1}. Best is trial 122 with value: 0.1813284958523778.
[I 2025-03-11 22:06:08,756] Trial 204 finished with value: 0.18301508542148362 and parameters: {'learning_rate': 0.018738423058688232, 'depth': 11, 'l2_leaf_reg': 2.3229007733118987, 'min_child_samples': 1}. Best is trial 122 with value: 0.1813284958523778.
[I 2025-03-11 22:06:14,933] Trial 205 finished with value: 0.1863407871093651 and parameters: {'learning_rate': 0.017921187760431, 'depth': 12, 'l2_leaf_reg': 2.4754177100339967, 'min_child_samples': 1}. Best is trial 122 with value: 0.1813284958523778.
[I 2025-03-11 22:06:18,383] Trial 206 finished with value: 0.18488544327446338 and parameters: {'learning_rate': 0.01848844553818708, 'depth': 10, 'l2_leaf_reg': 2.422504542383208, 'min_child_samples': 1}. Best is trial 122 with value: 0.1813284958523778.
[I 2025-03-11 22:06:23,089] Trial 207 finished with value: 0.18311851880022254 and parameters: {'learning_rate': 0.01890179303960351, 'depth': 11, 'l2_leaf_reg': 2.2004114007748323, 'min_child_samples': 1}. Best is trial 122 with value: 0.1813284958523778.
[I 2025-03-11 22:06:27,335] Trial 208 finished with value: 0.18615384735324353 and parameters: {'learning_rate': 0.017303633656815046, 'depth': 11, 'l2_leaf_reg': 2.3375782119841615, 'min_child_samples': 1}. Best is trial 122 with value: 0.1813284958523778.
[I 2025-03-11 22:06:30,955] Trial 209 finished with value: 0.1864458326448179 and parameters: {'learning_rate': 0.01829360964207883, 'depth': 10, 'l2_leaf_reg': 2.2546172957767676, 'min_child_samples': 1}. Best is trial 122 with value: 0.1813284958523778.
[I 2025-03-11 22:06:36,983] Trial 210 finished with value: 0.18573472153383355 and parameters: {'learning_rate': 0.018942901136817028, 'depth': 12, 'l2_leaf_reg': 2.1421353751490892, 'min_child_samples': 1}. Best is trial 122 with value: 0.1813284958523778.
[I 2025-03-11 22:06:41,382] Trial 211 finished with value: 0.18372761347891542 and parameters: {'learning_rate': 0.019458030347091947, 'depth': 11, 'l2_leaf_reg': 2.3832006120045386, 'min_child_samples': 1}. Best is trial 122 with value: 0.1813284958523778.
[I 2025-03-11 22:06:45,669] Trial 212 finished with value: 0.1832211715794141 and parameters: {'learning_rate': 0.019368718536720623, 'depth': 11, 'l2_leaf_reg': 2.327588295298363, 'min_child_samples': 1}. Best is trial 122 with value: 0.1813284958523778.
[I 2025-03-11 22:06:50,101] Trial 213 finished with value: 0.18269545538857973 and parameters: {'learning_rate': 0.019009438847944673, 'depth': 11, 'l2_leaf_reg': 2.234994909950429, 'min_child_samples': 1}. Best is trial 122 with value: 0.1813284958523778.
[I 2025-03-11 22:06:54,535] Trial 214 finished with value: 0.18370764819777266 and parameters: {'learning_rate': 0.019510980445262126, 'depth': 11, 'l2_leaf_reg': 2.062417507544202, 'min_child_samples': 1}. Best is trial 122 with value: 0.1813284958523778.
[I 2025-03-11 22:06:58,988] Trial 215 finished with value: 0.1835827702351752 and parameters: {'learning_rate': 0.018601190423961023, 'depth': 11, 'l2_leaf_reg': 2.5039257924603255, 'min_child_samples': 1}. Best is trial 122 with value: 0.1813284958523778.
[I 2025-03-11 22:07:05,410] Trial 216 finished with value: 0.18727804811000837 and parameters: {'learning_rate': 0.019595522764157956, 'depth': 12, 'l2_leaf_reg': 2.1688900216682896, 'min_child_samples': 1}. Best is trial 122 with value: 0.1813284958523778.
[I 2025-03-11 22:07:09,928] Trial 217 finished with value: 0.1824444025551865 and parameters: {'learning_rate': 0.019167770235591762, 'depth': 11, 'l2_leaf_reg': 2.3076519113632736, 'min_child_samples': 1}. Best is trial 122 with value: 0.1813284958523778.
[I 2025-03-11 22:07:14,282] Trial 218 finished with value: 0.18192318899259288 and parameters: {'learning_rate': 0.01875543112160661, 'depth': 11, 'l2_leaf_reg': 2.420032386699288, 'min_child_samples': 1}. Best is trial 122 with value: 0.1813284958523778.
[I 2025-03-11 22:07:43,416] Trial 219 finished with value: 0.2318177603427162 and parameters: {'learning_rate': 0.01818728471055468, 'depth': 15, 'l2_leaf_reg': 2.4201645210950766, 'min_child_samples': 1}. Best is trial 122 with value: 0.1813284958523778.
[I 2025-03-11 22:07:47,640] Trial 220 finished with value: 0.1843716596690284 and parameters: {'learning_rate': 0.01868192593281065, 'depth': 11, 'l2_leaf_reg': 2.282391674285269, 'min_child_samples': 1}. Best is trial 122 with value: 0.1813284958523778.
[I 2025-03-11 22:07:51,914] Trial 221 finished with value: 0.18370234788093898 and parameters: {'learning_rate': 0.019260667010401956, 'depth': 11, 'l2_leaf_reg': 2.3739563216955766, 'min_child_samples': 1}. Best is trial 122 with value: 0.1813284958523778.
[I 2025-03-11 22:07:56,497] Trial 222 finished with value: 0.18463256437321135 and parameters: {'learning_rate': 0.019678335332396314, 'depth': 11, 'l2_leaf_reg': 2.2323480139478473, 'min_child_samples': 1}. Best is trial 122 with value: 0.1813284958523778.
[I 2025-03-11 22:08:00,999] Trial 223 finished with value: 0.18275847074523185 and parameters: {'learning_rate': 0.018923749476358318, 'depth': 11, 'l2_leaf_reg': 0.9617823626293464, 'min_child_samples': 1}. Best is trial 122 with value: 0.1813284958523778.
[I 2025-03-11 22:08:04,576] Trial 224 finished with value: 0.18509373810489313 and parameters: {'learning_rate': 0.01930986845119682, 'depth': 10, 'l2_leaf_reg': 2.465237134996921, 'min_child_samples': 1}. Best is trial 122 with value: 0.1813284958523778.
[I 2025-03-11 22:08:09,090] Trial 225 finished with value: 0.18287681574897888 and parameters: {'learning_rate': 0.019983519418352916, 'depth': 11, 'l2_leaf_reg': 2.351232730449577, 'min_child_samples': 16}. Best is trial 122 with value: 0.1813284958523778.
[I 2025-03-11 22:08:15,314] Trial 226 finished with value: 0.18714931774219207 and parameters: {'learning_rate': 0.018730966293317747, 'depth': 12, 'l2_leaf_reg': 2.234901650257955, 'min_child_samples': 1}. Best is trial 122 with value: 0.1813284958523778.
[I 2025-03-11 22:08:19,705] Trial 227 finished with value: 0.5591583933494643 and parameters: {'learning_rate': 0.001365102642982752, 'depth': 11, 'l2_leaf_reg': 2.2951614530139772, 'min_child_samples': 8}. Best is trial 122 with value: 0.1813284958523778.
[I 2025-03-11 22:08:24,216] Trial 228 finished with value: 0.1825080959565488 and parameters: {'learning_rate': 0.019698312245769966, 'depth': 11, 'l2_leaf_reg': 2.5608179119462284, 'min_child_samples': 8}. Best is trial 122 with value: 0.1813284958523778.
[I 2025-03-11 22:08:27,889] Trial 229 finished with value: 0.18669302350442973 and parameters: {'learning_rate': 0.018304539519239216, 'depth': 10, 'l2_leaf_reg': 2.42865635483111, 'min_child_samples': 1}. Best is trial 122 with value: 0.1813284958523778.
[I 2025-03-11 22:08:32,287] Trial 230 finished with value: 0.1826046313490932 and parameters: {'learning_rate': 0.01909493490833948, 'depth': 11, 'l2_leaf_reg': 2.1611466102276324, 'min_child_samples': 8}. Best is trial 122 with value: 0.1813284958523778.
[I 2025-03-11 22:08:36,887] Trial 231 finished with value: 0.18406558611087612 and parameters: {'learning_rate': 0.019270639935766547, 'depth': 11, 'l2_leaf_reg': 2.3431470503913285, 'min_child_samples': 1}. Best is trial 122 with value: 0.1813284958523778.
[I 2025-03-11 22:08:41,373] Trial 232 finished with value: 0.18309972150596415 and parameters: {'learning_rate': 0.019501700529895083, 'depth': 11, 'l2_leaf_reg': 0.27315909680961215, 'min_child_samples': 1}. Best is trial 122 with value: 0.1813284958523778.
[I 2025-03-11 22:08:46,015] Trial 233 finished with value: 0.1827812197275354 and parameters: {'learning_rate': 0.01902626433077821, 'depth': 11, 'l2_leaf_reg': 2.2122913233149903, 'min_child_samples': 1}. Best is trial 122 with value: 0.1813284958523778.
[I 2025-03-11 22:08:50,453] Trial 234 finished with value: 0.18516238597558865 and parameters: {'learning_rate': 0.01869396387082566, 'depth': 11, 'l2_leaf_reg': 2.282952371253585, 'min_child_samples': 1}. Best is trial 122 with value: 0.1813284958523778.
[I 2025-03-11 22:08:54,963] Trial 235 finished with value: 0.18316084530273188 and parameters: {'learning_rate': 0.01964723203205764, 'depth': 11, 'l2_leaf_reg': 2.5301715086909398, 'min_child_samples': 1}. Best is trial 122 with value: 0.1813284958523778.
[I 2025-03-11 22:09:01,097] Trial 236 finished with value: 0.18637715152635007 and parameters: {'learning_rate': 0.01924125254497107, 'depth': 12, 'l2_leaf_reg': 2.3866196172165344, 'min_child_samples': 8}. Best is trial 122 with value: 0.1813284958523778.
[I 2025-03-11 22:09:05,651] Trial 237 finished with value: 0.18290590659485495 and parameters: {'learning_rate': 0.01998630478547463, 'depth': 11, 'l2_leaf_reg': 2.1208006380381925, 'min_child_samples': 8}. Best is trial 122 with value: 0.1813284958523778.
[I 2025-03-11 22:09:09,352] Trial 238 finished with value: 0.19098914930064403 and parameters: {'learning_rate': 0.012634722185907284, 'depth': 10, 'l2_leaf_reg': 0.27825376603668384, 'min_child_samples': 1}. Best is trial 122 with value: 0.1813284958523778.
[I 2025-03-11 22:09:13,800] Trial 239 finished with value: 0.18318620757652967 and parameters: {'learning_rate': 0.018455756114087066, 'depth': 11, 'l2_leaf_reg': 2.276783810402938, 'min_child_samples': 8}. Best is trial 122 with value: 0.1813284958523778.
[I 2025-03-11 22:09:18,365] Trial 240 finished with value: 0.1847122807699479 and parameters: {'learning_rate': 0.01782007327414304, 'depth': 11, 'l2_leaf_reg': 2.445037547393947, 'min_child_samples': 1}. Best is trial 122 with value: 0.1813284958523778.
[I 2025-03-11 22:09:22,723] Trial 241 finished with value: 0.18172792803447113 and parameters: {'learning_rate': 0.019109484807985674, 'depth': 11, 'l2_leaf_reg': 2.3132582782496263, 'min_child_samples': 1}. Best is trial 122 with value: 0.1813284958523778.
[I 2025-03-11 22:09:27,295] Trial 242 finished with value: 0.18271514403604955 and parameters: {'learning_rate': 0.018976559898543105, 'depth': 11, 'l2_leaf_reg': 2.3488769101078026, 'min_child_samples': 1}. Best is trial 122 with value: 0.1813284958523778.
[I 2025-03-11 22:09:31,775] Trial 243 finished with value: 0.18406473986641778 and parameters: {'learning_rate': 0.019498611486367393, 'depth': 11, 'l2_leaf_reg': 2.224412091839124, 'min_child_samples': 1}. Best is trial 122 with value: 0.1813284958523778.
[I 2025-03-11 22:09:36,433] Trial 244 finished with value: 0.1816254191806858 and parameters: {'learning_rate': 0.018837692662947908, 'depth': 11, 'l2_leaf_reg': 1.994266333241807, 'min_child_samples': 1}. Best is trial 122 with value: 0.1813284958523778.
[I 2025-03-11 22:09:41,256] Trial 245 finished with value: 0.18422534473368116 and parameters: {'learning_rate': 0.018708731526240543, 'depth': 11, 'l2_leaf_reg': 2.0485773205824223, 'min_child_samples': 8}. Best is trial 122 with value: 0.1813284958523778.
[I 2025-03-11 22:09:44,985] Trial 246 finished with value: 0.18623503201826277 and parameters: {'learning_rate': 0.0196854419929388, 'depth': 10, 'l2_leaf_reg': 2.319495709415262, 'min_child_samples': 1}. Best is trial 122 with value: 0.1813284958523778.
[I 2025-03-11 22:09:51,294] Trial 247 finished with value: 0.1871500859637329 and parameters: {'learning_rate': 0.0189779707014008, 'depth': 12, 'l2_leaf_reg': 2.182554079699278, 'min_child_samples': 8}. Best is trial 122 with value: 0.1813284958523778.
[I 2025-03-11 22:09:55,555] Trial 248 finished with value: 0.18277148399188448 and parameters: {'learning_rate': 0.018137923931329396, 'depth': 11, 'l2_leaf_reg': 2.624337963498556, 'min_child_samples': 1}. Best is trial 122 with value: 0.1813284958523778.
[I 2025-03-11 22:09:59,982] Trial 249 finished with value: 0.18455895683185075 and parameters: {'learning_rate': 0.01932412912776216, 'depth': 11, 'l2_leaf_reg': 2.373041821785464, 'min_child_samples': 8}. Best is trial 122 with value: 0.1813284958523778.
[I 2025-03-11 22:10:05,961] Trial 250 finished with value: 0.18522505737918254 and parameters: {'learning_rate': 0.018520433923390926, 'depth': 12, 'l2_leaf_reg': 2.264671186536938, 'min_child_samples': 8}. Best is trial 122 with value: 0.1813284958523778.
[I 2025-03-11 22:10:10,321] Trial 251 finished with value: 0.18509758800337955 and parameters: {'learning_rate': 0.013382733319189401, 'depth': 11, 'l2_leaf_reg': 0.0581585317009299, 'min_child_samples': 1}. Best is trial 122 with value: 0.1813284958523778.
[I 2025-03-11 22:10:14,790] Trial 252 finished with value: 0.1837967391562005 and parameters: {'learning_rate': 0.019670272158782233, 'depth': 11, 'l2_leaf_reg': 2.089469250685552, 'min_child_samples': 8}. Best is trial 122 with value: 0.1813284958523778.
[I 2025-03-11 22:10:18,210] Trial 253 finished with value: 0.1847388556489956 and parameters: {'learning_rate': 0.018849358469100214, 'depth': 10, 'l2_leaf_reg': 0.12508511856212, 'min_child_samples': 1}. Best is trial 122 with value: 0.1813284958523778.
[I 2025-03-11 22:10:22,885] Trial 254 finished with value: 0.1839483934182447 and parameters: {'learning_rate': 0.0192934416529297, 'depth': 11, 'l2_leaf_reg': 2.399126478950068, 'min_child_samples': 8}. Best is trial 122 with value: 0.1813284958523778.
[I 2025-03-11 22:10:29,164] Trial 255 finished with value: 0.18827877940736937 and parameters: {'learning_rate': 0.018439521079739903, 'depth': 12, 'l2_leaf_reg': 2.495867118978965, 'min_child_samples': 16}. Best is trial 122 with value: 0.1813284958523778.
[I 2025-03-11 22:10:30,813] Trial 256 finished with value: 0.2637271567347534 and parameters: {'learning_rate': 0.019924315057347333, 'depth': 4, 'l2_leaf_reg': 2.0029240269534667, 'min_child_samples': 1}. Best is trial 122 with value: 0.1813284958523778.
[I 2025-03-11 22:10:35,437] Trial 257 finished with value: 0.18274726211495987 and parameters: {'learning_rate': 0.018954269004782878, 'depth': 11, 'l2_leaf_reg': 2.3058060774198212, 'min_child_samples': 8}. Best is trial 122 with value: 0.1813284958523778.
[I 2025-03-11 22:10:38,957] Trial 258 finished with value: 0.1849797917537192 and parameters: {'learning_rate': 0.019361030800509868, 'depth': 10, 'l2_leaf_reg': 1.2831236806544786, 'min_child_samples': 1}. Best is trial 122 with value: 0.1813284958523778.
[I 2025-03-11 22:10:43,483] Trial 259 finished with value: 0.18113207237539872 and parameters: {'learning_rate': 0.01999404383294136, 'depth': 11, 'l2_leaf_reg': 1.1322667277211174, 'min_child_samples': 8}. Best is trial 259 with value: 0.18113207237539872.
[I 2025-03-11 22:10:48,146] Trial 260 finished with value: 0.18223994556464299 and parameters: {'learning_rate': 0.018166105493355313, 'depth': 11, 'l2_leaf_reg': 2.1606896322478675, 'min_child_samples': 8}. Best is trial 259 with value: 0.18113207237539872.
[I 2025-03-11 22:10:52,741] Trial 261 finished with value: 0.18557216735593138 and parameters: {'learning_rate': 0.01771745385103216, 'depth': 11, 'l2_leaf_reg': 1.177322209924837, 'min_child_samples': 8}. Best is trial 259 with value: 0.18113207237539872.
[I 2025-03-11 22:10:57,114] Trial 262 finished with value: 0.18881464851709798 and parameters: {'learning_rate': 0.011348413932705565, 'depth': 11, 'l2_leaf_reg': 1.8319567588472723, 'min_child_samples': 1}. Best is trial 259 with value: 0.18113207237539872.
[I 2025-03-11 22:11:00,548] Trial 263 finished with value: 0.18540550243796614 and parameters: {'learning_rate': 0.018081939684705645, 'depth': 10, 'l2_leaf_reg': 2.1263913740605505, 'min_child_samples': 8}. Best is trial 259 with value: 0.18113207237539872.
[I 2025-03-11 22:11:06,774] Trial 264 finished with value: 0.18759106214856136 and parameters: {'learning_rate': 0.018469625962250838, 'depth': 12, 'l2_leaf_reg': 1.9521492749740452, 'min_child_samples': 1}. Best is trial 259 with value: 0.18113207237539872.
[I 2025-03-11 22:11:11,400] Trial 265 finished with value: 0.18309816638770754 and parameters: {'learning_rate': 0.01962611398559255, 'depth': 11, 'l2_leaf_reg': 2.1744403926704488, 'min_child_samples': 8}. Best is trial 259 with value: 0.18113207237539872.
[I 2025-03-11 22:11:17,597] Trial 266 finished with value: 0.18707493060799335 and parameters: {'learning_rate': 0.018997095075533814, 'depth': 12, 'l2_leaf_reg': 2.230095207215996, 'min_child_samples': 4}. Best is trial 259 with value: 0.18113207237539872.
[I 2025-03-11 22:11:21,010] Trial 267 finished with value: 0.1858428161512063 and parameters: {'learning_rate': 0.01933912034082233, 'depth': 10, 'l2_leaf_reg': 2.2496989008454, 'min_child_samples': 1}. Best is trial 259 with value: 0.18113207237539872.
[I 2025-03-11 22:11:25,583] Trial 268 finished with value: 0.18230429287328737 and parameters: {'learning_rate': 0.01997136902210673, 'depth': 11, 'l2_leaf_reg': 0.0011766079544792453, 'min_child_samples': 8}. Best is trial 259 with value: 0.18113207237539872.
[I 2025-03-11 22:11:30,094] Trial 269 finished with value: 0.1836389863981072 and parameters: {'learning_rate': 0.01818802854754351, 'depth': 11, 'l2_leaf_reg': 2.3124016725971126, 'min_child_samples': 1}. Best is trial 259 with value: 0.18113207237539872.
[I 2025-03-11 22:11:34,611] Trial 270 finished with value: 0.1848331538156101 and parameters: {'learning_rate': 0.01869104089457061, 'depth': 11, 'l2_leaf_reg': 2.169545006485693, 'min_child_samples': 8}. Best is trial 259 with value: 0.18113207237539872.
[I 2025-03-11 22:11:38,389] Trial 271 finished with value: 0.18544288869072403 and parameters: {'learning_rate': 0.01957557011461126, 'depth': 10, 'l2_leaf_reg': 1.0048661314888934, 'min_child_samples': 1}. Best is trial 259 with value: 0.18113207237539872.
[I 2025-03-11 22:11:43,182] Trial 272 finished with value: 0.18531428180464074 and parameters: {'learning_rate': 0.017551009139017637, 'depth': 11, 'l2_leaf_reg': 2.0799302018723607, 'min_child_samples': 8}. Best is trial 259 with value: 0.18113207237539872.
