[I 2025-03-11 22:18:52,248] Trial 358 finished with value: 0.183495888957219 and parameters: {'learning_rate': 0.019999332830413514, 'depth': 11, 'l2_leaf_reg': 1.7650509403610626, 'min_child_samples': 4}. Best is trial 259 with value: 0.18113207237539872.
[I 2025-03-11 22:18:55,742] Trial 359 finished with value: 0.1858206531164067 and parameters: {'learning_rate': 0.018323492105698475, 'depth': 10, 'l2_leaf_reg': 0.06405432242436848, 'min_child_samples': 8}. Best is trial 259 with value: 0.18113207237539872.
[I 2025-03-11 22:19:00,404] Trial 360 finished with value: 0.1817799164275349 and parameters: {'learning_rate': 0.01905488421441684, 'depth': 11, 'l2_leaf_reg': 2.789364528924341, 'min_child_samples': 16}. Best is trial 259 with value: 0.18113207237539872.
[I 2025-03-11 22:19:04,895] Trial 361 finished with value: 0.18430608573003204 and parameters: {'learning_rate': 0.018803196106029988, 'depth': 11, 'l2_leaf_reg': 2.76807764411365, 'min_child_samples': 16}. Best is trial 259 with value: 0.18113207237539872.
[I 2025-03-11 22:19:11,268] Trial 362 finished with value: 0.18940140414880213 and parameters: {'learning_rate': 0.01827589834811601, 'depth': 12, 'l2_leaf_reg': 2.3841069791283154, 'min_child_samples': 16}. Best is trial 259 with value: 0.18113207237539872.
[I 2025-03-11 22:19:15,888] Trial 363 finished with value: 0.18250529002396243 and parameters: {'learning_rate': 0.01902405744484196, 'depth': 11, 'l2_leaf_reg': 2.331366114801363, 'min_child_samples': 16}. Best is trial 259 with value: 0.18113207237539872.
[I 2025-03-11 22:19:20,475] Trial 364 finished with value: 0.18406920373562133 and parameters: {'learning_rate': 0.018621577997477844, 'depth': 11, 'l2_leaf_reg': 2.8536141277096694, 'min_child_samples': 16}. Best is trial 259 with value: 0.18113207237539872.
[I 2025-03-11 22:19:23,952] Trial 365 finished with value: 0.19604617657500775 and parameters: {'learning_rate': 0.009414132650448676, 'depth': 10, 'l2_leaf_reg': 2.6245545272032564, 'min_child_samples': 16}. Best is trial 259 with value: 0.18113207237539872.
[I 2025-03-11 22:19:28,503] Trial 366 finished with value: 0.18273819373773936 and parameters: {'learning_rate': 0.019133421594694767, 'depth': 11, 'l2_leaf_reg': 2.82289233354422, 'min_child_samples': 16}. Best is trial 259 with value: 0.18113207237539872.
[I 2025-03-11 22:19:34,558] Trial 367 finished with value: 0.18889033809554276 and parameters: {'learning_rate': 0.017831543176519457, 'depth': 12, 'l2_leaf_reg': 2.8097583742389403, 'min_child_samples': 32}. Best is trial 259 with value: 0.18113207237539872.
[I 2025-03-11 22:19:38,985] Trial 368 finished with value: 0.18346383284280768 and parameters: {'learning_rate': 0.01927570790523625, 'depth': 11, 'l2_leaf_reg': 2.725047090148167, 'min_child_samples': 4}. Best is trial 259 with value: 0.18113207237539872.
[I 2025-03-11 22:19:40,973] Trial 369 finished with value: 0.24100587254186753 and parameters: {'learning_rate': 0.01846366107022254, 'depth': 5, 'l2_leaf_reg': 2.8000273874237984, 'min_child_samples': 32}. Best is trial 259 with value: 0.18113207237539872.
[I 2025-03-11 22:19:45,389] Trial 370 finished with value: 0.18246588125448998 and parameters: {'learning_rate': 0.019575238817088676, 'depth': 11, 'l2_leaf_reg': 2.8895140239523163, 'min_child_samples': 16}. Best is trial 259 with value: 0.18113207237539872.
[I 2025-03-11 22:19:48,648] Trial 371 finished with value: 0.36420644651901213 and parameters: {'learning_rate': 0.0027920987902652393, 'depth': 10, 'l2_leaf_reg': 2.9503955536389723, 'min_child_samples': 1}. Best is trial 259 with value: 0.18113207237539872.
[I 2025-03-11 22:19:53,144] Trial 372 finished with value: 0.18125904755882866 and parameters: {'learning_rate': 0.018829048809026992, 'depth': 11, 'l2_leaf_reg': 2.461562711053724, 'min_child_samples': 1}. Best is trial 259 with value: 0.18113207237539872.
[I 2025-03-11 22:19:57,810] Trial 373 finished with value: 0.18373183773106666 and parameters: {'learning_rate': 0.018784778843511818, 'depth': 11, 'l2_leaf_reg': 2.6235667975123915, 'min_child_samples': 1}. Best is trial 259 with value: 0.18113207237539872.
[I 2025-03-11 22:20:04,015] Trial 374 finished with value: 0.18653620197704213 and parameters: {'learning_rate': 0.01812383965088477, 'depth': 12, 'l2_leaf_reg': 2.513174637693086, 'min_child_samples': 8}. Best is trial 259 with value: 0.18113207237539872.
[I 2025-03-11 22:20:07,414] Trial 375 finished with value: 0.185476139907759 and parameters: {'learning_rate': 0.019350084008636994, 'depth': 10, 'l2_leaf_reg': 2.7077233395189486, 'min_child_samples': 1}. Best is trial 259 with value: 0.18113207237539872.
[I 2025-03-11 22:20:11,894] Trial 376 finished with value: 0.183588116142502 and parameters: {'learning_rate': 0.018987388216992074, 'depth': 11, 'l2_leaf_reg': 2.4685614588921534, 'min_child_samples': 4}. Best is trial 259 with value: 0.18113207237539872.
[I 2025-03-11 22:20:16,233] Trial 377 finished with value: 0.1825977526345637 and parameters: {'learning_rate': 0.019642703173202415, 'depth': 11, 'l2_leaf_reg': 2.408705523435399, 'min_child_samples': 32}. Best is trial 259 with value: 0.18113207237539872.
[I 2025-03-11 22:20:20,536] Trial 378 finished with value: 0.18367091111627076 and parameters: {'learning_rate': 0.01854184861693231, 'depth': 11, 'l2_leaf_reg': 2.4617534095263935, 'min_child_samples': 8}. Best is trial 259 with value: 0.18113207237539872.
[I 2025-03-11 22:20:26,955] Trial 379 finished with value: 0.18591867196090844 and parameters: {'learning_rate': 0.019242458569029352, 'depth': 12, 'l2_leaf_reg': 2.572008797652713, 'min_child_samples': 1}. Best is trial 259 with value: 0.18113207237539872.
[I 2025-03-11 22:20:30,552] Trial 380 finished with value: 0.18560660656058753 and parameters: {'learning_rate': 0.01746365018846341, 'depth': 10, 'l2_leaf_reg': 1.3515101161295506, 'min_child_samples': 16}. Best is trial 259 with value: 0.18113207237539872.
[I 2025-03-11 22:20:35,046] Trial 381 finished with value: 0.18266592191154157 and parameters: {'learning_rate': 0.018007551799875902, 'depth': 11, 'l2_leaf_reg': 2.5409584896909636, 'min_child_samples': 8}. Best is trial 259 with value: 0.18113207237539872.
[I 2025-03-11 22:20:38,569] Trial 382 finished with value: 0.18637624330929403 and parameters: {'learning_rate': 0.018777172261028235, 'depth': 10, 'l2_leaf_reg': 0.1735614021110269, 'min_child_samples': 1}. Best is trial 259 with value: 0.18113207237539872.
[I 2025-03-11 22:20:43,240] Trial 383 finished with value: 0.18455386846619537 and parameters: {'learning_rate': 0.01966342794042937, 'depth': 11, 'l2_leaf_reg': 2.394114229015741, 'min_child_samples': 8}. Best is trial 259 with value: 0.18113207237539872.
[I 2025-03-11 22:20:47,790] Trial 384 finished with value: 0.18250758012740756 and parameters: {'learning_rate': 0.01917261498082154, 'depth': 11, 'l2_leaf_reg': 2.6767441570246127, 'min_child_samples': 1}. Best is trial 259 with value: 0.18113207237539872.
[I 2025-03-11 22:20:53,860] Trial 385 finished with value: 0.18843815019738896 and parameters: {'learning_rate': 0.0183623859603602, 'depth': 12, 'l2_leaf_reg': 0.2680377205574606, 'min_child_samples': 8}. Best is trial 259 with value: 0.18113207237539872.
[I 2025-03-11 22:20:58,116] Trial 386 finished with value: 0.18338389198266616 and parameters: {'learning_rate': 0.019604576653001565, 'depth': 11, 'l2_leaf_reg': 2.4365971747232393, 'min_child_samples': 1}. Best is trial 259 with value: 0.18113207237539872.
[I 2025-03-11 22:21:02,634] Trial 387 finished with value: 0.18484645271770134 and parameters: {'learning_rate': 0.015837864026407737, 'depth': 11, 'l2_leaf_reg': 2.3573378192049335, 'min_child_samples': 32}. Best is trial 259 with value: 0.18113207237539872.
[I 2025-03-11 22:21:07,041] Trial 388 finished with value: 0.18847917338159925 and parameters: {'learning_rate': 0.012169145292286139, 'depth': 11, 'l2_leaf_reg': 2.268154071918478, 'min_child_samples': 4}. Best is trial 259 with value: 0.18113207237539872.
[I 2025-03-11 22:21:11,687] Trial 389 finished with value: 0.18435784165150298 and parameters: {'learning_rate': 0.018976175137586593, 'depth': 11, 'l2_leaf_reg': 0.12270438263856848, 'min_child_samples': 8}. Best is trial 259 with value: 0.18113207237539872.
[I 2025-03-11 22:21:15,190] Trial 390 finished with value: 0.18536330661335224 and parameters: {'learning_rate': 0.01861109072934933, 'depth': 10, 'l2_leaf_reg': 0.19677527140907136, 'min_child_samples': 1}. Best is trial 259 with value: 0.18113207237539872.
[I 2025-03-11 22:21:21,554] Trial 391 finished with value: 0.1855974879524112 and parameters: {'learning_rate': 0.019961512369796063, 'depth': 12, 'l2_leaf_reg': 0.15621062973772218, 'min_child_samples': 8}. Best is trial 259 with value: 0.18113207237539872.
[I 2025-03-11 22:21:25,960] Trial 392 finished with value: 0.18249770447050076 and parameters: {'learning_rate': 0.01938615220827595, 'depth': 11, 'l2_leaf_reg': 2.328797839932779, 'min_child_samples': 1}. Best is trial 259 with value: 0.18113207237539872.
[I 2025-03-11 22:21:29,592] Trial 393 finished with value: 0.18479248701346657 and parameters: {'learning_rate': 0.018857319977142895, 'depth': 10, 'l2_leaf_reg': 2.488142884349528, 'min_child_samples': 8}. Best is trial 259 with value: 0.18113207237539872.
[I 2025-03-11 22:21:34,268] Trial 394 finished with value: 0.1839100524926403 and parameters: {'learning_rate': 0.01931541496357451, 'depth': 11, 'l2_leaf_reg': 0.08448125154917746, 'min_child_samples': 1}. Best is trial 259 with value: 0.18113207237539872.
[I 2025-03-11 22:21:40,412] Trial 395 finished with value: 0.18705164146253217 and parameters: {'learning_rate': 0.01820936992815031, 'depth': 12, 'l2_leaf_reg': 2.7504964990574194, 'min_child_samples': 16}. Best is trial 259 with value: 0.18113207237539872.
[I 2025-03-11 22:21:44,615] Trial 396 finished with value: 0.22279591431672477 and parameters: {'learning_rate': 0.00560906254082995, 'depth': 11, 'l2_leaf_reg': 2.2659062208730814, 'min_child_samples': 8}. Best is trial 259 with value: 0.18113207237539872.
[I 2025-03-11 22:21:49,140] Trial 397 finished with value: 0.18393909493864277 and parameters: {'learning_rate': 0.01975771044164498, 'depth': 11, 'l2_leaf_reg': 2.410790580080216, 'min_child_samples': 4}. Best is trial 259 with value: 0.18113207237539872.
[I 2025-03-11 22:21:55,457] Trial 398 finished with value: 0.18747743464046504 and parameters: {'learning_rate': 0.019023222683471508, 'depth': 12, 'l2_leaf_reg': 1.9979758252832291, 'min_child_samples': 1}. Best is trial 259 with value: 0.18113207237539872.
[I 2025-03-11 22:22:00,092] Trial 399 finished with value: 0.1831185750486361 and parameters: {'learning_rate': 0.018497703484913815, 'depth': 11, 'l2_leaf_reg': 2.599724961333777, 'min_child_samples': 32}. Best is trial 259 with value: 0.18113207237539872.
[I 2025-03-11 22:22:04,691] Trial 400 finished with value: 0.18442577086673634 and parameters: {'learning_rate': 0.019287974015990413, 'depth': 11, 'l2_leaf_reg': 2.3646223800026087, 'min_child_samples': 8}. Best is trial 259 with value: 0.18113207237539872.
[I 2025-03-11 22:22:08,350] Trial 401 finished with value: 0.1862864631967003 and parameters: {'learning_rate': 0.017818821418940388, 'depth': 10, 'l2_leaf_reg': 2.2909490473857588, 'min_child_samples': 1}. Best is trial 259 with value: 0.18113207237539872.
[I 2025-03-11 22:22:14,813] Trial 402 finished with value: 0.18642593350105904 and parameters: {'learning_rate': 0.018724698883692464, 'depth': 12, 'l2_leaf_reg': 0.2364033268342805, 'min_child_samples': 8}. Best is trial 259 with value: 0.18113207237539872.
[I 2025-03-11 22:22:19,418] Trial 403 finished with value: 0.18210069962397296 and parameters: {'learning_rate': 0.019695671434395268, 'depth': 11, 'l2_leaf_reg': 0.31133246748036314, 'min_child_samples': 1}. Best is trial 259 with value: 0.18113207237539872.
[I 2025-03-11 22:22:28,790] Trial 404 finished with value: 0.19291485390021718 and parameters: {'learning_rate': 0.019950844547957997, 'depth': 13, 'l2_leaf_reg': 0.2556726143487684, 'min_child_samples': 1}. Best is trial 259 with value: 0.18113207237539872.
[I 2025-03-11 22:22:33,332] Trial 405 finished with value: 0.18200507112596367 and parameters: {'learning_rate': 0.01968827966560826, 'depth': 11, 'l2_leaf_reg': 0.330094287023315, 'min_child_samples': 1}. Best is trial 259 with value: 0.18113207237539872.
[I 2025-03-11 22:22:37,894] Trial 406 finished with value: 0.18206207007688807 and parameters: {'learning_rate': 0.01951333066135215, 'depth': 11, 'l2_leaf_reg': 2.5191519953116854, 'min_child_samples': 1}. Best is trial 259 with value: 0.18113207237539872.
[I 2025-03-11 22:22:42,594] Trial 407 finished with value: 0.18274695951991368 and parameters: {'learning_rate': 0.019956399346454656, 'depth': 11, 'l2_leaf_reg': 2.567143448402939, 'min_child_samples': 1}. Best is trial 259 with value: 0.18113207237539872.
[I 2025-03-11 22:22:45,350] Trial 408 finished with value: 0.18919945989281514 and parameters: {'learning_rate': 0.019489516911643735, 'depth': 9, 'l2_leaf_reg': 2.4798877892907463, 'min_child_samples': 1}. Best is trial 259 with value: 0.18113207237539872.
[I 2025-03-11 22:22:48,777] Trial 409 finished with value: 0.18531165288409532 and parameters: {'learning_rate': 0.019575392745382666, 'depth': 10, 'l2_leaf_reg': 2.519211228348168, 'min_child_samples': 1}. Best is trial 259 with value: 0.18113207237539872.
[I 2025-03-11 22:22:53,214] Trial 410 finished with value: 0.1840483283741028 and parameters: {'learning_rate': 0.019343889681657536, 'depth': 11, 'l2_leaf_reg': 0.3742441729246244, 'min_child_samples': 1}. Best is trial 259 with value: 0.18113207237539872.
[I 2025-03-11 22:22:59,578] Trial 411 finished with value: 0.1854959621939078 and parameters: {'learning_rate': 0.01976214788578896, 'depth': 12, 'l2_leaf_reg': 2.6730188937261543, 'min_child_samples': 1}. Best is trial 259 with value: 0.18113207237539872.
[I 2025-03-11 22:23:03,823] Trial 412 finished with value: 0.18605422186252818 and parameters: {'learning_rate': 0.016775259621501566, 'depth': 11, 'l2_leaf_reg': 2.433760065419913, 'min_child_samples': 1}. Best is trial 259 with value: 0.18113207237539872.
[I 2025-03-11 22:23:07,412] Trial 413 finished with value: 0.18522286814241143 and parameters: {'learning_rate': 0.019151669264586273, 'depth': 10, 'l2_leaf_reg': 2.5769398709233213, 'min_child_samples': 1}. Best is trial 259 with value: 0.18113207237539872.
[I 2025-03-11 22:23:11,772] Trial 414 finished with value: 0.9241522555312023 and parameters: {'learning_rate': 9.263602500284712e-05, 'depth': 11, 'l2_leaf_reg': 2.524710987244299, 'min_child_samples': 1}. Best is trial 259 with value: 0.18113207237539872.
[I 2025-03-11 22:23:16,357] Trial 415 finished with value: 0.1830353609337098 and parameters: {'learning_rate': 0.01954333263985903, 'depth': 11, 'l2_leaf_reg': 2.4535490489595557, 'min_child_samples': 1}. Best is trial 259 with value: 0.18113207237539872.
[I 2025-03-11 22:23:20,711] Trial 416 finished with value: 0.18221947028970417 and parameters: {'learning_rate': 0.019091772857253664, 'depth': 11, 'l2_leaf_reg': 2.9949074549182892, 'min_child_samples': 1}. Best is trial 259 with value: 0.18113207237539872.
[I 2025-03-11 22:23:26,797] Trial 417 finished with value: 0.19259180813810226 and parameters: {'learning_rate': 0.010706562895929082, 'depth': 12, 'l2_leaf_reg': 2.6300893910597765, 'min_child_samples': 1}. Best is trial 259 with value: 0.18113207237539872.
[I 2025-03-11 22:23:30,430] Trial 418 finished with value: 0.18474116694121948 and parameters: {'learning_rate': 0.01994989563608955, 'depth': 10, 'l2_leaf_reg': 2.379533280753452, 'min_child_samples': 1}. Best is trial 259 with value: 0.18113207237539872.
[I 2025-03-11 22:23:34,902] Trial 419 finished with value: 0.18262496535955122 and parameters: {'learning_rate': 0.01935358947369866, 'depth': 11, 'l2_leaf_reg': 2.234129105729342, 'min_child_samples': 1}. Best is trial 259 with value: 0.18113207237539872.
[I 2025-03-11 22:23:39,456] Trial 420 finished with value: 0.1846225542172894 and parameters: {'learning_rate': 0.018735458970250054, 'depth': 11, 'l2_leaf_reg': 2.3242911346899056, 'min_child_samples': 32}. Best is trial 259 with value: 0.18113207237539872.
[I 2025-03-11 22:23:45,864] Trial 421 finished with value: 0.18931548240418775 and parameters: {'learning_rate': 0.018281321283001906, 'depth': 12, 'l2_leaf_reg': 2.473880311502151, 'min_child_samples': 1}. Best is trial 259 with value: 0.18113207237539872.
[I 2025-03-11 22:24:41,692] Trial 422 finished with value: 0.25516584101976647 and parameters: {'learning_rate': 0.01998426776520516, 'depth': 16, 'l2_leaf_reg': 1.115915813484508, 'min_child_samples': 16}. Best is trial 259 with value: 0.18113207237539872.
[I 2025-03-11 22:24:45,816] Trial 423 finished with value: 0.1827512046869105 and parameters: {'learning_rate': 0.01901277419081181, 'depth': 11, 'l2_leaf_reg': 2.6309991372689248, 'min_child_samples': 1}. Best is trial 259 with value: 0.18113207237539872.
[I 2025-03-11 22:24:50,355] Trial 424 finished with value: 0.18600130092682463 and parameters: {'learning_rate': 0.019474335632381625, 'depth': 11, 'l2_leaf_reg': 2.3948596148250156, 'min_child_samples': 1}. Best is trial 259 with value: 0.18113207237539872.
[I 2025-03-11 22:24:53,850] Trial 425 finished with value: 0.18635249917642438 and parameters: {'learning_rate': 0.018704718257000753, 'depth': 10, 'l2_leaf_reg': 1.211607359017034, 'min_child_samples': 1}. Best is trial 259 with value: 0.18113207237539872.
[I 2025-03-11 22:24:58,158] Trial 426 finished with value: 0.18540684507851035 and parameters: {'learning_rate': 0.019320244348906942, 'depth': 11, 'l2_leaf_reg': 1.6942709222967802, 'min_child_samples': 32}. Best is trial 259 with value: 0.18113207237539872.
[I 2025-03-11 22:25:02,836] Trial 427 finished with value: 0.18317110864751984 and parameters: {'learning_rate': 0.019653385866986815, 'depth': 11, 'l2_leaf_reg': 1.7968536811344649, 'min_child_samples': 1}. Best is trial 259 with value: 0.18113207237539872.
[I 2025-03-11 22:25:09,052] Trial 428 finished with value: 0.18672099939379033 and parameters: {'learning_rate': 0.018412315711841223, 'depth': 12, 'l2_leaf_reg': 2.5362203441026563, 'min_child_samples': 1}. Best is trial 259 with value: 0.18113207237539872.
[I 2025-03-11 22:25:13,487] Trial 429 finished with value: 0.1830678348648623 and parameters: {'learning_rate': 0.019014621113250443, 'depth': 11, 'l2_leaf_reg': 2.3409903191668957, 'min_child_samples': 1}. Best is trial 259 with value: 0.18113207237539872.
[I 2025-03-11 22:25:16,794] Trial 430 finished with value: 0.18578440546967673 and parameters: {'learning_rate': 0.01958838836044836, 'depth': 10, 'l2_leaf_reg': 1.9216206828114475, 'min_child_samples': 16}. Best is trial 259 with value: 0.18113207237539872.
[I 2025-03-11 22:25:21,279] Trial 431 finished with value: 0.183718021736831 and parameters: {'learning_rate': 0.018001828817557818, 'depth': 11, 'l2_leaf_reg': 2.423519281567115, 'min_child_samples': 8}. Best is trial 259 with value: 0.18113207237539872.
[I 2025-03-11 22:25:27,588] Trial 432 finished with value: 0.18748634284371443 and parameters: {'learning_rate': 0.01891424552767096, 'depth': 12, 'l2_leaf_reg': 2.1907553740772596, 'min_child_samples': 1}. Best is trial 259 with value: 0.18113207237539872.
[I 2025-03-11 22:25:31,163] Trial 433 finished with value: 0.18511481154890344 and parameters: {'learning_rate': 0.019960318274354304, 'depth': 10, 'l2_leaf_reg': 2.850962025645336, 'min_child_samples': 32}. Best is trial 259 with value: 0.18113207237539872.
[I 2025-03-11 22:25:35,563] Trial 434 finished with value: 0.18400290832444816 and parameters: {'learning_rate': 0.01931041555925183, 'depth': 11, 'l2_leaf_reg': 2.749743880741397, 'min_child_samples': 8}. Best is trial 259 with value: 0.18113207237539872.
[I 2025-03-11 22:25:40,123] Trial 435 finished with value: 0.1842653161754557 and parameters: {'learning_rate': 0.01851764394196317, 'depth': 11, 'l2_leaf_reg': 2.267352663265601, 'min_child_samples': 1}. Best is trial 259 with value: 0.18113207237539872.
[I 2025-03-11 22:25:44,598] Trial 436 finished with value: 0.18095814550498537 and parameters: {'learning_rate': 0.01998949063802282, 'depth': 11, 'l2_leaf_reg': 2.336008467549404, 'min_child_samples': 8}. Best is trial 436 with value: 0.18095814550498537.
[I 2025-03-11 22:25:49,135] Trial 437 finished with value: 0.18298719673657723 and parameters: {'learning_rate': 0.01967242395571777, 'depth': 11, 'l2_leaf_reg': 2.2985673873550008, 'min_child_samples': 8}. Best is trial 436 with value: 0.18095814550498537.
[I 2025-03-11 22:25:52,499] Trial 438 finished with value: 0.18477724634833395 and parameters: {'learning_rate': 0.019984215264773692, 'depth': 10, 'l2_leaf_reg': 2.3595297997754683, 'min_child_samples': 8}. Best is trial 436 with value: 0.18095814550498537.
[I 2025-03-11 22:25:58,705] Trial 439 finished with value: 0.18719508706696839 and parameters: {'learning_rate': 0.01951583222558645, 'depth': 12, 'l2_leaf_reg': 2.2441417285283394, 'min_child_samples': 8}. Best is trial 436 with value: 0.18095814550498537.
[I 2025-03-11 22:26:03,175] Trial 440 finished with value: 0.1888138200898035 and parameters: {'learning_rate': 0.013890926060700007, 'depth': 11, 'l2_leaf_reg': 2.4364210903345804, 'min_child_samples': 8}. Best is trial 436 with value: 0.18095814550498537.
[I 2025-03-11 22:26:07,867] Trial 441 finished with value: 0.1836918020399779 and parameters: {'learning_rate': 0.01962735178400555, 'depth': 11, 'l2_leaf_reg': 2.3279222944754547, 'min_child_samples': 8}. Best is trial 436 with value: 0.18095814550498537.
[I 2025-03-11 22:26:14,175] Trial 442 finished with value: 0.18841801040404782 and parameters: {'learning_rate': 0.0192322200719982, 'depth': 12, 'l2_leaf_reg': 2.5008806130521015, 'min_child_samples': 8}. Best is trial 436 with value: 0.18095814550498537.
