[I 2025-03-11 22:38:25,057] Trial 112 finished with value: 0.47441297642771596 and parameters: {'learning_rate': 0.01958346834600785, 'depth': 11, 'l2_leaf_reg': 0.35983357406052124, 'min_child_samples': 8}. Best is trial 96 with value: 0.46670732458156666.
[I 2025-03-11 22:38:27,998] Trial 113 finished with value: 0.4668193213181764 and parameters: {'learning_rate': 0.01990967731296295, 'depth': 9, 'l2_leaf_reg': 0.18697791236448852, 'min_child_samples': 8}. Best is trial 96 with value: 0.46670732458156666.
[I 2025-03-11 22:38:31,113] Trial 114 finished with value: 0.46680863392467503 and parameters: {'learning_rate': 0.019862625050455465, 'depth': 9, 'l2_leaf_reg': 0.24457529574056702, 'min_child_samples': 8}. Best is trial 96 with value: 0.46670732458156666.
[I 2025-03-11 22:38:34,814] Trial 115 finished with value: 0.4690117903659645 and parameters: {'learning_rate': 0.019791438448111594, 'depth': 10, 'l2_leaf_reg': 0.15519867242180913, 'min_child_samples': 8}. Best is trial 96 with value: 0.46670732458156666.
[I 2025-03-11 22:38:37,720] Trial 116 finished with value: 0.46727977932261994 and parameters: {'learning_rate': 0.019967487343066262, 'depth': 9, 'l2_leaf_reg': 0.24089052789200094, 'min_child_samples': 8}. Best is trial 96 with value: 0.46670732458156666.
[I 2025-03-11 22:38:41,386] Trial 117 finished with value: 0.46706889594751877 and parameters: {'learning_rate': 0.01994236514415891, 'depth': 10, 'l2_leaf_reg': 0.21932228937375317, 'min_child_samples': 8}. Best is trial 96 with value: 0.46670732458156666.
[I 2025-03-11 22:38:45,949] Trial 118 finished with value: 0.47482002084124636 and parameters: {'learning_rate': 0.019732318746424907, 'depth': 11, 'l2_leaf_reg': 0.24119209146380438, 'min_child_samples': 8}. Best is trial 96 with value: 0.46670732458156666.
[I 2025-03-11 22:38:49,662] Trial 119 finished with value: 0.4696486426633763 and parameters: {'learning_rate': 0.01986606484004536, 'depth': 10, 'l2_leaf_reg': 0.1578341647629164, 'min_child_samples': 8}. Best is trial 96 with value: 0.46670732458156666.
[I 2025-03-11 22:38:53,191] Trial 120 finished with value: 0.4707587675295556 and parameters: {'learning_rate': 0.0192897166339458, 'depth': 10, 'l2_leaf_reg': 0.07668645601116181, 'min_child_samples': 8}. Best is trial 96 with value: 0.46670732458156666.
[I 2025-03-11 22:38:56,384] Trial 121 finished with value: 0.4659042385103175 and parameters: {'learning_rate': 0.019954659862361574, 'depth': 9, 'l2_leaf_reg': 0.3547075660239194, 'min_child_samples': 8}. Best is trial 121 with value: 0.4659042385103175.
[I 2025-03-11 22:38:59,404] Trial 122 finished with value: 0.4702838012533955 and parameters: {'learning_rate': 0.01952660122592233, 'depth': 9, 'l2_leaf_reg': 0.3691502629324186, 'min_child_samples': 8}. Best is trial 121 with value: 0.4659042385103175.
[I 2025-03-11 22:39:00,909] Trial 123 finished with value: 0.9339669004476115 and parameters: {'learning_rate': 0.012128791119933391, 'depth': 1, 'l2_leaf_reg': 0.20355336951917694, 'min_child_samples': 8}. Best is trial 121 with value: 0.4659042385103175.
[I 2025-03-11 22:39:03,378] Trial 124 finished with value: 0.4678297841652122 and parameters: {'learning_rate': 0.01951188638741656, 'depth': 8, 'l2_leaf_reg': 0.32605378788612777, 'min_child_samples': 8}. Best is trial 121 with value: 0.4659042385103175.
[I 2025-03-11 22:39:06,200] Trial 125 finished with value: 0.46799109166415515 and parameters: {'learning_rate': 0.019930375624985872, 'depth': 9, 'l2_leaf_reg': 0.023970153006216383, 'min_child_samples': 8}. Best is trial 121 with value: 0.4659042385103175.
[I 2025-03-11 22:39:09,826] Trial 126 finished with value: 0.47029329445992446 and parameters: {'learning_rate': 0.01859297819916776, 'depth': 10, 'l2_leaf_reg': 0.626012752498512, 'min_child_samples': 8}. Best is trial 121 with value: 0.4659042385103175.
[I 2025-03-11 22:39:12,244] Trial 127 finished with value: 0.46654918321186006 and parameters: {'learning_rate': 0.01995509300449758, 'depth': 8, 'l2_leaf_reg': 0.10222465985988338, 'min_child_samples': 8}. Best is trial 121 with value: 0.4659042385103175.
[I 2025-03-11 22:39:15,040] Trial 128 finished with value: 0.4683586151190948 and parameters: {'learning_rate': 0.019217196330406725, 'depth': 8, 'l2_leaf_reg': 0.08212457372650206, 'min_child_samples': 8}. Best is trial 121 with value: 0.4659042385103175.
[I 2025-03-11 22:39:17,488] Trial 129 finished with value: 0.46857240459291 and parameters: {'learning_rate': 0.01998741744779089, 'depth': 8, 'l2_leaf_reg': 0.12225753947239199, 'min_child_samples': 8}. Best is trial 121 with value: 0.4659042385103175.
[I 2025-03-11 22:39:20,539] Trial 130 finished with value: 0.4698294679169652 and parameters: {'learning_rate': 0.018971953024391943, 'depth': 9, 'l2_leaf_reg': 0.2374478259258053, 'min_child_samples': 8}. Best is trial 121 with value: 0.4659042385103175.
[I 2025-03-11 22:39:23,491] Trial 131 finished with value: 0.46874610767816366 and parameters: {'learning_rate': 0.019379441644833555, 'depth': 9, 'l2_leaf_reg': 0.44684288694424723, 'min_child_samples': 8}. Best is trial 121 with value: 0.4659042385103175.
[I 2025-03-11 22:39:26,528] Trial 132 finished with value: 0.4675657189517682 and parameters: {'learning_rate': 0.019938861489650357, 'depth': 9, 'l2_leaf_reg': 0.20218532798785488, 'min_child_samples': 8}. Best is trial 121 with value: 0.4659042385103175.
[I 2025-03-11 22:39:29,359] Trial 133 finished with value: 0.46919393703588846 and parameters: {'learning_rate': 0.01999989412096209, 'depth': 8, 'l2_leaf_reg': 0.2812353952998723, 'min_child_samples': 8}. Best is trial 121 with value: 0.4659042385103175.
[I 2025-03-11 22:39:32,166] Trial 134 finished with value: 0.4673054347726326 and parameters: {'learning_rate': 0.01872915275273898, 'depth': 9, 'l2_leaf_reg': 0.4040182792965653, 'min_child_samples': 8}. Best is trial 121 with value: 0.4659042385103175.
[I 2025-03-11 22:39:35,840] Trial 135 finished with value: 0.4701948073613325 and parameters: {'learning_rate': 0.018544339469547866, 'depth': 10, 'l2_leaf_reg': 0.3054348162975244, 'min_child_samples': 8}. Best is trial 121 with value: 0.4659042385103175.
[I 2025-03-11 22:39:39,442] Trial 136 finished with value: 0.46733284024900934 and parameters: {'learning_rate': 0.018040316999907956, 'depth': 10, 'l2_leaf_reg': 0.0065507504017909834, 'min_child_samples': 8}. Best is trial 121 with value: 0.4659042385103175.
[I 2025-03-11 22:39:42,797] Trial 137 finished with value: 0.46884416258809425 and parameters: {'learning_rate': 0.01886934597289604, 'depth': 10, 'l2_leaf_reg': 0.11012014845056073, 'min_child_samples': 8}. Best is trial 121 with value: 0.4659042385103175.
[I 2025-03-11 22:39:52,371] Trial 138 finished with value: 0.49182419984543885 and parameters: {'learning_rate': 0.01807004913510439, 'depth': 13, 'l2_leaf_reg': 0.007496818297193564, 'min_child_samples': 8}. Best is trial 121 with value: 0.4659042385103175.
[I 2025-03-11 22:39:54,395] Trial 139 finished with value: 0.4756815478033379 and parameters: {'learning_rate': 0.019384034315116237, 'depth': 7, 'l2_leaf_reg': 0.4965633886196418, 'min_child_samples': 8}. Best is trial 121 with value: 0.4659042385103175.
[I 2025-03-11 22:39:57,914] Trial 140 finished with value: 0.48280028533371283 and parameters: {'learning_rate': 0.009260215613029914, 'depth': 10, 'l2_leaf_reg': 0.5789238030637511, 'min_child_samples': 8}. Best is trial 121 with value: 0.4659042385103175.
[I 2025-03-11 22:40:00,863] Trial 141 finished with value: 0.4687456447770684 and parameters: {'learning_rate': 0.018413021441178325, 'depth': 9, 'l2_leaf_reg': 0.07653384528957571, 'min_child_samples': 8}. Best is trial 121 with value: 0.4659042385103175.
[I 2025-03-11 22:40:05,289] Trial 142 finished with value: 0.5028683957549874 and parameters: {'learning_rate': 0.006553625630621901, 'depth': 11, 'l2_leaf_reg': 0.21905457630347075, 'min_child_samples': 8}. Best is trial 121 with value: 0.4659042385103175.
[I 2025-03-11 22:40:08,177] Trial 143 finished with value: 0.4679640134797219 and parameters: {'learning_rate': 0.017820329422023603, 'depth': 9, 'l2_leaf_reg': 0.12639523675152403, 'min_child_samples': 32}. Best is trial 121 with value: 0.4659042385103175.
[I 2025-03-11 22:40:10,606] Trial 144 finished with value: 0.47040906007397326 and parameters: {'learning_rate': 0.018876227012822065, 'depth': 8, 'l2_leaf_reg': 0.28057978546686485, 'min_child_samples': 4}. Best is trial 121 with value: 0.4659042385103175.
[I 2025-03-11 22:40:13,596] Trial 145 finished with value: 0.46872415946091694 and parameters: {'learning_rate': 0.019513807926732633, 'depth': 9, 'l2_leaf_reg': 0.18806606514449142, 'min_child_samples': 1}. Best is trial 121 with value: 0.4659042385103175.
[I 2025-03-11 22:40:16,021] Trial 146 finished with value: 0.4687141549141863 and parameters: {'learning_rate': 0.01914318615032483, 'depth': 8, 'l2_leaf_reg': 0.3516161343540931, 'min_child_samples': 8}. Best is trial 121 with value: 0.4659042385103175.
[I 2025-03-11 22:40:19,501] Trial 147 finished with value: 0.46829689776813127 and parameters: {'learning_rate': 0.01825874466479787, 'depth': 10, 'l2_leaf_reg': 0.013187723374146754, 'min_child_samples': 8}. Best is trial 121 with value: 0.4659042385103175.
[I 2025-03-11 22:40:22,490] Trial 148 finished with value: 0.46826950821767 and parameters: {'learning_rate': 0.018701743819407094, 'depth': 9, 'l2_leaf_reg': 0.432512734346927, 'min_child_samples': 8}. Best is trial 121 with value: 0.4659042385103175.
[I 2025-03-11 22:40:26,208] Trial 149 finished with value: 0.4696290936153444 and parameters: {'learning_rate': 0.019370832275689413, 'depth': 10, 'l2_leaf_reg': 0.2630396107278001, 'min_child_samples': 8}. Best is trial 121 with value: 0.4659042385103175.
[I 2025-03-11 22:40:28,989] Trial 150 finished with value: 0.4701063815470616 and parameters: {'learning_rate': 0.017952524245192253, 'depth': 8, 'l2_leaf_reg': 2.4636914886433554, 'min_child_samples': 8}. Best is trial 121 with value: 0.4659042385103175.
[I 2025-03-11 22:40:32,209] Trial 151 finished with value: 0.4693149842592645 and parameters: {'learning_rate': 0.01961173415856377, 'depth': 9, 'l2_leaf_reg': 0.3612252955311686, 'min_child_samples': 8}. Best is trial 121 with value: 0.4659042385103175.
[I 2025-03-11 22:40:35,334] Trial 152 finished with value: 0.4683149900498347 and parameters: {'learning_rate': 0.019979358504716403, 'depth': 9, 'l2_leaf_reg': 0.39600302802760534, 'min_child_samples': 8}. Best is trial 121 with value: 0.4659042385103175.
[I 2025-03-11 22:40:38,298] Trial 153 finished with value: 0.4693042350227527 and parameters: {'learning_rate': 0.01912036450376083, 'depth': 9, 'l2_leaf_reg': 0.1761456944731452, 'min_child_samples': 8}. Best is trial 121 with value: 0.4659042385103175.
[I 2025-03-11 22:40:42,161] Trial 154 finished with value: 0.4686621652698806 and parameters: {'learning_rate': 0.01954855089614969, 'depth': 10, 'l2_leaf_reg': 0.07592856939670545, 'min_child_samples': 8}. Best is trial 121 with value: 0.4659042385103175.
[I 2025-03-11 22:40:44,969] Trial 155 finished with value: 0.4658424737639339 and parameters: {'learning_rate': 0.018458114912072957, 'depth': 9, 'l2_leaf_reg': 0.31791781717035816, 'min_child_samples': 1}. Best is trial 155 with value: 0.4658424737639339.
[I 2025-03-11 22:40:47,522] Trial 156 finished with value: 0.46953800512984023 and parameters: {'learning_rate': 0.018641320704906636, 'depth': 8, 'l2_leaf_reg': 0.15156198600663698, 'min_child_samples': 1}. Best is trial 155 with value: 0.4658424737639339.
[I 2025-03-11 22:40:51,116] Trial 157 finished with value: 0.46880432654584525 and parameters: {'learning_rate': 0.018277500723471087, 'depth': 10, 'l2_leaf_reg': 0.7277842937650985, 'min_child_samples': 1}. Best is trial 155 with value: 0.4658424737639339.
[I 2025-03-11 22:40:55,635] Trial 158 finished with value: 0.4734522645384195 and parameters: {'learning_rate': 0.018973532614419232, 'depth': 11, 'l2_leaf_reg': 0.2855926799995435, 'min_child_samples': 1}. Best is trial 155 with value: 0.4658424737639339.
[I 2025-03-11 22:40:58,591] Trial 159 finished with value: 0.46869809992025774 and parameters: {'learning_rate': 0.017653199200806987, 'depth': 9, 'l2_leaf_reg': 0.21310365294278083, 'min_child_samples': 1}. Best is trial 155 with value: 0.4658424737639339.
[I 2025-03-11 22:41:01,212] Trial 160 finished with value: 0.4670585195945147 and parameters: {'learning_rate': 0.018427764308980018, 'depth': 8, 'l2_leaf_reg': 0.9905176729064653, 'min_child_samples': 1}. Best is trial 155 with value: 0.4658424737639339.
[I 2025-03-11 22:41:03,889] Trial 161 finished with value: 0.4700991962466942 and parameters: {'learning_rate': 0.018487213965596383, 'depth': 8, 'l2_leaf_reg': 2.2095189670886963, 'min_child_samples': 1}. Best is trial 155 with value: 0.4658424737639339.
[I 2025-03-11 22:41:06,916] Trial 162 finished with value: 0.46791171079945854 and parameters: {'learning_rate': 0.019198438960661632, 'depth': 9, 'l2_leaf_reg': 0.9717674801682445, 'min_child_samples': 1}. Best is trial 155 with value: 0.4658424737639339.
[I 2025-03-11 22:41:09,267] Trial 163 finished with value: 0.47422216567438363 and parameters: {'learning_rate': 0.014002386398492347, 'depth': 8, 'l2_leaf_reg': 0.32485310422240754, 'min_child_samples': 1}. Best is trial 155 with value: 0.4658424737639339.
[I 2025-03-11 22:41:12,407] Trial 164 finished with value: 0.46963749650424336 and parameters: {'learning_rate': 0.01803111174949299, 'depth': 9, 'l2_leaf_reg': 0.1177597593295307, 'min_child_samples': 1}. Best is trial 155 with value: 0.4658424737639339.
[I 2025-03-11 22:41:14,883] Trial 165 finished with value: 0.47179538157608064 and parameters: {'learning_rate': 0.017006074369170603, 'depth': 8, 'l2_leaf_reg': 0.8179968234710578, 'min_child_samples': 8}. Best is trial 155 with value: 0.4658424737639339.
[I 2025-03-11 22:41:18,087] Trial 166 finished with value: 0.4696257931361786 and parameters: {'learning_rate': 0.01952763082574468, 'depth': 9, 'l2_leaf_reg': 1.0080723715395281, 'min_child_samples': 1}. Best is trial 155 with value: 0.4658424737639339.
[I 2025-03-11 22:41:20,248] Trial 167 finished with value: 0.47526889401730704 and parameters: {'learning_rate': 0.01882746587127889, 'depth': 7, 'l2_leaf_reg': 0.23814125102960607, 'min_child_samples': 4}. Best is trial 155 with value: 0.4658424737639339.
[I 2025-03-11 22:41:23,909] Trial 168 finished with value: 0.4689245910854271 and parameters: {'learning_rate': 0.019645774523872048, 'depth': 10, 'l2_leaf_reg': 0.0774298655420718, 'min_child_samples': 32}. Best is trial 155 with value: 0.4658424737639339.
[I 2025-03-11 22:41:26,459] Trial 169 finished with value: 0.4697139727602436 and parameters: {'learning_rate': 0.018623583736730613, 'depth': 8, 'l2_leaf_reg': 0.1485640241342425, 'min_child_samples': 8}. Best is trial 155 with value: 0.4658424737639339.
[I 2025-03-11 22:41:29,588] Trial 170 finished with value: 0.46902816723928015 and parameters: {'learning_rate': 0.01923672832563427, 'depth': 9, 'l2_leaf_reg': 0.4731631199995149, 'min_child_samples': 8}. Best is trial 155 with value: 0.4658424737639339.
[I 2025-03-11 22:41:32,661] Trial 171 finished with value: 0.4679357611874557 and parameters: {'learning_rate': 0.019869644411209853, 'depth': 9, 'l2_leaf_reg': 0.37901545856058066, 'min_child_samples': 8}. Best is trial 155 with value: 0.4658424737639339.
[I 2025-03-11 22:41:35,836] Trial 172 finished with value: 0.46713672736417794 and parameters: {'learning_rate': 0.019988521273494753, 'depth': 9, 'l2_leaf_reg': 0.5680145947761691, 'min_child_samples': 8}. Best is trial 155 with value: 0.4658424737639339.
[I 2025-03-11 22:41:39,515] Trial 173 finished with value: 0.47078716627639183 and parameters: {'learning_rate': 0.019104642326258862, 'depth': 10, 'l2_leaf_reg': 0.8693718973141453, 'min_child_samples': 8}. Best is trial 155 with value: 0.4658424737639339.
[I 2025-03-11 22:41:42,404] Trial 174 finished with value: 0.4697917538979466 and parameters: {'learning_rate': 0.019558633461955476, 'depth': 9, 'l2_leaf_reg': 0.7658678466681819, 'min_child_samples': 8}. Best is trial 155 with value: 0.4658424737639339.
[I 2025-03-11 22:41:45,573] Trial 175 finished with value: 0.46749308439974496 and parameters: {'learning_rate': 0.018249401212044235, 'depth': 9, 'l2_leaf_reg': 0.5235087266579311, 'min_child_samples': 8}. Best is trial 155 with value: 0.4658424737639339.
[I 2025-03-11 22:41:48,354] Trial 176 finished with value: 0.46926497661709066 and parameters: {'learning_rate': 0.01885775052301112, 'depth': 8, 'l2_leaf_reg': 0.5159239771152122, 'min_child_samples': 8}. Best is trial 155 with value: 0.4658424737639339.
[I 2025-03-11 22:41:51,325] Trial 177 finished with value: 0.46953714871344937 and parameters: {'learning_rate': 0.01743392864080448, 'depth': 9, 'l2_leaf_reg': 0.6516039115934386, 'min_child_samples': 8}. Best is trial 155 with value: 0.4658424737639339.
[I 2025-03-11 22:41:54,932] Trial 178 finished with value: 0.4681869395976221 and parameters: {'learning_rate': 0.01945995050429463, 'depth': 10, 'l2_leaf_reg': 0.5589918093713092, 'min_child_samples': 8}. Best is trial 155 with value: 0.4658424737639339.
[I 2025-03-11 22:41:57,693] Trial 179 finished with value: 0.4657063662265271 and parameters: {'learning_rate': 0.019937756317546535, 'depth': 9, 'l2_leaf_reg': 0.5930050808676599, 'min_child_samples': 8}. Best is trial 179 with value: 0.4657063662265271.
[I 2025-03-11 22:42:00,256] Trial 180 finished with value: 0.46781092365011234 and parameters: {'learning_rate': 0.019885909372110325, 'depth': 8, 'l2_leaf_reg': 0.4300761538899536, 'min_child_samples': 8}. Best is trial 179 with value: 0.4657063662265271.
[I 2025-03-11 22:42:03,377] Trial 181 finished with value: 0.4660602102351052 and parameters: {'learning_rate': 0.01998349827562094, 'depth': 9, 'l2_leaf_reg': 0.3083525376723507, 'min_child_samples': 8}. Best is trial 179 with value: 0.4657063662265271.
[I 2025-03-11 22:42:05,232] Trial 182 finished with value: 0.5473449204375944 and parameters: {'learning_rate': 0.019995824942568217, 'depth': 3, 'l2_leaf_reg': 0.2350014148764757, 'min_child_samples': 8}. Best is trial 179 with value: 0.4657063662265271.
[I 2025-03-11 22:42:08,228] Trial 183 finished with value: 0.4700521760198645 and parameters: {'learning_rate': 0.01953790846050262, 'depth': 9, 'l2_leaf_reg': 2.916628188116304, 'min_child_samples': 8}. Best is trial 179 with value: 0.4657063662265271.
[I 2025-03-11 22:42:11,392] Trial 184 finished with value: 0.4691178914886766 and parameters: {'learning_rate': 0.0192101460658152, 'depth': 9, 'l2_leaf_reg': 0.3057938518995751, 'min_child_samples': 8}. Best is trial 179 with value: 0.4657063662265271.
[I 2025-03-11 22:42:15,114] Trial 185 finished with value: 0.4706254607453545 and parameters: {'learning_rate': 0.019533652429145846, 'depth': 10, 'l2_leaf_reg': 0.6233610894166909, 'min_child_samples': 8}. Best is trial 179 with value: 0.4657063662265271.
[I 2025-03-11 22:42:17,749] Trial 186 finished with value: 0.46791424084392585 and parameters: {'learning_rate': 0.01995440249751401, 'depth': 8, 'l2_leaf_reg': 0.32325162700746685, 'min_child_samples': 8}. Best is trial 179 with value: 0.4657063662265271.
[I 2025-03-11 22:42:20,556] Trial 187 finished with value: 0.4685217360349601 and parameters: {'learning_rate': 0.0189514721471728, 'depth': 9, 'l2_leaf_reg': 0.4461809333915398, 'min_child_samples': 8}. Best is trial 179 with value: 0.4657063662265271.
[I 2025-03-11 22:42:23,404] Trial 188 finished with value: 0.4689127642846501 and parameters: {'learning_rate': 0.019598861810761332, 'depth': 9, 'l2_leaf_reg': 0.19604938542246858, 'min_child_samples': 1}. Best is trial 179 with value: 0.4657063662265271.
[I 2025-03-11 22:42:26,825] Trial 189 finished with value: 0.4696579620111963 and parameters: {'learning_rate': 0.01923582185981977, 'depth': 10, 'l2_leaf_reg': 0.26416424196068755, 'min_child_samples': 8}. Best is trial 179 with value: 0.4657063662265271.
[I 2025-03-11 22:42:29,407] Trial 190 finished with value: 0.4691143906047881 and parameters: {'learning_rate': 0.01872521528305316, 'depth': 8, 'l2_leaf_reg': 0.04712383456994887, 'min_child_samples': 8}. Best is trial 179 with value: 0.4657063662265271.
[I 2025-03-11 22:42:32,311] Trial 191 finished with value: 0.4685545181612536 and parameters: {'learning_rate': 0.018382375357691702, 'depth': 9, 'l2_leaf_reg': 0.5451212126380267, 'min_child_samples': 8}. Best is trial 179 with value: 0.4657063662265271.
[I 2025-03-11 22:42:35,427] Trial 192 finished with value: 0.46902166191923694 and parameters: {'learning_rate': 0.01914424283741883, 'depth': 9, 'l2_leaf_reg': 0.5933631194046746, 'min_child_samples': 8}. Best is trial 179 with value: 0.4657063662265271.
[I 2025-03-11 22:42:38,628] Trial 193 finished with value: 0.4668086119694558 and parameters: {'learning_rate': 0.01996633793620625, 'depth': 9, 'l2_leaf_reg': 0.3596979121538268, 'min_child_samples': 8}. Best is trial 179 with value: 0.4657063662265271.
[I 2025-03-11 22:42:41,581] Trial 194 finished with value: 0.46774566451286353 and parameters: {'learning_rate': 0.019997573797393507, 'depth': 9, 'l2_leaf_reg': 0.40301736809793937, 'min_child_samples': 8}. Best is trial 179 with value: 0.4657063662265271.
[I 2025-03-11 22:42:45,183] Trial 195 finished with value: 0.4670304514442981 and parameters: {'learning_rate': 0.019601431655493794, 'depth': 10, 'l2_leaf_reg': 2.317605674369871, 'min_child_samples': 8}. Best is trial 179 with value: 0.4657063662265271.
[I 2025-03-11 22:42:48,093] Trial 196 finished with value: 0.47021964459072013 and parameters: {'learning_rate': 0.01958194487553303, 'depth': 9, 'l2_leaf_reg': 2.277802993088859, 'min_child_samples': 8}. Best is trial 179 with value: 0.4657063662265271.
