[I 2025-03-11 20:57:26,277] Trial 338 finished with value: 0.2776128547703706 and parameters: {'learning_rate': 0.01830409857391153, 'depth': 12, 'l2_leaf_reg': 0.1486013076564322, 'min_child_samples': 4}. Best is trial 227 with value: 0.27190648279760415.
[I 2025-03-11 20:57:35,264] Trial 339 finished with value: 0.27450188808096204 and parameters: {'learning_rate': 0.017914181248574756, 'depth': 13, 'l2_leaf_reg': 0.4143780367472213, 'min_child_samples': 4}. Best is trial 227 with value: 0.27190648279760415.
[I 2025-03-11 20:57:51,268] Trial 340 finished with value: 0.27538769036367794 and parameters: {'learning_rate': 0.016925631321030504, 'depth': 14, 'l2_leaf_reg': 0.06138632884955819, 'min_child_samples': 4}. Best is trial 227 with value: 0.27190648279760415.
[I 2025-03-11 20:57:57,749] Trial 341 finished with value: 0.27437002165706986 and parameters: {'learning_rate': 0.018994668583207232, 'depth': 13, 'l2_leaf_reg': 0.22487599607698522, 'min_child_samples': 4}. Best is trial 227 with value: 0.27190648279760415.
[I 2025-03-11 20:58:05,853] Trial 342 finished with value: 0.27694318496669995 and parameters: {'learning_rate': 0.017419129245272773, 'depth': 13, 'l2_leaf_reg': 0.10312573960915329, 'min_child_samples': 4}. Best is trial 227 with value: 0.27190648279760415.
[I 2025-03-11 20:58:14,283] Trial 343 finished with value: 0.2765251195680363 and parameters: {'learning_rate': 0.017876559400804404, 'depth': 13, 'l2_leaf_reg': 2.7497217512743317, 'min_child_samples': 4}. Best is trial 227 with value: 0.27190648279760415.
[I 2025-03-11 20:58:22,372] Trial 344 finished with value: 0.27736873873769025 and parameters: {'learning_rate': 0.016472605837859138, 'depth': 13, 'l2_leaf_reg': 0.17886480864303497, 'min_child_samples': 4}. Best is trial 227 with value: 0.27190648279760415.
[I 2025-03-11 20:58:27,318] Trial 345 finished with value: 0.2792111050368737 and parameters: {'learning_rate': 0.018771578042585536, 'depth': 12, 'l2_leaf_reg': 0.2784136100396629, 'min_child_samples': 4}. Best is trial 227 with value: 0.27190648279760415.
[I 2025-03-11 20:58:39,512] Trial 346 finished with value: 0.27578896148939225 and parameters: {'learning_rate': 0.019769181821917153, 'depth': 14, 'l2_leaf_reg': 0.0039248485267020725, 'min_child_samples': 4}. Best is trial 227 with value: 0.27190648279760415.
[I 2025-03-11 20:58:44,167] Trial 347 finished with value: 0.276431538079821 and parameters: {'learning_rate': 0.018220633435539663, 'depth': 12, 'l2_leaf_reg': 0.12716211465393368, 'min_child_samples': 4}. Best is trial 227 with value: 0.27190648279760415.
[I 2025-03-11 20:58:52,366] Trial 348 finished with value: 0.2756457014901185 and parameters: {'learning_rate': 0.017604435029110608, 'depth': 13, 'l2_leaf_reg': 0.06909302163025255, 'min_child_samples': 4}. Best is trial 227 with value: 0.27190648279760415.
[I 2025-03-11 20:59:00,975] Trial 349 finished with value: 0.2758601846835465 and parameters: {'learning_rate': 0.01685598737773203, 'depth': 13, 'l2_leaf_reg': 0.06372996753097739, 'min_child_samples': 4}. Best is trial 227 with value: 0.27190648279760415.
[I 2025-03-11 20:59:09,753] Trial 350 finished with value: 0.27805475482762393 and parameters: {'learning_rate': 0.018383841204274182, 'depth': 13, 'l2_leaf_reg': 1.6175172751539821, 'min_child_samples': 4}. Best is trial 227 with value: 0.27190648279760415.
[I 2025-03-11 20:59:22,905] Trial 351 finished with value: 0.2779270795104036 and parameters: {'learning_rate': 0.017909953097835433, 'depth': 14, 'l2_leaf_reg': 0.18114456219799607, 'min_child_samples': 4}. Best is trial 227 with value: 0.27190648279760415.
[I 2025-03-11 20:59:31,109] Trial 352 finished with value: 0.27562443552091453 and parameters: {'learning_rate': 0.01739654279429676, 'depth': 13, 'l2_leaf_reg': 0.12992615844770594, 'min_child_samples': 4}. Best is trial 227 with value: 0.27190648279760415.
[I 2025-03-11 20:59:35,900] Trial 353 finished with value: 0.28371761489491865 and parameters: {'learning_rate': 0.018991407800740552, 'depth': 12, 'l2_leaf_reg': 0.2502048600543089, 'min_child_samples': 4}. Best is trial 227 with value: 0.27190648279760415.
[I 2025-03-11 20:59:44,848] Trial 354 finished with value: 0.27542635278893374 and parameters: {'learning_rate': 0.01722603726089567, 'depth': 13, 'l2_leaf_reg': 0.35609905294698196, 'min_child_samples': 1}. Best is trial 227 with value: 0.27190648279760415.
[I 2025-03-11 20:59:51,955] Trial 355 finished with value: 0.2761036972878414 and parameters: {'learning_rate': 0.01849406251739276, 'depth': 13, 'l2_leaf_reg': 0.04949494183576175, 'min_child_samples': 4}. Best is trial 227 with value: 0.27190648279760415.
[I 2025-03-11 21:00:07,949] Trial 356 finished with value: 0.27887068182613856 and parameters: {'learning_rate': 0.015857394535183575, 'depth': 14, 'l2_leaf_reg': 0.9904742759199693, 'min_child_samples': 32}. Best is trial 227 with value: 0.27190648279760415.
[I 2025-03-11 21:00:15,434] Trial 357 finished with value: 0.2750690889347807 and parameters: {'learning_rate': 0.017954492726174335, 'depth': 13, 'l2_leaf_reg': 0.12873889921818166, 'min_child_samples': 4}. Best is trial 227 with value: 0.27190648279760415.
[I 2025-03-11 21:00:20,364] Trial 358 finished with value: 0.28177895537772124 and parameters: {'learning_rate': 0.016273826902985393, 'depth': 12, 'l2_leaf_reg': 0.004049383450466751, 'min_child_samples': 4}. Best is trial 227 with value: 0.27190648279760415.
[I 2025-03-11 21:00:28,519] Trial 359 finished with value: 0.27707058749600827 and parameters: {'learning_rate': 0.018198073806292674, 'depth': 13, 'l2_leaf_reg': 0.20099100058116232, 'min_child_samples': 4}. Best is trial 227 with value: 0.27190648279760415.
[I 2025-03-11 21:00:37,353] Trial 360 finished with value: 0.27644231802150293 and parameters: {'learning_rate': 0.01760783780839513, 'depth': 13, 'l2_leaf_reg': 0.08169903593011538, 'min_child_samples': 8}. Best is trial 227 with value: 0.27190648279760415.
[I 2025-03-11 21:00:41,001] Trial 361 finished with value: 0.28886408937994396 and parameters: {'learning_rate': 0.017040284451162888, 'depth': 11, 'l2_leaf_reg': 0.9198623046095157, 'min_child_samples': 32}. Best is trial 227 with value: 0.27190648279760415.
[I 2025-03-11 21:00:44,230] Trial 362 finished with value: 0.2888595606224895 and parameters: {'learning_rate': 0.01864227276110374, 'depth': 9, 'l2_leaf_reg': 0.30763434217417696, 'min_child_samples': 8}. Best is trial 227 with value: 0.27190648279760415.
[I 2025-03-11 21:00:57,804] Trial 363 finished with value: 0.2777996467367774 and parameters: {'learning_rate': 0.016627385284283678, 'depth': 14, 'l2_leaf_reg': 0.11118857667013421, 'min_child_samples': 1}. Best is trial 227 with value: 0.27190648279760415.
[I 2025-03-11 21:01:07,323] Trial 364 finished with value: 0.2755565628245552 and parameters: {'learning_rate': 0.018116069187643587, 'depth': 13, 'l2_leaf_reg': 1.0123293372806048, 'min_child_samples': 4}. Best is trial 227 with value: 0.27190648279760415.
[I 2025-03-11 21:01:14,266] Trial 365 finished with value: 0.27432464143144947 and parameters: {'learning_rate': 0.019201062473135667, 'depth': 13, 'l2_leaf_reg': 0.478842331705303, 'min_child_samples': 8}. Best is trial 227 with value: 0.27190648279760415.
[I 2025-03-11 21:01:20,236] Trial 366 finished with value: 0.27781633332954764 and parameters: {'learning_rate': 0.017705145011474487, 'depth': 12, 'l2_leaf_reg': 0.0024738740591272596, 'min_child_samples': 4}. Best is trial 227 with value: 0.27190648279760415.
[I 2025-03-11 21:01:25,686] Trial 367 finished with value: 0.2827820727215573 and parameters: {'learning_rate': 0.01735496361557786, 'depth': 12, 'l2_leaf_reg': 0.2083240067030343, 'min_child_samples': 8}. Best is trial 227 with value: 0.27190648279760415.
[I 2025-03-11 21:01:34,611] Trial 368 finished with value: 0.2752153580867562 and parameters: {'learning_rate': 0.015539086830509691, 'depth': 13, 'l2_leaf_reg': 0.15955252139475729, 'min_child_samples': 8}. Best is trial 227 with value: 0.27190648279760415.
[I 2025-03-11 21:01:44,579] Trial 369 finished with value: 0.27528831245236807 and parameters: {'learning_rate': 0.01174155270305265, 'depth': 13, 'l2_leaf_reg': 1.4631361935651634, 'min_child_samples': 4}. Best is trial 227 with value: 0.27190648279760415.
[I 2025-03-11 21:01:59,828] Trial 370 finished with value: 0.2768915274692819 and parameters: {'learning_rate': 0.01703363813044199, 'depth': 14, 'l2_leaf_reg': 0.06769306149474272, 'min_child_samples': 8}. Best is trial 227 with value: 0.27190648279760415.
[I 2025-03-11 21:02:09,021] Trial 371 finished with value: 0.27668014961820936 and parameters: {'learning_rate': 0.014993843846063164, 'depth': 13, 'l2_leaf_reg': 0.9572463956191009, 'min_child_samples': 32}. Best is trial 227 with value: 0.27190648279760415.
[I 2025-03-11 21:02:25,393] Trial 372 finished with value: 0.28263257995821517 and parameters: {'learning_rate': 0.008762536361885254, 'depth': 14, 'l2_leaf_reg': 0.8660006088004405, 'min_child_samples': 8}. Best is trial 227 with value: 0.27190648279760415.
[I 2025-03-11 21:02:33,646] Trial 373 finished with value: 0.2713114523744478 and parameters: {'learning_rate': 0.01442378058674281, 'depth': 13, 'l2_leaf_reg': 0.11674119356381607, 'min_child_samples': 4}. Best is trial 373 with value: 0.2713114523744478.
[I 2025-03-11 21:02:43,177] Trial 374 finished with value: 0.2742061541324825 and parameters: {'learning_rate': 0.01466283983011747, 'depth': 13, 'l2_leaf_reg': 0.12545025760189626, 'min_child_samples': 8}. Best is trial 373 with value: 0.2713114523744478.
[I 2025-03-11 21:02:51,906] Trial 375 finished with value: 0.27606244321120926 and parameters: {'learning_rate': 0.014349712378393052, 'depth': 13, 'l2_leaf_reg': 0.07410656600455062, 'min_child_samples': 4}. Best is trial 373 with value: 0.2713114523744478.
[I 2025-03-11 21:02:57,371] Trial 376 finished with value: 0.27817922503571274 and parameters: {'learning_rate': 0.014145377516333697, 'depth': 12, 'l2_leaf_reg': 0.16610890295429526, 'min_child_samples': 1}. Best is trial 373 with value: 0.2713114523744478.
[I 2025-03-11 21:03:03,044] Trial 377 finished with value: 0.28014754935889125 and parameters: {'learning_rate': 0.015233629163008867, 'depth': 12, 'l2_leaf_reg': 0.049645733665029355, 'min_child_samples': 8}. Best is trial 373 with value: 0.2713114523744478.
[I 2025-03-11 21:03:10,362] Trial 378 finished with value: 0.2761944075023262 and parameters: {'learning_rate': 0.018462000314111854, 'depth': 13, 'l2_leaf_reg': 0.09100055977130335, 'min_child_samples': 8}. Best is trial 373 with value: 0.2713114523744478.
[I 2025-03-11 21:03:26,131] Trial 379 finished with value: 0.27706356392204856 and parameters: {'learning_rate': 0.012273578792260813, 'depth': 14, 'l2_leaf_reg': 1.048002597899429, 'min_child_samples': 4}. Best is trial 373 with value: 0.2713114523744478.
[I 2025-03-11 21:03:34,384] Trial 380 finished with value: 0.2725791440089473 and parameters: {'learning_rate': 0.014527713160223348, 'depth': 13, 'l2_leaf_reg': 0.006696779886929738, 'min_child_samples': 32}. Best is trial 373 with value: 0.2713114523744478.
[I 2025-03-11 21:03:43,593] Trial 381 finished with value: 0.271970618551976 and parameters: {'learning_rate': 0.014684239241352006, 'depth': 13, 'l2_leaf_reg': 0.0002753122190841187, 'min_child_samples': 32}. Best is trial 373 with value: 0.2713114523744478.
[I 2025-03-11 21:03:59,270] Trial 382 finished with value: 0.2757310041755689 and parameters: {'learning_rate': 0.014497277384998536, 'depth': 14, 'l2_leaf_reg': 0.013570168340818603, 'min_child_samples': 32}. Best is trial 373 with value: 0.2713114523744478.
[I 2025-03-11 21:04:08,231] Trial 383 finished with value: 0.2730592011791065 and parameters: {'learning_rate': 0.014514941333047801, 'depth': 13, 'l2_leaf_reg': 3.713429679919056e-06, 'min_child_samples': 32}. Best is trial 373 with value: 0.2713114523744478.
[I 2025-03-11 21:04:16,406] Trial 384 finished with value: 0.27940109756369713 and parameters: {'learning_rate': 0.014810623499757779, 'depth': 13, 'l2_leaf_reg': 0.022736002082763107, 'min_child_samples': 32}. Best is trial 373 with value: 0.2713114523744478.
[I 2025-03-11 21:04:22,150] Trial 385 finished with value: 0.2812957628820015 and parameters: {'learning_rate': 0.013916646181675402, 'depth': 12, 'l2_leaf_reg': 0.014495256660420244, 'min_child_samples': 32}. Best is trial 373 with value: 0.2713114523744478.
[I 2025-03-11 21:04:30,943] Trial 386 finished with value: 0.2745220253697125 and parameters: {'learning_rate': 0.015131912183164876, 'depth': 13, 'l2_leaf_reg': 0.006972331279966008, 'min_child_samples': 32}. Best is trial 373 with value: 0.2713114523744478.
[I 2025-03-11 21:04:45,920] Trial 387 finished with value: 0.2808436591563595 and parameters: {'learning_rate': 0.014825690612533941, 'depth': 14, 'l2_leaf_reg': 0.09497024141129988, 'min_child_samples': 32}. Best is trial 373 with value: 0.2713114523744478.
[I 2025-03-11 21:04:54,950] Trial 388 finished with value: 0.2722899810336774 and parameters: {'learning_rate': 0.014454110453575844, 'depth': 13, 'l2_leaf_reg': 0.0029037355204688184, 'min_child_samples': 32}. Best is trial 373 with value: 0.2713114523744478.
[I 2025-03-11 21:05:04,744] Trial 389 finished with value: 0.27308870036051375 and parameters: {'learning_rate': 0.014542211516150374, 'depth': 13, 'l2_leaf_reg': 0.04893828149794099, 'min_child_samples': 32}. Best is trial 373 with value: 0.2713114523744478.
[I 2025-03-11 21:05:14,787] Trial 390 finished with value: 0.2754648282041188 and parameters: {'learning_rate': 0.014470286754368868, 'depth': 13, 'l2_leaf_reg': 0.03481434289737825, 'min_child_samples': 32}. Best is trial 373 with value: 0.2713114523744478.
[I 2025-03-11 21:05:20,227] Trial 391 finished with value: 0.28040960939453596 and parameters: {'learning_rate': 0.015154868057270275, 'depth': 12, 'l2_leaf_reg': 0.01562651851275125, 'min_child_samples': 32}. Best is trial 373 with value: 0.2713114523744478.
[I 2025-03-11 21:05:29,110] Trial 392 finished with value: 0.2765703289571338 and parameters: {'learning_rate': 0.01547136430799068, 'depth': 13, 'l2_leaf_reg': 0.10760572781243204, 'min_child_samples': 32}. Best is trial 373 with value: 0.2713114523744478.
[I 2025-03-11 21:05:37,932] Trial 393 finished with value: 0.27577543793569975 and parameters: {'learning_rate': 0.01479739825384944, 'depth': 13, 'l2_leaf_reg': 0.0006960554508550687, 'min_child_samples': 32}. Best is trial 373 with value: 0.2713114523744478.
[I 2025-03-11 21:05:47,115] Trial 394 finished with value: 0.2753359116833723 and parameters: {'learning_rate': 0.014593626394226143, 'depth': 13, 'l2_leaf_reg': 0.0006124251838771216, 'min_child_samples': 32}. Best is trial 373 with value: 0.2713114523744478.
[I 2025-03-11 21:06:03,661] Trial 395 finished with value: 0.2762520286540781 and parameters: {'learning_rate': 0.014256989310870279, 'depth': 14, 'l2_leaf_reg': 0.0658654724195954, 'min_child_samples': 32}. Best is trial 373 with value: 0.2713114523744478.
[I 2025-03-11 21:06:11,159] Trial 396 finished with value: 0.2765910075975238 and parameters: {'learning_rate': 0.015037748035586577, 'depth': 13, 'l2_leaf_reg': 0.12776630862705457, 'min_child_samples': 32}. Best is trial 373 with value: 0.2713114523744478.
[I 2025-03-11 21:06:16,037] Trial 397 finished with value: 0.28247933730229713 and parameters: {'learning_rate': 0.014165105947219791, 'depth': 12, 'l2_leaf_reg': 0.06389713432144985, 'min_child_samples': 32}. Best is trial 373 with value: 0.2713114523744478.
[I 2025-03-11 21:06:25,305] Trial 398 finished with value: 0.2755587111408214 and parameters: {'learning_rate': 0.014712242610049824, 'depth': 13, 'l2_leaf_reg': 0.12835048454366976, 'min_child_samples': 32}. Best is trial 373 with value: 0.2713114523744478.
[I 2025-03-11 21:06:41,699] Trial 399 finished with value: 0.27712008259891174 and parameters: {'learning_rate': 0.014209151763640123, 'depth': 14, 'l2_leaf_reg': 0.05488480634543461, 'min_child_samples': 32}. Best is trial 373 with value: 0.2713114523744478.
[I 2025-03-11 21:06:49,936] Trial 400 finished with value: 0.2747338259057913 and parameters: {'learning_rate': 0.01434651605937978, 'depth': 13, 'l2_leaf_reg': 0.17326224216441605, 'min_child_samples': 32}. Best is trial 373 with value: 0.2713114523744478.
[I 2025-03-11 21:06:52,518] Trial 401 finished with value: 0.293400273060985 and parameters: {'learning_rate': 0.01523405134716307, 'depth': 8, 'l2_leaf_reg': 0.005660558703141746, 'min_child_samples': 32}. Best is trial 373 with value: 0.2713114523744478.
[I 2025-03-11 21:07:02,419] Trial 402 finished with value: 0.27382414205705397 and parameters: {'learning_rate': 0.015559918566562494, 'depth': 13, 'l2_leaf_reg': 0.10262588083012948, 'min_child_samples': 32}. Best is trial 373 with value: 0.2713114523744478.
[I 2025-03-11 21:07:07,727] Trial 403 finished with value: 0.28195647556616504 and parameters: {'learning_rate': 0.015525485519008765, 'depth': 12, 'l2_leaf_reg': 0.11337269536704636, 'min_child_samples': 32}. Best is trial 373 with value: 0.2713114523744478.
[I 2025-03-11 21:07:17,666] Trial 404 finished with value: 0.2738154035368938 and parameters: {'learning_rate': 0.015769629571087806, 'depth': 13, 'l2_leaf_reg': 0.15042558430283595, 'min_child_samples': 32}. Best is trial 373 with value: 0.2713114523744478.
[I 2025-03-11 21:07:26,295] Trial 405 finished with value: 0.27556869384580424 and parameters: {'learning_rate': 0.015127141413852942, 'depth': 13, 'l2_leaf_reg': 0.22140717338471272, 'min_child_samples': 32}. Best is trial 373 with value: 0.2713114523744478.
[I 2025-03-11 21:07:34,901] Trial 406 finished with value: 0.27719028705732135 and parameters: {'learning_rate': 0.01481781843336635, 'depth': 13, 'l2_leaf_reg': 0.14649485193306985, 'min_child_samples': 32}. Best is trial 373 with value: 0.2713114523744478.
[I 2025-03-11 21:07:50,606] Trial 407 finished with value: 0.2770013482141002 and parameters: {'learning_rate': 0.016288588032218075, 'depth': 14, 'l2_leaf_reg': 0.07638803509916262, 'min_child_samples': 32}. Best is trial 373 with value: 0.2713114523744478.
[I 2025-03-11 21:08:00,120] Trial 408 finished with value: 0.2732312176805048 and parameters: {'learning_rate': 0.015599978842483417, 'depth': 13, 'l2_leaf_reg': 0.1715900788677443, 'min_child_samples': 32}. Best is trial 373 with value: 0.2713114523744478.
[I 2025-03-11 21:08:09,823] Trial 409 finished with value: 0.2739228318587328 and parameters: {'learning_rate': 0.015497376360096715, 'depth': 13, 'l2_leaf_reg': 0.21618613942169213, 'min_child_samples': 32}. Best is trial 373 with value: 0.2713114523744478.
[I 2025-03-11 21:08:12,406] Trial 410 finished with value: 0.3112392619470491 and parameters: {'learning_rate': 0.015200939471446155, 'depth': 6, 'l2_leaf_reg': 0.1778717303839919, 'min_child_samples': 32}. Best is trial 373 with value: 0.2713114523744478.
[I 2025-03-11 21:08:17,789] Trial 411 finished with value: 0.27612822415296223 and parameters: {'learning_rate': 0.016183146618629733, 'depth': 12, 'l2_leaf_reg': 1.7885335944716472, 'min_child_samples': 32}. Best is trial 373 with value: 0.2713114523744478.
[I 2025-03-11 21:08:27,641] Trial 412 finished with value: 0.27574681480263963 and parameters: {'learning_rate': 0.014583821035253934, 'depth': 13, 'l2_leaf_reg': 0.15027006033965526, 'min_child_samples': 32}. Best is trial 373 with value: 0.2713114523744478.
[I 2025-03-11 21:08:43,343] Trial 413 finished with value: 0.2775364296203314 and parameters: {'learning_rate': 0.014987625078776077, 'depth': 14, 'l2_leaf_reg': 0.06091148860569012, 'min_child_samples': 32}. Best is trial 373 with value: 0.2713114523744478.
[I 2025-03-11 21:08:52,915] Trial 414 finished with value: 0.27285318427087735 and parameters: {'learning_rate': 0.014509137829836963, 'depth': 13, 'l2_leaf_reg': 0.1672849272777554, 'min_child_samples': 32}. Best is trial 373 with value: 0.2713114523744478.
[I 2025-03-11 21:08:56,365] Trial 415 finished with value: 0.28981109514565667 and parameters: {'learning_rate': 0.015749409151195503, 'depth': 10, 'l2_leaf_reg': 0.15633243043061038, 'min_child_samples': 32}. Best is trial 373 with value: 0.2713114523744478.
[I 2025-03-11 21:09:02,322] Trial 416 finished with value: 0.2787822456486375 and parameters: {'learning_rate': 0.015885566536244886, 'depth': 12, 'l2_leaf_reg': 0.0015810550491893588, 'min_child_samples': 32}. Best is trial 373 with value: 0.2713114523744478.
[I 2025-03-11 21:09:11,468] Trial 417 finished with value: 0.2768852177559246 and parameters: {'learning_rate': 0.014662158389191672, 'depth': 13, 'l2_leaf_reg': 0.06951145301471566, 'min_child_samples': 32}. Best is trial 373 with value: 0.2713114523744478.
[I 2025-03-11 21:09:13,414] Trial 418 finished with value: 0.35471273401491804 and parameters: {'learning_rate': 0.014372670480184358, 'depth': 3, 'l2_leaf_reg': 0.09774387972762832, 'min_child_samples': 32}. Best is trial 373 with value: 0.2713114523744478.
[I 2025-03-11 21:09:29,793] Trial 419 finished with value: 0.27586945970296184 and parameters: {'learning_rate': 0.014120702323600761, 'depth': 14, 'l2_leaf_reg': 0.12607280221996314, 'min_child_samples': 32}. Best is trial 373 with value: 0.2713114523744478.
[I 2025-03-11 21:09:38,065] Trial 420 finished with value: 0.27668133010878165 and parameters: {'learning_rate': 0.015827408752308748, 'depth': 13, 'l2_leaf_reg': 0.18240452569055524, 'min_child_samples': 32}. Best is trial 373 with value: 0.2713114523744478.
[I 2025-03-11 21:09:40,262] Trial 421 finished with value: 0.3255062533716369 and parameters: {'learning_rate': 0.014832120355076896, 'depth': 5, 'l2_leaf_reg': 0.0006314912019292724, 'min_child_samples': 32}. Best is trial 373 with value: 0.2713114523744478.
