[I 2025-03-11 21:57:34,486] Trial 103 finished with value: 0.18466044847183866 and parameters: {'learning_rate': 0.01769746298620313, 'depth': 11, 'l2_leaf_reg': 2.5781501981137334, 'min_child_samples': 8}. Best is trial 43 with value: 0.18157881788166932.
[I 2025-03-11 21:57:36,310] Trial 104 finished with value: 0.3560412768714845 and parameters: {'learning_rate': 0.018465171756006586, 'depth': 2, 'l2_leaf_reg': 2.415591446372016, 'min_child_samples': 8}. Best is trial 43 with value: 0.18157881788166932.
[I 2025-03-11 21:57:39,508] Trial 105 finished with value: 0.34133160683481667 and parameters: {'learning_rate': 0.003052962867081878, 'depth': 10, 'l2_leaf_reg': 2.8562491525377354, 'min_child_samples': 8}. Best is trial 43 with value: 0.18157881788166932.
[I 2025-03-11 21:57:45,700] Trial 106 finished with value: 0.18723694490867915 and parameters: {'learning_rate': 0.016933198234320827, 'depth': 12, 'l2_leaf_reg': 2.6898582165199474, 'min_child_samples': 8}. Best is trial 43 with value: 0.18157881788166932.
[I 2025-03-11 21:57:51,955] Trial 107 finished with value: 0.1868469451534643 and parameters: {'learning_rate': 0.01960394626461551, 'depth': 12, 'l2_leaf_reg': 2.3308188789825355, 'min_child_samples': 8}. Best is trial 43 with value: 0.18157881788166932.
[I 2025-03-11 21:57:56,294] Trial 108 finished with value: 0.1828630051256975 and parameters: {'learning_rate': 0.018828937627285068, 'depth': 11, 'l2_leaf_reg': 0.4428767539711318, 'min_child_samples': 8}. Best is trial 43 with value: 0.18157881788166932.
[I 2025-03-11 21:58:05,702] Trial 109 finished with value: 0.19204419626480917 and parameters: {'learning_rate': 0.01901692372540465, 'depth': 13, 'l2_leaf_reg': 0.3262308231611388, 'min_child_samples': 8}. Best is trial 43 with value: 0.18157881788166932.
[I 2025-03-11 21:58:07,587] Trial 110 finished with value: 0.24251092400772772 and parameters: {'learning_rate': 0.01877221163564907, 'depth': 5, 'l2_leaf_reg': 0.6248255828698119, 'min_child_samples': 8}. Best is trial 43 with value: 0.18157881788166932.
[I 2025-03-11 21:58:12,158] Trial 111 finished with value: 0.18528935443291872 and parameters: {'learning_rate': 0.018112348173381983, 'depth': 11, 'l2_leaf_reg': 2.5630031818067915, 'min_child_samples': 8}. Best is trial 43 with value: 0.18157881788166932.
[I 2025-03-11 21:58:15,767] Trial 112 finished with value: 0.1858519695851006 and parameters: {'learning_rate': 0.017839414013402055, 'depth': 10, 'l2_leaf_reg': 0.39532719056996846, 'min_child_samples': 8}. Best is trial 43 with value: 0.18157881788166932.
[I 2025-03-11 21:58:20,218] Trial 113 finished with value: 0.18191579597261817 and parameters: {'learning_rate': 0.019526758438425395, 'depth': 11, 'l2_leaf_reg': 2.4382419662111223, 'min_child_samples': 8}. Best is trial 43 with value: 0.18157881788166932.
[I 2025-03-11 21:58:26,331] Trial 114 finished with value: 0.18755732563247737 and parameters: {'learning_rate': 0.019394771049632994, 'depth': 12, 'l2_leaf_reg': 2.4544720781336573, 'min_child_samples': 8}. Best is trial 43 with value: 0.18157881788166932.
[I 2025-03-11 21:58:29,776] Trial 115 finished with value: 0.1866370507114384 and parameters: {'learning_rate': 0.01855414124823885, 'depth': 10, 'l2_leaf_reg': 2.6356956453423073, 'min_child_samples': 8}. Best is trial 43 with value: 0.18157881788166932.
[I 2025-03-11 21:58:34,229] Trial 116 finished with value: 0.18145003126124729 and parameters: {'learning_rate': 0.019061954825986376, 'depth': 11, 'l2_leaf_reg': 0.008319939958428613, 'min_child_samples': 8}. Best is trial 116 with value: 0.18145003126124729.
[I 2025-03-11 21:58:37,234] Trial 117 finished with value: 0.18782956343141013 and parameters: {'learning_rate': 0.019104007571385632, 'depth': 9, 'l2_leaf_reg': 0.07030111077840662, 'min_child_samples': 8}. Best is trial 116 with value: 0.18145003126124729.
[I 2025-03-11 21:58:41,718] Trial 118 finished with value: 0.18229790765623033 and parameters: {'learning_rate': 0.019644348196217985, 'depth': 11, 'l2_leaf_reg': 0.5515106300913203, 'min_child_samples': 8}. Best is trial 116 with value: 0.18145003126124729.
[I 2025-03-11 21:58:47,894] Trial 119 finished with value: 0.18537311179634974 and parameters: {'learning_rate': 0.019633140348456632, 'depth': 12, 'l2_leaf_reg': 0.4006856731354844, 'min_child_samples': 8}. Best is trial 116 with value: 0.18145003126124729.
[I 2025-03-11 21:58:52,432] Trial 120 finished with value: 0.18265359960682068 and parameters: {'learning_rate': 0.01992523111686856, 'depth': 11, 'l2_leaf_reg': 0.2938781771188016, 'min_child_samples': 8}. Best is trial 116 with value: 0.18145003126124729.
[I 2025-03-11 21:58:56,920] Trial 121 finished with value: 0.18220274713959717 and parameters: {'learning_rate': 0.019922602296711382, 'depth': 11, 'l2_leaf_reg': 0.0067855018084917555, 'min_child_samples': 8}. Best is trial 116 with value: 0.18145003126124729.
[I 2025-03-11 21:59:01,442] Trial 122 finished with value: 0.1813284958523778 and parameters: {'learning_rate': 0.01995408302521771, 'depth': 11, 'l2_leaf_reg': 0.22020119665489019, 'min_child_samples': 8}. Best is trial 122 with value: 0.1813284958523778.
[I 2025-03-11 21:59:05,021] Trial 123 finished with value: 0.18421648920437292 and parameters: {'learning_rate': 0.019666036210408785, 'depth': 10, 'l2_leaf_reg': 0.26733081252404634, 'min_child_samples': 8}. Best is trial 122 with value: 0.1813284958523778.
[I 2025-03-11 21:59:09,684] Trial 124 finished with value: 0.18258422540381505 and parameters: {'learning_rate': 0.01998356880269558, 'depth': 11, 'l2_leaf_reg': 0.01576269123055289, 'min_child_samples': 8}. Best is trial 122 with value: 0.1813284958523778.
[I 2025-03-11 21:59:15,662] Trial 125 finished with value: 0.1863061000909932 and parameters: {'learning_rate': 0.01999850510231092, 'depth': 12, 'l2_leaf_reg': 0.1866629350025699, 'min_child_samples': 8}. Best is trial 122 with value: 0.1813284958523778.
[I 2025-03-11 21:59:19,168] Trial 126 finished with value: 0.18627178724809035 and parameters: {'learning_rate': 0.018969500439624525, 'depth': 10, 'l2_leaf_reg': 0.00933354883514581, 'min_child_samples': 8}. Best is trial 122 with value: 0.1813284958523778.
[I 2025-03-11 21:59:23,575] Trial 127 finished with value: 0.1841561237248968 and parameters: {'learning_rate': 0.01925591069607744, 'depth': 11, 'l2_leaf_reg': 0.20535504939437668, 'min_child_samples': 8}. Best is trial 122 with value: 0.1813284958523778.
[I 2025-03-11 21:59:28,223] Trial 128 finished with value: 0.18251656554806814 and parameters: {'learning_rate': 0.01962175652269649, 'depth': 11, 'l2_leaf_reg': 0.4786393718917326, 'min_child_samples': 8}. Best is trial 122 with value: 0.1813284958523778.
[I 2025-03-11 21:59:34,188] Trial 129 finished with value: 0.18616921053001712 and parameters: {'learning_rate': 0.019997914800875913, 'depth': 12, 'l2_leaf_reg': 0.0834887426203653, 'min_child_samples': 8}. Best is trial 122 with value: 0.1813284958523778.
[I 2025-03-11 21:59:37,747] Trial 130 finished with value: 0.19063518863570478 and parameters: {'learning_rate': 0.011917227168798498, 'depth': 10, 'l2_leaf_reg': 0.5529994781736326, 'min_child_samples': 8}. Best is trial 122 with value: 0.1813284958523778.
[I 2025-03-11 21:59:42,629] Trial 131 finished with value: 0.18305255804661927 and parameters: {'learning_rate': 0.019543766862357103, 'depth': 11, 'l2_leaf_reg': 0.4547056345350967, 'min_child_samples': 8}. Best is trial 122 with value: 0.1813284958523778.
[I 2025-03-11 21:59:46,959] Trial 132 finished with value: 0.18312082898074514 and parameters: {'learning_rate': 0.018984331837886774, 'depth': 11, 'l2_leaf_reg': 0.28413048326760754, 'min_child_samples': 8}. Best is trial 122 with value: 0.1813284958523778.
[I 2025-03-11 21:59:51,446] Trial 133 finished with value: 0.18360840982272952 and parameters: {'learning_rate': 0.019559805337577153, 'depth': 11, 'l2_leaf_reg': 0.011420006591831051, 'min_child_samples': 8}. Best is trial 122 with value: 0.1813284958523778.
[I 2025-03-11 21:59:57,738] Trial 134 finished with value: 0.18670880978800217 and parameters: {'learning_rate': 0.019230327679808496, 'depth': 12, 'l2_leaf_reg': 0.11951014536149214, 'min_child_samples': 8}. Best is trial 122 with value: 0.1813284958523778.
[I 2025-03-11 22:00:01,137] Trial 135 finished with value: 0.18576005104190757 and parameters: {'learning_rate': 0.01874806319707217, 'depth': 10, 'l2_leaf_reg': 0.21447634198936014, 'min_child_samples': 8}. Best is trial 122 with value: 0.1813284958523778.
[I 2025-03-11 22:00:05,747] Trial 136 finished with value: 0.18359981439682813 and parameters: {'learning_rate': 0.01962872093921619, 'depth': 11, 'l2_leaf_reg': 0.14843775398598882, 'min_child_samples': 8}. Best is trial 122 with value: 0.1813284958523778.
[I 2025-03-11 22:00:10,408] Trial 137 finished with value: 0.1830281767093118 and parameters: {'learning_rate': 0.019983930561469136, 'depth': 11, 'l2_leaf_reg': 0.44326754305882826, 'min_child_samples': 8}. Best is trial 122 with value: 0.1813284958523778.
[I 2025-03-11 22:00:14,630] Trial 138 finished with value: 0.18282042233773543 and parameters: {'learning_rate': 0.019084604631456083, 'depth': 11, 'l2_leaf_reg': 0.6703370451286468, 'min_child_samples': 8}. Best is trial 122 with value: 0.1813284958523778.
[I 2025-03-11 22:00:20,859] Trial 139 finished with value: 0.18862176268280265 and parameters: {'learning_rate': 0.019196287635720993, 'depth': 12, 'l2_leaf_reg': 0.06973644469317719, 'min_child_samples': 8}. Best is trial 122 with value: 0.1813284958523778.
[I 2025-03-11 22:00:24,358] Trial 140 finished with value: 0.18520201641745107 and parameters: {'learning_rate': 0.01964256355772329, 'depth': 10, 'l2_leaf_reg': 0.31522110076689447, 'min_child_samples': 8}. Best is trial 122 with value: 0.1813284958523778.
[I 2025-03-11 22:00:28,641] Trial 141 finished with value: 0.18281947229184123 and parameters: {'learning_rate': 0.01875737721071594, 'depth': 11, 'l2_leaf_reg': 0.5204424972499725, 'min_child_samples': 8}. Best is trial 122 with value: 0.1813284958523778.
[I 2025-03-11 22:00:33,277] Trial 142 finished with value: 0.18358613359161488 and parameters: {'learning_rate': 0.018429673177882216, 'depth': 11, 'l2_leaf_reg': 0.5135338339861087, 'min_child_samples': 8}. Best is trial 122 with value: 0.1813284958523778.
[I 2025-03-11 22:00:37,592] Trial 143 finished with value: 0.18363849773877094 and parameters: {'learning_rate': 0.019250778442965653, 'depth': 11, 'l2_leaf_reg': 0.7436618299955977, 'min_child_samples': 8}. Best is trial 122 with value: 0.1813284958523778.
[I 2025-03-11 22:00:41,114] Trial 144 finished with value: 0.18632935323759225 and parameters: {'learning_rate': 0.0195872801223748, 'depth': 10, 'l2_leaf_reg': 0.5889427124343611, 'min_child_samples': 8}. Best is trial 122 with value: 0.1813284958523778.
[I 2025-03-11 22:00:45,810] Trial 145 finished with value: 0.1823699817963795 and parameters: {'learning_rate': 0.01881186712438505, 'depth': 11, 'l2_leaf_reg': 0.6377615372366039, 'min_child_samples': 8}. Best is trial 122 with value: 0.1813284958523778.
[I 2025-03-11 22:00:51,860] Trial 146 finished with value: 0.18726683643652242 and parameters: {'learning_rate': 0.018646257477740166, 'depth': 12, 'l2_leaf_reg': 0.8491120178772584, 'min_child_samples': 8}. Best is trial 122 with value: 0.1813284958523778.
[I 2025-03-11 22:00:55,917] Trial 147 finished with value: 0.21346721993660187 and parameters: {'learning_rate': 0.006195198987348381, 'depth': 11, 'l2_leaf_reg': 0.5120342959330478, 'min_child_samples': 8}. Best is trial 122 with value: 0.1813284958523778.
[I 2025-03-11 22:01:02,117] Trial 148 finished with value: 0.18991296829121262 and parameters: {'learning_rate': 0.018209631220943788, 'depth': 12, 'l2_leaf_reg': 0.23604813892891652, 'min_child_samples': 8}. Best is trial 122 with value: 0.1813284958523778.
[I 2025-03-11 22:01:05,683] Trial 149 finished with value: 0.1855068074306317 and parameters: {'learning_rate': 0.01999844099712304, 'depth': 10, 'l2_leaf_reg': 0.3570752486598146, 'min_child_samples': 8}. Best is trial 122 with value: 0.1813284958523778.
[I 2025-03-11 22:01:10,405] Trial 150 finished with value: 0.18420163738653522 and parameters: {'learning_rate': 0.01935527193946871, 'depth': 11, 'l2_leaf_reg': 0.14906298800410236, 'min_child_samples': 16}. Best is trial 122 with value: 0.1813284958523778.
[I 2025-03-11 22:01:14,778] Trial 151 finished with value: 0.183923264132831 and parameters: {'learning_rate': 0.019029721729119597, 'depth': 11, 'l2_leaf_reg': 0.5642431908743416, 'min_child_samples': 8}. Best is trial 122 with value: 0.1813284958523778.
[I 2025-03-11 22:01:19,462] Trial 152 finished with value: 0.18209824614098294 and parameters: {'learning_rate': 0.018877385543736122, 'depth': 11, 'l2_leaf_reg': 0.0037962747602975494, 'min_child_samples': 8}. Best is trial 122 with value: 0.1813284958523778.
[I 2025-03-11 22:01:23,814] Trial 153 finished with value: 0.19089141694916592 and parameters: {'learning_rate': 0.010625030696685089, 'depth': 11, 'l2_leaf_reg': 0.0013963271371316768, 'min_child_samples': 8}. Best is trial 122 with value: 0.1813284958523778.
[I 2025-03-11 22:01:30,398] Trial 154 finished with value: 0.186525082684562 and parameters: {'learning_rate': 0.0186668653388146, 'depth': 12, 'l2_leaf_reg': 0.07307141510424034, 'min_child_samples': 8}. Best is trial 122 with value: 0.1813284958523778.
[I 2025-03-11 22:01:34,921] Trial 155 finished with value: 0.18326363084647754 and parameters: {'learning_rate': 0.01960162109145538, 'depth': 11, 'l2_leaf_reg': 0.12620298646074843, 'min_child_samples': 8}. Best is trial 122 with value: 0.1813284958523778.
[I 2025-03-11 22:01:38,268] Trial 156 finished with value: 0.1866926195415547 and parameters: {'learning_rate': 0.018065936391045673, 'depth': 10, 'l2_leaf_reg': 0.056583615294345614, 'min_child_samples': 1}. Best is trial 122 with value: 0.1813284958523778.
[I 2025-03-11 22:01:42,711] Trial 157 finished with value: 0.18248727760605052 and parameters: {'learning_rate': 0.019989275016640322, 'depth': 11, 'l2_leaf_reg': 0.16483605860776201, 'min_child_samples': 8}. Best is trial 122 with value: 0.1813284958523778.
[I 2025-03-11 22:01:46,250] Trial 158 finished with value: 0.1855963701031706 and parameters: {'learning_rate': 0.019922579465040138, 'depth': 10, 'l2_leaf_reg': 0.144766744267514, 'min_child_samples': 8}. Best is trial 122 with value: 0.1813284958523778.
[I 2025-03-11 22:01:52,688] Trial 159 finished with value: 0.18557513017880764 and parameters: {'learning_rate': 0.019340320942860277, 'depth': 12, 'l2_leaf_reg': 0.04639045088132483, 'min_child_samples': 8}. Best is trial 122 with value: 0.1813284958523778.
[I 2025-03-11 22:01:56,815] Trial 160 finished with value: 0.1942495290111283 and parameters: {'learning_rate': 0.009388520466783073, 'depth': 11, 'l2_leaf_reg': 0.25927418312280975, 'min_child_samples': 8}. Best is trial 122 with value: 0.1813284958523778.
[I 2025-03-11 22:02:01,428] Trial 161 finished with value: 0.18277672607135104 and parameters: {'learning_rate': 0.0188766917245381, 'depth': 11, 'l2_leaf_reg': 0.6706106902119131, 'min_child_samples': 8}. Best is trial 122 with value: 0.1813284958523778.
[I 2025-03-11 22:02:05,947] Trial 162 finished with value: 0.1823783426261515 and parameters: {'learning_rate': 0.019967535867666204, 'depth': 11, 'l2_leaf_reg': 0.19232766078344274, 'min_child_samples': 8}. Best is trial 122 with value: 0.1813284958523778.
[I 2025-03-11 22:02:10,557] Trial 163 finished with value: 0.18207968202989794 and parameters: {'learning_rate': 0.01969555468319921, 'depth': 11, 'l2_leaf_reg': 0.18612221219250755, 'min_child_samples': 8}. Best is trial 122 with value: 0.1813284958523778.
[I 2025-03-11 22:02:15,193] Trial 164 finished with value: 0.18384834428967883 and parameters: {'learning_rate': 0.019659895162682885, 'depth': 11, 'l2_leaf_reg': 0.20566542894557555, 'min_child_samples': 8}. Best is trial 122 with value: 0.1813284958523778.
[I 2025-03-11 22:02:17,476] Trial 165 finished with value: 0.2054234563019478 and parameters: {'learning_rate': 0.01997164926795664, 'depth': 7, 'l2_leaf_reg': 0.11965938260514405, 'min_child_samples': 8}. Best is trial 122 with value: 0.1813284958523778.
[I 2025-03-11 22:02:23,491] Trial 166 finished with value: 0.24096502996540556 and parameters: {'learning_rate': 0.0047882772111952476, 'depth': 12, 'l2_leaf_reg': 0.18737151453059273, 'min_child_samples': 8}. Best is trial 122 with value: 0.1813284958523778.
[I 2025-03-11 22:02:26,934] Trial 167 finished with value: 0.18313308478723997 and parameters: {'learning_rate': 0.019987014801595152, 'depth': 10, 'l2_leaf_reg': 0.3043547164817643, 'min_child_samples': 8}. Best is trial 122 with value: 0.1813284958523778.
[I 2025-03-11 22:02:33,191] Trial 168 finished with value: 0.1863055232225856 and parameters: {'learning_rate': 0.01923747890639139, 'depth': 12, 'l2_leaf_reg': 0.013930664629627392, 'min_child_samples': 8}. Best is trial 122 with value: 0.1813284958523778.
[I 2025-03-11 22:02:37,718] Trial 169 finished with value: 0.1829329071509931 and parameters: {'learning_rate': 0.01951327948518495, 'depth': 11, 'l2_leaf_reg': 0.2508655396433691, 'min_child_samples': 8}. Best is trial 122 with value: 0.1813284958523778.
[I 2025-03-11 22:02:41,999] Trial 170 finished with value: 0.1826230430111244 and parameters: {'learning_rate': 0.01840346684183316, 'depth': 11, 'l2_leaf_reg': 0.10450650021497489, 'min_child_samples': 4}. Best is trial 122 with value: 0.1813284958523778.
[I 2025-03-11 22:02:46,550] Trial 171 finished with value: 0.1821424715816333 and parameters: {'learning_rate': 0.019054812568382113, 'depth': 11, 'l2_leaf_reg': 0.11898712959287124, 'min_child_samples': 4}. Best is trial 122 with value: 0.1813284958523778.
[I 2025-03-11 22:02:50,951] Trial 172 finished with value: 0.18338875358658102 and parameters: {'learning_rate': 0.018332567147432262, 'depth': 11, 'l2_leaf_reg': 0.12074127449590184, 'min_child_samples': 4}. Best is trial 122 with value: 0.1813284958523778.
[I 2025-03-11 22:02:55,476] Trial 173 finished with value: 0.18344969307253328 and parameters: {'learning_rate': 0.01898428200103773, 'depth': 11, 'l2_leaf_reg': 0.16989608280744206, 'min_child_samples': 4}. Best is trial 122 with value: 0.1813284958523778.
[I 2025-03-11 22:02:59,019] Trial 174 finished with value: 0.18468443438130785 and parameters: {'learning_rate': 0.01916705518813167, 'depth': 10, 'l2_leaf_reg': 0.09669568134612357, 'min_child_samples': 4}. Best is trial 122 with value: 0.1813284958523778.
[I 2025-03-11 22:03:03,572] Trial 175 finished with value: 0.18351241715956018 and parameters: {'learning_rate': 0.018669858641405582, 'depth': 11, 'l2_leaf_reg': 0.004074492648838107, 'min_child_samples': 4}. Best is trial 122 with value: 0.1813284958523778.
[I 2025-03-11 22:03:08,050] Trial 176 finished with value: 0.1854501753816969 and parameters: {'learning_rate': 0.017539643044696056, 'depth': 11, 'l2_leaf_reg': 0.08297140356230134, 'min_child_samples': 4}. Best is trial 122 with value: 0.1813284958523778.
[I 2025-03-11 22:03:14,369] Trial 177 finished with value: 0.18596135873305533 and parameters: {'learning_rate': 0.019475228089910666, 'depth': 12, 'l2_leaf_reg': 0.1828560735638739, 'min_child_samples': 4}. Best is trial 122 with value: 0.1813284958523778.
[I 2025-03-11 22:03:17,751] Trial 178 finished with value: 0.20351025405717227 and parameters: {'learning_rate': 0.0078387046419334, 'depth': 10, 'l2_leaf_reg': 0.360147173221466, 'min_child_samples': 4}. Best is trial 122 with value: 0.1813284958523778.
[I 2025-03-11 22:04:13,670] Trial 179 finished with value: 0.2542045321748738 and parameters: {'learning_rate': 0.01825981746306499, 'depth': 16, 'l2_leaf_reg': 0.07099989595233631, 'min_child_samples': 4}. Best is trial 122 with value: 0.1813284958523778.
[I 2025-03-11 22:04:19,734] Trial 180 finished with value: 0.18785254061444584 and parameters: {'learning_rate': 0.01904963432213724, 'depth': 12, 'l2_leaf_reg': 0.19573000893112302, 'min_child_samples': 16}. Best is trial 122 with value: 0.1813284958523778.
[I 2025-03-11 22:04:24,408] Trial 181 finished with value: 0.1822962808282997 and parameters: {'learning_rate': 0.019976533152952867, 'depth': 11, 'l2_leaf_reg': 0.2715393029591535, 'min_child_samples': 8}. Best is trial 122 with value: 0.1813284958523778.
[I 2025-03-11 22:04:28,662] Trial 182 finished with value: 0.18291480743455332 and parameters: {'learning_rate': 0.019642185122842545, 'depth': 11, 'l2_leaf_reg': 0.2284302375275339, 'min_child_samples': 8}. Best is trial 122 with value: 0.1813284958523778.
[I 2025-03-11 22:04:33,133] Trial 183 finished with value: 0.18414220987746927 and parameters: {'learning_rate': 0.019315869294429747, 'depth': 11, 'l2_leaf_reg': 2.4064843469938295, 'min_child_samples': 8}. Best is trial 122 with value: 0.1813284958523778.
[I 2025-03-11 22:04:37,616] Trial 184 finished with value: 0.18310397666592018 and parameters: {'learning_rate': 0.01963699941985301, 'depth': 11, 'l2_leaf_reg': 0.0038043793432382678, 'min_child_samples': 8}. Best is trial 122 with value: 0.1813284958523778.
[I 2025-03-11 22:04:41,506] Trial 185 finished with value: 0.18342690844495482 and parameters: {'learning_rate': 0.019968531275198143, 'depth': 10, 'l2_leaf_reg': 0.14272040361248592, 'min_child_samples': 8}. Best is trial 122 with value: 0.1813284958523778.
[I 2025-03-11 22:04:45,834] Trial 186 finished with value: 0.18331220881117957 and parameters: {'learning_rate': 0.018707740062258265, 'depth': 11, 'l2_leaf_reg': 0.05458772904308132, 'min_child_samples': 8}. Best is trial 122 with value: 0.1813284958523778.
[I 2025-03-11 22:04:50,417] Trial 187 finished with value: 0.18243557935123947 and parameters: {'learning_rate': 0.019200664417188127, 'depth': 11, 'l2_leaf_reg': 0.3209122722752564, 'min_child_samples': 1}. Best is trial 122 with value: 0.1813284958523778.
