[I 2025-03-11 21:29:01,529] Trial 92 finished with value: 2.0093160094857407 and parameters: {'learning_rate': 0.013805665546286748, 'depth': 12, 'l2_leaf_reg': 0.8921655590506954, 'min_child_samples': 16}. Best is trial 13 with value: 1.99993898345868.
[I 2025-03-11 21:29:03,602] Trial 93 finished with value: 2.005705530912659 and parameters: {'learning_rate': 0.014725520679977507, 'depth': 10, 'l2_leaf_reg': 0.9492515541810063, 'min_child_samples': 16}. Best is trial 13 with value: 1.99993898345868.
[I 2025-03-11 21:29:06,825] Trial 94 finished with value: 2.011296385362538 and parameters: {'learning_rate': 0.013056057424243388, 'depth': 12, 'l2_leaf_reg': 0.34046678268995567, 'min_child_samples': 16}. Best is trial 13 with value: 1.99993898345868.
[I 2025-03-11 21:29:09,351] Trial 95 finished with value: 2.004689497424432 and parameters: {'learning_rate': 0.01334884202189743, 'depth': 11, 'l2_leaf_reg': 0.6379337289134899, 'min_child_samples': 16}. Best is trial 13 with value: 1.99993898345868.
[I 2025-03-11 21:29:12,006] Trial 96 finished with value: 2.0050258705611768 and parameters: {'learning_rate': 0.012120049262509137, 'depth': 11, 'l2_leaf_reg': 0.7950976479164028, 'min_child_samples': 16}. Best is trial 13 with value: 1.99993898345868.
[I 2025-03-11 21:29:14,422] Trial 97 finished with value: 1.999208901839337 and parameters: {'learning_rate': 0.014245520206403763, 'depth': 10, 'l2_leaf_reg': 0.09130185746223507, 'min_child_samples': 16}. Best is trial 97 with value: 1.999208901839337.
[I 2025-03-11 21:29:16,515] Trial 98 finished with value: 2.007524594587354 and parameters: {'learning_rate': 0.011420198470206583, 'depth': 9, 'l2_leaf_reg': 0.14900865554738427, 'min_child_samples': 16}. Best is trial 97 with value: 1.999208901839337.
[I 2025-03-11 21:29:18,465] Trial 99 finished with value: 2.0028403270114805 and parameters: {'learning_rate': 0.015528362469651245, 'depth': 10, 'l2_leaf_reg': 0.06841020789922136, 'min_child_samples': 16}. Best is trial 97 with value: 1.999208901839337.
[I 2025-03-11 21:29:20,098] Trial 100 finished with value: 2.011563248073313 and parameters: {'learning_rate': 0.014994477640446188, 'depth': 8, 'l2_leaf_reg': 0.014180920223448745, 'min_child_samples': 4}. Best is trial 97 with value: 1.999208901839337.
[I 2025-03-11 21:29:22,091] Trial 101 finished with value: 2.005436471813577 and parameters: {'learning_rate': 0.014324205575151308, 'depth': 10, 'l2_leaf_reg': 0.293568957359958, 'min_child_samples': 16}. Best is trial 97 with value: 1.999208901839337.
[I 2025-03-11 21:29:26,550] Trial 102 finished with value: 2.030055404048281 and parameters: {'learning_rate': 0.0018745680743219029, 'depth': 11, 'l2_leaf_reg': 0.5217656996166626, 'min_child_samples': 16}. Best is trial 97 with value: 1.999208901839337.
[I 2025-03-11 21:29:28,555] Trial 103 finished with value: 2.0052578291065175 and parameters: {'learning_rate': 0.013911380307566924, 'depth': 10, 'l2_leaf_reg': 1.8244137839578087, 'min_child_samples': 16}. Best is trial 97 with value: 1.999208901839337.
[I 2025-03-11 21:29:31,397] Trial 104 finished with value: 2.0060120814978144 and parameters: {'learning_rate': 0.013160548684844288, 'depth': 11, 'l2_leaf_reg': 0.1477211810713137, 'min_child_samples': 16}. Best is trial 97 with value: 1.999208901839337.
[I 2025-03-11 21:29:33,277] Trial 105 finished with value: 2.0027413055404146 and parameters: {'learning_rate': 0.010891007484779301, 'depth': 9, 'l2_leaf_reg': 2.9283496136919736, 'min_child_samples': 16}. Best is trial 97 with value: 1.999208901839337.
[I 2025-03-11 21:29:35,752] Trial 106 finished with value: 2.0012237943932556 and parameters: {'learning_rate': 0.011803534700483094, 'depth': 10, 'l2_leaf_reg': 2.795110312525976, 'min_child_samples': 16}. Best is trial 97 with value: 1.999208901839337.
[I 2025-03-11 21:29:37,960] Trial 107 finished with value: 2.0041346152983155 and parameters: {'learning_rate': 0.011650725407711855, 'depth': 10, 'l2_leaf_reg': 2.7707933866055496, 'min_child_samples': 1}. Best is trial 97 with value: 1.999208901839337.
[I 2025-03-11 21:29:40,175] Trial 108 finished with value: 2.007581299246325 and parameters: {'learning_rate': 0.010335098460232646, 'depth': 10, 'l2_leaf_reg': 2.681254461597875, 'min_child_samples': 32}. Best is trial 97 with value: 1.999208901839337.
[I 2025-03-11 21:29:42,195] Trial 109 finished with value: 2.004671980206524 and parameters: {'learning_rate': 0.009819574507601136, 'depth': 9, 'l2_leaf_reg': 2.847784759324871, 'min_child_samples': 8}. Best is trial 97 with value: 1.999208901839337.
[I 2025-03-11 21:29:44,061] Trial 110 finished with value: 2.010237610772399 and parameters: {'learning_rate': 0.012233442304120141, 'depth': 10, 'l2_leaf_reg': 2.608845886481219, 'min_child_samples': 16}. Best is trial 97 with value: 1.999208901839337.
[I 2025-03-11 21:29:45,523] Trial 111 finished with value: 2.0762385668490535 and parameters: {'learning_rate': 0.013658920376154042, 'depth': 1, 'l2_leaf_reg': 2.7197275969892742, 'min_child_samples': 16}. Best is trial 97 with value: 1.999208901839337.
[I 2025-03-11 21:29:48,249] Trial 112 finished with value: 2.008405471017462 and parameters: {'learning_rate': 0.012781475126402323, 'depth': 11, 'l2_leaf_reg': 1.0748653374868138, 'min_child_samples': 16}. Best is trial 97 with value: 1.999208901839337.
[I 2025-03-11 21:29:51,060] Trial 113 finished with value: 2.0040303437664546 and parameters: {'learning_rate': 0.011229888940951217, 'depth': 11, 'l2_leaf_reg': 1.3090940980615533, 'min_child_samples': 16}. Best is trial 97 with value: 1.999208901839337.
[I 2025-03-11 21:29:54,619] Trial 114 finished with value: 2.007287377009136 and parameters: {'learning_rate': 0.011809265725249814, 'depth': 12, 'l2_leaf_reg': 1.1155955831607096, 'min_child_samples': 16}. Best is trial 97 with value: 1.999208901839337.
[I 2025-03-11 21:29:57,169] Trial 115 finished with value: 2.0002418325366143 and parameters: {'learning_rate': 0.012509772130779223, 'depth': 10, 'l2_leaf_reg': 0.998453251141811, 'min_child_samples': 32}. Best is trial 97 with value: 1.999208901839337.
[I 2025-03-11 21:29:58,894] Trial 116 finished with value: 2.0063766952289797 and parameters: {'learning_rate': 0.010635381818763535, 'depth': 9, 'l2_leaf_reg': 0.46355115894604193, 'min_child_samples': 32}. Best is trial 97 with value: 1.999208901839337.
[I 2025-03-11 21:30:01,411] Trial 117 finished with value: 1.9999624094473214 and parameters: {'learning_rate': 0.012249495792149527, 'depth': 10, 'l2_leaf_reg': 2.3707445118698107, 'min_child_samples': 32}. Best is trial 97 with value: 1.999208901839337.
[I 2025-03-11 21:30:03,185] Trial 118 finished with value: 2.008445580300964 and parameters: {'learning_rate': 0.012053357314042529, 'depth': 10, 'l2_leaf_reg': 2.1462262858869483, 'min_child_samples': 32}. Best is trial 97 with value: 1.999208901839337.
[I 2025-03-11 21:30:05,371] Trial 119 finished with value: 2.0050002630895873 and parameters: {'learning_rate': 0.012316950349718345, 'depth': 10, 'l2_leaf_reg': 2.2854686299287295, 'min_child_samples': 32}. Best is trial 97 with value: 1.999208901839337.
[I 2025-03-11 21:30:07,536] Trial 120 finished with value: 2.0020929423070597 and parameters: {'learning_rate': 0.014375146560443575, 'depth': 10, 'l2_leaf_reg': 2.474175494083078, 'min_child_samples': 32}. Best is trial 97 with value: 1.999208901839337.
[I 2025-03-11 21:30:09,428] Trial 121 finished with value: 2.007597393553315 and parameters: {'learning_rate': 0.015085950161266003, 'depth': 10, 'l2_leaf_reg': 2.4009988347379063, 'min_child_samples': 32}. Best is trial 97 with value: 1.999208901839337.
[I 2025-03-11 21:30:11,371] Trial 122 finished with value: 2.0035814049183736 and parameters: {'learning_rate': 0.014344775492027327, 'depth': 9, 'l2_leaf_reg': 2.4451588519362697, 'min_child_samples': 32}. Best is trial 97 with value: 1.999208901839337.
[I 2025-03-11 21:30:12,692] Trial 123 finished with value: 2.0546920391736725 and parameters: {'learning_rate': 0.011527405295315686, 'depth': 2, 'l2_leaf_reg': 2.5371944275285223, 'min_child_samples': 32}. Best is trial 97 with value: 1.999208901839337.
[I 2025-03-11 21:30:15,032] Trial 124 finished with value: 2.002500013400838 and parameters: {'learning_rate': 0.012705373904359238, 'depth': 10, 'l2_leaf_reg': 2.606869273302801, 'min_child_samples': 32}. Best is trial 97 with value: 1.999208901839337.
[I 2025-03-11 21:30:16,973] Trial 125 finished with value: 2.0070449562885058 and parameters: {'learning_rate': 0.013529498058011022, 'depth': 9, 'l2_leaf_reg': 2.2292231925994446, 'min_child_samples': 32}. Best is trial 97 with value: 1.999208901839337.
[I 2025-03-11 21:30:19,623] Trial 126 finished with value: 2.013975255348202 and parameters: {'learning_rate': 0.014044839639151522, 'depth': 11, 'l2_leaf_reg': 2.4742305052423066, 'min_child_samples': 32}. Best is trial 97 with value: 1.999208901839337.
[I 2025-03-11 21:30:22,107] Trial 127 finished with value: 2.0030007230348152 and parameters: {'learning_rate': 0.011037508899572524, 'depth': 10, 'l2_leaf_reg': 2.3797054282141583, 'min_child_samples': 32}. Best is trial 97 with value: 1.999208901839337.
[I 2025-03-11 21:30:23,664] Trial 128 finished with value: 2.0099966202680055 and parameters: {'learning_rate': 0.012429955914121356, 'depth': 8, 'l2_leaf_reg': 2.325435338385688, 'min_child_samples': 32}. Best is trial 97 with value: 1.999208901839337.
[I 2025-03-11 21:30:26,138] Trial 129 finished with value: 2.0096992196127323 and parameters: {'learning_rate': 0.014477275789412901, 'depth': 11, 'l2_leaf_reg': 1.9985009136299023, 'min_child_samples': 32}. Best is trial 97 with value: 1.999208901839337.
[I 2025-03-11 21:30:28,181] Trial 130 finished with value: 2.00630338243743 and parameters: {'learning_rate': 0.013131796999352146, 'depth': 10, 'l2_leaf_reg': 1.23458367716382, 'min_child_samples': 32}. Best is trial 97 with value: 1.999208901839337.
[I 2025-03-11 21:30:30,298] Trial 131 finished with value: 2.0039439997872024 and parameters: {'learning_rate': 0.011686237858448278, 'depth': 10, 'l2_leaf_reg': 2.8212390596420533, 'min_child_samples': 32}. Best is trial 97 with value: 1.999208901839337.
[I 2025-03-11 21:30:33,085] Trial 132 finished with value: 2.0077574050101696 and parameters: {'learning_rate': 0.012792569606931356, 'depth': 11, 'l2_leaf_reg': 2.9982677187119835, 'min_child_samples': 32}. Best is trial 97 with value: 1.999208901839337.
[I 2025-03-11 21:30:35,135] Trial 133 finished with value: 2.0055362151093363 and parameters: {'learning_rate': 0.012173395228304686, 'depth': 9, 'l2_leaf_reg': 1.0045638833958166, 'min_child_samples': 32}. Best is trial 97 with value: 1.999208901839337.
[I 2025-03-11 21:30:37,194] Trial 134 finished with value: 2.0009713679542105 and parameters: {'learning_rate': 0.013315216071382776, 'depth': 10, 'l2_leaf_reg': 2.887950475997372, 'min_child_samples': 32}. Best is trial 97 with value: 1.999208901839337.
[I 2025-03-11 21:30:39,368] Trial 135 finished with value: 2.0021827101090466 and parameters: {'learning_rate': 0.01349841436671034, 'depth': 10, 'l2_leaf_reg': 2.6945423625885376, 'min_child_samples': 32}. Best is trial 97 with value: 1.999208901839337.
[I 2025-03-11 21:30:41,927] Trial 136 finished with value: 2.006244922835138 and parameters: {'learning_rate': 0.013411940510442982, 'depth': 11, 'l2_leaf_reg': 2.7244787423347687, 'min_child_samples': 32}. Best is trial 97 with value: 1.999208901839337.
[I 2025-03-11 21:30:44,173] Trial 137 finished with value: 1.9998278162912955 and parameters: {'learning_rate': 0.01190060234291506, 'depth': 10, 'l2_leaf_reg': 2.884905080167857, 'min_child_samples': 4}. Best is trial 97 with value: 1.999208901839337.
[I 2025-03-11 21:30:47,726] Trial 138 finished with value: 2.0121905265938174 and parameters: {'learning_rate': 0.01143081401748779, 'depth': 12, 'l2_leaf_reg': 2.7820984109671705, 'min_child_samples': 4}. Best is trial 97 with value: 1.999208901839337.
[I 2025-03-11 21:30:49,751] Trial 139 finished with value: 2.0023180547989297 and parameters: {'learning_rate': 0.010831422837041468, 'depth': 9, 'l2_leaf_reg': 2.900735535055662, 'min_child_samples': 4}. Best is trial 97 with value: 1.999208901839337.
[I 2025-03-11 21:30:51,830] Trial 140 finished with value: 2.0091422039142537 and parameters: {'learning_rate': 0.012574563281126326, 'depth': 10, 'l2_leaf_reg': 2.875289977339524, 'min_child_samples': 4}. Best is trial 97 with value: 1.999208901839337.
[I 2025-03-11 21:30:54,302] Trial 141 finished with value: 2.001083431706275 and parameters: {'learning_rate': 0.011789800972615488, 'depth': 10, 'l2_leaf_reg': 2.697472831121913, 'min_child_samples': 4}. Best is trial 97 with value: 1.999208901839337.
[I 2025-03-11 21:30:56,970] Trial 142 finished with value: 2.0078060374830318 and parameters: {'learning_rate': 0.011900355759062247, 'depth': 11, 'l2_leaf_reg': 2.9369805068826453, 'min_child_samples': 4}. Best is trial 97 with value: 1.999208901839337.
[I 2025-03-11 21:30:59,370] Trial 143 finished with value: 2.0017751508386454 and parameters: {'learning_rate': 0.011144875905139776, 'depth': 10, 'l2_leaf_reg': 2.7745757448564765, 'min_child_samples': 4}. Best is trial 97 with value: 1.999208901839337.
[I 2025-03-11 21:31:01,368] Trial 144 finished with value: 2.0080104813863313 and parameters: {'learning_rate': 0.01038537759521236, 'depth': 9, 'l2_leaf_reg': 2.836599348870663, 'min_child_samples': 4}. Best is trial 97 with value: 1.999208901839337.
[I 2025-03-11 21:31:03,611] Trial 145 finished with value: 2.003772435273974 and parameters: {'learning_rate': 0.011128591389765066, 'depth': 10, 'l2_leaf_reg': 2.7968156485108904, 'min_child_samples': 4}. Best is trial 97 with value: 1.999208901839337.
[I 2025-03-11 21:31:06,439] Trial 146 finished with value: 2.0068266514139266 and parameters: {'learning_rate': 0.011885278238945161, 'depth': 11, 'l2_leaf_reg': 2.6453133143758993, 'min_child_samples': 4}. Best is trial 97 with value: 1.999208901839337.
[I 2025-03-11 21:31:08,455] Trial 147 finished with value: 2.0052315667662866 and parameters: {'learning_rate': 0.011222986031452071, 'depth': 9, 'l2_leaf_reg': 0.16356845659024977, 'min_child_samples': 4}. Best is trial 97 with value: 1.999208901839337.
[I 2025-03-11 21:31:11,220] Trial 148 finished with value: 2.0039657598196934 and parameters: {'learning_rate': 0.01075463308589484, 'depth': 11, 'l2_leaf_reg': 2.7520317843468622, 'min_child_samples': 4}. Best is trial 97 with value: 1.999208901839337.
[I 2025-03-11 21:31:13,618] Trial 149 finished with value: 2.0009891780339473 and parameters: {'learning_rate': 0.012344494521688877, 'depth': 10, 'l2_leaf_reg': 2.601540745289614, 'min_child_samples': 4}. Best is trial 97 with value: 1.999208901839337.
[I 2025-03-11 21:31:15,403] Trial 150 finished with value: 2.010899061662567 and parameters: {'learning_rate': 0.01295296452896033, 'depth': 10, 'l2_leaf_reg': 2.5853415738874808, 'min_child_samples': 4}. Best is trial 97 with value: 1.999208901839337.
[I 2025-03-11 21:31:17,620] Trial 151 finished with value: 2.004350415651314 and parameters: {'learning_rate': 0.012435529335776177, 'depth': 10, 'l2_leaf_reg': 2.6619706142158934, 'min_child_samples': 4}. Best is trial 97 with value: 1.999208901839337.
[I 2025-03-11 21:31:20,070] Trial 152 finished with value: 2.0000518776419933 and parameters: {'learning_rate': 0.011566987372800796, 'depth': 10, 'l2_leaf_reg': 2.957304684096899, 'min_child_samples': 4}. Best is trial 97 with value: 1.999208901839337.
[I 2025-03-11 21:31:21,966] Trial 153 finished with value: 2.0069441597399305 and parameters: {'learning_rate': 0.012218185631376936, 'depth': 10, 'l2_leaf_reg': 2.9360149487520064, 'min_child_samples': 4}. Best is trial 97 with value: 1.999208901839337.
[I 2025-03-11 21:31:24,636] Trial 154 finished with value: 2.0053640212551462 and parameters: {'learning_rate': 0.011601015205373391, 'depth': 11, 'l2_leaf_reg': 2.8585403666793896, 'min_child_samples': 4}. Best is trial 97 with value: 1.999208901839337.
[I 2025-03-11 21:31:26,957] Trial 155 finished with value: 2.001258980502099 and parameters: {'learning_rate': 0.012146008949502443, 'depth': 10, 'l2_leaf_reg': 2.769477475225332, 'min_child_samples': 4}. Best is trial 97 with value: 1.999208901839337.
[I 2025-03-11 21:31:29,627] Trial 156 finished with value: 2.0051838625106986 and parameters: {'learning_rate': 0.004636202087101232, 'depth': 9, 'l2_leaf_reg': 2.9540486334530645, 'min_child_samples': 4}. Best is trial 97 with value: 1.999208901839337.
[I 2025-03-11 21:31:31,822] Trial 157 finished with value: 2.0039782189294884 and parameters: {'learning_rate': 0.012851566538977363, 'depth': 10, 'l2_leaf_reg': 2.79725759354144, 'min_child_samples': 4}. Best is trial 97 with value: 1.999208901839337.
[I 2025-03-11 21:31:34,520] Trial 158 finished with value: 2.006131384620822 and parameters: {'learning_rate': 0.01008049127671672, 'depth': 11, 'l2_leaf_reg': 2.8776736347042666, 'min_child_samples': 4}. Best is trial 97 with value: 1.999208901839337.
[I 2025-03-11 21:31:36,543] Trial 159 finished with value: 2.0027225330666685 and parameters: {'learning_rate': 0.012146769760799881, 'depth': 10, 'l2_leaf_reg': 2.773372867617747, 'min_child_samples': 4}. Best is trial 97 with value: 1.999208901839337.
[I 2025-03-11 21:31:38,751] Trial 160 finished with value: 2.004494512054676 and parameters: {'learning_rate': 0.011188180718930409, 'depth': 9, 'l2_leaf_reg': 2.9940270843505346, 'min_child_samples': 4}. Best is trial 97 with value: 1.999208901839337.
[I 2025-03-11 21:31:40,758] Trial 161 finished with value: 2.0005360478181307 and parameters: {'learning_rate': 0.011896941994294747, 'depth': 10, 'l2_leaf_reg': 2.743215046796768, 'min_child_samples': 4}. Best is trial 97 with value: 1.999208901839337.
[I 2025-03-11 21:31:42,959] Trial 162 finished with value: 2.0023884632578044 and parameters: {'learning_rate': 0.012594200103120434, 'depth': 10, 'l2_leaf_reg': 2.700077717713056, 'min_child_samples': 4}. Best is trial 97 with value: 1.999208901839337.
[I 2025-03-11 21:31:45,972] Trial 163 finished with value: 2.0039109467517875 and parameters: {'learning_rate': 0.011821732374270193, 'depth': 11, 'l2_leaf_reg': 2.8149792489818917, 'min_child_samples': 4}. Best is trial 97 with value: 1.999208901839337.
[I 2025-03-11 21:31:48,352] Trial 164 finished with value: 2.0016830580141414 and parameters: {'learning_rate': 0.011393358577093145, 'depth': 10, 'l2_leaf_reg': 2.626849488532979, 'min_child_samples': 4}. Best is trial 97 with value: 1.999208901839337.
[I 2025-03-11 21:31:49,837] Trial 165 finished with value: 2.009076781160701 and parameters: {'learning_rate': 0.019781506530796304, 'depth': 9, 'l2_leaf_reg': 2.527067181224451, 'min_child_samples': 4}. Best is trial 97 with value: 1.999208901839337.
[I 2025-03-11 21:31:52,209] Trial 166 finished with value: 2.00234949874961 and parameters: {'learning_rate': 0.01069551586625628, 'depth': 10, 'l2_leaf_reg': 2.6084963611291347, 'min_child_samples': 4}. Best is trial 97 with value: 1.999208901839337.
[I 2025-03-11 21:31:54,503] Trial 167 finished with value: 2.0007129527943737 and parameters: {'learning_rate': 0.01150216723248658, 'depth': 10, 'l2_leaf_reg': 2.72895386853052, 'min_child_samples': 4}. Best is trial 97 with value: 1.999208901839337.
[I 2025-03-11 21:31:56,819] Trial 168 finished with value: 2.004492889225334 and parameters: {'learning_rate': 0.011363661584763565, 'depth': 10, 'l2_leaf_reg': 2.697528106933332, 'min_child_samples': 4}. Best is trial 97 with value: 1.999208901839337.
[I 2025-03-11 21:31:58,919] Trial 169 finished with value: 2.007862094425151 and parameters: {'learning_rate': 0.010458224247620582, 'depth': 10, 'l2_leaf_reg': 2.752383373811778, 'min_child_samples': 4}. Best is trial 97 with value: 1.999208901839337.
[I 2025-03-11 21:32:00,831] Trial 170 finished with value: 2.007083344525309 and parameters: {'learning_rate': 0.011950478189933125, 'depth': 9, 'l2_leaf_reg': 2.9067843556666944, 'min_child_samples': 4}. Best is trial 97 with value: 1.999208901839337.
[I 2025-03-11 21:32:03,261] Trial 171 finished with value: 2.004227860161548 and parameters: {'learning_rate': 0.011479957881526025, 'depth': 10, 'l2_leaf_reg': 2.635266644142624, 'min_child_samples': 4}. Best is trial 97 with value: 1.999208901839337.
[I 2025-03-11 21:32:05,485] Trial 172 finished with value: 2.0059751039937344 and parameters: {'learning_rate': 0.012291046745796612, 'depth': 10, 'l2_leaf_reg': 2.8355501008093933, 'min_child_samples': 4}. Best is trial 97 with value: 1.999208901839337.
[I 2025-03-11 21:32:07,876] Trial 173 finished with value: 2.0020694461810407 and parameters: {'learning_rate': 0.010949506010730501, 'depth': 10, 'l2_leaf_reg': 1.0933886184446646, 'min_child_samples': 4}. Best is trial 97 with value: 1.999208901839337.
[I 2025-03-11 21:32:10,025] Trial 174 finished with value: 2.006247603227636 and parameters: {'learning_rate': 0.01320220470428826, 'depth': 10, 'l2_leaf_reg': 2.7432245705977962, 'min_child_samples': 4}. Best is trial 97 with value: 1.999208901839337.
[I 2025-03-11 21:32:12,721] Trial 175 finished with value: 2.0080005781447885 and parameters: {'learning_rate': 0.011761827826163588, 'depth': 11, 'l2_leaf_reg': 2.56963431732388, 'min_child_samples': 1}. Best is trial 97 with value: 1.999208901839337.
[I 2025-03-11 21:32:14,681] Trial 176 finished with value: 2.0082982683076156 and parameters: {'learning_rate': 0.01239990390949018, 'depth': 10, 'l2_leaf_reg': 2.6752082946291442, 'min_child_samples': 8}. Best is trial 97 with value: 1.999208901839337.
[I 2025-03-11 21:32:16,423] Trial 177 finished with value: 2.0109021165198797 and parameters: {'learning_rate': 0.011324053349731779, 'depth': 9, 'l2_leaf_reg': 2.8777229485006246, 'min_child_samples': 4}. Best is trial 97 with value: 1.999208901839337.
