[I 2025-03-11 21:43:09,717] Trial 434 finished with value: 2.0049208107952374 and parameters: {'learning_rate': 0.012877688209303104, 'depth': 11, 'l2_leaf_reg': 2.946930273885955, 'min_child_samples': 4}. Best is trial 373 with value: 1.9980172071194868.
[I 2025-03-11 21:43:11,881] Trial 435 finished with value: 2.005473887448593 and parameters: {'learning_rate': 0.011764003886025564, 'depth': 10, 'l2_leaf_reg': 9.103630468169921e-05, 'min_child_samples': 16}. Best is trial 373 with value: 1.9980172071194868.
[I 2025-03-11 21:43:14,284] Trial 436 finished with value: 2.001380513125811 and parameters: {'learning_rate': 0.012087124890899817, 'depth': 10, 'l2_leaf_reg': 2.8304297717014064, 'min_child_samples': 4}. Best is trial 373 with value: 1.9980172071194868.
[I 2025-03-11 21:43:17,123] Trial 437 finished with value: 2.0048928740086094 and parameters: {'learning_rate': 0.010997708404186025, 'depth': 11, 'l2_leaf_reg': 0.9047294765074216, 'min_child_samples': 4}. Best is trial 373 with value: 1.9980172071194868.
[I 2025-03-11 21:43:20,364] Trial 438 finished with value: 2.009542362811661 and parameters: {'learning_rate': 0.0030091470423405887, 'depth': 10, 'l2_leaf_reg': 0.5422446121973679, 'min_child_samples': 32}. Best is trial 373 with value: 1.9980172071194868.
[I 2025-03-11 21:43:22,275] Trial 439 finished with value: 2.0053241308453478 and parameters: {'learning_rate': 0.012601829787182375, 'depth': 9, 'l2_leaf_reg': 2.7897559940547993, 'min_child_samples': 16}. Best is trial 373 with value: 1.9980172071194868.
[I 2025-03-11 21:43:24,849] Trial 440 finished with value: 2.000019402590808 and parameters: {'learning_rate': 0.011516572360795218, 'depth': 10, 'l2_leaf_reg': 2.903919299225474, 'min_child_samples': 4}. Best is trial 373 with value: 1.9980172071194868.
[I 2025-03-11 21:43:28,344] Trial 441 finished with value: 2.0097265687221717 and parameters: {'learning_rate': 0.012065085550969969, 'depth': 12, 'l2_leaf_reg': 2.937680013949898, 'min_child_samples': 4}. Best is trial 373 with value: 1.9980172071194868.
[I 2025-03-11 21:43:30,305] Trial 442 finished with value: 2.0068915964592953 and parameters: {'learning_rate': 0.0193701357173032, 'depth': 10, 'l2_leaf_reg': 2.888606264329473, 'min_child_samples': 16}. Best is trial 373 with value: 1.9980172071194868.
[I 2025-03-11 21:43:32,862] Trial 443 finished with value: 2.004524968540019 and parameters: {'learning_rate': 0.013149044370343614, 'depth': 11, 'l2_leaf_reg': 2.960090938287005, 'min_child_samples': 4}. Best is trial 373 with value: 1.9980172071194868.
[I 2025-03-11 21:43:34,905] Trial 444 finished with value: 2.0054794557014075 and parameters: {'learning_rate': 0.011628573157044297, 'depth': 10, 'l2_leaf_reg': 2.995169770703425, 'min_child_samples': 4}. Best is trial 373 with value: 1.9980172071194868.
[I 2025-03-11 21:43:37,309] Trial 445 finished with value: 2.000266910409751 and parameters: {'learning_rate': 0.012349951090379932, 'depth': 10, 'l2_leaf_reg': 2.8849161426922154, 'min_child_samples': 16}. Best is trial 373 with value: 1.9980172071194868.
[I 2025-03-11 21:43:39,420] Trial 446 finished with value: 2.0058035829695484 and parameters: {'learning_rate': 0.011241792597999832, 'depth': 9, 'l2_leaf_reg': 0.16604452908179312, 'min_child_samples': 4}. Best is trial 373 with value: 1.9980172071194868.
[I 2025-03-11 21:43:41,812] Trial 447 finished with value: 2.0018231492938567 and parameters: {'learning_rate': 0.011890295494815014, 'depth': 10, 'l2_leaf_reg': 0.395642460662191, 'min_child_samples': 32}. Best is trial 373 with value: 1.9980172071194868.
[I 2025-03-11 21:43:43,808] Trial 448 finished with value: 2.0088465881236863 and parameters: {'learning_rate': 0.012809286666099842, 'depth': 10, 'l2_leaf_reg': 2.917056623336049, 'min_child_samples': 4}. Best is trial 373 with value: 1.9980172071194868.
[I 2025-03-11 21:43:46,019] Trial 449 finished with value: 2.00495795869886 and parameters: {'learning_rate': 0.010417432159231618, 'depth': 9, 'l2_leaf_reg': 0.24662919195772795, 'min_child_samples': 16}. Best is trial 373 with value: 1.9980172071194868.
[I 2025-03-11 21:43:47,949] Trial 450 finished with value: 2.007009286720073 and parameters: {'learning_rate': 0.01248196582594988, 'depth': 10, 'l2_leaf_reg': 2.8377913820905207, 'min_child_samples': 4}. Best is trial 373 with value: 1.9980172071194868.
[I 2025-03-11 21:43:49,488] Trial 451 finished with value: 2.009293154471019 and parameters: {'learning_rate': 0.01155938584658542, 'depth': 8, 'l2_leaf_reg': 0.45517998459091297, 'min_child_samples': 16}. Best is trial 373 with value: 1.9980172071194868.
[I 2025-03-11 21:43:52,214] Trial 452 finished with value: 2.007171584798151 and parameters: {'learning_rate': 0.010744593524168579, 'depth': 11, 'l2_leaf_reg': 0.11406341711455761, 'min_child_samples': 4}. Best is trial 373 with value: 1.9980172071194868.
[I 2025-03-11 21:43:54,742] Trial 453 finished with value: 2.0073010538870575 and parameters: {'learning_rate': 0.012044894407254664, 'depth': 11, 'l2_leaf_reg': 2.9498056497749516, 'min_child_samples': 4}. Best is trial 373 with value: 1.9980172071194868.
[I 2025-03-11 21:43:56,824] Trial 454 finished with value: 2.0060779773358006 and parameters: {'learning_rate': 0.012866734628905424, 'depth': 10, 'l2_leaf_reg': 2.8659540340147487, 'min_child_samples': 16}. Best is trial 373 with value: 1.9980172071194868.
[I 2025-03-11 21:44:02,239] Trial 455 finished with value: 2.0106008689375927 and parameters: {'learning_rate': 0.011249290264872383, 'depth': 13, 'l2_leaf_reg': 2.9424273442708615, 'min_child_samples': 4}. Best is trial 373 with value: 1.9980172071194868.
[I 2025-03-11 21:44:04,308] Trial 456 finished with value: 2.001696524324606 and parameters: {'learning_rate': 0.0140900968832387, 'depth': 10, 'l2_leaf_reg': 2.990698871491423, 'min_child_samples': 1}. Best is trial 373 with value: 1.9980172071194868.
[I 2025-03-11 21:44:06,097] Trial 457 finished with value: 2.006028216226036 and parameters: {'learning_rate': 0.013358125777658013, 'depth': 9, 'l2_leaf_reg': 2.807307091896239, 'min_child_samples': 32}. Best is trial 373 with value: 1.9980172071194868.
[I 2025-03-11 21:44:08,446] Trial 458 finished with value: 2.001245672651482 and parameters: {'learning_rate': 0.012386531482461006, 'depth': 10, 'l2_leaf_reg': 2.2130668435538507, 'min_child_samples': 4}. Best is trial 373 with value: 1.9980172071194868.
[I 2025-03-11 21:44:10,935] Trial 459 finished with value: 2.0067245894264474 and parameters: {'learning_rate': 0.01163682965468486, 'depth': 11, 'l2_leaf_reg': 2.9955343730336152, 'min_child_samples': 16}. Best is trial 373 with value: 1.9980172071194868.
[I 2025-03-11 21:44:12,983] Trial 460 finished with value: 2.0042779110189324 and parameters: {'learning_rate': 0.012023633998554325, 'depth': 10, 'l2_leaf_reg': 2.8917820748379097, 'min_child_samples': 8}. Best is trial 373 with value: 1.9980172071194868.
[I 2025-03-11 21:44:15,168] Trial 461 finished with value: 2.0084260235649833 and parameters: {'learning_rate': 0.011059492913203043, 'depth': 10, 'l2_leaf_reg': 0.6091453762921477, 'min_child_samples': 4}. Best is trial 373 with value: 1.9980172071194868.
[I 2025-03-11 21:44:17,972] Trial 462 finished with value: 2.004189390264505 and parameters: {'learning_rate': 0.01259650457852955, 'depth': 11, 'l2_leaf_reg': 0.1963395081885287, 'min_child_samples': 4}. Best is trial 373 with value: 1.9980172071194868.
[I 2025-03-11 21:44:20,001] Trial 463 finished with value: 2.004379377918686 and parameters: {'learning_rate': 0.01205871134532593, 'depth': 10, 'l2_leaf_reg': 0.0661786617045731, 'min_child_samples': 16}. Best is trial 373 with value: 1.9980172071194868.
[I 2025-03-11 21:44:22,069] Trial 464 finished with value: 2.0047582933675674 and parameters: {'learning_rate': 0.013612118747393685, 'depth': 9, 'l2_leaf_reg': 0.3219482069536137, 'min_child_samples': 4}. Best is trial 373 with value: 1.9980172071194868.
[I 2025-03-11 21:44:24,129] Trial 465 finished with value: 2.0053891467772496 and parameters: {'learning_rate': 0.011560398778521427, 'depth': 10, 'l2_leaf_reg': 1.1293104099821487, 'min_child_samples': 16}. Best is trial 373 with value: 1.9980172071194868.
[I 2025-03-11 21:44:26,319] Trial 466 finished with value: 2.0043980476639986 and parameters: {'learning_rate': 0.013005148819991218, 'depth': 10, 'l2_leaf_reg': 1.4199245427104612, 'min_child_samples': 4}. Best is trial 373 with value: 1.9980172071194868.
[I 2025-03-11 21:44:28,396] Trial 467 finished with value: 2.0082251040579586 and parameters: {'learning_rate': 0.012357899849425143, 'depth': 9, 'l2_leaf_reg': 2.9023416210481465, 'min_child_samples': 32}. Best is trial 373 with value: 1.9980172071194868.
[I 2025-03-11 21:44:32,066] Trial 468 finished with value: 2.011017141731704 and parameters: {'learning_rate': 0.011789488471756798, 'depth': 12, 'l2_leaf_reg': 2.8325617923615276, 'min_child_samples': 4}. Best is trial 373 with value: 1.9980172071194868.
[I 2025-03-11 21:44:34,406] Trial 469 finished with value: 2.0066128455973113 and parameters: {'learning_rate': 0.011393892009439974, 'depth': 10, 'l2_leaf_reg': 1.025140560719585, 'min_child_samples': 16}. Best is trial 373 with value: 1.9980172071194868.
[I 2025-03-11 21:44:35,722] Trial 470 finished with value: 2.014187660053777 and parameters: {'learning_rate': 0.0122060527777728, 'depth': 6, 'l2_leaf_reg': 0.26490258920229154, 'min_child_samples': 4}. Best is trial 373 with value: 1.9980172071194868.
[I 2025-03-11 21:44:38,299] Trial 471 finished with value: 2.006907154853859 and parameters: {'learning_rate': 0.011029831411512425, 'depth': 11, 'l2_leaf_reg': 2.7306028315576567, 'min_child_samples': 4}. Best is trial 373 with value: 1.9980172071194868.
[I 2025-03-11 21:44:40,481] Trial 472 finished with value: 2.006587862231979 and parameters: {'learning_rate': 0.012723130019414273, 'depth': 10, 'l2_leaf_reg': 0.1265358489567244, 'min_child_samples': 16}. Best is trial 373 with value: 1.9980172071194868.
[I 2025-03-11 21:44:42,766] Trial 473 finished with value: 2.006673295103694 and parameters: {'learning_rate': 0.011759859875892524, 'depth': 10, 'l2_leaf_reg': 2.9416279860781445, 'min_child_samples': 4}. Best is trial 373 with value: 1.9980172071194868.
[I 2025-03-11 21:44:45,502] Trial 474 finished with value: 2.0059715009739474 and parameters: {'learning_rate': 0.010741166947662332, 'depth': 11, 'l2_leaf_reg': 2.876486193795415, 'min_child_samples': 4}. Best is trial 373 with value: 1.9980172071194868.
[I 2025-03-11 21:44:46,862] Trial 475 finished with value: 2.0273255155520857 and parameters: {'learning_rate': 0.012429152835047592, 'depth': 3, 'l2_leaf_reg': 0.8401885248510141, 'min_child_samples': 16}. Best is trial 373 with value: 1.9980172071194868.
[I 2025-03-11 21:44:48,847] Trial 476 finished with value: 2.0064636666850926 and parameters: {'learning_rate': 0.011359161811474646, 'depth': 9, 'l2_leaf_reg': 2.9994959231456346, 'min_child_samples': 32}. Best is trial 373 with value: 1.9980172071194868.
[I 2025-03-11 21:44:51,003] Trial 477 finished with value: 2.0062073155360243 and parameters: {'learning_rate': 0.013061921194031136, 'depth': 10, 'l2_leaf_reg': 1.2247039567244498, 'min_child_samples': 4}. Best is trial 373 with value: 1.9980172071194868.
[I 2025-03-11 21:44:53,286] Trial 478 finished with value: 1.997886727085869 and parameters: {'learning_rate': 0.011972165615738165, 'depth': 10, 'l2_leaf_reg': 0.047201181983136026, 'min_child_samples': 4}. Best is trial 478 with value: 1.997886727085869.
[I 2025-03-11 21:44:55,747] Trial 479 finished with value: 2.0002424274380153 and parameters: {'learning_rate': 0.01184938246854508, 'depth': 10, 'l2_leaf_reg': 0.051260864494979685, 'min_child_samples': 16}. Best is trial 478 with value: 1.997886727085869.
[I 2025-03-11 21:44:57,861] Trial 480 finished with value: 2.007163900295398 and parameters: {'learning_rate': 0.010374980338623656, 'depth': 10, 'l2_leaf_reg': 0.05550851774101942, 'min_child_samples': 4}. Best is trial 478 with value: 1.997886727085869.
[I 2025-03-11 21:44:59,758] Trial 481 finished with value: 2.0072259244929738 and parameters: {'learning_rate': 0.011356357434372097, 'depth': 9, 'l2_leaf_reg': 0.10019006206012268, 'min_child_samples': 4}. Best is trial 478 with value: 1.997886727085869.
[I 2025-03-11 21:45:02,582] Trial 482 finished with value: 2.002933152540441 and parameters: {'learning_rate': 0.008698440231984229, 'depth': 10, 'l2_leaf_reg': 0.009018007567688502, 'min_child_samples': 1}. Best is trial 478 with value: 1.997886727085869.
[I 2025-03-11 21:45:04,964] Trial 483 finished with value: 2.00519523303935 and parameters: {'learning_rate': 0.00982155266142215, 'depth': 10, 'l2_leaf_reg': 0.15978280726258598, 'min_child_samples': 16}. Best is trial 478 with value: 1.997886727085869.
[I 2025-03-11 21:45:06,986] Trial 484 finished with value: 2.0064373332403007 and parameters: {'learning_rate': 0.011906097305741197, 'depth': 9, 'l2_leaf_reg': 0.005793374543028806, 'min_child_samples': 4}. Best is trial 478 with value: 1.997886727085869.
[I 2025-03-11 21:45:09,225] Trial 485 finished with value: 2.004036995794269 and parameters: {'learning_rate': 0.0108730891420356, 'depth': 10, 'l2_leaf_reg': 0.19232762921405272, 'min_child_samples': 4}. Best is trial 478 with value: 1.997886727085869.
[I 2025-03-11 21:45:11,665] Trial 486 finished with value: 2.0003054447560555 and parameters: {'learning_rate': 0.011557964046319839, 'depth': 10, 'l2_leaf_reg': 0.1173041402308503, 'min_child_samples': 8}. Best is trial 478 with value: 1.997886727085869.
[I 2025-03-11 21:45:14,052] Trial 487 finished with value: 2.000434610399185 and parameters: {'learning_rate': 0.012150204167773435, 'depth': 10, 'l2_leaf_reg': 0.362764402992103, 'min_child_samples': 16}. Best is trial 478 with value: 1.997886727085869.
[I 2025-03-11 21:45:16,427] Trial 488 finished with value: 1.9986799092699077 and parameters: {'learning_rate': 0.011216837818525739, 'depth': 10, 'l2_leaf_reg': 0.07365148514244646, 'min_child_samples': 32}. Best is trial 478 with value: 1.997886727085869.
[I 2025-03-11 21:45:18,266] Trial 489 finished with value: 2.0054156581453344 and parameters: {'learning_rate': 0.010733081297223957, 'depth': 9, 'l2_leaf_reg': 0.08702857899939655, 'min_child_samples': 4}. Best is trial 478 with value: 1.997886727085869.
[I 2025-03-11 21:45:20,297] Trial 490 finished with value: 2.004956125023872 and parameters: {'learning_rate': 0.01112011730138727, 'depth': 10, 'l2_leaf_reg': 0.047029208353621885, 'min_child_samples': 16}. Best is trial 478 with value: 1.997886727085869.
[I 2025-03-11 21:45:22,355] Trial 491 finished with value: 2.010047247623751 and parameters: {'learning_rate': 0.01005328075403752, 'depth': 10, 'l2_leaf_reg': 0.14867051634523196, 'min_child_samples': 4}. Best is trial 478 with value: 1.997886727085869.
[I 2025-03-11 21:45:24,812] Trial 492 finished with value: 2.0017771739017745 and parameters: {'learning_rate': 0.011046781932035704, 'depth': 10, 'l2_leaf_reg': 0.06015596615820573, 'min_child_samples': 32}. Best is trial 478 with value: 1.997886727085869.
[I 2025-03-11 21:45:26,858] Trial 493 finished with value: 2.003375234168208 and parameters: {'learning_rate': 0.010455625534544273, 'depth': 9, 'l2_leaf_reg': 0.1249782344365975, 'min_child_samples': 4}. Best is trial 478 with value: 1.997886727085869.
[I 2025-03-11 21:45:29,252] Trial 494 finished with value: 2.001075440356184 and parameters: {'learning_rate': 0.011494772844675497, 'depth': 10, 'l2_leaf_reg': 0.24494952303316186, 'min_child_samples': 16}. Best is trial 478 with value: 1.997886727085869.
[I 2025-03-11 21:45:31,519] Trial 495 finished with value: 2.003553655483704 and parameters: {'learning_rate': 0.01123628747888039, 'depth': 10, 'l2_leaf_reg': 0.18696635436592585, 'min_child_samples': 4}. Best is trial 478 with value: 1.997886727085869.
[I 2025-03-11 21:45:34,039] Trial 496 finished with value: 2.004142461874979 and parameters: {'learning_rate': 0.011745551537206184, 'depth': 10, 'l2_leaf_reg': 0.001971383402198587, 'min_child_samples': 4}. Best is trial 478 with value: 1.997886727085869.
[I 2025-03-11 21:45:36,271] Trial 497 finished with value: 2.00481386374556 and parameters: {'learning_rate': 0.011580117929923231, 'depth': 9, 'l2_leaf_reg': 0.0910543012966197, 'min_child_samples': 16}. Best is trial 478 with value: 1.997886727085869.
[I 2025-03-11 21:45:38,772] Trial 498 finished with value: 2.0009680682009856 and parameters: {'learning_rate': 0.010694524755037727, 'depth': 10, 'l2_leaf_reg': 0.20131031181195264, 'min_child_samples': 4}. Best is trial 478 with value: 1.997886727085869.
[I 2025-03-11 21:45:41,727] Trial 499 finished with value: 2.003030959025688 and parameters: {'learning_rate': 0.012042197249946998, 'depth': 11, 'l2_leaf_reg': 0.12000034862272667, 'min_child_samples': 32}. Best is trial 478 with value: 1.997886727085869.
2025-03-11 21:45:41,727 - __main__ - INFO - Best RMSE: 1.9979
2025-03-11 21:45:41,727 - __main__ - INFO - Best parameters: {'learning_rate': 0.011972165615738165, 'depth': 10, 'l2_leaf_reg': 0.047201181983136026, 'min_child_samples': 4}
2025-03-11 21:45:41,727 - __main__ - INFO - Starting c_std_z optimization...
2025-03-11 21:45:41,728 - __main__ - INFO - Starting hyperparameter optimization for c_std_z
[I 2025-03-11 21:45:41,728] A new study created in memory with name: catboost-c_std_z-seed42
[I 2025-03-11 21:45:44,420] Trial 0 finished with value: 0.19655265535993605 and parameters: {'learning_rate': 0.019819432786828982, 'depth': 8, 'l2_leaf_reg': 1.8998590349739217, 'min_child_samples': 32}. Best is trial 0 with value: 0.19655265535993605.
[I 2025-03-11 21:46:13,346] Trial 1 finished with value: 0.26234611426001314 and parameters: {'learning_rate': 0.005749500000064058, 'depth': 15, 'l2_leaf_reg': 1.2392556940749029, 'min_child_samples': 1}. Best is trial 0 with value: 0.19655265535993605.
[I 2025-03-11 21:46:42,124] Trial 2 finished with value: 0.2276991402111368 and parameters: {'learning_rate': 0.018419178530751326, 'depth': 15, 'l2_leaf_reg': 0.5172067334591806, 'min_child_samples': 1}. Best is trial 0 with value: 0.19655265535993605.
[I 2025-03-11 21:46:44,192] Trial 3 finished with value: 0.2005426345763178 and parameters: {'learning_rate': 0.015989337372359105, 'depth': 8, 'l2_leaf_reg': 2.191480216218589, 'min_child_samples': 32}. Best is trial 0 with value: 0.19655265535993605.
[I 2025-03-11 21:47:39,436] Trial 4 finished with value: 0.2925096555994727 and parameters: {'learning_rate': 0.005433082443805061, 'depth': 16, 'l2_leaf_reg': 2.2152184350452373, 'min_child_samples': 16}. Best is trial 0 with value: 0.19655265535993605.
[I 2025-03-11 21:47:41,096] Trial 5 finished with value: 0.3185530730414683 and parameters: {'learning_rate': 0.00893509552487293, 'depth': 4, 'l2_leaf_reg': 0.569581013324599, 'min_child_samples': 8}. Best is trial 0 with value: 0.19655265535993605.
[I 2025-03-11 21:47:44,354] Trial 6 finished with value: 0.19058180675292977 and parameters: {'learning_rate': 0.011782868121781035, 'depth': 10, 'l2_leaf_reg': 2.3628023056045615, 'min_child_samples': 4}. Best is trial 6 with value: 0.19058180675292977.
[I 2025-03-11 21:47:45,797] Trial 7 finished with value: 0.5957489467136301 and parameters: {'learning_rate': 0.008714195170781456, 'depth': 1, 'l2_leaf_reg': 0.7619795561270472, 'min_child_samples': 32}. Best is trial 6 with value: 0.19058180675292977.
[I 2025-03-11 21:47:48,682] Trial 8 finished with value: 0.20118504091346687 and parameters: {'learning_rate': 0.010261194653058822, 'depth': 9, 'l2_leaf_reg': 1.3737184001828526, 'min_child_samples': 4}. Best is trial 6 with value: 0.19058180675292977.
[I 2025-03-11 21:48:17,899] Trial 9 finished with value: 0.2280605556983649 and parameters: {'learning_rate': 0.01954711051908694, 'depth': 15, 'l2_leaf_reg': 1.9533128288356258, 'min_child_samples': 1}. Best is trial 6 with value: 0.19058180675292977.
[I 2025-03-11 21:48:21,935] Trial 10 finished with value: 0.18840599763756857 and parameters: {'learning_rate': 0.012815377654284553, 'depth': 11, 'l2_leaf_reg': 2.9635582598539116, 'min_child_samples': 4}. Best is trial 10 with value: 0.18840599763756857.
[I 2025-03-11 21:48:26,262] Trial 11 finished with value: 0.1862305202924523 and parameters: {'learning_rate': 0.012972676567370021, 'depth': 11, 'l2_leaf_reg': 2.9555509054043267, 'min_child_samples': 4}. Best is trial 11 with value: 0.1862305202924523.
[I 2025-03-11 21:48:32,472] Trial 12 finished with value: 0.189101406291534 and parameters: {'learning_rate': 0.014084310472879242, 'depth': 12, 'l2_leaf_reg': 2.8566946945745157, 'min_child_samples': 4}. Best is trial 11 with value: 0.1862305202924523.
[I 2025-03-11 21:48:38,331] Trial 13 finished with value: 0.5448285771227921 and parameters: {'learning_rate': 0.0014250910416664705, 'depth': 12, 'l2_leaf_reg': 2.9710205036541213, 'min_child_samples': 4}. Best is trial 11 with value: 0.1862305202924523.
[I 2025-03-11 21:48:44,314] Trial 14 finished with value: 0.1905907886762799 and parameters: {'learning_rate': 0.013431392599576136, 'depth': 12, 'l2_leaf_reg': 2.656194939105324, 'min_child_samples': 4}. Best is trial 11 with value: 0.1862305202924523.
[I 2025-03-11 21:48:46,463] Trial 15 finished with value: 0.22465500989708148 and parameters: {'learning_rate': 0.016376690850078552, 'depth': 6, 'l2_leaf_reg': 2.542330771772127, 'min_child_samples': 16}. Best is trial 11 with value: 0.1862305202924523.
[I 2025-03-11 21:48:51,069] Trial 16 finished with value: 0.1878038755351164 and parameters: {'learning_rate': 0.012505209329704666, 'depth': 11, 'l2_leaf_reg': 0.08178293689843197, 'min_child_samples': 8}. Best is trial 11 with value: 0.1862305202924523.
[I 2025-03-11 21:48:52,906] Trial 17 finished with value: 0.22269926404344062 and parameters: {'learning_rate': 0.016043453550734714, 'depth': 6, 'l2_leaf_reg': 0.14111638132371662, 'min_child_samples': 8}. Best is trial 11 with value: 0.1862305202924523.
