[I 2025-03-11 21:09:49,723] Trial 422 finished with value: 0.27591483412026524 and parameters: {'learning_rate': 0.013945267254956966, 'depth': 13, 'l2_leaf_reg': 0.07596388563368858, 'min_child_samples': 32}. Best is trial 373 with value: 0.2713114523744478.
[I 2025-03-11 21:09:59,025] Trial 423 finished with value: 0.27507323631618313 and parameters: {'learning_rate': 0.014606369623931414, 'depth': 13, 'l2_leaf_reg': 0.04828330993563182, 'min_child_samples': 32}. Best is trial 373 with value: 0.2713114523744478.
[I 2025-03-11 21:10:04,858] Trial 424 finished with value: 0.27774250952379304 and parameters: {'learning_rate': 0.01541976605702645, 'depth': 12, 'l2_leaf_reg': 0.23494569633815643, 'min_child_samples': 32}. Best is trial 373 with value: 0.2713114523744478.
[I 2025-03-11 21:10:13,760] Trial 425 finished with value: 0.2727518597126276 and parameters: {'learning_rate': 0.014342769559818287, 'depth': 13, 'l2_leaf_reg': 0.1373654352748647, 'min_child_samples': 32}. Best is trial 373 with value: 0.2713114523744478.
[I 2025-03-11 21:10:23,213] Trial 426 finished with value: 0.27525641293595243 and parameters: {'learning_rate': 0.014337589248407999, 'depth': 13, 'l2_leaf_reg': 0.06935263390734456, 'min_child_samples': 32}. Best is trial 373 with value: 0.2713114523744478.
[I 2025-03-11 21:10:31,634] Trial 427 finished with value: 0.273982359904337 and parameters: {'learning_rate': 0.014416088501754092, 'depth': 13, 'l2_leaf_reg': 0.1264637640645228, 'min_child_samples': 32}. Best is trial 373 with value: 0.2713114523744478.
[I 2025-03-11 21:10:47,605] Trial 428 finished with value: 0.2767852836155207 and parameters: {'learning_rate': 0.013979098495875544, 'depth': 14, 'l2_leaf_reg': 0.0044236741544565195, 'min_child_samples': 32}. Best is trial 373 with value: 0.2713114523744478.
[I 2025-03-11 21:10:53,764] Trial 429 finished with value: 0.2787941106111402 and parameters: {'learning_rate': 0.013809273022777707, 'depth': 12, 'l2_leaf_reg': 0.19830853543449944, 'min_child_samples': 32}. Best is trial 373 with value: 0.2713114523744478.
[I 2025-03-11 21:11:03,465] Trial 430 finished with value: 0.2759951377945841 and parameters: {'learning_rate': 0.014979584326663527, 'depth': 13, 'l2_leaf_reg': 0.06431225186460865, 'min_child_samples': 1}. Best is trial 373 with value: 0.2713114523744478.
[I 2025-03-11 21:11:19,151] Trial 431 finished with value: 0.2774283417905065 and parameters: {'learning_rate': 0.014081030497076671, 'depth': 14, 'l2_leaf_reg': 0.2550092385060186, 'min_child_samples': 32}. Best is trial 373 with value: 0.2713114523744478.
[I 2025-03-11 21:11:28,669] Trial 432 finished with value: 0.2818636147117848 and parameters: {'learning_rate': 0.007403297587534512, 'depth': 13, 'l2_leaf_reg': 1.406104775635105, 'min_child_samples': 32}. Best is trial 373 with value: 0.2713114523744478.
[I 2025-03-11 21:11:38,074] Trial 433 finished with value: 0.27280466157825933 and parameters: {'learning_rate': 0.014411930568357354, 'depth': 13, 'l2_leaf_reg': 0.1320993738036344, 'min_child_samples': 32}. Best is trial 373 with value: 0.2713114523744478.
[I 2025-03-11 21:11:46,764] Trial 434 finished with value: 0.27642004475807724 and parameters: {'learning_rate': 0.014858433113969552, 'depth': 13, 'l2_leaf_reg': 0.14215157854727267, 'min_child_samples': 32}. Best is trial 373 with value: 0.2713114523744478.
[I 2025-03-11 21:11:52,797] Trial 435 finished with value: 0.2809920368523474 and parameters: {'learning_rate': 0.014414399456336066, 'depth': 12, 'l2_leaf_reg': 0.1136363398185955, 'min_child_samples': 32}. Best is trial 373 with value: 0.2713114523744478.
[I 2025-03-11 21:12:08,528] Trial 436 finished with value: 0.27646083297733276 and parameters: {'learning_rate': 0.01460094798088701, 'depth': 14, 'l2_leaf_reg': 0.1901542124764586, 'min_child_samples': 32}. Best is trial 373 with value: 0.2713114523744478.
[I 2025-03-11 21:12:17,457] Trial 437 finished with value: 0.2739701041633966 and parameters: {'learning_rate': 0.013865641296673607, 'depth': 13, 'l2_leaf_reg': 0.0014019546106392167, 'min_child_samples': 32}. Best is trial 373 with value: 0.2713114523744478.
[I 2025-03-11 21:12:26,862] Trial 438 finished with value: 0.27336355618468133 and parameters: {'learning_rate': 0.015066541449929664, 'depth': 13, 'l2_leaf_reg': 0.27372195600476895, 'min_child_samples': 32}. Best is trial 373 with value: 0.2713114523744478.
[I 2025-03-11 21:12:31,264] Trial 439 finished with value: 0.28210353192372395 and parameters: {'learning_rate': 0.01518953266364854, 'depth': 12, 'l2_leaf_reg': 0.2917537569618964, 'min_child_samples': 32}. Best is trial 373 with value: 0.2713114523744478.
[I 2025-03-11 21:12:40,513] Trial 440 finished with value: 0.27332347674824753 and parameters: {'learning_rate': 0.014402471304788585, 'depth': 13, 'l2_leaf_reg': 0.25771886333482535, 'min_child_samples': 32}. Best is trial 373 with value: 0.2713114523744478.
[I 2025-03-11 21:12:48,922] Trial 441 finished with value: 0.2761150944146876 and parameters: {'learning_rate': 0.014774519986108969, 'depth': 13, 'l2_leaf_reg': 0.2782676734374349, 'min_child_samples': 32}. Best is trial 373 with value: 0.2713114523744478.
[I 2025-03-11 21:12:57,246] Trial 442 finished with value: 0.2769264907412134 and parameters: {'learning_rate': 0.014376705744125145, 'depth': 13, 'l2_leaf_reg': 0.19893972203923285, 'min_child_samples': 32}. Best is trial 373 with value: 0.2713114523744478.
[I 2025-03-11 21:13:01,309] Trial 443 finished with value: 0.28371005319996906 and parameters: {'learning_rate': 0.015198638293044872, 'depth': 11, 'l2_leaf_reg': 0.3846981106385776, 'min_child_samples': 32}. Best is trial 373 with value: 0.2713114523744478.
[I 2025-03-11 21:13:17,287] Trial 444 finished with value: 0.275885093156696 and parameters: {'learning_rate': 0.014860928965982454, 'depth': 14, 'l2_leaf_reg': 0.24069358735515128, 'min_child_samples': 32}. Best is trial 373 with value: 0.2713114523744478.
[I 2025-03-11 21:13:25,597] Trial 445 finished with value: 0.2770995666176095 and parameters: {'learning_rate': 0.014179355985151887, 'depth': 13, 'l2_leaf_reg': 0.16433451802143284, 'min_child_samples': 32}. Best is trial 373 with value: 0.2713114523744478.
[I 2025-03-11 21:13:33,293] Trial 446 finished with value: 0.27753409411886026 and parameters: {'learning_rate': 0.014571781980499953, 'depth': 13, 'l2_leaf_reg': 0.27335107932003944, 'min_child_samples': 32}. Best is trial 373 with value: 0.2713114523744478.
[I 2025-03-11 21:13:39,361] Trial 447 finished with value: 0.28428064318839485 and parameters: {'learning_rate': 0.008142922836464781, 'depth': 12, 'l2_leaf_reg': 0.10830436690612191, 'min_child_samples': 32}. Best is trial 373 with value: 0.2713114523744478.
[I 2025-03-11 21:13:48,803] Trial 448 finished with value: 0.27543585408597615 and parameters: {'learning_rate': 0.014929257090403346, 'depth': 13, 'l2_leaf_reg': 0.21151822399800324, 'min_child_samples': 32}. Best is trial 373 with value: 0.2713114523744478.
[I 2025-03-11 21:14:43,985] Trial 449 finished with value: 0.29605312730729505 and parameters: {'learning_rate': 0.015291056110244219, 'depth': 16, 'l2_leaf_reg': 2.2098727017457502, 'min_child_samples': 32}. Best is trial 373 with value: 0.2713114523744478.
[I 2025-03-11 21:14:45,188] Trial 450 finished with value: 0.4418550466610661 and parameters: {'learning_rate': 0.014385046220360574, 'depth': 1, 'l2_leaf_reg': 0.06462069351818028, 'min_child_samples': 32}. Best is trial 373 with value: 0.2713114523744478.
[I 2025-03-11 21:15:00,894] Trial 451 finished with value: 0.2737982600893281 and parameters: {'learning_rate': 0.013855171666047786, 'depth': 14, 'l2_leaf_reg': 0.14985698198701317, 'min_child_samples': 32}. Best is trial 373 with value: 0.2713114523744478.
[I 2025-03-11 21:15:09,099] Trial 452 finished with value: 0.2760287207787235 and parameters: {'learning_rate': 0.01459478975662571, 'depth': 13, 'l2_leaf_reg': 0.10047889229569089, 'min_child_samples': 32}. Best is trial 373 with value: 0.2713114523744478.
[I 2025-03-11 21:15:14,505] Trial 453 finished with value: 0.2760311627315171 and parameters: {'learning_rate': 0.015329921169281868, 'depth': 12, 'l2_leaf_reg': 0.05548869206811408, 'min_child_samples': 32}. Best is trial 373 with value: 0.2713114523744478.
[I 2025-03-11 21:15:23,966] Trial 454 finished with value: 0.27438048553060657 and parameters: {'learning_rate': 0.014176672667631363, 'depth': 13, 'l2_leaf_reg': 0.24593963527967802, 'min_child_samples': 32}. Best is trial 373 with value: 0.2713114523744478.
[I 2025-03-11 21:15:39,534] Trial 455 finished with value: 0.27873416661797296 and parameters: {'learning_rate': 0.01404426760845235, 'depth': 14, 'l2_leaf_reg': 0.14710550370756384, 'min_child_samples': 16}. Best is trial 373 with value: 0.2713114523744478.
[I 2025-03-11 21:15:48,736] Trial 456 finished with value: 0.27643075299009123 and parameters: {'learning_rate': 0.01471469677078276, 'depth': 13, 'l2_leaf_reg': 0.05526361449275527, 'min_child_samples': 32}. Best is trial 373 with value: 0.2713114523744478.
[I 2025-03-11 21:15:56,976] Trial 457 finished with value: 0.2755622504409349 and parameters: {'learning_rate': 0.014978314260638349, 'depth': 13, 'l2_leaf_reg': 0.18578256171143342, 'min_child_samples': 32}. Best is trial 373 with value: 0.2713114523744478.
[I 2025-03-11 21:16:04,056] Trial 458 finished with value: 0.2789792702939944 and parameters: {'learning_rate': 0.01948510999215423, 'depth': 13, 'l2_leaf_reg': 0.12061350020492316, 'min_child_samples': 1}. Best is trial 373 with value: 0.2713114523744478.
[I 2025-03-11 21:16:09,353] Trial 459 finished with value: 0.2768535652258845 and parameters: {'learning_rate': 0.014389336967322749, 'depth': 12, 'l2_leaf_reg': 2.5141030687795167, 'min_child_samples': 32}. Best is trial 373 with value: 0.2713114523744478.
[I 2025-03-11 21:16:16,440] Trial 460 finished with value: 0.2740233559049585 and parameters: {'learning_rate': 0.018897525302509835, 'depth': 13, 'l2_leaf_reg': 0.04569479404278143, 'min_child_samples': 32}. Best is trial 373 with value: 0.2713114523744478.
[I 2025-03-11 21:16:32,258] Trial 461 finished with value: 0.27740210967852297 and parameters: {'learning_rate': 0.0154008177730083, 'depth': 14, 'l2_leaf_reg': 0.10466391298150982, 'min_child_samples': 32}. Best is trial 373 with value: 0.2713114523744478.
[I 2025-03-11 21:16:40,262] Trial 462 finished with value: 0.27623589848502894 and parameters: {'learning_rate': 0.015035875817054964, 'depth': 13, 'l2_leaf_reg': 0.2246072814759609, 'min_child_samples': 32}. Best is trial 373 with value: 0.2713114523744478.
[I 2025-03-11 21:16:45,553] Trial 463 finished with value: 0.28036887759478035 and parameters: {'learning_rate': 0.01383589942730184, 'depth': 12, 'l2_leaf_reg': 0.17752427926933587, 'min_child_samples': 32}. Best is trial 373 with value: 0.2713114523744478.
[I 2025-03-11 21:16:54,316] Trial 464 finished with value: 0.27522171375134374 and parameters: {'learning_rate': 0.01445393044439957, 'depth': 13, 'l2_leaf_reg': 0.29005747551813765, 'min_child_samples': 32}. Best is trial 373 with value: 0.2713114523744478.
[I 2025-03-11 21:17:10,070] Trial 465 finished with value: 0.27549500337630617 and parameters: {'learning_rate': 0.01369361232327051, 'depth': 14, 'l2_leaf_reg': 0.001030853658119349, 'min_child_samples': 1}. Best is trial 373 with value: 0.2713114523744478.
[I 2025-03-11 21:17:19,066] Trial 466 finished with value: 0.2744747170639738 and parameters: {'learning_rate': 0.014155188909740397, 'depth': 13, 'l2_leaf_reg': 0.09860098119859835, 'min_child_samples': 32}. Best is trial 373 with value: 0.2713114523744478.
[I 2025-03-11 21:17:28,600] Trial 467 finished with value: 0.27281067959613725 and parameters: {'learning_rate': 0.015545392164589512, 'depth': 13, 'l2_leaf_reg': 0.05008467245754669, 'min_child_samples': 32}. Best is trial 373 with value: 0.2713114523744478.
[I 2025-03-11 21:17:30,594] Trial 468 finished with value: 0.29997200795170226 and parameters: {'learning_rate': 0.015636660342334397, 'depth': 7, 'l2_leaf_reg': 0.07077290706458782, 'min_child_samples': 32}. Best is trial 373 with value: 0.2713114523744478.
[I 2025-03-11 21:17:35,319] Trial 469 finished with value: 0.28191343713774336 and parameters: {'learning_rate': 0.016059570658533487, 'depth': 12, 'l2_leaf_reg': 0.04833689612068237, 'min_child_samples': 32}. Best is trial 373 with value: 0.2713114523744478.
[I 2025-03-11 21:17:44,112] Trial 470 finished with value: 0.27714031318441706 and parameters: {'learning_rate': 0.015183738354304453, 'depth': 13, 'l2_leaf_reg': 0.14716372674614236, 'min_child_samples': 32}. Best is trial 373 with value: 0.2713114523744478.
[I 2025-03-11 21:18:00,165] Trial 471 finished with value: 0.27796976114426064 and parameters: {'learning_rate': 0.015661562661315874, 'depth': 14, 'l2_leaf_reg': 0.10978559214439892, 'min_child_samples': 16}. Best is trial 373 with value: 0.2713114523744478.
[I 2025-03-11 21:18:08,892] Trial 472 finished with value: 0.2766198563744931 and parameters: {'learning_rate': 0.01464195028970553, 'depth': 13, 'l2_leaf_reg': 0.04922432041457448, 'min_child_samples': 1}. Best is trial 373 with value: 0.2713114523744478.
[I 2025-03-11 21:18:16,680] Trial 473 finished with value: 0.27728653702867123 and parameters: {'learning_rate': 0.014890099209122681, 'depth': 13, 'l2_leaf_reg': 0.007061497090355522, 'min_child_samples': 32}. Best is trial 373 with value: 0.2713114523744478.
[I 2025-03-11 21:18:26,110] Trial 474 finished with value: 0.27338605845232933 and parameters: {'learning_rate': 0.0153909219246813, 'depth': 13, 'l2_leaf_reg': 0.2103463312132093, 'min_child_samples': 32}. Best is trial 373 with value: 0.2713114523744478.
[I 2025-03-11 21:18:34,729] Trial 475 finished with value: 0.27533768319692353 and parameters: {'learning_rate': 0.015644961377285854, 'depth': 13, 'l2_leaf_reg': 0.22240517578358668, 'min_child_samples': 32}. Best is trial 373 with value: 0.2713114523744478.
[I 2025-03-11 21:18:50,313] Trial 476 finished with value: 0.27756322040974585 and parameters: {'learning_rate': 0.01610026114391516, 'depth': 14, 'l2_leaf_reg': 0.2825850383906956, 'min_child_samples': 32}. Best is trial 373 with value: 0.2713114523744478.
[I 2025-03-11 21:18:55,373] Trial 477 finished with value: 0.2802121641884135 and parameters: {'learning_rate': 0.015348767075542752, 'depth': 12, 'l2_leaf_reg': 0.17496869273022939, 'min_child_samples': 32}. Best is trial 373 with value: 0.2713114523744478.
[I 2025-03-11 21:19:03,590] Trial 478 finished with value: 0.27484467568731746 and parameters: {'learning_rate': 0.01517568438150652, 'depth': 13, 'l2_leaf_reg': 1.9966610751241332, 'min_child_samples': 32}. Best is trial 373 with value: 0.2713114523744478.
[I 2025-03-11 21:19:09,353] Trial 479 finished with value: 0.2785982188418706 and parameters: {'learning_rate': 0.01502031210696977, 'depth': 12, 'l2_leaf_reg': 0.1517754285524447, 'min_child_samples': 32}. Best is trial 373 with value: 0.2713114523744478.
[I 2025-03-11 21:19:17,934] Trial 480 finished with value: 0.27361610042107576 and parameters: {'learning_rate': 0.014651531278849026, 'depth': 13, 'l2_leaf_reg': 0.35776908149704356, 'min_child_samples': 32}. Best is trial 373 with value: 0.2713114523744478.
[I 2025-03-11 21:19:47,001] Trial 481 finished with value: 0.283691226325892 and parameters: {'learning_rate': 0.01583092188945375, 'depth': 15, 'l2_leaf_reg': 0.23288420501967716, 'min_child_samples': 32}. Best is trial 373 with value: 0.2713114523744478.
[I 2025-03-11 21:19:49,624] Trial 482 finished with value: 0.29017890566447185 and parameters: {'learning_rate': 0.015395394503469922, 'depth': 9, 'l2_leaf_reg': 0.11291068706843822, 'min_child_samples': 32}. Best is trial 373 with value: 0.2713114523744478.
[I 2025-03-11 21:19:58,609] Trial 483 finished with value: 0.2731084489013191 and parameters: {'learning_rate': 0.014459674596090615, 'depth': 13, 'l2_leaf_reg': 0.0028710339513123018, 'min_child_samples': 32}. Best is trial 373 with value: 0.2713114523744478.
[I 2025-03-11 21:20:07,677] Trial 484 finished with value: 0.27509284507029447 and parameters: {'learning_rate': 0.014261074105357362, 'depth': 13, 'l2_leaf_reg': 0.006310658179126578, 'min_child_samples': 32}. Best is trial 373 with value: 0.2713114523744478.
[I 2025-03-11 21:20:16,906] Trial 485 finished with value: 0.2760438996842726 and parameters: {'learning_rate': 0.014925546498137184, 'depth': 13, 'l2_leaf_reg': 0.056477090066133516, 'min_child_samples': 32}. Best is trial 373 with value: 0.2713114523744478.
[I 2025-03-11 21:20:32,629] Trial 486 finished with value: 0.2789162429246598 and parameters: {'learning_rate': 0.014388754208651015, 'depth': 14, 'l2_leaf_reg': 0.004146004618843388, 'min_child_samples': 32}. Best is trial 373 with value: 0.2713114523744478.
[I 2025-03-11 21:20:41,112] Trial 487 finished with value: 0.27586799261271067 and parameters: {'learning_rate': 0.014863286063681886, 'depth': 13, 'l2_leaf_reg': 0.179295308758056, 'min_child_samples': 32}. Best is trial 373 with value: 0.2713114523744478.
[I 2025-03-11 21:20:50,178] Trial 488 finished with value: 0.2731925082173566 and parameters: {'learning_rate': 0.014513622563717687, 'depth': 13, 'l2_leaf_reg': 0.1013770442383483, 'min_child_samples': 32}. Best is trial 373 with value: 0.2713114523744478.
[I 2025-03-11 21:20:55,337] Trial 489 finished with value: 0.27871616724368686 and parameters: {'learning_rate': 0.014584537412857297, 'depth': 12, 'l2_leaf_reg': 0.11539861694620145, 'min_child_samples': 32}. Best is trial 373 with value: 0.2713114523744478.
[I 2025-03-11 21:21:04,347] Trial 490 finished with value: 0.2756701688332906 and parameters: {'learning_rate': 0.01551288974306257, 'depth': 13, 'l2_leaf_reg': 0.2827620149747241, 'min_child_samples': 32}. Best is trial 373 with value: 0.2713114523744478.
[I 2025-03-11 21:21:13,447] Trial 491 finished with value: 0.2722713461318474 and parameters: {'learning_rate': 0.01404940354928436, 'depth': 13, 'l2_leaf_reg': 0.20848745542626912, 'min_child_samples': 32}. Best is trial 373 with value: 0.2713114523744478.
[I 2025-03-11 21:21:22,205] Trial 492 finished with value: 0.2753746304828782 and parameters: {'learning_rate': 0.014049385066497723, 'depth': 13, 'l2_leaf_reg': 0.00013820654289845719, 'min_child_samples': 32}. Best is trial 373 with value: 0.2713114523744478.
[I 2025-03-11 21:21:37,810] Trial 493 finished with value: 0.27566936295320826 and parameters: {'learning_rate': 0.014194912860723894, 'depth': 14, 'l2_leaf_reg': 0.0943438654211955, 'min_child_samples': 32}. Best is trial 373 with value: 0.2713114523744478.
[I 2025-03-11 21:21:43,178] Trial 494 finished with value: 0.28087653339297625 and parameters: {'learning_rate': 0.014526436961354427, 'depth': 12, 'l2_leaf_reg': 0.1594704658174679, 'min_child_samples': 32}. Best is trial 373 with value: 0.2713114523744478.
[I 2025-03-11 21:21:51,807] Trial 495 finished with value: 0.2749622930560651 and parameters: {'learning_rate': 0.01393629467660886, 'depth': 13, 'l2_leaf_reg': 0.06506941789350071, 'min_child_samples': 32}. Best is trial 373 with value: 0.2713114523744478.
[I 2025-03-11 21:22:07,303] Trial 496 finished with value: 0.27851734606644196 and parameters: {'learning_rate': 0.014720468040365092, 'depth': 14, 'l2_leaf_reg': 0.11597026658678466, 'min_child_samples': 32}. Best is trial 373 with value: 0.2713114523744478.
[I 2025-03-11 21:22:16,494] Trial 497 finished with value: 0.2764486584517039 and parameters: {'learning_rate': 0.014200748007718767, 'depth': 13, 'l2_leaf_reg': 0.22881811423585013, 'min_child_samples': 32}. Best is trial 373 with value: 0.2713114523744478.
[I 2025-03-11 21:22:21,859] Trial 498 finished with value: 0.2816312692919476 and parameters: {'learning_rate': 0.013697671904399411, 'depth': 12, 'l2_leaf_reg': 0.3259553854267857, 'min_child_samples': 32}. Best is trial 373 with value: 0.2713114523744478.
[I 2025-03-11 21:22:31,240] Trial 499 finished with value: 0.27307578525042425 and parameters: {'learning_rate': 0.014542091870784124, 'depth': 13, 'l2_leaf_reg': 0.05133163273807223, 'min_child_samples': 32}. Best is trial 373 with value: 0.2713114523744478.
2025-03-11 21:22:31,240 - __main__ - INFO - Best RMSE: 0.2713
2025-03-11 21:22:31,240 - __main__ - INFO - Best parameters: {'learning_rate': 0.01442378058674281, 'depth': 13, 'l2_leaf_reg': 0.11674119356381607, 'min_child_samples': 4}
2025-03-11 21:22:31,240 - __main__ - INFO - Starting c_delta_y optimization...
2025-03-11 21:22:31,241 - __main__ - INFO - Starting hyperparameter optimization for c_delta_y
[I 2025-03-11 21:22:31,241] A new study created in memory with name: catboost-c_delta_y-seed42
[I 2025-03-11 21:23:08,253] Trial 0 finished with value: 2.032712758343898 and parameters: {'learning_rate': 0.00805594350410268, 'depth': 16, 'l2_leaf_reg': 2.279162947382794, 'min_child_samples': 4}. Best is trial 0 with value: 2.032712758343898.
[I 2025-03-11 21:23:09,349] Trial 1 finished with value: 2.019824891390778 and parameters: {'learning_rate': 0.016727417496626984, 'depth': 5, 'l2_leaf_reg': 2.2341861430080225, 'min_child_samples': 32}. Best is trial 1 with value: 2.019824891390778.
[I 2025-03-11 21:23:12,641] Trial 2 finished with value: 2.0074053219662784 and parameters: {'learning_rate': 0.015282797883921367, 'depth': 12, 'l2_leaf_reg': 2.7560057816122634, 'min_child_samples': 16}. Best is trial 2 with value: 2.0074053219662784.
[I 2025-03-11 21:23:16,861] Trial 3 finished with value: 2.0120920602988313 and parameters: {'learning_rate': 0.017556054487056213, 'depth': 13, 'l2_leaf_reg': 1.6974127649010664, 'min_child_samples': 32}. Best is trial 2 with value: 2.0074053219662784.
[I 2025-03-11 21:23:54,096] Trial 4 finished with value: 2.0302333447125522 and parameters: {'learning_rate': 0.00801252717789277, 'depth': 16, 'l2_leaf_reg': 0.4016322425621289, 'min_child_samples': 16}. Best is trial 2 with value: 2.0074053219662784.
