[I 2025-03-19 18:37:53,544] Trial 156 finished with value: 0.6974597868624325 and parameters: {'learning_rate': 0.01781300471317993, 'depth': 12, 'l2_leaf_reg': 0.0001923168424884181, 'min_child_samples': 16}. Best is trial 128 with value: 0.6959877737563093.
[I 2025-03-19 18:38:17,661] Trial 157 finished with value: 0.8852209236278008 and parameters: {'learning_rate': 0.017751760140236952, 'depth': 13, 'l2_leaf_reg': 0.0696373655594521, 'min_child_samples': 16}. Best is trial 128 with value: 0.6959877737563093.
[I 2025-03-19 18:38:49,680] Trial 158 finished with value: 0.9593860632056163 and parameters: {'learning_rate': 0.018063942814777488, 'depth': 12, 'l2_leaf_reg': 0.18806237287874086, 'min_child_samples': 16}. Best is trial 128 with value: 0.6959877737563093.
[I 2025-03-19 18:39:14,741] Trial 159 finished with value: 0.9471871017670793 and parameters: {'learning_rate': 0.017352563974066395, 'depth': 13, 'l2_leaf_reg': 0.12314026204959742, 'min_child_samples': 16}. Best is trial 128 with value: 0.6959877737563093.
[I 2025-03-19 18:39:35,712] Trial 160 finished with value: 0.8668639575571103 and parameters: {'learning_rate': 0.016471946069106062, 'depth': 12, 'l2_leaf_reg': 0.06223754743150266, 'min_child_samples': 16}. Best is trial 128 with value: 0.6959877737563093.
[I 2025-03-19 18:40:01,685] Trial 161 finished with value: 0.722610338325747 and parameters: {'learning_rate': 0.018205757548178412, 'depth': 13, 'l2_leaf_reg': 0.007965184224067298, 'min_child_samples': 16}. Best is trial 128 with value: 0.6959877737563093.
[I 2025-03-19 18:40:26,261] Trial 162 finished with value: 0.6958864675493829 and parameters: {'learning_rate': 0.01823566598743985, 'depth': 13, 'l2_leaf_reg': 0.0011324897104919875, 'min_child_samples': 16}. Best is trial 162 with value: 0.6958864675493829.
[I 2025-03-19 18:40:55,494] Trial 163 finished with value: 0.8842680165225645 and parameters: {'learning_rate': 0.017756302783068112, 'depth': 13, 'l2_leaf_reg': 0.06972784666401671, 'min_child_samples': 16}. Best is trial 162 with value: 0.6958864675493829.
[I 2025-03-19 18:41:25,268] Trial 164 finished with value: 0.972326055119002 and parameters: {'learning_rate': 0.016891184439406917, 'depth': 13, 'l2_leaf_reg': 0.15239916754744406, 'min_child_samples': 16}. Best is trial 162 with value: 0.6958864675493829.
[I 2025-03-19 18:41:48,754] Trial 165 finished with value: 0.6961905758926338 and parameters: {'learning_rate': 0.018493916814314032, 'depth': 13, 'l2_leaf_reg': 0.0008470330983892179, 'min_child_samples': 16}. Best is trial 162 with value: 0.6958864675493829.
[I 2025-03-19 18:42:16,899] Trial 166 finished with value: 0.9215498573480233 and parameters: {'learning_rate': 0.018581725401083486, 'depth': 13, 'l2_leaf_reg': 0.10213693832305851, 'min_child_samples': 16}. Best is trial 162 with value: 0.6958864675493829.
[I 2025-03-19 18:42:38,818] Trial 167 finished with value: 0.6960073898137117 and parameters: {'learning_rate': 0.019626050405208886, 'depth': 13, 'l2_leaf_reg': 0.001207978967717857, 'min_child_samples': 16}. Best is trial 162 with value: 0.6958864675493829.
[I 2025-03-19 18:42:58,087] Trial 168 finished with value: 0.9615703793440936 and parameters: {'learning_rate': 0.01953979699625793, 'depth': 13, 'l2_leaf_reg': 0.2080888353525949, 'min_child_samples': 16}. Best is trial 162 with value: 0.6958864675493829.
[I 2025-03-19 18:43:13,326] Trial 169 finished with value: 0.8742074023562558 and parameters: {'learning_rate': 0.019472468786229966, 'depth': 13, 'l2_leaf_reg': 0.06699487806662302, 'min_child_samples': 16}. Best is trial 162 with value: 0.6958864675493829.
[I 2025-03-19 18:43:28,700] Trial 170 finished with value: 0.6881875973832855 and parameters: {'learning_rate': 0.0199870636374559, 'depth': 13, 'l2_leaf_reg': 0.0008718101055206376, 'min_child_samples': 16}. Best is trial 170 with value: 0.6881875973832855.
[I 2025-03-19 18:43:43,250] Trial 171 finished with value: 0.6989827727909559 and parameters: {'learning_rate': 0.01995879253839916, 'depth': 13, 'l2_leaf_reg': 0.0018758522472395738, 'min_child_samples': 16}. Best is trial 170 with value: 0.6881875973832855.
[I 2025-03-19 18:43:53,551] Trial 172 finished with value: 0.9283865235126646 and parameters: {'learning_rate': 0.019969527710836522, 'depth': 13, 'l2_leaf_reg': 0.13042545300820502, 'min_child_samples': 16}. Best is trial 170 with value: 0.6881875973832855.
[I 2025-03-19 18:44:03,830] Trial 173 finished with value: 0.8710982789666026 and parameters: {'learning_rate': 0.019219139369853273, 'depth': 13, 'l2_leaf_reg': 0.06408973104647601, 'min_child_samples': 16}. Best is trial 170 with value: 0.6881875973832855.
[I 2025-03-19 18:44:13,507] Trial 174 finished with value: 1.2638825993245006 and parameters: {'learning_rate': 0.019974182471009756, 'depth': 13, 'l2_leaf_reg': 1.9779363828920984, 'min_child_samples': 16}. Best is trial 170 with value: 0.6881875973832855.
[I 2025-03-19 18:44:31,276] Trial 175 finished with value: 0.717001094039564 and parameters: {'learning_rate': 0.019697340949160657, 'depth': 14, 'l2_leaf_reg': 0.0037908940141721365, 'min_child_samples': 16}. Best is trial 170 with value: 0.6881875973832855.
[I 2025-03-19 18:44:52,018] Trial 176 finished with value: 0.9536076900566675 and parameters: {'learning_rate': 0.019574925662341487, 'depth': 14, 'l2_leaf_reg': 0.12021844629570534, 'min_child_samples': 16}. Best is trial 170 with value: 0.6881875973832855.
[I 2025-03-19 18:45:12,680] Trial 177 finished with value: 0.8728594318679571 and parameters: {'learning_rate': 0.019175464143313375, 'depth': 14, 'l2_leaf_reg': 0.06513218725963944, 'min_child_samples': 16}. Best is trial 170 with value: 0.6881875973832855.
[I 2025-03-19 18:45:35,265] Trial 178 finished with value: 0.9618988040538653 and parameters: {'learning_rate': 0.019623656508503694, 'depth': 14, 'l2_leaf_reg': 0.17365278851169313, 'min_child_samples': 16}. Best is trial 170 with value: 0.6881875973832855.
[I 2025-03-19 18:45:50,568] Trial 179 finished with value: 1.3243655364704483 and parameters: {'learning_rate': 0.01887117433881027, 'depth': 12, 'l2_leaf_reg': 2.63348123070984, 'min_child_samples': 16}. Best is trial 170 with value: 0.6881875973832855.
[I 2025-03-19 18:46:12,794] Trial 180 finished with value: 0.8662533908811407 and parameters: {'learning_rate': 0.019157754011355943, 'depth': 13, 'l2_leaf_reg': 0.060100847009596545, 'min_child_samples': 16}. Best is trial 170 with value: 0.6881875973832855.
[I 2025-03-19 18:46:42,412] Trial 181 finished with value: 0.6910937775826059 and parameters: {'learning_rate': 0.019980469645147315, 'depth': 13, 'l2_leaf_reg': 0.0012657831602805726, 'min_child_samples': 16}. Best is trial 170 with value: 0.6881875973832855.
[I 2025-03-19 18:47:19,666] Trial 182 finished with value: 1.1843095688752456 and parameters: {'learning_rate': 0.01990938506406645, 'depth': 13, 'l2_leaf_reg': 1.2725653440799873, 'min_child_samples': 16}. Best is trial 170 with value: 0.6881875973832855.
[I 2025-03-19 18:47:43,830] Trial 183 finished with value: 0.8854480698658113 and parameters: {'learning_rate': 0.01949831748801218, 'depth': 13, 'l2_leaf_reg': 0.06891364939905162, 'min_child_samples': 16}. Best is trial 170 with value: 0.6881875973832855.
[I 2025-03-19 18:48:24,275] Trial 184 finished with value: 0.7581855672568553 and parameters: {'learning_rate': 0.01996329352666124, 'depth': 14, 'l2_leaf_reg': 0.008878598664783405, 'min_child_samples': 16}. Best is trial 170 with value: 0.6881875973832855.
[I 2025-03-19 18:48:45,506] Trial 185 finished with value: 0.6939612461316196 and parameters: {'learning_rate': 0.018520147911758385, 'depth': 12, 'l2_leaf_reg': 0.00019115931235265393, 'min_child_samples': 16}. Best is trial 170 with value: 0.6881875973832855.
[I 2025-03-19 18:49:08,037] Trial 186 finished with value: 0.8934441882392216 and parameters: {'learning_rate': 0.018773514697744326, 'depth': 12, 'l2_leaf_reg': 0.112087631228566, 'min_child_samples': 16}. Best is trial 170 with value: 0.6881875973832855.
[I 2025-03-19 18:49:28,161] Trial 187 finished with value: 0.9321884664810909 and parameters: {'learning_rate': 0.01848158404025503, 'depth': 12, 'l2_leaf_reg': 0.16529868119892016, 'min_child_samples': 8}. Best is trial 170 with value: 0.6881875973832855.
[I 2025-03-19 18:49:51,953] Trial 188 finished with value: 0.8723698677076078 and parameters: {'learning_rate': 0.0183911476621758, 'depth': 13, 'l2_leaf_reg': 0.06482439175236561, 'min_child_samples': 16}. Best is trial 170 with value: 0.6881875973832855.
[I 2025-03-19 18:50:12,032] Trial 189 finished with value: 0.7032230842468976 and parameters: {'learning_rate': 0.017812668498732562, 'depth': 12, 'l2_leaf_reg': 0.0027365546059041337, 'min_child_samples': 16}. Best is trial 170 with value: 0.6881875973832855.
[I 2025-03-19 18:50:29,088] Trial 190 finished with value: 0.9122969507154632 and parameters: {'learning_rate': 0.01774431822884913, 'depth': 12, 'l2_leaf_reg': 0.11946683145175943, 'min_child_samples': 16}. Best is trial 170 with value: 0.6881875973832855.
[I 2025-03-19 18:50:42,778] Trial 191 finished with value: 0.8431314641903334 and parameters: {'learning_rate': 0.017403111397118753, 'depth': 12, 'l2_leaf_reg': 0.05522894373005088, 'min_child_samples': 16}. Best is trial 170 with value: 0.6881875973832855.
[I 2025-03-19 18:51:02,915] Trial 192 finished with value: 0.6941956082219785 and parameters: {'learning_rate': 0.019150006926681413, 'depth': 13, 'l2_leaf_reg': 0.0017353408162866777, 'min_child_samples': 16}. Best is trial 170 with value: 0.6881875973832855.
[I 2025-03-19 18:51:16,467] Trial 193 finished with value: 0.8241852405889282 and parameters: {'learning_rate': 0.01935171649053947, 'depth': 12, 'l2_leaf_reg': 0.057744457287309266, 'min_child_samples': 16}. Best is trial 170 with value: 0.6881875973832855.
[I 2025-03-19 18:51:30,160] Trial 194 finished with value: 0.9305525299828684 and parameters: {'learning_rate': 0.018945081186979296, 'depth': 13, 'l2_leaf_reg': 0.11210374157176022, 'min_child_samples': 16}. Best is trial 170 with value: 0.6881875973832855.
[I 2025-03-19 18:51:36,883] Trial 195 finished with value: 0.7136277261877183 and parameters: {'learning_rate': 0.017951915320951757, 'depth': 12, 'l2_leaf_reg': 0.00480442624928612, 'min_child_samples': 16}. Best is trial 170 with value: 0.6881875973832855.
[I 2025-03-19 18:51:43,463] Trial 196 finished with value: 0.6989430996183139 and parameters: {'learning_rate': 0.018230192076621087, 'depth': 12, 'l2_leaf_reg': 0.00151080422113912, 'min_child_samples': 16}. Best is trial 170 with value: 0.6881875973832855.
[I 2025-03-19 18:51:49,855] Trial 197 finished with value: 0.88311896735072 and parameters: {'learning_rate': 0.01912353763874683, 'depth': 12, 'l2_leaf_reg': 0.10159981100416095, 'min_child_samples': 16}. Best is trial 170 with value: 0.6881875973832855.
[I 2025-03-19 18:51:56,558] Trial 198 finished with value: 0.7044384142313843 and parameters: {'learning_rate': 0.01836022418086632, 'depth': 12, 'l2_leaf_reg': 0.002844734391924365, 'min_child_samples': 16}. Best is trial 170 with value: 0.6881875973832855.
[I 2025-03-19 18:52:04,807] Trial 199 finished with value: 0.9448695110010518 and parameters: {'learning_rate': 0.018404029191461148, 'depth': 12, 'l2_leaf_reg': 0.1740675337483329, 'min_child_samples': 16}. Best is trial 170 with value: 0.6881875973832855.
2025-03-19 18:52:04,807 - __main__ - INFO - Best RMSE: 0.6882
2025-03-19 18:52:04,807 - __main__ - INFO - Best parameters: {'learning_rate': 0.0199870636374559, 'depth': 13, 'l2_leaf_reg': 0.0008718101055206376, 'min_child_samples': 16}
2025-03-19 18:52:04,807 - __main__ - INFO - {'learning_rate': 0.0199870636374559, 'depth': 13, 'l2_leaf_reg': 0.0008718101055206376, 'min_child_samples': 16, 'grow_policy': 'SymmetricTree', 'iterations': 500, 'use_best_model': True, 'eval_metric': 'RMSE', 'loss_function': 'RMSE', 'od_type': 'iter', 'od_wait': 20, 'task_type': 'GPU', 'random_state': 42, 'logging_level': 'Silent'}
2025-03-19 18:52:04,807 - __main__ - INFO - Training final models...
2025-03-19 18:52:05,150 - __main__ - INFO - Training models for all target variables
2025-03-19 18:52:05,210 - __main__ - INFO - Training model for c_delta_y
2025-03-19 18:52:11,869 - __main__ - INFO - Training model for c_delta_z
2025-03-19 18:53:15,251 - __main__ - INFO - Training model for c_std_y
2025-03-19 18:53:35,020 - __main__ - INFO - Training model for c_std_z
2025-03-19 18:53:49,925 - __main__ - INFO - Saving models...
2025-03-19 18:53:53,376 - __main__ - INFO - Model for c_delta_y saved to ./outputs_19_03_2025/models/catboost_c_delta_y.cbm
2025-03-19 18:58:20,670 - __main__ - INFO - Model for c_delta_z saved to ./outputs_19_03_2025/models/catboost_c_delta_z.cbm
2025-03-19 18:58:26,427 - __main__ - INFO - Model for c_std_y saved to ./outputs_19_03_2025/models/catboost_c_std_y.cbm
2025-03-19 18:58:28,931 - __main__ - INFO - Model for c_std_z saved to ./outputs_19_03_2025/models/catboost_c_std_z.cbm
2025-03-19 18:58:29,572 - __main__ - INFO - Target preprocessor saved to ./outputs_19_03_2025/models/target_preprocessor.pkl
2025-03-19 18:58:29,572 - __main__ - INFO - Evaluating models...
2025-03-19 18:58:45,142 - __main__ - INFO - c_delta_y - RMSE: 28.9516, R²: 0.0107
2025-03-19 18:58:45,146 - __main__ - INFO - c_delta_z - RMSE: 31.4078, R²: 0.5703
2025-03-19 18:58:45,149 - __main__ - INFO - c_std_y - RMSE: 36.4133, R²: 0.5832
2025-03-19 18:58:45,151 - __main__ - INFO - c_std_z - RMSE: 13.7763, R²: 0.9174
2025-03-19 18:59:02,572 - __main__ - INFO - Pipeline completed successfully!
(2312849, 11) (2312849, 4)
Split shapes: train: X(1340101, 11), y(1340101, 4), test: X(459344, 11), y(459344, 4), valid: X(366729, 11), y(366729, 4), eval: X(146675, 11), y(146675, 4)
                mse        r2      rmse
c_delta_z  0.108524  0.675653  0.329430
c_delta_y  4.818885  0.057595  2.195196
c_std_z    0.037377  0.961954  0.193332
c_std_y    0.529219  0.815115  0.727475
                   mse        r2       rmse
c_delta_z   986.451286  0.570281  31.407822
c_delta_y   838.194676  0.010735  28.951592
c_std_z     189.786985  0.917377  13.776320
c_std_y    1325.927064  0.583173  36.413281
