[I 2025-03-19 17:48:53,646] Trial 189 finished with value: 0.20746143478655385 and parameters: {'learning_rate': 0.017428310597395358, 'depth': 11, 'l2_leaf_reg': 0.06574027299649914, 'min_child_samples': 1}. Best is trial 182 with value: 0.1951503768156919.
[I 2025-03-19 17:49:02,296] Trial 190 finished with value: 0.2158000697609675 and parameters: {'learning_rate': 0.01704049608695902, 'depth': 10, 'l2_leaf_reg': 0.16164361666480162, 'min_child_samples': 1}. Best is trial 182 with value: 0.1951503768156919.
[I 2025-03-19 17:49:12,203] Trial 191 finished with value: 0.19656624736687053 and parameters: {'learning_rate': 0.018294880256718077, 'depth': 10, 'l2_leaf_reg': 0.001547169305647866, 'min_child_samples': 1}. Best is trial 182 with value: 0.1951503768156919.
[I 2025-03-19 17:49:19,880] Trial 192 finished with value: 0.1969571007383955 and parameters: {'learning_rate': 0.018305443500267953, 'depth': 10, 'l2_leaf_reg': 0.0007154888537311945, 'min_child_samples': 1}. Best is trial 182 with value: 0.1951503768156919.
[I 2025-03-19 17:49:25,121] Trial 193 finished with value: 0.20675558037157382 and parameters: {'learning_rate': 0.018244983535212794, 'depth': 11, 'l2_leaf_reg': 0.06189471346879359, 'min_child_samples': 1}. Best is trial 182 with value: 0.1951503768156919.
[I 2025-03-19 17:49:29,093] Trial 194 finished with value: 0.19597734514850834 and parameters: {'learning_rate': 0.01776541556828249, 'depth': 10, 'l2_leaf_reg': 0.00040002549660889315, 'min_child_samples': 1}. Best is trial 182 with value: 0.1951503768156919.
[I 2025-03-19 17:49:33,206] Trial 195 finished with value: 0.292376046127605 and parameters: {'learning_rate': 0.017820666669618204, 'depth': 10, 'l2_leaf_reg': 2.4539937742562046, 'min_child_samples': 1}. Best is trial 182 with value: 0.1951503768156919.
[I 2025-03-19 17:49:37,663] Trial 196 finished with value: 0.20996620594540105 and parameters: {'learning_rate': 0.01835726970053516, 'depth': 10, 'l2_leaf_reg': 0.0986807313431742, 'min_child_samples': 1}. Best is trial 182 with value: 0.1951503768156919.
[I 2025-03-19 17:49:41,943] Trial 197 finished with value: 0.24407231611298338 and parameters: {'learning_rate': 0.00663816911051773, 'depth': 10, 'l2_leaf_reg': 0.05532577959018578, 'min_child_samples': 8}. Best is trial 182 with value: 0.1951503768156919.
[I 2025-03-19 17:49:47,717] Trial 198 finished with value: 0.21383412796494644 and parameters: {'learning_rate': 0.0192046307985801, 'depth': 11, 'l2_leaf_reg': 0.11683583683198, 'min_child_samples': 1}. Best is trial 182 with value: 0.1951503768156919.
[I 2025-03-19 17:49:51,541] Trial 199 finished with value: 0.24591103716021104 and parameters: {'learning_rate': 0.018081402900781807, 'depth': 10, 'l2_leaf_reg': 0.9364971985352748, 'min_child_samples': 32}. Best is trial 182 with value: 0.1951503768156919.
2025-03-19 17:49:51,542 - __main__ - INFO - Best RMSE: 0.1952
2025-03-19 17:49:51,542 - __main__ - INFO - Best parameters: {'learning_rate': 0.017630170709521407, 'depth': 11, 'l2_leaf_reg': 0.0031196079838634754, 'min_child_samples': 1}
2025-03-19 17:49:51,542 - __main__ - INFO - {'learning_rate': 0.017630170709521407, 'depth': 11, 'l2_leaf_reg': 0.0031196079838634754, 'min_child_samples': 1, 'grow_policy': 'SymmetricTree', 'iterations': 500, 'use_best_model': True, 'eval_metric': 'RMSE', 'loss_function': 'RMSE', 'od_type': 'iter', 'od_wait': 20, 'task_type': 'GPU', 'random_state': 42, 'logging_level': 'Silent'}
2025-03-19 17:49:51,542 - __main__ - INFO - Starting c_std_y optimization...
2025-03-19 17:49:51,676 - __main__ - INFO - Starting hyperparameter optimization for c_std_y
[I 2025-03-19 17:49:51,676] A new study created in memory with name: catboost-c_std_y-seed42
[I 2025-03-19 17:50:02,405] Trial 0 finished with value: 1.8976419095519386 and parameters: {'learning_rate': 0.005078324509844082, 'depth': 13, 'l2_leaf_reg': 2.452711847928115, 'min_child_samples': 1}. Best is trial 0 with value: 1.8976419095519386.
[I 2025-03-19 17:51:07,069] Trial 1 finished with value: 1.294684415045543 and parameters: {'learning_rate': 0.012254231449223567, 'depth': 16, 'l2_leaf_reg': 0.9398985503687517, 'min_child_samples': 1}. Best is trial 1 with value: 1.294684415045543.
[I 2025-03-19 17:51:20,024] Trial 2 finished with value: 3.1879186320930426 and parameters: {'learning_rate': 0.0001452326665591672, 'depth': 12, 'l2_leaf_reg': 2.5298388378210594, 'min_child_samples': 8}. Best is trial 1 with value: 1.294684415045543.
[I 2025-03-19 17:51:33,182] Trial 3 finished with value: 1.500850193389124 and parameters: {'learning_rate': 0.005859675994848092, 'depth': 5, 'l2_leaf_reg': 0.614523845259281, 'min_child_samples': 16}. Best is trial 1 with value: 1.294684415045543.
[I 2025-03-19 17:51:49,287] Trial 4 finished with value: 1.822165425715559 and parameters: {'learning_rate': 0.004352690301544175, 'depth': 8, 'l2_leaf_reg': 2.8333076479708885, 'min_child_samples': 16}. Best is trial 1 with value: 1.294684415045543.
[I 2025-03-19 17:52:09,974] Trial 5 finished with value: 1.427270216400239 and parameters: {'learning_rate': 0.010197843548554603, 'depth': 7, 'l2_leaf_reg': 2.5116340924782947, 'min_child_samples': 32}. Best is trial 1 with value: 1.294684415045543.
[I 2025-03-19 17:52:27,408] Trial 6 finished with value: 1.7446561654785164 and parameters: {'learning_rate': 0.003245036915071177, 'depth': 8, 'l2_leaf_reg': 0.9240568897494421, 'min_child_samples': 8}. Best is trial 1 with value: 1.294684415045543.
[I 2025-03-19 17:52:43,773] Trial 7 finished with value: 1.453668038841992 and parameters: {'learning_rate': 0.008421336045535278, 'depth': 8, 'l2_leaf_reg': 1.9188634560607565, 'min_child_samples': 32}. Best is trial 1 with value: 1.294684415045543.
[I 2025-03-19 17:53:02,271] Trial 8 finished with value: 1.9465815531894861 and parameters: {'learning_rate': 0.0035759504962731125, 'depth': 12, 'l2_leaf_reg': 1.621430523687839, 'min_child_samples': 8}. Best is trial 1 with value: 1.294684415045543.
[I 2025-03-19 17:54:47,528] Trial 9 finished with value: 1.2855104447021932 and parameters: {'learning_rate': 0.011088804653914324, 'depth': 16, 'l2_leaf_reg': 0.7636963180426845, 'min_child_samples': 4}. Best is trial 9 with value: 1.2855104447021932.
[I 2025-03-19 17:55:03,620] Trial 10 finished with value: 1.6995296152641537 and parameters: {'learning_rate': 0.016808945841412574, 'depth': 2, 'l2_leaf_reg': 0.11826835621867837, 'min_child_samples': 4}. Best is trial 9 with value: 1.2855104447021932.
[I 2025-03-19 17:56:14,967] Trial 11 finished with value: 1.2642828149699514 and parameters: {'learning_rate': 0.013912549572539807, 'depth': 16, 'l2_leaf_reg': 0.9675504643117969, 'min_child_samples': 4}. Best is trial 11 with value: 1.2642828149699514.
[I 2025-03-19 17:57:14,982] Trial 12 finished with value: 1.274848888004538 and parameters: {'learning_rate': 0.015514739413774868, 'depth': 16, 'l2_leaf_reg': 1.2331917521272164, 'min_child_samples': 4}. Best is trial 11 with value: 1.2642828149699514.
[I 2025-03-19 17:57:31,700] Trial 13 finished with value: 1.2460313077711191 and parameters: {'learning_rate': 0.016586688322618923, 'depth': 14, 'l2_leaf_reg': 1.2721057958026654, 'min_child_samples': 4}. Best is trial 13 with value: 1.2460313077711191.
[I 2025-03-19 17:57:43,492] Trial 14 finished with value: 1.2240416837605383 and parameters: {'learning_rate': 0.019821489858388604, 'depth': 13, 'l2_leaf_reg': 1.5936973225995064, 'min_child_samples': 4}. Best is trial 14 with value: 1.2240416837605383.
[I 2025-03-19 17:57:57,930] Trial 15 finished with value: 1.2592457965928439 and parameters: {'learning_rate': 0.01990819936280578, 'depth': 13, 'l2_leaf_reg': 1.9133477087519615, 'min_child_samples': 4}. Best is trial 14 with value: 1.2240416837605383.
[I 2025-03-19 17:58:05,200] Trial 16 finished with value: 1.2130465168648525 and parameters: {'learning_rate': 0.019743006109919532, 'depth': 11, 'l2_leaf_reg': 1.6141787330381319, 'min_child_samples': 4}. Best is trial 16 with value: 1.2130465168648525.
[I 2025-03-19 17:58:10,065] Trial 17 finished with value: 1.227857205736345 and parameters: {'learning_rate': 0.019629950057961157, 'depth': 10, 'l2_leaf_reg': 1.8460947532870233, 'min_child_samples': 4}. Best is trial 16 with value: 1.2130465168648525.
[I 2025-03-19 17:58:15,033] Trial 18 finished with value: 1.2102208068225087 and parameters: {'learning_rate': 0.01824310365172942, 'depth': 10, 'l2_leaf_reg': 1.4506445112511537, 'min_child_samples': 4}. Best is trial 18 with value: 1.2102208068225087.
[I 2025-03-19 17:58:19,287] Trial 19 finished with value: 1.38150209433516 and parameters: {'learning_rate': 0.017607399239290576, 'depth': 5, 'l2_leaf_reg': 2.0838091673710117, 'min_child_samples': 1}. Best is trial 18 with value: 1.2102208068225087.
[I 2025-03-19 17:58:25,846] Trial 20 finished with value: 1.1016840015520974 and parameters: {'learning_rate': 0.013959680787812075, 'depth': 10, 'l2_leaf_reg': 0.3842549212056392, 'min_child_samples': 16}. Best is trial 20 with value: 1.1016840015520974.
[I 2025-03-19 17:58:31,488] Trial 21 finished with value: 0.8396930654272019 and parameters: {'learning_rate': 0.014646784883702886, 'depth': 10, 'l2_leaf_reg': 0.007860324699671961, 'min_child_samples': 16}. Best is trial 21 with value: 0.8396930654272019.
[I 2025-03-19 17:58:37,560] Trial 22 finished with value: 0.9794391763541777 and parameters: {'learning_rate': 0.013483340147645516, 'depth': 10, 'l2_leaf_reg': 0.09615919071726592, 'min_child_samples': 16}. Best is trial 21 with value: 0.8396930654272019.
[I 2025-03-19 17:58:43,075] Trial 23 finished with value: 1.0136861863591975 and parameters: {'learning_rate': 0.013501905263589981, 'depth': 10, 'l2_leaf_reg': 0.14140581345707248, 'min_child_samples': 16}. Best is trial 21 with value: 0.8396930654272019.
[I 2025-03-19 17:58:47,386] Trial 24 finished with value: 1.248174461210694 and parameters: {'learning_rate': 0.01353780286707589, 'depth': 6, 'l2_leaf_reg': 0.07791992627586104, 'min_child_samples': 16}. Best is trial 21 with value: 0.8396930654272019.
[I 2025-03-19 17:58:54,098] Trial 25 finished with value: 1.265288736840457 and parameters: {'learning_rate': 0.007899436353967223, 'depth': 10, 'l2_leaf_reg': 0.39240301110144915, 'min_child_samples': 16}. Best is trial 21 with value: 0.8396930654272019.
[I 2025-03-19 17:58:59,647] Trial 26 finished with value: 1.0933991498199847 and parameters: {'learning_rate': 0.015025823657781446, 'depth': 9, 'l2_leaf_reg': 0.3225939051037859, 'min_child_samples': 16}. Best is trial 21 with value: 0.8396930654272019.
[I 2025-03-19 17:59:04,212] Trial 27 finished with value: 1.5728294043194295 and parameters: {'learning_rate': 0.012047281631915197, 'depth': 3, 'l2_leaf_reg': 0.021941561688138295, 'min_child_samples': 16}. Best is trial 21 with value: 0.8396930654272019.
[I 2025-03-19 17:59:13,284] Trial 28 finished with value: 1.0990132041122416 and parameters: {'learning_rate': 0.012507206561370889, 'depth': 11, 'l2_leaf_reg': 0.282292853038443, 'min_child_samples': 16}. Best is trial 21 with value: 0.8396930654272019.
[I 2025-03-19 17:59:36,884] Trial 29 finished with value: 1.3201554985164914 and parameters: {'learning_rate': 0.008645709954648823, 'depth': 14, 'l2_leaf_reg': 0.5936865451798561, 'min_child_samples': 16}. Best is trial 21 with value: 0.8396930654272019.
[I 2025-03-19 17:59:51,945] Trial 30 finished with value: 1.140749911729604 and parameters: {'learning_rate': 0.01507739705780133, 'depth': 9, 'l2_leaf_reg': 0.5262462141099629, 'min_child_samples': 16}. Best is trial 21 with value: 0.8396930654272019.
[I 2025-03-19 18:00:08,258] Trial 31 finished with value: 1.0661446528841467 and parameters: {'learning_rate': 0.015463108898885115, 'depth': 9, 'l2_leaf_reg': 0.2437243107104638, 'min_child_samples': 16}. Best is trial 21 with value: 0.8396930654272019.
[I 2025-03-19 18:00:27,072] Trial 32 finished with value: 0.9823960491572874 and parameters: {'learning_rate': 0.015849879199295487, 'depth': 11, 'l2_leaf_reg': 0.18537709759558338, 'min_child_samples': 16}. Best is trial 21 with value: 0.8396930654272019.
[I 2025-03-19 18:00:44,230] Trial 33 finished with value: 0.8244666101271351 and parameters: {'learning_rate': 0.012717491954988223, 'depth': 11, 'l2_leaf_reg': 0.014868404216853454, 'min_child_samples': 1}. Best is trial 33 with value: 0.8244666101271351.
[I 2025-03-19 18:01:03,846] Trial 34 finished with value: 1.2453973628202664 and parameters: {'learning_rate': 0.011564418806429874, 'depth': 12, 'l2_leaf_reg': 0.7558925769496279, 'min_child_samples': 1}. Best is trial 33 with value: 0.8244666101271351.
[I 2025-03-19 18:01:33,730] Trial 35 finished with value: 0.8077952000268721 and parameters: {'learning_rate': 0.010382314218176975, 'depth': 11, 'l2_leaf_reg': 0.0019468156947966934, 'min_child_samples': 1}. Best is trial 35 with value: 0.8077952000268721.
[I 2025-03-19 18:01:52,208] Trial 36 finished with value: 1.2403154690535938 and parameters: {'learning_rate': 0.009917517978539524, 'depth': 12, 'l2_leaf_reg': 0.5127912693012775, 'min_child_samples': 1}. Best is trial 35 with value: 0.8077952000268721.
[I 2025-03-19 18:02:07,994] Trial 37 finished with value: 1.253485746990582 and parameters: {'learning_rate': 0.006999202432693637, 'depth': 7, 'l2_leaf_reg': 0.014506928766751859, 'min_child_samples': 1}. Best is trial 35 with value: 0.8077952000268721.
[I 2025-03-19 18:02:45,939] Trial 38 finished with value: 0.7756720913217449 and parameters: {'learning_rate': 0.010365356912640306, 'depth': 14, 'l2_leaf_reg': 0.0022846637569907888, 'min_child_samples': 1}. Best is trial 38 with value: 0.7756720913217449.
[I 2025-03-19 18:03:22,769] Trial 39 finished with value: 1.6347003490970566 and parameters: {'learning_rate': 0.01028974595216068, 'depth': 14, 'l2_leaf_reg': 2.967736617955444, 'min_child_samples': 1}. Best is trial 38 with value: 0.7756720913217449.
[I 2025-03-19 18:04:03,500] Trial 40 finished with value: 1.3243659694709875 and parameters: {'learning_rate': 0.009389314658236026, 'depth': 15, 'l2_leaf_reg': 0.7162207585480973, 'min_child_samples': 1}. Best is trial 38 with value: 0.7756720913217449.
[I 2025-03-19 18:04:13,122] Trial 41 finished with value: 0.7980889895625284 and parameters: {'learning_rate': 0.012804279701616331, 'depth': 11, 'l2_leaf_reg': 0.005964275125714673, 'min_child_samples': 1}. Best is trial 38 with value: 0.7756720913217449.
[I 2025-03-19 18:04:24,059] Trial 42 finished with value: 0.7858314435959445 and parameters: {'learning_rate': 0.011008123619989913, 'depth': 12, 'l2_leaf_reg': 0.0065136482177733475, 'min_child_samples': 1}. Best is trial 38 with value: 0.7756720913217449.
[I 2025-03-19 18:04:39,808] Trial 43 finished with value: 1.2055217976771333 and parameters: {'learning_rate': 0.010905990615367926, 'depth': 13, 'l2_leaf_reg': 0.46001440415412975, 'min_child_samples': 1}. Best is trial 38 with value: 0.7756720913217449.
[I 2025-03-19 18:04:52,896] Trial 44 finished with value: 1.3447786327717661 and parameters: {'learning_rate': 0.005788178067306345, 'depth': 12, 'l2_leaf_reg': 0.2442646785548592, 'min_child_samples': 1}. Best is trial 38 with value: 0.7756720913217449.
[I 2025-03-19 18:05:22,052] Trial 45 finished with value: 2.494020522535803 and parameters: {'learning_rate': 0.0013471434223389957, 'depth': 15, 'l2_leaf_reg': 0.9727840884548885, 'min_child_samples': 1}. Best is trial 38 with value: 0.7756720913217449.
[I 2025-03-19 18:05:26,747] Trial 46 finished with value: 1.053284366381226 and parameters: {'learning_rate': 0.012672922718352027, 'depth': 11, 'l2_leaf_reg': 0.20649785583455682, 'min_child_samples': 32}. Best is trial 38 with value: 0.7756720913217449.
[I 2025-03-19 18:05:58,510] Trial 47 finished with value: 1.3315927029876158 and parameters: {'learning_rate': 0.007405422521067612, 'depth': 15, 'l2_leaf_reg': 0.38504270998330903, 'min_child_samples': 1}. Best is trial 38 with value: 0.7756720913217449.
[I 2025-03-19 18:06:09,680] Trial 48 finished with value: 1.5575979054566669 and parameters: {'learning_rate': 0.00939128859985656, 'depth': 13, 'l2_leaf_reg': 2.227632843811814, 'min_child_samples': 8}. Best is trial 38 with value: 0.7756720913217449.
[I 2025-03-19 18:06:30,553] Trial 49 finished with value: 1.2424701401733453 and parameters: {'learning_rate': 0.011076800094650934, 'depth': 14, 'l2_leaf_reg': 0.6172577039917309, 'min_child_samples': 1}. Best is trial 38 with value: 0.7756720913217449.
[I 2025-03-19 18:06:40,678] Trial 50 finished with value: 1.257675363715701 and parameters: {'learning_rate': 0.012039760408819804, 'depth': 12, 'l2_leaf_reg': 0.8756913897801, 'min_child_samples': 1}. Best is trial 38 with value: 0.7756720913217449.
[I 2025-03-19 18:06:48,247] Trial 51 finished with value: 0.7732935526584905 and parameters: {'learning_rate': 0.014246914220468409, 'depth': 11, 'l2_leaf_reg': 0.0035541615828557343, 'min_child_samples': 1}. Best is trial 51 with value: 0.7732935526584905.
[I 2025-03-19 18:07:01,021] Trial 52 finished with value: 1.0032501830027352 and parameters: {'learning_rate': 0.013006461455618488, 'depth': 11, 'l2_leaf_reg': 0.1404274636691469, 'min_child_samples': 1}. Best is trial 51 with value: 0.7732935526584905.
[I 2025-03-19 18:07:16,851] Trial 53 finished with value: 0.7523877544066621 and parameters: {'learning_rate': 0.010430306848489125, 'depth': 13, 'l2_leaf_reg': 0.0014764806843596597, 'min_child_samples': 1}. Best is trial 53 with value: 0.7523877544066621.
[I 2025-03-19 18:07:39,920] Trial 54 finished with value: 1.5598336789701346 and parameters: {'learning_rate': 0.010611478013708934, 'depth': 13, 'l2_leaf_reg': 2.6786951720500176, 'min_child_samples': 1}. Best is trial 53 with value: 0.7523877544066621.
[I 2025-03-19 18:08:02,404] Trial 55 finished with value: 1.203744969662864 and parameters: {'learning_rate': 0.009210385095848782, 'depth': 13, 'l2_leaf_reg': 0.32182663778998216, 'min_child_samples': 32}. Best is trial 53 with value: 0.7523877544066621.
[I 2025-03-19 18:08:33,531] Trial 56 finished with value: 1.0741916928664388 and parameters: {'learning_rate': 0.011388307774767154, 'depth': 14, 'l2_leaf_reg': 0.11928502606922195, 'min_child_samples': 1}. Best is trial 53 with value: 0.7523877544066621.
[I 2025-03-19 18:08:52,629] Trial 57 finished with value: 1.18241169892965 and parameters: {'learning_rate': 0.008517546812864027, 'depth': 12, 'l2_leaf_reg': 0.22853310731576296, 'min_child_samples': 1}. Best is trial 53 with value: 0.7523877544066621.
[I 2025-03-19 18:09:08,274] Trial 58 finished with value: 1.169084953528951 and parameters: {'learning_rate': 0.014377708801566049, 'depth': 8, 'l2_leaf_reg': 0.44544042471607187, 'min_child_samples': 8}. Best is trial 53 with value: 0.7523877544066621.
[I 2025-03-19 18:09:54,856] Trial 59 finished with value: 1.3933471436983305 and parameters: {'learning_rate': 0.009863490050803983, 'depth': 15, 'l2_leaf_reg': 1.1287720306823206, 'min_child_samples': 1}. Best is trial 53 with value: 0.7523877544066621.
[I 2025-03-19 18:10:17,133] Trial 60 finished with value: 1.248074374885364 and parameters: {'learning_rate': 0.006764470935964172, 'depth': 13, 'l2_leaf_reg': 0.14470473747657916, 'min_child_samples': 1}. Best is trial 53 with value: 0.7523877544066621.
[I 2025-03-19 18:10:35,555] Trial 61 finished with value: 0.8797513137021401 and parameters: {'learning_rate': 0.011828215630092842, 'depth': 11, 'l2_leaf_reg': 0.030767754906409876, 'min_child_samples': 1}. Best is trial 53 with value: 0.7523877544066621.
[I 2025-03-19 18:10:56,180] Trial 62 finished with value: 0.8399585242585245 and parameters: {'learning_rate': 0.01304369491070812, 'depth': 12, 'l2_leaf_reg': 0.02646590691109413, 'min_child_samples': 1}. Best is trial 53 with value: 0.7523877544066621.
[I 2025-03-19 18:11:13,238] Trial 63 finished with value: 1.1471660679603832 and parameters: {'learning_rate': 0.010772220266516204, 'depth': 11, 'l2_leaf_reg': 0.30701619661419594, 'min_child_samples': 1}. Best is trial 53 with value: 0.7523877544066621.
[I 2025-03-19 18:11:31,140] Trial 64 finished with value: 0.9986653365089381 and parameters: {'learning_rate': 0.01403667699001956, 'depth': 12, 'l2_leaf_reg': 0.14156076143817312, 'min_child_samples': 1}. Best is trial 53 with value: 0.7523877544066621.
[I 2025-03-19 18:11:47,496] Trial 65 finished with value: 0.7625564719787296 and parameters: {'learning_rate': 0.01651856958629178, 'depth': 11, 'l2_leaf_reg': 0.006615687607940243, 'min_child_samples': 1}. Best is trial 53 with value: 0.7523877544066621.
[I 2025-03-19 18:12:00,270] Trial 66 finished with value: 1.0730941864237629 and parameters: {'learning_rate': 0.016308778291891184, 'depth': 9, 'l2_leaf_reg': 0.3027836259228065, 'min_child_samples': 32}. Best is trial 53 with value: 0.7523877544066621.
[I 2025-03-19 18:12:07,346] Trial 67 finished with value: 1.8278321544845602 and parameters: {'learning_rate': 0.017414650090742077, 'depth': 1, 'l2_leaf_reg': 0.10490657864799528, 'min_child_samples': 8}. Best is trial 53 with value: 0.7523877544066621.
[I 2025-03-19 18:12:14,262] Trial 68 finished with value: 0.7861995251687299 and parameters: {'learning_rate': 0.01834304000828369, 'depth': 10, 'l2_leaf_reg': 0.0012565821053189727, 'min_child_samples': 1}. Best is trial 53 with value: 0.7523877544066621.
[I 2025-03-19 18:12:21,358] Trial 69 finished with value: 0.987397902822695 and parameters: {'learning_rate': 0.01828746514833236, 'depth': 10, 'l2_leaf_reg': 0.20520255685041458, 'min_child_samples': 1}. Best is trial 53 with value: 0.7523877544066621.
[I 2025-03-19 18:12:34,453] Trial 70 finished with value: 1.0636756842021473 and parameters: {'learning_rate': 0.018946483077124116, 'depth': 9, 'l2_leaf_reg': 0.39547314599057937, 'min_child_samples': 1}. Best is trial 53 with value: 0.7523877544066621.
