[I 2025-03-19 16:54:47,995] Trial 136 finished with value: 2.118640536459241 and parameters: {'learning_rate': 0.015981229090658987, 'depth': 9, 'l2_leaf_reg': 2.791431905465354, 'min_child_samples': 4}. Best is trial 50 with value: 2.1102624006124526.
[I 2025-03-19 16:54:50,702] Trial 137 finished with value: 2.116270981547282 and parameters: {'learning_rate': 0.015267171594831923, 'depth': 7, 'l2_leaf_reg': 2.515033110231014, 'min_child_samples': 4}. Best is trial 50 with value: 2.1102624006124526.
[I 2025-03-19 16:54:53,734] Trial 138 finished with value: 2.1133554318279204 and parameters: {'learning_rate': 0.013268972183684039, 'depth': 8, 'l2_leaf_reg': 2.5873164597759195, 'min_child_samples': 4}. Best is trial 50 with value: 2.1102624006124526.
[I 2025-03-19 16:54:57,118] Trial 139 finished with value: 2.2148827648065676 and parameters: {'learning_rate': 0.002705001407179145, 'depth': 9, 'l2_leaf_reg': 2.709371700683799, 'min_child_samples': 16}. Best is trial 50 with value: 2.1102624006124526.
[I 2025-03-19 16:55:00,417] Trial 140 finished with value: 2.1131544268925877 and parameters: {'learning_rate': 0.013966168087883977, 'depth': 8, 'l2_leaf_reg': 2.477959918849425, 'min_child_samples': 4}. Best is trial 50 with value: 2.1102624006124526.
[I 2025-03-19 16:55:03,167] Trial 141 finished with value: 2.1140792970901123 and parameters: {'learning_rate': 0.015537213784965915, 'depth': 8, 'l2_leaf_reg': 2.547129581393718, 'min_child_samples': 4}. Best is trial 50 with value: 2.1102624006124526.
[I 2025-03-19 16:55:06,703] Trial 142 finished with value: 2.112172433151358 and parameters: {'learning_rate': 0.01465898617136938, 'depth': 8, 'l2_leaf_reg': 2.824856935523613, 'min_child_samples': 4}. Best is trial 50 with value: 2.1102624006124526.
[I 2025-03-19 16:55:09,960] Trial 143 finished with value: 2.111625278406639 and parameters: {'learning_rate': 0.01473257625148517, 'depth': 8, 'l2_leaf_reg': 2.926536593641168, 'min_child_samples': 4}. Best is trial 50 with value: 2.1102624006124526.
[I 2025-03-19 16:55:14,524] Trial 144 finished with value: 2.1197953535076537 and parameters: {'learning_rate': 0.014834930541520958, 'depth': 7, 'l2_leaf_reg': 2.9325249361799863, 'min_child_samples': 4}. Best is trial 50 with value: 2.1102624006124526.
[I 2025-03-19 16:55:23,489] Trial 145 finished with value: 2.111171116348521 and parameters: {'learning_rate': 0.01457008084365148, 'depth': 8, 'l2_leaf_reg': 2.8410138999392647, 'min_child_samples': 8}. Best is trial 50 with value: 2.1102624006124526.
[I 2025-03-19 16:55:34,114] Trial 146 finished with value: 2.1200884344109108 and parameters: {'learning_rate': 0.014553294479594076, 'depth': 9, 'l2_leaf_reg': 2.840830214928598, 'min_child_samples': 4}. Best is trial 50 with value: 2.1102624006124526.
[I 2025-03-19 16:55:38,726] Trial 147 finished with value: 2.1166779677746703 and parameters: {'learning_rate': 0.016247515292923287, 'depth': 7, 'l2_leaf_reg': 2.894385286913539, 'min_child_samples': 8}. Best is trial 50 with value: 2.1102624006124526.
[I 2025-03-19 16:55:43,191] Trial 148 finished with value: 2.111017611584591 and parameters: {'learning_rate': 0.015158951667647724, 'depth': 8, 'l2_leaf_reg': 2.7997702716698636, 'min_child_samples': 8}. Best is trial 50 with value: 2.1102624006124526.
[I 2025-03-19 16:55:49,051] Trial 149 finished with value: 2.1159796658181644 and parameters: {'learning_rate': 0.015009756244180961, 'depth': 9, 'l2_leaf_reg': 2.7859361901394415, 'min_child_samples': 8}. Best is trial 50 with value: 2.1102624006124526.
[I 2025-03-19 16:55:54,855] Trial 150 finished with value: 2.1094298729424152 and parameters: {'learning_rate': 0.01567767009867369, 'depth': 8, 'l2_leaf_reg': 2.998223710346619, 'min_child_samples': 8}. Best is trial 150 with value: 2.1094298729424152.
[I 2025-03-19 16:56:00,767] Trial 151 finished with value: 2.1122637032455382 and parameters: {'learning_rate': 0.015841843792580246, 'depth': 8, 'l2_leaf_reg': 2.9497557749323664, 'min_child_samples': 8}. Best is trial 150 with value: 2.1094298729424152.
[I 2025-03-19 16:56:05,827] Trial 152 finished with value: 2.1125182977013974 and parameters: {'learning_rate': 0.015814624645996377, 'depth': 8, 'l2_leaf_reg': 2.99549437134492, 'min_child_samples': 8}. Best is trial 150 with value: 2.1094298729424152.
[I 2025-03-19 16:56:10,765] Trial 153 finished with value: 2.110592203451665 and parameters: {'learning_rate': 0.0166583029404684, 'depth': 8, 'l2_leaf_reg': 2.921346111755776, 'min_child_samples': 8}. Best is trial 150 with value: 2.1094298729424152.
[I 2025-03-19 16:56:15,411] Trial 154 finished with value: 2.118054114214296 and parameters: {'learning_rate': 0.016756930612175733, 'depth': 7, 'l2_leaf_reg': 2.85775688303822, 'min_child_samples': 8}. Best is trial 150 with value: 2.1094298729424152.
[I 2025-03-19 16:56:20,277] Trial 155 finished with value: 2.111128572501092 and parameters: {'learning_rate': 0.01715663574834372, 'depth': 8, 'l2_leaf_reg': 2.901865680253039, 'min_child_samples': 8}. Best is trial 150 with value: 2.1094298729424152.
[I 2025-03-19 16:56:24,747] Trial 156 finished with value: 2.11318915561817 and parameters: {'learning_rate': 0.01732019484042871, 'depth': 8, 'l2_leaf_reg': 2.915640400714386, 'min_child_samples': 8}. Best is trial 150 with value: 2.1094298729424152.
[I 2025-03-19 16:56:29,822] Trial 157 finished with value: 2.1136322720294194 and parameters: {'learning_rate': 0.017823410523306715, 'depth': 9, 'l2_leaf_reg': 2.944888715343258, 'min_child_samples': 8}. Best is trial 150 with value: 2.1094298729424152.
[I 2025-03-19 16:56:34,022] Trial 158 finished with value: 2.1144433420437267 and parameters: {'learning_rate': 0.017202077688931974, 'depth': 8, 'l2_leaf_reg': 2.8658341428433154, 'min_child_samples': 8}. Best is trial 150 with value: 2.1094298729424152.
[I 2025-03-19 16:56:38,181] Trial 159 finished with value: 2.1197403782681183 and parameters: {'learning_rate': 0.0165345199587709, 'depth': 7, 'l2_leaf_reg': 2.995977185694796, 'min_child_samples': 8}. Best is trial 150 with value: 2.1094298729424152.
[I 2025-03-19 16:56:42,577] Trial 160 finished with value: 2.111207604420006 and parameters: {'learning_rate': 0.016257924048418488, 'depth': 8, 'l2_leaf_reg': 2.792587966893078, 'min_child_samples': 8}. Best is trial 150 with value: 2.1094298729424152.
[I 2025-03-19 16:56:48,124] Trial 161 finished with value: 2.111433468338264 and parameters: {'learning_rate': 0.01614456481166761, 'depth': 8, 'l2_leaf_reg': 2.7567553696232836, 'min_child_samples': 8}. Best is trial 150 with value: 2.1094298729424152.
[I 2025-03-19 16:56:53,935] Trial 162 finished with value: 2.1112137969857994 and parameters: {'learning_rate': 0.01641756026015735, 'depth': 8, 'l2_leaf_reg': 2.7478215862663413, 'min_child_samples': 8}. Best is trial 150 with value: 2.1094298729424152.
[I 2025-03-19 16:57:01,150] Trial 163 finished with value: 2.111390763130271 and parameters: {'learning_rate': 0.01685145366046912, 'depth': 8, 'l2_leaf_reg': 2.7590666546800025, 'min_child_samples': 8}. Best is trial 150 with value: 2.1094298729424152.
[I 2025-03-19 16:57:09,722] Trial 164 finished with value: 2.118475026117983 and parameters: {'learning_rate': 0.01764791354818849, 'depth': 9, 'l2_leaf_reg': 2.743725144613539, 'min_child_samples': 8}. Best is trial 150 with value: 2.1094298729424152.
[I 2025-03-19 16:57:22,439] Trial 165 finished with value: 2.1113558857233907 and parameters: {'learning_rate': 0.01696697076731455, 'depth': 8, 'l2_leaf_reg': 2.8028179866075704, 'min_child_samples': 8}. Best is trial 150 with value: 2.1094298729424152.
[I 2025-03-19 16:57:38,595] Trial 166 finished with value: 2.1098191289730335 and parameters: {'learning_rate': 0.016902789810066043, 'depth': 8, 'l2_leaf_reg': 2.7816037446169437, 'min_child_samples': 8}. Best is trial 150 with value: 2.1094298729424152.
[I 2025-03-19 16:57:53,316] Trial 167 finished with value: 2.1208723498120103 and parameters: {'learning_rate': 0.01686173190184014, 'depth': 7, 'l2_leaf_reg': 2.691946667138687, 'min_child_samples': 8}. Best is trial 150 with value: 2.1094298729424152.
[I 2025-03-19 16:58:11,599] Trial 168 finished with value: 2.1110621012118016 and parameters: {'learning_rate': 0.017164760359975873, 'depth': 9, 'l2_leaf_reg': 2.8092978937342044, 'min_child_samples': 8}. Best is trial 150 with value: 2.1094298729424152.
[I 2025-03-19 16:58:28,226] Trial 169 finished with value: 2.120119870305224 and parameters: {'learning_rate': 0.01832695483314502, 'depth': 10, 'l2_leaf_reg': 2.7401429337953984, 'min_child_samples': 8}. Best is trial 150 with value: 2.1094298729424152.
[I 2025-03-19 16:58:42,838] Trial 170 finished with value: 2.1134586496506267 and parameters: {'learning_rate': 0.017174937741440032, 'depth': 9, 'l2_leaf_reg': 2.812241471630769, 'min_child_samples': 8}. Best is trial 150 with value: 2.1094298729424152.
[I 2025-03-19 16:58:58,887] Trial 171 finished with value: 2.111486215444136 and parameters: {'learning_rate': 0.017690781839464705, 'depth': 8, 'l2_leaf_reg': 2.8182262004248853, 'min_child_samples': 8}. Best is trial 150 with value: 2.1094298729424152.
[I 2025-03-19 16:59:13,997] Trial 172 finished with value: 2.1121176624773 and parameters: {'learning_rate': 0.01753181422179701, 'depth': 8, 'l2_leaf_reg': 2.8109660542313555, 'min_child_samples': 8}. Best is trial 150 with value: 2.1094298729424152.
[I 2025-03-19 16:59:31,077] Trial 173 finished with value: 2.1122353205335367 and parameters: {'learning_rate': 0.016618798314437622, 'depth': 9, 'l2_leaf_reg': 2.680990940962608, 'min_child_samples': 8}. Best is trial 150 with value: 2.1094298729424152.
[I 2025-03-19 16:59:50,818] Trial 174 finished with value: 2.1154707047363375 and parameters: {'learning_rate': 0.01800447168526824, 'depth': 8, 'l2_leaf_reg': 2.752946552207112, 'min_child_samples': 8}. Best is trial 150 with value: 2.1094298729424152.
[I 2025-03-19 17:00:06,614] Trial 175 finished with value: 2.1139824052995055 and parameters: {'learning_rate': 0.019294824185368514, 'depth': 8, 'l2_leaf_reg': 2.852870337843992, 'min_child_samples': 8}. Best is trial 150 with value: 2.1094298729424152.
[I 2025-03-19 17:00:20,519] Trial 176 finished with value: 2.119906506820956 and parameters: {'learning_rate': 0.016288734261885082, 'depth': 7, 'l2_leaf_reg': 2.8210462478876828, 'min_child_samples': 8}. Best is trial 150 with value: 2.1094298729424152.
[I 2025-03-19 17:00:35,811] Trial 177 finished with value: 2.1168446746110816 and parameters: {'learning_rate': 0.01701529591127706, 'depth': 9, 'l2_leaf_reg': 1.4730375147762906, 'min_child_samples': 8}. Best is trial 150 with value: 2.1094298729424152.
[I 2025-03-19 17:00:48,981] Trial 178 finished with value: 2.1136718223677353 and parameters: {'learning_rate': 0.017629863687301118, 'depth': 8, 'l2_leaf_reg': 2.7358917123071227, 'min_child_samples': 8}. Best is trial 150 with value: 2.1094298729424152.
[I 2025-03-19 17:01:02,233] Trial 179 finished with value: 2.1136810389228344 and parameters: {'learning_rate': 0.0163660100688056, 'depth': 8, 'l2_leaf_reg': 2.868530055319097, 'min_child_samples': 8}. Best is trial 150 with value: 2.1094298729424152.
[I 2025-03-19 17:01:19,013] Trial 180 finished with value: 2.1104914108244537 and parameters: {'learning_rate': 0.017084928930227266, 'depth': 9, 'l2_leaf_reg': 2.770460595499829, 'min_child_samples': 8}. Best is trial 150 with value: 2.1094298729424152.
[I 2025-03-19 17:01:29,949] Trial 181 finished with value: 2.115364663294743 and parameters: {'learning_rate': 0.017124950368967957, 'depth': 9, 'l2_leaf_reg': 2.6502312482766843, 'min_child_samples': 8}. Best is trial 150 with value: 2.1094298729424152.
[I 2025-03-19 17:01:38,331] Trial 182 finished with value: 2.113037356969363 and parameters: {'learning_rate': 0.01683070257073316, 'depth': 9, 'l2_leaf_reg': 2.7945720536008194, 'min_child_samples': 8}. Best is trial 150 with value: 2.1094298729424152.
[I 2025-03-19 17:01:46,678] Trial 183 finished with value: 2.115639762274624 and parameters: {'learning_rate': 0.01802801117531005, 'depth': 8, 'l2_leaf_reg': 2.7079374776133975, 'min_child_samples': 8}. Best is trial 150 with value: 2.1094298729424152.
[I 2025-03-19 17:01:57,282] Trial 184 finished with value: 2.1130224389323544 and parameters: {'learning_rate': 0.016613860833898004, 'depth': 9, 'l2_leaf_reg': 2.7794818082361257, 'min_child_samples': 8}. Best is trial 150 with value: 2.1094298729424152.
[I 2025-03-19 17:02:05,322] Trial 185 finished with value: 2.1107334176311072 and parameters: {'learning_rate': 0.01732547750032895, 'depth': 8, 'l2_leaf_reg': 2.868998093171051, 'min_child_samples': 8}. Best is trial 150 with value: 2.1094298729424152.
[I 2025-03-19 17:02:09,057] Trial 186 finished with value: 2.117280575889432 and parameters: {'learning_rate': 0.01734103373245984, 'depth': 7, 'l2_leaf_reg': 1.6852479020384543, 'min_child_samples': 8}. Best is trial 150 with value: 2.1094298729424152.
[I 2025-03-19 17:02:13,194] Trial 187 finished with value: 2.1205011440690305 and parameters: {'learning_rate': 0.016110938945365083, 'depth': 10, 'l2_leaf_reg': 2.8706681718765035, 'min_child_samples': 8}. Best is trial 150 with value: 2.1094298729424152.
[I 2025-03-19 17:02:16,261] Trial 188 finished with value: 2.1116474039730173 and parameters: {'learning_rate': 0.015714588195280804, 'depth': 8, 'l2_leaf_reg': 2.65646678574991, 'min_child_samples': 8}. Best is trial 150 with value: 2.1094298729424152.
[I 2025-03-19 17:02:19,975] Trial 189 finished with value: 2.116276500898469 and parameters: {'learning_rate': 0.01661902260984675, 'depth': 9, 'l2_leaf_reg': 2.996766958181999, 'min_child_samples': 8}. Best is trial 150 with value: 2.1094298729424152.
[I 2025-03-19 17:02:23,435] Trial 190 finished with value: 2.1232436170520366 and parameters: {'learning_rate': 0.00946507848551824, 'depth': 8, 'l2_leaf_reg': 2.876031038295225, 'min_child_samples': 8}. Best is trial 150 with value: 2.1094298729424152.
[I 2025-03-19 17:02:26,673] Trial 191 finished with value: 2.1103213967148235 and parameters: {'learning_rate': 0.017568118114155047, 'depth': 8, 'l2_leaf_reg': 2.802745288893931, 'min_child_samples': 8}. Best is trial 150 with value: 2.1094298729424152.
[I 2025-03-19 17:02:29,854] Trial 192 finished with value: 2.1113664085959876 and parameters: {'learning_rate': 0.016945277470678408, 'depth': 8, 'l2_leaf_reg': 2.7426524521548252, 'min_child_samples': 8}. Best is trial 150 with value: 2.1094298729424152.
[I 2025-03-19 17:02:33,090] Trial 193 finished with value: 2.1147507675170423 and parameters: {'learning_rate': 0.017166892820767374, 'depth': 8, 'l2_leaf_reg': 2.7028096078188715, 'min_child_samples': 8}. Best is trial 150 with value: 2.1094298729424152.
[I 2025-03-19 17:02:37,001] Trial 194 finished with value: 2.1145615593850824 and parameters: {'learning_rate': 0.018538043971194358, 'depth': 8, 'l2_leaf_reg': 2.930119384618471, 'min_child_samples': 8}. Best is trial 150 with value: 2.1094298729424152.
[I 2025-03-19 17:02:41,190] Trial 195 finished with value: 2.1121208939861784 and parameters: {'learning_rate': 0.017494001067108515, 'depth': 8, 'l2_leaf_reg': 2.803851349198395, 'min_child_samples': 8}. Best is trial 150 with value: 2.1094298729424152.
[I 2025-03-19 17:02:47,216] Trial 196 finished with value: 2.111981519573136 and parameters: {'learning_rate': 0.016622908194188428, 'depth': 9, 'l2_leaf_reg': 2.8811400348883183, 'min_child_samples': 8}. Best is trial 150 with value: 2.1094298729424152.
[I 2025-03-19 17:02:51,620] Trial 197 finished with value: 2.1181431053664617 and parameters: {'learning_rate': 0.016935213019443934, 'depth': 7, 'l2_leaf_reg': 2.733189457830291, 'min_child_samples': 8}. Best is trial 150 with value: 2.1094298729424152.
[I 2025-03-19 17:02:56,929] Trial 198 finished with value: 2.1163016643816768 and parameters: {'learning_rate': 0.018144984936548383, 'depth': 8, 'l2_leaf_reg': 2.8353162545427364, 'min_child_samples': 8}. Best is trial 150 with value: 2.1094298729424152.
[I 2025-03-19 17:03:04,135] Trial 199 finished with value: 2.111426540709849 and parameters: {'learning_rate': 0.01634181648011916, 'depth': 8, 'l2_leaf_reg': 2.606442050354437, 'min_child_samples': 8}. Best is trial 150 with value: 2.1094298729424152.
2025-03-19 17:03:04,135 - __main__ - INFO - Best RMSE: 2.1094
2025-03-19 17:03:04,135 - __main__ - INFO - Best parameters: {'learning_rate': 0.01567767009867369, 'depth': 8, 'l2_leaf_reg': 2.998223710346619, 'min_child_samples': 8}
2025-03-19 17:03:04,135 - __main__ - INFO - {'learning_rate': 0.01567767009867369, 'depth': 8, 'l2_leaf_reg': 2.998223710346619, 'min_child_samples': 8, 'grow_policy': 'SymmetricTree', 'iterations': 500, 'use_best_model': True, 'eval_metric': 'RMSE', 'loss_function': 'RMSE', 'od_type': 'iter', 'od_wait': 20, 'task_type': 'GPU', 'random_state': 42, 'logging_level': 'Silent'}
2025-03-19 17:03:04,135 - __main__ - INFO - Starting c_std_z optimization...
2025-03-19 17:03:04,284 - __main__ - INFO - Starting hyperparameter optimization for c_std_z
[I 2025-03-19 17:03:04,285] A new study created in memory with name: catboost-c_std_z-seed42
[I 2025-03-19 17:03:12,783] Trial 0 finished with value: 0.27810540018934804 and parameters: {'learning_rate': 0.01630273232365338, 'depth': 11, 'l2_leaf_reg': 1.4361609536227795, 'min_child_samples': 1}. Best is trial 0 with value: 0.27810540018934804.
[I 2025-03-19 17:03:15,368] Trial 1 finished with value: 0.3341340698496272 and parameters: {'learning_rate': 0.01956804283667376, 'depth': 3, 'l2_leaf_reg': 2.2391407616824277, 'min_child_samples': 8}. Best is trial 0 with value: 0.27810540018934804.
[I 2025-03-19 17:03:28,238] Trial 2 finished with value: 0.323463891413079 and parameters: {'learning_rate': 0.018744724896445592, 'depth': 14, 'l2_leaf_reg': 2.4598396207335718, 'min_child_samples': 16}. Best is trial 0 with value: 0.27810540018934804.
[I 2025-03-19 17:03:38,082] Trial 3 finished with value: 0.29537959949878184 and parameters: {'learning_rate': 0.015433612749245592, 'depth': 12, 'l2_leaf_reg': 1.5151332244504654, 'min_child_samples': 8}. Best is trial 0 with value: 0.27810540018934804.
[I 2025-03-19 17:03:54,922] Trial 4 finished with value: 0.3081013964611052 and parameters: {'learning_rate': 0.011461209102638077, 'depth': 14, 'l2_leaf_reg': 0.8669969361138187, 'min_child_samples': 8}. Best is trial 0 with value: 0.27810540018934804.
[I 2025-03-19 17:04:04,459] Trial 5 finished with value: 0.40310421840101035 and parameters: {'learning_rate': 0.018121247032208136, 'depth': 2, 'l2_leaf_reg': 1.4488810806499473, 'min_child_samples': 8}. Best is trial 0 with value: 0.27810540018934804.
[I 2025-03-19 17:04:18,220] Trial 6 finished with value: 0.26663569957994365 and parameters: {'learning_rate': 0.008798982063905543, 'depth': 10, 'l2_leaf_reg': 0.36769049979134605, 'min_child_samples': 16}. Best is trial 6 with value: 0.26663569957994365.
[I 2025-03-19 17:04:36,905] Trial 7 finished with value: 0.24966186625577216 and parameters: {'learning_rate': 0.017705587799901275, 'depth': 10, 'l2_leaf_reg': 1.0194687890774734, 'min_child_samples': 32}. Best is trial 7 with value: 0.24966186625577216.
[I 2025-03-19 17:04:55,679] Trial 8 finished with value: 0.28742514138828634 and parameters: {'learning_rate': 0.013151837200314178, 'depth': 8, 'l2_leaf_reg': 1.8788236695349845, 'min_child_samples': 16}. Best is trial 7 with value: 0.24966186625577216.
[I 2025-03-19 17:05:13,415] Trial 9 finished with value: 0.6862333341912288 and parameters: {'learning_rate': 0.0020311274440238, 'depth': 8, 'l2_leaf_reg': 2.307352073879407, 'min_child_samples': 16}. Best is trial 7 with value: 0.24966186625577216.
[I 2025-03-19 17:05:30,553] Trial 10 finished with value: 0.3667228077596892 and parameters: {'learning_rate': 0.007294439031539521, 'depth': 5, 'l2_leaf_reg': 2.958037820640166, 'min_child_samples': 32}. Best is trial 7 with value: 0.24966186625577216.
[I 2025-03-19 17:05:50,326] Trial 11 finished with value: 0.2647251764780235 and parameters: {'learning_rate': 0.006991107278004694, 'depth': 10, 'l2_leaf_reg': 0.1740103248030458, 'min_child_samples': 4}. Best is trial 7 with value: 0.24966186625577216.
[I 2025-03-19 17:06:54,233] Trial 12 finished with value: 0.42020141191073185 and parameters: {'learning_rate': 0.0035911920431120213, 'depth': 16, 'l2_leaf_reg': 0.10763075361006591, 'min_child_samples': 4}. Best is trial 7 with value: 0.24966186625577216.
[I 2025-03-19 17:07:16,999] Trial 13 finished with value: 0.3514382967421102 and parameters: {'learning_rate': 0.005512600795939831, 'depth': 6, 'l2_leaf_reg': 0.7210261090048486, 'min_child_samples': 4}. Best is trial 7 with value: 0.24966186625577216.
[I 2025-03-19 17:07:36,149] Trial 14 finished with value: 0.27069644385149927 and parameters: {'learning_rate': 0.011088975192725562, 'depth': 9, 'l2_leaf_reg': 0.8595868604793903, 'min_child_samples': 32}. Best is trial 7 with value: 0.24966186625577216.
[I 2025-03-19 17:07:53,983] Trial 15 finished with value: 0.7969838151768793 and parameters: {'learning_rate': 0.000580588133526282, 'depth': 7, 'l2_leaf_reg': 0.0659261613516821, 'min_child_samples': 32}. Best is trial 7 with value: 0.24966186625577216.
[I 2025-03-19 17:08:14,219] Trial 16 finished with value: 0.36607577905863925 and parameters: {'learning_rate': 0.006231894374120411, 'depth': 12, 'l2_leaf_reg': 0.570822832074977, 'min_child_samples': 4}. Best is trial 7 with value: 0.24966186625577216.
[I 2025-03-19 17:08:38,051] Trial 17 finished with value: 0.3039622488952784 and parameters: {'learning_rate': 0.013577528477658456, 'depth': 14, 'l2_leaf_reg': 1.06066111517534, 'min_child_samples': 1}. Best is trial 7 with value: 0.24966186625577216.
[I 2025-03-19 17:08:57,083] Trial 18 finished with value: 0.3235088654883749 and parameters: {'learning_rate': 0.009756062449111053, 'depth': 4, 'l2_leaf_reg': 0.39014520025468835, 'min_child_samples': 4}. Best is trial 7 with value: 0.24966186625577216.
