[I 2025-03-19 17:09:11,526] Trial 19 finished with value: 0.4841610584302802 and parameters: {'learning_rate': 0.004110515468640146, 'depth': 10, 'l2_leaf_reg': 1.1662329155051208, 'min_child_samples': 32}. Best is trial 7 with value: 0.24966186625577216.
[I 2025-03-19 17:09:24,468] Trial 20 finished with value: 0.6375859722883627 and parameters: {'learning_rate': 0.007964669591677331, 'depth': 1, 'l2_leaf_reg': 0.35604552909569853, 'min_child_samples': 32}. Best is trial 7 with value: 0.24966186625577216.
[I 2025-03-19 17:09:33,757] Trial 21 finished with value: 0.2654677665865053 and parameters: {'learning_rate': 0.009056449908422743, 'depth': 10, 'l2_leaf_reg': 0.3942458560746571, 'min_child_samples': 16}. Best is trial 7 with value: 0.24966186625577216.
[I 2025-03-19 17:09:43,975] Trial 22 finished with value: 0.20605346084182768 and parameters: {'learning_rate': 0.013180603484696128, 'depth': 12, 'l2_leaf_reg': 0.0210032526720228, 'min_child_samples': 4}. Best is trial 22 with value: 0.20605346084182768.
[I 2025-03-19 17:09:59,804] Trial 23 finished with value: 0.20228123813756152 and parameters: {'learning_rate': 0.016642343972007104, 'depth': 12, 'l2_leaf_reg': 0.010955515945906408, 'min_child_samples': 4}. Best is trial 23 with value: 0.20228123813756152.
[I 2025-03-19 17:10:10,895] Trial 24 finished with value: 0.20694457693722207 and parameters: {'learning_rate': 0.0161868111854776, 'depth': 12, 'l2_leaf_reg': 0.03389604716614184, 'min_child_samples': 4}. Best is trial 23 with value: 0.20228123813756152.
[I 2025-03-19 17:11:11,031] Trial 25 finished with value: 0.2378393279768252 and parameters: {'learning_rate': 0.014948227764308236, 'depth': 16, 'l2_leaf_reg': 0.033447417554923115, 'min_child_samples': 4}. Best is trial 23 with value: 0.20228123813756152.
[I 2025-03-19 17:11:21,510] Trial 26 finished with value: 0.24936889653195293 and parameters: {'learning_rate': 0.01693249415190891, 'depth': 13, 'l2_leaf_reg': 0.5330022172187783, 'min_child_samples': 4}. Best is trial 23 with value: 0.20228123813756152.
[I 2025-03-19 17:11:28,814] Trial 27 finished with value: 0.26743153089488125 and parameters: {'learning_rate': 0.013567900448337968, 'depth': 12, 'l2_leaf_reg': 0.6684781579936259, 'min_child_samples': 4}. Best is trial 23 with value: 0.20228123813756152.
[I 2025-03-19 17:12:01,091] Trial 28 finished with value: 0.2550693186497147 and parameters: {'learning_rate': 0.012362541866752877, 'depth': 15, 'l2_leaf_reg': 0.17376051697126063, 'min_child_samples': 4}. Best is trial 23 with value: 0.20228123813756152.
[I 2025-03-19 17:12:16,752] Trial 29 finished with value: 0.1989422725188263 and parameters: {'learning_rate': 0.016198941098192948, 'depth': 12, 'l2_leaf_reg': 0.0002669336725501341, 'min_child_samples': 1}. Best is trial 29 with value: 0.1989422725188263.
[I 2025-03-19 17:12:38,100] Trial 30 finished with value: 0.2953523040646386 and parameters: {'learning_rate': 0.014898189814936432, 'depth': 13, 'l2_leaf_reg': 1.2574964535313213, 'min_child_samples': 1}. Best is trial 29 with value: 0.1989422725188263.
[I 2025-03-19 17:12:57,375] Trial 31 finished with value: 0.23062255520083225 and parameters: {'learning_rate': 0.01623287276394378, 'depth': 11, 'l2_leaf_reg': 0.29181168579410866, 'min_child_samples': 1}. Best is trial 29 with value: 0.1989422725188263.
[I 2025-03-19 17:13:22,246] Trial 32 finished with value: 0.20673695998441333 and parameters: {'learning_rate': 0.01662264439986868, 'depth': 13, 'l2_leaf_reg': 0.007939290912570531, 'min_child_samples': 1}. Best is trial 29 with value: 0.1989422725188263.
[I 2025-03-19 17:13:53,867] Trial 33 finished with value: 0.22814562532711663 and parameters: {'learning_rate': 0.019825800329060783, 'depth': 13, 'l2_leaf_reg': 0.1834523394623935, 'min_child_samples': 1}. Best is trial 29 with value: 0.1989422725188263.
[I 2025-03-19 17:14:27,842] Trial 34 finished with value: 0.30532610240547664 and parameters: {'learning_rate': 0.01869054394528764, 'depth': 15, 'l2_leaf_reg': 1.7261653508493164, 'min_child_samples': 1}. Best is trial 29 with value: 0.1989422725188263.
[I 2025-03-19 17:14:52,840] Trial 35 finished with value: 0.2476868945695278 and parameters: {'learning_rate': 0.014426040465090708, 'depth': 11, 'l2_leaf_reg': 0.5311181091950116, 'min_child_samples': 1}. Best is trial 29 with value: 0.1989422725188263.
[I 2025-03-19 17:15:29,914] Trial 36 finished with value: 0.23876804271336485 and parameters: {'learning_rate': 0.01707084017600016, 'depth': 14, 'l2_leaf_reg': 0.2424879942649101, 'min_child_samples': 1}. Best is trial 29 with value: 0.1989422725188263.
[I 2025-03-19 17:15:53,496] Trial 37 finished with value: 0.21539589375815035 and parameters: {'learning_rate': 0.011759462618642674, 'depth': 13, 'l2_leaf_reg': 0.028843661154985156, 'min_child_samples': 8}. Best is trial 29 with value: 0.1989422725188263.
[I 2025-03-19 17:16:26,680] Trial 38 finished with value: 0.2831910089337455 and parameters: {'learning_rate': 0.015734929327056408, 'depth': 15, 'l2_leaf_reg': 0.8377481783590279, 'min_child_samples': 1}. Best is trial 29 with value: 0.1989422725188263.
[I 2025-03-19 17:16:42,711] Trial 39 finished with value: 0.22607050827415365 and parameters: {'learning_rate': 0.018810672925508688, 'depth': 9, 'l2_leaf_reg': 0.4683910914800008, 'min_child_samples': 1}. Best is trial 29 with value: 0.1989422725188263.
[I 2025-03-19 17:16:58,639] Trial 40 finished with value: 0.3142597505722628 and parameters: {'learning_rate': 0.017667462734628776, 'depth': 11, 'l2_leaf_reg': 2.7512460259691105, 'min_child_samples': 8}. Best is trial 29 with value: 0.1989422725188263.
[I 2025-03-19 17:17:12,435] Trial 41 finished with value: 0.2337144883907343 and parameters: {'learning_rate': 0.01635417094568895, 'depth': 12, 'l2_leaf_reg': 0.25760919613358924, 'min_child_samples': 4}. Best is trial 29 with value: 0.1989422725188263.
[I 2025-03-19 17:17:23,964] Trial 42 finished with value: 0.20262377812245064 and parameters: {'learning_rate': 0.014014978826676523, 'depth': 12, 'l2_leaf_reg': 0.011543169520648214, 'min_child_samples': 4}. Best is trial 29 with value: 0.1989422725188263.
[I 2025-03-19 17:17:36,805] Trial 43 finished with value: 0.3356646027318793 and parameters: {'learning_rate': 0.014055203701941937, 'depth': 13, 'l2_leaf_reg': 1.985753410448362, 'min_child_samples': 4}. Best is trial 29 with value: 0.1989422725188263.
[I 2025-03-19 17:17:48,067] Trial 44 finished with value: 0.23579745405926628 and parameters: {'learning_rate': 0.012752179696156486, 'depth': 11, 'l2_leaf_reg': 0.25229697268266477, 'min_child_samples': 4}. Best is trial 29 with value: 0.1989422725188263.
[I 2025-03-19 17:18:07,306] Trial 45 finished with value: 0.2549972968050287 and parameters: {'learning_rate': 0.010924370676629025, 'depth': 14, 'l2_leaf_reg': 0.1439921493590334, 'min_child_samples': 1}. Best is trial 29 with value: 0.1989422725188263.
[I 2025-03-19 17:18:13,199] Trial 46 finished with value: 0.261137494350019 and parameters: {'learning_rate': 0.015302207164134279, 'depth': 12, 'l2_leaf_reg': 0.747663753302225, 'min_child_samples': 16}. Best is trial 29 with value: 0.1989422725188263.
[I 2025-03-19 17:18:16,699] Trial 47 finished with value: 0.1996569366927132 and parameters: {'learning_rate': 0.0181221866405431, 'depth': 9, 'l2_leaf_reg': 0.008913034349962209, 'min_child_samples': 4}. Best is trial 29 with value: 0.1989422725188263.
[I 2025-03-19 17:18:19,645] Trial 48 finished with value: 0.2301357934414783 and parameters: {'learning_rate': 0.018448004154721198, 'depth': 8, 'l2_leaf_reg': 0.44412666400454737, 'min_child_samples': 4}. Best is trial 29 with value: 0.1989422725188263.
[I 2025-03-19 17:18:22,726] Trial 49 finished with value: 0.24244624297706077 and parameters: {'learning_rate': 0.017788569051832508, 'depth': 7, 'l2_leaf_reg': 0.6574088343201117, 'min_child_samples': 4}. Best is trial 29 with value: 0.1989422725188263.
[I 2025-03-19 17:18:26,575] Trial 50 finished with value: 0.2197992906287231 and parameters: {'learning_rate': 0.019284531589338016, 'depth': 9, 'l2_leaf_reg': 0.291682482136155, 'min_child_samples': 4}. Best is trial 29 with value: 0.1989422725188263.
[I 2025-03-19 17:18:36,699] Trial 51 finished with value: 0.20390429464734308 and parameters: {'learning_rate': 0.017159480788900925, 'depth': 12, 'l2_leaf_reg': 0.024578645820126154, 'min_child_samples': 4}. Best is trial 29 with value: 0.1989422725188263.
[I 2025-03-19 17:18:45,630] Trial 52 finished with value: 0.21911362708190138 and parameters: {'learning_rate': 0.01740650611073851, 'depth': 11, 'l2_leaf_reg': 0.1446598208652366, 'min_child_samples': 4}. Best is trial 29 with value: 0.1989422725188263.
[I 2025-03-19 17:18:53,041] Trial 53 finished with value: 0.21979928306019939 and parameters: {'learning_rate': 0.015497530982279016, 'depth': 10, 'l2_leaf_reg': 0.1747995838076456, 'min_child_samples': 4}. Best is trial 29 with value: 0.1989422725188263.
[I 2025-03-19 17:19:00,667] Trial 54 finished with value: 0.2061613333716771 and parameters: {'learning_rate': 0.013804673923738808, 'depth': 12, 'l2_leaf_reg': 0.020434084328119474, 'min_child_samples': 4}. Best is trial 29 with value: 0.1989422725188263.
[I 2025-03-19 17:19:05,055] Trial 55 finished with value: 0.232105401328447 and parameters: {'learning_rate': 0.014318235459186725, 'depth': 9, 'l2_leaf_reg': 0.35477641460569576, 'min_child_samples': 4}. Best is trial 29 with value: 0.1989422725188263.
[I 2025-03-19 17:19:12,968] Trial 56 finished with value: 0.2203932589094291 and parameters: {'learning_rate': 0.015798065049119802, 'depth': 12, 'l2_leaf_reg': 0.10401186721542197, 'min_child_samples': 8}. Best is trial 29 with value: 0.1989422725188263.
[I 2025-03-19 17:19:17,312] Trial 57 finished with value: 0.242147360728217 and parameters: {'learning_rate': 0.01917094912408425, 'depth': 6, 'l2_leaf_reg': 0.30690349688348123, 'min_child_samples': 4}. Best is trial 29 with value: 0.1989422725188263.
[I 2025-03-19 17:19:23,732] Trial 58 finished with value: 0.2544544422995738 and parameters: {'learning_rate': 0.012179210504862972, 'depth': 10, 'l2_leaf_reg': 0.5766831838477993, 'min_child_samples': 4}. Best is trial 29 with value: 0.1989422725188263.
[I 2025-03-19 17:19:29,741] Trial 59 finished with value: 0.20799715495886706 and parameters: {'learning_rate': 0.010246456412665826, 'depth': 11, 'l2_leaf_reg': 0.011453939793172795, 'min_child_samples': 16}. Best is trial 29 with value: 0.1989422725188263.
[I 2025-03-19 17:19:45,584] Trial 60 finished with value: 0.24689133978016092 and parameters: {'learning_rate': 0.018277319234184415, 'depth': 14, 'l2_leaf_reg': 0.4423545712559083, 'min_child_samples': 4}. Best is trial 29 with value: 0.1989422725188263.
[I 2025-03-19 17:19:55,516] Trial 61 finished with value: 0.22347254278686104 and parameters: {'learning_rate': 0.013572272317823795, 'depth': 12, 'l2_leaf_reg': 0.10077436451496435, 'min_child_samples': 4}. Best is trial 29 with value: 0.1989422725188263.
[I 2025-03-19 17:20:09,368] Trial 62 finished with value: 0.20417801155113707 and parameters: {'learning_rate': 0.013083138000142191, 'depth': 12, 'l2_leaf_reg': 0.011748358028468128, 'min_child_samples': 4}. Best is trial 29 with value: 0.1989422725188263.
[I 2025-03-19 17:20:22,409] Trial 63 finished with value: 0.21675831093313247 and parameters: {'learning_rate': 0.01488227979836625, 'depth': 10, 'l2_leaf_reg': 0.14704083841311327, 'min_child_samples': 4}. Best is trial 29 with value: 0.1989422725188263.
[I 2025-03-19 17:20:50,554] Trial 64 finished with value: 0.25216537200054756 and parameters: {'learning_rate': 0.012859962703858504, 'depth': 14, 'l2_leaf_reg': 0.22862088372765044, 'min_child_samples': 4}. Best is trial 29 with value: 0.1989422725188263.
[I 2025-03-19 17:21:17,836] Trial 65 finished with value: 0.2020598893431962 and parameters: {'learning_rate': 0.017043950870020842, 'depth': 13, 'l2_leaf_reg': 0.00027581003165657106, 'min_child_samples': 32}. Best is trial 29 with value: 0.1989422725188263.
[I 2025-03-19 17:21:39,651] Trial 66 finished with value: 0.29131908316062843 and parameters: {'learning_rate': 0.017284538544019647, 'depth': 13, 'l2_leaf_reg': 1.5265780342424624, 'min_child_samples': 32}. Best is trial 29 with value: 0.1989422725188263.
[I 2025-03-19 17:21:58,843] Trial 67 finished with value: 0.21908555547861433 and parameters: {'learning_rate': 0.016428453137355054, 'depth': 11, 'l2_leaf_reg': 0.1272946745607736, 'min_child_samples': 32}. Best is trial 29 with value: 0.1989422725188263.
[I 2025-03-19 17:22:37,610] Trial 68 finished with value: 0.2397874282714189 and parameters: {'learning_rate': 0.019915943852097277, 'depth': 15, 'l2_leaf_reg': 0.3267360350573234, 'min_child_samples': 32}. Best is trial 29 with value: 0.1989422725188263.
[I 2025-03-19 17:22:54,936] Trial 69 finished with value: 0.3246466758626617 and parameters: {'learning_rate': 0.016829709070357277, 'depth': 3, 'l2_leaf_reg': 0.08699967592507246, 'min_child_samples': 32}. Best is trial 29 with value: 0.1989422725188263.
[I 2025-03-19 17:23:17,776] Trial 70 finished with value: 0.23283077904540175 and parameters: {'learning_rate': 0.01805647377129216, 'depth': 13, 'l2_leaf_reg': 0.20629510979243784, 'min_child_samples': 32}. Best is trial 29 with value: 0.1989422725188263.
[I 2025-03-19 17:23:37,353] Trial 71 finished with value: 0.20000878737566707 and parameters: {'learning_rate': 0.014989305475753755, 'depth': 12, 'l2_leaf_reg': 0.0031605457773135398, 'min_child_samples': 4}. Best is trial 29 with value: 0.1989422725188263.
[I 2025-03-19 17:23:55,821] Trial 72 finished with value: 0.1967318429787869 and parameters: {'learning_rate': 0.01461139920369553, 'depth': 11, 'l2_leaf_reg': 0.0024777546405741467, 'min_child_samples': 4}. Best is trial 72 with value: 0.1967318429787869.
[I 2025-03-19 17:24:13,743] Trial 73 finished with value: 0.22910756224564177 and parameters: {'learning_rate': 0.014784402769764858, 'depth': 11, 'l2_leaf_reg': 0.2122275917860699, 'min_child_samples': 4}. Best is trial 72 with value: 0.1967318429787869.
[I 2025-03-19 17:24:35,636] Trial 74 finished with value: 0.22312884536628982 and parameters: {'learning_rate': 0.01610597876975405, 'depth': 13, 'l2_leaf_reg': 0.0839467574777166, 'min_child_samples': 4}. Best is trial 72 with value: 0.1967318429787869.
[I 2025-03-19 17:24:48,451] Trial 75 finished with value: 0.23050372620523868 and parameters: {'learning_rate': 0.015344613298080297, 'depth': 8, 'l2_leaf_reg': 0.34662157817687356, 'min_child_samples': 8}. Best is trial 72 with value: 0.1967318429787869.
[I 2025-03-19 17:25:00,651] Trial 76 finished with value: 0.22885919957880355 and parameters: {'learning_rate': 0.017002198309643928, 'depth': 10, 'l2_leaf_reg': 0.41715542725399274, 'min_child_samples': 16}. Best is trial 72 with value: 0.1967318429787869.
[I 2025-03-19 17:25:13,028] Trial 77 finished with value: 0.2006331670556643 and parameters: {'learning_rate': 0.017676195862997658, 'depth': 12, 'l2_leaf_reg': 0.0021952381688119926, 'min_child_samples': 4}. Best is trial 72 with value: 0.1967318429787869.
[I 2025-03-19 17:25:25,676] Trial 78 finished with value: 0.21188429578301207 and parameters: {'learning_rate': 0.017782698263192145, 'depth': 11, 'l2_leaf_reg': 0.0992520015304741, 'min_child_samples': 4}. Best is trial 72 with value: 0.1967318429787869.
[I 2025-03-19 17:25:40,632] Trial 79 finished with value: 0.23457357595688044 and parameters: {'learning_rate': 0.019046524834607913, 'depth': 13, 'l2_leaf_reg': 0.2574306023333965, 'min_child_samples': 32}. Best is trial 72 with value: 0.1967318429787869.
[I 2025-03-19 17:25:56,289] Trial 80 finished with value: 0.24418741331602736 and parameters: {'learning_rate': 0.014515647492271402, 'depth': 14, 'l2_leaf_reg': 0.1907221008376459, 'min_child_samples': 4}. Best is trial 72 with value: 0.1967318429787869.
[I 2025-03-19 17:26:03,050] Trial 81 finished with value: 0.20042955168883544 and parameters: {'learning_rate': 0.015966742048014917, 'depth': 12, 'l2_leaf_reg': 0.0021567214801609755, 'min_child_samples': 4}. Best is trial 72 with value: 0.1967318429787869.
[I 2025-03-19 17:26:08,565] Trial 82 finished with value: 0.33630857889333804 and parameters: {'learning_rate': 0.015672753810419774, 'depth': 12, 'l2_leaf_reg': 2.5455874596557706, 'min_child_samples': 4}. Best is trial 72 with value: 0.1967318429787869.
[I 2025-03-19 17:26:13,550] Trial 83 finished with value: 0.2102236158330233 and parameters: {'learning_rate': 0.016624221654472714, 'depth': 11, 'l2_leaf_reg': 0.0746852201103651, 'min_child_samples': 4}. Best is trial 72 with value: 0.1967318429787869.
[I 2025-03-19 17:26:21,868] Trial 84 finished with value: 0.2232208666434478 and parameters: {'learning_rate': 0.015869351358812636, 'depth': 12, 'l2_leaf_reg': 0.11672249260197633, 'min_child_samples': 4}. Best is trial 72 with value: 0.1967318429787869.
[I 2025-03-19 17:26:32,699] Trial 85 finished with value: 0.3311713070910224 and parameters: {'learning_rate': 0.015193164201985606, 'depth': 13, 'l2_leaf_reg': 2.043161811862701, 'min_child_samples': 4}. Best is trial 72 with value: 0.1967318429787869.
[I 2025-03-19 17:26:45,584] Trial 86 finished with value: 0.2314319519684976 and parameters: {'learning_rate': 0.018394172632950616, 'depth': 13, 'l2_leaf_reg': 0.1977070425602661, 'min_child_samples': 1}. Best is trial 72 with value: 0.1967318429787869.
[I 2025-03-19 17:27:05,171] Trial 87 finished with value: 0.2151127109336582 and parameters: {'learning_rate': 0.016582816570022526, 'depth': 14, 'l2_leaf_reg': 0.009886108451335507, 'min_child_samples': 4}. Best is trial 72 with value: 0.1967318429787869.
[I 2025-03-19 17:27:12,537] Trial 88 finished with value: 0.23180075884434223 and parameters: {'learning_rate': 0.017339452148984427, 'depth': 10, 'l2_leaf_reg': 0.5001832478042919, 'min_child_samples': 4}. Best is trial 72 with value: 0.1967318429787869.
[I 2025-03-19 17:27:23,156] Trial 89 finished with value: 0.24426134509231162 and parameters: {'learning_rate': 0.013994939299537499, 'depth': 12, 'l2_leaf_reg': 0.2872524729305912, 'min_child_samples': 16}. Best is trial 72 with value: 0.1967318429787869.
[I 2025-03-19 17:27:32,926] Trial 90 finished with value: 0.9368222194861181 and parameters: {'learning_rate': 0.0002552721449460178, 'depth': 11, 'l2_leaf_reg': 1.339904736175342, 'min_child_samples': 8}. Best is trial 72 with value: 0.1967318429787869.
[I 2025-03-19 17:27:48,084] Trial 91 finished with value: 0.20178374196513163 and parameters: {'learning_rate': 0.017495433518976186, 'depth': 12, 'l2_leaf_reg': 0.004910581871833233, 'min_child_samples': 4}. Best is trial 72 with value: 0.1967318429787869.
[I 2025-03-19 17:28:07,803] Trial 92 finished with value: 0.21443141662937668 and parameters: {'learning_rate': 0.01786162472018844, 'depth': 12, 'l2_leaf_reg': 0.08707926807303629, 'min_child_samples': 4}. Best is trial 72 with value: 0.1967318429787869.
[I 2025-03-19 17:28:31,876] Trial 93 finished with value: 0.22994642654614195 and parameters: {'learning_rate': 0.01609676937623668, 'depth': 13, 'l2_leaf_reg': 0.15875695181079913, 'min_child_samples': 4}. Best is trial 72 with value: 0.1967318429787869.
[I 2025-03-19 17:28:50,879] Trial 94 finished with value: 0.1974418051318935 and parameters: {'learning_rate': 0.019415243823137616, 'depth': 12, 'l2_leaf_reg': 0.0035465044895465715, 'min_child_samples': 4}. Best is trial 72 with value: 0.1967318429787869.
[I 2025-03-19 17:29:08,893] Trial 95 finished with value: 0.25204479791777845 and parameters: {'learning_rate': 0.01869698920556739, 'depth': 11, 'l2_leaf_reg': 0.9973054996407319, 'min_child_samples': 4}. Best is trial 72 with value: 0.1967318429787869.
[I 2025-03-19 17:29:31,316] Trial 96 finished with value: 0.23692461713837362 and parameters: {'learning_rate': 0.01968930463828611, 'depth': 13, 'l2_leaf_reg': 0.3818808203761964, 'min_child_samples': 1}. Best is trial 72 with value: 0.1967318429787869.
[I 2025-03-19 17:31:39,095] Trial 97 finished with value: 0.19725078419234707 and parameters: {'learning_rate': 0.019496108457464315, 'depth': 12, 'l2_leaf_reg': 0.00027655234716832296, 'min_child_samples': 4}. Best is trial 72 with value: 0.1967318429787869.
[I 2025-03-19 17:31:52,796] Trial 98 finished with value: 0.21926489222790777 and parameters: {'learning_rate': 0.019360737641051826, 'depth': 7, 'l2_leaf_reg': 0.062212206795201876, 'min_child_samples': 4}. Best is trial 72 with value: 0.1967318429787869.
[I 2025-03-19 17:32:11,761] Trial 99 finished with value: 0.23030587119419305 and parameters: {'learning_rate': 0.018676639689622094, 'depth': 12, 'l2_leaf_reg': 0.25476268111858935, 'min_child_samples': 4}. Best is trial 72 with value: 0.1967318429787869.
[I 2025-03-19 17:32:25,224] Trial 100 finished with value: 0.2175091557645776 and parameters: {'learning_rate': 0.018156676569303143, 'depth': 11, 'l2_leaf_reg': 0.15269882242290492, 'min_child_samples': 4}. Best is trial 72 with value: 0.1967318429787869.
[I 2025-03-19 17:32:37,982] Trial 101 finished with value: 0.19998278899015942 and parameters: {'learning_rate': 0.01755938713510987, 'depth': 12, 'l2_leaf_reg': 0.008605934371879564, 'min_child_samples': 4}. Best is trial 72 with value: 0.1967318429787869.
[I 2025-03-19 17:32:50,505] Trial 102 finished with value: 0.21712941133690808 and parameters: {'learning_rate': 0.01766696139261184, 'depth': 12, 'l2_leaf_reg': 0.09664331588063767, 'min_child_samples': 4}. Best is trial 72 with value: 0.1967318429787869.
[I 2025-03-19 17:33:03,766] Trial 103 finished with value: 0.2025965597000539 and parameters: {'learning_rate': 0.019074885756298718, 'depth': 13, 'l2_leaf_reg': 0.003245303967536037, 'min_child_samples': 4}. Best is trial 72 with value: 0.1967318429787869.
