[I 2025-03-19 12:38:41,834] Trial 83 finished with value: 0.3113036319353269 and parameters: {'learning_rate': 0.01897581101487236, 'depth': 15, 'l2_leaf_reg': 0.21556897608429387, 'min_child_samples': 4}. Best is trial 34 with value: 0.30858571277860447.
[I 2025-03-19 12:39:36,853] Trial 84 finished with value: 0.3152709853503088 and parameters: {'learning_rate': 0.017925921480740806, 'depth': 16, 'l2_leaf_reg': 0.19537216710635796, 'min_child_samples': 4}. Best is trial 34 with value: 0.30858571277860447.
[I 2025-03-19 12:40:31,967] Trial 85 finished with value: 0.3166159164353924 and parameters: {'learning_rate': 0.018897916547717563, 'depth': 16, 'l2_leaf_reg': 0.23051441214089313, 'min_child_samples': 4}. Best is trial 34 with value: 0.30858571277860447.
[I 2025-03-19 12:41:00,542] Trial 86 finished with value: 0.33709340386449616 and parameters: {'learning_rate': 0.01797109308778905, 'depth': 15, 'l2_leaf_reg': 0.4942064604647789, 'min_child_samples': 4}. Best is trial 34 with value: 0.30858571277860447.
[I 2025-03-19 12:41:55,737] Trial 87 finished with value: 0.3189689224763269 and parameters: {'learning_rate': 0.017405552571665924, 'depth': 16, 'l2_leaf_reg': 0.2222634633006842, 'min_child_samples': 32}. Best is trial 34 with value: 0.30858571277860447.
[I 2025-03-19 12:42:51,176] Trial 88 finished with value: 0.31094274747150313 and parameters: {'learning_rate': 0.01599240564076764, 'depth': 16, 'l2_leaf_reg': 0.0828973645878597, 'min_child_samples': 4}. Best is trial 34 with value: 0.30858571277860447.
[I 2025-03-19 12:43:19,805] Trial 89 finished with value: 0.334085931650385 and parameters: {'learning_rate': 0.015985848241719, 'depth': 15, 'l2_leaf_reg': 0.39846975051510514, 'min_child_samples': 1}. Best is trial 34 with value: 0.30858571277860447.
[I 2025-03-19 12:43:48,733] Trial 90 finished with value: 0.31131668653504013 and parameters: {'learning_rate': 0.01677649256311149, 'depth': 15, 'l2_leaf_reg': 0.08222589530011681, 'min_child_samples': 8}. Best is trial 34 with value: 0.30858571277860447.
[I 2025-03-19 12:44:17,831] Trial 91 finished with value: 0.31384769636281984 and parameters: {'learning_rate': 0.017029581079069638, 'depth': 15, 'l2_leaf_reg': 0.07791508632439106, 'min_child_samples': 8}. Best is trial 34 with value: 0.30858571277860447.
[I 2025-03-19 12:44:47,156] Trial 92 finished with value: 0.3115527365668063 and parameters: {'learning_rate': 0.01685730871330276, 'depth': 15, 'l2_leaf_reg': 0.07005187487111078, 'min_child_samples': 8}. Best is trial 34 with value: 0.30858571277860447.
[I 2025-03-19 12:45:16,110] Trial 93 finished with value: 0.31652644621033194 and parameters: {'learning_rate': 0.016690719276542688, 'depth': 15, 'l2_leaf_reg': 0.05376439571579196, 'min_child_samples': 8}. Best is trial 34 with value: 0.30858571277860447.
[I 2025-03-19 12:46:12,059] Trial 94 finished with value: 0.3141623296494603 and parameters: {'learning_rate': 0.01458843849541746, 'depth': 16, 'l2_leaf_reg': 0.08210224652633935, 'min_child_samples': 8}. Best is trial 34 with value: 0.30858571277860447.
[I 2025-03-19 12:47:07,812] Trial 95 finished with value: 0.31123616318534114 and parameters: {'learning_rate': 0.015772223890655402, 'depth': 16, 'l2_leaf_reg': 0.07794163613227065, 'min_child_samples': 8}. Best is trial 34 with value: 0.30858571277860447.
[I 2025-03-19 12:48:03,424] Trial 96 finished with value: 0.31171487263697567 and parameters: {'learning_rate': 0.016033081227280643, 'depth': 16, 'l2_leaf_reg': 0.08252990866647138, 'min_child_samples': 8}. Best is trial 34 with value: 0.30858571277860447.
[I 2025-03-19 12:48:59,131] Trial 97 finished with value: 0.31050324374720284 and parameters: {'learning_rate': 0.015923156225602624, 'depth': 16, 'l2_leaf_reg': 0.07890618377029467, 'min_child_samples': 8}. Best is trial 34 with value: 0.30858571277860447.
[I 2025-03-19 12:49:55,096] Trial 98 finished with value: 0.31180802643400857 and parameters: {'learning_rate': 0.01578467705245606, 'depth': 16, 'l2_leaf_reg': 0.07477274228599057, 'min_child_samples': 8}. Best is trial 34 with value: 0.30858571277860447.
[I 2025-03-19 12:50:50,988] Trial 99 finished with value: 0.31389285394316213 and parameters: {'learning_rate': 0.015703873208494243, 'depth': 16, 'l2_leaf_reg': 0.0799908693073626, 'min_child_samples': 8}. Best is trial 34 with value: 0.30858571277860447.
[I 2025-03-19 12:51:37,596] Trial 100 finished with value: 0.40234926413341554 and parameters: {'learning_rate': 0.014414060041647556, 'depth': 16, 'l2_leaf_reg': 2.2305103182609423, 'min_child_samples': 8}. Best is trial 34 with value: 0.30858571277860447.
[I 2025-03-19 12:52:33,706] Trial 101 finished with value: 0.3319369732443153 and parameters: {'learning_rate': 0.01607443472848109, 'depth': 16, 'l2_leaf_reg': 0.004343841552019276, 'min_child_samples': 8}. Best is trial 34 with value: 0.30858571277860447.
[I 2025-03-19 12:53:29,214] Trial 102 finished with value: 0.31001641975267846 and parameters: {'learning_rate': 0.016438937407197592, 'depth': 16, 'l2_leaf_reg': 0.1057820851675402, 'min_child_samples': 8}. Best is trial 34 with value: 0.30858571277860447.
[I 2025-03-19 12:54:24,704] Trial 103 finished with value: 0.3159164509173804 and parameters: {'learning_rate': 0.013495210531567924, 'depth': 16, 'l2_leaf_reg': 0.08926275526901616, 'min_child_samples': 8}. Best is trial 34 with value: 0.30858571277860447.
[I 2025-03-19 12:55:26,934] Trial 104 finished with value: 0.3158751412677129 and parameters: {'learning_rate': 0.015611186268937446, 'depth': 16, 'l2_leaf_reg': 0.15333886669617391, 'min_child_samples': 8}. Best is trial 34 with value: 0.30858571277860447.
[I 2025-03-19 12:55:56,326] Trial 105 finished with value: 0.31174017605022203 and parameters: {'learning_rate': 0.01660810625218622, 'depth': 15, 'l2_leaf_reg': 0.07368825306899374, 'min_child_samples': 8}. Best is trial 34 with value: 0.30858571277860447.
[I 2025-03-19 12:56:34,437] Trial 106 finished with value: 0.3280834802274467 and parameters: {'learning_rate': 0.016497845248581604, 'depth': 15, 'l2_leaf_reg': 0.3289615497506941, 'min_child_samples': 8}. Best is trial 34 with value: 0.30858571277860447.
[I 2025-03-19 12:57:56,784] Trial 107 finished with value: 0.3096612829792333 and parameters: {'learning_rate': 0.016102984856531187, 'depth': 16, 'l2_leaf_reg': 0.08306023511084415, 'min_child_samples': 8}. Best is trial 34 with value: 0.30858571277860447.
[I 2025-03-19 12:59:59,420] Trial 108 finished with value: 0.31721480856122575 and parameters: {'learning_rate': 0.014850395112428635, 'depth': 15, 'l2_leaf_reg': 0.1696681346606116, 'min_child_samples': 8}. Best is trial 34 with value: 0.30858571277860447.
[I 2025-03-19 13:00:40,539] Trial 109 finished with value: 0.31392127567860684 and parameters: {'learning_rate': 0.016255631586550485, 'depth': 15, 'l2_leaf_reg': 0.108016400872057, 'min_child_samples': 8}. Best is trial 34 with value: 0.30858571277860447.
[I 2025-03-19 13:01:29,847] Trial 110 finished with value: 0.40511135034839707 and parameters: {'learning_rate': 0.009069572530272761, 'depth': 16, 'l2_leaf_reg': 1.6137979226746348, 'min_child_samples': 8}. Best is trial 34 with value: 0.30858571277860447.
[I 2025-03-19 13:03:56,540] Trial 111 finished with value: 0.31078110947568177 and parameters: {'learning_rate': 0.015923750852300057, 'depth': 16, 'l2_leaf_reg': 0.0811462664246613, 'min_child_samples': 8}. Best is trial 34 with value: 0.30858571277860447.
[I 2025-03-19 13:05:03,197] Trial 112 finished with value: 0.36106481524632267 and parameters: {'learning_rate': 0.005784882090071131, 'depth': 16, 'l2_leaf_reg': 0.1681886395516916, 'min_child_samples': 8}. Best is trial 34 with value: 0.30858571277860447.
[I 2025-03-19 13:06:49,614] Trial 113 finished with value: 0.31934067625889245 and parameters: {'learning_rate': 0.0154484030912079, 'depth': 16, 'l2_leaf_reg': 0.060724851047580304, 'min_child_samples': 8}. Best is trial 34 with value: 0.30858571277860447.
[I 2025-03-19 13:08:53,488] Trial 114 finished with value: 0.31596431279299175 and parameters: {'learning_rate': 0.014914825858672083, 'depth': 15, 'l2_leaf_reg': 0.11832111114744617, 'min_child_samples': 8}. Best is trial 34 with value: 0.30858571277860447.
[I 2025-03-19 13:09:23,842] Trial 115 finished with value: 0.3235568826028355 and parameters: {'learning_rate': 0.017093527563345142, 'depth': 15, 'l2_leaf_reg': 0.0069341337752591575, 'min_child_samples': 8}. Best is trial 34 with value: 0.30858571277860447.
[I 2025-03-19 13:10:02,792] Trial 116 finished with value: 0.32842752406218395 and parameters: {'learning_rate': 0.016472077757812672, 'depth': 15, 'l2_leaf_reg': 0.32976989270620427, 'min_child_samples': 8}. Best is trial 34 with value: 0.30858571277860447.
[I 2025-03-19 13:12:19,764] Trial 117 finished with value: 0.31783993059980853 and parameters: {'learning_rate': 0.016007117361518105, 'depth': 16, 'l2_leaf_reg': 0.1911167192631713, 'min_child_samples': 8}. Best is trial 34 with value: 0.30858571277860447.
[I 2025-03-19 13:13:45,312] Trial 118 finished with value: 0.31819958951715444 and parameters: {'learning_rate': 0.014107626667609716, 'depth': 16, 'l2_leaf_reg': 0.063931983492365, 'min_child_samples': 8}. Best is trial 34 with value: 0.30858571277860447.
[I 2025-03-19 13:13:46,447] Trial 119 finished with value: 0.5089094214687347 and parameters: {'learning_rate': 0.015245529689353065, 'depth': 6, 'l2_leaf_reg': 1.2399812987825503, 'min_child_samples': 8}. Best is trial 34 with value: 0.30858571277860447.
[I 2025-03-19 13:14:58,397] Trial 120 finished with value: 0.3307982639632197 and parameters: {'learning_rate': 0.016357414052279418, 'depth': 16, 'l2_leaf_reg': 0.0029169965573437734, 'min_child_samples': 8}. Best is trial 34 with value: 0.30858571277860447.
[I 2025-03-19 13:17:31,182] Trial 121 finished with value: 0.3122956151059984 and parameters: {'learning_rate': 0.01576695848422657, 'depth': 16, 'l2_leaf_reg': 0.10210670617305709, 'min_child_samples': 8}. Best is trial 34 with value: 0.30858571277860447.
[I 2025-03-19 13:18:38,266] Trial 122 finished with value: 0.3124418824688132 and parameters: {'learning_rate': 0.016849161136441464, 'depth': 16, 'l2_leaf_reg': 0.16462726758072746, 'min_child_samples': 8}. Best is trial 34 with value: 0.30858571277860447.
[I 2025-03-19 13:19:16,011] Trial 123 finished with value: 0.31386568599019227 and parameters: {'learning_rate': 0.017273793308433427, 'depth': 15, 'l2_leaf_reg': 0.06199726413658781, 'min_child_samples': 8}. Best is trial 34 with value: 0.30858571277860447.
[I 2025-03-19 13:21:20,858] Trial 124 finished with value: 0.3276664402878416 and parameters: {'learning_rate': 0.015938856938051485, 'depth': 16, 'l2_leaf_reg': 0.30397974969971453, 'min_child_samples': 8}. Best is trial 34 with value: 0.30858571277860447.
[I 2025-03-19 13:21:48,768] Trial 125 finished with value: 0.5385036962610025 and parameters: {'learning_rate': 0.014613969384978115, 'depth': 3, 'l2_leaf_reg': 0.1284263846528954, 'min_child_samples': 8}. Best is trial 34 with value: 0.30858571277860447.
[I 2025-03-19 13:22:25,554] Trial 126 finished with value: 0.3192282372558227 and parameters: {'learning_rate': 0.01540985710122848, 'depth': 15, 'l2_leaf_reg': 0.1913592793142706, 'min_child_samples': 8}. Best is trial 34 with value: 0.30858571277860447.
[I 2025-03-19 13:23:29,936] Trial 127 finished with value: 0.31620700683046604 and parameters: {'learning_rate': 0.01670263575456627, 'depth': 16, 'l2_leaf_reg': 0.054709846309242915, 'min_child_samples': 8}. Best is trial 34 with value: 0.30858571277860447.
[I 2025-03-19 13:26:21,185] Trial 128 finished with value: 0.3204597244376361 and parameters: {'learning_rate': 0.01759940125925915, 'depth': 15, 'l2_leaf_reg': 0.289998145268341, 'min_child_samples': 8}. Best is trial 34 with value: 0.30858571277860447.
[I 2025-03-19 13:26:59,981] Trial 129 finished with value: 0.31369881301285596 and parameters: {'learning_rate': 0.015022716707536767, 'depth': 15, 'l2_leaf_reg': 0.12536282522292458, 'min_child_samples': 1}. Best is trial 34 with value: 0.30858571277860447.
[I 2025-03-19 13:28:07,205] Trial 130 finished with value: 0.3375714558907828 and parameters: {'learning_rate': 0.016211688047771632, 'depth': 16, 'l2_leaf_reg': 0.37099138088827677, 'min_child_samples': 8}. Best is trial 34 with value: 0.30858571277860447.
[I 2025-03-19 13:31:02,250] Trial 131 finished with value: 0.31020741951164577 and parameters: {'learning_rate': 0.01572925248507393, 'depth': 16, 'l2_leaf_reg': 0.10837085738448923, 'min_child_samples': 8}. Best is trial 34 with value: 0.30858571277860447.
[I 2025-03-19 13:32:14,744] Trial 132 finished with value: 0.3307591379194411 and parameters: {'learning_rate': 0.015703068691213174, 'depth': 16, 'l2_leaf_reg': 0.003801596879099936, 'min_child_samples': 8}. Best is trial 34 with value: 0.30858571277860447.
[I 2025-03-19 13:35:45,119] Trial 133 finished with value: 0.31332152335823354 and parameters: {'learning_rate': 0.017433816667845787, 'depth': 16, 'l2_leaf_reg': 0.07080132762301297, 'min_child_samples': 8}. Best is trial 34 with value: 0.30858571277860447.
[I 2025-03-19 13:39:27,014] Trial 134 finished with value: 0.31291211792462315 and parameters: {'learning_rate': 0.016854043596414806, 'depth': 15, 'l2_leaf_reg': 0.17063000643807408, 'min_child_samples': 8}. Best is trial 34 with value: 0.30858571277860447.
[I 2025-03-19 13:42:18,721] Trial 135 finished with value: 0.32997842090189733 and parameters: {'learning_rate': 0.013306755945964362, 'depth': 16, 'l2_leaf_reg': 0.21554734779943033, 'min_child_samples': 8}. Best is trial 34 with value: 0.30858571277860447.
[I 2025-03-19 13:47:04,346] Trial 136 finished with value: 0.4066339797682324 and parameters: {'learning_rate': 0.01643381095970024, 'depth': 16, 'l2_leaf_reg': 2.6367285384233456, 'min_child_samples': 16}. Best is trial 34 with value: 0.30858571277860447.
[I 2025-03-19 13:48:19,004] Trial 137 finished with value: 0.3872106720318842 and parameters: {'learning_rate': 0.0035901787197819826, 'depth': 15, 'l2_leaf_reg': 0.11783945308653679, 'min_child_samples': 8}. Best is trial 34 with value: 0.30858571277860447.
[I 2025-03-19 13:49:14,739] Trial 138 finished with value: 0.3146416391714189 and parameters: {'learning_rate': 0.015451003438219896, 'depth': 15, 'l2_leaf_reg': 0.07346135428889285, 'min_child_samples': 8}. Best is trial 34 with value: 0.30858571277860447.
[I 2025-03-19 13:54:23,760] Trial 139 finished with value: 0.3310837148073695 and parameters: {'learning_rate': 0.014408729914309536, 'depth': 16, 'l2_leaf_reg': 0.258372190155357, 'min_child_samples': 1}. Best is trial 34 with value: 0.30858571277860447.
[I 2025-03-19 13:55:50,962] Trial 140 finished with value: 0.3188266508946294 and parameters: {'learning_rate': 0.01601529059405936, 'depth': 16, 'l2_leaf_reg': 0.2103351389250438, 'min_child_samples': 8}. Best is trial 34 with value: 0.30858571277860447.
[I 2025-03-19 13:57:11,607] Trial 141 finished with value: 0.30997973966724895 and parameters: {'learning_rate': 0.015797202076088576, 'depth': 16, 'l2_leaf_reg': 0.10644311044503148, 'min_child_samples': 8}. Best is trial 34 with value: 0.30858571277860447.
[I 2025-03-19 14:00:47,268] Trial 142 finished with value: 0.3175209369102556 and parameters: {'learning_rate': 0.017117449563334813, 'depth': 16, 'l2_leaf_reg': 0.05114374958337322, 'min_child_samples': 8}. Best is trial 34 with value: 0.30858571277860447.
[I 2025-03-19 14:03:25,180] Trial 143 finished with value: 0.31155742019915156 and parameters: {'learning_rate': 0.016670121236604194, 'depth': 15, 'l2_leaf_reg': 0.1387140889271115, 'min_child_samples': 32}. Best is trial 34 with value: 0.30858571277860447.
[I 2025-03-19 14:03:59,127] Trial 144 finished with value: 0.31287818424446356 and parameters: {'learning_rate': 0.016658648627754343, 'depth': 15, 'l2_leaf_reg': 0.14603653232853814, 'min_child_samples': 32}. Best is trial 34 with value: 0.30858571277860447.
[I 2025-03-19 14:04:59,554] Trial 145 finished with value: 0.32144575248735735 and parameters: {'learning_rate': 0.016359066535948694, 'depth': 15, 'l2_leaf_reg': 0.004149416483812132, 'min_child_samples': 32}. Best is trial 34 with value: 0.30858571277860447.
[I 2025-03-19 14:10:18,621] Trial 146 finished with value: 0.31774533247319464 and parameters: {'learning_rate': 0.015185270814776884, 'depth': 15, 'l2_leaf_reg': 0.19302549999880284, 'min_child_samples': 32}. Best is trial 34 with value: 0.30858571277860447.
[I 2025-03-19 14:11:19,582] Trial 147 finished with value: 0.31249136329917965 and parameters: {'learning_rate': 0.017238788631277185, 'depth': 14, 'l2_leaf_reg': 0.11690753112933006, 'min_child_samples': 32}. Best is trial 34 with value: 0.30858571277860447.
[I 2025-03-19 14:12:33,248] Trial 148 finished with value: 0.3291095234741712 and parameters: {'learning_rate': 0.015930154276132192, 'depth': 16, 'l2_leaf_reg': 0.2800655628109629, 'min_child_samples': 8}. Best is trial 34 with value: 0.30858571277860447.
[I 2025-03-19 14:15:20,143] Trial 149 finished with value: 0.32327863815112223 and parameters: {'learning_rate': 0.014990868697760555, 'depth': 15, 'l2_leaf_reg': 0.002581523896284965, 'min_child_samples': 1}. Best is trial 34 with value: 0.30858571277860447.
[I 2025-03-19 14:19:01,148] Trial 150 finished with value: 0.31198564236482773 and parameters: {'learning_rate': 0.01683478662905453, 'depth': 16, 'l2_leaf_reg': 0.15806180587837027, 'min_child_samples': 8}. Best is trial 34 with value: 0.30858571277860447.
[I 2025-03-19 14:20:12,129] Trial 151 finished with value: 0.31174424341832546 and parameters: {'learning_rate': 0.01555518658687609, 'depth': 16, 'l2_leaf_reg': 0.08682146613421812, 'min_child_samples': 8}. Best is trial 34 with value: 0.30858571277860447.
[I 2025-03-19 14:21:42,648] Trial 152 finished with value: 0.31128808580517947 and parameters: {'learning_rate': 0.01622469999762318, 'depth': 16, 'l2_leaf_reg': 0.09516358250875562, 'min_child_samples': 8}. Best is trial 34 with value: 0.30858571277860447.
[I 2025-03-19 14:27:22,938] Trial 153 finished with value: 0.3139826384095924 and parameters: {'learning_rate': 0.016156171720550744, 'depth': 15, 'l2_leaf_reg': 0.2067687736563941, 'min_child_samples': 8}. Best is trial 34 with value: 0.30858571277860447.
[I 2025-03-19 14:28:53,578] Trial 154 finished with value: 0.30720452542223353 and parameters: {'learning_rate': 0.017534898101225407, 'depth': 16, 'l2_leaf_reg': 0.1222265885400469, 'min_child_samples': 8}. Best is trial 154 with value: 0.30720452542223353.
[I 2025-03-19 14:33:54,234] Trial 155 finished with value: 0.3089486735302475 and parameters: {'learning_rate': 0.017605395369648266, 'depth': 16, 'l2_leaf_reg': 0.14481097250887348, 'min_child_samples': 8}. Best is trial 154 with value: 0.30720452542223353.
[I 2025-03-19 14:35:20,832] Trial 156 finished with value: 0.39022885039058286 and parameters: {'learning_rate': 0.018342385657653542, 'depth': 16, 'l2_leaf_reg': 1.8674527516324289, 'min_child_samples': 32}. Best is trial 154 with value: 0.30720452542223353.
[I 2025-03-19 14:36:41,497] Trial 157 finished with value: 0.32146796825870816 and parameters: {'learning_rate': 0.017708131950569087, 'depth': 16, 'l2_leaf_reg': 0.2793550849646718, 'min_child_samples': 16}. Best is trial 154 with value: 0.30720452542223353.
[I 2025-03-19 14:42:42,653] Trial 158 finished with value: 0.31085699929950317 and parameters: {'learning_rate': 0.017761334302854405, 'depth': 16, 'l2_leaf_reg': 0.1482001952449658, 'min_child_samples': 8}. Best is trial 154 with value: 0.30720452542223353.
[I 2025-03-19 14:43:57,692] Trial 159 finished with value: 0.3278384684176107 and parameters: {'learning_rate': 0.017355478169754773, 'depth': 16, 'l2_leaf_reg': 0.33496498642011313, 'min_child_samples': 8}. Best is trial 154 with value: 0.30720452542223353.
[I 2025-03-19 14:49:44,494] Trial 160 finished with value: 0.3179456226704291 and parameters: {'learning_rate': 0.018652977934971803, 'depth': 16, 'l2_leaf_reg': 0.24061711859626828, 'min_child_samples': 8}. Best is trial 154 with value: 0.30720452542223353.
[I 2025-03-19 14:51:15,566] Trial 161 finished with value: 0.31000005241854184 and parameters: {'learning_rate': 0.017944182862323806, 'depth': 16, 'l2_leaf_reg': 0.15925131497368666, 'min_child_samples': 8}. Best is trial 154 with value: 0.30720452542223353.
[I 2025-03-19 14:53:10,581] Trial 162 finished with value: 0.3113249899059489 and parameters: {'learning_rate': 0.017673293207924223, 'depth': 16, 'l2_leaf_reg': 0.17012516272828174, 'min_child_samples': 8}. Best is trial 154 with value: 0.30720452542223353.
[I 2025-03-19 14:58:12,114] Trial 163 finished with value: 0.31412313234958233 and parameters: {'learning_rate': 0.01801406814666211, 'depth': 16, 'l2_leaf_reg': 0.18003992109926623, 'min_child_samples': 8}. Best is trial 154 with value: 0.30720452542223353.
[I 2025-03-19 14:59:27,678] Trial 164 finished with value: 0.305949031600901 and parameters: {'learning_rate': 0.018356375719115324, 'depth': 16, 'l2_leaf_reg': 0.1352479560347727, 'min_child_samples': 8}. Best is trial 164 with value: 0.305949031600901.
[I 2025-03-19 15:00:52,048] Trial 165 finished with value: 0.3087203466335008 and parameters: {'learning_rate': 0.018894358457288218, 'depth': 16, 'l2_leaf_reg': 0.13822211375694438, 'min_child_samples': 8}. Best is trial 164 with value: 0.305949031600901.
[I 2025-03-19 15:05:55,896] Trial 166 finished with value: 0.3298607070719855 and parameters: {'learning_rate': 0.019076487866169632, 'depth': 16, 'l2_leaf_reg': 0.40757830738477047, 'min_child_samples': 8}. Best is trial 164 with value: 0.305949031600901.
[I 2025-03-19 15:07:19,986] Trial 167 finished with value: 0.30631944776294096 and parameters: {'learning_rate': 0.01856449802364474, 'depth': 16, 'l2_leaf_reg': 0.12556287428440316, 'min_child_samples': 8}. Best is trial 164 with value: 0.305949031600901.
