[I 2025-03-19 17:33:12,989] Trial 104 finished with value: 0.22409684024361945 and parameters: {'learning_rate': 0.01949530112216472, 'depth': 12, 'l2_leaf_reg': 0.1728439270056223, 'min_child_samples': 32}. Best is trial 72 with value: 0.1967318429787869.
[I 2025-03-19 17:33:20,392] Trial 105 finished with value: 0.2051985567558459 and parameters: {'learning_rate': 0.019980783899437162, 'depth': 11, 'l2_leaf_reg': 0.06108572392794103, 'min_child_samples': 4}. Best is trial 72 with value: 0.1967318429787869.
[I 2025-03-19 17:33:41,263] Trial 106 finished with value: 0.22117609179591474 and parameters: {'learning_rate': 0.017434671403093606, 'depth': 14, 'l2_leaf_reg': 0.054100250505159514, 'min_child_samples': 4}. Best is trial 72 with value: 0.1967318429787869.
[I 2025-03-19 17:33:47,685] Trial 107 finished with value: 0.21832729808271564 and parameters: {'learning_rate': 0.018332691215568787, 'depth': 12, 'l2_leaf_reg': 0.1328450552976388, 'min_child_samples': 1}. Best is trial 72 with value: 0.1967318429787869.
[I 2025-03-19 17:33:51,685] Trial 108 finished with value: 0.2206724534201196 and parameters: {'learning_rate': 0.01691210494006085, 'depth': 10, 'l2_leaf_reg': 0.22628447558202142, 'min_child_samples': 4}. Best is trial 72 with value: 0.1967318429787869.
[I 2025-03-19 17:34:00,069] Trial 109 finished with value: 0.5914608565528059 and parameters: {'learning_rate': 0.0020997766595468054, 'depth': 13, 'l2_leaf_reg': 0.30262628876910774, 'min_child_samples': 4}. Best is trial 72 with value: 0.1967318429787869.
[I 2025-03-19 17:34:05,142] Trial 110 finished with value: 0.1952019940685275 and parameters: {'learning_rate': 0.01879344924006384, 'depth': 11, 'l2_leaf_reg': 0.0049575238025927285, 'min_child_samples': 32}. Best is trial 110 with value: 0.1952019940685275.
[I 2025-03-19 17:34:10,249] Trial 111 finished with value: 0.19698828199563628 and parameters: {'learning_rate': 0.018783752754856935, 'depth': 11, 'l2_leaf_reg': 0.002907403046444105, 'min_child_samples': 32}. Best is trial 110 with value: 0.1952019940685275.
[I 2025-03-19 17:34:16,116] Trial 112 finished with value: 0.20678235151770025 and parameters: {'learning_rate': 0.018883066722184413, 'depth': 11, 'l2_leaf_reg': 0.06528797224750371, 'min_child_samples': 32}. Best is trial 110 with value: 0.1952019940685275.
[I 2025-03-19 17:34:23,843] Trial 113 finished with value: 0.2107674555188075 and parameters: {'learning_rate': 0.019519112804280668, 'depth': 10, 'l2_leaf_reg': 0.12501039723378785, 'min_child_samples': 32}. Best is trial 110 with value: 0.1952019940685275.
[I 2025-03-19 17:34:31,998] Trial 114 finished with value: 0.22068818981160243 and parameters: {'learning_rate': 0.018508697236277318, 'depth': 11, 'l2_leaf_reg': 0.20151181275716626, 'min_child_samples': 32}. Best is trial 110 with value: 0.1952019940685275.
[I 2025-03-19 17:34:38,799] Trial 115 finished with value: 0.19970152622704634 and parameters: {'learning_rate': 0.017856628355943, 'depth': 9, 'l2_leaf_reg': 0.004173930714203242, 'min_child_samples': 32}. Best is trial 110 with value: 0.1952019940685275.
[I 2025-03-19 17:34:42,706] Trial 116 finished with value: 0.20750876333855217 and parameters: {'learning_rate': 0.018173627045744503, 'depth': 9, 'l2_leaf_reg': 0.05786638825020946, 'min_child_samples': 32}. Best is trial 110 with value: 0.1952019940685275.
[I 2025-03-19 17:34:46,340] Trial 117 finished with value: 0.21802293155581434 and parameters: {'learning_rate': 0.018971784520269964, 'depth': 8, 'l2_leaf_reg': 0.15923397866348735, 'min_child_samples': 32}. Best is trial 110 with value: 0.1952019940685275.
[I 2025-03-19 17:34:50,709] Trial 118 finished with value: 0.2565601981466416 and parameters: {'learning_rate': 0.019370535343325068, 'depth': 9, 'l2_leaf_reg': 1.6631044135148592, 'min_child_samples': 32}. Best is trial 110 with value: 0.1952019940685275.
[I 2025-03-19 17:34:55,602] Trial 119 finished with value: 0.19675046738130775 and parameters: {'learning_rate': 0.01803300661980279, 'depth': 10, 'l2_leaf_reg': 0.0009413186589069386, 'min_child_samples': 32}. Best is trial 110 with value: 0.1952019940685275.
[I 2025-03-19 17:34:59,989] Trial 120 finished with value: 0.21866008908440016 and parameters: {'learning_rate': 0.018056292871879803, 'depth': 9, 'l2_leaf_reg': 0.25933074896734715, 'min_child_samples': 32}. Best is trial 110 with value: 0.1952019940685275.
[I 2025-03-19 17:35:06,350] Trial 121 finished with value: 0.306850853213138 and parameters: {'learning_rate': 0.017856217796293948, 'depth': 10, 'l2_leaf_reg': 2.9774336463152573, 'min_child_samples': 32}. Best is trial 110 with value: 0.1952019940685275.
[I 2025-03-19 17:35:13,137] Trial 122 finished with value: 0.20566514299182706 and parameters: {'learning_rate': 0.018664284878152915, 'depth': 10, 'l2_leaf_reg': 0.06237299425657538, 'min_child_samples': 32}. Best is trial 110 with value: 0.1952019940685275.
[I 2025-03-19 17:35:20,227] Trial 123 finished with value: 0.21383703334862522 and parameters: {'learning_rate': 0.019983047407567855, 'depth': 11, 'l2_leaf_reg': 0.12562253152782413, 'min_child_samples': 32}. Best is trial 110 with value: 0.1952019940685275.
[I 2025-03-19 17:35:26,053] Trial 124 finished with value: 0.20139458355182202 and parameters: {'learning_rate': 0.016155842085380578, 'depth': 9, 'l2_leaf_reg': 0.002951868731920569, 'min_child_samples': 32}. Best is trial 110 with value: 0.1952019940685275.
[I 2025-03-19 17:35:31,608] Trial 125 finished with value: 0.2096747606498263 and parameters: {'learning_rate': 0.017121568750504294, 'depth': 10, 'l2_leaf_reg': 0.08922474562160496, 'min_child_samples': 8}. Best is trial 110 with value: 0.1952019940685275.
[I 2025-03-19 17:35:38,440] Trial 126 finished with value: 0.34012053825564525 and parameters: {'learning_rate': 0.0048786703322764155, 'depth': 11, 'l2_leaf_reg': 0.21203713153501683, 'min_child_samples': 1}. Best is trial 110 with value: 0.1952019940685275.
[I 2025-03-19 17:35:44,618] Trial 127 finished with value: 0.2531272819124976 and parameters: {'learning_rate': 0.007771533632850294, 'depth': 8, 'l2_leaf_reg': 0.13588039357695755, 'min_child_samples': 16}. Best is trial 110 with value: 0.1952019940685275.
[I 2025-03-19 17:35:52,039] Trial 128 finished with value: 0.2016869721038367 and parameters: {'learning_rate': 0.01655164853751282, 'depth': 9, 'l2_leaf_reg': 0.0005940827463137822, 'min_child_samples': 32}. Best is trial 110 with value: 0.1952019940685275.
[I 2025-03-19 17:36:05,582] Trial 129 finished with value: 0.20832030039401528 and parameters: {'learning_rate': 0.019005777361282075, 'depth': 12, 'l2_leaf_reg': 0.0650740615547667, 'min_child_samples': 32}. Best is trial 110 with value: 0.1952019940685275.
[I 2025-03-19 17:36:21,050] Trial 130 finished with value: 0.2290472654834739 and parameters: {'learning_rate': 0.017559855055360552, 'depth': 11, 'l2_leaf_reg': 0.3356378237857217, 'min_child_samples': 4}. Best is trial 110 with value: 0.1952019940685275.
[I 2025-03-19 17:36:41,149] Trial 131 finished with value: 0.2006997093535613 and parameters: {'learning_rate': 0.01600888070153767, 'depth': 9, 'l2_leaf_reg': 0.0016709092274946446, 'min_child_samples': 32}. Best is trial 110 with value: 0.1952019940685275.
[I 2025-03-19 17:36:58,280] Trial 132 finished with value: 0.1972628420286187 and parameters: {'learning_rate': 0.015459115441745965, 'depth': 10, 'l2_leaf_reg': 6.697572801038455e-05, 'min_child_samples': 32}. Best is trial 110 with value: 0.1952019940685275.
[I 2025-03-19 17:37:14,722] Trial 133 finished with value: 0.2142060689536947 and parameters: {'learning_rate': 0.015247096227862257, 'depth': 10, 'l2_leaf_reg': 0.10414073478386411, 'min_child_samples': 32}. Best is trial 110 with value: 0.1952019940685275.
[I 2025-03-19 17:37:31,818] Trial 134 finished with value: 0.22137863812459876 and parameters: {'learning_rate': 0.01477471769675058, 'depth': 10, 'l2_leaf_reg': 0.17952920861750055, 'min_child_samples': 32}. Best is trial 110 with value: 0.1952019940685275.
[I 2025-03-19 17:37:49,188] Trial 135 finished with value: 0.21069060359186204 and parameters: {'learning_rate': 0.01564260746698991, 'depth': 11, 'l2_leaf_reg': 0.06579110413474647, 'min_child_samples': 32}. Best is trial 110 with value: 0.1952019940685275.
[I 2025-03-19 17:38:08,988] Trial 136 finished with value: 0.2202350386360429 and parameters: {'learning_rate': 0.018422591869531692, 'depth': 12, 'l2_leaf_reg': 0.1349060973237505, 'min_child_samples': 4}. Best is trial 110 with value: 0.1952019940685275.
[I 2025-03-19 17:38:28,932] Trial 137 finished with value: 0.20821283214429934 and parameters: {'learning_rate': 0.018050262844773107, 'depth': 12, 'l2_leaf_reg': 0.05503988079485018, 'min_child_samples': 1}. Best is trial 110 with value: 0.1952019940685275.
[I 2025-03-19 17:38:47,662] Trial 138 finished with value: 0.19708735162151697 and parameters: {'learning_rate': 0.0168570325192637, 'depth': 11, 'l2_leaf_reg': 0.0015611140937589346, 'min_child_samples': 4}. Best is trial 110 with value: 0.1952019940685275.
[I 2025-03-19 17:39:05,491] Trial 139 finished with value: 0.22594808363694308 and parameters: {'learning_rate': 0.016665354747100757, 'depth': 11, 'l2_leaf_reg': 0.23898268605229317, 'min_child_samples': 4}. Best is trial 110 with value: 0.1952019940685275.
[I 2025-03-19 17:39:20,303] Trial 140 finished with value: 0.5227068361530082 and parameters: {'learning_rate': 0.01702924004361204, 'depth': 1, 'l2_leaf_reg': 0.18778153781204357, 'min_child_samples': 32}. Best is trial 110 with value: 0.1952019940685275.
[I 2025-03-19 17:39:42,917] Trial 141 finished with value: 0.20063803132859828 and parameters: {'learning_rate': 0.017549245613089647, 'depth': 12, 'l2_leaf_reg': 0.0064383393097249345, 'min_child_samples': 4}. Best is trial 110 with value: 0.1952019940685275.
[I 2025-03-19 17:39:58,345] Trial 142 finished with value: 0.2085939119786592 and parameters: {'learning_rate': 0.019280588005803213, 'depth': 10, 'l2_leaf_reg': 0.10222565183866998, 'min_child_samples': 4}. Best is trial 110 with value: 0.1952019940685275.
[I 2025-03-19 17:40:14,868] Trial 143 finished with value: 0.20655104947839636 and parameters: {'learning_rate': 0.016419291082234114, 'depth': 11, 'l2_leaf_reg': 0.04962929762466864, 'min_child_samples': 4}. Best is trial 110 with value: 0.1952019940685275.
[I 2025-03-19 17:40:33,259] Trial 144 finished with value: 0.22688089410303128 and parameters: {'learning_rate': 0.014519119338841343, 'depth': 12, 'l2_leaf_reg': 0.13460106779028486, 'min_child_samples': 4}. Best is trial 110 with value: 0.1952019940685275.
[I 2025-03-19 17:40:46,009] Trial 145 finished with value: 0.1979792286901014 and parameters: {'learning_rate': 0.01863416828862876, 'depth': 10, 'l2_leaf_reg': 0.0015611028506510311, 'min_child_samples': 4}. Best is trial 110 with value: 0.1952019940685275.
[I 2025-03-19 17:40:58,667] Trial 146 finished with value: 0.2775839847833662 and parameters: {'learning_rate': 0.0196284290349258, 'depth': 10, 'l2_leaf_reg': 2.293951274733737, 'min_child_samples': 4}. Best is trial 110 with value: 0.1952019940685275.
[I 2025-03-19 17:41:08,244] Trial 147 finished with value: 0.2070361080586859 and parameters: {'learning_rate': 0.01846626538819947, 'depth': 10, 'l2_leaf_reg': 0.0641810628528773, 'min_child_samples': 8}. Best is trial 110 with value: 0.1952019940685275.
[I 2025-03-19 17:41:24,782] Trial 148 finished with value: 0.19944543970936787 and parameters: {'learning_rate': 0.018841977738616143, 'depth': 9, 'l2_leaf_reg': 0.0001132238883436716, 'min_child_samples': 4}. Best is trial 110 with value: 0.1952019940685275.
[I 2025-03-19 17:41:28,662] Trial 149 finished with value: 0.21555724956443023 and parameters: {'learning_rate': 0.018815967725706744, 'depth': 9, 'l2_leaf_reg': 0.16666801166992132, 'min_child_samples': 4}. Best is trial 110 with value: 0.1952019940685275.
[I 2025-03-19 17:41:32,357] Trial 150 finished with value: 0.20966355885245533 and parameters: {'learning_rate': 0.019252097335903336, 'depth': 9, 'l2_leaf_reg': 0.10427230412369774, 'min_child_samples': 16}. Best is trial 110 with value: 0.1952019940685275.
[I 2025-03-19 17:41:35,545] Trial 151 finished with value: 0.21015286664045488 and parameters: {'learning_rate': 0.01829236383426403, 'depth': 8, 'l2_leaf_reg': 0.04465236144263525, 'min_child_samples': 4}. Best is trial 110 with value: 0.1952019940685275.
[I 2025-03-19 17:41:40,566] Trial 152 finished with value: 0.19729942787105584 and parameters: {'learning_rate': 0.017986515553306406, 'depth': 11, 'l2_leaf_reg': 0.005163543107853864, 'min_child_samples': 4}. Best is trial 110 with value: 0.1952019940685275.
[I 2025-03-19 17:41:46,012] Trial 153 finished with value: 0.20733303685610455 and parameters: {'learning_rate': 0.018773548599177643, 'depth': 11, 'l2_leaf_reg': 0.06911731392961012, 'min_child_samples': 4}. Best is trial 110 with value: 0.1952019940685275.
[I 2025-03-19 17:41:50,030] Trial 154 finished with value: 0.19604287728312017 and parameters: {'learning_rate': 0.018030078601203214, 'depth': 10, 'l2_leaf_reg': 0.0013669788401112278, 'min_child_samples': 4}. Best is trial 110 with value: 0.1952019940685275.
[I 2025-03-19 17:41:53,553] Trial 155 finished with value: 0.2119280585647558 and parameters: {'learning_rate': 0.017870496741762623, 'depth': 9, 'l2_leaf_reg': 0.11928146662818151, 'min_child_samples': 4}. Best is trial 110 with value: 0.1952019940685275.
[I 2025-03-19 17:41:57,808] Trial 156 finished with value: 0.1983041633600732 and parameters: {'learning_rate': 0.017363402401331995, 'depth': 10, 'l2_leaf_reg': 0.0010771613557439478, 'min_child_samples': 1}. Best is trial 110 with value: 0.1952019940685275.
[I 2025-03-19 17:42:01,727] Trial 157 finished with value: 0.2181787014070982 and parameters: {'learning_rate': 0.018095923570989318, 'depth': 10, 'l2_leaf_reg': 0.20297156243185008, 'min_child_samples': 1}. Best is trial 110 with value: 0.1952019940685275.
[I 2025-03-19 17:42:05,922] Trial 158 finished with value: 0.19798307065443746 and parameters: {'learning_rate': 0.017253638726820876, 'depth': 10, 'l2_leaf_reg': 0.0007397882297754785, 'min_child_samples': 1}. Best is trial 110 with value: 0.1952019940685275.
[I 2025-03-19 17:42:10,612] Trial 159 finished with value: 0.22254947497028008 and parameters: {'learning_rate': 0.017238664682696938, 'depth': 10, 'l2_leaf_reg': 0.260535610706616, 'min_child_samples': 1}. Best is trial 110 with value: 0.1952019940685275.
[I 2025-03-19 17:42:19,268] Trial 160 finished with value: 0.20756043315108116 and parameters: {'learning_rate': 0.019565460399337122, 'depth': 10, 'l2_leaf_reg': 0.0991011308800752, 'min_child_samples': 1}. Best is trial 110 with value: 0.1952019940685275.
[I 2025-03-19 17:42:29,563] Trial 161 finished with value: 0.2074092231886786 and parameters: {'learning_rate': 0.01896281439390824, 'depth': 9, 'l2_leaf_reg': 0.0643855883593225, 'min_child_samples': 1}. Best is trial 110 with value: 0.1952019940685275.
[I 2025-03-19 17:42:36,974] Trial 162 finished with value: 0.21309231896175854 and parameters: {'learning_rate': 0.009057650487608383, 'depth': 10, 'l2_leaf_reg': 0.006366836160403156, 'min_child_samples': 1}. Best is trial 110 with value: 0.1952019940685275.
[I 2025-03-19 17:42:41,968] Trial 163 finished with value: 0.21300277227181053 and parameters: {'learning_rate': 0.018505620211623112, 'depth': 10, 'l2_leaf_reg': 0.13556787305887552, 'min_child_samples': 1}. Best is trial 110 with value: 0.1952019940685275.
[I 2025-03-19 17:42:46,535] Trial 164 finished with value: 0.19950153043621982 and parameters: {'learning_rate': 0.017900703893802872, 'depth': 9, 'l2_leaf_reg': 0.0006581448050845041, 'min_child_samples': 1}. Best is trial 110 with value: 0.1952019940685275.
[I 2025-03-19 17:42:52,578] Trial 165 finished with value: 0.20828148979732572 and parameters: {'learning_rate': 0.01685417540108072, 'depth': 11, 'l2_leaf_reg': 0.06433031776184096, 'min_child_samples': 1}. Best is trial 110 with value: 0.1952019940685275.
[I 2025-03-19 17:42:58,711] Trial 166 finished with value: 0.19895836041406562 and parameters: {'learning_rate': 0.0172688471441383, 'depth': 9, 'l2_leaf_reg': 0.0004980713584547092, 'min_child_samples': 1}. Best is trial 110 with value: 0.1952019940685275.
[I 2025-03-19 17:43:05,856] Trial 167 finished with value: 0.216033089936926 and parameters: {'learning_rate': 0.017312655064107455, 'depth': 10, 'l2_leaf_reg': 0.16348870405403873, 'min_child_samples': 1}. Best is trial 110 with value: 0.1952019940685275.
[I 2025-03-19 17:43:14,922] Trial 168 finished with value: 0.2063357797900986 and parameters: {'learning_rate': 0.01907919443912938, 'depth': 11, 'l2_leaf_reg': 0.06513021618282248, 'min_child_samples': 1}. Best is trial 110 with value: 0.1952019940685275.
[I 2025-03-19 17:43:23,463] Trial 169 finished with value: 0.21273909851397063 and parameters: {'learning_rate': 0.016893882548965768, 'depth': 10, 'l2_leaf_reg': 0.12052387830635547, 'min_child_samples': 1}. Best is trial 110 with value: 0.1952019940685275.
[I 2025-03-19 17:43:35,161] Trial 170 finished with value: 0.22317536103636818 and parameters: {'learning_rate': 0.0178016699316762, 'depth': 11, 'l2_leaf_reg': 0.19959923288274284, 'min_child_samples': 1}. Best is trial 110 with value: 0.1952019940685275.
[I 2025-03-19 17:43:48,564] Trial 171 finished with value: 0.20808029759671873 and parameters: {'learning_rate': 0.01825709017585348, 'depth': 8, 'l2_leaf_reg': 0.009699035709225125, 'min_child_samples': 1}. Best is trial 110 with value: 0.1952019940685275.
[I 2025-03-19 17:44:06,153] Trial 172 finished with value: 0.19856832459940676 and parameters: {'learning_rate': 0.018729172730796134, 'depth': 9, 'l2_leaf_reg': 0.003561777605594363, 'min_child_samples': 1}. Best is trial 110 with value: 0.1952019940685275.
[I 2025-03-19 17:44:24,134] Trial 173 finished with value: 0.1993728372201051 and parameters: {'learning_rate': 0.018742240079123076, 'depth': 9, 'l2_leaf_reg': 0.0031798827495915943, 'min_child_samples': 1}. Best is trial 110 with value: 0.1952019940685275.
[I 2025-03-19 17:44:42,742] Trial 174 finished with value: 0.20605141877106764 and parameters: {'learning_rate': 0.01980763894961485, 'depth': 9, 'l2_leaf_reg': 0.07852298800358745, 'min_child_samples': 1}. Best is trial 110 with value: 0.1952019940685275.
[I 2025-03-19 17:45:00,124] Trial 175 finished with value: 0.2785271295253924 and parameters: {'learning_rate': 0.018775832437525387, 'depth': 8, 'l2_leaf_reg': 2.829250693608907, 'min_child_samples': 1}. Best is trial 110 with value: 0.1952019940685275.
[I 2025-03-19 17:45:17,681] Trial 176 finished with value: 0.20499487945592837 and parameters: {'learning_rate': 0.019345464998402655, 'depth': 10, 'l2_leaf_reg': 0.06098740290421506, 'min_child_samples': 1}. Best is trial 110 with value: 0.1952019940685275.
[I 2025-03-19 17:45:34,564] Trial 177 finished with value: 0.24582105670153287 and parameters: {'learning_rate': 0.018468506412011306, 'depth': 9, 'l2_leaf_reg': 1.148662401728996, 'min_child_samples': 1}. Best is trial 110 with value: 0.1952019940685275.
[I 2025-03-19 17:45:54,332] Trial 178 finished with value: 0.19676077862065064 and parameters: {'learning_rate': 0.017254060740776962, 'depth': 11, 'l2_leaf_reg': 0.0007422821797990462, 'min_child_samples': 1}. Best is trial 110 with value: 0.1952019940685275.
[I 2025-03-19 17:46:13,610] Trial 179 finished with value: 0.21536324229217377 and parameters: {'learning_rate': 0.017265271037816266, 'depth': 11, 'l2_leaf_reg': 0.128151426950842, 'min_child_samples': 1}. Best is trial 110 with value: 0.1952019940685275.
[I 2025-03-19 17:46:32,919] Trial 180 finished with value: 0.20920132920601145 and parameters: {'learning_rate': 0.01637732639373337, 'depth': 11, 'l2_leaf_reg': 0.06735532837608564, 'min_child_samples': 1}. Best is trial 110 with value: 0.1952019940685275.
[I 2025-03-19 17:46:51,329] Trial 181 finished with value: 0.2039881516392177 and parameters: {'learning_rate': 0.018794789113183587, 'depth': 10, 'l2_leaf_reg': 0.048138916834355186, 'min_child_samples': 1}. Best is trial 110 with value: 0.1952019940685275.
[I 2025-03-19 17:47:09,172] Trial 182 finished with value: 0.1951503768156919 and parameters: {'learning_rate': 0.017630170709521407, 'depth': 11, 'l2_leaf_reg': 0.0031196079838634754, 'min_child_samples': 1}. Best is trial 182 with value: 0.1951503768156919.
[I 2025-03-19 17:47:27,474] Trial 183 finished with value: 0.1963718482329338 and parameters: {'learning_rate': 0.017546474679911904, 'depth': 11, 'l2_leaf_reg': 0.00047987950993803326, 'min_child_samples': 1}. Best is trial 182 with value: 0.1951503768156919.
[I 2025-03-19 17:47:45,903] Trial 184 finished with value: 0.21430938911311367 and parameters: {'learning_rate': 0.017555671794286094, 'depth': 11, 'l2_leaf_reg': 0.10922727695112491, 'min_child_samples': 1}. Best is trial 182 with value: 0.1951503768156919.
[I 2025-03-19 17:48:03,008] Trial 185 finished with value: 0.2226643143041503 and parameters: {'learning_rate': 0.016742056851627003, 'depth': 11, 'l2_leaf_reg': 0.16987883019405833, 'min_child_samples': 1}. Best is trial 182 with value: 0.1951503768156919.
[I 2025-03-19 17:48:19,475] Trial 186 finished with value: 0.2076614747589403 and parameters: {'learning_rate': 0.017255563515841843, 'depth': 11, 'l2_leaf_reg': 0.05955267212366201, 'min_child_samples': 1}. Best is trial 182 with value: 0.1951503768156919.
[I 2025-03-19 17:48:34,933] Trial 187 finished with value: 0.21658280970429783 and parameters: {'learning_rate': 0.016322009268896737, 'depth': 11, 'l2_leaf_reg': 0.1161252249430067, 'min_child_samples': 1}. Best is trial 182 with value: 0.1951503768156919.
[I 2025-03-19 17:48:45,006] Trial 188 finished with value: 0.19978889100981542 and parameters: {'learning_rate': 0.017998364739095656, 'depth': 10, 'l2_leaf_reg': 0.0037103294143920685, 'min_child_samples': 1}. Best is trial 182 with value: 0.1951503768156919.
