[I 2025-03-19 18:12:40,663] Trial 71 finished with value: 0.7999345188204181 and parameters: {'learning_rate': 0.018064805701883745, 'depth': 10, 'l2_leaf_reg': 0.007095106161690849, 'min_child_samples': 1}. Best is trial 53 with value: 0.7523877544066621.
[I 2025-03-19 18:12:44,514] Trial 72 finished with value: 0.9326060398992106 and parameters: {'learning_rate': 0.017104944894009058, 'depth': 10, 'l2_leaf_reg': 0.10778286074837676, 'min_child_samples': 1}. Best is trial 53 with value: 0.7523877544066621.
[I 2025-03-19 18:12:47,614] Trial 73 finished with value: 1.0789317580965556 and parameters: {'learning_rate': 0.01800806508946517, 'depth': 8, 'l2_leaf_reg': 0.20599932917032124, 'min_child_samples': 1}. Best is trial 53 with value: 0.7523877544066621.
[I 2025-03-19 18:12:51,595] Trial 74 finished with value: 0.8729638362536647 and parameters: {'learning_rate': 0.019215952889400603, 'depth': 10, 'l2_leaf_reg': 0.0637926730430344, 'min_child_samples': 1}. Best is trial 53 with value: 0.7523877544066621.
[I 2025-03-19 18:12:58,456] Trial 75 finished with value: 1.0274372488305075 and parameters: {'learning_rate': 0.016177186666756316, 'depth': 12, 'l2_leaf_reg': 0.2791034648459954, 'min_child_samples': 1}. Best is trial 53 with value: 0.7523877544066621.
[I 2025-03-19 18:13:03,646] Trial 76 finished with value: 0.7513039708686591 and parameters: {'learning_rate': 0.018993082513725668, 'depth': 11, 'l2_leaf_reg': 0.007124598816659414, 'min_child_samples': 1}. Best is trial 76 with value: 0.7513039708686591.
[I 2025-03-19 18:13:08,863] Trial 77 finished with value: 0.9527473038338378 and parameters: {'learning_rate': 0.018814872961926365, 'depth': 11, 'l2_leaf_reg': 0.1801491109844899, 'min_child_samples': 1}. Best is trial 76 with value: 0.7513039708686591.
[I 2025-03-19 18:13:19,770] Trial 78 finished with value: 1.2509159700784036 and parameters: {'learning_rate': 0.016790581637735977, 'depth': 13, 'l2_leaf_reg': 1.4086120280814995, 'min_child_samples': 1}. Best is trial 76 with value: 0.7513039708686591.
[I 2025-03-19 18:13:39,908] Trial 79 finished with value: 1.31833493732126 and parameters: {'learning_rate': 0.015427124159245752, 'depth': 14, 'l2_leaf_reg': 1.7284727149455226, 'min_child_samples': 4}. Best is trial 76 with value: 0.7513039708686591.
[I 2025-03-19 18:13:49,242] Trial 80 finished with value: 0.8701311444710966 and parameters: {'learning_rate': 0.01847475100182677, 'depth': 12, 'l2_leaf_reg': 0.09082439497981036, 'min_child_samples': 32}. Best is trial 76 with value: 0.7513039708686591.
[I 2025-03-19 18:13:54,313] Trial 81 finished with value: 0.9189638356331202 and parameters: {'learning_rate': 0.017425351580066306, 'depth': 10, 'l2_leaf_reg': 0.08682696485381496, 'min_child_samples': 1}. Best is trial 76 with value: 0.7513039708686591.
[I 2025-03-19 18:14:01,260] Trial 82 finished with value: 0.7692315977253086 and parameters: {'learning_rate': 0.017865847815472527, 'depth': 11, 'l2_leaf_reg': 0.01217002018762541, 'min_child_samples': 1}. Best is trial 76 with value: 0.7513039708686591.
[I 2025-03-19 18:14:08,602] Trial 83 finished with value: 0.7306513321709568 and parameters: {'learning_rate': 0.019036292507714204, 'depth': 11, 'l2_leaf_reg': 0.0009097475794504492, 'min_child_samples': 1}. Best is trial 83 with value: 0.7306513321709568.
[I 2025-03-19 18:14:17,216] Trial 84 finished with value: 1.015550074835673 and parameters: {'learning_rate': 0.01956808254724834, 'depth': 11, 'l2_leaf_reg': 0.3477434630674441, 'min_child_samples': 1}. Best is trial 83 with value: 0.7306513321709568.
[I 2025-03-19 18:14:25,459] Trial 85 finished with value: 0.9936033124020556 and parameters: {'learning_rate': 0.019960661077153958, 'depth': 9, 'l2_leaf_reg': 0.18642897306074438, 'min_child_samples': 1}. Best is trial 83 with value: 0.7306513321709568.
[I 2025-03-19 18:14:42,542] Trial 86 finished with value: 0.9980260943307178 and parameters: {'learning_rate': 0.01776896826057976, 'depth': 13, 'l2_leaf_reg': 0.26139649425272143, 'min_child_samples': 1}. Best is trial 83 with value: 0.7306513321709568.
[I 2025-03-19 18:15:04,267] Trial 87 finished with value: 1.0689360053448365 and parameters: {'learning_rate': 0.019192827089175583, 'depth': 12, 'l2_leaf_reg': 0.5348157545915582, 'min_child_samples': 8}. Best is trial 83 with value: 0.7306513321709568.
[I 2025-03-19 18:15:22,502] Trial 88 finished with value: 0.9104173174420807 and parameters: {'learning_rate': 0.01673729613960164, 'depth': 11, 'l2_leaf_reg': 0.08754818104862379, 'min_child_samples': 1}. Best is trial 83 with value: 0.7306513321709568.
[I 2025-03-19 18:15:42,592] Trial 89 finished with value: 1.0510951173835668 and parameters: {'learning_rate': 0.018623127507666513, 'depth': 12, 'l2_leaf_reg': 0.4416512182830655, 'min_child_samples': 1}. Best is trial 83 with value: 0.7306513321709568.
[I 2025-03-19 18:16:00,636] Trial 90 finished with value: 0.8087264083975102 and parameters: {'learning_rate': 0.015845000241901105, 'depth': 10, 'l2_leaf_reg': 0.0018242012327929838, 'min_child_samples': 1}. Best is trial 83 with value: 0.7306513321709568.
[I 2025-03-19 18:16:19,573] Trial 91 finished with value: 1.0575823031675657 and parameters: {'learning_rate': 0.011458496996859167, 'depth': 11, 'l2_leaf_reg': 0.16652880347157334, 'min_child_samples': 1}. Best is trial 83 with value: 0.7306513321709568.
[I 2025-03-19 18:16:37,890] Trial 92 finished with value: 0.9121888778697917 and parameters: {'learning_rate': 0.014884928925092755, 'depth': 11, 'l2_leaf_reg': 0.07481396308963764, 'min_child_samples': 1}. Best is trial 83 with value: 0.7306513321709568.
[I 2025-03-19 18:17:01,118] Trial 93 finished with value: 1.1936344486068904 and parameters: {'learning_rate': 0.008914577026939818, 'depth': 13, 'l2_leaf_reg': 0.2507529788168649, 'min_child_samples': 1}. Best is trial 83 with value: 0.7306513321709568.
[I 2025-03-19 18:17:21,770] Trial 94 finished with value: 0.8789453945107457 and parameters: {'learning_rate': 0.017206929767977948, 'depth': 11, 'l2_leaf_reg': 0.06828669972947168, 'min_child_samples': 1}. Best is trial 83 with value: 0.7306513321709568.
[I 2025-03-19 18:17:38,670] Trial 95 finished with value: 0.9445181974418997 and parameters: {'learning_rate': 0.019444059272549257, 'depth': 10, 'l2_leaf_reg': 0.15701216569410564, 'min_child_samples': 1}. Best is trial 83 with value: 0.7306513321709568.
[I 2025-03-19 18:18:09,070] Trial 96 finished with value: 1.149677042164121 and parameters: {'learning_rate': 0.012170860991455033, 'depth': 14, 'l2_leaf_reg': 0.3357067844136788, 'min_child_samples': 4}. Best is trial 83 with value: 0.7306513321709568.
[I 2025-03-19 18:18:31,723] Trial 97 finished with value: 0.8993433579579315 and parameters: {'learning_rate': 0.013394283107651015, 'depth': 12, 'l2_leaf_reg': 0.057593771148863236, 'min_child_samples': 1}. Best is trial 83 with value: 0.7306513321709568.
[I 2025-03-19 18:18:47,987] Trial 98 finished with value: 1.479799233563229 and parameters: {'learning_rate': 0.009923648939488362, 'depth': 11, 'l2_leaf_reg': 2.212861571754644, 'min_child_samples': 1}. Best is trial 83 with value: 0.7306513321709568.
[I 2025-03-19 18:19:05,856] Trial 99 finished with value: 0.699459086349619 and parameters: {'learning_rate': 0.017799069584513817, 'depth': 12, 'l2_leaf_reg': 0.002035841529993459, 'min_child_samples': 1}. Best is trial 99 with value: 0.699459086349619.
[I 2025-03-19 18:19:19,270] Trial 100 finished with value: 1.5168092769903583 and parameters: {'learning_rate': 0.008004893679324516, 'depth': 4, 'l2_leaf_reg': 0.23609056006992643, 'min_child_samples': 1}. Best is trial 99 with value: 0.699459086349619.
[I 2025-03-19 18:19:37,553] Trial 101 finished with value: 0.9541396566496865 and parameters: {'learning_rate': 0.017947884070499562, 'depth': 13, 'l2_leaf_reg': 0.13932379113523347, 'min_child_samples': 1}. Best is trial 99 with value: 0.699459086349619.
[I 2025-03-19 18:19:48,590] Trial 102 finished with value: 0.7686519300678984 and parameters: {'learning_rate': 0.018519861181548823, 'depth': 12, 'l2_leaf_reg': 0.02197116451852744, 'min_child_samples': 1}. Best is trial 99 with value: 0.699459086349619.
[I 2025-03-19 18:20:03,331] Trial 103 finished with value: 0.7868611757175636 and parameters: {'learning_rate': 0.01846752359960435, 'depth': 12, 'l2_leaf_reg': 0.02810604143612443, 'min_child_samples': 1}. Best is trial 99 with value: 0.699459086349619.
[I 2025-03-19 18:20:17,398] Trial 104 finished with value: 0.9185946028775619 and parameters: {'learning_rate': 0.01898889149324298, 'depth': 13, 'l2_leaf_reg': 0.1035731260948704, 'min_child_samples': 1}. Best is trial 99 with value: 0.699459086349619.
[I 2025-03-19 18:20:24,755] Trial 105 finished with value: 0.964190764668002 and parameters: {'learning_rate': 0.017026450656039572, 'depth': 12, 'l2_leaf_reg': 0.18344343449585515, 'min_child_samples': 32}. Best is trial 99 with value: 0.699459086349619.
[I 2025-03-19 18:20:32,269] Trial 106 finished with value: 0.8498587075744427 and parameters: {'learning_rate': 0.01773253392097461, 'depth': 12, 'l2_leaf_reg': 0.057696061554924225, 'min_child_samples': 1}. Best is trial 99 with value: 0.699459086349619.
[I 2025-03-19 18:20:37,203] Trial 107 finished with value: 0.923936726040148 and parameters: {'learning_rate': 0.018272210659528765, 'depth': 11, 'l2_leaf_reg': 0.13505194367039064, 'min_child_samples': 1}. Best is trial 99 with value: 0.699459086349619.
[I 2025-03-19 18:20:39,932] Trial 108 finished with value: 1.1733819638983833 and parameters: {'learning_rate': 0.016395822744096688, 'depth': 7, 'l2_leaf_reg': 0.28243638771346063, 'min_child_samples': 8}. Best is trial 99 with value: 0.699459086349619.
[I 2025-03-19 18:20:51,468] Trial 109 finished with value: 1.0377456092594537 and parameters: {'learning_rate': 0.019449480161070152, 'depth': 13, 'l2_leaf_reg': 0.38075501898447095, 'min_child_samples': 1}. Best is trial 99 with value: 0.699459086349619.
[I 2025-03-19 18:21:12,993] Trial 110 finished with value: 0.7479168240646378 and parameters: {'learning_rate': 0.01873212753959999, 'depth': 14, 'l2_leaf_reg': 0.008813511866541304, 'min_child_samples': 1}. Best is trial 99 with value: 0.699459086349619.
[I 2025-03-19 18:21:50,647] Trial 111 finished with value: 0.8591973352585113 and parameters: {'learning_rate': 0.01861573055765795, 'depth': 15, 'l2_leaf_reg': 0.016165755928538975, 'min_child_samples': 1}. Best is trial 99 with value: 0.699459086349619.
[I 2025-03-19 18:22:15,397] Trial 112 finished with value: 0.7289140625514703 and parameters: {'learning_rate': 0.017524123917543648, 'depth': 14, 'l2_leaf_reg': 0.0034800765285931414, 'min_child_samples': 1}. Best is trial 99 with value: 0.699459086349619.
[I 2025-03-19 18:22:42,296] Trial 113 finished with value: 1.006098559686344 and parameters: {'learning_rate': 0.017555139602505692, 'depth': 14, 'l2_leaf_reg': 0.20414574044948455, 'min_child_samples': 1}. Best is trial 99 with value: 0.699459086349619.
[I 2025-03-19 18:24:06,981] Trial 114 finished with value: 1.0542170956795298 and parameters: {'learning_rate': 0.016016763885751777, 'depth': 16, 'l2_leaf_reg': 0.11290826529440526, 'min_child_samples': 1}. Best is trial 99 with value: 0.699459086349619.
[I 2025-03-19 18:24:54,169] Trial 115 finished with value: 0.9295654195341272 and parameters: {'learning_rate': 0.019990861478767184, 'depth': 15, 'l2_leaf_reg': 0.055832270198872665, 'min_child_samples': 1}. Best is trial 99 with value: 0.699459086349619.
[I 2025-03-19 18:25:25,265] Trial 116 finished with value: 1.608149474865501 and parameters: {'learning_rate': 0.0037753612586328977, 'depth': 14, 'l2_leaf_reg': 0.14851889815226185, 'min_child_samples': 1}. Best is trial 99 with value: 0.699459086349619.
[I 2025-03-19 18:25:56,307] Trial 117 finished with value: 0.9887687528074819 and parameters: {'learning_rate': 0.019022042971605497, 'depth': 14, 'l2_leaf_reg': 0.2288393988058248, 'min_child_samples': 1}. Best is trial 99 with value: 0.699459086349619.
[I 2025-03-19 18:26:26,812] Trial 118 finished with value: 0.9175619966046575 and parameters: {'learning_rate': 0.01659028507508771, 'depth': 14, 'l2_leaf_reg': 0.06195571394756559, 'min_child_samples': 4}. Best is trial 99 with value: 0.699459086349619.
[I 2025-03-19 18:26:52,053] Trial 119 finished with value: 1.1043573530701425 and parameters: {'learning_rate': 0.009580759940383538, 'depth': 13, 'l2_leaf_reg': 0.1169756688900627, 'min_child_samples': 1}. Best is trial 99 with value: 0.699459086349619.
[I 2025-03-19 18:27:31,838] Trial 120 finished with value: 0.8557126196564867 and parameters: {'learning_rate': 0.01726245899607374, 'depth': 15, 'l2_leaf_reg': 0.013730325233923469, 'min_child_samples': 1}. Best is trial 99 with value: 0.699459086349619.
[I 2025-03-19 18:27:43,357] Trial 121 finished with value: 0.7248592237919346 and parameters: {'learning_rate': 0.018041857286077417, 'depth': 12, 'l2_leaf_reg': 0.008030734218995668, 'min_child_samples': 1}. Best is trial 99 with value: 0.699459086349619.
[I 2025-03-19 18:27:54,852] Trial 122 finished with value: 0.8686806115363884 and parameters: {'learning_rate': 0.017917003294164163, 'depth': 12, 'l2_leaf_reg': 0.0719688218797255, 'min_child_samples': 1}. Best is trial 99 with value: 0.699459086349619.
[I 2025-03-19 18:28:12,493] Trial 123 finished with value: 0.7235120339484538 and parameters: {'learning_rate': 0.018745768789038234, 'depth': 13, 'l2_leaf_reg': 0.008101705510623058, 'min_child_samples': 1}. Best is trial 99 with value: 0.699459086349619.
[I 2025-03-19 18:28:22,683] Trial 124 finished with value: 0.9694003569549355 and parameters: {'learning_rate': 0.0189002610563184, 'depth': 13, 'l2_leaf_reg': 0.18789448718996873, 'min_child_samples': 1}. Best is trial 99 with value: 0.699459086349619.
[I 2025-03-19 18:28:33,260] Trial 125 finished with value: 0.6981337474651743 and parameters: {'learning_rate': 0.017550918111266477, 'depth': 13, 'l2_leaf_reg': 0.0008604574799991847, 'min_child_samples': 1}. Best is trial 125 with value: 0.6981337474651743.
[I 2025-03-19 18:28:43,414] Trial 126 finished with value: 0.6989580671881325 and parameters: {'learning_rate': 0.01751755441540364, 'depth': 13, 'l2_leaf_reg': 0.0006293070224915058, 'min_child_samples': 1}. Best is trial 125 with value: 0.6981337474651743.
[I 2025-03-19 18:28:55,356] Trial 127 finished with value: 0.9494248943356854 and parameters: {'learning_rate': 0.016935855721974976, 'depth': 13, 'l2_leaf_reg': 0.12158142022992359, 'min_child_samples': 1}. Best is trial 125 with value: 0.6981337474651743.
[I 2025-03-19 18:29:09,549] Trial 128 finished with value: 0.6959877737563093 and parameters: {'learning_rate': 0.018181518035368206, 'depth': 13, 'l2_leaf_reg': 0.00028784858008290126, 'min_child_samples': 1}. Best is trial 128 with value: 0.6959877737563093.
[I 2025-03-19 18:29:21,950] Trial 129 finished with value: 0.9872173005057175 and parameters: {'learning_rate': 0.01817796141544804, 'depth': 13, 'l2_leaf_reg': 0.24231065293107887, 'min_child_samples': 32}. Best is trial 128 with value: 0.6959877737563093.
[I 2025-03-19 18:29:42,293] Trial 130 finished with value: 0.9084503965041201 and parameters: {'learning_rate': 0.019349734465506807, 'depth': 14, 'l2_leaf_reg': 0.07962777754113315, 'min_child_samples': 1}. Best is trial 128 with value: 0.6959877737563093.
[I 2025-03-19 18:29:56,403] Trial 131 finished with value: 0.7138771567149153 and parameters: {'learning_rate': 0.017786980886809356, 'depth': 13, 'l2_leaf_reg': 0.0047358577020159475, 'min_child_samples': 1}. Best is trial 128 with value: 0.6959877737563093.
[I 2025-03-19 18:30:10,382] Trial 132 finished with value: 0.9579527442421624 and parameters: {'learning_rate': 0.017521228542180776, 'depth': 13, 'l2_leaf_reg': 0.16240366789136562, 'min_child_samples': 1}. Best is trial 128 with value: 0.6959877737563093.
[I 2025-03-19 18:30:28,506] Trial 133 finished with value: 0.7145711518958665 and parameters: {'learning_rate': 0.018643370032443776, 'depth': 13, 'l2_leaf_reg': 0.0048378390492589485, 'min_child_samples': 1}. Best is trial 128 with value: 0.6959877737563093.
[I 2025-03-19 18:30:55,021] Trial 134 finished with value: 0.9273539019480426 and parameters: {'learning_rate': 0.01884468383022322, 'depth': 14, 'l2_leaf_reg': 0.08252116659746958, 'min_child_samples': 1}. Best is trial 128 with value: 0.6959877737563093.
[I 2025-03-19 18:31:19,705] Trial 135 finished with value: 0.7052069179214663 and parameters: {'learning_rate': 0.019645579401697408, 'depth': 13, 'l2_leaf_reg': 0.0029741279519969843, 'min_child_samples': 16}. Best is trial 128 with value: 0.6959877737563093.
[I 2025-03-19 18:31:43,044] Trial 136 finished with value: 0.93971491599808 and parameters: {'learning_rate': 0.019647138103017978, 'depth': 13, 'l2_leaf_reg': 0.14758405053117418, 'min_child_samples': 16}. Best is trial 128 with value: 0.6959877737563093.
[I 2025-03-19 18:32:12,958] Trial 137 finished with value: 0.7018060904471584 and parameters: {'learning_rate': 0.019191670351466465, 'depth': 14, 'l2_leaf_reg': 0.000645256557404647, 'min_child_samples': 16}. Best is trial 128 with value: 0.6959877737563093.
[I 2025-03-19 18:32:43,191] Trial 138 finished with value: 1.0143268347747063 and parameters: {'learning_rate': 0.019286141608627263, 'depth': 14, 'l2_leaf_reg': 0.2895558035084722, 'min_child_samples': 16}. Best is trial 128 with value: 0.6959877737563093.
[I 2025-03-19 18:33:25,531] Trial 139 finished with value: 0.9658151545521385 and parameters: {'learning_rate': 0.019749990998452132, 'depth': 15, 'l2_leaf_reg': 0.09809432062210824, 'min_child_samples': 16}. Best is trial 128 with value: 0.6959877737563093.
[I 2025-03-19 18:33:53,594] Trial 140 finished with value: 0.9951659405396506 and parameters: {'learning_rate': 0.018598405534462775, 'depth': 14, 'l2_leaf_reg': 0.21731629287095167, 'min_child_samples': 16}. Best is trial 128 with value: 0.6959877737563093.
[I 2025-03-19 18:34:18,915] Trial 141 finished with value: 1.7473090709915162 and parameters: {'learning_rate': 0.0026118295790810656, 'depth': 13, 'l2_leaf_reg': 0.06446944469818885, 'min_child_samples': 16}. Best is trial 128 with value: 0.6959877737563093.
[I 2025-03-19 18:34:40,280] Trial 142 finished with value: 0.875279887346954 and parameters: {'learning_rate': 0.018198046704101366, 'depth': 13, 'l2_leaf_reg': 0.06323200624329434, 'min_child_samples': 16}. Best is trial 128 with value: 0.6959877737563093.
[I 2025-03-19 18:35:05,284] Trial 143 finished with value: 0.9588573246309066 and parameters: {'learning_rate': 0.01906829606898413, 'depth': 14, 'l2_leaf_reg': 0.13546161200492413, 'min_child_samples': 16}. Best is trial 128 with value: 0.6959877737563093.
[I 2025-03-19 18:35:19,761] Trial 144 finished with value: 0.7049370396695946 and parameters: {'learning_rate': 0.017482910122735888, 'depth': 13, 'l2_leaf_reg': 0.00207094359197471, 'min_child_samples': 16}. Best is trial 128 with value: 0.6959877737563093.
[I 2025-03-19 18:35:37,840] Trial 145 finished with value: 0.9757068435969016 and parameters: {'learning_rate': 0.017670764236363247, 'depth': 13, 'l2_leaf_reg': 0.17134581669200946, 'min_child_samples': 16}. Best is trial 128 with value: 0.6959877737563093.
[I 2025-03-19 18:35:58,543] Trial 146 finished with value: 0.7703063996987 and parameters: {'learning_rate': 0.017246426158361007, 'depth': 14, 'l2_leaf_reg': 0.008830543562777328, 'min_child_samples': 16}. Best is trial 128 with value: 0.6959877737563093.
[I 2025-03-19 18:36:08,781] Trial 147 finished with value: 0.7088297305993859 and parameters: {'learning_rate': 0.018129843237526245, 'depth': 13, 'l2_leaf_reg': 0.005095295845875742, 'min_child_samples': 16}. Best is trial 128 with value: 0.6959877737563093.
[I 2025-03-19 18:36:19,490] Trial 148 finished with value: 0.9159756344973446 and parameters: {'learning_rate': 0.017981951052554672, 'depth': 13, 'l2_leaf_reg': 0.10044781152536837, 'min_child_samples': 16}. Best is trial 128 with value: 0.6959877737563093.
[I 2025-03-19 18:36:30,739] Trial 149 finished with value: 0.8628122186703788 and parameters: {'learning_rate': 0.018592678644946282, 'depth': 13, 'l2_leaf_reg': 0.06050958877896925, 'min_child_samples': 16}. Best is trial 128 with value: 0.6959877737563093.
[I 2025-03-19 18:36:50,285] Trial 150 finished with value: 1.357454577025568 and parameters: {'learning_rate': 0.01756170897204979, 'depth': 14, 'l2_leaf_reg': 2.517905123685434, 'min_child_samples': 16}. Best is trial 128 with value: 0.6959877737563093.
[I 2025-03-19 18:36:58,353] Trial 151 finished with value: 0.7488737602760001 and parameters: {'learning_rate': 0.01828338258070531, 'depth': 12, 'l2_leaf_reg': 0.014753151954882316, 'min_child_samples': 16}. Best is trial 128 with value: 0.6959877737563093.
[I 2025-03-19 18:37:06,621] Trial 152 finished with value: 0.7292358101013058 and parameters: {'learning_rate': 0.018186261092274517, 'depth': 12, 'l2_leaf_reg': 0.010049314000007761, 'min_child_samples': 16}. Best is trial 128 with value: 0.6959877737563093.
[I 2025-03-19 18:37:15,215] Trial 153 finished with value: 0.6987234369700299 and parameters: {'learning_rate': 0.016986750107751306, 'depth': 12, 'l2_leaf_reg': 0.00045484537452076396, 'min_child_samples': 16}. Best is trial 128 with value: 0.6959877737563093.
[I 2025-03-19 18:37:25,764] Trial 154 finished with value: 1.1936690730311776 and parameters: {'learning_rate': 0.017130609043699403, 'depth': 12, 'l2_leaf_reg': 1.0679311211913634, 'min_child_samples': 16}. Best is trial 128 with value: 0.6959877737563093.
[I 2025-03-19 18:37:37,917] Trial 155 finished with value: 0.9305514910983894 and parameters: {'learning_rate': 0.016817897287689284, 'depth': 12, 'l2_leaf_reg': 0.11852571474460301, 'min_child_samples': 16}. Best is trial 128 with value: 0.6959877737563093.
