[I 2025-03-19 16:39:33,549] Trial 50 finished with value: 2.1102624006124526 and parameters: {'learning_rate': 0.015528187976033602, 'depth': 8, 'l2_leaf_reg': 2.625047484143005, 'min_child_samples': 4}. Best is trial 50 with value: 2.1102624006124526.
[I 2025-03-19 16:39:36,487] Trial 51 finished with value: 2.111237168344987 and parameters: {'learning_rate': 0.015363812921875174, 'depth': 8, 'l2_leaf_reg': 2.606670107190528, 'min_child_samples': 4}. Best is trial 50 with value: 2.1102624006124526.
[I 2025-03-19 16:39:39,340] Trial 52 finished with value: 2.120136877111768 and parameters: {'learning_rate': 0.015269388799330224, 'depth': 6, 'l2_leaf_reg': 2.631848331713646, 'min_child_samples': 4}. Best is trial 50 with value: 2.1102624006124526.
[I 2025-03-19 16:39:43,168] Trial 53 finished with value: 2.1231750843025754 and parameters: {'learning_rate': 0.017005950719894997, 'depth': 10, 'l2_leaf_reg': 2.8384426163009424, 'min_child_samples': 4}. Best is trial 50 with value: 2.1102624006124526.
[I 2025-03-19 16:39:46,113] Trial 54 finished with value: 2.1131740196398052 and parameters: {'learning_rate': 0.018260275452700217, 'depth': 8, 'l2_leaf_reg': 2.5687212671251243, 'min_child_samples': 4}. Best is trial 50 with value: 2.1102624006124526.
[I 2025-03-19 16:39:49,889] Trial 55 finished with value: 2.1130624147041344 and parameters: {'learning_rate': 0.01618275098083691, 'depth': 9, 'l2_leaf_reg': 2.7647273467902207, 'min_child_samples': 4}. Best is trial 50 with value: 2.1102624006124526.
[I 2025-03-19 16:39:58,186] Trial 56 finished with value: 2.1371458140359776 and parameters: {'learning_rate': 0.011694084824669396, 'depth': 11, 'l2_leaf_reg': 2.424717395775431, 'min_child_samples': 1}. Best is trial 50 with value: 2.1102624006124526.
[I 2025-03-19 16:40:03,363] Trial 57 finished with value: 2.1180686593501536 and parameters: {'learning_rate': 0.017376032594445635, 'depth': 7, 'l2_leaf_reg': 2.8455849555578534, 'min_child_samples': 4}. Best is trial 50 with value: 2.1102624006124526.
[I 2025-03-19 16:40:10,992] Trial 58 finished with value: 2.1142971415222966 and parameters: {'learning_rate': 0.01905900640396336, 'depth': 9, 'l2_leaf_reg': 2.1613046651818824, 'min_child_samples': 32}. Best is trial 50 with value: 2.1102624006124526.
[I 2025-03-19 16:40:15,752] Trial 59 finished with value: 2.1205229513001433 and parameters: {'learning_rate': 0.019906886983638725, 'depth': 8, 'l2_leaf_reg': 2.626596053310965, 'min_child_samples': 4}. Best is trial 50 with value: 2.1102624006124526.
[I 2025-03-19 16:40:19,378] Trial 60 finished with value: 2.120203097298765 and parameters: {'learning_rate': 0.015563818506461463, 'depth': 6, 'l2_leaf_reg': 2.993388134373911, 'min_child_samples': 16}. Best is trial 50 with value: 2.1102624006124526.
[I 2025-03-19 16:40:24,096] Trial 61 finished with value: 2.113684662547249 and parameters: {'learning_rate': 0.016680637847382048, 'depth': 9, 'l2_leaf_reg': 2.8171933141497387, 'min_child_samples': 4}. Best is trial 50 with value: 2.1102624006124526.
[I 2025-03-19 16:40:28,931] Trial 62 finished with value: 2.1139117111796857 and parameters: {'learning_rate': 0.015982598343772095, 'depth': 9, 'l2_leaf_reg': 2.7195428624103983, 'min_child_samples': 4}. Best is trial 50 with value: 2.1102624006124526.
[I 2025-03-19 16:40:32,898] Trial 63 finished with value: 2.2549798625069037 and parameters: {'learning_rate': 0.0015375543051004675, 'depth': 8, 'l2_leaf_reg': 2.5612783741655223, 'min_child_samples': 4}. Best is trial 50 with value: 2.1102624006124526.
[I 2025-03-19 16:40:38,617] Trial 64 finished with value: 2.1230687458288218 and parameters: {'learning_rate': 0.014538262190087676, 'depth': 10, 'l2_leaf_reg': 2.387018239507924, 'min_child_samples': 4}. Best is trial 50 with value: 2.1102624006124526.
[I 2025-03-19 16:40:43,952] Trial 65 finished with value: 2.120830527632311 and parameters: {'learning_rate': 0.013450075165668374, 'depth': 7, 'l2_leaf_reg': 2.717506448191591, 'min_child_samples': 4}. Best is trial 50 with value: 2.1102624006124526.
[I 2025-03-19 16:40:49,766] Trial 66 finished with value: 2.1134060731011766 and parameters: {'learning_rate': 0.017911924295930408, 'depth': 9, 'l2_leaf_reg': 2.4855448179207253, 'min_child_samples': 4}. Best is trial 50 with value: 2.1102624006124526.
[I 2025-03-19 16:40:58,414] Trial 67 finished with value: 2.1249655059174914 and parameters: {'learning_rate': 0.015188268793989407, 'depth': 10, 'l2_leaf_reg': 2.2698247552723836, 'min_child_samples': 4}. Best is trial 50 with value: 2.1102624006124526.
[I 2025-03-19 16:41:07,404] Trial 68 finished with value: 2.118699122523803 and parameters: {'learning_rate': 0.016199173512196234, 'depth': 8, 'l2_leaf_reg': 1.9894623427147315, 'min_child_samples': 32}. Best is trial 50 with value: 2.1102624006124526.
[I 2025-03-19 16:41:21,991] Trial 69 finished with value: 2.1363207376556335 and parameters: {'learning_rate': 0.01679466611295482, 'depth': 11, 'l2_leaf_reg': 2.924124870702484, 'min_child_samples': 1}. Best is trial 50 with value: 2.1102624006124526.
[I 2025-03-19 16:41:37,346] Trial 70 finished with value: 2.191658353435998 and parameters: {'learning_rate': 0.014284845579237386, 'depth': 2, 'l2_leaf_reg': 2.7684927729607445, 'min_child_samples': 4}. Best is trial 50 with value: 2.1102624006124526.
[I 2025-03-19 16:41:54,200] Trial 71 finished with value: 2.117140972732537 and parameters: {'learning_rate': 0.01821053976391649, 'depth': 8, 'l2_leaf_reg': 2.5792114767632706, 'min_child_samples': 4}. Best is trial 50 with value: 2.1102624006124526.
[I 2025-03-19 16:42:11,587] Trial 72 finished with value: 2.116061864247388 and parameters: {'learning_rate': 0.018683026705360047, 'depth': 8, 'l2_leaf_reg': 2.536724128346667, 'min_child_samples': 4}. Best is trial 50 with value: 2.1102624006124526.
[I 2025-03-19 16:42:27,666] Trial 73 finished with value: 2.1223190896412225 and parameters: {'learning_rate': 0.01733780842259656, 'depth': 7, 'l2_leaf_reg': 2.369196630925413, 'min_child_samples': 4}. Best is trial 50 with value: 2.1102624006124526.
[I 2025-03-19 16:42:44,887] Trial 74 finished with value: 2.1146047016678673 and parameters: {'learning_rate': 0.015550619032401087, 'depth': 9, 'l2_leaf_reg': 2.237479056472171, 'min_child_samples': 16}. Best is trial 50 with value: 2.1102624006124526.
[I 2025-03-19 16:43:01,681] Trial 75 finished with value: 2.1140519532208475 and parameters: {'learning_rate': 0.014764351025793675, 'depth': 8, 'l2_leaf_reg': 2.138934833217491, 'min_child_samples': 4}. Best is trial 50 with value: 2.1102624006124526.
[I 2025-03-19 16:43:21,510] Trial 76 finished with value: 2.118507502395202 and parameters: {'learning_rate': 0.013297716711162123, 'depth': 6, 'l2_leaf_reg': 2.633182917358396, 'min_child_samples': 4}. Best is trial 50 with value: 2.1102624006124526.
[I 2025-03-19 16:43:38,438] Trial 77 finished with value: 2.1235463185989856 and parameters: {'learning_rate': 0.01614122488578635, 'depth': 10, 'l2_leaf_reg': 2.8798937171867895, 'min_child_samples': 4}. Best is trial 50 with value: 2.1102624006124526.
[I 2025-03-19 16:43:55,502] Trial 78 finished with value: 2.115345485058047 and parameters: {'learning_rate': 0.017567353123279644, 'depth': 9, 'l2_leaf_reg': 2.4442200376922387, 'min_child_samples': 4}. Best is trial 50 with value: 2.1102624006124526.
[I 2025-03-19 16:44:12,347] Trial 79 finished with value: 2.1189012953962507 and parameters: {'learning_rate': 0.018547426973780628, 'depth': 7, 'l2_leaf_reg': 2.749739099117326, 'min_child_samples': 4}. Best is trial 50 with value: 2.1102624006124526.
[I 2025-03-19 16:44:32,826] Trial 80 finished with value: 2.112516985822701 and parameters: {'learning_rate': 0.01398468712692837, 'depth': 8, 'l2_leaf_reg': 2.4961183659557036, 'min_child_samples': 4}. Best is trial 50 with value: 2.1102624006124526.
[I 2025-03-19 16:44:48,645] Trial 81 finished with value: 2.112737859053018 and parameters: {'learning_rate': 0.01402170662804428, 'depth': 8, 'l2_leaf_reg': 2.502867948386873, 'min_child_samples': 4}. Best is trial 50 with value: 2.1102624006124526.
[I 2025-03-19 16:45:05,741] Trial 82 finished with value: 2.1201778214489337 and parameters: {'learning_rate': 0.013774707700151349, 'depth': 9, 'l2_leaf_reg': 0.005232597910743486, 'min_child_samples': 4}. Best is trial 50 with value: 2.1102624006124526.
[I 2025-03-19 16:45:20,291] Trial 83 finished with value: 2.118307682056224 and parameters: {'learning_rate': 0.0148340145720121, 'depth': 7, 'l2_leaf_reg': 2.332030484336207, 'min_child_samples': 4}. Best is trial 50 with value: 2.1102624006124526.
[I 2025-03-19 16:45:33,568] Trial 84 finished with value: 2.118999584417711 and parameters: {'learning_rate': 0.012872672242804696, 'depth': 7, 'l2_leaf_reg': 2.4571332340426406, 'min_child_samples': 4}. Best is trial 50 with value: 2.1102624006124526.
[I 2025-03-19 16:45:46,185] Trial 85 finished with value: 2.116299544487507 and parameters: {'learning_rate': 0.01534095419882666, 'depth': 8, 'l2_leaf_reg': 2.0943376669121174, 'min_child_samples': 4}. Best is trial 50 with value: 2.1102624006124526.
[I 2025-03-19 16:45:57,322] Trial 86 finished with value: 2.11486047214376 and parameters: {'learning_rate': 0.015901994828746536, 'depth': 9, 'l2_leaf_reg': 2.6668263099550202, 'min_child_samples': 1}. Best is trial 50 with value: 2.1102624006124526.
[I 2025-03-19 16:46:06,445] Trial 87 finished with value: 2.112592210055197 and parameters: {'learning_rate': 0.014136243017059033, 'depth': 8, 'l2_leaf_reg': 2.508573172519645, 'min_child_samples': 32}. Best is trial 50 with value: 2.1102624006124526.
[I 2025-03-19 16:46:17,030] Trial 88 finished with value: 2.127970173301795 and parameters: {'learning_rate': 0.012121612589455943, 'depth': 5, 'l2_leaf_reg': 2.5055034572141044, 'min_child_samples': 32}. Best is trial 50 with value: 2.1102624006124526.
[I 2025-03-19 16:46:26,331] Trial 89 finished with value: 2.113529545091209 and parameters: {'learning_rate': 0.014044559324051837, 'depth': 8, 'l2_leaf_reg': 2.235788200057476, 'min_child_samples': 32}. Best is trial 50 with value: 2.1102624006124526.
[I 2025-03-19 16:46:30,301] Trial 90 finished with value: 2.118336459491482 and parameters: {'learning_rate': 0.010946971067102228, 'depth': 6, 'l2_leaf_reg': 2.3912791649174565, 'min_child_samples': 32}. Best is trial 50 with value: 2.1102624006124526.
[I 2025-03-19 16:46:36,597] Trial 91 finished with value: 2.121042884366466 and parameters: {'learning_rate': 0.016550675033161235, 'depth': 7, 'l2_leaf_reg': 1.9673656098896297, 'min_child_samples': 4}. Best is trial 50 with value: 2.1102624006124526.
[I 2025-03-19 16:46:40,290] Trial 92 finished with value: 2.1131097998767374 and parameters: {'learning_rate': 0.014147408636640523, 'depth': 8, 'l2_leaf_reg': 2.590575220310191, 'min_child_samples': 32}. Best is trial 50 with value: 2.1102624006124526.
[I 2025-03-19 16:46:43,797] Trial 93 finished with value: 2.114955643605769 and parameters: {'learning_rate': 0.015053569648101643, 'depth': 9, 'l2_leaf_reg': 2.6638461277269903, 'min_child_samples': 16}. Best is trial 50 with value: 2.1102624006124526.
[I 2025-03-19 16:46:47,394] Trial 94 finished with value: 2.1208136808556524 and parameters: {'learning_rate': 0.013641675720040493, 'depth': 9, 'l2_leaf_reg': 2.776895780194814, 'min_child_samples': 4}. Best is trial 50 with value: 2.1102624006124526.
[I 2025-03-19 16:46:49,814] Trial 95 finished with value: 2.117760148978855 and parameters: {'learning_rate': 0.014584080905770645, 'depth': 7, 'l2_leaf_reg': 2.486455693566999, 'min_child_samples': 4}. Best is trial 50 with value: 2.1102624006124526.
[I 2025-03-19 16:46:53,761] Trial 96 finished with value: 2.1241558981666233 and parameters: {'learning_rate': 0.015848479580616477, 'depth': 10, 'l2_leaf_reg': 2.697752244946935, 'min_child_samples': 4}. Best is trial 50 with value: 2.1102624006124526.
[I 2025-03-19 16:46:56,484] Trial 97 finished with value: 2.1132205964706734 and parameters: {'learning_rate': 0.0131514896510328, 'depth': 8, 'l2_leaf_reg': 2.3259439513422704, 'min_child_samples': 32}. Best is trial 50 with value: 2.1102624006124526.
[I 2025-03-19 16:46:59,384] Trial 98 finished with value: 2.1125521231341136 and parameters: {'learning_rate': 0.015415566415847865, 'depth': 8, 'l2_leaf_reg': 2.590822435584739, 'min_child_samples': 4}. Best is trial 50 with value: 2.1102624006124526.
[I 2025-03-19 16:47:02,419] Trial 99 finished with value: 2.115107279090301 and parameters: {'learning_rate': 0.016966447046691098, 'depth': 8, 'l2_leaf_reg': 2.5454723952026015, 'min_child_samples': 4}. Best is trial 50 with value: 2.1102624006124526.
[I 2025-03-19 16:47:05,158] Trial 100 finished with value: 2.115460193743162 and parameters: {'learning_rate': 0.015219852556087736, 'depth': 7, 'l2_leaf_reg': 2.4157021295892274, 'min_child_samples': 4}. Best is trial 50 with value: 2.1102624006124526.
[I 2025-03-19 16:47:08,499] Trial 101 finished with value: 2.1110934684481033 and parameters: {'learning_rate': 0.015662487325026314, 'depth': 8, 'l2_leaf_reg': 2.918470283740758, 'min_child_samples': 4}. Best is trial 50 with value: 2.1102624006124526.
[I 2025-03-19 16:47:11,936] Trial 102 finished with value: 2.112120377855278 and parameters: {'learning_rate': 0.014470314730094237, 'depth': 8, 'l2_leaf_reg': 2.910715896789654, 'min_child_samples': 4}. Best is trial 50 with value: 2.1102624006124526.
[I 2025-03-19 16:47:17,910] Trial 103 finished with value: 2.11173856434084 and parameters: {'learning_rate': 0.014597016334209791, 'depth': 8, 'l2_leaf_reg': 2.9044992752788454, 'min_child_samples': 4}. Best is trial 50 with value: 2.1102624006124526.
[I 2025-03-19 16:47:24,516] Trial 104 finished with value: 2.1109259586922278 and parameters: {'learning_rate': 0.01442561849356916, 'depth': 8, 'l2_leaf_reg': 2.902246512838471, 'min_child_samples': 4}. Best is trial 50 with value: 2.1102624006124526.
[I 2025-03-19 16:47:30,088] Trial 105 finished with value: 2.1197730161482955 and parameters: {'learning_rate': 0.014417736359245328, 'depth': 6, 'l2_leaf_reg': 2.944439004575579, 'min_child_samples': 4}. Best is trial 50 with value: 2.1102624006124526.
[I 2025-03-19 16:47:37,567] Trial 106 finished with value: 2.113800090349133 and parameters: {'learning_rate': 0.013779169882798366, 'depth': 8, 'l2_leaf_reg': 2.865766770743489, 'min_child_samples': 4}. Best is trial 50 with value: 2.1102624006124526.
[I 2025-03-19 16:47:41,094] Trial 107 finished with value: 2.1191642635623626 and parameters: {'learning_rate': 0.014977357693026624, 'depth': 7, 'l2_leaf_reg': 2.8922632046518952, 'min_child_samples': 1}. Best is trial 50 with value: 2.1102624006124526.
[I 2025-03-19 16:47:44,828] Trial 108 finished with value: 2.1209979327247304 and parameters: {'learning_rate': 0.011572836103463604, 'depth': 9, 'l2_leaf_reg': 2.8131929798063013, 'min_child_samples': 4}. Best is trial 50 with value: 2.1102624006124526.
[I 2025-03-19 16:47:47,998] Trial 109 finished with value: 2.1142619295128426 and parameters: {'learning_rate': 0.012896682015798291, 'depth': 8, 'l2_leaf_reg': 2.9744887020098125, 'min_child_samples': 4}. Best is trial 50 with value: 2.1102624006124526.
[I 2025-03-19 16:47:51,461] Trial 110 finished with value: 2.159134064151695 and parameters: {'learning_rate': 0.004662031475171078, 'depth': 7, 'l2_leaf_reg': 2.890366868070843, 'min_child_samples': 16}. Best is trial 50 with value: 2.1102624006124526.
[I 2025-03-19 16:49:01,806] Trial 111 finished with value: 2.187434673280747 and parameters: {'learning_rate': 0.014196727125848869, 'depth': 16, 'l2_leaf_reg': 2.9931638807322285, 'min_child_samples': 4}. Best is trial 50 with value: 2.1102624006124526.
[I 2025-03-19 16:49:19,778] Trial 112 finished with value: 2.113694857507776 and parameters: {'learning_rate': 0.014849973774763346, 'depth': 8, 'l2_leaf_reg': 2.7222678123751627, 'min_child_samples': 4}. Best is trial 50 with value: 2.1102624006124526.
[I 2025-03-19 16:49:36,798] Trial 113 finished with value: 2.112960679697062 and parameters: {'learning_rate': 0.015433414089833968, 'depth': 8, 'l2_leaf_reg': 2.6207327754640537, 'min_child_samples': 4}. Best is trial 50 with value: 2.1102624006124526.
[I 2025-03-19 16:49:52,718] Trial 114 finished with value: 2.121151124606141 and parameters: {'learning_rate': 0.013362466646055008, 'depth': 9, 'l2_leaf_reg': 2.8181567674644237, 'min_child_samples': 4}. Best is trial 50 with value: 2.1102624006124526.
[I 2025-03-19 16:50:15,220] Trial 115 finished with value: 2.1186886915716188 and parameters: {'learning_rate': 0.01448757094258173, 'depth': 7, 'l2_leaf_reg': 2.9198619381589586, 'min_child_samples': 4}. Best is trial 50 with value: 2.1102624006124526.
[I 2025-03-19 16:50:29,874] Trial 116 finished with value: 2.114470082051681 and parameters: {'learning_rate': 0.016480717841966395, 'depth': 8, 'l2_leaf_reg': 2.6837037456968105, 'min_child_samples': 4}. Best is trial 50 with value: 2.1102624006124526.
[I 2025-03-19 16:50:44,431] Trial 117 finished with value: 2.113443620304649 and parameters: {'learning_rate': 0.015798349925705075, 'depth': 9, 'l2_leaf_reg': 2.5872854738474254, 'min_child_samples': 32}. Best is trial 50 with value: 2.1102624006124526.
[I 2025-03-19 16:51:08,303] Trial 118 finished with value: 2.1116555510624133 and parameters: {'learning_rate': 0.01397922390985693, 'depth': 8, 'l2_leaf_reg': 2.773947819795983, 'min_child_samples': 4}. Best is trial 50 with value: 2.1102624006124526.
[I 2025-03-19 16:51:25,285] Trial 119 finished with value: 2.11782367279418 and parameters: {'learning_rate': 0.012438267524480648, 'depth': 7, 'l2_leaf_reg': 2.8176869719307027, 'min_child_samples': 4}. Best is trial 50 with value: 2.1102624006124526.
[I 2025-03-19 16:51:47,093] Trial 120 finished with value: 2.1142973101444493 and parameters: {'learning_rate': 0.013881107797171357, 'depth': 8, 'l2_leaf_reg': 2.754255941817218, 'min_child_samples': 4}. Best is trial 50 with value: 2.1102624006124526.
[I 2025-03-19 16:52:04,862] Trial 121 finished with value: 2.1140203054378186 and parameters: {'learning_rate': 0.014587084511249153, 'depth': 8, 'l2_leaf_reg': 2.5296196540072287, 'min_child_samples': 4}. Best is trial 50 with value: 2.1102624006124526.
[I 2025-03-19 16:52:21,321] Trial 122 finished with value: 2.1135877641780394 and parameters: {'learning_rate': 0.015225502234715697, 'depth': 8, 'l2_leaf_reg': 2.64744172308644, 'min_child_samples': 4}. Best is trial 50 with value: 2.1102624006124526.
[I 2025-03-19 16:52:37,820] Trial 123 finished with value: 2.115951984029793 and parameters: {'learning_rate': 0.01355465611461472, 'depth': 7, 'l2_leaf_reg': 2.8634127333966344, 'min_child_samples': 4}. Best is trial 50 with value: 2.1102624006124526.
[I 2025-03-19 16:52:54,755] Trial 124 finished with value: 2.1192889733867752 and parameters: {'learning_rate': 0.014155138194686577, 'depth': 9, 'l2_leaf_reg': 2.7455165657238525, 'min_child_samples': 4}. Best is trial 50 with value: 2.1102624006124526.
[I 2025-03-19 16:53:10,025] Trial 125 finished with value: 2.1119300096850995 and parameters: {'learning_rate': 0.016106523970223934, 'depth': 8, 'l2_leaf_reg': 2.9275929341166878, 'min_child_samples': 4}. Best is trial 50 with value: 2.1102624006124526.
[I 2025-03-19 16:53:24,991] Trial 126 finished with value: 2.1188893168609657 and parameters: {'learning_rate': 0.016035284338969936, 'depth': 7, 'l2_leaf_reg': 2.998051876167226, 'min_child_samples': 4}. Best is trial 50 with value: 2.1102624006124526.
[I 2025-03-19 16:53:40,305] Trial 127 finished with value: 2.122739058482761 and parameters: {'learning_rate': 0.014729029836200504, 'depth': 9, 'l2_leaf_reg': 2.906459686654078, 'min_child_samples': 4}. Best is trial 50 with value: 2.1102624006124526.
[I 2025-03-19 16:53:48,839] Trial 128 finished with value: 2.115067016303984 and parameters: {'learning_rate': 0.01276633532848313, 'depth': 8, 'l2_leaf_reg': 1.0161472692794238, 'min_child_samples': 4}. Best is trial 50 with value: 2.1102624006124526.
[I 2025-03-19 16:54:27,358] Trial 129 finished with value: 2.1771023674872474 and parameters: {'learning_rate': 0.01687951651510555, 'depth': 15, 'l2_leaf_reg': 2.851726328432, 'min_child_samples': 32}. Best is trial 50 with value: 2.1102624006124526.
[I 2025-03-19 16:54:30,550] Trial 130 finished with value: 2.1164558205011517 and parameters: {'learning_rate': 0.015049869545102821, 'depth': 9, 'l2_leaf_reg': 2.7734190035293507, 'min_child_samples': 4}. Best is trial 50 with value: 2.1102624006124526.
[I 2025-03-19 16:54:33,606] Trial 131 finished with value: 2.125284969574308 and parameters: {'learning_rate': 0.007871947599911052, 'depth': 8, 'l2_leaf_reg': 2.9406667494582437, 'min_child_samples': 4}. Best is trial 50 with value: 2.1102624006124526.
[I 2025-03-19 16:54:36,622] Trial 132 finished with value: 2.1110371302764954 and parameters: {'learning_rate': 0.015638667642245235, 'depth': 8, 'l2_leaf_reg': 2.6058980498676267, 'min_child_samples': 4}. Best is trial 50 with value: 2.1102624006124526.
[I 2025-03-19 16:54:39,369] Trial 133 finished with value: 2.1130355059911863 and parameters: {'learning_rate': 0.01643462767110423, 'depth': 8, 'l2_leaf_reg': 2.6889272540634126, 'min_child_samples': 4}. Best is trial 50 with value: 2.1102624006124526.
[I 2025-03-19 16:54:42,085] Trial 134 finished with value: 2.1245425527671586 and parameters: {'learning_rate': 0.015606934386033633, 'depth': 8, 'l2_leaf_reg': 0.2811255939067929, 'min_child_samples': 4}. Best is trial 50 with value: 2.1102624006124526.
[I 2025-03-19 16:54:44,692] Trial 135 finished with value: 2.115133830140075 and parameters: {'learning_rate': 0.014273477838547925, 'depth': 7, 'l2_leaf_reg': 2.626308701106671, 'min_child_samples': 1}. Best is trial 50 with value: 2.1102624006124526.
