2025-03-19 12:20:14,510 - __main__ - INFO - Loading data...
2025-03-19 12:20:17,188 - __main__ - INFO - Loaded data from /app/nse/ml/output_19_01_2025_2: X shape=(2322432, 10), y shape=(2322432, 4)
2025-03-19 12:20:17,189 - __main__ - INFO - Preprocessing and splitting data...
2025-03-19 12:20:20,808 - __main__ - INFO - Starting hyperparameter optimization...
2025-03-19 12:20:20,809 - __main__ - INFO - Starting c_delta_z optimization...
2025-03-19 12:20:20,884 - __main__ - INFO - Starting hyperparameter optimization for c_delta_z
[I 2025-03-19 12:20:20,884] A new study created in memory with name: catboost-c_delta_z-seed42
[I 2025-03-19 12:20:22,398] Trial 0 finished with value: 0.4903757557695437 and parameters: {'learning_rate': 0.016633675808305767, 'depth': 7, 'l2_leaf_reg': 2.922232234252588, 'min_child_samples': 4}. Best is trial 0 with value: 0.4903757557695437.
[I 2025-03-19 12:20:25,931] Trial 1 finished with value: 0.44081220668100074 and parameters: {'learning_rate': 0.0037773030313854195, 'depth': 10, 'l2_leaf_reg': 1.5242635487470053, 'min_child_samples': 4}. Best is trial 1 with value: 0.44081220668100074.
[I 2025-03-19 12:20:30,452] Trial 2 finished with value: 0.390409499978446 and parameters: {'learning_rate': 0.012074092010023355, 'depth': 11, 'l2_leaf_reg': 1.3170250068401712, 'min_child_samples': 32}. Best is trial 2 with value: 0.390409499978446.
[I 2025-03-19 12:20:31,827] Trial 3 finished with value: 0.5480167136186445 and parameters: {'learning_rate': 0.004895080478439122, 'depth': 4, 'l2_leaf_reg': 2.6099297046851544, 'min_child_samples': 16}. Best is trial 2 with value: 0.390409499978446.
[I 2025-03-19 12:20:53,939] Trial 4 finished with value: 0.4579628045244689 and parameters: {'learning_rate': 0.0022494681623670275, 'depth': 16, 'l2_leaf_reg': 2.454339276795828, 'min_child_samples': 32}. Best is trial 2 with value: 0.390409499978446.
[I 2025-03-19 12:21:41,581] Trial 5 finished with value: 0.4067642237218421 and parameters: {'learning_rate': 0.016049228500704994, 'depth': 16, 'l2_leaf_reg': 2.6541438036643603, 'min_child_samples': 8}. Best is trial 2 with value: 0.390409499978446.
[I 2025-03-19 12:21:44,637] Trial 6 finished with value: 0.4209978486863549 and parameters: {'learning_rate': 0.009325078444064867, 'depth': 10, 'l2_leaf_reg': 1.651802526699452, 'min_child_samples': 1}. Best is trial 2 with value: 0.390409499978446.
[I 2025-03-19 12:21:59,269] Trial 7 finished with value: 0.4108044778727991 and parameters: {'learning_rate': 0.01440213238234149, 'depth': 14, 'l2_leaf_reg': 2.764033004496971, 'min_child_samples': 8}. Best is trial 2 with value: 0.390409499978446.
[I 2025-03-19 12:22:08,444] Trial 8 finished with value: 0.3952854168244543 and parameters: {'learning_rate': 0.01158400746842781, 'depth': 13, 'l2_leaf_reg': 1.551697764653968, 'min_child_samples': 4}. Best is trial 2 with value: 0.390409499978446.
[I 2025-03-19 12:22:36,025] Trial 9 finished with value: 0.380495932585186 and parameters: {'learning_rate': 0.01193468158654958, 'depth': 15, 'l2_leaf_reg': 0.9868443483754659, 'min_child_samples': 16}. Best is trial 9 with value: 0.380495932585186.
[I 2025-03-19 12:22:37,035] Trial 10 finished with value: 0.5215242314005303 and parameters: {'learning_rate': 0.019983058982120896, 'depth': 2, 'l2_leaf_reg': 0.09887736747993636, 'min_child_samples': 16}. Best is trial 9 with value: 0.380495932585186.
[I 2025-03-19 12:22:46,407] Trial 11 finished with value: 0.3780763926370378 and parameters: {'learning_rate': 0.008362432661653, 'depth': 13, 'l2_leaf_reg': 0.7300241607668558, 'min_child_samples': 32}. Best is trial 11 with value: 0.3780763926370378.
[I 2025-03-19 12:22:55,632] Trial 12 finished with value: 0.3749159004317617 and parameters: {'learning_rate': 0.007805619917450703, 'depth': 13, 'l2_leaf_reg': 0.5991404475947382, 'min_child_samples': 32}. Best is trial 12 with value: 0.3749159004317617.
[I 2025-03-19 12:22:57,040] Trial 13 finished with value: 0.49247567475699816 and parameters: {'learning_rate': 0.006830768151899829, 'depth': 7, 'l2_leaf_reg': 0.4070820805228455, 'min_child_samples': 32}. Best is trial 12 with value: 0.3749159004317617.
[I 2025-03-19 12:23:03,239] Trial 14 finished with value: 0.38615381936340926 and parameters: {'learning_rate': 0.007384827436169907, 'depth': 12, 'l2_leaf_reg': 0.7509500779774065, 'min_child_samples': 32}. Best is trial 12 with value: 0.3749159004317617.
[I 2025-03-19 12:23:05,644] Trial 15 finished with value: 0.5011677751252744 and parameters: {'learning_rate': 0.00033960540926272764, 'depth': 8, 'l2_leaf_reg': 0.6510040450494283, 'min_child_samples': 32}. Best is trial 12 with value: 0.3749159004317617.
[I 2025-03-19 12:23:15,185] Trial 16 finished with value: 0.34399662574227746 and parameters: {'learning_rate': 0.008263006609075611, 'depth': 13, 'l2_leaf_reg': 0.07792306599321952, 'min_child_samples': 1}. Best is trial 16 with value: 0.34399662574227746.
[I 2025-03-19 12:23:16,121] Trial 17 finished with value: 0.5232799725059379 and parameters: {'learning_rate': 0.006371954278264848, 'depth': 5, 'l2_leaf_reg': 0.025821015240071077, 'min_child_samples': 1}. Best is trial 16 with value: 0.34399662574227746.
[I 2025-03-19 12:23:19,880] Trial 18 finished with value: 0.4459093434490391 and parameters: {'learning_rate': 0.004530268178305333, 'depth': 10, 'l2_leaf_reg': 2.019925849155695, 'min_child_samples': 1}. Best is trial 16 with value: 0.34399662574227746.
[I 2025-03-19 12:23:35,782] Trial 19 finished with value: 0.34711325041442165 and parameters: {'learning_rate': 0.010331222582215438, 'depth': 14, 'l2_leaf_reg': 0.34708246739262294, 'min_child_samples': 1}. Best is trial 16 with value: 0.34399662574227746.
[I 2025-03-19 12:24:04,934] Trial 20 finished with value: 0.33204808340791675 and parameters: {'learning_rate': 0.014215219102095469, 'depth': 15, 'l2_leaf_reg': 0.3194202175448967, 'min_child_samples': 1}. Best is trial 20 with value: 0.33204808340791675.
[I 2025-03-19 12:24:33,640] Trial 21 finished with value: 0.3335930284738274 and parameters: {'learning_rate': 0.014112587511653668, 'depth': 15, 'l2_leaf_reg': 0.3353883909133242, 'min_child_samples': 1}. Best is trial 20 with value: 0.33204808340791675.
[I 2025-03-19 12:25:28,745] Trial 22 finished with value: 0.33528621836113 and parameters: {'learning_rate': 0.014043316529955528, 'depth': 16, 'l2_leaf_reg': 0.30055273894808043, 'min_child_samples': 1}. Best is trial 20 with value: 0.33204808340791675.
[I 2025-03-19 12:26:19,457] Trial 23 finished with value: 0.37181862883379296 and parameters: {'learning_rate': 0.01570469198120986, 'depth': 16, 'l2_leaf_reg': 1.0433621009363163, 'min_child_samples': 1}. Best is trial 20 with value: 0.33204808340791675.
[I 2025-03-19 12:26:48,055] Trial 24 finished with value: 0.32659383298863937 and parameters: {'learning_rate': 0.013881232781257991, 'depth': 15, 'l2_leaf_reg': 0.266138397597099, 'min_child_samples': 1}. Best is trial 24 with value: 0.32659383298863937.
[I 2025-03-19 12:27:03,049] Trial 25 finished with value: 0.3605776968738023 and parameters: {'learning_rate': 0.01849227263575192, 'depth': 14, 'l2_leaf_reg': 1.165492555421487, 'min_child_samples': 1}. Best is trial 24 with value: 0.32659383298863937.
[I 2025-03-19 12:27:31,368] Trial 26 finished with value: 0.34388658248992704 and parameters: {'learning_rate': 0.013758170448091245, 'depth': 15, 'l2_leaf_reg': 0.45353632876075256, 'min_child_samples': 1}. Best is trial 24 with value: 0.32659383298863937.
[I 2025-03-19 12:27:35,648] Trial 27 finished with value: 0.3539008562353351 and parameters: {'learning_rate': 0.018071853544714613, 'depth': 11, 'l2_leaf_reg': 0.8249033842004299, 'min_child_samples': 1}. Best is trial 24 with value: 0.32659383298863937.
[I 2025-03-19 12:28:01,728] Trial 28 finished with value: 0.396188726667273 and parameters: {'learning_rate': 0.0147580130164894, 'depth': 15, 'l2_leaf_reg': 1.9652240067313782, 'min_child_samples': 1}. Best is trial 24 with value: 0.32659383298863937.
[I 2025-03-19 12:28:07,603] Trial 29 finished with value: 0.3425788898738753 and parameters: {'learning_rate': 0.01290533404210191, 'depth': 12, 'l2_leaf_reg': 0.2221136958945058, 'min_child_samples': 8}. Best is trial 24 with value: 0.32659383298863937.
[I 2025-03-19 12:28:10,447] Trial 30 finished with value: 0.3774165651452522 and parameters: {'learning_rate': 0.01708514020840101, 'depth': 9, 'l2_leaf_reg': 0.5123290231070451, 'min_child_samples': 4}. Best is trial 24 with value: 0.32659383298863937.
[I 2025-03-19 12:29:05,456] Trial 31 finished with value: 0.34454752337176087 and parameters: {'learning_rate': 0.010426687564934155, 'depth': 16, 'l2_leaf_reg': 0.25970467334846925, 'min_child_samples': 1}. Best is trial 24 with value: 0.32659383298863937.
[I 2025-03-19 12:29:34,126] Trial 32 finished with value: 0.3293871057681768 and parameters: {'learning_rate': 0.013599545445928488, 'depth': 15, 'l2_leaf_reg': 0.2680428080196226, 'min_child_samples': 1}. Best is trial 24 with value: 0.32659383298863937.
[I 2025-03-19 12:29:49,678] Trial 33 finished with value: 0.3208504259377869 and parameters: {'learning_rate': 0.015255650013964636, 'depth': 14, 'l2_leaf_reg': 0.1886899840081702, 'min_child_samples': 1}. Best is trial 33 with value: 0.3208504259377869.
[I 2025-03-19 12:29:55,693] Trial 34 finished with value: 0.30858571277860447 and parameters: {'learning_rate': 0.017028891457168564, 'depth': 12, 'l2_leaf_reg': 0.008965674927394196, 'min_child_samples': 1}. Best is trial 34 with value: 0.30858571277860447.
[I 2025-03-19 12:30:01,828] Trial 35 finished with value: 0.3221620819326452 and parameters: {'learning_rate': 0.016877852923453555, 'depth': 12, 'l2_leaf_reg': 0.03525498126332799, 'min_child_samples': 4}. Best is trial 34 with value: 0.30858571277860447.
[I 2025-03-19 12:30:06,418] Trial 36 finished with value: 0.3189473546978568 and parameters: {'learning_rate': 0.0169123299213583, 'depth': 11, 'l2_leaf_reg': 0.008585240499140778, 'min_child_samples': 4}. Best is trial 34 with value: 0.30858571277860447.
[I 2025-03-19 12:30:11,163] Trial 37 finished with value: 0.3297326836006392 and parameters: {'learning_rate': 0.017284547880009386, 'depth': 11, 'l2_leaf_reg': 0.04828901761347505, 'min_child_samples': 4}. Best is trial 34 with value: 0.30858571277860447.
[I 2025-03-19 12:30:17,360] Trial 38 finished with value: 0.3260330656342061 and parameters: {'learning_rate': 0.019261641526949702, 'depth': 12, 'l2_leaf_reg': 0.14816650440112697, 'min_child_samples': 4}. Best is trial 34 with value: 0.30858571277860447.
[I 2025-03-19 12:30:20,550] Trial 39 finished with value: 0.38526505396220007 and parameters: {'learning_rate': 0.015654246563581616, 'depth': 9, 'l2_leaf_reg': 0.5546024996509623, 'min_child_samples': 4}. Best is trial 34 with value: 0.30858571277860447.
[I 2025-03-19 12:30:25,250] Trial 40 finished with value: 0.32188151492315276 and parameters: {'learning_rate': 0.01677261974577062, 'depth': 11, 'l2_leaf_reg': 0.024985614114156424, 'min_child_samples': 4}. Best is trial 34 with value: 0.30858571277860447.
[I 2025-03-19 12:30:29,710] Trial 41 finished with value: 0.3132136563767092 and parameters: {'learning_rate': 0.016780206639870808, 'depth': 11, 'l2_leaf_reg': 0.0017006901377473807, 'min_child_samples': 4}. Best is trial 34 with value: 0.30858571277860447.
[I 2025-03-19 12:30:33,477] Trial 42 finished with value: 0.34418430898033414 and parameters: {'learning_rate': 0.0181895036073734, 'depth': 10, 'l2_leaf_reg': 0.15399240818604476, 'min_child_samples': 4}. Best is trial 34 with value: 0.30858571277860447.
[I 2025-03-19 12:30:37,889] Trial 43 finished with value: 0.408649394485614 and parameters: {'learning_rate': 0.0161153080715108, 'depth': 11, 'l2_leaf_reg': 2.998567280364284, 'min_child_samples': 4}. Best is trial 34 with value: 0.30858571277860447.
[I 2025-03-19 12:30:42,487] Trial 44 finished with value: 0.322147895732855 and parameters: {'learning_rate': 0.015291664130605823, 'depth': 11, 'l2_leaf_reg': 0.021160161025456998, 'min_child_samples': 4}. Best is trial 34 with value: 0.30858571277860447.
[I 2025-03-19 12:30:44,973] Trial 45 finished with value: 0.3859906307897244 and parameters: {'learning_rate': 0.019264071437158588, 'depth': 8, 'l2_leaf_reg': 0.43745428058590385, 'min_child_samples': 16}. Best is trial 34 with value: 0.30858571277860447.
[I 2025-03-19 12:30:47,931] Trial 46 finished with value: 0.35740314730264383 and parameters: {'learning_rate': 0.017606986758383594, 'depth': 9, 'l2_leaf_reg': 0.15641664891632595, 'min_child_samples': 4}. Best is trial 34 with value: 0.30858571277860447.
[I 2025-03-19 12:30:51,715] Trial 47 finished with value: 0.37338733540664115 and parameters: {'learning_rate': 0.01646940344528887, 'depth': 10, 'l2_leaf_reg': 0.8445978710402394, 'min_child_samples': 8}. Best is trial 34 with value: 0.30858571277860447.
[I 2025-03-19 12:31:00,934] Trial 48 finished with value: 0.3771466850053608 and parameters: {'learning_rate': 0.019015620935023302, 'depth': 13, 'l2_leaf_reg': 1.7717833834292662, 'min_child_samples': 4}. Best is trial 34 with value: 0.30858571277860447.
[I 2025-03-19 12:31:01,997] Trial 49 finished with value: 0.5200506150406381 and parameters: {'learning_rate': 0.011248156017503522, 'depth': 5, 'l2_leaf_reg': 1.367021112772838, 'min_child_samples': 16}. Best is trial 34 with value: 0.30858571277860447.
[I 2025-03-19 12:31:08,206] Trial 50 finished with value: 0.4084542385310206 and parameters: {'learning_rate': 0.012764392856995287, 'depth': 12, 'l2_leaf_reg': 2.4292397660366767, 'min_child_samples': 4}. Best is trial 34 with value: 0.30858571277860447.
[I 2025-03-19 12:31:12,624] Trial 51 finished with value: 0.32471324085450426 and parameters: {'learning_rate': 0.015081148763840209, 'depth': 11, 'l2_leaf_reg': 0.029575249577300268, 'min_child_samples': 4}. Best is trial 34 with value: 0.30858571277860447.
[I 2025-03-19 12:31:16,477] Trial 52 finished with value: 0.33509835548316297 and parameters: {'learning_rate': 0.015376862970550336, 'depth': 10, 'l2_leaf_reg': 0.010280824982426452, 'min_child_samples': 4}. Best is trial 34 with value: 0.30858571277860447.
[I 2025-03-19 12:31:17,355] Trial 53 finished with value: 0.526855620853032 and parameters: {'learning_rate': 0.01624139940497787, 'depth': 1, 'l2_leaf_reg': 0.17611362185741478, 'min_child_samples': 4}. Best is trial 34 with value: 0.30858571277860447.
[I 2025-03-19 12:31:26,939] Trial 54 finished with value: 0.3287953795485288 and parameters: {'learning_rate': 0.017542865079350635, 'depth': 13, 'l2_leaf_reg': 0.4291824764920806, 'min_child_samples': 4}. Best is trial 34 with value: 0.30858571277860447.
[I 2025-03-19 12:31:31,434] Trial 55 finished with value: 0.35193066771943615 and parameters: {'learning_rate': 0.01652714893227956, 'depth': 11, 'l2_leaf_reg': 0.6442518145869421, 'min_child_samples': 8}. Best is trial 34 with value: 0.30858571277860447.
[I 2025-03-19 12:31:47,428] Trial 56 finished with value: 0.3240804140322085 and parameters: {'learning_rate': 0.012868267532675602, 'depth': 14, 'l2_leaf_reg': 0.16256880347362526, 'min_child_samples': 4}. Best is trial 34 with value: 0.30858571277860447.
[I 2025-03-19 12:31:49,453] Trial 57 finished with value: 0.41319875291729996 and parameters: {'learning_rate': 0.015076618535519306, 'depth': 7, 'l2_leaf_reg': 0.0011241347215323674, 'min_child_samples': 4}. Best is trial 34 with value: 0.30858571277860447.
[I 2025-03-19 12:31:55,804] Trial 58 finished with value: 0.3262624474988068 and parameters: {'learning_rate': 0.01855515410331831, 'depth': 12, 'l2_leaf_reg': 0.36425025840347136, 'min_child_samples': 32}. Best is trial 34 with value: 0.30858571277860447.
[I 2025-03-19 12:31:58,398] Trial 59 finished with value: 0.3932654269146003 and parameters: {'learning_rate': 0.01775630985351352, 'depth': 8, 'l2_leaf_reg': 0.5253050916014681, 'min_child_samples': 16}. Best is trial 34 with value: 0.30858571277860447.
[I 2025-03-19 12:32:07,874] Trial 60 finished with value: 0.31729681716302305 and parameters: {'learning_rate': 0.019791685299061175, 'depth': 13, 'l2_leaf_reg': 0.12576089711428512, 'min_child_samples': 4}. Best is trial 34 with value: 0.30858571277860447.
[I 2025-03-19 12:32:17,437] Trial 61 finished with value: 0.31834609691146004 and parameters: {'learning_rate': 0.019660876523986383, 'depth': 13, 'l2_leaf_reg': 0.13610463360606478, 'min_child_samples': 4}. Best is trial 34 with value: 0.30858571277860447.
[I 2025-03-19 12:32:26,948] Trial 62 finished with value: 0.3171602221158381 and parameters: {'learning_rate': 0.019801890823093977, 'depth': 13, 'l2_leaf_reg': 0.13320603099502068, 'min_child_samples': 4}. Best is trial 34 with value: 0.30858571277860447.
[I 2025-03-19 12:32:42,944] Trial 63 finished with value: 0.31457134930454056 and parameters: {'learning_rate': 0.019598694983250897, 'depth': 14, 'l2_leaf_reg': 0.2428631151251628, 'min_child_samples': 4}. Best is trial 34 with value: 0.30858571277860447.
[I 2025-03-19 12:32:52,243] Trial 64 finished with value: 0.3204389359261343 and parameters: {'learning_rate': 0.019982610562181882, 'depth': 13, 'l2_leaf_reg': 0.2726158860928226, 'min_child_samples': 4}. Best is trial 34 with value: 0.30858571277860447.
[I 2025-03-19 12:33:07,959] Trial 65 finished with value: 0.3199608073750895 and parameters: {'learning_rate': 0.01992393857134371, 'depth': 14, 'l2_leaf_reg': 0.3745031081492046, 'min_child_samples': 4}. Best is trial 34 with value: 0.30858571277860447.
[I 2025-03-19 12:33:17,217] Trial 66 finished with value: 0.31805232173712783 and parameters: {'learning_rate': 0.018960216542714594, 'depth': 13, 'l2_leaf_reg': 0.11126091309486721, 'min_child_samples': 4}. Best is trial 34 with value: 0.30858571277860447.
[I 2025-03-19 12:33:26,187] Trial 67 finished with value: 0.32439617646576485 and parameters: {'learning_rate': 0.019104800054287836, 'depth': 13, 'l2_leaf_reg': 0.11332028032158312, 'min_child_samples': 4}. Best is trial 34 with value: 0.30858571277860447.
[I 2025-03-19 12:33:42,170] Trial 68 finished with value: 0.3180946109544972 and parameters: {'learning_rate': 0.01860543633158697, 'depth': 14, 'l2_leaf_reg': 0.272070068715922, 'min_child_samples': 4}. Best is trial 34 with value: 0.30858571277860447.
[I 2025-03-19 12:33:57,628] Trial 69 finished with value: 0.34188588128147257 and parameters: {'learning_rate': 0.018556861169537416, 'depth': 14, 'l2_leaf_reg': 0.6937179239409841, 'min_child_samples': 32}. Best is trial 34 with value: 0.30858571277860447.
[I 2025-03-19 12:34:03,618] Trial 70 finished with value: 0.3296864320709914 and parameters: {'learning_rate': 0.018605682079044533, 'depth': 12, 'l2_leaf_reg': 0.4848288702918795, 'min_child_samples': 4}. Best is trial 34 with value: 0.30858571277860447.
[I 2025-03-19 12:34:19,537] Trial 71 finished with value: 0.31762404729842114 and parameters: {'learning_rate': 0.01958647679093028, 'depth': 14, 'l2_leaf_reg': 0.2895279636713174, 'min_child_samples': 4}. Best is trial 34 with value: 0.30858571277860447.
[I 2025-03-19 12:34:35,361] Trial 72 finished with value: 0.31449338653235653 and parameters: {'learning_rate': 0.01945301167601278, 'depth': 14, 'l2_leaf_reg': 0.25991345277333755, 'min_child_samples': 4}. Best is trial 34 with value: 0.30858571277860447.
[I 2025-03-19 12:35:04,091] Trial 73 finished with value: 0.3233292405319276 and parameters: {'learning_rate': 0.019523831167924686, 'depth': 15, 'l2_leaf_reg': 0.3532029522018006, 'min_child_samples': 4}. Best is trial 34 with value: 0.30858571277860447.
[I 2025-03-19 12:35:19,669] Trial 74 finished with value: 0.3152457645089532 and parameters: {'learning_rate': 0.017860598232456736, 'depth': 14, 'l2_leaf_reg': 0.23254459745916128, 'min_child_samples': 4}. Best is trial 34 with value: 0.30858571277860447.
[I 2025-03-19 12:36:13,008] Trial 75 finished with value: 0.3452912839728481 and parameters: {'learning_rate': 0.01814451024274188, 'depth': 16, 'l2_leaf_reg': 0.5893803810445568, 'min_child_samples': 8}. Best is trial 34 with value: 0.30858571277860447.
[I 2025-03-19 12:36:41,747] Trial 76 finished with value: 0.31878666672996625 and parameters: {'learning_rate': 0.017657243203147856, 'depth': 15, 'l2_leaf_reg': 0.23030125835139964, 'min_child_samples': 4}. Best is trial 34 with value: 0.30858571277860447.
[I 2025-03-19 12:36:57,086] Trial 77 finished with value: 0.3440725163818703 and parameters: {'learning_rate': 0.019453126907591326, 'depth': 14, 'l2_leaf_reg': 0.775222992135091, 'min_child_samples': 4}. Best is trial 34 with value: 0.30858571277860447.
[I 2025-03-19 12:37:02,698] Trial 78 finished with value: 0.44212704783988005 and parameters: {'learning_rate': 0.001547119951668445, 'depth': 12, 'l2_leaf_reg': 0.41638068306863385, 'min_child_samples': 4}. Best is trial 34 with value: 0.30858571277860447.
[I 2025-03-19 12:37:18,729] Trial 79 finished with value: 0.3137186298369075 and parameters: {'learning_rate': 0.01806730247808528, 'depth': 14, 'l2_leaf_reg': 0.22874789884150992, 'min_child_samples': 4}. Best is trial 34 with value: 0.30858571277860447.
[I 2025-03-19 12:37:28,004] Trial 80 finished with value: 0.35238183044119137 and parameters: {'learning_rate': 0.017161303330500248, 'depth': 13, 'l2_leaf_reg': 0.977002463058633, 'min_child_samples': 16}. Best is trial 34 with value: 0.30858571277860447.
[I 2025-03-19 12:37:44,042] Trial 81 finished with value: 0.3202542813770318 and parameters: {'learning_rate': 0.018203290405997226, 'depth': 14, 'l2_leaf_reg': 0.31207647012668743, 'min_child_samples': 4}. Best is trial 34 with value: 0.30858571277860447.
[I 2025-03-19 12:38:12,973] Trial 82 finished with value: 0.31402802695383275 and parameters: {'learning_rate': 0.019887126579396303, 'depth': 15, 'l2_leaf_reg': 0.22846083154585986, 'min_child_samples': 4}. Best is trial 34 with value: 0.30858571277860447.
