[I 2025-03-19 15:08:29,966] Trial 168 finished with value: 0.4043799755584222 and parameters: {'learning_rate': 0.018159926248941846, 'depth': 16, 'l2_leaf_reg': 2.7106453255445313, 'min_child_samples': 8}. Best is trial 164 with value: 0.305949031600901.
[I 2025-03-19 15:12:17,908] Trial 169 finished with value: 0.30589028336082286 and parameters: {'learning_rate': 0.018563678148346915, 'depth': 16, 'l2_leaf_reg': 0.13606619428318323, 'min_child_samples': 8}. Best is trial 169 with value: 0.30589028336082286.
[I 2025-03-19 15:14:38,638] Trial 170 finished with value: 0.3195018906556036 and parameters: {'learning_rate': 0.018430040652615914, 'depth': 16, 'l2_leaf_reg': 0.25793373714114154, 'min_child_samples': 8}. Best is trial 169 with value: 0.30589028336082286.
[I 2025-03-19 15:15:58,056] Trial 171 finished with value: 0.3104330017224109 and parameters: {'learning_rate': 0.018568758750710505, 'depth': 16, 'l2_leaf_reg': 0.14640115520485086, 'min_child_samples': 8}. Best is trial 169 with value: 0.30589028336082286.
[I 2025-03-19 15:21:15,952] Trial 172 finished with value: 0.3068225354247679 and parameters: {'learning_rate': 0.01878252522718473, 'depth': 16, 'l2_leaf_reg': 0.13210765872606797, 'min_child_samples': 8}. Best is trial 169 with value: 0.30589028336082286.
[I 2025-03-19 15:22:38,927] Trial 173 finished with value: 0.3078866166702125 and parameters: {'learning_rate': 0.018850244153050887, 'depth': 16, 'l2_leaf_reg': 0.14208135152359938, 'min_child_samples': 8}. Best is trial 169 with value: 0.30589028336082286.
[I 2025-03-19 15:23:52,047] Trial 174 finished with value: 0.31105928999999155 and parameters: {'learning_rate': 0.018671776541186732, 'depth': 16, 'l2_leaf_reg': 0.14559109708102194, 'min_child_samples': 8}. Best is trial 169 with value: 0.30589028336082286.
[I 2025-03-19 15:27:27,370] Trial 175 finished with value: 0.3137320899188201 and parameters: {'learning_rate': 0.019201861421764367, 'depth': 16, 'l2_leaf_reg': 0.2145694851462912, 'min_child_samples': 8}. Best is trial 169 with value: 0.30589028336082286.
[I 2025-03-19 15:29:38,054] Trial 176 finished with value: 0.3235327837771701 and parameters: {'learning_rate': 0.01886624050556075, 'depth': 16, 'l2_leaf_reg': 0.3146237816650368, 'min_child_samples': 8}. Best is trial 169 with value: 0.30589028336082286.
[I 2025-03-19 15:30:49,814] Trial 177 finished with value: 0.3065978650427184 and parameters: {'learning_rate': 0.01811742087523249, 'depth': 16, 'l2_leaf_reg': 0.13437496141978317, 'min_child_samples': 8}. Best is trial 169 with value: 0.30589028336082286.
[I 2025-03-19 15:33:23,931] Trial 178 finished with value: 0.33233501152871897 and parameters: {'learning_rate': 0.018348150993602645, 'depth': 16, 'l2_leaf_reg': 0.0021171347040688238, 'min_child_samples': 8}. Best is trial 169 with value: 0.30589028336082286.
[I 2025-03-19 15:37:21,238] Trial 179 finished with value: 0.3196073251076376 and parameters: {'learning_rate': 0.018875496234876204, 'depth': 16, 'l2_leaf_reg': 0.2496460835095177, 'min_child_samples': 8}. Best is trial 169 with value: 0.30589028336082286.
[I 2025-03-19 15:37:24,844] Trial 180 finished with value: 0.351209050004342 and parameters: {'learning_rate': 0.0192784301740302, 'depth': 9, 'l2_leaf_reg': 0.13004740237443038, 'min_child_samples': 8}. Best is trial 169 with value: 0.30589028336082286.
[I 2025-03-19 15:38:34,091] Trial 181 finished with value: 0.3123022162197517 and parameters: {'learning_rate': 0.017923193778767565, 'depth': 16, 'l2_leaf_reg': 0.1537093454435501, 'min_child_samples': 8}. Best is trial 169 with value: 0.30589028336082286.
[I 2025-03-19 15:40:29,336] Trial 182 finished with value: 0.313068071392231 and parameters: {'learning_rate': 0.01834028847974123, 'depth': 16, 'l2_leaf_reg': 0.19844660337874256, 'min_child_samples': 8}. Best is trial 169 with value: 0.30589028336082286.
[I 2025-03-19 15:44:41,824] Trial 183 finished with value: 0.3232342229992493 and parameters: {'learning_rate': 0.01781204084576226, 'depth': 16, 'l2_leaf_reg': 0.04477119311980155, 'min_child_samples': 8}. Best is trial 169 with value: 0.30589028336082286.
[I 2025-03-19 15:46:02,261] Trial 184 finished with value: 0.30680349913266314 and parameters: {'learning_rate': 0.018623386756303043, 'depth': 16, 'l2_leaf_reg': 0.11988667170539931, 'min_child_samples': 8}. Best is trial 169 with value: 0.30589028336082286.
[I 2025-03-19 15:47:38,521] Trial 185 finished with value: 0.3065893570346449 and parameters: {'learning_rate': 0.019235617660809622, 'depth': 16, 'l2_leaf_reg': 0.11849510813115993, 'min_child_samples': 8}. Best is trial 169 with value: 0.30589028336082286.
[I 2025-03-19 15:52:47,396] Trial 186 finished with value: 0.3063036519957465 and parameters: {'learning_rate': 0.018741218983388316, 'depth': 16, 'l2_leaf_reg': 0.11635813339390295, 'min_child_samples': 8}. Best is trial 169 with value: 0.30589028336082286.
[I 2025-03-19 15:53:50,469] Trial 187 finished with value: 0.38127596638328914 and parameters: {'learning_rate': 0.01939594695215172, 'depth': 16, 'l2_leaf_reg': 1.4595032001828128, 'min_child_samples': 8}. Best is trial 169 with value: 0.30589028336082286.
[I 2025-03-19 15:54:33,722] Trial 188 finished with value: 0.3174382787004621 and parameters: {'learning_rate': 0.018778386941127618, 'depth': 15, 'l2_leaf_reg': 0.24472922098631433, 'min_child_samples': 1}. Best is trial 169 with value: 0.30589028336082286.
[I 2025-03-19 15:59:59,033] Trial 189 finished with value: 0.30601131589534203 and parameters: {'learning_rate': 0.018470518301432554, 'depth': 16, 'l2_leaf_reg': 0.13513638258736263, 'min_child_samples': 8}. Best is trial 169 with value: 0.30589028336082286.
[I 2025-03-19 16:01:18,862] Trial 190 finished with value: 0.3280062778299534 and parameters: {'learning_rate': 0.018205474640962293, 'depth': 16, 'l2_leaf_reg': 0.3256929373996782, 'min_child_samples': 8}. Best is trial 169 with value: 0.30589028336082286.
[I 2025-03-19 16:03:10,315] Trial 191 finished with value: 0.3070401165803997 and parameters: {'learning_rate': 0.018613079201670484, 'depth': 16, 'l2_leaf_reg': 0.12240458814408123, 'min_child_samples': 8}. Best is trial 169 with value: 0.30589028336082286.
[I 2025-03-19 16:07:55,735] Trial 192 finished with value: 0.4066391980158723 and parameters: {'learning_rate': 0.01926728174210991, 'depth': 16, 'l2_leaf_reg': 2.868255640416339, 'min_child_samples': 8}. Best is trial 169 with value: 0.30589028336082286.
[I 2025-03-19 16:09:15,863] Trial 193 finished with value: 0.32174918964788146 and parameters: {'learning_rate': 0.018997070309146113, 'depth': 16, 'l2_leaf_reg': 0.04212519480599057, 'min_child_samples': 8}. Best is trial 169 with value: 0.30589028336082286.
[I 2025-03-19 16:11:31,339] Trial 194 finished with value: 0.3070409239141079 and parameters: {'learning_rate': 0.01854154079399424, 'depth': 16, 'l2_leaf_reg': 0.11232738051698694, 'min_child_samples': 8}. Best is trial 169 with value: 0.30589028336082286.
[I 2025-03-19 16:15:58,936] Trial 195 finished with value: 0.31224726127002134 and parameters: {'learning_rate': 0.018609008168620645, 'depth': 16, 'l2_leaf_reg': 0.19272730967561477, 'min_child_samples': 8}. Best is trial 169 with value: 0.30589028336082286.
[I 2025-03-19 16:16:36,103] Trial 196 finished with value: 0.3073732688384917 and parameters: {'learning_rate': 0.01999177601080653, 'depth': 15, 'l2_leaf_reg': 0.11965266506150381, 'min_child_samples': 8}. Best is trial 169 with value: 0.30589028336082286.
[I 2025-03-19 16:17:29,526] Trial 197 finished with value: 0.311032188428155 and parameters: {'learning_rate': 0.01949323879593805, 'depth': 15, 'l2_leaf_reg': 0.19479607113488556, 'min_child_samples': 8}. Best is trial 169 with value: 0.30589028336082286.
[I 2025-03-19 16:18:21,583] Trial 198 finished with value: 0.3599137934341855 and parameters: {'learning_rate': 0.01899028857503542, 'depth': 15, 'l2_leaf_reg': 1.041194189157054, 'min_child_samples': 8}. Best is trial 169 with value: 0.30589028336082286.
[I 2025-03-19 16:22:20,135] Trial 199 finished with value: 0.32171141251040114 and parameters: {'learning_rate': 0.01985403109597734, 'depth': 16, 'l2_leaf_reg': 0.04124563693632986, 'min_child_samples': 8}. Best is trial 169 with value: 0.30589028336082286.
2025-03-19 16:22:20,583 - __main__ - INFO - Best RMSE: 0.3059
2025-03-19 16:22:21,054 - __main__ - INFO - Best parameters: {'learning_rate': 0.018563678148346915, 'depth': 16, 'l2_leaf_reg': 0.13606619428318323, 'min_child_samples': 8}
2025-03-19 16:22:21,497 - __main__ - INFO - {'learning_rate': 0.018563678148346915, 'depth': 16, 'l2_leaf_reg': 0.13606619428318323, 'min_child_samples': 8, 'grow_policy': 'SymmetricTree', 'iterations': 500, 'use_best_model': True, 'eval_metric': 'RMSE', 'loss_function': 'RMSE', 'od_type': 'iter', 'od_wait': 20, 'task_type': 'GPU', 'random_state': 42, 'logging_level': 'Silent'}
2025-03-19 16:22:21,972 - __main__ - INFO - Starting c_delta_y optimization...
2025-03-19 16:22:22,550 - __main__ - INFO - Starting hyperparameter optimization for c_delta_y
[I 2025-03-19 16:22:22,860] A new study created in memory with name: catboost-c_delta_y-seed42
[I 2025-03-19 16:23:03,987] Trial 0 finished with value: 2.122982623281468 and parameters: {'learning_rate': 0.016331520840947612, 'depth': 7, 'l2_leaf_reg': 2.195816746683675, 'min_child_samples': 32}. Best is trial 0 with value: 2.122982623281468.
[I 2025-03-19 16:23:48,348] Trial 1 finished with value: 2.1185997421247342 and parameters: {'learning_rate': 0.012059548701378436, 'depth': 7, 'l2_leaf_reg': 0.9225644259067648, 'min_child_samples': 16}. Best is trial 1 with value: 2.1185997421247342.
[I 2025-03-19 16:23:52,209] Trial 2 finished with value: 2.116334924398775 and parameters: {'learning_rate': 0.0133564810816837, 'depth': 9, 'l2_leaf_reg': 1.665639250029196, 'min_child_samples': 8}. Best is trial 2 with value: 2.116334924398775.
[I 2025-03-19 16:23:55,225] Trial 3 finished with value: 2.1142063679548726 and parameters: {'learning_rate': 0.01594558352267979, 'depth': 9, 'l2_leaf_reg': 1.6133359138240864, 'min_child_samples': 4}. Best is trial 3 with value: 2.1142063679548726.
[I 2025-03-19 16:23:59,137] Trial 4 finished with value: 2.1181650055223766 and parameters: {'learning_rate': 0.015755495565558542, 'depth': 8, 'l2_leaf_reg': 0.403591718323826, 'min_child_samples': 4}. Best is trial 3 with value: 2.1142063679548726.
[I 2025-03-19 16:24:02,579] Trial 5 finished with value: 2.1206386955548155 and parameters: {'learning_rate': 0.013712965341057717, 'depth': 6, 'l2_leaf_reg': 1.5728047785041184, 'min_child_samples': 4}. Best is trial 3 with value: 2.1142063679548726.
[I 2025-03-19 16:24:04,710] Trial 6 finished with value: 2.3393763287991063 and parameters: {'learning_rate': 0.007008994326975766, 'depth': 1, 'l2_leaf_reg': 0.18009883537610483, 'min_child_samples': 1}. Best is trial 3 with value: 2.1142063679548726.
[I 2025-03-19 16:24:11,588] Trial 7 finished with value: 2.1321848588727517 and parameters: {'learning_rate': 0.004326307559302433, 'depth': 11, 'l2_leaf_reg': 0.09449566957827171, 'min_child_samples': 1}. Best is trial 3 with value: 2.1142063679548726.
[I 2025-03-19 16:24:14,142] Trial 8 finished with value: 2.1449358351350556 and parameters: {'learning_rate': 0.013826436052924744, 'depth': 4, 'l2_leaf_reg': 1.2765217996760687, 'min_child_samples': 32}. Best is trial 3 with value: 2.1142063679548726.
[I 2025-03-19 16:24:20,051] Trial 9 finished with value: 2.135830301750888 and parameters: {'learning_rate': 0.01851442394516222, 'depth': 11, 'l2_leaf_reg': 1.5101098885972706, 'min_child_samples': 1}. Best is trial 3 with value: 2.1142063679548726.
[I 2025-03-19 16:25:51,771] Trial 10 finished with value: 2.2033333303223195 and parameters: {'learning_rate': 0.008767489420370082, 'depth': 16, 'l2_leaf_reg': 2.9109581246053735, 'min_child_samples': 4}. Best is trial 3 with value: 2.1142063679548726.
[I 2025-03-19 16:28:15,040] Trial 11 finished with value: 2.1443372371451055 and parameters: {'learning_rate': 0.018896475667155865, 'depth': 12, 'l2_leaf_reg': 2.160980170326576, 'min_child_samples': 8}. Best is trial 3 with value: 2.1142063679548726.
[I 2025-03-19 16:31:28,444] Trial 12 finished with value: 2.357624977837353 and parameters: {'learning_rate': 0.0002136987622741414, 'depth': 14, 'l2_leaf_reg': 2.0507879328688614, 'min_child_samples': 8}. Best is trial 3 with value: 2.1142063679548726.
[I 2025-03-19 16:31:36,895] Trial 13 finished with value: 2.1158107667346737 and parameters: {'learning_rate': 0.011029537840442697, 'depth': 9, 'l2_leaf_reg': 0.935369639035676, 'min_child_samples': 8}. Best is trial 3 with value: 2.1142063679548726.
[I 2025-03-19 16:31:39,420] Trial 14 finished with value: 2.1459290064021013 and parameters: {'learning_rate': 0.009862725691388876, 'depth': 4, 'l2_leaf_reg': 0.7986902439275856, 'min_child_samples': 16}. Best is trial 3 with value: 2.1142063679548726.
[I 2025-03-19 16:31:43,484] Trial 15 finished with value: 2.126149561400742 and parameters: {'learning_rate': 0.005196194099713608, 'depth': 9, 'l2_leaf_reg': 0.8372992831740563, 'min_child_samples': 8}. Best is trial 3 with value: 2.1142063679548726.
[I 2025-03-19 16:31:55,090] Trial 16 finished with value: 2.1591976477685613 and parameters: {'learning_rate': 0.011429726874177737, 'depth': 13, 'l2_leaf_reg': 1.1912769129972336, 'min_child_samples': 4}. Best is trial 3 with value: 2.1142063679548726.
[I 2025-03-19 16:32:00,083] Trial 17 finished with value: 2.1232578089024323 and parameters: {'learning_rate': 0.016522104752032914, 'depth': 10, 'l2_leaf_reg': 2.8021513818148622, 'min_child_samples': 8}. Best is trial 3 with value: 2.1142063679548726.
[I 2025-03-19 16:32:03,413] Trial 18 finished with value: 2.1307202992344196 and parameters: {'learning_rate': 0.019761802090900463, 'depth': 5, 'l2_leaf_reg': 1.8709479048702096, 'min_child_samples': 4}. Best is trial 3 with value: 2.1142063679548726.
[I 2025-03-19 16:32:05,684] Trial 19 finished with value: 2.3379395961964633 and parameters: {'learning_rate': 0.008214939264908867, 'depth': 1, 'l2_leaf_reg': 2.4803917089317817, 'min_child_samples': 16}. Best is trial 3 with value: 2.1142063679548726.
[I 2025-03-19 16:33:02,776] Trial 20 finished with value: 2.1570846882475587 and parameters: {'learning_rate': 0.01115977709821934, 'depth': 15, 'l2_leaf_reg': 0.40464338081840967, 'min_child_samples': 32}. Best is trial 3 with value: 2.1142063679548726.
[I 2025-03-19 16:33:39,061] Trial 21 finished with value: 2.11549589269509 and parameters: {'learning_rate': 0.013066226876204345, 'depth': 9, 'l2_leaf_reg': 1.7315119560180878, 'min_child_samples': 8}. Best is trial 3 with value: 2.1142063679548726.
[I 2025-03-19 16:34:04,049] Trial 22 finished with value: 2.1229557779529897 and parameters: {'learning_rate': 0.014924974522553364, 'depth': 10, 'l2_leaf_reg': 1.2021450588612688, 'min_child_samples': 8}. Best is trial 3 with value: 2.1142063679548726.
[I 2025-03-19 16:34:24,862] Trial 23 finished with value: 2.1186844304616916 and parameters: {'learning_rate': 0.01771813141229396, 'depth': 8, 'l2_leaf_reg': 1.73452400790443, 'min_child_samples': 8}. Best is trial 3 with value: 2.1142063679548726.
[I 2025-03-19 16:34:45,973] Trial 24 finished with value: 2.1471800446415545 and parameters: {'learning_rate': 0.012645611065084345, 'depth': 12, 'l2_leaf_reg': 1.3244461259266416, 'min_child_samples': 8}. Best is trial 3 with value: 2.1142063679548726.
[I 2025-03-19 16:35:03,218] Trial 25 finished with value: 2.1215012311499124 and parameters: {'learning_rate': 0.014677025118269987, 'depth': 10, 'l2_leaf_reg': 0.984149221064355, 'min_child_samples': 4}. Best is trial 3 with value: 2.1142063679548726.
[I 2025-03-19 16:35:18,206] Trial 26 finished with value: 2.1172974304483523 and parameters: {'learning_rate': 0.010434653204504372, 'depth': 7, 'l2_leaf_reg': 1.9178421441222122, 'min_child_samples': 8}. Best is trial 3 with value: 2.1142063679548726.
[I 2025-03-19 16:35:33,630] Trial 27 finished with value: 2.120960244589887 and parameters: {'learning_rate': 0.016997080547141476, 'depth': 6, 'l2_leaf_reg': 2.4640393577868283, 'min_child_samples': 8}. Best is trial 3 with value: 2.1142063679548726.
[I 2025-03-19 16:35:54,519] Trial 28 finished with value: 2.174377124278197 and parameters: {'learning_rate': 0.009409420913914262, 'depth': 3, 'l2_leaf_reg': 0.4885055917417646, 'min_child_samples': 4}. Best is trial 3 with value: 2.1142063679548726.
[I 2025-03-19 16:36:14,044] Trial 29 finished with value: 2.119198294978923 and parameters: {'learning_rate': 0.015559882080368433, 'depth': 8, 'l2_leaf_reg': 0.6102407643820627, 'min_child_samples': 32}. Best is trial 3 with value: 2.1142063679548726.
[I 2025-03-19 16:36:33,687] Trial 30 finished with value: 2.168988475575157 and parameters: {'learning_rate': 0.007143188241948439, 'depth': 12, 'l2_leaf_reg': 2.277033425346361, 'min_child_samples': 16}. Best is trial 3 with value: 2.1142063679548726.
[I 2025-03-19 16:36:49,862] Trial 31 finished with value: 2.1163587663340775 and parameters: {'learning_rate': 0.013628918641142707, 'depth': 9, 'l2_leaf_reg': 1.5998864985589565, 'min_child_samples': 8}. Best is trial 3 with value: 2.1142063679548726.
[I 2025-03-19 16:37:07,281] Trial 32 finished with value: 2.1140439712847328 and parameters: {'learning_rate': 0.01302094012502062, 'depth': 9, 'l2_leaf_reg': 1.7622794935281414, 'min_child_samples': 8}. Best is trial 32 with value: 2.1140439712847328.
[I 2025-03-19 16:37:23,757] Trial 33 finished with value: 2.115568730126349 and parameters: {'learning_rate': 0.012515722566354257, 'depth': 7, 'l2_leaf_reg': 1.8150782353959338, 'min_child_samples': 8}. Best is trial 32 with value: 2.1140439712847328.
[I 2025-03-19 16:37:39,133] Trial 34 finished with value: 2.1173806963570185 and parameters: {'learning_rate': 0.012469987009998936, 'depth': 7, 'l2_leaf_reg': 1.8242244281894295, 'min_child_samples': 8}. Best is trial 32 with value: 2.1140439712847328.
[I 2025-03-19 16:37:54,716] Trial 35 finished with value: 2.117194797818378 and parameters: {'learning_rate': 0.012372834016742254, 'depth': 6, 'l2_leaf_reg': 1.4222084852874541, 'min_child_samples': 8}. Best is trial 32 with value: 2.1140439712847328.
[I 2025-03-19 16:38:09,356] Trial 36 finished with value: 2.1171305302958507 and parameters: {'learning_rate': 0.014503088388350675, 'depth': 7, 'l2_leaf_reg': 2.051396261617508, 'min_child_samples': 1}. Best is trial 32 with value: 2.1140439712847328.
[I 2025-03-19 16:38:26,836] Trial 37 finished with value: 2.115251560312408 and parameters: {'learning_rate': 0.015719896907617454, 'depth': 8, 'l2_leaf_reg': 2.2966477836102324, 'min_child_samples': 4}. Best is trial 32 with value: 2.1140439712847328.
[I 2025-03-19 16:38:39,085] Trial 38 finished with value: 2.1351918312264067 and parameters: {'learning_rate': 0.01625590672341593, 'depth': 11, 'l2_leaf_reg': 2.527674125701414, 'min_child_samples': 4}. Best is trial 32 with value: 2.1140439712847328.
[I 2025-03-19 16:38:48,260] Trial 39 finished with value: 2.11714079981392 and parameters: {'learning_rate': 0.017268285011665517, 'depth': 10, 'l2_leaf_reg': 2.6574859206022294, 'min_child_samples': 4}. Best is trial 32 with value: 2.1140439712847328.
[I 2025-03-19 16:38:54,536] Trial 40 finished with value: 2.112855533717444 and parameters: {'learning_rate': 0.01547139590439445, 'depth': 8, 'l2_leaf_reg': 2.3268279103737, 'min_child_samples': 4}. Best is trial 40 with value: 2.112855533717444.
[I 2025-03-19 16:39:04,572] Trial 41 finished with value: 2.1129965691026604 and parameters: {'learning_rate': 0.015631624633510015, 'depth': 8, 'l2_leaf_reg': 2.2485565525180435, 'min_child_samples': 4}. Best is trial 40 with value: 2.112855533717444.
[I 2025-03-19 16:39:11,544] Trial 42 finished with value: 2.113033913292572 and parameters: {'learning_rate': 0.015541488035080623, 'depth': 8, 'l2_leaf_reg': 2.3102531987120996, 'min_child_samples': 4}. Best is trial 40 with value: 2.112855533717444.
[I 2025-03-19 16:39:15,117] Trial 43 finished with value: 2.114880201224056 and parameters: {'learning_rate': 0.01806298045762691, 'depth': 6, 'l2_leaf_reg': 2.0515394335013712, 'min_child_samples': 4}. Best is trial 40 with value: 2.112855533717444.
[I 2025-03-19 16:39:18,003] Trial 44 finished with value: 2.11319314665203 and parameters: {'learning_rate': 0.013977695558239193, 'depth': 8, 'l2_leaf_reg': 2.3171593890399613, 'min_child_samples': 4}. Best is trial 40 with value: 2.112855533717444.
[I 2025-03-19 16:39:20,306] Trial 45 finished with value: 2.1307230276155025 and parameters: {'learning_rate': 0.014159692528600864, 'depth': 5, 'l2_leaf_reg': 2.3791885573447176, 'min_child_samples': 4}. Best is trial 40 with value: 2.112855533717444.
[I 2025-03-19 16:39:23,313] Trial 46 finished with value: 2.1120167097305185 and parameters: {'learning_rate': 0.015078582268894112, 'depth': 8, 'l2_leaf_reg': 2.641384130826879, 'min_child_samples': 4}. Best is trial 46 with value: 2.1120167097305185.
[I 2025-03-19 16:39:26,135] Trial 47 finished with value: 2.1148734909757656 and parameters: {'learning_rate': 0.014996005301543052, 'depth': 8, 'l2_leaf_reg': 2.7099382706275374, 'min_child_samples': 4}. Best is trial 46 with value: 2.1120167097305185.
[I 2025-03-19 16:39:28,575] Trial 48 finished with value: 2.119093413629169 and parameters: {'learning_rate': 0.019214929890051673, 'depth': 7, 'l2_leaf_reg': 2.9666468109200697, 'min_child_samples': 4}. Best is trial 46 with value: 2.1120167097305185.
[I 2025-03-19 16:39:30,646] Trial 49 finished with value: 2.130269037027709 and parameters: {'learning_rate': 0.016341529515260984, 'depth': 5, 'l2_leaf_reg': 2.194066668219638, 'min_child_samples': 4}. Best is trial 46 with value: 2.1120167097305185.
